<?xml version="1.0" encoding="UTF-8"?>
<testsuite xmlns:xsi="http://www.w3.org/2001/XMLSchema-instance" xsi:noNamespaceSchemaLocation="https://maven.apache.org/surefire/maven-surefire-plugin/xsd/surefire-test-report-3.0.xsd" version="3.0" name="TestRunner.Run" time="21.607" tests="1" errors="0" skipped="0" failures="0">
  <properties>
    <property name="java.specification.version" value="24"/>
    <property name="sun.cpu.isalist" value="amd64"/>
    <property name="sun.jnu.encoding" value="Cp1252"/>
    <property name="java.class.path" value="C:\Users\msaqu\eclipse-workspace\CucumberFramework\target\test-classes;C:\Users\msaqu\eclipse-workspace\CucumberFramework\target\classes;C:\Users\msaqu\.m2\repository\io\cucumber\cucumber-core\7.22.1\cucumber-core-7.22.1.jar;C:\Users\msaqu\.m2\repository\io\cucumber\cucumber-gherkin\7.22.1\cucumber-gherkin-7.22.1.jar;C:\Users\msaqu\.m2\repository\io\cucumber\cucumber-gherkin-messages\7.22.1\cucumber-gherkin-messages-7.22.1.jar;C:\Users\msaqu\.m2\repository\io\cucumber\messages\27.2.0\messages-27.2.0.jar;C:\Users\msaqu\.m2\repository\io\cucumber\testng-xml-formatter\0.3.1\testng-xml-formatter-0.3.1.jar;C:\Users\msaqu\.m2\repository\io\cucumber\query\13.2.0\query-13.2.0.jar;C:\Users\msaqu\.m2\repository\io\cucumber\tag-expressions\6.1.2\tag-expressions-6.1.2.jar;C:\Users\msaqu\.m2\repository\io\cucumber\cucumber-expressions\18.0.1\cucumber-expressions-18.0.1.jar;C:\Users\msaqu\.m2\repository\io\cucumber\datatable\7.22.1\datatable-7.22.1.jar;C:\Users\msaqu\.m2\repository\io\cucumber\docstring\7.22.1\docstring-7.22.1.jar;C:\Users\msaqu\.m2\repository\io\cucumber\html-formatter\21.10.1\html-formatter-21.10.1.jar;C:\Users\msaqu\.m2\repository\io\cucumber\junit-xml-formatter\0.7.1\junit-xml-formatter-0.7.1.jar;C:\Users\msaqu\.m2\repository\io\cucumber\ci-environment\10.0.1\ci-environment-10.0.1.jar;C:\Users\msaqu\.m2\repository\org\apiguardian\apiguardian-api\1.1.2\apiguardian-api-1.1.2.jar;C:\Users\msaqu\.m2\repository\io\cucumber\cucumber-html\0.2.7\cucumber-html-0.2.7.jar;C:\Users\msaqu\.m2\repository\io\cucumber\cucumber-java\7.22.1\cucumber-java-7.22.1.jar;C:\Users\msaqu\.m2\repository\io\cucumber\cucumber-jvm-deps\1.0.6\cucumber-jvm-deps-1.0.6.jar;C:\Users\msaqu\.m2\repository\net\masterthought\cucumber-reporting\5.8.4\cucumber-reporting-5.8.4.jar;C:\Users\msaqu\.m2\repository\com\fasterxml\jackson\core\jackson-databind\2.18.1\jackson-databind-2.18.1.jar;C:\Users\msaqu\.m2\repository\com\fasterxml\jackson\core\jackson-annotations\2.18.1\jackson-annotations-2.18.1.jar;C:\Users\msaqu\.m2\repository\com\fasterxml\jackson\core\jackson-core\2.18.1\jackson-core-2.18.1.jar;C:\Users\msaqu\.m2\repository\com\fasterxml\jackson\datatype\jackson-datatype-jsr310\2.18.1\jackson-datatype-jsr310-2.18.1.jar;C:\Users\msaqu\.m2\repository\org\apache\velocity\velocity-engine-core\2.4.1\velocity-engine-core-2.4.1.jar;C:\Users\msaqu\.m2\repository\joda-time\joda-time\2.13.0\joda-time-2.13.0.jar;C:\Users\msaqu\.m2\repository\org\apache\commons\commons-configuration2\2.11.0\commons-configuration2-2.11.0.jar;C:\Users\msaqu\.m2\repository\org\apache\commons\commons-lang3\3.17.0\commons-lang3-3.17.0.jar;C:\Users\msaqu\.m2\repository\commons-io\commons-io\2.17.0\commons-io-2.17.0.jar;C:\Users\msaqu\.m2\repository\org\apache\commons\commons-text\1.12.0\commons-text-1.12.0.jar;C:\Users\msaqu\.m2\repository\org\jsoup\jsoup\1.18.1\jsoup-1.18.1.jar;C:\Users\msaqu\.m2\repository\com\googlecode\owasp-java-html-sanitizer\owasp-java-html-sanitizer\20240325.1\owasp-java-html-sanitizer-20240325.1.jar;C:\Users\msaqu\.m2\repository\com\googlecode\owasp-java-html-sanitizer\java8-shim\20240325.1\java8-shim-20240325.1.jar;C:\Users\msaqu\.m2\repository\com\googlecode\owasp-java-html-sanitizer\java10-shim\20240325.1\java10-shim-20240325.1.jar;C:\Users\msaqu\.m2\repository\org\slf4j\slf4j-api\2.0.16\slf4j-api-2.0.16.jar;C:\Users\msaqu\.m2\repository\org\slf4j\jcl-over-slf4j\2.0.16\jcl-over-slf4j-2.0.16.jar;C:\Users\msaqu\.m2\repository\org\hamcrest\hamcrest-core\3.0\hamcrest-core-3.0.jar;C:\Users\msaqu\.m2\repository\org\hamcrest\hamcrest\3.0\hamcrest-3.0.jar;C:\Users\msaqu\.m2\repository\io\cucumber\gherkin\32.1.1\gherkin-32.1.1.jar;C:\Users\msaqu\.m2\repository\junit\junit\4.13.2\junit-4.13.2.jar;C:\Users\msaqu\.m2\repository\org\seleniumhq\selenium\selenium-java\4.32.0\selenium-java-4.32.0.jar;C:\Users\msaqu\.m2\repository\org\seleniumhq\selenium\selenium-api\4.32.0\selenium-api-4.32.0.jar;C:\Users\msaqu\.m2\repository\org\jspecify\jspecify\1.0.0\jspecify-1.0.0.jar;C:\Users\msaqu\.m2\repository\org\seleniumhq\selenium\selenium-chrome-driver\4.32.0\selenium-chrome-driver-4.32.0.jar;C:\Users\msaqu\.m2\repository\com\google\auto\service\auto-service-annotations\1.1.1\auto-service-annotations-1.1.1.jar;C:\Users\msaqu\.m2\repository\org\seleniumhq\selenium\selenium-chromium-driver\4.32.0\selenium-chromium-driver-4.32.0.jar;C:\Users\msaqu\.m2\repository\org\seleniumhq\selenium\selenium-json\4.32.0\selenium-json-4.32.0.jar;C:\Users\msaqu\.m2\repository\org\seleniumhq\selenium\selenium-manager\4.32.0\selenium-manager-4.32.0.jar;C:\Users\msaqu\.m2\repository\org\seleniumhq\selenium\selenium-devtools-v134\4.32.0\selenium-devtools-v134-4.32.0.jar;C:\Users\msaqu\.m2\repository\org\seleniumhq\selenium\selenium-devtools-v135\4.32.0\selenium-devtools-v135-4.32.0.jar;C:\Users\msaqu\.m2\repository\org\seleniumhq\selenium\selenium-devtools-v136\4.32.0\selenium-devtools-v136-4.32.0.jar;C:\Users\msaqu\.m2\repository\org\seleniumhq\selenium\selenium-edge-driver\4.32.0\selenium-edge-driver-4.32.0.jar;C:\Users\msaqu\.m2\repository\org\seleniumhq\selenium\selenium-firefox-driver\4.32.0\selenium-firefox-driver-4.32.0.jar;C:\Users\msaqu\.m2\repository\org\seleniumhq\selenium\selenium-http\4.32.0\selenium-http-4.32.0.jar;C:\Users\msaqu\.m2\repository\org\seleniumhq\selenium\selenium-ie-driver\4.32.0\selenium-ie-driver-4.32.0.jar;C:\Users\msaqu\.m2\repository\org\seleniumhq\selenium\selenium-remote-driver\4.32.0\selenium-remote-driver-4.32.0.jar;C:\Users\msaqu\.m2\repository\com\google\guava\guava\33.4.8-jre\guava-33.4.8-jre.jar;C:\Users\msaqu\.m2\repository\com\google\guava\failureaccess\1.0.3\failureaccess-1.0.3.jar;C:\Users\msaqu\.m2\repository\com\google\guava\listenablefuture\9999.0-empty-to-avoid-conflict-with-guava\listenablefuture-9999.0-empty-to-avoid-conflict-with-guava.jar;C:\Users\msaqu\.m2\repository\com\google\j2objc\j2objc-annotations\3.0.0\j2objc-annotations-3.0.0.jar;C:\Users\msaqu\.m2\repository\io\opentelemetry\opentelemetry-api\1.49.0\opentelemetry-api-1.49.0.jar;C:\Users\msaqu\.m2\repository\io\opentelemetry\opentelemetry-context\1.49.0\opentelemetry-context-1.49.0.jar;C:\Users\msaqu\.m2\repository\io\opentelemetry\opentelemetry-exporter-logging\1.49.0\opentelemetry-exporter-logging-1.49.0.jar;C:\Users\msaqu\.m2\repository\io\opentelemetry\opentelemetry-sdk-common\1.49.0\opentelemetry-sdk-common-1.49.0.jar;C:\Users\msaqu\.m2\repository\io\opentelemetry\opentelemetry-sdk-extension-autoconfigure-spi\1.49.0\opentelemetry-sdk-extension-autoconfigure-spi-1.49.0.jar;C:\Users\msaqu\.m2\repository\io\opentelemetry\opentelemetry-sdk-extension-autoconfigure\1.49.0\opentelemetry-sdk-extension-autoconfigure-1.49.0.jar;C:\Users\msaqu\.m2\repository\io\opentelemetry\opentelemetry-sdk-trace\1.49.0\opentelemetry-sdk-trace-1.49.0.jar;C:\Users\msaqu\.m2\repository\io\opentelemetry\opentelemetry-sdk\1.49.0\opentelemetry-sdk-1.49.0.jar;C:\Users\msaqu\.m2\repository\io\opentelemetry\opentelemetry-sdk-metrics\1.49.0\opentelemetry-sdk-metrics-1.49.0.jar;C:\Users\msaqu\.m2\repository\io\opentelemetry\opentelemetry-sdk-logs\1.49.0\opentelemetry-sdk-logs-1.49.0.jar;C:\Users\msaqu\.m2\repository\net\bytebuddy\byte-buddy\1.17.5\byte-buddy-1.17.5.jar;C:\Users\msaqu\.m2\repository\org\seleniumhq\selenium\selenium-os\4.32.0\selenium-os-4.32.0.jar;C:\Users\msaqu\.m2\repository\org\apache\commons\commons-exec\1.4.0\commons-exec-1.4.0.jar;C:\Users\msaqu\.m2\repository\org\seleniumhq\selenium\selenium-safari-driver\4.32.0\selenium-safari-driver-4.32.0.jar;C:\Users\msaqu\.m2\repository\org\seleniumhq\selenium\selenium-support\4.32.0\selenium-support-4.32.0.jar;C:\Users\msaqu\.m2\repository\io\cucumber\cucumber-junit\7.15.0\cucumber-junit-7.15.0.jar;C:\Users\msaqu\.m2\repository\io\cucumber\cucumber-plugin\7.15.0\cucumber-plugin-7.15.0.jar;C:\Users\msaqu\.m2\repository\io\github\bonigarcia\webdrivermanager\6.1.0\webdrivermanager-6.1.0.jar;C:\Users\msaqu\.m2\repository\com\google\code\gson\gson\2.13.0\gson-2.13.0.jar;C:\Users\msaqu\.m2\repository\com\google\errorprone\error_prone_annotations\2.37.0\error_prone_annotations-2.37.0.jar;C:\Users\msaqu\.m2\repository\com\github\docker-java\docker-java\3.5.0\docker-java-3.5.0.jar;C:\Users\msaqu\.m2\repository\com\github\docker-java\docker-java-core\3.5.0\docker-java-core-3.5.0.jar;C:\Users\msaqu\.m2\repository\com\github\docker-java\docker-java-api\3.5.0\docker-java-api-3.5.0.jar;C:\Users\msaqu\.m2\repository\com\github\docker-java\docker-java-transport-httpclient5\3.5.0\docker-java-transport-httpclient5-3.5.0.jar;C:\Users\msaqu\.m2\repository\com\github\docker-java\docker-java-transport\3.5.0\docker-java-transport-3.5.0.jar;C:\Users\msaqu\.m2\repository\net\java\dev\jna\jna\5.17.0\jna-5.17.0.jar;C:\Users\msaqu\.m2\repository\org\brotli\dec\0.1.2\dec-0.1.2.jar;C:\Users\msaqu\.m2\repository\org\apache\commons\commons-compress\1.27.1\commons-compress-1.27.1.jar;C:\Users\msaqu\.m2\repository\commons-codec\commons-codec\1.17.1\commons-codec-1.17.1.jar;C:\Users\msaqu\.m2\repository\org\apache\httpcomponents\client5\httpclient5\5.4.3\httpclient5-5.4.3.jar;C:\Users\msaqu\.m2\repository\org\apache\httpcomponents\core5\httpcore5\5.3.4\httpcore5-5.3.4.jar;C:\Users\msaqu\.m2\repository\org\apache\httpcomponents\core5\httpcore5-h2\5.3.4\httpcore5-h2-5.3.4.jar;C:\Users\msaqu\.m2\repository\net\java\dev\jna\jna-platform\5.13.0\jna-platform-5.13.0.jar;C:\Program Files\Java\jdk-24\lib\tools-1.5.0.jar;C:\Users\msaqu\.m2\repository\org\apache\logging\log4j\log4j-core\2.20.0\log4j-core-2.20.0.jar;C:\Users\msaqu\.m2\repository\org\apache\logging\log4j\log4j-api\2.20.0\log4j-api-2.20.0.jar;"/>
    <property name="java.vm.vendor" value="Oracle Corporation"/>
    <property name="sun.arch.data.model" value="64"/>
    <property name="user.variant" value=""/>
    <property name="java.vendor.url" value="https://java.oracle.com/"/>
    <property name="user.timezone" value="Asia/Calcutta"/>
    <property name="os.name" value="Windows 10"/>
    <property name="java.vm.specification.version" value="24"/>
    <property name="sun.java.launcher" value="SUN_STANDARD"/>
    <property name="user.country" value="US"/>
    <property name="sun.boot.library.path" value="C:\Program Files\Java\jdk-24\bin"/>
    <property name="sun.java.command" value="C:\Users\msaqu\AppData\Local\Temp\surefire5204149190871847862\surefirebooter-20250605002453786_3.jar C:\Users\msaqu\AppData\Local\Temp\surefire5204149190871847862 2025-06-05T00-24-53_438-jvmRun1 surefire-20250605002453786_1tmp surefire_0-20250605002453786_2tmp"/>
    <property name="jdk.debug" value="release"/>
    <property name="surefire.test.class.path" value="C:\Users\msaqu\eclipse-workspace\CucumberFramework\target\test-classes;C:\Users\msaqu\eclipse-workspace\CucumberFramework\target\classes;C:\Users\msaqu\.m2\repository\io\cucumber\cucumber-core\7.22.1\cucumber-core-7.22.1.jar;C:\Users\msaqu\.m2\repository\io\cucumber\cucumber-gherkin\7.22.1\cucumber-gherkin-7.22.1.jar;C:\Users\msaqu\.m2\repository\io\cucumber\cucumber-gherkin-messages\7.22.1\cucumber-gherkin-messages-7.22.1.jar;C:\Users\msaqu\.m2\repository\io\cucumber\messages\27.2.0\messages-27.2.0.jar;C:\Users\msaqu\.m2\repository\io\cucumber\testng-xml-formatter\0.3.1\testng-xml-formatter-0.3.1.jar;C:\Users\msaqu\.m2\repository\io\cucumber\query\13.2.0\query-13.2.0.jar;C:\Users\msaqu\.m2\repository\io\cucumber\tag-expressions\6.1.2\tag-expressions-6.1.2.jar;C:\Users\msaqu\.m2\repository\io\cucumber\cucumber-expressions\18.0.1\cucumber-expressions-18.0.1.jar;C:\Users\msaqu\.m2\repository\io\cucumber\datatable\7.22.1\datatable-7.22.1.jar;C:\Users\msaqu\.m2\repository\io\cucumber\docstring\7.22.1\docstring-7.22.1.jar;C:\Users\msaqu\.m2\repository\io\cucumber\html-formatter\21.10.1\html-formatter-21.10.1.jar;C:\Users\msaqu\.m2\repository\io\cucumber\junit-xml-formatter\0.7.1\junit-xml-formatter-0.7.1.jar;C:\Users\msaqu\.m2\repository\io\cucumber\ci-environment\10.0.1\ci-environment-10.0.1.jar;C:\Users\msaqu\.m2\repository\org\apiguardian\apiguardian-api\1.1.2\apiguardian-api-1.1.2.jar;C:\Users\msaqu\.m2\repository\io\cucumber\cucumber-html\0.2.7\cucumber-html-0.2.7.jar;C:\Users\msaqu\.m2\repository\io\cucumber\cucumber-java\7.22.1\cucumber-java-7.22.1.jar;C:\Users\msaqu\.m2\repository\io\cucumber\cucumber-jvm-deps\1.0.6\cucumber-jvm-deps-1.0.6.jar;C:\Users\msaqu\.m2\repository\net\masterthought\cucumber-reporting\5.8.4\cucumber-reporting-5.8.4.jar;C:\Users\msaqu\.m2\repository\com\fasterxml\jackson\core\jackson-databind\2.18.1\jackson-databind-2.18.1.jar;C:\Users\msaqu\.m2\repository\com\fasterxml\jackson\core\jackson-annotations\2.18.1\jackson-annotations-2.18.1.jar;C:\Users\msaqu\.m2\repository\com\fasterxml\jackson\core\jackson-core\2.18.1\jackson-core-2.18.1.jar;C:\Users\msaqu\.m2\repository\com\fasterxml\jackson\datatype\jackson-datatype-jsr310\2.18.1\jackson-datatype-jsr310-2.18.1.jar;C:\Users\msaqu\.m2\repository\org\apache\velocity\velocity-engine-core\2.4.1\velocity-engine-core-2.4.1.jar;C:\Users\msaqu\.m2\repository\joda-time\joda-time\2.13.0\joda-time-2.13.0.jar;C:\Users\msaqu\.m2\repository\org\apache\commons\commons-configuration2\2.11.0\commons-configuration2-2.11.0.jar;C:\Users\msaqu\.m2\repository\org\apache\commons\commons-lang3\3.17.0\commons-lang3-3.17.0.jar;C:\Users\msaqu\.m2\repository\commons-io\commons-io\2.17.0\commons-io-2.17.0.jar;C:\Users\msaqu\.m2\repository\org\apache\commons\commons-text\1.12.0\commons-text-1.12.0.jar;C:\Users\msaqu\.m2\repository\org\jsoup\jsoup\1.18.1\jsoup-1.18.1.jar;C:\Users\msaqu\.m2\repository\com\googlecode\owasp-java-html-sanitizer\owasp-java-html-sanitizer\20240325.1\owasp-java-html-sanitizer-20240325.1.jar;C:\Users\msaqu\.m2\repository\com\googlecode\owasp-java-html-sanitizer\java8-shim\20240325.1\java8-shim-20240325.1.jar;C:\Users\msaqu\.m2\repository\com\googlecode\owasp-java-html-sanitizer\java10-shim\20240325.1\java10-shim-20240325.1.jar;C:\Users\msaqu\.m2\repository\org\slf4j\slf4j-api\2.0.16\slf4j-api-2.0.16.jar;C:\Users\msaqu\.m2\repository\org\slf4j\jcl-over-slf4j\2.0.16\jcl-over-slf4j-2.0.16.jar;C:\Users\msaqu\.m2\repository\org\hamcrest\hamcrest-core\3.0\hamcrest-core-3.0.jar;C:\Users\msaqu\.m2\repository\org\hamcrest\hamcrest\3.0\hamcrest-3.0.jar;C:\Users\msaqu\.m2\repository\io\cucumber\gherkin\32.1.1\gherkin-32.1.1.jar;C:\Users\msaqu\.m2\repository\junit\junit\4.13.2\junit-4.13.2.jar;C:\Users\msaqu\.m2\repository\org\seleniumhq\selenium\selenium-java\4.32.0\selenium-java-4.32.0.jar;C:\Users\msaqu\.m2\repository\org\seleniumhq\selenium\selenium-api\4.32.0\selenium-api-4.32.0.jar;C:\Users\msaqu\.m2\repository\org\jspecify\jspecify\1.0.0\jspecify-1.0.0.jar;C:\Users\msaqu\.m2\repository\org\seleniumhq\selenium\selenium-chrome-driver\4.32.0\selenium-chrome-driver-4.32.0.jar;C:\Users\msaqu\.m2\repository\com\google\auto\service\auto-service-annotations\1.1.1\auto-service-annotations-1.1.1.jar;C:\Users\msaqu\.m2\repository\org\seleniumhq\selenium\selenium-chromium-driver\4.32.0\selenium-chromium-driver-4.32.0.jar;C:\Users\msaqu\.m2\repository\org\seleniumhq\selenium\selenium-json\4.32.0\selenium-json-4.32.0.jar;C:\Users\msaqu\.m2\repository\org\seleniumhq\selenium\selenium-manager\4.32.0\selenium-manager-4.32.0.jar;C:\Users\msaqu\.m2\repository\org\seleniumhq\selenium\selenium-devtools-v134\4.32.0\selenium-devtools-v134-4.32.0.jar;C:\Users\msaqu\.m2\repository\org\seleniumhq\selenium\selenium-devtools-v135\4.32.0\selenium-devtools-v135-4.32.0.jar;C:\Users\msaqu\.m2\repository\org\seleniumhq\selenium\selenium-devtools-v136\4.32.0\selenium-devtools-v136-4.32.0.jar;C:\Users\msaqu\.m2\repository\org\seleniumhq\selenium\selenium-edge-driver\4.32.0\selenium-edge-driver-4.32.0.jar;C:\Users\msaqu\.m2\repository\org\seleniumhq\selenium\selenium-firefox-driver\4.32.0\selenium-firefox-driver-4.32.0.jar;C:\Users\msaqu\.m2\repository\org\seleniumhq\selenium\selenium-http\4.32.0\selenium-http-4.32.0.jar;C:\Users\msaqu\.m2\repository\org\seleniumhq\selenium\selenium-ie-driver\4.32.0\selenium-ie-driver-4.32.0.jar;C:\Users\msaqu\.m2\repository\org\seleniumhq\selenium\selenium-remote-driver\4.32.0\selenium-remote-driver-4.32.0.jar;C:\Users\msaqu\.m2\repository\com\google\guava\guava\33.4.8-jre\guava-33.4.8-jre.jar;C:\Users\msaqu\.m2\repository\com\google\guava\failureaccess\1.0.3\failureaccess-1.0.3.jar;C:\Users\msaqu\.m2\repository\com\google\guava\listenablefuture\9999.0-empty-to-avoid-conflict-with-guava\listenablefuture-9999.0-empty-to-avoid-conflict-with-guava.jar;C:\Users\msaqu\.m2\repository\com\google\j2objc\j2objc-annotations\3.0.0\j2objc-annotations-3.0.0.jar;C:\Users\msaqu\.m2\repository\io\opentelemetry\opentelemetry-api\1.49.0\opentelemetry-api-1.49.0.jar;C:\Users\msaqu\.m2\repository\io\opentelemetry\opentelemetry-context\1.49.0\opentelemetry-context-1.49.0.jar;C:\Users\msaqu\.m2\repository\io\opentelemetry\opentelemetry-exporter-logging\1.49.0\opentelemetry-exporter-logging-1.49.0.jar;C:\Users\msaqu\.m2\repository\io\opentelemetry\opentelemetry-sdk-common\1.49.0\opentelemetry-sdk-common-1.49.0.jar;C:\Users\msaqu\.m2\repository\io\opentelemetry\opentelemetry-sdk-extension-autoconfigure-spi\1.49.0\opentelemetry-sdk-extension-autoconfigure-spi-1.49.0.jar;C:\Users\msaqu\.m2\repository\io\opentelemetry\opentelemetry-sdk-extension-autoconfigure\1.49.0\opentelemetry-sdk-extension-autoconfigure-1.49.0.jar;C:\Users\msaqu\.m2\repository\io\opentelemetry\opentelemetry-sdk-trace\1.49.0\opentelemetry-sdk-trace-1.49.0.jar;C:\Users\msaqu\.m2\repository\io\opentelemetry\opentelemetry-sdk\1.49.0\opentelemetry-sdk-1.49.0.jar;C:\Users\msaqu\.m2\repository\io\opentelemetry\opentelemetry-sdk-metrics\1.49.0\opentelemetry-sdk-metrics-1.49.0.jar;C:\Users\msaqu\.m2\repository\io\opentelemetry\opentelemetry-sdk-logs\1.49.0\opentelemetry-sdk-logs-1.49.0.jar;C:\Users\msaqu\.m2\repository\net\bytebuddy\byte-buddy\1.17.5\byte-buddy-1.17.5.jar;C:\Users\msaqu\.m2\repository\org\seleniumhq\selenium\selenium-os\4.32.0\selenium-os-4.32.0.jar;C:\Users\msaqu\.m2\repository\org\apache\commons\commons-exec\1.4.0\commons-exec-1.4.0.jar;C:\Users\msaqu\.m2\repository\org\seleniumhq\selenium\selenium-safari-driver\4.32.0\selenium-safari-driver-4.32.0.jar;C:\Users\msaqu\.m2\repository\org\seleniumhq\selenium\selenium-support\4.32.0\selenium-support-4.32.0.jar;C:\Users\msaqu\.m2\repository\io\cucumber\cucumber-junit\7.15.0\cucumber-junit-7.15.0.jar;C:\Users\msaqu\.m2\repository\io\cucumber\cucumber-plugin\7.15.0\cucumber-plugin-7.15.0.jar;C:\Users\msaqu\.m2\repository\io\github\bonigarcia\webdrivermanager\6.1.0\webdrivermanager-6.1.0.jar;C:\Users\msaqu\.m2\repository\com\google\code\gson\gson\2.13.0\gson-2.13.0.jar;C:\Users\msaqu\.m2\repository\com\google\errorprone\error_prone_annotations\2.37.0\error_prone_annotations-2.37.0.jar;C:\Users\msaqu\.m2\repository\com\github\docker-java\docker-java\3.5.0\docker-java-3.5.0.jar;C:\Users\msaqu\.m2\repository\com\github\docker-java\docker-java-core\3.5.0\docker-java-core-3.5.0.jar;C:\Users\msaqu\.m2\repository\com\github\docker-java\docker-java-api\3.5.0\docker-java-api-3.5.0.jar;C:\Users\msaqu\.m2\repository\com\github\docker-java\docker-java-transport-httpclient5\3.5.0\docker-java-transport-httpclient5-3.5.0.jar;C:\Users\msaqu\.m2\repository\com\github\docker-java\docker-java-transport\3.5.0\docker-java-transport-3.5.0.jar;C:\Users\msaqu\.m2\repository\net\java\dev\jna\jna\5.17.0\jna-5.17.0.jar;C:\Users\msaqu\.m2\repository\org\brotli\dec\0.1.2\dec-0.1.2.jar;C:\Users\msaqu\.m2\repository\org\apache\commons\commons-compress\1.27.1\commons-compress-1.27.1.jar;C:\Users\msaqu\.m2\repository\commons-codec\commons-codec\1.17.1\commons-codec-1.17.1.jar;C:\Users\msaqu\.m2\repository\org\apache\httpcomponents\client5\httpclient5\5.4.3\httpclient5-5.4.3.jar;C:\Users\msaqu\.m2\repository\org\apache\httpcomponents\core5\httpcore5\5.3.4\httpcore5-5.3.4.jar;C:\Users\msaqu\.m2\repository\org\apache\httpcomponents\core5\httpcore5-h2\5.3.4\httpcore5-h2-5.3.4.jar;C:\Users\msaqu\.m2\repository\net\java\dev\jna\jna-platform\5.13.0\jna-platform-5.13.0.jar;C:\Program Files\Java\jdk-24\lib\tools-1.5.0.jar;C:\Users\msaqu\.m2\repository\org\apache\logging\log4j\log4j-core\2.20.0\log4j-core-2.20.0.jar;C:\Users\msaqu\.m2\repository\org\apache\logging\log4j\log4j-api\2.20.0\log4j-api-2.20.0.jar;"/>
    <property name="sun.cpu.endian" value="little"/>
    <property name="user.home" value="C:\Users\msaqu"/>
    <property name="user.language" value="en"/>
    <property name="java.specification.vendor" value="Oracle Corporation"/>
    <property name="java.version.date" value="2025-04-15"/>
    <property name="java.home" value="C:\Program Files\Java\jdk-24"/>
    <property name="file.separator" value="\"/>
    <property name="basedir" value="C:\Users\msaqu\eclipse-workspace\CucumberFramework"/>
    <property name="java.vm.compressedOopsMode" value="Zero based"/>
    <property name="line.separator" value="&#10;"/>
    <property name="java.vm.specification.vendor" value="Oracle Corporation"/>
    <property name="java.specification.name" value="Java Platform API Specification"/>
    <property name="surefire.real.class.path" value="C:\Users\msaqu\AppData\Local\Temp\surefire5204149190871847862\surefirebooter-20250605002453786_3.jar"/>
    <property name="user.script" value=""/>
    <property name="sun.management.compiler" value="HotSpot 64-Bit Tiered Compilers"/>
    <property name="java.runtime.version" value="24.0.1+9-30"/>
    <property name="user.name" value="msaqu"/>
    <property name="stdout.encoding" value="Cp1252"/>
    <property name="path.separator" value=";"/>
    <property name="os.version" value="10.0"/>
    <property name="java.runtime.name" value="Java(TM) SE Runtime Environment"/>
    <property name="file.encoding" value="UTF-8"/>
    <property name="java.vm.name" value="Java HotSpot(TM) 64-Bit Server VM"/>
    <property name="localRepository" value="C:\Users\msaqu\.m2\repository"/>
    <property name="java.vendor.url.bug" value="https://bugreport.java.com/bugreport/"/>
    <property name="java.io.tmpdir" value="C:\Users\msaqu\AppData\Local\Temp\"/>
    <property name="java.version" value="24.0.1"/>
    <property name="user.dir" value="C:\Users\msaqu\eclipse-workspace\CucumberFramework"/>
    <property name="os.arch" value="amd64"/>
    <property name="java.vm.specification.name" value="Java Virtual Machine Specification"/>
    <property name="sun.os.patch.level" value=""/>
    <property name="native.encoding" value="Cp1252"/>
    <property name="java.library.path" value="C:\Program Files\Java\jdk-24\bin;C:\Windows\Sun\Java\bin;C:\Windows\system32;C:\Windows;C:\Program Files\Common Files\Oracle\Java\javapath;C:\Program Files (x86)\Common Files\Intel\Shared Libraries\redist\intel64_win\compiler;C:\Windows\system32;C:\Windows;C:\Windows\System32\Wbem;C:\Windows\System32\WindowsPowerShell\v1.0\;C:\Windows\System32\OpenSSH\;C:\Program Files\dotnet\;C:\Program Files (x86)\OptiTex 11\App;C:\Program Files\nodejs\node_modules;C:\Program Files\Git\cmd;C:\Program Files\NVIDIA Corporation\NVIDIA NvDLISR;C:\Users\msaqu\Desktop\aamir\apache-maven-3.9.9\bin;C:\Program Files\Java\jdk-24\bin;C:\Users\msaqu\AppData\Local\Programs\Python\Python312\;C:\Users\msaqu\AppData\Local\Programs\Python\Python312\Scripts;C:\Users\msaqu\AppData\Local\Microsoft\WindowsApps;C:\ffmpeg\bin;;."/>
    <property name="java.vm.info" value="mixed mode, sharing"/>
    <property name="stderr.encoding" value="Cp1252"/>
    <property name="java.vendor" value="Oracle Corporation"/>
    <property name="java.vm.version" value="24.0.1+9-30"/>
    <property name="sun.io.unicode.encoding" value="UnicodeLittle"/>
    <property name="java.class.version" value="68.0"/>
  </properties>
  <testcase name="Successful Login with valid credentials" classname="Login" time="18.669">
    <system-out><![CDATA[
@sanity
Scenario: Successful Login with valid credentials                                      # Features/LoginFeature.feature:8
setup1 sanity before method executed
[INFO ] 2025-06-05 00:25:13.806 [main] class - Setup1 executed...
[INFO ] 2025-06-05 00:25:13.861 [main] class - user launch chrome browser...
  Given User Launch chrome Browser                                                     # StepDefination.StepDef.user_launch_chrome_browser()
[INFO ] 2025-06-05 00:25:15.214 [main] class - URL is launched
  When user opens URL "https://admin-demo.nopcommerce.com/login?ReturnUrl=%2Fadmin%2F" # StepDefination.StepDef.user_opens_url(java.lang.String)
  And user enters Email as "admin@yourstore.com" and password as "admin"               # StepDefination.StepDef.user_enters_email_as_and_password_as(java.lang.String,java.lang.String)
  And click on Login                                                                   # StepDefination.StepDef.click_on_login()
  Then page Title should be "Dashboard / nopCommerce administration"                   # StepDefination.StepDef.page_title_should_be(java.lang.String)
  When User clicks on log out link                                                     # StepDefination.StepDef.user_clicks_on_log_out_link()
  Then page Title should be "Your Store. Login"                                        # StepDefination.StepDef.page_title_should_be(java.lang.String)
  And close browser                                                                    # StepDefination.StepDef.close_browser()
tear down method executed
]]></system-out>
    <system-err><![CDATA[java.lang.instrument.IllegalClassFormatException: Error while instrumenting javax/lang/model/SourceVersion with JaCoCo 0.8.11.202310140853/f33756c.
	at org.jacoco.agent.rt.internal_4742761.CoverageTransformer.transform(CoverageTransformer.java:94)
	at java.instrument/java.lang.instrument.ClassFileTransformer.transform(ClassFileTransformer.java:257)
	at java.instrument/sun.instrument.TransformerManager.transform(TransformerManager.java:188)
	at java.instrument/sun.instrument.InstrumentationImpl.transform(InstrumentationImpl.java:594)
	at java.base/java.lang.ClassLoader.defineClass2(Native Method)
	at java.base/java.lang.ClassLoader.defineClass(ClassLoader.java:1052)
	at java.base/java.security.SecureClassLoader.defineClass(SecureClassLoader.java:164)
	at java.base/jdk.internal.loader.BuiltinClassLoader.defineClass(BuiltinClassLoader.java:735)
	at java.base/jdk.internal.loader.BuiltinClassLoader.findClassInModuleOrNull(BuiltinClassLoader.java:678)
	at java.base/jdk.internal.loader.BuiltinClassLoader.loadClassOrNull(BuiltinClassLoader.java:604)
	at java.base/jdk.internal.loader.BuiltinClassLoader.loadClassOrNull(BuiltinClassLoader.java:639)
	at java.base/jdk.internal.loader.BuiltinClassLoader.loadClassOrNull(BuiltinClassLoader.java:608)
	at java.base/jdk.internal.loader.BuiltinClassLoader.loadClass(BuiltinClassLoader.java:578)
	at java.base/java.lang.ClassLoader.loadClass(ClassLoader.java:490)
	at io.cucumber.core.resource.ClasspathSupport.requireValidPackageName(ClasspathSupport.java:41)
	at io.cucumber.core.resource.ClasspathScanner.scanForClassesInPackage(ClasspathScanner.java:49)
	at io.cucumber.core.resource.ClasspathScanner.scanForClassesInPackage(ClasspathScanner.java:115)
	at java.base/java.util.stream.ReferencePipeline$3$1.accept(ReferencePipeline.java:215)
	at java.base/java.util.stream.ReferencePipeline$3$1.accept(ReferencePipeline.java:215)
	at java.base/java.util.stream.ReferencePipeline$2$1.accept(ReferencePipeline.java:197)
	at java.base/java.util.ArrayList$ArrayListSpliterator.forEachRemaining(ArrayList.java:1716)
	at java.base/java.util.stream.AbstractPipeline.copyInto(AbstractPipeline.java:570)
	at java.base/java.util.stream.AbstractPipeline.wrapAndCopyInto(AbstractPipeline.java:560)
	at java.base/java.util.stream.ForEachOps$ForEachOp.evaluateSequential(ForEachOps.java:153)
	at java.base/java.util.stream.ForEachOps$ForEachOp$OfRef.evaluateSequential(ForEachOps.java:176)
	at java.base/java.util.stream.AbstractPipeline.evaluate(AbstractPipeline.java:265)
	at java.base/java.util.stream.ReferencePipeline.forEach(ReferencePipeline.java:636)
	at io.cucumber.java.JavaBackend.loadGlue(JavaBackend.java:41)
	at io.cucumber.core.runner.Runner.<init>(Runner.java:59)
	at io.cucumber.core.runtime.ThreadLocalRunnerSupplier.createRunner(ThreadLocalRunnerSupplier.java:47)
	at java.base/java.lang.ThreadLocal$SuppliedThreadLocal.initialValue(ThreadLocal.java:356)
	at java.base/java.lang.ThreadLocal.setInitialValue(ThreadLocal.java:224)
	at java.base/java.lang.ThreadLocal.get(ThreadLocal.java:193)
	at java.base/java.lang.ThreadLocal.get(ThreadLocal.java:171)
	at io.cucumber.core.runtime.ThreadLocalRunnerSupplier.get(ThreadLocalRunnerSupplier.java:40)
	at io.cucumber.core.runtime.RethrowingThrowableCollector.executeAndThrow(RethrowingThrowableCollector.java:35)
	at io.cucumber.core.runtime.CucumberExecutionContext.getRunner(CucumberExecutionContext.java:140)
	at io.cucumber.core.runtime.CucumberExecutionContext.runBeforeAllHooks(CucumberExecutionContext.java:92)
	at io.cucumber.core.runtime.CucumberExecutionContext.lambda$runFeatures$6(CucumberExecutionContext.java:146)
	at io.cucumber.core.runtime.CucumberExecutionContext.execute(CucumberExecutionContext.java:162)
	at io.cucumber.core.runtime.CucumberExecutionContext.runFeatures(CucumberExecutionContext.java:145)
	at io.cucumber.junit.Cucumber$StartAndFinishTestRun.evaluate(Cucumber.java:226)
	at org.junit.runners.ParentRunner$3.evaluate(ParentRunner.java:306)
	at org.junit.runners.ParentRunner.run(ParentRunner.java:413)
	at org.apache.maven.surefire.junit4.JUnit4Provider.execute(JUnit4Provider.java:316)
	at org.apache.maven.surefire.junit4.JUnit4Provider.executeWithRerun(JUnit4Provider.java:240)
	at org.apache.maven.surefire.junit4.JUnit4Provider.executeTestSet(JUnit4Provider.java:214)
	at org.apache.maven.surefire.junit4.JUnit4Provider.invoke(JUnit4Provider.java:155)
	at org.apache.maven.surefire.booter.ForkedBooter.runSuitesInProcess(ForkedBooter.java:385)
	at org.apache.maven.surefire.booter.ForkedBooter.execute(ForkedBooter.java:162)
	at org.apache.maven.surefire.booter.ForkedBooter.run(ForkedBooter.java:507)
	at org.apache.maven.surefire.booter.ForkedBooter.main(ForkedBooter.java:495)
Caused by: java.io.IOException: Error while instrumenting javax/lang/model/SourceVersion with JaCoCo 0.8.11.202310140853/f33756c.
	at org.jacoco.agent.rt.internal_4742761.core.instr.Instrumenter.instrumentError(Instrumenter.java:161)
	at org.jacoco.agent.rt.internal_4742761.core.instr.Instrumenter.instrument(Instrumenter.java:111)
	at org.jacoco.agent.rt.internal_4742761.CoverageTransformer.transform(CoverageTransformer.java:92)
	... 51 more
Caused by: java.lang.IllegalArgumentException: Unsupported class file major version 68
	at org.jacoco.agent.rt.internal_4742761.asm.ClassReader.<init>(ClassReader.java:200)
	at org.jacoco.agent.rt.internal_4742761.asm.ClassReader.<init>(ClassReader.java:180)
	at org.jacoco.agent.rt.internal_4742761.asm.ClassReader.<init>(ClassReader.java:166)
	at org.jacoco.agent.rt.internal_4742761.core.internal.instr.InstrSupport.classReaderFor(InstrSupport.java:280)
	at org.jacoco.agent.rt.internal_4742761.core.instr.Instrumenter.instrument(Instrumenter.java:77)
	at org.jacoco.agent.rt.internal_4742761.core.instr.Instrumenter.instrument(Instrumenter.java:109)
	... 52 more
java.lang.instrument.IllegalClassFormatException: Error while instrumenting java/sql/Time with JaCoCo 0.8.11.202310140853/f33756c.
	at org.jacoco.agent.rt.internal_4742761.CoverageTransformer.transform(CoverageTransformer.java:94)
	at java.instrument/java.lang.instrument.ClassFileTransformer.transform(ClassFileTransformer.java:257)
	at java.instrument/sun.instrument.TransformerManager.transform(TransformerManager.java:188)
	at java.instrument/sun.instrument.InstrumentationImpl.transform(InstrumentationImpl.java:594)
	at java.base/java.lang.ClassLoader.defineClass2(Native Method)
	at java.base/java.lang.ClassLoader.defineClass(ClassLoader.java:1052)
	at java.base/java.security.SecureClassLoader.defineClass(SecureClassLoader.java:164)
	at java.base/jdk.internal.loader.BuiltinClassLoader.defineClass(BuiltinClassLoader.java:735)
	at java.base/jdk.internal.loader.BuiltinClassLoader.findClassInModuleOrNull(BuiltinClassLoader.java:678)
	at java.base/jdk.internal.loader.BuiltinClassLoader.loadClassOrNull(BuiltinClassLoader.java:604)
	at java.base/jdk.internal.loader.BuiltinClassLoader.loadClassOrNull(BuiltinClassLoader.java:639)
	at java.base/jdk.internal.loader.BuiltinClassLoader.loadClassOrNull(BuiltinClassLoader.java:608)
	at java.base/jdk.internal.loader.BuiltinClassLoader.loadClass(BuiltinClassLoader.java:578)
	at java.base/java.lang.ClassLoader.loadClass(ClassLoader.java:490)
	at java.base/java.lang.Class.forName0(Native Method)
	at java.base/java.lang.Class.forName(Class.java:463)
	at java.base/java.lang.Class.forName(Class.java:454)
	at org.apache.logging.log4j.util.StringBuilders.<clinit>(StringBuilders.java:33)
	at org.apache.logging.log4j.core.config.plugins.visitors.PluginAttributeVisitor.visit(PluginAttributeVisitor.java:46)
	at org.apache.logging.log4j.core.config.plugins.util.PluginBuilder.generateParameters(PluginBuilder.java:286)
	at org.apache.logging.log4j.core.config.plugins.util.PluginBuilder.build(PluginBuilder.java:137)
	at org.apache.logging.log4j.core.config.AbstractConfiguration.createPluginObject(AbstractConfiguration.java:1138)
	at org.apache.logging.log4j.core.config.AbstractConfiguration.createConfiguration(AbstractConfiguration.java:1063)
	at org.apache.logging.log4j.core.config.AbstractConfiguration.createConfiguration(AbstractConfiguration.java:1055)
	at org.apache.logging.log4j.core.config.AbstractConfiguration.createConfiguration(AbstractConfiguration.java:1055)
	at org.apache.logging.log4j.core.config.AbstractConfiguration.doConfigure(AbstractConfiguration.java:664)
	at org.apache.logging.log4j.core.config.AbstractConfiguration.initialize(AbstractConfiguration.java:258)
	at org.apache.logging.log4j.core.config.AbstractConfiguration.start(AbstractConfiguration.java:304)
	at org.apache.logging.log4j.core.LoggerContext.setConfiguration(LoggerContext.java:621)
	at org.apache.logging.log4j.core.LoggerContext.reconfigure(LoggerContext.java:694)
	at org.apache.logging.log4j.core.LoggerContext.reconfigure(LoggerContext.java:711)
	at org.apache.logging.log4j.core.LoggerContext.start(LoggerContext.java:253)
	at org.apache.logging.log4j.core.impl.Log4jContextFactory.getContext(Log4jContextFactory.java:245)
	at org.apache.logging.log4j.core.impl.Log4jContextFactory.getContext(Log4jContextFactory.java:47)
	at org.apache.logging.log4j.LogManager.getContext(LogManager.java:176)
	at org.apache.logging.log4j.LogManager.getLogger(LogManager.java:666)
	at StepDefination.StepDef.setup1(StepDef.java:37)
	at java.base/jdk.internal.reflect.DirectMethodHandleAccessor.invoke(DirectMethodHandleAccessor.java:104)
	at java.base/java.lang.reflect.Method.invoke(Method.java:565)
	at io.cucumber.java.Invoker.doInvoke(Invoker.java:66)
	at io.cucumber.java.Invoker.invoke(Invoker.java:24)
	at io.cucumber.java.AbstractGlueDefinition.invokeMethod(AbstractGlueDefinition.java:47)
	at io.cucumber.java.JavaHookDefinition.execute(JavaHookDefinition.java:68)
	at io.cucumber.core.runner.CoreHookDefinition.execute(CoreHookDefinition.java:47)
	at io.cucumber.core.runner.HookDefinitionMatch.runStep(HookDefinitionMatch.java:21)
	at io.cucumber.core.runner.ExecutionMode$1.execute(ExecutionMode.java:10)
	at io.cucumber.core.runner.TestStep.executeStep(TestStep.java:81)
	at io.cucumber.core.runner.TestStep.run(TestStep.java:53)
	at io.cucumber.core.runner.TestCase.run(TestCase.java:80)
	at io.cucumber.core.runner.Runner.runPickle(Runner.java:77)
	at io.cucumber.junit.PickleRunners$NoStepDescriptions.lambda$run$0(PickleRunners.java:151)
	at io.cucumber.core.runtime.CucumberExecutionContext.lambda$runTestCase$5(CucumberExecutionContext.java:136)
	at io.cucumber.core.runtime.RethrowingThrowableCollector.executeAndThrow(RethrowingThrowableCollector.java:23)
	at io.cucumber.core.runtime.CucumberExecutionContext.runTestCase(CucumberExecutionContext.java:136)
	at io.cucumber.junit.PickleRunners$NoStepDescriptions.run(PickleRunners.java:148)
	at io.cucumber.junit.FeatureRunner.runChild(FeatureRunner.java:144)
	at io.cucumber.junit.FeatureRunner.runChild(FeatureRunner.java:28)
	at org.junit.runners.ParentRunner$4.run(ParentRunner.java:331)
	at org.junit.runners.ParentRunner$1.schedule(ParentRunner.java:79)
	at org.junit.runners.ParentRunner.runChildren(ParentRunner.java:329)
	at org.junit.runners.ParentRunner.access$100(ParentRunner.java:66)
	at org.junit.runners.ParentRunner$2.evaluate(ParentRunner.java:293)
	at org.junit.runners.ParentRunner$3.evaluate(ParentRunner.java:306)
	at org.junit.runners.ParentRunner.run(ParentRunner.java:413)
	at io.cucumber.junit.FeatureRunner.run(FeatureRunner.java:137)
	at io.cucumber.junit.Cucumber.runChild(Cucumber.java:196)
	at io.cucumber.junit.Cucumber.runChild(Cucumber.java:89)
	at org.junit.runners.ParentRunner$4.run(ParentRunner.java:331)
	at org.junit.runners.ParentRunner$1.schedule(ParentRunner.java:79)
	at org.junit.runners.ParentRunner.runChildren(ParentRunner.java:329)
	at org.junit.runners.ParentRunner.access$100(ParentRunner.java:66)
	at org.junit.runners.ParentRunner$2.evaluate(ParentRunner.java:293)
	at io.cucumber.core.runtime.CucumberExecutionContext.lambda$runFeatures$6(CucumberExecutionContext.java:147)
	at io.cucumber.core.runtime.CucumberExecutionContext.execute(CucumberExecutionContext.java:162)
	at io.cucumber.core.runtime.CucumberExecutionContext.runFeatures(CucumberExecutionContext.java:145)
	at io.cucumber.junit.Cucumber$StartAndFinishTestRun.evaluate(Cucumber.java:226)
	at org.junit.runners.ParentRunner$3.evaluate(ParentRunner.java:306)
	at org.junit.runners.ParentRunner.run(ParentRunner.java:413)
	at org.apache.maven.surefire.junit4.JUnit4Provider.execute(JUnit4Provider.java:316)
	at org.apache.maven.surefire.junit4.JUnit4Provider.executeWithRerun(JUnit4Provider.java:240)
	at org.apache.maven.surefire.junit4.JUnit4Provider.executeTestSet(JUnit4Provider.java:214)
	at org.apache.maven.surefire.junit4.JUnit4Provider.invoke(JUnit4Provider.java:155)
	at org.apache.maven.surefire.booter.ForkedBooter.runSuitesInProcess(ForkedBooter.java:385)
	at org.apache.maven.surefire.booter.ForkedBooter.execute(ForkedBooter.java:162)
	at org.apache.maven.surefire.booter.ForkedBooter.run(ForkedBooter.java:507)
	at org.apache.maven.surefire.booter.ForkedBooter.main(ForkedBooter.java:495)
Caused by: java.io.IOException: Error while instrumenting java/sql/Time with JaCoCo 0.8.11.202310140853/f33756c.
	at org.jacoco.agent.rt.internal_4742761.core.instr.Instrumenter.instrumentError(Instrumenter.java:161)
	at org.jacoco.agent.rt.internal_4742761.core.instr.Instrumenter.instrument(Instrumenter.java:111)
	at org.jacoco.agent.rt.internal_4742761.CoverageTransformer.transform(CoverageTransformer.java:92)
	... 85 more
Caused by: java.lang.IllegalArgumentException: Unsupported class file major version 68
	at org.jacoco.agent.rt.internal_4742761.asm.ClassReader.<init>(ClassReader.java:200)
	at org.jacoco.agent.rt.internal_4742761.asm.ClassReader.<init>(ClassReader.java:180)
	at org.jacoco.agent.rt.internal_4742761.asm.ClassReader.<init>(ClassReader.java:166)
	at org.jacoco.agent.rt.internal_4742761.core.internal.instr.InstrSupport.classReaderFor(InstrSupport.java:280)
	at org.jacoco.agent.rt.internal_4742761.core.instr.Instrumenter.instrument(Instrumenter.java:77)
	at org.jacoco.agent.rt.internal_4742761.core.instr.Instrumenter.instrument(Instrumenter.java:109)
	... 86 more
SLF4J(W): No SLF4J providers were found.
SLF4J(W): Defaulting to no-operation (NOP) logger implementation
SLF4J(W): See https://www.slf4j.org/codes.html#noProviders for further details.
java.lang.instrument.IllegalClassFormatException: Error while instrumenting jdk/nio/zipfs/ZipFileSystemProvider with JaCoCo 0.8.11.202310140853/f33756c.
	at org.jacoco.agent.rt.internal_4742761.CoverageTransformer.transform(CoverageTransformer.java:94)
	at java.instrument/java.lang.instrument.ClassFileTransformer.transform(ClassFileTransformer.java:257)
	at java.instrument/sun.instrument.TransformerManager.transform(TransformerManager.java:188)
	at java.instrument/sun.instrument.InstrumentationImpl.transform(InstrumentationImpl.java:594)
	at java.base/java.lang.ClassLoader.defineClass2(Native Method)
	at java.base/java.lang.ClassLoader.defineClass(ClassLoader.java:1052)
	at java.base/java.security.SecureClassLoader.defineClass(SecureClassLoader.java:164)
	at java.base/jdk.internal.loader.BuiltinClassLoader.defineClass(BuiltinClassLoader.java:735)
	at java.base/jdk.internal.loader.BuiltinClassLoader.findClassInModuleOrNull(BuiltinClassLoader.java:678)
	at java.base/jdk.internal.loader.BuiltinClassLoader.findClass(BuiltinClassLoader.java:560)
	at java.base/java.lang.ClassLoader.loadClass(ClassLoader.java:602)
	at java.base/java.lang.Class.forName(Class.java:595)
	at java.base/java.util.ServiceLoader.loadProvider(ServiceLoader.java:755)
	at java.base/java.util.ServiceLoader$ModuleServicesLookupIterator.hasNext(ServiceLoader.java:955)
	at java.base/java.util.ServiceLoader$1.hasNext(ServiceLoader.java:1164)
	at java.base/java.util.ServiceLoader$2.hasNext(ServiceLoader.java:1246)
	at java.base/java.nio.file.spi.FileSystemProvider.loadInstalledProviders(FileSystemProvider.java:139)
	at java.base/java.nio.file.spi.FileSystemProvider.installedProviders(FileSystemProvider.java:185)
	at java.base/java.nio.file.Path.of(Path.java:204)
	at java.base/java.nio.file.Paths.get(Paths.java:95)
	at io.github.bonigarcia.wdm.versions.VersionDetector.getWdmVersion(VersionDetector.java:501)
	at io.github.bonigarcia.wdm.WebDriverManager.<init>(WebDriverManager.java:227)
	at io.github.bonigarcia.wdm.managers.ChromeDriverManager.<init>(ChromeDriverManager.java:57)
	at io.github.bonigarcia.wdm.WebDriverManager.chromedriver(WebDriverManager.java:240)
	at StepDefination.StepDef.setup1(StepDef.java:48)
	at java.base/jdk.internal.reflect.DirectMethodHandleAccessor.invoke(DirectMethodHandleAccessor.java:104)
	at java.base/java.lang.reflect.Method.invoke(Method.java:565)
	at io.cucumber.java.Invoker.doInvoke(Invoker.java:66)
	at io.cucumber.java.Invoker.invoke(Invoker.java:24)
	at io.cucumber.java.AbstractGlueDefinition.invokeMethod(AbstractGlueDefinition.java:47)
	at io.cucumber.java.JavaHookDefinition.execute(JavaHookDefinition.java:68)
	at io.cucumber.core.runner.CoreHookDefinition.execute(CoreHookDefinition.java:47)
	at io.cucumber.core.runner.HookDefinitionMatch.runStep(HookDefinitionMatch.java:21)
	at io.cucumber.core.runner.ExecutionMode$1.execute(ExecutionMode.java:10)
	at io.cucumber.core.runner.TestStep.executeStep(TestStep.java:81)
	at io.cucumber.core.runner.TestStep.run(TestStep.java:53)
	at io.cucumber.core.runner.TestCase.run(TestCase.java:80)
	at io.cucumber.core.runner.Runner.runPickle(Runner.java:77)
	at io.cucumber.junit.PickleRunners$NoStepDescriptions.lambda$run$0(PickleRunners.java:151)
	at io.cucumber.core.runtime.CucumberExecutionContext.lambda$runTestCase$5(CucumberExecutionContext.java:136)
	at io.cucumber.core.runtime.RethrowingThrowableCollector.executeAndThrow(RethrowingThrowableCollector.java:23)
	at io.cucumber.core.runtime.CucumberExecutionContext.runTestCase(CucumberExecutionContext.java:136)
	at io.cucumber.junit.PickleRunners$NoStepDescriptions.run(PickleRunners.java:148)
	at io.cucumber.junit.FeatureRunner.runChild(FeatureRunner.java:144)
	at io.cucumber.junit.FeatureRunner.runChild(FeatureRunner.java:28)
	at org.junit.runners.ParentRunner$4.run(ParentRunner.java:331)
	at org.junit.runners.ParentRunner$1.schedule(ParentRunner.java:79)
	at org.junit.runners.ParentRunner.runChildren(ParentRunner.java:329)
	at org.junit.runners.ParentRunner.access$100(ParentRunner.java:66)
	at org.junit.runners.ParentRunner$2.evaluate(ParentRunner.java:293)
	at org.junit.runners.ParentRunner$3.evaluate(ParentRunner.java:306)
	at org.junit.runners.ParentRunner.run(ParentRunner.java:413)
	at io.cucumber.junit.FeatureRunner.run(FeatureRunner.java:137)
	at io.cucumber.junit.Cucumber.runChild(Cucumber.java:196)
	at io.cucumber.junit.Cucumber.runChild(Cucumber.java:89)
	at org.junit.runners.ParentRunner$4.run(ParentRunner.java:331)
	at org.junit.runners.ParentRunner$1.schedule(ParentRunner.java:79)
	at org.junit.runners.ParentRunner.runChildren(ParentRunner.java:329)
	at org.junit.runners.ParentRunner.access$100(ParentRunner.java:66)
	at org.junit.runners.ParentRunner$2.evaluate(ParentRunner.java:293)
	at io.cucumber.core.runtime.CucumberExecutionContext.lambda$runFeatures$6(CucumberExecutionContext.java:147)
	at io.cucumber.core.runtime.CucumberExecutionContext.execute(CucumberExecutionContext.java:162)
	at io.cucumber.core.runtime.CucumberExecutionContext.runFeatures(CucumberExecutionContext.java:145)
	at io.cucumber.junit.Cucumber$StartAndFinishTestRun.evaluate(Cucumber.java:226)
	at org.junit.runners.ParentRunner$3.evaluate(ParentRunner.java:306)
	at org.junit.runners.ParentRunner.run(ParentRunner.java:413)
	at org.apache.maven.surefire.junit4.JUnit4Provider.execute(JUnit4Provider.java:316)
	at org.apache.maven.surefire.junit4.JUnit4Provider.executeWithRerun(JUnit4Provider.java:240)
	at org.apache.maven.surefire.junit4.JUnit4Provider.executeTestSet(JUnit4Provider.java:214)
	at org.apache.maven.surefire.junit4.JUnit4Provider.invoke(JUnit4Provider.java:155)
	at org.apache.maven.surefire.booter.ForkedBooter.runSuitesInProcess(ForkedBooter.java:385)
	at org.apache.maven.surefire.booter.ForkedBooter.execute(ForkedBooter.java:162)
	at org.apache.maven.surefire.booter.ForkedBooter.run(ForkedBooter.java:507)
	at org.apache.maven.surefire.booter.ForkedBooter.main(ForkedBooter.java:495)
Caused by: java.io.IOException: Error while instrumenting jdk/nio/zipfs/ZipFileSystemProvider with JaCoCo 0.8.11.202310140853/f33756c.
	at org.jacoco.agent.rt.internal_4742761.core.instr.Instrumenter.instrumentError(Instrumenter.java:161)
	at org.jacoco.agent.rt.internal_4742761.core.instr.Instrumenter.instrument(Instrumenter.java:111)
	at org.jacoco.agent.rt.internal_4742761.CoverageTransformer.transform(CoverageTransformer.java:92)
	... 73 more
Caused by: java.lang.IllegalArgumentException: Unsupported class file major version 68
	at org.jacoco.agent.rt.internal_4742761.asm.ClassReader.<init>(ClassReader.java:200)
	at org.jacoco.agent.rt.internal_4742761.asm.ClassReader.<init>(ClassReader.java:180)
	at org.jacoco.agent.rt.internal_4742761.asm.ClassReader.<init>(ClassReader.java:166)
	at org.jacoco.agent.rt.internal_4742761.core.internal.instr.InstrSupport.classReaderFor(InstrSupport.java:280)
	at org.jacoco.agent.rt.internal_4742761.core.instr.Instrumenter.instrument(Instrumenter.java:77)
	at org.jacoco.agent.rt.internal_4742761.core.instr.Instrumenter.instrument(Instrumenter.java:109)
	... 74 more
java.lang.instrument.IllegalClassFormatException: Error while instrumenting jdk/nio/zipfs/ZipFileSystem with JaCoCo 0.8.11.202310140853/f33756c.
	at org.jacoco.agent.rt.internal_4742761.CoverageTransformer.transform(CoverageTransformer.java:94)
	at java.instrument/java.lang.instrument.ClassFileTransformer.transform(ClassFileTransformer.java:257)
	at java.instrument/sun.instrument.TransformerManager.transform(TransformerManager.java:188)
	at java.instrument/sun.instrument.InstrumentationImpl.transform(InstrumentationImpl.java:594)
	at java.base/java.lang.ClassLoader.defineClass2(Native Method)
	at java.base/java.lang.ClassLoader.defineClass(ClassLoader.java:1052)
	at java.base/java.security.SecureClassLoader.defineClass(SecureClassLoader.java:164)
	at java.base/jdk.internal.loader.BuiltinClassLoader.defineClass(BuiltinClassLoader.java:735)
	at java.base/jdk.internal.loader.BuiltinClassLoader.findClassInModuleOrNull(BuiltinClassLoader.java:678)
	at java.base/jdk.internal.loader.BuiltinClassLoader.loadClassOrNull(BuiltinClassLoader.java:604)
	at java.base/jdk.internal.loader.BuiltinClassLoader.loadClass(BuiltinClassLoader.java:578)
	at java.base/java.lang.ClassLoader.loadClass(ClassLoader.java:490)
	at java.base/java.lang.Class.getDeclaredMethods0(Native Method)
	at java.base/java.lang.Class.privateGetDeclaredMethods(Class.java:3035)
	at java.base/java.lang.Class.getDeclaredPublicMethods(Class.java:2440)
	at java.base/java.lang.System$1.getDeclaredPublicMethods(System.java:1977)
	at java.base/java.util.ServiceLoader.findStaticProviderMethod(ServiceLoader.java:586)
	at java.base/java.util.ServiceLoader.loadProvider(ServiceLoader.java:770)
	at java.base/java.util.ServiceLoader$ModuleServicesLookupIterator.hasNext(ServiceLoader.java:955)
	at java.base/java.util.ServiceLoader$1.hasNext(ServiceLoader.java:1164)
	at java.base/java.util.ServiceLoader$2.hasNext(ServiceLoader.java:1246)
	at java.base/java.nio.file.spi.FileSystemProvider.loadInstalledProviders(FileSystemProvider.java:139)
	at java.base/java.nio.file.spi.FileSystemProvider.installedProviders(FileSystemProvider.java:185)
	at java.base/java.nio.file.Path.of(Path.java:204)
	at java.base/java.nio.file.Paths.get(Paths.java:95)
	at io.github.bonigarcia.wdm.versions.VersionDetector.getWdmVersion(VersionDetector.java:501)
	at io.github.bonigarcia.wdm.WebDriverManager.<init>(WebDriverManager.java:227)
	at io.github.bonigarcia.wdm.managers.ChromeDriverManager.<init>(ChromeDriverManager.java:57)
	at io.github.bonigarcia.wdm.WebDriverManager.chromedriver(WebDriverManager.java:240)
	at StepDefination.StepDef.setup1(StepDef.java:48)
	at java.base/jdk.internal.reflect.DirectMethodHandleAccessor.invoke(DirectMethodHandleAccessor.java:104)
	at java.base/java.lang.reflect.Method.invoke(Method.java:565)
	at io.cucumber.java.Invoker.doInvoke(Invoker.java:66)
	at io.cucumber.java.Invoker.invoke(Invoker.java:24)
	at io.cucumber.java.AbstractGlueDefinition.invokeMethod(AbstractGlueDefinition.java:47)
	at io.cucumber.java.JavaHookDefinition.execute(JavaHookDefinition.java:68)
	at io.cucumber.core.runner.CoreHookDefinition.execute(CoreHookDefinition.java:47)
	at io.cucumber.core.runner.HookDefinitionMatch.runStep(HookDefinitionMatch.java:21)
	at io.cucumber.core.runner.ExecutionMode$1.execute(ExecutionMode.java:10)
	at io.cucumber.core.runner.TestStep.executeStep(TestStep.java:81)
	at io.cucumber.core.runner.TestStep.run(TestStep.java:53)
	at io.cucumber.core.runner.TestCase.run(TestCase.java:80)
	at io.cucumber.core.runner.Runner.runPickle(Runner.java:77)
	at io.cucumber.junit.PickleRunners$NoStepDescriptions.lambda$run$0(PickleRunners.java:151)
	at io.cucumber.core.runtime.CucumberExecutionContext.lambda$runTestCase$5(CucumberExecutionContext.java:136)
	at io.cucumber.core.runtime.RethrowingThrowableCollector.executeAndThrow(RethrowingThrowableCollector.java:23)
	at io.cucumber.core.runtime.CucumberExecutionContext.runTestCase(CucumberExecutionContext.java:136)
	at io.cucumber.junit.PickleRunners$NoStepDescriptions.run(PickleRunners.java:148)
	at io.cucumber.junit.FeatureRunner.runChild(FeatureRunner.java:144)
	at io.cucumber.junit.FeatureRunner.runChild(FeatureRunner.java:28)
	at org.junit.runners.ParentRunner$4.run(ParentRunner.java:331)
	at org.junit.runners.ParentRunner$1.schedule(ParentRunner.java:79)
	at org.junit.runners.ParentRunner.runChildren(ParentRunner.java:329)
	at org.junit.runners.ParentRunner.access$100(ParentRunner.java:66)
	at org.junit.runners.ParentRunner$2.evaluate(ParentRunner.java:293)
	at org.junit.runners.ParentRunner$3.evaluate(ParentRunner.java:306)
	at org.junit.runners.ParentRunner.run(ParentRunner.java:413)
	at io.cucumber.junit.FeatureRunner.run(FeatureRunner.java:137)
	at io.cucumber.junit.Cucumber.runChild(Cucumber.java:196)
	at io.cucumber.junit.Cucumber.runChild(Cucumber.java:89)
	at org.junit.runners.ParentRunner$4.run(ParentRunner.java:331)
	at org.junit.runners.ParentRunner$1.schedule(ParentRunner.java:79)
	at org.junit.runners.ParentRunner.runChildren(ParentRunner.java:329)
	at org.junit.runners.ParentRunner.access$100(ParentRunner.java:66)
	at org.junit.runners.ParentRunner$2.evaluate(ParentRunner.java:293)
	at io.cucumber.core.runtime.CucumberExecutionContext.lambda$runFeatures$6(CucumberExecutionContext.java:147)
	at io.cucumber.core.runtime.CucumberExecutionContext.execute(CucumberExecutionContext.java:162)
	at io.cucumber.core.runtime.CucumberExecutionContext.runFeatures(CucumberExecutionContext.java:145)
	at io.cucumber.junit.Cucumber$StartAndFinishTestRun.evaluate(Cucumber.java:226)
	at org.junit.runners.ParentRunner$3.evaluate(ParentRunner.java:306)
	at org.junit.runners.ParentRunner.run(ParentRunner.java:413)
	at org.apache.maven.surefire.junit4.JUnit4Provider.execute(JUnit4Provider.java:316)
	at org.apache.maven.surefire.junit4.JUnit4Provider.executeWithRerun(JUnit4Provider.java:240)
	at org.apache.maven.surefire.junit4.JUnit4Provider.executeTestSet(JUnit4Provider.java:214)
	at org.apache.maven.surefire.junit4.JUnit4Provider.invoke(JUnit4Provider.java:155)
	at org.apache.maven.surefire.booter.ForkedBooter.runSuitesInProcess(ForkedBooter.java:385)
	at org.apache.maven.surefire.booter.ForkedBooter.execute(ForkedBooter.java:162)
	at org.apache.maven.surefire.booter.ForkedBooter.run(ForkedBooter.java:507)
	at org.apache.maven.surefire.booter.ForkedBooter.main(ForkedBooter.java:495)
Caused by: java.io.IOException: Error while instrumenting jdk/nio/zipfs/ZipFileSystem with JaCoCo 0.8.11.202310140853/f33756c.
	at org.jacoco.agent.rt.internal_4742761.core.instr.Instrumenter.instrumentError(Instrumenter.java:161)
	at org.jacoco.agent.rt.internal_4742761.core.instr.Instrumenter.instrument(Instrumenter.java:111)
	at org.jacoco.agent.rt.internal_4742761.CoverageTransformer.transform(CoverageTransformer.java:92)
	... 78 more
Caused by: java.lang.IllegalArgumentException: Unsupported class file major version 68
	at org.jacoco.agent.rt.internal_4742761.asm.ClassReader.<init>(ClassReader.java:200)
	at org.jacoco.agent.rt.internal_4742761.asm.ClassReader.<init>(ClassReader.java:180)
	at org.jacoco.agent.rt.internal_4742761.asm.ClassReader.<init>(ClassReader.java:166)
	at org.jacoco.agent.rt.internal_4742761.core.internal.instr.InstrSupport.classReaderFor(InstrSupport.java:280)
	at org.jacoco.agent.rt.internal_4742761.core.instr.Instrumenter.instrument(Instrumenter.java:77)
	at org.jacoco.agent.rt.internal_4742761.core.instr.Instrumenter.instrument(Instrumenter.java:109)
	... 79 more
java.lang.instrument.IllegalClassFormatException: Error while instrumenting sun/util/resources/provider/NonBaseLocaleDataMetaInfo with JaCoCo 0.8.11.202310140853/f33756c.
	at org.jacoco.agent.rt.internal_4742761.CoverageTransformer.transform(CoverageTransformer.java:94)
	at java.instrument/java.lang.instrument.ClassFileTransformer.transform(ClassFileTransformer.java:257)
	at java.instrument/sun.instrument.TransformerManager.transform(TransformerManager.java:188)
	at java.instrument/sun.instrument.InstrumentationImpl.transform(InstrumentationImpl.java:594)
	at java.base/java.lang.ClassLoader.defineClass2(Native Method)
	at java.base/java.lang.ClassLoader.defineClass(ClassLoader.java:1052)
	at java.base/java.security.SecureClassLoader.defineClass(SecureClassLoader.java:164)
	at java.base/jdk.internal.loader.BuiltinClassLoader.defineClass(BuiltinClassLoader.java:735)
	at java.base/jdk.internal.loader.BuiltinClassLoader.findClassInModuleOrNull(BuiltinClassLoader.java:678)
	at java.base/jdk.internal.loader.BuiltinClassLoader.findClass(BuiltinClassLoader.java:560)
	at java.base/java.lang.ClassLoader.loadClass(ClassLoader.java:602)
	at java.base/java.lang.Class.forName(Class.java:595)
	at java.base/java.util.ServiceLoader.loadProvider(ServiceLoader.java:755)
	at java.base/java.util.ServiceLoader$ModuleServicesLookupIterator.hasNext(ServiceLoader.java:955)
	at java.base/java.util.ServiceLoader$1.hasNext(ServiceLoader.java:1164)
	at java.base/java.util.ServiceLoader$2.hasNext(ServiceLoader.java:1246)
	at java.base/sun.util.locale.provider.JRELocaleProviderAdapter.createSupportedLocaleString(JRELocaleProviderAdapter.java:423)
	at java.base/sun.util.locale.provider.JRELocaleProviderAdapter.createLanguageTagSet(JRELocaleProviderAdapter.java:410)
	at java.base/sun.util.locale.provider.FallbackLocaleProviderAdapter.createLanguageTagSet(FallbackLocaleProviderAdapter.java:67)
	at java.base/sun.util.locale.provider.JRELocaleProviderAdapter.getLanguageTagSet(JRELocaleProviderAdapter.java:400)
	at java.base/sun.util.locale.provider.JRELocaleProviderAdapter.getTimeZoneNameProvider(JRELocaleProviderAdapter.java:271)
	at java.base/sun.util.locale.provider.JRELocaleProviderAdapter.getLocaleServiceProvider(JRELocaleProviderAdapter.java:102)
	at java.base/sun.util.locale.provider.LocaleServiceProviderPool.findProviders(LocaleServiceProviderPool.java:313)
	at java.base/sun.util.locale.provider.LocaleServiceProviderPool.getLocalizedObjectImpl(LocaleServiceProviderPool.java:283)
	at java.base/sun.util.locale.provider.LocaleServiceProviderPool.getLocalizedObject(LocaleServiceProviderPool.java:245)
	at java.base/sun.util.locale.provider.TimeZoneNameUtility.retrieveDisplayNamesImpl(TimeZoneNameUtility.java:197)
	at java.base/sun.util.locale.provider.TimeZoneNameUtility.retrieveDisplayName(TimeZoneNameUtility.java:150)
	at java.base/java.util.TimeZone.getDisplayName(TimeZone.java:429)
	at java.base/java.text.SimpleDateFormat.subFormat(SimpleDateFormat.java:1313)
	at java.base/java.text.SimpleDateFormat.format(SimpleDateFormat.java:1008)
	at java.base/java.text.SimpleDateFormat.format(SimpleDateFormat.java:978)
	at java.base/java.text.DateFormat.format(DateFormat.java:402)
	at io.github.bonigarcia.wdm.cache.ResolutionCache.formatDate(ResolutionCache.java:164)
	at io.github.bonigarcia.wdm.cache.ResolutionCache.checkKeyInResolutionCache(ResolutionCache.java:184)
	at io.github.bonigarcia.wdm.cache.ResolutionCache.checkKeyInResolutionCache(ResolutionCache.java:172)
	at io.github.bonigarcia.wdm.WebDriverManager.useResolutionCacheWithKey(WebDriverManager.java:1388)
	at io.github.bonigarcia.wdm.WebDriverManager.getValueFromResolutionCache(WebDriverManager.java:1332)
	at io.github.bonigarcia.wdm.WebDriverManager.resolveDriverVersion(WebDriverManager.java:1227)
	at io.github.bonigarcia.wdm.WebDriverManager.manage(WebDriverManager.java:1177)
	at io.github.bonigarcia.wdm.WebDriverManager.setup(WebDriverManager.java:429)
	at StepDefination.StepDef.setup1(StepDef.java:48)
	at java.base/jdk.internal.reflect.DirectMethodHandleAccessor.invoke(DirectMethodHandleAccessor.java:104)
	at java.base/java.lang.reflect.Method.invoke(Method.java:565)
	at io.cucumber.java.Invoker.doInvoke(Invoker.java:66)
	at io.cucumber.java.Invoker.invoke(Invoker.java:24)
	at io.cucumber.java.AbstractGlueDefinition.invokeMethod(AbstractGlueDefinition.java:47)
	at io.cucumber.java.JavaHookDefinition.execute(JavaHookDefinition.java:68)
	at io.cucumber.core.runner.CoreHookDefinition.execute(CoreHookDefinition.java:47)
	at io.cucumber.core.runner.HookDefinitionMatch.runStep(HookDefinitionMatch.java:21)
	at io.cucumber.core.runner.ExecutionMode$1.execute(ExecutionMode.java:10)
	at io.cucumber.core.runner.TestStep.executeStep(TestStep.java:81)
	at io.cucumber.core.runner.TestStep.run(TestStep.java:53)
	at io.cucumber.core.runner.TestCase.run(TestCase.java:80)
	at io.cucumber.core.runner.Runner.runPickle(Runner.java:77)
	at io.cucumber.junit.PickleRunners$NoStepDescriptions.lambda$run$0(PickleRunners.java:151)
	at io.cucumber.core.runtime.CucumberExecutionContext.lambda$runTestCase$5(CucumberExecutionContext.java:136)
	at io.cucumber.core.runtime.RethrowingThrowableCollector.executeAndThrow(RethrowingThrowableCollector.java:23)
	at io.cucumber.core.runtime.CucumberExecutionContext.runTestCase(CucumberExecutionContext.java:136)
	at io.cucumber.junit.PickleRunners$NoStepDescriptions.run(PickleRunners.java:148)
	at io.cucumber.junit.FeatureRunner.runChild(FeatureRunner.java:144)
	at io.cucumber.junit.FeatureRunner.runChild(FeatureRunner.java:28)
	at org.junit.runners.ParentRunner$4.run(ParentRunner.java:331)
	at org.junit.runners.ParentRunner$1.schedule(ParentRunner.java:79)
	at org.junit.runners.ParentRunner.runChildren(ParentRunner.java:329)
	at org.junit.runners.ParentRunner.access$100(ParentRunner.java:66)
	at org.junit.runners.ParentRunner$2.evaluate(ParentRunner.java:293)
	at org.junit.runners.ParentRunner$3.evaluate(ParentRunner.java:306)
	at org.junit.runners.ParentRunner.run(ParentRunner.java:413)
	at io.cucumber.junit.FeatureRunner.run(FeatureRunner.java:137)
	at io.cucumber.junit.Cucumber.runChild(Cucumber.java:196)
	at io.cucumber.junit.Cucumber.runChild(Cucumber.java:89)
	at org.junit.runners.ParentRunner$4.run(ParentRunner.java:331)
	at org.junit.runners.ParentRunner$1.schedule(ParentRunner.java:79)
	at org.junit.runners.ParentRunner.runChildren(ParentRunner.java:329)
	at org.junit.runners.ParentRunner.access$100(ParentRunner.java:66)
	at org.junit.runners.ParentRunner$2.evaluate(ParentRunner.java:293)
	at io.cucumber.core.runtime.CucumberExecutionContext.lambda$runFeatures$6(CucumberExecutionContext.java:147)
	at io.cucumber.core.runtime.CucumberExecutionContext.execute(CucumberExecutionContext.java:162)
	at io.cucumber.core.runtime.CucumberExecutionContext.runFeatures(CucumberExecutionContext.java:145)
	at io.cucumber.junit.Cucumber$StartAndFinishTestRun.evaluate(Cucumber.java:226)
	at org.junit.runners.ParentRunner$3.evaluate(ParentRunner.java:306)
	at org.junit.runners.ParentRunner.run(ParentRunner.java:413)
	at org.apache.maven.surefire.junit4.JUnit4Provider.execute(JUnit4Provider.java:316)
	at org.apache.maven.surefire.junit4.JUnit4Provider.executeWithRerun(JUnit4Provider.java:240)
	at org.apache.maven.surefire.junit4.JUnit4Provider.executeTestSet(JUnit4Provider.java:214)
	at org.apache.maven.surefire.junit4.JUnit4Provider.invoke(JUnit4Provider.java:155)
	at org.apache.maven.surefire.booter.ForkedBooter.runSuitesInProcess(ForkedBooter.java:385)
	at org.apache.maven.surefire.booter.ForkedBooter.execute(ForkedBooter.java:162)
	at org.apache.maven.surefire.booter.ForkedBooter.run(ForkedBooter.java:507)
	at org.apache.maven.surefire.booter.ForkedBooter.main(ForkedBooter.java:495)
Caused by: java.io.IOException: Error while instrumenting sun/util/resources/provider/NonBaseLocaleDataMetaInfo with JaCoCo 0.8.11.202310140853/f33756c.
	at org.jacoco.agent.rt.internal_4742761.core.instr.Instrumenter.instrumentError(Instrumenter.java:161)
	at org.jacoco.agent.rt.internal_4742761.core.instr.Instrumenter.instrument(Instrumenter.java:111)
	at org.jacoco.agent.rt.internal_4742761.CoverageTransformer.transform(CoverageTransformer.java:92)
	... 89 more
Caused by: java.lang.IllegalArgumentException: Unsupported class file major version 68
	at org.jacoco.agent.rt.internal_4742761.asm.ClassReader.<init>(ClassReader.java:200)
	at org.jacoco.agent.rt.internal_4742761.asm.ClassReader.<init>(ClassReader.java:180)
	at org.jacoco.agent.rt.internal_4742761.asm.ClassReader.<init>(ClassReader.java:166)
	at org.jacoco.agent.rt.internal_4742761.core.internal.instr.InstrSupport.classReaderFor(InstrSupport.java:280)
	at org.jacoco.agent.rt.internal_4742761.core.instr.Instrumenter.instrument(Instrumenter.java:77)
	at org.jacoco.agent.rt.internal_4742761.core.instr.Instrumenter.instrument(Instrumenter.java:109)
	... 90 more
java.lang.instrument.IllegalClassFormatException: Error while instrumenting java/net/http/WebSocket$Listener with JaCoCo 0.8.11.202310140853/f33756c.
	at org.jacoco.agent.rt.internal_4742761.CoverageTransformer.transform(CoverageTransformer.java:94)
	at java.instrument/java.lang.instrument.ClassFileTransformer.transform(ClassFileTransformer.java:257)
	at java.instrument/sun.instrument.TransformerManager.transform(TransformerManager.java:188)
	at java.instrument/sun.instrument.InstrumentationImpl.transform(InstrumentationImpl.java:594)
	at java.base/java.lang.ClassLoader.defineClass2(Native Method)
	at java.base/java.lang.ClassLoader.defineClass(ClassLoader.java:1052)
	at java.base/java.security.SecureClassLoader.defineClass(SecureClassLoader.java:164)
	at java.base/jdk.internal.loader.BuiltinClassLoader.defineClass(BuiltinClassLoader.java:735)
	at java.base/jdk.internal.loader.BuiltinClassLoader.findClassInModuleOrNull(BuiltinClassLoader.java:678)
	at java.base/jdk.internal.loader.BuiltinClassLoader.loadClassOrNull(BuiltinClassLoader.java:604)
	at java.base/jdk.internal.loader.BuiltinClassLoader.loadClassOrNull(BuiltinClassLoader.java:639)
	at java.base/jdk.internal.loader.BuiltinClassLoader.loadClassOrNull(BuiltinClassLoader.java:608)
	at java.base/jdk.internal.loader.BuiltinClassLoader.loadClass(BuiltinClassLoader.java:578)
	at java.base/java.lang.ClassLoader.loadClass(ClassLoader.java:490)
	at org.openqa.selenium.remote.http.jdk.JdkHttpClient$Factory.createClient(JdkHttpClient.java:548)
	at org.openqa.selenium.remote.HttpCommandExecutor.<init>(HttpCommandExecutor.java:117)
	at org.openqa.selenium.remote.HttpCommandExecutor.<init>(HttpCommandExecutor.java:93)
	at org.openqa.selenium.remote.service.DriverCommandExecutor.<init>(DriverCommandExecutor.java:87)
	at org.openqa.selenium.chromium.ChromiumDriverCommandExecutor.<init>(ChromiumDriverCommandExecutor.java:44)
	at org.openqa.selenium.chrome.ChromeDriver$ChromeDriverCommandExecutor.<init>(ChromeDriver.java:114)
	at org.openqa.selenium.chrome.ChromeDriver.generateExecutor(ChromeDriver.java:104)
	at org.openqa.selenium.chrome.ChromeDriver.<init>(ChromeDriver.java:88)
	at org.openqa.selenium.chrome.ChromeDriver.<init>(ChromeDriver.java:83)
	at org.openqa.selenium.chrome.ChromeDriver.<init>(ChromeDriver.java:51)
	at StepDefination.StepDef.setup1(StepDef.java:49)
	at java.base/jdk.internal.reflect.DirectMethodHandleAccessor.invoke(DirectMethodHandleAccessor.java:104)
	at java.base/java.lang.reflect.Method.invoke(Method.java:565)
	at io.cucumber.java.Invoker.doInvoke(Invoker.java:66)
	at io.cucumber.java.Invoker.invoke(Invoker.java:24)
	at io.cucumber.java.AbstractGlueDefinition.invokeMethod(AbstractGlueDefinition.java:47)
	at io.cucumber.java.JavaHookDefinition.execute(JavaHookDefinition.java:68)
	at io.cucumber.core.runner.CoreHookDefinition.execute(CoreHookDefinition.java:47)
	at io.cucumber.core.runner.HookDefinitionMatch.runStep(HookDefinitionMatch.java:21)
	at io.cucumber.core.runner.ExecutionMode$1.execute(ExecutionMode.java:10)
	at io.cucumber.core.runner.TestStep.executeStep(TestStep.java:81)
	at io.cucumber.core.runner.TestStep.run(TestStep.java:53)
	at io.cucumber.core.runner.TestCase.run(TestCase.java:80)
	at io.cucumber.core.runner.Runner.runPickle(Runner.java:77)
	at io.cucumber.junit.PickleRunners$NoStepDescriptions.lambda$run$0(PickleRunners.java:151)
	at io.cucumber.core.runtime.CucumberExecutionContext.lambda$runTestCase$5(CucumberExecutionContext.java:136)
	at io.cucumber.core.runtime.RethrowingThrowableCollector.executeAndThrow(RethrowingThrowableCollector.java:23)
	at io.cucumber.core.runtime.CucumberExecutionContext.runTestCase(CucumberExecutionContext.java:136)
	at io.cucumber.junit.PickleRunners$NoStepDescriptions.run(PickleRunners.java:148)
	at io.cucumber.junit.FeatureRunner.runChild(FeatureRunner.java:144)
	at io.cucumber.junit.FeatureRunner.runChild(FeatureRunner.java:28)
	at org.junit.runners.ParentRunner$4.run(ParentRunner.java:331)
	at org.junit.runners.ParentRunner$1.schedule(ParentRunner.java:79)
	at org.junit.runners.ParentRunner.runChildren(ParentRunner.java:329)
	at org.junit.runners.ParentRunner.access$100(ParentRunner.java:66)
	at org.junit.runners.ParentRunner$2.evaluate(ParentRunner.java:293)
	at org.junit.runners.ParentRunner$3.evaluate(ParentRunner.java:306)
	at org.junit.runners.ParentRunner.run(ParentRunner.java:413)
	at io.cucumber.junit.FeatureRunner.run(FeatureRunner.java:137)
	at io.cucumber.junit.Cucumber.runChild(Cucumber.java:196)
	at io.cucumber.junit.Cucumber.runChild(Cucumber.java:89)
	at org.junit.runners.ParentRunner$4.run(ParentRunner.java:331)
	at org.junit.runners.ParentRunner$1.schedule(ParentRunner.java:79)
	at org.junit.runners.ParentRunner.runChildren(ParentRunner.java:329)
	at org.junit.runners.ParentRunner.access$100(ParentRunner.java:66)
	at org.junit.runners.ParentRunner$2.evaluate(ParentRunner.java:293)
	at io.cucumber.core.runtime.CucumberExecutionContext.lambda$runFeatures$6(CucumberExecutionContext.java:147)
	at io.cucumber.core.runtime.CucumberExecutionContext.execute(CucumberExecutionContext.java:162)
	at io.cucumber.core.runtime.CucumberExecutionContext.runFeatures(CucumberExecutionContext.java:145)
	at io.cucumber.junit.Cucumber$StartAndFinishTestRun.evaluate(Cucumber.java:226)
	at org.junit.runners.ParentRunner$3.evaluate(ParentRunner.java:306)
	at org.junit.runners.ParentRunner.run(ParentRunner.java:413)
	at org.apache.maven.surefire.junit4.JUnit4Provider.execute(JUnit4Provider.java:316)
	at org.apache.maven.surefire.junit4.JUnit4Provider.executeWithRerun(JUnit4Provider.java:240)
	at org.apache.maven.surefire.junit4.JUnit4Provider.executeTestSet(JUnit4Provider.java:214)
	at org.apache.maven.surefire.junit4.JUnit4Provider.invoke(JUnit4Provider.java:155)
	at org.apache.maven.surefire.booter.ForkedBooter.runSuitesInProcess(ForkedBooter.java:385)
	at org.apache.maven.surefire.booter.ForkedBooter.execute(ForkedBooter.java:162)
	at org.apache.maven.surefire.booter.ForkedBooter.run(ForkedBooter.java:507)
	at org.apache.maven.surefire.booter.ForkedBooter.main(ForkedBooter.java:495)
Caused by: java.io.IOException: Error while instrumenting java/net/http/WebSocket$Listener with JaCoCo 0.8.11.202310140853/f33756c.
	at org.jacoco.agent.rt.internal_4742761.core.instr.Instrumenter.instrumentError(Instrumenter.java:161)
	at org.jacoco.agent.rt.internal_4742761.core.instr.Instrumenter.instrument(Instrumenter.java:111)
	at org.jacoco.agent.rt.internal_4742761.CoverageTransformer.transform(CoverageTransformer.java:92)
	... 73 more
Caused by: java.lang.IllegalArgumentException: Unsupported class file major version 68
	at org.jacoco.agent.rt.internal_4742761.asm.ClassReader.<init>(ClassReader.java:200)
	at org.jacoco.agent.rt.internal_4742761.asm.ClassReader.<init>(ClassReader.java:180)
	at org.jacoco.agent.rt.internal_4742761.asm.ClassReader.<init>(ClassReader.java:166)
	at org.jacoco.agent.rt.internal_4742761.core.internal.instr.InstrSupport.classReaderFor(InstrSupport.java:280)
	at org.jacoco.agent.rt.internal_4742761.core.instr.Instrumenter.instrument(Instrumenter.java:77)
	at org.jacoco.agent.rt.internal_4742761.core.instr.Instrumenter.instrument(Instrumenter.java:109)
	... 74 more
java.lang.instrument.IllegalClassFormatException: Error while instrumenting java/net/http/HttpTimeoutException with JaCoCo 0.8.11.202310140853/f33756c.
	at org.jacoco.agent.rt.internal_4742761.CoverageTransformer.transform(CoverageTransformer.java:94)
	at java.instrument/java.lang.instrument.ClassFileTransformer.transform(ClassFileTransformer.java:257)
	at java.instrument/sun.instrument.TransformerManager.transform(TransformerManager.java:188)
	at java.instrument/sun.instrument.InstrumentationImpl.transform(InstrumentationImpl.java:594)
	at java.base/java.lang.ClassLoader.defineClass2(Native Method)
	at java.base/java.lang.ClassLoader.defineClass(ClassLoader.java:1052)
	at java.base/java.security.SecureClassLoader.defineClass(SecureClassLoader.java:164)
	at java.base/jdk.internal.loader.BuiltinClassLoader.defineClass(BuiltinClassLoader.java:735)
	at java.base/jdk.internal.loader.BuiltinClassLoader.findClassInModuleOrNull(BuiltinClassLoader.java:678)
	at java.base/jdk.internal.loader.BuiltinClassLoader.loadClassOrNull(BuiltinClassLoader.java:604)
	at java.base/jdk.internal.loader.BuiltinClassLoader.loadClassOrNull(BuiltinClassLoader.java:639)
	at java.base/jdk.internal.loader.BuiltinClassLoader.loadClassOrNull(BuiltinClassLoader.java:608)
	at java.base/jdk.internal.loader.BuiltinClassLoader.loadClass(BuiltinClassLoader.java:578)
	at java.base/java.lang.ClassLoader.loadClass(ClassLoader.java:490)
	at org.openqa.selenium.remote.http.jdk.JdkHttpClient$Factory.createClient(JdkHttpClient.java:548)
	at org.openqa.selenium.remote.HttpCommandExecutor.<init>(HttpCommandExecutor.java:117)
	at org.openqa.selenium.remote.HttpCommandExecutor.<init>(HttpCommandExecutor.java:93)
	at org.openqa.selenium.remote.service.DriverCommandExecutor.<init>(DriverCommandExecutor.java:87)
	at org.openqa.selenium.chromium.ChromiumDriverCommandExecutor.<init>(ChromiumDriverCommandExecutor.java:44)
	at org.openqa.selenium.chrome.ChromeDriver$ChromeDriverCommandExecutor.<init>(ChromeDriver.java:114)
	at org.openqa.selenium.chrome.ChromeDriver.generateExecutor(ChromeDriver.java:104)
	at org.openqa.selenium.chrome.ChromeDriver.<init>(ChromeDriver.java:88)
	at org.openqa.selenium.chrome.ChromeDriver.<init>(ChromeDriver.java:83)
	at org.openqa.selenium.chrome.ChromeDriver.<init>(ChromeDriver.java:51)
	at StepDefination.StepDef.setup1(StepDef.java:49)
	at java.base/jdk.internal.reflect.DirectMethodHandleAccessor.invoke(DirectMethodHandleAccessor.java:104)
	at java.base/java.lang.reflect.Method.invoke(Method.java:565)
	at io.cucumber.java.Invoker.doInvoke(Invoker.java:66)
	at io.cucumber.java.Invoker.invoke(Invoker.java:24)
	at io.cucumber.java.AbstractGlueDefinition.invokeMethod(AbstractGlueDefinition.java:47)
	at io.cucumber.java.JavaHookDefinition.execute(JavaHookDefinition.java:68)
	at io.cucumber.core.runner.CoreHookDefinition.execute(CoreHookDefinition.java:47)
	at io.cucumber.core.runner.HookDefinitionMatch.runStep(HookDefinitionMatch.java:21)
	at io.cucumber.core.runner.ExecutionMode$1.execute(ExecutionMode.java:10)
	at io.cucumber.core.runner.TestStep.executeStep(TestStep.java:81)
	at io.cucumber.core.runner.TestStep.run(TestStep.java:53)
	at io.cucumber.core.runner.TestCase.run(TestCase.java:80)
	at io.cucumber.core.runner.Runner.runPickle(Runner.java:77)
	at io.cucumber.junit.PickleRunners$NoStepDescriptions.lambda$run$0(PickleRunners.java:151)
	at io.cucumber.core.runtime.CucumberExecutionContext.lambda$runTestCase$5(CucumberExecutionContext.java:136)
	at io.cucumber.core.runtime.RethrowingThrowableCollector.executeAndThrow(RethrowingThrowableCollector.java:23)
	at io.cucumber.core.runtime.CucumberExecutionContext.runTestCase(CucumberExecutionContext.java:136)
	at io.cucumber.junit.PickleRunners$NoStepDescriptions.run(PickleRunners.java:148)
	at io.cucumber.junit.FeatureRunner.runChild(FeatureRunner.java:144)
	at io.cucumber.junit.FeatureRunner.runChild(FeatureRunner.java:28)
	at org.junit.runners.ParentRunner$4.run(ParentRunner.java:331)
	at org.junit.runners.ParentRunner$1.schedule(ParentRunner.java:79)
	at org.junit.runners.ParentRunner.runChildren(ParentRunner.java:329)
	at org.junit.runners.ParentRunner.access$100(ParentRunner.java:66)
	at org.junit.runners.ParentRunner$2.evaluate(ParentRunner.java:293)
	at org.junit.runners.ParentRunner$3.evaluate(ParentRunner.java:306)
	at org.junit.runners.ParentRunner.run(ParentRunner.java:413)
	at io.cucumber.junit.FeatureRunner.run(FeatureRunner.java:137)
	at io.cucumber.junit.Cucumber.runChild(Cucumber.java:196)
	at io.cucumber.junit.Cucumber.runChild(Cucumber.java:89)
	at org.junit.runners.ParentRunner$4.run(ParentRunner.java:331)
	at org.junit.runners.ParentRunner$1.schedule(ParentRunner.java:79)
	at org.junit.runners.ParentRunner.runChildren(ParentRunner.java:329)
	at org.junit.runners.ParentRunner.access$100(ParentRunner.java:66)
	at org.junit.runners.ParentRunner$2.evaluate(ParentRunner.java:293)
	at io.cucumber.core.runtime.CucumberExecutionContext.lambda$runFeatures$6(CucumberExecutionContext.java:147)
	at io.cucumber.core.runtime.CucumberExecutionContext.execute(CucumberExecutionContext.java:162)
	at io.cucumber.core.runtime.CucumberExecutionContext.runFeatures(CucumberExecutionContext.java:145)
	at io.cucumber.junit.Cucumber$StartAndFinishTestRun.evaluate(Cucumber.java:226)
	at org.junit.runners.ParentRunner$3.evaluate(ParentRunner.java:306)
	at org.junit.runners.ParentRunner.run(ParentRunner.java:413)
	at org.apache.maven.surefire.junit4.JUnit4Provider.execute(JUnit4Provider.java:316)
	at org.apache.maven.surefire.junit4.JUnit4Provider.executeWithRerun(JUnit4Provider.java:240)
	at org.apache.maven.surefire.junit4.JUnit4Provider.executeTestSet(JUnit4Provider.java:214)
	at org.apache.maven.surefire.junit4.JUnit4Provider.invoke(JUnit4Provider.java:155)
	at org.apache.maven.surefire.booter.ForkedBooter.runSuitesInProcess(ForkedBooter.java:385)
	at org.apache.maven.surefire.booter.ForkedBooter.execute(ForkedBooter.java:162)
	at org.apache.maven.surefire.booter.ForkedBooter.run(ForkedBooter.java:507)
	at org.apache.maven.surefire.booter.ForkedBooter.main(ForkedBooter.java:495)
Caused by: java.io.IOException: Error while instrumenting java/net/http/HttpTimeoutException with JaCoCo 0.8.11.202310140853/f33756c.
	at org.jacoco.agent.rt.internal_4742761.core.instr.Instrumenter.instrumentError(Instrumenter.java:161)
	at org.jacoco.agent.rt.internal_4742761.core.instr.Instrumenter.instrument(Instrumenter.java:111)
	at org.jacoco.agent.rt.internal_4742761.CoverageTransformer.transform(CoverageTransformer.java:92)
	... 73 more
Caused by: java.lang.IllegalArgumentException: Unsupported class file major version 68
	at org.jacoco.agent.rt.internal_4742761.asm.ClassReader.<init>(ClassReader.java:200)
	at org.jacoco.agent.rt.internal_4742761.asm.ClassReader.<init>(ClassReader.java:180)
	at org.jacoco.agent.rt.internal_4742761.asm.ClassReader.<init>(ClassReader.java:166)
	at org.jacoco.agent.rt.internal_4742761.core.internal.instr.InstrSupport.classReaderFor(InstrSupport.java:280)
	at org.jacoco.agent.rt.internal_4742761.core.instr.Instrumenter.instrument(Instrumenter.java:77)
	at org.jacoco.agent.rt.internal_4742761.core.instr.Instrumenter.instrument(Instrumenter.java:109)
	... 74 more
java.lang.instrument.IllegalClassFormatException: Error while instrumenting java/net/http/HttpClient with JaCoCo 0.8.11.202310140853/f33756c.
	at org.jacoco.agent.rt.internal_4742761.CoverageTransformer.transform(CoverageTransformer.java:94)
	at java.instrument/java.lang.instrument.ClassFileTransformer.transform(ClassFileTransformer.java:257)
	at java.instrument/sun.instrument.TransformerManager.transform(TransformerManager.java:188)
	at java.instrument/sun.instrument.InstrumentationImpl.transform(InstrumentationImpl.java:594)
	at java.base/java.lang.ClassLoader.defineClass2(Native Method)
	at java.base/java.lang.ClassLoader.defineClass(ClassLoader.java:1052)
	at java.base/java.security.SecureClassLoader.defineClass(SecureClassLoader.java:164)
	at java.base/jdk.internal.loader.BuiltinClassLoader.defineClass(BuiltinClassLoader.java:735)
	at java.base/jdk.internal.loader.BuiltinClassLoader.findClassInModuleOrNull(BuiltinClassLoader.java:678)
	at java.base/jdk.internal.loader.BuiltinClassLoader.loadClassOrNull(BuiltinClassLoader.java:604)
	at java.base/jdk.internal.loader.BuiltinClassLoader.loadClassOrNull(BuiltinClassLoader.java:639)
	at java.base/jdk.internal.loader.BuiltinClassLoader.loadClassOrNull(BuiltinClassLoader.java:608)
	at java.base/jdk.internal.loader.BuiltinClassLoader.loadClass(BuiltinClassLoader.java:578)
	at java.base/java.lang.ClassLoader.loadClass(ClassLoader.java:490)
	at org.openqa.selenium.remote.http.jdk.JdkHttpClient.<init>(JdkHttpClient.java:104)
	at org.openqa.selenium.remote.http.jdk.JdkHttpClient$Factory.createClient(JdkHttpClient.java:548)
	at org.openqa.selenium.remote.HttpCommandExecutor.<init>(HttpCommandExecutor.java:117)
	at org.openqa.selenium.remote.HttpCommandExecutor.<init>(HttpCommandExecutor.java:93)
	at org.openqa.selenium.remote.service.DriverCommandExecutor.<init>(DriverCommandExecutor.java:87)
	at org.openqa.selenium.chromium.ChromiumDriverCommandExecutor.<init>(ChromiumDriverCommandExecutor.java:44)
	at org.openqa.selenium.chrome.ChromeDriver$ChromeDriverCommandExecutor.<init>(ChromeDriver.java:114)
	at org.openqa.selenium.chrome.ChromeDriver.generateExecutor(ChromeDriver.java:104)
	at org.openqa.selenium.chrome.ChromeDriver.<init>(ChromeDriver.java:88)
	at org.openqa.selenium.chrome.ChromeDriver.<init>(ChromeDriver.java:83)
	at org.openqa.selenium.chrome.ChromeDriver.<init>(ChromeDriver.java:51)
	at StepDefination.StepDef.setup1(StepDef.java:49)
	at java.base/jdk.internal.reflect.DirectMethodHandleAccessor.invoke(DirectMethodHandleAccessor.java:104)
	at java.base/java.lang.reflect.Method.invoke(Method.java:565)
	at io.cucumber.java.Invoker.doInvoke(Invoker.java:66)
	at io.cucumber.java.Invoker.invoke(Invoker.java:24)
	at io.cucumber.java.AbstractGlueDefinition.invokeMethod(AbstractGlueDefinition.java:47)
	at io.cucumber.java.JavaHookDefinition.execute(JavaHookDefinition.java:68)
	at io.cucumber.core.runner.CoreHookDefinition.execute(CoreHookDefinition.java:47)
	at io.cucumber.core.runner.HookDefinitionMatch.runStep(HookDefinitionMatch.java:21)
	at io.cucumber.core.runner.ExecutionMode$1.execute(ExecutionMode.java:10)
	at io.cucumber.core.runner.TestStep.executeStep(TestStep.java:81)
	at io.cucumber.core.runner.TestStep.run(TestStep.java:53)
	at io.cucumber.core.runner.TestCase.run(TestCase.java:80)
	at io.cucumber.core.runner.Runner.runPickle(Runner.java:77)
	at io.cucumber.junit.PickleRunners$NoStepDescriptions.lambda$run$0(PickleRunners.java:151)
	at io.cucumber.core.runtime.CucumberExecutionContext.lambda$runTestCase$5(CucumberExecutionContext.java:136)
	at io.cucumber.core.runtime.RethrowingThrowableCollector.executeAndThrow(RethrowingThrowableCollector.java:23)
	at io.cucumber.core.runtime.CucumberExecutionContext.runTestCase(CucumberExecutionContext.java:136)
	at io.cucumber.junit.PickleRunners$NoStepDescriptions.run(PickleRunners.java:148)
	at io.cucumber.junit.FeatureRunner.runChild(FeatureRunner.java:144)
	at io.cucumber.junit.FeatureRunner.runChild(FeatureRunner.java:28)
	at org.junit.runners.ParentRunner$4.run(ParentRunner.java:331)
	at org.junit.runners.ParentRunner$1.schedule(ParentRunner.java:79)
	at org.junit.runners.ParentRunner.runChildren(ParentRunner.java:329)
	at org.junit.runners.ParentRunner.access$100(ParentRunner.java:66)
	at org.junit.runners.ParentRunner$2.evaluate(ParentRunner.java:293)
	at org.junit.runners.ParentRunner$3.evaluate(ParentRunner.java:306)
	at org.junit.runners.ParentRunner.run(ParentRunner.java:413)
	at io.cucumber.junit.FeatureRunner.run(FeatureRunner.java:137)
	at io.cucumber.junit.Cucumber.runChild(Cucumber.java:196)
	at io.cucumber.junit.Cucumber.runChild(Cucumber.java:89)
	at org.junit.runners.ParentRunner$4.run(ParentRunner.java:331)
	at org.junit.runners.ParentRunner$1.schedule(ParentRunner.java:79)
	at org.junit.runners.ParentRunner.runChildren(ParentRunner.java:329)
	at org.junit.runners.ParentRunner.access$100(ParentRunner.java:66)
	at org.junit.runners.ParentRunner$2.evaluate(ParentRunner.java:293)
	at io.cucumber.core.runtime.CucumberExecutionContext.lambda$runFeatures$6(CucumberExecutionContext.java:147)
	at io.cucumber.core.runtime.CucumberExecutionContext.execute(CucumberExecutionContext.java:162)
	at io.cucumber.core.runtime.CucumberExecutionContext.runFeatures(CucumberExecutionContext.java:145)
	at io.cucumber.junit.Cucumber$StartAndFinishTestRun.evaluate(Cucumber.java:226)
	at org.junit.runners.ParentRunner$3.evaluate(ParentRunner.java:306)
	at org.junit.runners.ParentRunner.run(ParentRunner.java:413)
	at org.apache.maven.surefire.junit4.JUnit4Provider.execute(JUnit4Provider.java:316)
	at org.apache.maven.surefire.junit4.JUnit4Provider.executeWithRerun(JUnit4Provider.java:240)
	at org.apache.maven.surefire.junit4.JUnit4Provider.executeTestSet(JUnit4Provider.java:214)
	at org.apache.maven.surefire.junit4.JUnit4Provider.invoke(JUnit4Provider.java:155)
	at org.apache.maven.surefire.booter.ForkedBooter.runSuitesInProcess(ForkedBooter.java:385)
	at org.apache.maven.surefire.booter.ForkedBooter.execute(ForkedBooter.java:162)
	at org.apache.maven.surefire.booter.ForkedBooter.run(ForkedBooter.java:507)
	at org.apache.maven.surefire.booter.ForkedBooter.main(ForkedBooter.java:495)
Caused by: java.io.IOException: Error while instrumenting java/net/http/HttpClient with JaCoCo 0.8.11.202310140853/f33756c.
	at org.jacoco.agent.rt.internal_4742761.core.instr.Instrumenter.instrumentError(Instrumenter.java:161)
	at org.jacoco.agent.rt.internal_4742761.core.instr.Instrumenter.instrument(Instrumenter.java:111)
	at org.jacoco.agent.rt.internal_4742761.CoverageTransformer.transform(CoverageTransformer.java:92)
	... 74 more
Caused by: java.lang.IllegalArgumentException: Unsupported class file major version 68
	at org.jacoco.agent.rt.internal_4742761.asm.ClassReader.<init>(ClassReader.java:200)
	at org.jacoco.agent.rt.internal_4742761.asm.ClassReader.<init>(ClassReader.java:180)
	at org.jacoco.agent.rt.internal_4742761.asm.ClassReader.<init>(ClassReader.java:166)
	at org.jacoco.agent.rt.internal_4742761.core.internal.instr.InstrSupport.classReaderFor(InstrSupport.java:280)
	at org.jacoco.agent.rt.internal_4742761.core.instr.Instrumenter.instrument(Instrumenter.java:77)
	at org.jacoco.agent.rt.internal_4742761.core.instr.Instrumenter.instrument(Instrumenter.java:109)
	... 75 more
java.lang.instrument.IllegalClassFormatException: Error while instrumenting java/net/http/HttpClient$Builder with JaCoCo 0.8.11.202310140853/f33756c.
	at org.jacoco.agent.rt.internal_4742761.CoverageTransformer.transform(CoverageTransformer.java:94)
	at java.instrument/java.lang.instrument.ClassFileTransformer.transform(ClassFileTransformer.java:257)
	at java.instrument/sun.instrument.TransformerManager.transform(TransformerManager.java:188)
	at java.instrument/sun.instrument.InstrumentationImpl.transform(InstrumentationImpl.java:594)
	at java.base/java.lang.ClassLoader.defineClass2(Native Method)
	at java.base/java.lang.ClassLoader.defineClass(ClassLoader.java:1052)
	at java.base/java.security.SecureClassLoader.defineClass(SecureClassLoader.java:164)
	at java.base/jdk.internal.loader.BuiltinClassLoader.defineClass(BuiltinClassLoader.java:735)
	at java.base/jdk.internal.loader.BuiltinClassLoader.findClassInModuleOrNull(BuiltinClassLoader.java:678)
	at java.base/jdk.internal.loader.BuiltinClassLoader.loadClassOrNull(BuiltinClassLoader.java:604)
	at java.base/jdk.internal.loader.BuiltinClassLoader.loadClass(BuiltinClassLoader.java:578)
	at java.base/java.lang.ClassLoader.loadClass(ClassLoader.java:490)
	at org.openqa.selenium.remote.http.jdk.JdkHttpClient.<init>(JdkHttpClient.java:104)
	at org.openqa.selenium.remote.http.jdk.JdkHttpClient$Factory.createClient(JdkHttpClient.java:548)
	at org.openqa.selenium.remote.HttpCommandExecutor.<init>(HttpCommandExecutor.java:117)
	at org.openqa.selenium.remote.HttpCommandExecutor.<init>(HttpCommandExecutor.java:93)
	at org.openqa.selenium.remote.service.DriverCommandExecutor.<init>(DriverCommandExecutor.java:87)
	at org.openqa.selenium.chromium.ChromiumDriverCommandExecutor.<init>(ChromiumDriverCommandExecutor.java:44)
	at org.openqa.selenium.chrome.ChromeDriver$ChromeDriverCommandExecutor.<init>(ChromeDriver.java:114)
	at org.openqa.selenium.chrome.ChromeDriver.generateExecutor(ChromeDriver.java:104)
	at org.openqa.selenium.chrome.ChromeDriver.<init>(ChromeDriver.java:88)
	at org.openqa.selenium.chrome.ChromeDriver.<init>(ChromeDriver.java:83)
	at org.openqa.selenium.chrome.ChromeDriver.<init>(ChromeDriver.java:51)
	at StepDefination.StepDef.setup1(StepDef.java:49)
	at java.base/jdk.internal.reflect.DirectMethodHandleAccessor.invoke(DirectMethodHandleAccessor.java:104)
	at java.base/java.lang.reflect.Method.invoke(Method.java:565)
	at io.cucumber.java.Invoker.doInvoke(Invoker.java:66)
	at io.cucumber.java.Invoker.invoke(Invoker.java:24)
	at io.cucumber.java.AbstractGlueDefinition.invokeMethod(AbstractGlueDefinition.java:47)
	at io.cucumber.java.JavaHookDefinition.execute(JavaHookDefinition.java:68)
	at io.cucumber.core.runner.CoreHookDefinition.execute(CoreHookDefinition.java:47)
	at io.cucumber.core.runner.HookDefinitionMatch.runStep(HookDefinitionMatch.java:21)
	at io.cucumber.core.runner.ExecutionMode$1.execute(ExecutionMode.java:10)
	at io.cucumber.core.runner.TestStep.executeStep(TestStep.java:81)
	at io.cucumber.core.runner.TestStep.run(TestStep.java:53)
	at io.cucumber.core.runner.TestCase.run(TestCase.java:80)
	at io.cucumber.core.runner.Runner.runPickle(Runner.java:77)
	at io.cucumber.junit.PickleRunners$NoStepDescriptions.lambda$run$0(PickleRunners.java:151)
	at io.cucumber.core.runtime.CucumberExecutionContext.lambda$runTestCase$5(CucumberExecutionContext.java:136)
	at io.cucumber.core.runtime.RethrowingThrowableCollector.executeAndThrow(RethrowingThrowableCollector.java:23)
	at io.cucumber.core.runtime.CucumberExecutionContext.runTestCase(CucumberExecutionContext.java:136)
	at io.cucumber.junit.PickleRunners$NoStepDescriptions.run(PickleRunners.java:148)
	at io.cucumber.junit.FeatureRunner.runChild(FeatureRunner.java:144)
	at io.cucumber.junit.FeatureRunner.runChild(FeatureRunner.java:28)
	at org.junit.runners.ParentRunner$4.run(ParentRunner.java:331)
	at org.junit.runners.ParentRunner$1.schedule(ParentRunner.java:79)
	at org.junit.runners.ParentRunner.runChildren(ParentRunner.java:329)
	at org.junit.runners.ParentRunner.access$100(ParentRunner.java:66)
	at org.junit.runners.ParentRunner$2.evaluate(ParentRunner.java:293)
	at org.junit.runners.ParentRunner$3.evaluate(ParentRunner.java:306)
	at org.junit.runners.ParentRunner.run(ParentRunner.java:413)
	at io.cucumber.junit.FeatureRunner.run(FeatureRunner.java:137)
	at io.cucumber.junit.Cucumber.runChild(Cucumber.java:196)
	at io.cucumber.junit.Cucumber.runChild(Cucumber.java:89)
	at org.junit.runners.ParentRunner$4.run(ParentRunner.java:331)
	at org.junit.runners.ParentRunner$1.schedule(ParentRunner.java:79)
	at org.junit.runners.ParentRunner.runChildren(ParentRunner.java:329)
	at org.junit.runners.ParentRunner.access$100(ParentRunner.java:66)
	at org.junit.runners.ParentRunner$2.evaluate(ParentRunner.java:293)
	at io.cucumber.core.runtime.CucumberExecutionContext.lambda$runFeatures$6(CucumberExecutionContext.java:147)
	at io.cucumber.core.runtime.CucumberExecutionContext.execute(CucumberExecutionContext.java:162)
	at io.cucumber.core.runtime.CucumberExecutionContext.runFeatures(CucumberExecutionContext.java:145)
	at io.cucumber.junit.Cucumber$StartAndFinishTestRun.evaluate(Cucumber.java:226)
	at org.junit.runners.ParentRunner$3.evaluate(ParentRunner.java:306)
	at org.junit.runners.ParentRunner.run(ParentRunner.java:413)
	at org.apache.maven.surefire.junit4.JUnit4Provider.execute(JUnit4Provider.java:316)
	at org.apache.maven.surefire.junit4.JUnit4Provider.executeWithRerun(JUnit4Provider.java:240)
	at org.apache.maven.surefire.junit4.JUnit4Provider.executeTestSet(JUnit4Provider.java:214)
	at org.apache.maven.surefire.junit4.JUnit4Provider.invoke(JUnit4Provider.java:155)
	at org.apache.maven.surefire.booter.ForkedBooter.runSuitesInProcess(ForkedBooter.java:385)
	at org.apache.maven.surefire.booter.ForkedBooter.execute(ForkedBooter.java:162)
	at org.apache.maven.surefire.booter.ForkedBooter.run(ForkedBooter.java:507)
	at org.apache.maven.surefire.booter.ForkedBooter.main(ForkedBooter.java:495)
Caused by: java.io.IOException: Error while instrumenting java/net/http/HttpClient$Builder with JaCoCo 0.8.11.202310140853/f33756c.
	at org.jacoco.agent.rt.internal_4742761.core.instr.Instrumenter.instrumentError(Instrumenter.java:161)
	at org.jacoco.agent.rt.internal_4742761.core.instr.Instrumenter.instrument(Instrumenter.java:111)
	at org.jacoco.agent.rt.internal_4742761.CoverageTransformer.transform(CoverageTransformer.java:92)
	... 72 more
Caused by: java.lang.IllegalArgumentException: Unsupported class file major version 68
	at org.jacoco.agent.rt.internal_4742761.asm.ClassReader.<init>(ClassReader.java:200)
	at org.jacoco.agent.rt.internal_4742761.asm.ClassReader.<init>(ClassReader.java:180)
	at org.jacoco.agent.rt.internal_4742761.asm.ClassReader.<init>(ClassReader.java:166)
	at org.jacoco.agent.rt.internal_4742761.core.internal.instr.InstrSupport.classReaderFor(InstrSupport.java:280)
	at org.jacoco.agent.rt.internal_4742761.core.instr.Instrumenter.instrument(Instrumenter.java:77)
	at org.jacoco.agent.rt.internal_4742761.core.instr.Instrumenter.instrument(Instrumenter.java:109)
	... 73 more
java.lang.instrument.IllegalClassFormatException: Error while instrumenting jdk/internal/net/http/HttpClientBuilderImpl with JaCoCo 0.8.11.202310140853/f33756c.
	at org.jacoco.agent.rt.internal_4742761.CoverageTransformer.transform(CoverageTransformer.java:94)
	at java.instrument/java.lang.instrument.ClassFileTransformer.transform(ClassFileTransformer.java:257)
	at java.instrument/sun.instrument.TransformerManager.transform(TransformerManager.java:188)
	at java.instrument/sun.instrument.InstrumentationImpl.transform(InstrumentationImpl.java:594)
	at java.base/java.lang.ClassLoader.defineClass2(Native Method)
	at java.base/java.lang.ClassLoader.defineClass(ClassLoader.java:1052)
	at java.base/java.security.SecureClassLoader.defineClass(SecureClassLoader.java:164)
	at java.base/jdk.internal.loader.BuiltinClassLoader.defineClass(BuiltinClassLoader.java:735)
	at java.base/jdk.internal.loader.BuiltinClassLoader.findClassInModuleOrNull(BuiltinClassLoader.java:678)
	at java.base/jdk.internal.loader.BuiltinClassLoader.loadClassOrNull(BuiltinClassLoader.java:604)
	at java.base/jdk.internal.loader.BuiltinClassLoader.loadClass(BuiltinClassLoader.java:578)
	at java.base/java.lang.ClassLoader.loadClass(ClassLoader.java:490)
	at java.net.http/java.net.http.HttpClient.newBuilder(HttpClient.java:209)
	at org.openqa.selenium.remote.http.jdk.JdkHttpClient.<init>(JdkHttpClient.java:104)
	at org.openqa.selenium.remote.http.jdk.JdkHttpClient$Factory.createClient(JdkHttpClient.java:548)
	at org.openqa.selenium.remote.HttpCommandExecutor.<init>(HttpCommandExecutor.java:117)
	at org.openqa.selenium.remote.HttpCommandExecutor.<init>(HttpCommandExecutor.java:93)
	at org.openqa.selenium.remote.service.DriverCommandExecutor.<init>(DriverCommandExecutor.java:87)
	at org.openqa.selenium.chromium.ChromiumDriverCommandExecutor.<init>(ChromiumDriverCommandExecutor.java:44)
	at org.openqa.selenium.chrome.ChromeDriver$ChromeDriverCommandExecutor.<init>(ChromeDriver.java:114)
	at org.openqa.selenium.chrome.ChromeDriver.generateExecutor(ChromeDriver.java:104)
	at org.openqa.selenium.chrome.ChromeDriver.<init>(ChromeDriver.java:88)
	at org.openqa.selenium.chrome.ChromeDriver.<init>(ChromeDriver.java:83)
	at org.openqa.selenium.chrome.ChromeDriver.<init>(ChromeDriver.java:51)
	at StepDefination.StepDef.setup1(StepDef.java:49)
	at java.base/jdk.internal.reflect.DirectMethodHandleAccessor.invoke(DirectMethodHandleAccessor.java:104)
	at java.base/java.lang.reflect.Method.invoke(Method.java:565)
	at io.cucumber.java.Invoker.doInvoke(Invoker.java:66)
	at io.cucumber.java.Invoker.invoke(Invoker.java:24)
	at io.cucumber.java.AbstractGlueDefinition.invokeMethod(AbstractGlueDefinition.java:47)
	at io.cucumber.java.JavaHookDefinition.execute(JavaHookDefinition.java:68)
	at io.cucumber.core.runner.CoreHookDefinition.execute(CoreHookDefinition.java:47)
	at io.cucumber.core.runner.HookDefinitionMatch.runStep(HookDefinitionMatch.java:21)
	at io.cucumber.core.runner.ExecutionMode$1.execute(ExecutionMode.java:10)
	at io.cucumber.core.runner.TestStep.executeStep(TestStep.java:81)
	at io.cucumber.core.runner.TestStep.run(TestStep.java:53)
	at io.cucumber.core.runner.TestCase.run(TestCase.java:80)
	at io.cucumber.core.runner.Runner.runPickle(Runner.java:77)
	at io.cucumber.junit.PickleRunners$NoStepDescriptions.lambda$run$0(PickleRunners.java:151)
	at io.cucumber.core.runtime.CucumberExecutionContext.lambda$runTestCase$5(CucumberExecutionContext.java:136)
	at io.cucumber.core.runtime.RethrowingThrowableCollector.executeAndThrow(RethrowingThrowableCollector.java:23)
	at io.cucumber.core.runtime.CucumberExecutionContext.runTestCase(CucumberExecutionContext.java:136)
	at io.cucumber.junit.PickleRunners$NoStepDescriptions.run(PickleRunners.java:148)
	at io.cucumber.junit.FeatureRunner.runChild(FeatureRunner.java:144)
	at io.cucumber.junit.FeatureRunner.runChild(FeatureRunner.java:28)
	at org.junit.runners.ParentRunner$4.run(ParentRunner.java:331)
	at org.junit.runners.ParentRunner$1.schedule(ParentRunner.java:79)
	at org.junit.runners.ParentRunner.runChildren(ParentRunner.java:329)
	at org.junit.runners.ParentRunner.access$100(ParentRunner.java:66)
	at org.junit.runners.ParentRunner$2.evaluate(ParentRunner.java:293)
	at org.junit.runners.ParentRunner$3.evaluate(ParentRunner.java:306)
	at org.junit.runners.ParentRunner.run(ParentRunner.java:413)
	at io.cucumber.junit.FeatureRunner.run(FeatureRunner.java:137)
	at io.cucumber.junit.Cucumber.runChild(Cucumber.java:196)
	at io.cucumber.junit.Cucumber.runChild(Cucumber.java:89)
	at org.junit.runners.ParentRunner$4.run(ParentRunner.java:331)
	at org.junit.runners.ParentRunner$1.schedule(ParentRunner.java:79)
	at org.junit.runners.ParentRunner.runChildren(ParentRunner.java:329)
	at org.junit.runners.ParentRunner.access$100(ParentRunner.java:66)
	at org.junit.runners.ParentRunner$2.evaluate(ParentRunner.java:293)
	at io.cucumber.core.runtime.CucumberExecutionContext.lambda$runFeatures$6(CucumberExecutionContext.java:147)
	at io.cucumber.core.runtime.CucumberExecutionContext.execute(CucumberExecutionContext.java:162)
	at io.cucumber.core.runtime.CucumberExecutionContext.runFeatures(CucumberExecutionContext.java:145)
	at io.cucumber.junit.Cucumber$StartAndFinishTestRun.evaluate(Cucumber.java:226)
	at org.junit.runners.ParentRunner$3.evaluate(ParentRunner.java:306)
	at org.junit.runners.ParentRunner.run(ParentRunner.java:413)
	at org.apache.maven.surefire.junit4.JUnit4Provider.execute(JUnit4Provider.java:316)
	at org.apache.maven.surefire.junit4.JUnit4Provider.executeWithRerun(JUnit4Provider.java:240)
	at org.apache.maven.surefire.junit4.JUnit4Provider.executeTestSet(JUnit4Provider.java:214)
	at org.apache.maven.surefire.junit4.JUnit4Provider.invoke(JUnit4Provider.java:155)
	at org.apache.maven.surefire.booter.ForkedBooter.runSuitesInProcess(ForkedBooter.java:385)
	at org.apache.maven.surefire.booter.ForkedBooter.execute(ForkedBooter.java:162)
	at org.apache.maven.surefire.booter.ForkedBooter.run(ForkedBooter.java:507)
	at org.apache.maven.surefire.booter.ForkedBooter.main(ForkedBooter.java:495)
Caused by: java.io.IOException: Error while instrumenting jdk/internal/net/http/HttpClientBuilderImpl with JaCoCo 0.8.11.202310140853/f33756c.
	at org.jacoco.agent.rt.internal_4742761.core.instr.Instrumenter.instrumentError(Instrumenter.java:161)
	at org.jacoco.agent.rt.internal_4742761.core.instr.Instrumenter.instrument(Instrumenter.java:111)
	at org.jacoco.agent.rt.internal_4742761.CoverageTransformer.transform(CoverageTransformer.java:92)
	... 73 more
Caused by: java.lang.IllegalArgumentException: Unsupported class file major version 68
	at org.jacoco.agent.rt.internal_4742761.asm.ClassReader.<init>(ClassReader.java:200)
	at org.jacoco.agent.rt.internal_4742761.asm.ClassReader.<init>(ClassReader.java:180)
	at org.jacoco.agent.rt.internal_4742761.asm.ClassReader.<init>(ClassReader.java:166)
	at org.jacoco.agent.rt.internal_4742761.core.internal.instr.InstrSupport.classReaderFor(InstrSupport.java:280)
	at org.jacoco.agent.rt.internal_4742761.core.instr.Instrumenter.instrument(Instrumenter.java:77)
	at org.jacoco.agent.rt.internal_4742761.core.instr.Instrumenter.instrument(Instrumenter.java:109)
	... 74 more
java.lang.instrument.IllegalClassFormatException: Error while instrumenting jdk/internal/net/http/HttpClientFacade with JaCoCo 0.8.11.202310140853/f33756c.
	at org.jacoco.agent.rt.internal_4742761.CoverageTransformer.transform(CoverageTransformer.java:94)
	at java.instrument/java.lang.instrument.ClassFileTransformer.transform(ClassFileTransformer.java:257)
	at java.instrument/sun.instrument.TransformerManager.transform(TransformerManager.java:188)
	at java.instrument/sun.instrument.InstrumentationImpl.transform(InstrumentationImpl.java:594)
	at java.base/java.lang.ClassLoader.defineClass2(Native Method)
	at java.base/java.lang.ClassLoader.defineClass(ClassLoader.java:1052)
	at java.base/java.security.SecureClassLoader.defineClass(SecureClassLoader.java:164)
	at java.base/jdk.internal.loader.BuiltinClassLoader.defineClass(BuiltinClassLoader.java:735)
	at java.base/jdk.internal.loader.BuiltinClassLoader.findClassInModuleOrNull(BuiltinClassLoader.java:678)
	at java.base/jdk.internal.loader.BuiltinClassLoader.loadClassOrNull(BuiltinClassLoader.java:604)
	at java.base/jdk.internal.loader.BuiltinClassLoader.loadClass(BuiltinClassLoader.java:578)
	at java.base/java.lang.ClassLoader.loadClass(ClassLoader.java:490)
	at java.net.http/java.net.http.HttpClient.newBuilder(HttpClient.java:209)
	at org.openqa.selenium.remote.http.jdk.JdkHttpClient.<init>(JdkHttpClient.java:104)
	at org.openqa.selenium.remote.http.jdk.JdkHttpClient$Factory.createClient(JdkHttpClient.java:548)
	at org.openqa.selenium.remote.HttpCommandExecutor.<init>(HttpCommandExecutor.java:117)
	at org.openqa.selenium.remote.HttpCommandExecutor.<init>(HttpCommandExecutor.java:93)
	at org.openqa.selenium.remote.service.DriverCommandExecutor.<init>(DriverCommandExecutor.java:87)
	at org.openqa.selenium.chromium.ChromiumDriverCommandExecutor.<init>(ChromiumDriverCommandExecutor.java:44)
	at org.openqa.selenium.chrome.ChromeDriver$ChromeDriverCommandExecutor.<init>(ChromeDriver.java:114)
	at org.openqa.selenium.chrome.ChromeDriver.generateExecutor(ChromeDriver.java:104)
	at org.openqa.selenium.chrome.ChromeDriver.<init>(ChromeDriver.java:88)
	at org.openqa.selenium.chrome.ChromeDriver.<init>(ChromeDriver.java:83)
	at org.openqa.selenium.chrome.ChromeDriver.<init>(ChromeDriver.java:51)
	at StepDefination.StepDef.setup1(StepDef.java:49)
	at java.base/jdk.internal.reflect.DirectMethodHandleAccessor.invoke(DirectMethodHandleAccessor.java:104)
	at java.base/java.lang.reflect.Method.invoke(Method.java:565)
	at io.cucumber.java.Invoker.doInvoke(Invoker.java:66)
	at io.cucumber.java.Invoker.invoke(Invoker.java:24)
	at io.cucumber.java.AbstractGlueDefinition.invokeMethod(AbstractGlueDefinition.java:47)
	at io.cucumber.java.JavaHookDefinition.execute(JavaHookDefinition.java:68)
	at io.cucumber.core.runner.CoreHookDefinition.execute(CoreHookDefinition.java:47)
	at io.cucumber.core.runner.HookDefinitionMatch.runStep(HookDefinitionMatch.java:21)
	at io.cucumber.core.runner.ExecutionMode$1.execute(ExecutionMode.java:10)
	at io.cucumber.core.runner.TestStep.executeStep(TestStep.java:81)
	at io.cucumber.core.runner.TestStep.run(TestStep.java:53)
	at io.cucumber.core.runner.TestCase.run(TestCase.java:80)
	at io.cucumber.core.runner.Runner.runPickle(Runner.java:77)
	at io.cucumber.junit.PickleRunners$NoStepDescriptions.lambda$run$0(PickleRunners.java:151)
	at io.cucumber.core.runtime.CucumberExecutionContext.lambda$runTestCase$5(CucumberExecutionContext.java:136)
	at io.cucumber.core.runtime.RethrowingThrowableCollector.executeAndThrow(RethrowingThrowableCollector.java:23)
	at io.cucumber.core.runtime.CucumberExecutionContext.runTestCase(CucumberExecutionContext.java:136)
	at io.cucumber.junit.PickleRunners$NoStepDescriptions.run(PickleRunners.java:148)
	at io.cucumber.junit.FeatureRunner.runChild(FeatureRunner.java:144)
	at io.cucumber.junit.FeatureRunner.runChild(FeatureRunner.java:28)
	at org.junit.runners.ParentRunner$4.run(ParentRunner.java:331)
	at org.junit.runners.ParentRunner$1.schedule(ParentRunner.java:79)
	at org.junit.runners.ParentRunner.runChildren(ParentRunner.java:329)
	at org.junit.runners.ParentRunner.access$100(ParentRunner.java:66)
	at org.junit.runners.ParentRunner$2.evaluate(ParentRunner.java:293)
	at org.junit.runners.ParentRunner$3.evaluate(ParentRunner.java:306)
	at org.junit.runners.ParentRunner.run(ParentRunner.java:413)
	at io.cucumber.junit.FeatureRunner.run(FeatureRunner.java:137)
	at io.cucumber.junit.Cucumber.runChild(Cucumber.java:196)
	at io.cucumber.junit.Cucumber.runChild(Cucumber.java:89)
	at org.junit.runners.ParentRunner$4.run(ParentRunner.java:331)
	at org.junit.runners.ParentRunner$1.schedule(ParentRunner.java:79)
	at org.junit.runners.ParentRunner.runChildren(ParentRunner.java:329)
	at org.junit.runners.ParentRunner.access$100(ParentRunner.java:66)
	at org.junit.runners.ParentRunner$2.evaluate(ParentRunner.java:293)
	at io.cucumber.core.runtime.CucumberExecutionContext.lambda$runFeatures$6(CucumberExecutionContext.java:147)
	at io.cucumber.core.runtime.CucumberExecutionContext.execute(CucumberExecutionContext.java:162)
	at io.cucumber.core.runtime.CucumberExecutionContext.runFeatures(CucumberExecutionContext.java:145)
	at io.cucumber.junit.Cucumber$StartAndFinishTestRun.evaluate(Cucumber.java:226)
	at org.junit.runners.ParentRunner$3.evaluate(ParentRunner.java:306)
	at org.junit.runners.ParentRunner.run(ParentRunner.java:413)
	at org.apache.maven.surefire.junit4.JUnit4Provider.execute(JUnit4Provider.java:316)
	at org.apache.maven.surefire.junit4.JUnit4Provider.executeWithRerun(JUnit4Provider.java:240)
	at org.apache.maven.surefire.junit4.JUnit4Provider.executeTestSet(JUnit4Provider.java:214)
	at org.apache.maven.surefire.junit4.JUnit4Provider.invoke(JUnit4Provider.java:155)
	at org.apache.maven.surefire.booter.ForkedBooter.runSuitesInProcess(ForkedBooter.java:385)
	at org.apache.maven.surefire.booter.ForkedBooter.execute(ForkedBooter.java:162)
	at org.apache.maven.surefire.booter.ForkedBooter.run(ForkedBooter.java:507)
	at org.apache.maven.surefire.booter.ForkedBooter.main(ForkedBooter.java:495)
Caused by: java.io.IOException: Error while instrumenting jdk/internal/net/http/HttpClientFacade with JaCoCo 0.8.11.202310140853/f33756c.
	at org.jacoco.agent.rt.internal_4742761.core.instr.Instrumenter.instrumentError(Instrumenter.java:161)
	at org.jacoco.agent.rt.internal_4742761.core.instr.Instrumenter.instrument(Instrumenter.java:111)
	at org.jacoco.agent.rt.internal_4742761.CoverageTransformer.transform(CoverageTransformer.java:92)
	... 73 more
Caused by: java.lang.IllegalArgumentException: Unsupported class file major version 68
	at org.jacoco.agent.rt.internal_4742761.asm.ClassReader.<init>(ClassReader.java:200)
	at org.jacoco.agent.rt.internal_4742761.asm.ClassReader.<init>(ClassReader.java:180)
	at org.jacoco.agent.rt.internal_4742761.asm.ClassReader.<init>(ClassReader.java:166)
	at org.jacoco.agent.rt.internal_4742761.core.internal.instr.InstrSupport.classReaderFor(InstrSupport.java:280)
	at org.jacoco.agent.rt.internal_4742761.core.instr.Instrumenter.instrument(Instrumenter.java:77)
	at org.jacoco.agent.rt.internal_4742761.core.instr.Instrumenter.instrument(Instrumenter.java:109)
	... 74 more
java.lang.instrument.IllegalClassFormatException: Error while instrumenting jdk/internal/net/http/common/OperationTrackers$Trackable with JaCoCo 0.8.11.202310140853/f33756c.
	at org.jacoco.agent.rt.internal_4742761.CoverageTransformer.transform(CoverageTransformer.java:94)
	at java.instrument/java.lang.instrument.ClassFileTransformer.transform(ClassFileTransformer.java:257)
	at java.instrument/sun.instrument.TransformerManager.transform(TransformerManager.java:188)
	at java.instrument/sun.instrument.InstrumentationImpl.transform(InstrumentationImpl.java:594)
	at java.base/java.lang.ClassLoader.defineClass2(Native Method)
	at java.base/java.lang.ClassLoader.defineClass(ClassLoader.java:1052)
	at java.base/java.security.SecureClassLoader.defineClass(SecureClassLoader.java:164)
	at java.base/jdk.internal.loader.BuiltinClassLoader.defineClass(BuiltinClassLoader.java:735)
	at java.base/jdk.internal.loader.BuiltinClassLoader.findClassInModuleOrNull(BuiltinClassLoader.java:678)
	at java.base/jdk.internal.loader.BuiltinClassLoader.loadClassOrNull(BuiltinClassLoader.java:604)
	at java.base/jdk.internal.loader.BuiltinClassLoader.loadClass(BuiltinClassLoader.java:578)
	at java.base/java.lang.ClassLoader.loadClass(ClassLoader.java:490)
	at java.base/java.lang.ClassLoader.defineClass2(Native Method)
	at java.base/java.lang.ClassLoader.defineClass(ClassLoader.java:1052)
	at java.base/java.security.SecureClassLoader.defineClass(SecureClassLoader.java:164)
	at java.base/jdk.internal.loader.BuiltinClassLoader.defineClass(BuiltinClassLoader.java:735)
	at java.base/jdk.internal.loader.BuiltinClassLoader.findClassInModuleOrNull(BuiltinClassLoader.java:678)
	at java.base/jdk.internal.loader.BuiltinClassLoader.loadClassOrNull(BuiltinClassLoader.java:604)
	at java.base/jdk.internal.loader.BuiltinClassLoader.loadClass(BuiltinClassLoader.java:578)
	at java.base/java.lang.ClassLoader.loadClass(ClassLoader.java:490)
	at java.net.http/java.net.http.HttpClient.newBuilder(HttpClient.java:209)
	at org.openqa.selenium.remote.http.jdk.JdkHttpClient.<init>(JdkHttpClient.java:104)
	at org.openqa.selenium.remote.http.jdk.JdkHttpClient$Factory.createClient(JdkHttpClient.java:548)
	at org.openqa.selenium.remote.HttpCommandExecutor.<init>(HttpCommandExecutor.java:117)
	at org.openqa.selenium.remote.HttpCommandExecutor.<init>(HttpCommandExecutor.java:93)
	at org.openqa.selenium.remote.service.DriverCommandExecutor.<init>(DriverCommandExecutor.java:87)
	at org.openqa.selenium.chromium.ChromiumDriverCommandExecutor.<init>(ChromiumDriverCommandExecutor.java:44)
	at org.openqa.selenium.chrome.ChromeDriver$ChromeDriverCommandExecutor.<init>(ChromeDriver.java:114)
	at org.openqa.selenium.chrome.ChromeDriver.generateExecutor(ChromeDriver.java:104)
	at org.openqa.selenium.chrome.ChromeDriver.<init>(ChromeDriver.java:88)
	at org.openqa.selenium.chrome.ChromeDriver.<init>(ChromeDriver.java:83)
	at org.openqa.selenium.chrome.ChromeDriver.<init>(ChromeDriver.java:51)
	at StepDefination.StepDef.setup1(StepDef.java:49)
	at java.base/jdk.internal.reflect.DirectMethodHandleAccessor.invoke(DirectMethodHandleAccessor.java:104)
	at java.base/java.lang.reflect.Method.invoke(Method.java:565)
	at io.cucumber.java.Invoker.doInvoke(Invoker.java:66)
	at io.cucumber.java.Invoker.invoke(Invoker.java:24)
	at io.cucumber.java.AbstractGlueDefinition.invokeMethod(AbstractGlueDefinition.java:47)
	at io.cucumber.java.JavaHookDefinition.execute(JavaHookDefinition.java:68)
	at io.cucumber.core.runner.CoreHookDefinition.execute(CoreHookDefinition.java:47)
	at io.cucumber.core.runner.HookDefinitionMatch.runStep(HookDefinitionMatch.java:21)
	at io.cucumber.core.runner.ExecutionMode$1.execute(ExecutionMode.java:10)
	at io.cucumber.core.runner.TestStep.executeStep(TestStep.java:81)
	at io.cucumber.core.runner.TestStep.run(TestStep.java:53)
	at io.cucumber.core.runner.TestCase.run(TestCase.java:80)
	at io.cucumber.core.runner.Runner.runPickle(Runner.java:77)
	at io.cucumber.junit.PickleRunners$NoStepDescriptions.lambda$run$0(PickleRunners.java:151)
	at io.cucumber.core.runtime.CucumberExecutionContext.lambda$runTestCase$5(CucumberExecutionContext.java:136)
	at io.cucumber.core.runtime.RethrowingThrowableCollector.executeAndThrow(RethrowingThrowableCollector.java:23)
	at io.cucumber.core.runtime.CucumberExecutionContext.runTestCase(CucumberExecutionContext.java:136)
	at io.cucumber.junit.PickleRunners$NoStepDescriptions.run(PickleRunners.java:148)
	at io.cucumber.junit.FeatureRunner.runChild(FeatureRunner.java:144)
	at io.cucumber.junit.FeatureRunner.runChild(FeatureRunner.java:28)
	at org.junit.runners.ParentRunner$4.run(ParentRunner.java:331)
	at org.junit.runners.ParentRunner$1.schedule(ParentRunner.java:79)
	at org.junit.runners.ParentRunner.runChildren(ParentRunner.java:329)
	at org.junit.runners.ParentRunner.access$100(ParentRunner.java:66)
	at org.junit.runners.ParentRunner$2.evaluate(ParentRunner.java:293)
	at org.junit.runners.ParentRunner$3.evaluate(ParentRunner.java:306)
	at org.junit.runners.ParentRunner.run(ParentRunner.java:413)
	at io.cucumber.junit.FeatureRunner.run(FeatureRunner.java:137)
	at io.cucumber.junit.Cucumber.runChild(Cucumber.java:196)
	at io.cucumber.junit.Cucumber.runChild(Cucumber.java:89)
	at org.junit.runners.ParentRunner$4.run(ParentRunner.java:331)
	at org.junit.runners.ParentRunner$1.schedule(ParentRunner.java:79)
	at org.junit.runners.ParentRunner.runChildren(ParentRunner.java:329)
	at org.junit.runners.ParentRunner.access$100(ParentRunner.java:66)
	at org.junit.runners.ParentRunner$2.evaluate(ParentRunner.java:293)
	at io.cucumber.core.runtime.CucumberExecutionContext.lambda$runFeatures$6(CucumberExecutionContext.java:147)
	at io.cucumber.core.runtime.CucumberExecutionContext.execute(CucumberExecutionContext.java:162)
	at io.cucumber.core.runtime.CucumberExecutionContext.runFeatures(CucumberExecutionContext.java:145)
	at io.cucumber.junit.Cucumber$StartAndFinishTestRun.evaluate(Cucumber.java:226)
	at org.junit.runners.ParentRunner$3.evaluate(ParentRunner.java:306)
	at org.junit.runners.ParentRunner.run(ParentRunner.java:413)
	at org.apache.maven.surefire.junit4.JUnit4Provider.execute(JUnit4Provider.java:316)
	at org.apache.maven.surefire.junit4.JUnit4Provider.executeWithRerun(JUnit4Provider.java:240)
	at org.apache.maven.surefire.junit4.JUnit4Provider.executeTestSet(JUnit4Provider.java:214)
	at org.apache.maven.surefire.junit4.JUnit4Provider.invoke(JUnit4Provider.java:155)
	at org.apache.maven.surefire.booter.ForkedBooter.runSuitesInProcess(ForkedBooter.java:385)
	at org.apache.maven.surefire.booter.ForkedBooter.execute(ForkedBooter.java:162)
	at org.apache.maven.surefire.booter.ForkedBooter.run(ForkedBooter.java:507)
	at org.apache.maven.surefire.booter.ForkedBooter.main(ForkedBooter.java:495)
Caused by: java.io.IOException: Error while instrumenting jdk/internal/net/http/common/OperationTrackers$Trackable with JaCoCo 0.8.11.202310140853/f33756c.
	at org.jacoco.agent.rt.internal_4742761.core.instr.Instrumenter.instrumentError(Instrumenter.java:161)
	at org.jacoco.agent.rt.internal_4742761.core.instr.Instrumenter.instrument(Instrumenter.java:111)
	at org.jacoco.agent.rt.internal_4742761.CoverageTransformer.transform(CoverageTransformer.java:92)
	... 81 more
Caused by: java.lang.IllegalArgumentException: Unsupported class file major version 68
	at org.jacoco.agent.rt.internal_4742761.asm.ClassReader.<init>(ClassReader.java:200)
	at org.jacoco.agent.rt.internal_4742761.asm.ClassReader.<init>(ClassReader.java:180)
	at org.jacoco.agent.rt.internal_4742761.asm.ClassReader.<init>(ClassReader.java:166)
	at org.jacoco.agent.rt.internal_4742761.core.internal.instr.InstrSupport.classReaderFor(InstrSupport.java:280)
	at org.jacoco.agent.rt.internal_4742761.core.instr.Instrumenter.instrument(Instrumenter.java:77)
	at org.jacoco.agent.rt.internal_4742761.core.instr.Instrumenter.instrument(Instrumenter.java:109)
	... 82 more
java.lang.instrument.IllegalClassFormatException: Error while instrumenting java/net/http/HttpClient$Redirect with JaCoCo 0.8.11.202310140853/f33756c.
	at org.jacoco.agent.rt.internal_4742761.CoverageTransformer.transform(CoverageTransformer.java:94)
	at java.instrument/java.lang.instrument.ClassFileTransformer.transform(ClassFileTransformer.java:257)
	at java.instrument/sun.instrument.TransformerManager.transform(TransformerManager.java:188)
	at java.instrument/sun.instrument.InstrumentationImpl.transform(InstrumentationImpl.java:594)
	at java.base/java.lang.ClassLoader.defineClass2(Native Method)
	at java.base/java.lang.ClassLoader.defineClass(ClassLoader.java:1052)
	at java.base/java.security.SecureClassLoader.defineClass(SecureClassLoader.java:164)
	at java.base/jdk.internal.loader.BuiltinClassLoader.defineClass(BuiltinClassLoader.java:735)
	at java.base/jdk.internal.loader.BuiltinClassLoader.findClassInModuleOrNull(BuiltinClassLoader.java:678)
	at java.base/jdk.internal.loader.BuiltinClassLoader.loadClassOrNull(BuiltinClassLoader.java:604)
	at java.base/jdk.internal.loader.BuiltinClassLoader.loadClassOrNull(BuiltinClassLoader.java:639)
	at java.base/jdk.internal.loader.BuiltinClassLoader.loadClassOrNull(BuiltinClassLoader.java:608)
	at java.base/jdk.internal.loader.BuiltinClassLoader.loadClass(BuiltinClassLoader.java:578)
	at java.base/java.lang.ClassLoader.loadClass(ClassLoader.java:490)
	at org.openqa.selenium.remote.http.jdk.JdkHttpClient.<init>(JdkHttpClient.java:105)
	at org.openqa.selenium.remote.http.jdk.JdkHttpClient$Factory.createClient(JdkHttpClient.java:548)
	at org.openqa.selenium.remote.HttpCommandExecutor.<init>(HttpCommandExecutor.java:117)
	at org.openqa.selenium.remote.HttpCommandExecutor.<init>(HttpCommandExecutor.java:93)
	at org.openqa.selenium.remote.service.DriverCommandExecutor.<init>(DriverCommandExecutor.java:87)
	at org.openqa.selenium.chromium.ChromiumDriverCommandExecutor.<init>(ChromiumDriverCommandExecutor.java:44)
	at org.openqa.selenium.chrome.ChromeDriver$ChromeDriverCommandExecutor.<init>(ChromeDriver.java:114)
	at org.openqa.selenium.chrome.ChromeDriver.generateExecutor(ChromeDriver.java:104)
	at org.openqa.selenium.chrome.ChromeDriver.<init>(ChromeDriver.java:88)
	at org.openqa.selenium.chrome.ChromeDriver.<init>(ChromeDriver.java:83)
	at org.openqa.selenium.chrome.ChromeDriver.<init>(ChromeDriver.java:51)
	at StepDefination.StepDef.setup1(StepDef.java:49)
	at java.base/jdk.internal.reflect.DirectMethodHandleAccessor.invoke(DirectMethodHandleAccessor.java:104)
	at java.base/java.lang.reflect.Method.invoke(Method.java:565)
	at io.cucumber.java.Invoker.doInvoke(Invoker.java:66)
	at io.cucumber.java.Invoker.invoke(Invoker.java:24)
	at io.cucumber.java.AbstractGlueDefinition.invokeMethod(AbstractGlueDefinition.java:47)
	at io.cucumber.java.JavaHookDefinition.execute(JavaHookDefinition.java:68)
	at io.cucumber.core.runner.CoreHookDefinition.execute(CoreHookDefinition.java:47)
	at io.cucumber.core.runner.HookDefinitionMatch.runStep(HookDefinitionMatch.java:21)
	at io.cucumber.core.runner.ExecutionMode$1.execute(ExecutionMode.java:10)
	at io.cucumber.core.runner.TestStep.executeStep(TestStep.java:81)
	at io.cucumber.core.runner.TestStep.run(TestStep.java:53)
	at io.cucumber.core.runner.TestCase.run(TestCase.java:80)
	at io.cucumber.core.runner.Runner.runPickle(Runner.java:77)
	at io.cucumber.junit.PickleRunners$NoStepDescriptions.lambda$run$0(PickleRunners.java:151)
	at io.cucumber.core.runtime.CucumberExecutionContext.lambda$runTestCase$5(CucumberExecutionContext.java:136)
	at io.cucumber.core.runtime.RethrowingThrowableCollector.executeAndThrow(RethrowingThrowableCollector.java:23)
	at io.cucumber.core.runtime.CucumberExecutionContext.runTestCase(CucumberExecutionContext.java:136)
	at io.cucumber.junit.PickleRunners$NoStepDescriptions.run(PickleRunners.java:148)
	at io.cucumber.junit.FeatureRunner.runChild(FeatureRunner.java:144)
	at io.cucumber.junit.FeatureRunner.runChild(FeatureRunner.java:28)
	at org.junit.runners.ParentRunner$4.run(ParentRunner.java:331)
	at org.junit.runners.ParentRunner$1.schedule(ParentRunner.java:79)
	at org.junit.runners.ParentRunner.runChildren(ParentRunner.java:329)
	at org.junit.runners.ParentRunner.access$100(ParentRunner.java:66)
	at org.junit.runners.ParentRunner$2.evaluate(ParentRunner.java:293)
	at org.junit.runners.ParentRunner$3.evaluate(ParentRunner.java:306)
	at org.junit.runners.ParentRunner.run(ParentRunner.java:413)
	at io.cucumber.junit.FeatureRunner.run(FeatureRunner.java:137)
	at io.cucumber.junit.Cucumber.runChild(Cucumber.java:196)
	at io.cucumber.junit.Cucumber.runChild(Cucumber.java:89)
	at org.junit.runners.ParentRunner$4.run(ParentRunner.java:331)
	at org.junit.runners.ParentRunner$1.schedule(ParentRunner.java:79)
	at org.junit.runners.ParentRunner.runChildren(ParentRunner.java:329)
	at org.junit.runners.ParentRunner.access$100(ParentRunner.java:66)
	at org.junit.runners.ParentRunner$2.evaluate(ParentRunner.java:293)
	at io.cucumber.core.runtime.CucumberExecutionContext.lambda$runFeatures$6(CucumberExecutionContext.java:147)
	at io.cucumber.core.runtime.CucumberExecutionContext.execute(CucumberExecutionContext.java:162)
	at io.cucumber.core.runtime.CucumberExecutionContext.runFeatures(CucumberExecutionContext.java:145)
	at io.cucumber.junit.Cucumber$StartAndFinishTestRun.evaluate(Cucumber.java:226)
	at org.junit.runners.ParentRunner$3.evaluate(ParentRunner.java:306)
	at org.junit.runners.ParentRunner.run(ParentRunner.java:413)
	at org.apache.maven.surefire.junit4.JUnit4Provider.execute(JUnit4Provider.java:316)
	at org.apache.maven.surefire.junit4.JUnit4Provider.executeWithRerun(JUnit4Provider.java:240)
	at org.apache.maven.surefire.junit4.JUnit4Provider.executeTestSet(JUnit4Provider.java:214)
	at org.apache.maven.surefire.junit4.JUnit4Provider.invoke(JUnit4Provider.java:155)
	at org.apache.maven.surefire.booter.ForkedBooter.runSuitesInProcess(ForkedBooter.java:385)
	at org.apache.maven.surefire.booter.ForkedBooter.execute(ForkedBooter.java:162)
	at org.apache.maven.surefire.booter.ForkedBooter.run(ForkedBooter.java:507)
	at org.apache.maven.surefire.booter.ForkedBooter.main(ForkedBooter.java:495)
Caused by: java.io.IOException: Error while instrumenting java/net/http/HttpClient$Redirect with JaCoCo 0.8.11.202310140853/f33756c.
	at org.jacoco.agent.rt.internal_4742761.core.instr.Instrumenter.instrumentError(Instrumenter.java:161)
	at org.jacoco.agent.rt.internal_4742761.core.instr.Instrumenter.instrument(Instrumenter.java:111)
	at org.jacoco.agent.rt.internal_4742761.CoverageTransformer.transform(CoverageTransformer.java:92)
	... 74 more
Caused by: java.lang.IllegalArgumentException: Unsupported class file major version 68
	at org.jacoco.agent.rt.internal_4742761.asm.ClassReader.<init>(ClassReader.java:200)
	at org.jacoco.agent.rt.internal_4742761.asm.ClassReader.<init>(ClassReader.java:180)
	at org.jacoco.agent.rt.internal_4742761.asm.ClassReader.<init>(ClassReader.java:166)
	at org.jacoco.agent.rt.internal_4742761.core.internal.instr.InstrSupport.classReaderFor(InstrSupport.java:280)
	at org.jacoco.agent.rt.internal_4742761.core.instr.Instrumenter.instrument(Instrumenter.java:77)
	at org.jacoco.agent.rt.internal_4742761.core.instr.Instrumenter.instrument(Instrumenter.java:109)
	... 75 more
java.lang.instrument.IllegalClassFormatException: Error while instrumenting jdk/internal/net/http/HttpClientImpl with JaCoCo 0.8.11.202310140853/f33756c.
	at org.jacoco.agent.rt.internal_4742761.CoverageTransformer.transform(CoverageTransformer.java:94)
	at java.instrument/java.lang.instrument.ClassFileTransformer.transform(ClassFileTransformer.java:257)
	at java.instrument/sun.instrument.TransformerManager.transform(TransformerManager.java:188)
	at java.instrument/sun.instrument.InstrumentationImpl.transform(InstrumentationImpl.java:594)
	at java.base/java.lang.ClassLoader.defineClass2(Native Method)
	at java.base/java.lang.ClassLoader.defineClass(ClassLoader.java:1052)
	at java.base/java.security.SecureClassLoader.defineClass(SecureClassLoader.java:164)
	at java.base/jdk.internal.loader.BuiltinClassLoader.defineClass(BuiltinClassLoader.java:735)
	at java.base/jdk.internal.loader.BuiltinClassLoader.findClassInModuleOrNull(BuiltinClassLoader.java:678)
	at java.base/jdk.internal.loader.BuiltinClassLoader.loadClassOrNull(BuiltinClassLoader.java:604)
	at java.base/jdk.internal.loader.BuiltinClassLoader.loadClass(BuiltinClassLoader.java:578)
	at java.base/java.lang.ClassLoader.loadClass(ClassLoader.java:490)
	at java.net.http/jdk.internal.net.http.HttpClientBuilderImpl.build(HttpClientBuilderImpl.java:142)
	at org.openqa.selenium.remote.http.jdk.JdkHttpClient.<init>(JdkHttpClient.java:156)
	at org.openqa.selenium.remote.http.jdk.JdkHttpClient$Factory.createClient(JdkHttpClient.java:548)
	at org.openqa.selenium.remote.HttpCommandExecutor.<init>(HttpCommandExecutor.java:117)
	at org.openqa.selenium.remote.HttpCommandExecutor.<init>(HttpCommandExecutor.java:93)
	at org.openqa.selenium.remote.service.DriverCommandExecutor.<init>(DriverCommandExecutor.java:87)
	at org.openqa.selenium.chromium.ChromiumDriverCommandExecutor.<init>(ChromiumDriverCommandExecutor.java:44)
	at org.openqa.selenium.chrome.ChromeDriver$ChromeDriverCommandExecutor.<init>(ChromeDriver.java:114)
	at org.openqa.selenium.chrome.ChromeDriver.generateExecutor(ChromeDriver.java:104)
	at org.openqa.selenium.chrome.ChromeDriver.<init>(ChromeDriver.java:88)
	at org.openqa.selenium.chrome.ChromeDriver.<init>(ChromeDriver.java:83)
	at org.openqa.selenium.chrome.ChromeDriver.<init>(ChromeDriver.java:51)
	at StepDefination.StepDef.setup1(StepDef.java:49)
	at java.base/jdk.internal.reflect.DirectMethodHandleAccessor.invoke(DirectMethodHandleAccessor.java:104)
	at java.base/java.lang.reflect.Method.invoke(Method.java:565)
	at io.cucumber.java.Invoker.doInvoke(Invoker.java:66)
	at io.cucumber.java.Invoker.invoke(Invoker.java:24)
	at io.cucumber.java.AbstractGlueDefinition.invokeMethod(AbstractGlueDefinition.java:47)
	at io.cucumber.java.JavaHookDefinition.execute(JavaHookDefinition.java:68)
	at io.cucumber.core.runner.CoreHookDefinition.execute(CoreHookDefinition.java:47)
	at io.cucumber.core.runner.HookDefinitionMatch.runStep(HookDefinitionMatch.java:21)
	at io.cucumber.core.runner.ExecutionMode$1.execute(ExecutionMode.java:10)
	at io.cucumber.core.runner.TestStep.executeStep(TestStep.java:81)
	at io.cucumber.core.runner.TestStep.run(TestStep.java:53)
	at io.cucumber.core.runner.TestCase.run(TestCase.java:80)
	at io.cucumber.core.runner.Runner.runPickle(Runner.java:77)
	at io.cucumber.junit.PickleRunners$NoStepDescriptions.lambda$run$0(PickleRunners.java:151)
	at io.cucumber.core.runtime.CucumberExecutionContext.lambda$runTestCase$5(CucumberExecutionContext.java:136)
	at io.cucumber.core.runtime.RethrowingThrowableCollector.executeAndThrow(RethrowingThrowableCollector.java:23)
	at io.cucumber.core.runtime.CucumberExecutionContext.runTestCase(CucumberExecutionContext.java:136)
	at io.cucumber.junit.PickleRunners$NoStepDescriptions.run(PickleRunners.java:148)
	at io.cucumber.junit.FeatureRunner.runChild(FeatureRunner.java:144)
	at io.cucumber.junit.FeatureRunner.runChild(FeatureRunner.java:28)
	at org.junit.runners.ParentRunner$4.run(ParentRunner.java:331)
	at org.junit.runners.ParentRunner$1.schedule(ParentRunner.java:79)
	at org.junit.runners.ParentRunner.runChildren(ParentRunner.java:329)
	at org.junit.runners.ParentRunner.access$100(ParentRunner.java:66)
	at org.junit.runners.ParentRunner$2.evaluate(ParentRunner.java:293)
	at org.junit.runners.ParentRunner$3.evaluate(ParentRunner.java:306)
	at org.junit.runners.ParentRunner.run(ParentRunner.java:413)
	at io.cucumber.junit.FeatureRunner.run(FeatureRunner.java:137)
	at io.cucumber.junit.Cucumber.runChild(Cucumber.java:196)
	at io.cucumber.junit.Cucumber.runChild(Cucumber.java:89)
	at org.junit.runners.ParentRunner$4.run(ParentRunner.java:331)
	at org.junit.runners.ParentRunner$1.schedule(ParentRunner.java:79)
	at org.junit.runners.ParentRunner.runChildren(ParentRunner.java:329)
	at org.junit.runners.ParentRunner.access$100(ParentRunner.java:66)
	at org.junit.runners.ParentRunner$2.evaluate(ParentRunner.java:293)
	at io.cucumber.core.runtime.CucumberExecutionContext.lambda$runFeatures$6(CucumberExecutionContext.java:147)
	at io.cucumber.core.runtime.CucumberExecutionContext.execute(CucumberExecutionContext.java:162)
	at io.cucumber.core.runtime.CucumberExecutionContext.runFeatures(CucumberExecutionContext.java:145)
	at io.cucumber.junit.Cucumber$StartAndFinishTestRun.evaluate(Cucumber.java:226)
	at org.junit.runners.ParentRunner$3.evaluate(ParentRunner.java:306)
	at org.junit.runners.ParentRunner.run(ParentRunner.java:413)
	at org.apache.maven.surefire.junit4.JUnit4Provider.execute(JUnit4Provider.java:316)
	at org.apache.maven.surefire.junit4.JUnit4Provider.executeWithRerun(JUnit4Provider.java:240)
	at org.apache.maven.surefire.junit4.JUnit4Provider.executeTestSet(JUnit4Provider.java:214)
	at org.apache.maven.surefire.junit4.JUnit4Provider.invoke(JUnit4Provider.java:155)
	at org.apache.maven.surefire.booter.ForkedBooter.runSuitesInProcess(ForkedBooter.java:385)
	at org.apache.maven.surefire.booter.ForkedBooter.execute(ForkedBooter.java:162)
	at org.apache.maven.surefire.booter.ForkedBooter.run(ForkedBooter.java:507)
	at org.apache.maven.surefire.booter.ForkedBooter.main(ForkedBooter.java:495)
Caused by: java.io.IOException: Error while instrumenting jdk/internal/net/http/HttpClientImpl with JaCoCo 0.8.11.202310140853/f33756c.
	at org.jacoco.agent.rt.internal_4742761.core.instr.Instrumenter.instrumentError(Instrumenter.java:161)
	at org.jacoco.agent.rt.internal_4742761.core.instr.Instrumenter.instrument(Instrumenter.java:111)
	at org.jacoco.agent.rt.internal_4742761.CoverageTransformer.transform(CoverageTransformer.java:92)
	... 73 more
Caused by: java.lang.IllegalArgumentException: Unsupported class file major version 68
	at org.jacoco.agent.rt.internal_4742761.asm.ClassReader.<init>(ClassReader.java:200)
	at org.jacoco.agent.rt.internal_4742761.asm.ClassReader.<init>(ClassReader.java:180)
	at org.jacoco.agent.rt.internal_4742761.asm.ClassReader.<init>(ClassReader.java:166)
	at org.jacoco.agent.rt.internal_4742761.core.internal.instr.InstrSupport.classReaderFor(InstrSupport.java:280)
	at org.jacoco.agent.rt.internal_4742761.core.instr.Instrumenter.instrument(Instrumenter.java:77)
	at org.jacoco.agent.rt.internal_4742761.core.instr.Instrumenter.instrument(Instrumenter.java:109)
	... 74 more
java.lang.instrument.IllegalClassFormatException: Error while instrumenting java/net/http/HttpConnectTimeoutException with JaCoCo 0.8.11.202310140853/f33756c.
	at org.jacoco.agent.rt.internal_4742761.CoverageTransformer.transform(CoverageTransformer.java:94)
	at java.instrument/java.lang.instrument.ClassFileTransformer.transform(ClassFileTransformer.java:257)
	at java.instrument/sun.instrument.TransformerManager.transform(TransformerManager.java:188)
	at java.instrument/sun.instrument.InstrumentationImpl.transform(InstrumentationImpl.java:594)
	at java.base/java.lang.ClassLoader.defineClass2(Native Method)
	at java.base/java.lang.ClassLoader.defineClass(ClassLoader.java:1052)
	at java.base/java.security.SecureClassLoader.defineClass(SecureClassLoader.java:164)
	at java.base/jdk.internal.loader.BuiltinClassLoader.defineClass(BuiltinClassLoader.java:735)
	at java.base/jdk.internal.loader.BuiltinClassLoader.findClassInModuleOrNull(BuiltinClassLoader.java:678)
	at java.base/jdk.internal.loader.BuiltinClassLoader.loadClassOrNull(BuiltinClassLoader.java:604)
	at java.base/jdk.internal.loader.BuiltinClassLoader.loadClass(BuiltinClassLoader.java:578)
	at java.base/java.lang.ClassLoader.loadClass(ClassLoader.java:490)
	at java.net.http/jdk.internal.net.http.HttpClientBuilderImpl.build(HttpClientBuilderImpl.java:142)
	at org.openqa.selenium.remote.http.jdk.JdkHttpClient.<init>(JdkHttpClient.java:156)
	at org.openqa.selenium.remote.http.jdk.JdkHttpClient$Factory.createClient(JdkHttpClient.java:548)
	at org.openqa.selenium.remote.HttpCommandExecutor.<init>(HttpCommandExecutor.java:117)
	at org.openqa.selenium.remote.HttpCommandExecutor.<init>(HttpCommandExecutor.java:93)
	at org.openqa.selenium.remote.service.DriverCommandExecutor.<init>(DriverCommandExecutor.java:87)
	at org.openqa.selenium.chromium.ChromiumDriverCommandExecutor.<init>(ChromiumDriverCommandExecutor.java:44)
	at org.openqa.selenium.chrome.ChromeDriver$ChromeDriverCommandExecutor.<init>(ChromeDriver.java:114)
	at org.openqa.selenium.chrome.ChromeDriver.generateExecutor(ChromeDriver.java:104)
	at org.openqa.selenium.chrome.ChromeDriver.<init>(ChromeDriver.java:88)
	at org.openqa.selenium.chrome.ChromeDriver.<init>(ChromeDriver.java:83)
	at org.openqa.selenium.chrome.ChromeDriver.<init>(ChromeDriver.java:51)
	at StepDefination.StepDef.setup1(StepDef.java:49)
	at java.base/jdk.internal.reflect.DirectMethodHandleAccessor.invoke(DirectMethodHandleAccessor.java:104)
	at java.base/java.lang.reflect.Method.invoke(Method.java:565)
	at io.cucumber.java.Invoker.doInvoke(Invoker.java:66)
	at io.cucumber.java.Invoker.invoke(Invoker.java:24)
	at io.cucumber.java.AbstractGlueDefinition.invokeMethod(AbstractGlueDefinition.java:47)
	at io.cucumber.java.JavaHookDefinition.execute(JavaHookDefinition.java:68)
	at io.cucumber.core.runner.CoreHookDefinition.execute(CoreHookDefinition.java:47)
	at io.cucumber.core.runner.HookDefinitionMatch.runStep(HookDefinitionMatch.java:21)
	at io.cucumber.core.runner.ExecutionMode$1.execute(ExecutionMode.java:10)
	at io.cucumber.core.runner.TestStep.executeStep(TestStep.java:81)
	at io.cucumber.core.runner.TestStep.run(TestStep.java:53)
	at io.cucumber.core.runner.TestCase.run(TestCase.java:80)
	at io.cucumber.core.runner.Runner.runPickle(Runner.java:77)
	at io.cucumber.junit.PickleRunners$NoStepDescriptions.lambda$run$0(PickleRunners.java:151)
	at io.cucumber.core.runtime.CucumberExecutionContext.lambda$runTestCase$5(CucumberExecutionContext.java:136)
	at io.cucumber.core.runtime.RethrowingThrowableCollector.executeAndThrow(RethrowingThrowableCollector.java:23)
	at io.cucumber.core.runtime.CucumberExecutionContext.runTestCase(CucumberExecutionContext.java:136)
	at io.cucumber.junit.PickleRunners$NoStepDescriptions.run(PickleRunners.java:148)
	at io.cucumber.junit.FeatureRunner.runChild(FeatureRunner.java:144)
	at io.cucumber.junit.FeatureRunner.runChild(FeatureRunner.java:28)
	at org.junit.runners.ParentRunner$4.run(ParentRunner.java:331)
	at org.junit.runners.ParentRunner$1.schedule(ParentRunner.java:79)
	at org.junit.runners.ParentRunner.runChildren(ParentRunner.java:329)
	at org.junit.runners.ParentRunner.access$100(ParentRunner.java:66)
	at org.junit.runners.ParentRunner$2.evaluate(ParentRunner.java:293)
	at org.junit.runners.ParentRunner$3.evaluate(ParentRunner.java:306)
	at org.junit.runners.ParentRunner.run(ParentRunner.java:413)
	at io.cucumber.junit.FeatureRunner.run(FeatureRunner.java:137)
	at io.cucumber.junit.Cucumber.runChild(Cucumber.java:196)
	at io.cucumber.junit.Cucumber.runChild(Cucumber.java:89)
	at org.junit.runners.ParentRunner$4.run(ParentRunner.java:331)
	at org.junit.runners.ParentRunner$1.schedule(ParentRunner.java:79)
	at org.junit.runners.ParentRunner.runChildren(ParentRunner.java:329)
	at org.junit.runners.ParentRunner.access$100(ParentRunner.java:66)
	at org.junit.runners.ParentRunner$2.evaluate(ParentRunner.java:293)
	at io.cucumber.core.runtime.CucumberExecutionContext.lambda$runFeatures$6(CucumberExecutionContext.java:147)
	at io.cucumber.core.runtime.CucumberExecutionContext.execute(CucumberExecutionContext.java:162)
	at io.cucumber.core.runtime.CucumberExecutionContext.runFeatures(CucumberExecutionContext.java:145)
	at io.cucumber.junit.Cucumber$StartAndFinishTestRun.evaluate(Cucumber.java:226)
	at org.junit.runners.ParentRunner$3.evaluate(ParentRunner.java:306)
	at org.junit.runners.ParentRunner.run(ParentRunner.java:413)
	at org.apache.maven.surefire.junit4.JUnit4Provider.execute(JUnit4Provider.java:316)
	at org.apache.maven.surefire.junit4.JUnit4Provider.executeWithRerun(JUnit4Provider.java:240)
	at org.apache.maven.surefire.junit4.JUnit4Provider.executeTestSet(JUnit4Provider.java:214)
	at org.apache.maven.surefire.junit4.JUnit4Provider.invoke(JUnit4Provider.java:155)
	at org.apache.maven.surefire.booter.ForkedBooter.runSuitesInProcess(ForkedBooter.java:385)
	at org.apache.maven.surefire.booter.ForkedBooter.execute(ForkedBooter.java:162)
	at org.apache.maven.surefire.booter.ForkedBooter.run(ForkedBooter.java:507)
	at org.apache.maven.surefire.booter.ForkedBooter.main(ForkedBooter.java:495)
Caused by: java.io.IOException: Error while instrumenting java/net/http/HttpConnectTimeoutException with JaCoCo 0.8.11.202310140853/f33756c.
	at org.jacoco.agent.rt.internal_4742761.core.instr.Instrumenter.instrumentError(Instrumenter.java:161)
	at org.jacoco.agent.rt.internal_4742761.core.instr.Instrumenter.instrument(Instrumenter.java:111)
	at org.jacoco.agent.rt.internal_4742761.CoverageTransformer.transform(CoverageTransformer.java:92)
	... 73 more
Caused by: java.lang.IllegalArgumentException: Unsupported class file major version 68
	at org.jacoco.agent.rt.internal_4742761.asm.ClassReader.<init>(ClassReader.java:200)
	at org.jacoco.agent.rt.internal_4742761.asm.ClassReader.<init>(ClassReader.java:180)
	at org.jacoco.agent.rt.internal_4742761.asm.ClassReader.<init>(ClassReader.java:166)
	at org.jacoco.agent.rt.internal_4742761.core.internal.instr.InstrSupport.classReaderFor(InstrSupport.java:280)
	at org.jacoco.agent.rt.internal_4742761.core.instr.Instrumenter.instrument(Instrumenter.java:77)
	at org.jacoco.agent.rt.internal_4742761.core.instr.Instrumenter.instrument(Instrumenter.java:109)
	... 74 more
java.lang.instrument.IllegalClassFormatException: Error while instrumenting java/net/http/HttpRequest with JaCoCo 0.8.11.202310140853/f33756c.
	at org.jacoco.agent.rt.internal_4742761.CoverageTransformer.transform(CoverageTransformer.java:94)
	at java.instrument/java.lang.instrument.ClassFileTransformer.transform(ClassFileTransformer.java:257)
	at java.instrument/sun.instrument.TransformerManager.transform(TransformerManager.java:188)
	at java.instrument/sun.instrument.InstrumentationImpl.transform(InstrumentationImpl.java:594)
	at java.base/java.lang.ClassLoader.defineClass2(Native Method)
	at java.base/java.lang.ClassLoader.defineClass(ClassLoader.java:1052)
	at java.base/java.security.SecureClassLoader.defineClass(SecureClassLoader.java:164)
	at java.base/jdk.internal.loader.BuiltinClassLoader.defineClass(BuiltinClassLoader.java:735)
	at java.base/jdk.internal.loader.BuiltinClassLoader.findClassInModuleOrNull(BuiltinClassLoader.java:678)
	at java.base/jdk.internal.loader.BuiltinClassLoader.loadClassOrNull(BuiltinClassLoader.java:604)
	at java.base/jdk.internal.loader.BuiltinClassLoader.loadClass(BuiltinClassLoader.java:578)
	at java.base/java.lang.ClassLoader.loadClass(ClassLoader.java:490)
	at java.net.http/jdk.internal.net.http.HttpClientBuilderImpl.build(HttpClientBuilderImpl.java:142)
	at org.openqa.selenium.remote.http.jdk.JdkHttpClient.<init>(JdkHttpClient.java:156)
	at org.openqa.selenium.remote.http.jdk.JdkHttpClient$Factory.createClient(JdkHttpClient.java:548)
	at org.openqa.selenium.remote.HttpCommandExecutor.<init>(HttpCommandExecutor.java:117)
	at org.openqa.selenium.remote.HttpCommandExecutor.<init>(HttpCommandExecutor.java:93)
	at org.openqa.selenium.remote.service.DriverCommandExecutor.<init>(DriverCommandExecutor.java:87)
	at org.openqa.selenium.chromium.ChromiumDriverCommandExecutor.<init>(ChromiumDriverCommandExecutor.java:44)
	at org.openqa.selenium.chrome.ChromeDriver$ChromeDriverCommandExecutor.<init>(ChromeDriver.java:114)
	at org.openqa.selenium.chrome.ChromeDriver.generateExecutor(ChromeDriver.java:104)
	at org.openqa.selenium.chrome.ChromeDriver.<init>(ChromeDriver.java:88)
	at org.openqa.selenium.chrome.ChromeDriver.<init>(ChromeDriver.java:83)
	at org.openqa.selenium.chrome.ChromeDriver.<init>(ChromeDriver.java:51)
	at StepDefination.StepDef.setup1(StepDef.java:49)
	at java.base/jdk.internal.reflect.DirectMethodHandleAccessor.invoke(DirectMethodHandleAccessor.java:104)
	at java.base/java.lang.reflect.Method.invoke(Method.java:565)
	at io.cucumber.java.Invoker.doInvoke(Invoker.java:66)
	at io.cucumber.java.Invoker.invoke(Invoker.java:24)
	at io.cucumber.java.AbstractGlueDefinition.invokeMethod(AbstractGlueDefinition.java:47)
	at io.cucumber.java.JavaHookDefinition.execute(JavaHookDefinition.java:68)
	at io.cucumber.core.runner.CoreHookDefinition.execute(CoreHookDefinition.java:47)
	at io.cucumber.core.runner.HookDefinitionMatch.runStep(HookDefinitionMatch.java:21)
	at io.cucumber.core.runner.ExecutionMode$1.execute(ExecutionMode.java:10)
	at io.cucumber.core.runner.TestStep.executeStep(TestStep.java:81)
	at io.cucumber.core.runner.TestStep.run(TestStep.java:53)
	at io.cucumber.core.runner.TestCase.run(TestCase.java:80)
	at io.cucumber.core.runner.Runner.runPickle(Runner.java:77)
	at io.cucumber.junit.PickleRunners$NoStepDescriptions.lambda$run$0(PickleRunners.java:151)
	at io.cucumber.core.runtime.CucumberExecutionContext.lambda$runTestCase$5(CucumberExecutionContext.java:136)
	at io.cucumber.core.runtime.RethrowingThrowableCollector.executeAndThrow(RethrowingThrowableCollector.java:23)
	at io.cucumber.core.runtime.CucumberExecutionContext.runTestCase(CucumberExecutionContext.java:136)
	at io.cucumber.junit.PickleRunners$NoStepDescriptions.run(PickleRunners.java:148)
	at io.cucumber.junit.FeatureRunner.runChild(FeatureRunner.java:144)
	at io.cucumber.junit.FeatureRunner.runChild(FeatureRunner.java:28)
	at org.junit.runners.ParentRunner$4.run(ParentRunner.java:331)
	at org.junit.runners.ParentRunner$1.schedule(ParentRunner.java:79)
	at org.junit.runners.ParentRunner.runChildren(ParentRunner.java:329)
	at org.junit.runners.ParentRunner.access$100(ParentRunner.java:66)
	at org.junit.runners.ParentRunner$2.evaluate(ParentRunner.java:293)
	at org.junit.runners.ParentRunner$3.evaluate(ParentRunner.java:306)
	at org.junit.runners.ParentRunner.run(ParentRunner.java:413)
	at io.cucumber.junit.FeatureRunner.run(FeatureRunner.java:137)
	at io.cucumber.junit.Cucumber.runChild(Cucumber.java:196)
	at io.cucumber.junit.Cucumber.runChild(Cucumber.java:89)
	at org.junit.runners.ParentRunner$4.run(ParentRunner.java:331)
	at org.junit.runners.ParentRunner$1.schedule(ParentRunner.java:79)
	at org.junit.runners.ParentRunner.runChildren(ParentRunner.java:329)
	at org.junit.runners.ParentRunner.access$100(ParentRunner.java:66)
	at org.junit.runners.ParentRunner$2.evaluate(ParentRunner.java:293)
	at io.cucumber.core.runtime.CucumberExecutionContext.lambda$runFeatures$6(CucumberExecutionContext.java:147)
	at io.cucumber.core.runtime.CucumberExecutionContext.execute(CucumberExecutionContext.java:162)
	at io.cucumber.core.runtime.CucumberExecutionContext.runFeatures(CucumberExecutionContext.java:145)
	at io.cucumber.junit.Cucumber$StartAndFinishTestRun.evaluate(Cucumber.java:226)
	at org.junit.runners.ParentRunner$3.evaluate(ParentRunner.java:306)
	at org.junit.runners.ParentRunner.run(ParentRunner.java:413)
	at org.apache.maven.surefire.junit4.JUnit4Provider.execute(JUnit4Provider.java:316)
	at org.apache.maven.surefire.junit4.JUnit4Provider.executeWithRerun(JUnit4Provider.java:240)
	at org.apache.maven.surefire.junit4.JUnit4Provider.executeTestSet(JUnit4Provider.java:214)
	at org.apache.maven.surefire.junit4.JUnit4Provider.invoke(JUnit4Provider.java:155)
	at org.apache.maven.surefire.booter.ForkedBooter.runSuitesInProcess(ForkedBooter.java:385)
	at org.apache.maven.surefire.booter.ForkedBooter.execute(ForkedBooter.java:162)
	at org.apache.maven.surefire.booter.ForkedBooter.run(ForkedBooter.java:507)
	at org.apache.maven.surefire.booter.ForkedBooter.main(ForkedBooter.java:495)
Caused by: java.io.IOException: Error while instrumenting java/net/http/HttpRequest with JaCoCo 0.8.11.202310140853/f33756c.
	at org.jacoco.agent.rt.internal_4742761.core.instr.Instrumenter.instrumentError(Instrumenter.java:161)
	at org.jacoco.agent.rt.internal_4742761.core.instr.Instrumenter.instrument(Instrumenter.java:111)
	at org.jacoco.agent.rt.internal_4742761.CoverageTransformer.transform(CoverageTransformer.java:92)
	... 73 more
Caused by: java.lang.IllegalArgumentException: Unsupported class file major version 68
	at org.jacoco.agent.rt.internal_4742761.asm.ClassReader.<init>(ClassReader.java:200)
	at org.jacoco.agent.rt.internal_4742761.asm.ClassReader.<init>(ClassReader.java:180)
	at org.jacoco.agent.rt.internal_4742761.asm.ClassReader.<init>(ClassReader.java:166)
	at org.jacoco.agent.rt.internal_4742761.core.internal.instr.InstrSupport.classReaderFor(InstrSupport.java:280)
	at org.jacoco.agent.rt.internal_4742761.core.instr.Instrumenter.instrument(Instrumenter.java:77)
	at org.jacoco.agent.rt.internal_4742761.core.instr.Instrumenter.instrument(Instrumenter.java:109)
	... 74 more
java.lang.instrument.IllegalClassFormatException: Error while instrumenting jdk/internal/net/http/HttpRequestImpl with JaCoCo 0.8.11.202310140853/f33756c.
	at org.jacoco.agent.rt.internal_4742761.CoverageTransformer.transform(CoverageTransformer.java:94)
	at java.instrument/java.lang.instrument.ClassFileTransformer.transform(ClassFileTransformer.java:257)
	at java.instrument/sun.instrument.TransformerManager.transform(TransformerManager.java:188)
	at java.instrument/sun.instrument.InstrumentationImpl.transform(InstrumentationImpl.java:594)
	at java.base/java.lang.ClassLoader.defineClass2(Native Method)
	at java.base/java.lang.ClassLoader.defineClass(ClassLoader.java:1052)
	at java.base/java.security.SecureClassLoader.defineClass(SecureClassLoader.java:164)
	at java.base/jdk.internal.loader.BuiltinClassLoader.defineClass(BuiltinClassLoader.java:735)
	at java.base/jdk.internal.loader.BuiltinClassLoader.findClassInModuleOrNull(BuiltinClassLoader.java:678)
	at java.base/jdk.internal.loader.BuiltinClassLoader.loadClassOrNull(BuiltinClassLoader.java:604)
	at java.base/jdk.internal.loader.BuiltinClassLoader.loadClass(BuiltinClassLoader.java:578)
	at java.base/java.lang.ClassLoader.loadClass(ClassLoader.java:490)
	at java.net.http/jdk.internal.net.http.HttpClientBuilderImpl.build(HttpClientBuilderImpl.java:142)
	at org.openqa.selenium.remote.http.jdk.JdkHttpClient.<init>(JdkHttpClient.java:156)
	at org.openqa.selenium.remote.http.jdk.JdkHttpClient$Factory.createClient(JdkHttpClient.java:548)
	at org.openqa.selenium.remote.HttpCommandExecutor.<init>(HttpCommandExecutor.java:117)
	at org.openqa.selenium.remote.HttpCommandExecutor.<init>(HttpCommandExecutor.java:93)
	at org.openqa.selenium.remote.service.DriverCommandExecutor.<init>(DriverCommandExecutor.java:87)
	at org.openqa.selenium.chromium.ChromiumDriverCommandExecutor.<init>(ChromiumDriverCommandExecutor.java:44)
	at org.openqa.selenium.chrome.ChromeDriver$ChromeDriverCommandExecutor.<init>(ChromeDriver.java:114)
	at org.openqa.selenium.chrome.ChromeDriver.generateExecutor(ChromeDriver.java:104)
	at org.openqa.selenium.chrome.ChromeDriver.<init>(ChromeDriver.java:88)
	at org.openqa.selenium.chrome.ChromeDriver.<init>(ChromeDriver.java:83)
	at org.openqa.selenium.chrome.ChromeDriver.<init>(ChromeDriver.java:51)
	at StepDefination.StepDef.setup1(StepDef.java:49)
	at java.base/jdk.internal.reflect.DirectMethodHandleAccessor.invoke(DirectMethodHandleAccessor.java:104)
	at java.base/java.lang.reflect.Method.invoke(Method.java:565)
	at io.cucumber.java.Invoker.doInvoke(Invoker.java:66)
	at io.cucumber.java.Invoker.invoke(Invoker.java:24)
	at io.cucumber.java.AbstractGlueDefinition.invokeMethod(AbstractGlueDefinition.java:47)
	at io.cucumber.java.JavaHookDefinition.execute(JavaHookDefinition.java:68)
	at io.cucumber.core.runner.CoreHookDefinition.execute(CoreHookDefinition.java:47)
	at io.cucumber.core.runner.HookDefinitionMatch.runStep(HookDefinitionMatch.java:21)
	at io.cucumber.core.runner.ExecutionMode$1.execute(ExecutionMode.java:10)
	at io.cucumber.core.runner.TestStep.executeStep(TestStep.java:81)
	at io.cucumber.core.runner.TestStep.run(TestStep.java:53)
	at io.cucumber.core.runner.TestCase.run(TestCase.java:80)
	at io.cucumber.core.runner.Runner.runPickle(Runner.java:77)
	at io.cucumber.junit.PickleRunners$NoStepDescriptions.lambda$run$0(PickleRunners.java:151)
	at io.cucumber.core.runtime.CucumberExecutionContext.lambda$runTestCase$5(CucumberExecutionContext.java:136)
	at io.cucumber.core.runtime.RethrowingThrowableCollector.executeAndThrow(RethrowingThrowableCollector.java:23)
	at io.cucumber.core.runtime.CucumberExecutionContext.runTestCase(CucumberExecutionContext.java:136)
	at io.cucumber.junit.PickleRunners$NoStepDescriptions.run(PickleRunners.java:148)
	at io.cucumber.junit.FeatureRunner.runChild(FeatureRunner.java:144)
	at io.cucumber.junit.FeatureRunner.runChild(FeatureRunner.java:28)
	at org.junit.runners.ParentRunner$4.run(ParentRunner.java:331)
	at org.junit.runners.ParentRunner$1.schedule(ParentRunner.java:79)
	at org.junit.runners.ParentRunner.runChildren(ParentRunner.java:329)
	at org.junit.runners.ParentRunner.access$100(ParentRunner.java:66)
	at org.junit.runners.ParentRunner$2.evaluate(ParentRunner.java:293)
	at org.junit.runners.ParentRunner$3.evaluate(ParentRunner.java:306)
	at org.junit.runners.ParentRunner.run(ParentRunner.java:413)
	at io.cucumber.junit.FeatureRunner.run(FeatureRunner.java:137)
	at io.cucumber.junit.Cucumber.runChild(Cucumber.java:196)
	at io.cucumber.junit.Cucumber.runChild(Cucumber.java:89)
	at org.junit.runners.ParentRunner$4.run(ParentRunner.java:331)
	at org.junit.runners.ParentRunner$1.schedule(ParentRunner.java:79)
	at org.junit.runners.ParentRunner.runChildren(ParentRunner.java:329)
	at org.junit.runners.ParentRunner.access$100(ParentRunner.java:66)
	at org.junit.runners.ParentRunner$2.evaluate(ParentRunner.java:293)
	at io.cucumber.core.runtime.CucumberExecutionContext.lambda$runFeatures$6(CucumberExecutionContext.java:147)
	at io.cucumber.core.runtime.CucumberExecutionContext.execute(CucumberExecutionContext.java:162)
	at io.cucumber.core.runtime.CucumberExecutionContext.runFeatures(CucumberExecutionContext.java:145)
	at io.cucumber.junit.Cucumber$StartAndFinishTestRun.evaluate(Cucumber.java:226)
	at org.junit.runners.ParentRunner$3.evaluate(ParentRunner.java:306)
	at org.junit.runners.ParentRunner.run(ParentRunner.java:413)
	at org.apache.maven.surefire.junit4.JUnit4Provider.execute(JUnit4Provider.java:316)
	at org.apache.maven.surefire.junit4.JUnit4Provider.executeWithRerun(JUnit4Provider.java:240)
	at org.apache.maven.surefire.junit4.JUnit4Provider.executeTestSet(JUnit4Provider.java:214)
	at org.apache.maven.surefire.junit4.JUnit4Provider.invoke(JUnit4Provider.java:155)
	at org.apache.maven.surefire.booter.ForkedBooter.runSuitesInProcess(ForkedBooter.java:385)
	at org.apache.maven.surefire.booter.ForkedBooter.execute(ForkedBooter.java:162)
	at org.apache.maven.surefire.booter.ForkedBooter.run(ForkedBooter.java:507)
	at org.apache.maven.surefire.booter.ForkedBooter.main(ForkedBooter.java:495)
Caused by: java.io.IOException: Error while instrumenting jdk/internal/net/http/HttpRequestImpl with JaCoCo 0.8.11.202310140853/f33756c.
	at org.jacoco.agent.rt.internal_4742761.core.instr.Instrumenter.instrumentError(Instrumenter.java:161)
	at org.jacoco.agent.rt.internal_4742761.core.instr.Instrumenter.instrument(Instrumenter.java:111)
	at org.jacoco.agent.rt.internal_4742761.CoverageTransformer.transform(CoverageTransformer.java:92)
	... 73 more
Caused by: java.lang.IllegalArgumentException: Unsupported class file major version 68
	at org.jacoco.agent.rt.internal_4742761.asm.ClassReader.<init>(ClassReader.java:200)
	at org.jacoco.agent.rt.internal_4742761.asm.ClassReader.<init>(ClassReader.java:180)
	at org.jacoco.agent.rt.internal_4742761.asm.ClassReader.<init>(ClassReader.java:166)
	at org.jacoco.agent.rt.internal_4742761.core.internal.instr.InstrSupport.classReaderFor(InstrSupport.java:280)
	at org.jacoco.agent.rt.internal_4742761.core.instr.Instrumenter.instrument(Instrumenter.java:77)
	at org.jacoco.agent.rt.internal_4742761.core.instr.Instrumenter.instrument(Instrumenter.java:109)
	... 74 more
java.lang.instrument.IllegalClassFormatException: Error while instrumenting jdk/internal/net/http/websocket/WebSocketRequest with JaCoCo 0.8.11.202310140853/f33756c.
	at org.jacoco.agent.rt.internal_4742761.CoverageTransformer.transform(CoverageTransformer.java:94)
	at java.instrument/java.lang.instrument.ClassFileTransformer.transform(ClassFileTransformer.java:257)
	at java.instrument/sun.instrument.TransformerManager.transform(TransformerManager.java:188)
	at java.instrument/sun.instrument.InstrumentationImpl.transform(InstrumentationImpl.java:594)
	at java.base/java.lang.ClassLoader.defineClass2(Native Method)
	at java.base/java.lang.ClassLoader.defineClass(ClassLoader.java:1052)
	at java.base/java.security.SecureClassLoader.defineClass(SecureClassLoader.java:164)
	at java.base/jdk.internal.loader.BuiltinClassLoader.defineClass(BuiltinClassLoader.java:735)
	at java.base/jdk.internal.loader.BuiltinClassLoader.findClassInModuleOrNull(BuiltinClassLoader.java:678)
	at java.base/jdk.internal.loader.BuiltinClassLoader.loadClassOrNull(BuiltinClassLoader.java:604)
	at java.base/jdk.internal.loader.BuiltinClassLoader.loadClass(BuiltinClassLoader.java:578)
	at java.base/java.lang.ClassLoader.loadClass(ClassLoader.java:490)
	at java.base/java.lang.ClassLoader.defineClass2(Native Method)
	at java.base/java.lang.ClassLoader.defineClass(ClassLoader.java:1052)
	at java.base/java.security.SecureClassLoader.defineClass(SecureClassLoader.java:164)
	at java.base/jdk.internal.loader.BuiltinClassLoader.defineClass(BuiltinClassLoader.java:735)
	at java.base/jdk.internal.loader.BuiltinClassLoader.findClassInModuleOrNull(BuiltinClassLoader.java:678)
	at java.base/jdk.internal.loader.BuiltinClassLoader.loadClassOrNull(BuiltinClassLoader.java:604)
	at java.base/jdk.internal.loader.BuiltinClassLoader.loadClass(BuiltinClassLoader.java:578)
	at java.base/java.lang.ClassLoader.loadClass(ClassLoader.java:490)
	at java.net.http/jdk.internal.net.http.HttpClientBuilderImpl.build(HttpClientBuilderImpl.java:142)
	at org.openqa.selenium.remote.http.jdk.JdkHttpClient.<init>(JdkHttpClient.java:156)
	at org.openqa.selenium.remote.http.jdk.JdkHttpClient$Factory.createClient(JdkHttpClient.java:548)
	at org.openqa.selenium.remote.HttpCommandExecutor.<init>(HttpCommandExecutor.java:117)
	at org.openqa.selenium.remote.HttpCommandExecutor.<init>(HttpCommandExecutor.java:93)
	at org.openqa.selenium.remote.service.DriverCommandExecutor.<init>(DriverCommandExecutor.java:87)
	at org.openqa.selenium.chromium.ChromiumDriverCommandExecutor.<init>(ChromiumDriverCommandExecutor.java:44)
	at org.openqa.selenium.chrome.ChromeDriver$ChromeDriverCommandExecutor.<init>(ChromeDriver.java:114)
	at org.openqa.selenium.chrome.ChromeDriver.generateExecutor(ChromeDriver.java:104)
	at org.openqa.selenium.chrome.ChromeDriver.<init>(ChromeDriver.java:88)
	at org.openqa.selenium.chrome.ChromeDriver.<init>(ChromeDriver.java:83)
	at org.openqa.selenium.chrome.ChromeDriver.<init>(ChromeDriver.java:51)
	at StepDefination.StepDef.setup1(StepDef.java:49)
	at java.base/jdk.internal.reflect.DirectMethodHandleAccessor.invoke(DirectMethodHandleAccessor.java:104)
	at java.base/java.lang.reflect.Method.invoke(Method.java:565)
	at io.cucumber.java.Invoker.doInvoke(Invoker.java:66)
	at io.cucumber.java.Invoker.invoke(Invoker.java:24)
	at io.cucumber.java.AbstractGlueDefinition.invokeMethod(AbstractGlueDefinition.java:47)
	at io.cucumber.java.JavaHookDefinition.execute(JavaHookDefinition.java:68)
	at io.cucumber.core.runner.CoreHookDefinition.execute(CoreHookDefinition.java:47)
	at io.cucumber.core.runner.HookDefinitionMatch.runStep(HookDefinitionMatch.java:21)
	at io.cucumber.core.runner.ExecutionMode$1.execute(ExecutionMode.java:10)
	at io.cucumber.core.runner.TestStep.executeStep(TestStep.java:81)
	at io.cucumber.core.runner.TestStep.run(TestStep.java:53)
	at io.cucumber.core.runner.TestCase.run(TestCase.java:80)
	at io.cucumber.core.runner.Runner.runPickle(Runner.java:77)
	at io.cucumber.junit.PickleRunners$NoStepDescriptions.lambda$run$0(PickleRunners.java:151)
	at io.cucumber.core.runtime.CucumberExecutionContext.lambda$runTestCase$5(CucumberExecutionContext.java:136)
	at io.cucumber.core.runtime.RethrowingThrowableCollector.executeAndThrow(RethrowingThrowableCollector.java:23)
	at io.cucumber.core.runtime.CucumberExecutionContext.runTestCase(CucumberExecutionContext.java:136)
	at io.cucumber.junit.PickleRunners$NoStepDescriptions.run(PickleRunners.java:148)
	at io.cucumber.junit.FeatureRunner.runChild(FeatureRunner.java:144)
	at io.cucumber.junit.FeatureRunner.runChild(FeatureRunner.java:28)
	at org.junit.runners.ParentRunner$4.run(ParentRunner.java:331)
	at org.junit.runners.ParentRunner$1.schedule(ParentRunner.java:79)
	at org.junit.runners.ParentRunner.runChildren(ParentRunner.java:329)
	at org.junit.runners.ParentRunner.access$100(ParentRunner.java:66)
	at org.junit.runners.ParentRunner$2.evaluate(ParentRunner.java:293)
	at org.junit.runners.ParentRunner$3.evaluate(ParentRunner.java:306)
	at org.junit.runners.ParentRunner.run(ParentRunner.java:413)
	at io.cucumber.junit.FeatureRunner.run(FeatureRunner.java:137)
	at io.cucumber.junit.Cucumber.runChild(Cucumber.java:196)
	at io.cucumber.junit.Cucumber.runChild(Cucumber.java:89)
	at org.junit.runners.ParentRunner$4.run(ParentRunner.java:331)
	at org.junit.runners.ParentRunner$1.schedule(ParentRunner.java:79)
	at org.junit.runners.ParentRunner.runChildren(ParentRunner.java:329)
	at org.junit.runners.ParentRunner.access$100(ParentRunner.java:66)
	at org.junit.runners.ParentRunner$2.evaluate(ParentRunner.java:293)
	at io.cucumber.core.runtime.CucumberExecutionContext.lambda$runFeatures$6(CucumberExecutionContext.java:147)
	at io.cucumber.core.runtime.CucumberExecutionContext.execute(CucumberExecutionContext.java:162)
	at io.cucumber.core.runtime.CucumberExecutionContext.runFeatures(CucumberExecutionContext.java:145)
	at io.cucumber.junit.Cucumber$StartAndFinishTestRun.evaluate(Cucumber.java:226)
	at org.junit.runners.ParentRunner$3.evaluate(ParentRunner.java:306)
	at org.junit.runners.ParentRunner.run(ParentRunner.java:413)
	at org.apache.maven.surefire.junit4.JUnit4Provider.execute(JUnit4Provider.java:316)
	at org.apache.maven.surefire.junit4.JUnit4Provider.executeWithRerun(JUnit4Provider.java:240)
	at org.apache.maven.surefire.junit4.JUnit4Provider.executeTestSet(JUnit4Provider.java:214)
	at org.apache.maven.surefire.junit4.JUnit4Provider.invoke(JUnit4Provider.java:155)
	at org.apache.maven.surefire.booter.ForkedBooter.runSuitesInProcess(ForkedBooter.java:385)
	at org.apache.maven.surefire.booter.ForkedBooter.execute(ForkedBooter.java:162)
	at org.apache.maven.surefire.booter.ForkedBooter.run(ForkedBooter.java:507)
	at org.apache.maven.surefire.booter.ForkedBooter.main(ForkedBooter.java:495)
Caused by: java.io.IOException: Error while instrumenting jdk/internal/net/http/websocket/WebSocketRequest with JaCoCo 0.8.11.202310140853/f33756c.
	at org.jacoco.agent.rt.internal_4742761.core.instr.Instrumenter.instrumentError(Instrumenter.java:161)
	at org.jacoco.agent.rt.internal_4742761.core.instr.Instrumenter.instrument(Instrumenter.java:111)
	at org.jacoco.agent.rt.internal_4742761.CoverageTransformer.transform(CoverageTransformer.java:92)
	... 81 more
Caused by: java.lang.IllegalArgumentException: Unsupported class file major version 68
	at org.jacoco.agent.rt.internal_4742761.asm.ClassReader.<init>(ClassReader.java:200)
	at org.jacoco.agent.rt.internal_4742761.asm.ClassReader.<init>(ClassReader.java:180)
	at org.jacoco.agent.rt.internal_4742761.asm.ClassReader.<init>(ClassReader.java:166)
	at org.jacoco.agent.rt.internal_4742761.core.internal.instr.InstrSupport.classReaderFor(InstrSupport.java:280)
	at org.jacoco.agent.rt.internal_4742761.core.instr.Instrumenter.instrument(Instrumenter.java:77)
	at org.jacoco.agent.rt.internal_4742761.core.instr.Instrumenter.instrument(Instrumenter.java:109)
	... 82 more
java.lang.instrument.IllegalClassFormatException: Error while instrumenting java/net/http/WebSocket$Builder with JaCoCo 0.8.11.202310140853/f33756c.
	at org.jacoco.agent.rt.internal_4742761.CoverageTransformer.transform(CoverageTransformer.java:94)
	at java.instrument/java.lang.instrument.ClassFileTransformer.transform(ClassFileTransformer.java:257)
	at java.instrument/sun.instrument.TransformerManager.transform(TransformerManager.java:188)
	at java.instrument/sun.instrument.InstrumentationImpl.transform(InstrumentationImpl.java:594)
	at java.base/java.lang.ClassLoader.defineClass2(Native Method)
	at java.base/java.lang.ClassLoader.defineClass(ClassLoader.java:1052)
	at java.base/java.security.SecureClassLoader.defineClass(SecureClassLoader.java:164)
	at java.base/jdk.internal.loader.BuiltinClassLoader.defineClass(BuiltinClassLoader.java:735)
	at java.base/jdk.internal.loader.BuiltinClassLoader.findClassInModuleOrNull(BuiltinClassLoader.java:678)
	at java.base/jdk.internal.loader.BuiltinClassLoader.loadClassOrNull(BuiltinClassLoader.java:604)
	at java.base/jdk.internal.loader.BuiltinClassLoader.loadClass(BuiltinClassLoader.java:578)
	at java.base/java.lang.ClassLoader.loadClass(ClassLoader.java:490)
	at java.net.http/jdk.internal.net.http.HttpClientBuilderImpl.build(HttpClientBuilderImpl.java:142)
	at org.openqa.selenium.remote.http.jdk.JdkHttpClient.<init>(JdkHttpClient.java:156)
	at org.openqa.selenium.remote.http.jdk.JdkHttpClient$Factory.createClient(JdkHttpClient.java:548)
	at org.openqa.selenium.remote.HttpCommandExecutor.<init>(HttpCommandExecutor.java:117)
	at org.openqa.selenium.remote.HttpCommandExecutor.<init>(HttpCommandExecutor.java:93)
	at org.openqa.selenium.remote.service.DriverCommandExecutor.<init>(DriverCommandExecutor.java:87)
	at org.openqa.selenium.chromium.ChromiumDriverCommandExecutor.<init>(ChromiumDriverCommandExecutor.java:44)
	at org.openqa.selenium.chrome.ChromeDriver$ChromeDriverCommandExecutor.<init>(ChromeDriver.java:114)
	at org.openqa.selenium.chrome.ChromeDriver.generateExecutor(ChromeDriver.java:104)
	at org.openqa.selenium.chrome.ChromeDriver.<init>(ChromeDriver.java:88)
	at org.openqa.selenium.chrome.ChromeDriver.<init>(ChromeDriver.java:83)
	at org.openqa.selenium.chrome.ChromeDriver.<init>(ChromeDriver.java:51)
	at StepDefination.StepDef.setup1(StepDef.java:49)
	at java.base/jdk.internal.reflect.DirectMethodHandleAccessor.invoke(DirectMethodHandleAccessor.java:104)
	at java.base/java.lang.reflect.Method.invoke(Method.java:565)
	at io.cucumber.java.Invoker.doInvoke(Invoker.java:66)
	at io.cucumber.java.Invoker.invoke(Invoker.java:24)
	at io.cucumber.java.AbstractGlueDefinition.invokeMethod(AbstractGlueDefinition.java:47)
	at io.cucumber.java.JavaHookDefinition.execute(JavaHookDefinition.java:68)
	at io.cucumber.core.runner.CoreHookDefinition.execute(CoreHookDefinition.java:47)
	at io.cucumber.core.runner.HookDefinitionMatch.runStep(HookDefinitionMatch.java:21)
	at io.cucumber.core.runner.ExecutionMode$1.execute(ExecutionMode.java:10)
	at io.cucumber.core.runner.TestStep.executeStep(TestStep.java:81)
	at io.cucumber.core.runner.TestStep.run(TestStep.java:53)
	at io.cucumber.core.runner.TestCase.run(TestCase.java:80)
	at io.cucumber.core.runner.Runner.runPickle(Runner.java:77)
	at io.cucumber.junit.PickleRunners$NoStepDescriptions.lambda$run$0(PickleRunners.java:151)
	at io.cucumber.core.runtime.CucumberExecutionContext.lambda$runTestCase$5(CucumberExecutionContext.java:136)
	at io.cucumber.core.runtime.RethrowingThrowableCollector.executeAndThrow(RethrowingThrowableCollector.java:23)
	at io.cucumber.core.runtime.CucumberExecutionContext.runTestCase(CucumberExecutionContext.java:136)
	at io.cucumber.junit.PickleRunners$NoStepDescriptions.run(PickleRunners.java:148)
	at io.cucumber.junit.FeatureRunner.runChild(FeatureRunner.java:144)
	at io.cucumber.junit.FeatureRunner.runChild(FeatureRunner.java:28)
	at org.junit.runners.ParentRunner$4.run(ParentRunner.java:331)
	at org.junit.runners.ParentRunner$1.schedule(ParentRunner.java:79)
	at org.junit.runners.ParentRunner.runChildren(ParentRunner.java:329)
	at org.junit.runners.ParentRunner.access$100(ParentRunner.java:66)
	at org.junit.runners.ParentRunner$2.evaluate(ParentRunner.java:293)
	at org.junit.runners.ParentRunner$3.evaluate(ParentRunner.java:306)
	at org.junit.runners.ParentRunner.run(ParentRunner.java:413)
	at io.cucumber.junit.FeatureRunner.run(FeatureRunner.java:137)
	at io.cucumber.junit.Cucumber.runChild(Cucumber.java:196)
	at io.cucumber.junit.Cucumber.runChild(Cucumber.java:89)
	at org.junit.runners.ParentRunner$4.run(ParentRunner.java:331)
	at org.junit.runners.ParentRunner$1.schedule(ParentRunner.java:79)
	at org.junit.runners.ParentRunner.runChildren(ParentRunner.java:329)
	at org.junit.runners.ParentRunner.access$100(ParentRunner.java:66)
	at org.junit.runners.ParentRunner$2.evaluate(ParentRunner.java:293)
	at io.cucumber.core.runtime.CucumberExecutionContext.lambda$runFeatures$6(CucumberExecutionContext.java:147)
	at io.cucumber.core.runtime.CucumberExecutionContext.execute(CucumberExecutionContext.java:162)
	at io.cucumber.core.runtime.CucumberExecutionContext.runFeatures(CucumberExecutionContext.java:145)
	at io.cucumber.junit.Cucumber$StartAndFinishTestRun.evaluate(Cucumber.java:226)
	at org.junit.runners.ParentRunner$3.evaluate(ParentRunner.java:306)
	at org.junit.runners.ParentRunner.run(ParentRunner.java:413)
	at org.apache.maven.surefire.junit4.JUnit4Provider.execute(JUnit4Provider.java:316)
	at org.apache.maven.surefire.junit4.JUnit4Provider.executeWithRerun(JUnit4Provider.java:240)
	at org.apache.maven.surefire.junit4.JUnit4Provider.executeTestSet(JUnit4Provider.java:214)
	at org.apache.maven.surefire.junit4.JUnit4Provider.invoke(JUnit4Provider.java:155)
	at org.apache.maven.surefire.booter.ForkedBooter.runSuitesInProcess(ForkedBooter.java:385)
	at org.apache.maven.surefire.booter.ForkedBooter.execute(ForkedBooter.java:162)
	at org.apache.maven.surefire.booter.ForkedBooter.run(ForkedBooter.java:507)
	at org.apache.maven.surefire.booter.ForkedBooter.main(ForkedBooter.java:495)
Caused by: java.io.IOException: Error while instrumenting java/net/http/WebSocket$Builder with JaCoCo 0.8.11.202310140853/f33756c.
	at org.jacoco.agent.rt.internal_4742761.core.instr.Instrumenter.instrumentError(Instrumenter.java:161)
	at org.jacoco.agent.rt.internal_4742761.core.instr.Instrumenter.instrument(Instrumenter.java:111)
	at org.jacoco.agent.rt.internal_4742761.CoverageTransformer.transform(CoverageTransformer.java:92)
	... 73 more
Caused by: java.lang.IllegalArgumentException: Unsupported class file major version 68
	at org.jacoco.agent.rt.internal_4742761.asm.ClassReader.<init>(ClassReader.java:200)
	at org.jacoco.agent.rt.internal_4742761.asm.ClassReader.<init>(ClassReader.java:180)
	at org.jacoco.agent.rt.internal_4742761.asm.ClassReader.<init>(ClassReader.java:166)
	at org.jacoco.agent.rt.internal_4742761.core.internal.instr.InstrSupport.classReaderFor(InstrSupport.java:280)
	at org.jacoco.agent.rt.internal_4742761.core.instr.Instrumenter.instrument(Instrumenter.java:77)
	at org.jacoco.agent.rt.internal_4742761.core.instr.Instrumenter.instrument(Instrumenter.java:109)
	... 74 more
java.lang.instrument.IllegalClassFormatException: Error while instrumenting jdk/internal/net/http/common/OperationTrackers$Tracker with JaCoCo 0.8.11.202310140853/f33756c.
	at org.jacoco.agent.rt.internal_4742761.CoverageTransformer.transform(CoverageTransformer.java:94)
	at java.instrument/java.lang.instrument.ClassFileTransformer.transform(ClassFileTransformer.java:257)
	at java.instrument/sun.instrument.TransformerManager.transform(TransformerManager.java:188)
	at java.instrument/sun.instrument.InstrumentationImpl.transform(InstrumentationImpl.java:594)
	at java.base/java.lang.ClassLoader.defineClass2(Native Method)
	at java.base/java.lang.ClassLoader.defineClass(ClassLoader.java:1052)
	at java.base/java.security.SecureClassLoader.defineClass(SecureClassLoader.java:164)
	at java.base/jdk.internal.loader.BuiltinClassLoader.defineClass(BuiltinClassLoader.java:735)
	at java.base/jdk.internal.loader.BuiltinClassLoader.findClassInModuleOrNull(BuiltinClassLoader.java:678)
	at java.base/jdk.internal.loader.BuiltinClassLoader.loadClassOrNull(BuiltinClassLoader.java:604)
	at java.base/jdk.internal.loader.BuiltinClassLoader.loadClass(BuiltinClassLoader.java:578)
	at java.base/java.lang.ClassLoader.loadClass(ClassLoader.java:490)
	at java.net.http/jdk.internal.net.http.HttpClientBuilderImpl.build(HttpClientBuilderImpl.java:142)
	at org.openqa.selenium.remote.http.jdk.JdkHttpClient.<init>(JdkHttpClient.java:156)
	at org.openqa.selenium.remote.http.jdk.JdkHttpClient$Factory.createClient(JdkHttpClient.java:548)
	at org.openqa.selenium.remote.HttpCommandExecutor.<init>(HttpCommandExecutor.java:117)
	at org.openqa.selenium.remote.HttpCommandExecutor.<init>(HttpCommandExecutor.java:93)
	at org.openqa.selenium.remote.service.DriverCommandExecutor.<init>(DriverCommandExecutor.java:87)
	at org.openqa.selenium.chromium.ChromiumDriverCommandExecutor.<init>(ChromiumDriverCommandExecutor.java:44)
	at org.openqa.selenium.chrome.ChromeDriver$ChromeDriverCommandExecutor.<init>(ChromeDriver.java:114)
	at org.openqa.selenium.chrome.ChromeDriver.generateExecutor(ChromeDriver.java:104)
	at org.openqa.selenium.chrome.ChromeDriver.<init>(ChromeDriver.java:88)
	at org.openqa.selenium.chrome.ChromeDriver.<init>(ChromeDriver.java:83)
	at org.openqa.selenium.chrome.ChromeDriver.<init>(ChromeDriver.java:51)
	at StepDefination.StepDef.setup1(StepDef.java:49)
	at java.base/jdk.internal.reflect.DirectMethodHandleAccessor.invoke(DirectMethodHandleAccessor.java:104)
	at java.base/java.lang.reflect.Method.invoke(Method.java:565)
	at io.cucumber.java.Invoker.doInvoke(Invoker.java:66)
	at io.cucumber.java.Invoker.invoke(Invoker.java:24)
	at io.cucumber.java.AbstractGlueDefinition.invokeMethod(AbstractGlueDefinition.java:47)
	at io.cucumber.java.JavaHookDefinition.execute(JavaHookDefinition.java:68)
	at io.cucumber.core.runner.CoreHookDefinition.execute(CoreHookDefinition.java:47)
	at io.cucumber.core.runner.HookDefinitionMatch.runStep(HookDefinitionMatch.java:21)
	at io.cucumber.core.runner.ExecutionMode$1.execute(ExecutionMode.java:10)
	at io.cucumber.core.runner.TestStep.executeStep(TestStep.java:81)
	at io.cucumber.core.runner.TestStep.run(TestStep.java:53)
	at io.cucumber.core.runner.TestCase.run(TestCase.java:80)
	at io.cucumber.core.runner.Runner.runPickle(Runner.java:77)
	at io.cucumber.junit.PickleRunners$NoStepDescriptions.lambda$run$0(PickleRunners.java:151)
	at io.cucumber.core.runtime.CucumberExecutionContext.lambda$runTestCase$5(CucumberExecutionContext.java:136)
	at io.cucumber.core.runtime.RethrowingThrowableCollector.executeAndThrow(RethrowingThrowableCollector.java:23)
	at io.cucumber.core.runtime.CucumberExecutionContext.runTestCase(CucumberExecutionContext.java:136)
	at io.cucumber.junit.PickleRunners$NoStepDescriptions.run(PickleRunners.java:148)
	at io.cucumber.junit.FeatureRunner.runChild(FeatureRunner.java:144)
	at io.cucumber.junit.FeatureRunner.runChild(FeatureRunner.java:28)
	at org.junit.runners.ParentRunner$4.run(ParentRunner.java:331)
	at org.junit.runners.ParentRunner$1.schedule(ParentRunner.java:79)
	at org.junit.runners.ParentRunner.runChildren(ParentRunner.java:329)
	at org.junit.runners.ParentRunner.access$100(ParentRunner.java:66)
	at org.junit.runners.ParentRunner$2.evaluate(ParentRunner.java:293)
	at org.junit.runners.ParentRunner$3.evaluate(ParentRunner.java:306)
	at org.junit.runners.ParentRunner.run(ParentRunner.java:413)
	at io.cucumber.junit.FeatureRunner.run(FeatureRunner.java:137)
	at io.cucumber.junit.Cucumber.runChild(Cucumber.java:196)
	at io.cucumber.junit.Cucumber.runChild(Cucumber.java:89)
	at org.junit.runners.ParentRunner$4.run(ParentRunner.java:331)
	at org.junit.runners.ParentRunner$1.schedule(ParentRunner.java:79)
	at org.junit.runners.ParentRunner.runChildren(ParentRunner.java:329)
	at org.junit.runners.ParentRunner.access$100(ParentRunner.java:66)
	at org.junit.runners.ParentRunner$2.evaluate(ParentRunner.java:293)
	at io.cucumber.core.runtime.CucumberExecutionContext.lambda$runFeatures$6(CucumberExecutionContext.java:147)
	at io.cucumber.core.runtime.CucumberExecutionContext.execute(CucumberExecutionContext.java:162)
	at io.cucumber.core.runtime.CucumberExecutionContext.runFeatures(CucumberExecutionContext.java:145)
	at io.cucumber.junit.Cucumber$StartAndFinishTestRun.evaluate(Cucumber.java:226)
	at org.junit.runners.ParentRunner$3.evaluate(ParentRunner.java:306)
	at org.junit.runners.ParentRunner.run(ParentRunner.java:413)
	at org.apache.maven.surefire.junit4.JUnit4Provider.execute(JUnit4Provider.java:316)
	at org.apache.maven.surefire.junit4.JUnit4Provider.executeWithRerun(JUnit4Provider.java:240)
	at org.apache.maven.surefire.junit4.JUnit4Provider.executeTestSet(JUnit4Provider.java:214)
	at org.apache.maven.surefire.junit4.JUnit4Provider.invoke(JUnit4Provider.java:155)
	at org.apache.maven.surefire.booter.ForkedBooter.runSuitesInProcess(ForkedBooter.java:385)
	at org.apache.maven.surefire.booter.ForkedBooter.execute(ForkedBooter.java:162)
	at org.apache.maven.surefire.booter.ForkedBooter.run(ForkedBooter.java:507)
	at org.apache.maven.surefire.booter.ForkedBooter.main(ForkedBooter.java:495)
Caused by: java.io.IOException: Error while instrumenting jdk/internal/net/http/common/OperationTrackers$Tracker with JaCoCo 0.8.11.202310140853/f33756c.
	at org.jacoco.agent.rt.internal_4742761.core.instr.Instrumenter.instrumentError(Instrumenter.java:161)
	at org.jacoco.agent.rt.internal_4742761.core.instr.Instrumenter.instrument(Instrumenter.java:111)
	at org.jacoco.agent.rt.internal_4742761.CoverageTransformer.transform(CoverageTransformer.java:92)
	... 73 more
Caused by: java.lang.IllegalArgumentException: Unsupported class file major version 68
	at org.jacoco.agent.rt.internal_4742761.asm.ClassReader.<init>(ClassReader.java:200)
	at org.jacoco.agent.rt.internal_4742761.asm.ClassReader.<init>(ClassReader.java:180)
	at org.jacoco.agent.rt.internal_4742761.asm.ClassReader.<init>(ClassReader.java:166)
	at org.jacoco.agent.rt.internal_4742761.core.internal.instr.InstrSupport.classReaderFor(InstrSupport.java:280)
	at org.jacoco.agent.rt.internal_4742761.core.instr.Instrumenter.instrument(Instrumenter.java:77)
	at org.jacoco.agent.rt.internal_4742761.core.instr.Instrumenter.instrument(Instrumenter.java:109)
	... 74 more
java.lang.instrument.IllegalClassFormatException: Error while instrumenting jdk/internal/net/http/common/BufferSupplier with JaCoCo 0.8.11.202310140853/f33756c.
	at org.jacoco.agent.rt.internal_4742761.CoverageTransformer.transform(CoverageTransformer.java:94)
	at java.instrument/java.lang.instrument.ClassFileTransformer.transform(ClassFileTransformer.java:257)
	at java.instrument/sun.instrument.TransformerManager.transform(TransformerManager.java:188)
	at java.instrument/sun.instrument.InstrumentationImpl.transform(InstrumentationImpl.java:594)
	at java.base/java.lang.ClassLoader.defineClass2(Native Method)
	at java.base/java.lang.ClassLoader.defineClass(ClassLoader.java:1052)
	at java.base/java.security.SecureClassLoader.defineClass(SecureClassLoader.java:164)
	at java.base/jdk.internal.loader.BuiltinClassLoader.defineClass(BuiltinClassLoader.java:735)
	at java.base/jdk.internal.loader.BuiltinClassLoader.findClassInModuleOrNull(BuiltinClassLoader.java:678)
	at java.base/jdk.internal.loader.BuiltinClassLoader.loadClassOrNull(BuiltinClassLoader.java:604)
	at java.base/jdk.internal.loader.BuiltinClassLoader.loadClass(BuiltinClassLoader.java:578)
	at java.base/java.lang.ClassLoader.loadClass(ClassLoader.java:490)
	at java.net.http/jdk.internal.net.http.HttpClientBuilderImpl.build(HttpClientBuilderImpl.java:142)
	at org.openqa.selenium.remote.http.jdk.JdkHttpClient.<init>(JdkHttpClient.java:156)
	at org.openqa.selenium.remote.http.jdk.JdkHttpClient$Factory.createClient(JdkHttpClient.java:548)
	at org.openqa.selenium.remote.HttpCommandExecutor.<init>(HttpCommandExecutor.java:117)
	at org.openqa.selenium.remote.HttpCommandExecutor.<init>(HttpCommandExecutor.java:93)
	at org.openqa.selenium.remote.service.DriverCommandExecutor.<init>(DriverCommandExecutor.java:87)
	at org.openqa.selenium.chromium.ChromiumDriverCommandExecutor.<init>(ChromiumDriverCommandExecutor.java:44)
	at org.openqa.selenium.chrome.ChromeDriver$ChromeDriverCommandExecutor.<init>(ChromeDriver.java:114)
	at org.openqa.selenium.chrome.ChromeDriver.generateExecutor(ChromeDriver.java:104)
	at org.openqa.selenium.chrome.ChromeDriver.<init>(ChromeDriver.java:88)
	at org.openqa.selenium.chrome.ChromeDriver.<init>(ChromeDriver.java:83)
	at org.openqa.selenium.chrome.ChromeDriver.<init>(ChromeDriver.java:51)
	at StepDefination.StepDef.setup1(StepDef.java:49)
	at java.base/jdk.internal.reflect.DirectMethodHandleAccessor.invoke(DirectMethodHandleAccessor.java:104)
	at java.base/java.lang.reflect.Method.invoke(Method.java:565)
	at io.cucumber.java.Invoker.doInvoke(Invoker.java:66)
	at io.cucumber.java.Invoker.invoke(Invoker.java:24)
	at io.cucumber.java.AbstractGlueDefinition.invokeMethod(AbstractGlueDefinition.java:47)
	at io.cucumber.java.JavaHookDefinition.execute(JavaHookDefinition.java:68)
	at io.cucumber.core.runner.CoreHookDefinition.execute(CoreHookDefinition.java:47)
	at io.cucumber.core.runner.HookDefinitionMatch.runStep(HookDefinitionMatch.java:21)
	at io.cucumber.core.runner.ExecutionMode$1.execute(ExecutionMode.java:10)
	at io.cucumber.core.runner.TestStep.executeStep(TestStep.java:81)
	at io.cucumber.core.runner.TestStep.run(TestStep.java:53)
	at io.cucumber.core.runner.TestCase.run(TestCase.java:80)
	at io.cucumber.core.runner.Runner.runPickle(Runner.java:77)
	at io.cucumber.junit.PickleRunners$NoStepDescriptions.lambda$run$0(PickleRunners.java:151)
	at io.cucumber.core.runtime.CucumberExecutionContext.lambda$runTestCase$5(CucumberExecutionContext.java:136)
	at io.cucumber.core.runtime.RethrowingThrowableCollector.executeAndThrow(RethrowingThrowableCollector.java:23)
	at io.cucumber.core.runtime.CucumberExecutionContext.runTestCase(CucumberExecutionContext.java:136)
	at io.cucumber.junit.PickleRunners$NoStepDescriptions.run(PickleRunners.java:148)
	at io.cucumber.junit.FeatureRunner.runChild(FeatureRunner.java:144)
	at io.cucumber.junit.FeatureRunner.runChild(FeatureRunner.java:28)
	at org.junit.runners.ParentRunner$4.run(ParentRunner.java:331)
	at org.junit.runners.ParentRunner$1.schedule(ParentRunner.java:79)
	at org.junit.runners.ParentRunner.runChildren(ParentRunner.java:329)
	at org.junit.runners.ParentRunner.access$100(ParentRunner.java:66)
	at org.junit.runners.ParentRunner$2.evaluate(ParentRunner.java:293)
	at org.junit.runners.ParentRunner$3.evaluate(ParentRunner.java:306)
	at org.junit.runners.ParentRunner.run(ParentRunner.java:413)
	at io.cucumber.junit.FeatureRunner.run(FeatureRunner.java:137)
	at io.cucumber.junit.Cucumber.runChild(Cucumber.java:196)
	at io.cucumber.junit.Cucumber.runChild(Cucumber.java:89)
	at org.junit.runners.ParentRunner$4.run(ParentRunner.java:331)
	at org.junit.runners.ParentRunner$1.schedule(ParentRunner.java:79)
	at org.junit.runners.ParentRunner.runChildren(ParentRunner.java:329)
	at org.junit.runners.ParentRunner.access$100(ParentRunner.java:66)
	at org.junit.runners.ParentRunner$2.evaluate(ParentRunner.java:293)
	at io.cucumber.core.runtime.CucumberExecutionContext.lambda$runFeatures$6(CucumberExecutionContext.java:147)
	at io.cucumber.core.runtime.CucumberExecutionContext.execute(CucumberExecutionContext.java:162)
	at io.cucumber.core.runtime.CucumberExecutionContext.runFeatures(CucumberExecutionContext.java:145)
	at io.cucumber.junit.Cucumber$StartAndFinishTestRun.evaluate(Cucumber.java:226)
	at org.junit.runners.ParentRunner$3.evaluate(ParentRunner.java:306)
	at org.junit.runners.ParentRunner.run(ParentRunner.java:413)
	at org.apache.maven.surefire.junit4.JUnit4Provider.execute(JUnit4Provider.java:316)
	at org.apache.maven.surefire.junit4.JUnit4Provider.executeWithRerun(JUnit4Provider.java:240)
	at org.apache.maven.surefire.junit4.JUnit4Provider.executeTestSet(JUnit4Provider.java:214)
	at org.apache.maven.surefire.junit4.JUnit4Provider.invoke(JUnit4Provider.java:155)
	at org.apache.maven.surefire.booter.ForkedBooter.runSuitesInProcess(ForkedBooter.java:385)
	at org.apache.maven.surefire.booter.ForkedBooter.execute(ForkedBooter.java:162)
	at org.apache.maven.surefire.booter.ForkedBooter.run(ForkedBooter.java:507)
	at org.apache.maven.surefire.booter.ForkedBooter.main(ForkedBooter.java:495)
Caused by: java.io.IOException: Error while instrumenting jdk/internal/net/http/common/BufferSupplier with JaCoCo 0.8.11.202310140853/f33756c.
	at org.jacoco.agent.rt.internal_4742761.core.instr.Instrumenter.instrumentError(Instrumenter.java:161)
	at org.jacoco.agent.rt.internal_4742761.core.instr.Instrumenter.instrument(Instrumenter.java:111)
	at org.jacoco.agent.rt.internal_4742761.CoverageTransformer.transform(CoverageTransformer.java:92)
	... 73 more
Caused by: java.lang.IllegalArgumentException: Unsupported class file major version 68
	at org.jacoco.agent.rt.internal_4742761.asm.ClassReader.<init>(ClassReader.java:200)
	at org.jacoco.agent.rt.internal_4742761.asm.ClassReader.<init>(ClassReader.java:180)
	at org.jacoco.agent.rt.internal_4742761.asm.ClassReader.<init>(ClassReader.java:166)
	at org.jacoco.agent.rt.internal_4742761.core.internal.instr.InstrSupport.classReaderFor(InstrSupport.java:280)
	at org.jacoco.agent.rt.internal_4742761.core.instr.Instrumenter.instrument(Instrumenter.java:77)
	at org.jacoco.agent.rt.internal_4742761.core.instr.Instrumenter.instrument(Instrumenter.java:109)
	... 74 more
java.lang.instrument.IllegalClassFormatException: Error while instrumenting jdk/internal/net/http/HttpConnection with JaCoCo 0.8.11.202310140853/f33756c.
	at org.jacoco.agent.rt.internal_4742761.CoverageTransformer.transform(CoverageTransformer.java:94)
	at java.instrument/java.lang.instrument.ClassFileTransformer.transform(ClassFileTransformer.java:257)
	at java.instrument/sun.instrument.TransformerManager.transform(TransformerManager.java:188)
	at java.instrument/sun.instrument.InstrumentationImpl.transform(InstrumentationImpl.java:594)
	at java.base/java.lang.ClassLoader.defineClass2(Native Method)
	at java.base/java.lang.ClassLoader.defineClass(ClassLoader.java:1052)
	at java.base/java.security.SecureClassLoader.defineClass(SecureClassLoader.java:164)
	at java.base/jdk.internal.loader.BuiltinClassLoader.defineClass(BuiltinClassLoader.java:735)
	at java.base/jdk.internal.loader.BuiltinClassLoader.findClassInModuleOrNull(BuiltinClassLoader.java:678)
	at java.base/jdk.internal.loader.BuiltinClassLoader.loadClassOrNull(BuiltinClassLoader.java:604)
	at java.base/jdk.internal.loader.BuiltinClassLoader.loadClass(BuiltinClassLoader.java:578)
	at java.base/java.lang.ClassLoader.loadClass(ClassLoader.java:490)
	at java.net.http/jdk.internal.net.http.HttpClientBuilderImpl.build(HttpClientBuilderImpl.java:142)
	at org.openqa.selenium.remote.http.jdk.JdkHttpClient.<init>(JdkHttpClient.java:156)
	at org.openqa.selenium.remote.http.jdk.JdkHttpClient$Factory.createClient(JdkHttpClient.java:548)
	at org.openqa.selenium.remote.HttpCommandExecutor.<init>(HttpCommandExecutor.java:117)
	at org.openqa.selenium.remote.HttpCommandExecutor.<init>(HttpCommandExecutor.java:93)
	at org.openqa.selenium.remote.service.DriverCommandExecutor.<init>(DriverCommandExecutor.java:87)
	at org.openqa.selenium.chromium.ChromiumDriverCommandExecutor.<init>(ChromiumDriverCommandExecutor.java:44)
	at org.openqa.selenium.chrome.ChromeDriver$ChromeDriverCommandExecutor.<init>(ChromeDriver.java:114)
	at org.openqa.selenium.chrome.ChromeDriver.generateExecutor(ChromeDriver.java:104)
	at org.openqa.selenium.chrome.ChromeDriver.<init>(ChromeDriver.java:88)
	at org.openqa.selenium.chrome.ChromeDriver.<init>(ChromeDriver.java:83)
	at org.openqa.selenium.chrome.ChromeDriver.<init>(ChromeDriver.java:51)
	at StepDefination.StepDef.setup1(StepDef.java:49)
	at java.base/jdk.internal.reflect.DirectMethodHandleAccessor.invoke(DirectMethodHandleAccessor.java:104)
	at java.base/java.lang.reflect.Method.invoke(Method.java:565)
	at io.cucumber.java.Invoker.doInvoke(Invoker.java:66)
	at io.cucumber.java.Invoker.invoke(Invoker.java:24)
	at io.cucumber.java.AbstractGlueDefinition.invokeMethod(AbstractGlueDefinition.java:47)
	at io.cucumber.java.JavaHookDefinition.execute(JavaHookDefinition.java:68)
	at io.cucumber.core.runner.CoreHookDefinition.execute(CoreHookDefinition.java:47)
	at io.cucumber.core.runner.HookDefinitionMatch.runStep(HookDefinitionMatch.java:21)
	at io.cucumber.core.runner.ExecutionMode$1.execute(ExecutionMode.java:10)
	at io.cucumber.core.runner.TestStep.executeStep(TestStep.java:81)
	at io.cucumber.core.runner.TestStep.run(TestStep.java:53)
	at io.cucumber.core.runner.TestCase.run(TestCase.java:80)
	at io.cucumber.core.runner.Runner.runPickle(Runner.java:77)
	at io.cucumber.junit.PickleRunners$NoStepDescriptions.lambda$run$0(PickleRunners.java:151)
	at io.cucumber.core.runtime.CucumberExecutionContext.lambda$runTestCase$5(CucumberExecutionContext.java:136)
	at io.cucumber.core.runtime.RethrowingThrowableCollector.executeAndThrow(RethrowingThrowableCollector.java:23)
	at io.cucumber.core.runtime.CucumberExecutionContext.runTestCase(CucumberExecutionContext.java:136)
	at io.cucumber.junit.PickleRunners$NoStepDescriptions.run(PickleRunners.java:148)
	at io.cucumber.junit.FeatureRunner.runChild(FeatureRunner.java:144)
	at io.cucumber.junit.FeatureRunner.runChild(FeatureRunner.java:28)
	at org.junit.runners.ParentRunner$4.run(ParentRunner.java:331)
	at org.junit.runners.ParentRunner$1.schedule(ParentRunner.java:79)
	at org.junit.runners.ParentRunner.runChildren(ParentRunner.java:329)
	at org.junit.runners.ParentRunner.access$100(ParentRunner.java:66)
	at org.junit.runners.ParentRunner$2.evaluate(ParentRunner.java:293)
	at org.junit.runners.ParentRunner$3.evaluate(ParentRunner.java:306)
	at org.junit.runners.ParentRunner.run(ParentRunner.java:413)
	at io.cucumber.junit.FeatureRunner.run(FeatureRunner.java:137)
	at io.cucumber.junit.Cucumber.runChild(Cucumber.java:196)
	at io.cucumber.junit.Cucumber.runChild(Cucumber.java:89)
	at org.junit.runners.ParentRunner$4.run(ParentRunner.java:331)
	at org.junit.runners.ParentRunner$1.schedule(ParentRunner.java:79)
	at org.junit.runners.ParentRunner.runChildren(ParentRunner.java:329)
	at org.junit.runners.ParentRunner.access$100(ParentRunner.java:66)
	at org.junit.runners.ParentRunner$2.evaluate(ParentRunner.java:293)
	at io.cucumber.core.runtime.CucumberExecutionContext.lambda$runFeatures$6(CucumberExecutionContext.java:147)
	at io.cucumber.core.runtime.CucumberExecutionContext.execute(CucumberExecutionContext.java:162)
	at io.cucumber.core.runtime.CucumberExecutionContext.runFeatures(CucumberExecutionContext.java:145)
	at io.cucumber.junit.Cucumber$StartAndFinishTestRun.evaluate(Cucumber.java:226)
	at org.junit.runners.ParentRunner$3.evaluate(ParentRunner.java:306)
	at org.junit.runners.ParentRunner.run(ParentRunner.java:413)
	at org.apache.maven.surefire.junit4.JUnit4Provider.execute(JUnit4Provider.java:316)
	at org.apache.maven.surefire.junit4.JUnit4Provider.executeWithRerun(JUnit4Provider.java:240)
	at org.apache.maven.surefire.junit4.JUnit4Provider.executeTestSet(JUnit4Provider.java:214)
	at org.apache.maven.surefire.junit4.JUnit4Provider.invoke(JUnit4Provider.java:155)
	at org.apache.maven.surefire.booter.ForkedBooter.runSuitesInProcess(ForkedBooter.java:385)
	at org.apache.maven.surefire.booter.ForkedBooter.execute(ForkedBooter.java:162)
	at org.apache.maven.surefire.booter.ForkedBooter.run(ForkedBooter.java:507)
	at org.apache.maven.surefire.booter.ForkedBooter.main(ForkedBooter.java:495)
Caused by: java.io.IOException: Error while instrumenting jdk/internal/net/http/HttpConnection with JaCoCo 0.8.11.202310140853/f33756c.
	at org.jacoco.agent.rt.internal_4742761.core.instr.Instrumenter.instrumentError(Instrumenter.java:161)
	at org.jacoco.agent.rt.internal_4742761.core.instr.Instrumenter.instrument(Instrumenter.java:111)
	at org.jacoco.agent.rt.internal_4742761.CoverageTransformer.transform(CoverageTransformer.java:92)
	... 73 more
Caused by: java.lang.IllegalArgumentException: Unsupported class file major version 68
	at org.jacoco.agent.rt.internal_4742761.asm.ClassReader.<init>(ClassReader.java:200)
	at org.jacoco.agent.rt.internal_4742761.asm.ClassReader.<init>(ClassReader.java:180)
	at org.jacoco.agent.rt.internal_4742761.asm.ClassReader.<init>(ClassReader.java:166)
	at org.jacoco.agent.rt.internal_4742761.core.internal.instr.InstrSupport.classReaderFor(InstrSupport.java:280)
	at org.jacoco.agent.rt.internal_4742761.core.instr.Instrumenter.instrument(Instrumenter.java:77)
	at org.jacoco.agent.rt.internal_4742761.core.instr.Instrumenter.instrument(Instrumenter.java:109)
	... 74 more
java.lang.instrument.IllegalClassFormatException: Error while instrumenting jdk/internal/net/http/PlainHttpConnection with JaCoCo 0.8.11.202310140853/f33756c.
	at org.jacoco.agent.rt.internal_4742761.CoverageTransformer.transform(CoverageTransformer.java:94)
	at java.instrument/java.lang.instrument.ClassFileTransformer.transform(ClassFileTransformer.java:257)
	at java.instrument/sun.instrument.TransformerManager.transform(TransformerManager.java:188)
	at java.instrument/sun.instrument.InstrumentationImpl.transform(InstrumentationImpl.java:594)
	at java.base/java.lang.ClassLoader.defineClass2(Native Method)
	at java.base/java.lang.ClassLoader.defineClass(ClassLoader.java:1052)
	at java.base/java.security.SecureClassLoader.defineClass(SecureClassLoader.java:164)
	at java.base/jdk.internal.loader.BuiltinClassLoader.defineClass(BuiltinClassLoader.java:735)
	at java.base/jdk.internal.loader.BuiltinClassLoader.findClassInModuleOrNull(BuiltinClassLoader.java:678)
	at java.base/jdk.internal.loader.BuiltinClassLoader.loadClassOrNull(BuiltinClassLoader.java:604)
	at java.base/jdk.internal.loader.BuiltinClassLoader.loadClass(BuiltinClassLoader.java:578)
	at java.base/java.lang.ClassLoader.loadClass(ClassLoader.java:490)
	at java.net.http/jdk.internal.net.http.HttpClientBuilderImpl.build(HttpClientBuilderImpl.java:142)
	at org.openqa.selenium.remote.http.jdk.JdkHttpClient.<init>(JdkHttpClient.java:156)
	at org.openqa.selenium.remote.http.jdk.JdkHttpClient$Factory.createClient(JdkHttpClient.java:548)
	at org.openqa.selenium.remote.HttpCommandExecutor.<init>(HttpCommandExecutor.java:117)
	at org.openqa.selenium.remote.HttpCommandExecutor.<init>(HttpCommandExecutor.java:93)
	at org.openqa.selenium.remote.service.DriverCommandExecutor.<init>(DriverCommandExecutor.java:87)
	at org.openqa.selenium.chromium.ChromiumDriverCommandExecutor.<init>(ChromiumDriverCommandExecutor.java:44)
	at org.openqa.selenium.chrome.ChromeDriver$ChromeDriverCommandExecutor.<init>(ChromeDriver.java:114)
	at org.openqa.selenium.chrome.ChromeDriver.generateExecutor(ChromeDriver.java:104)
	at org.openqa.selenium.chrome.ChromeDriver.<init>(ChromeDriver.java:88)
	at org.openqa.selenium.chrome.ChromeDriver.<init>(ChromeDriver.java:83)
	at org.openqa.selenium.chrome.ChromeDriver.<init>(ChromeDriver.java:51)
	at StepDefination.StepDef.setup1(StepDef.java:49)
	at java.base/jdk.internal.reflect.DirectMethodHandleAccessor.invoke(DirectMethodHandleAccessor.java:104)
	at java.base/java.lang.reflect.Method.invoke(Method.java:565)
	at io.cucumber.java.Invoker.doInvoke(Invoker.java:66)
	at io.cucumber.java.Invoker.invoke(Invoker.java:24)
	at io.cucumber.java.AbstractGlueDefinition.invokeMethod(AbstractGlueDefinition.java:47)
	at io.cucumber.java.JavaHookDefinition.execute(JavaHookDefinition.java:68)
	at io.cucumber.core.runner.CoreHookDefinition.execute(CoreHookDefinition.java:47)
	at io.cucumber.core.runner.HookDefinitionMatch.runStep(HookDefinitionMatch.java:21)
	at io.cucumber.core.runner.ExecutionMode$1.execute(ExecutionMode.java:10)
	at io.cucumber.core.runner.TestStep.executeStep(TestStep.java:81)
	at io.cucumber.core.runner.TestStep.run(TestStep.java:53)
	at io.cucumber.core.runner.TestCase.run(TestCase.java:80)
	at io.cucumber.core.runner.Runner.runPickle(Runner.java:77)
	at io.cucumber.junit.PickleRunners$NoStepDescriptions.lambda$run$0(PickleRunners.java:151)
	at io.cucumber.core.runtime.CucumberExecutionContext.lambda$runTestCase$5(CucumberExecutionContext.java:136)
	at io.cucumber.core.runtime.RethrowingThrowableCollector.executeAndThrow(RethrowingThrowableCollector.java:23)
	at io.cucumber.core.runtime.CucumberExecutionContext.runTestCase(CucumberExecutionContext.java:136)
	at io.cucumber.junit.PickleRunners$NoStepDescriptions.run(PickleRunners.java:148)
	at io.cucumber.junit.FeatureRunner.runChild(FeatureRunner.java:144)
	at io.cucumber.junit.FeatureRunner.runChild(FeatureRunner.java:28)
	at org.junit.runners.ParentRunner$4.run(ParentRunner.java:331)
	at org.junit.runners.ParentRunner$1.schedule(ParentRunner.java:79)
	at org.junit.runners.ParentRunner.runChildren(ParentRunner.java:329)
	at org.junit.runners.ParentRunner.access$100(ParentRunner.java:66)
	at org.junit.runners.ParentRunner$2.evaluate(ParentRunner.java:293)
	at org.junit.runners.ParentRunner$3.evaluate(ParentRunner.java:306)
	at org.junit.runners.ParentRunner.run(ParentRunner.java:413)
	at io.cucumber.junit.FeatureRunner.run(FeatureRunner.java:137)
	at io.cucumber.junit.Cucumber.runChild(Cucumber.java:196)
	at io.cucumber.junit.Cucumber.runChild(Cucumber.java:89)
	at org.junit.runners.ParentRunner$4.run(ParentRunner.java:331)
	at org.junit.runners.ParentRunner$1.schedule(ParentRunner.java:79)
	at org.junit.runners.ParentRunner.runChildren(ParentRunner.java:329)
	at org.junit.runners.ParentRunner.access$100(ParentRunner.java:66)
	at org.junit.runners.ParentRunner$2.evaluate(ParentRunner.java:293)
	at io.cucumber.core.runtime.CucumberExecutionContext.lambda$runFeatures$6(CucumberExecutionContext.java:147)
	at io.cucumber.core.runtime.CucumberExecutionContext.execute(CucumberExecutionContext.java:162)
	at io.cucumber.core.runtime.CucumberExecutionContext.runFeatures(CucumberExecutionContext.java:145)
	at io.cucumber.junit.Cucumber$StartAndFinishTestRun.evaluate(Cucumber.java:226)
	at org.junit.runners.ParentRunner$3.evaluate(ParentRunner.java:306)
	at org.junit.runners.ParentRunner.run(ParentRunner.java:413)
	at org.apache.maven.surefire.junit4.JUnit4Provider.execute(JUnit4Provider.java:316)
	at org.apache.maven.surefire.junit4.JUnit4Provider.executeWithRerun(JUnit4Provider.java:240)
	at org.apache.maven.surefire.junit4.JUnit4Provider.executeTestSet(JUnit4Provider.java:214)
	at org.apache.maven.surefire.junit4.JUnit4Provider.invoke(JUnit4Provider.java:155)
	at org.apache.maven.surefire.booter.ForkedBooter.runSuitesInProcess(ForkedBooter.java:385)
	at org.apache.maven.surefire.booter.ForkedBooter.execute(ForkedBooter.java:162)
	at org.apache.maven.surefire.booter.ForkedBooter.run(ForkedBooter.java:507)
	at org.apache.maven.surefire.booter.ForkedBooter.main(ForkedBooter.java:495)
Caused by: java.io.IOException: Error while instrumenting jdk/internal/net/http/PlainHttpConnection with JaCoCo 0.8.11.202310140853/f33756c.
	at org.jacoco.agent.rt.internal_4742761.core.instr.Instrumenter.instrumentError(Instrumenter.java:161)
	at org.jacoco.agent.rt.internal_4742761.core.instr.Instrumenter.instrument(Instrumenter.java:111)
	at org.jacoco.agent.rt.internal_4742761.CoverageTransformer.transform(CoverageTransformer.java:92)
	... 73 more
Caused by: java.lang.IllegalArgumentException: Unsupported class file major version 68
	at org.jacoco.agent.rt.internal_4742761.asm.ClassReader.<init>(ClassReader.java:200)
	at org.jacoco.agent.rt.internal_4742761.asm.ClassReader.<init>(ClassReader.java:180)
	at org.jacoco.agent.rt.internal_4742761.asm.ClassReader.<init>(ClassReader.java:166)
	at org.jacoco.agent.rt.internal_4742761.core.internal.instr.InstrSupport.classReaderFor(InstrSupport.java:280)
	at org.jacoco.agent.rt.internal_4742761.core.instr.Instrumenter.instrument(Instrumenter.java:77)
	at org.jacoco.agent.rt.internal_4742761.core.instr.Instrumenter.instrument(Instrumenter.java:109)
	... 74 more
java.lang.instrument.IllegalClassFormatException: Error while instrumenting jdk/internal/net/http/common/Utils with JaCoCo 0.8.11.202310140853/f33756c.
	at org.jacoco.agent.rt.internal_4742761.CoverageTransformer.transform(CoverageTransformer.java:94)
	at java.instrument/java.lang.instrument.ClassFileTransformer.transform(ClassFileTransformer.java:257)
	at java.instrument/sun.instrument.TransformerManager.transform(TransformerManager.java:188)
	at java.instrument/sun.instrument.InstrumentationImpl.transform(InstrumentationImpl.java:594)
	at java.base/java.lang.ClassLoader.defineClass2(Native Method)
	at java.base/java.lang.ClassLoader.defineClass(ClassLoader.java:1052)
	at java.base/java.security.SecureClassLoader.defineClass(SecureClassLoader.java:164)
	at java.base/jdk.internal.loader.BuiltinClassLoader.defineClass(BuiltinClassLoader.java:735)
	at java.base/jdk.internal.loader.BuiltinClassLoader.findClassInModuleOrNull(BuiltinClassLoader.java:678)
	at java.base/jdk.internal.loader.BuiltinClassLoader.loadClassOrNull(BuiltinClassLoader.java:604)
	at java.base/jdk.internal.loader.BuiltinClassLoader.loadClass(BuiltinClassLoader.java:578)
	at java.base/java.lang.ClassLoader.loadClass(ClassLoader.java:490)
	at java.net.http/jdk.internal.net.http.HttpClientImpl.<clinit>(HttpClientImpl.java:105)
	at java.net.http/jdk.internal.net.http.HttpClientBuilderImpl.build(HttpClientBuilderImpl.java:142)
	at org.openqa.selenium.remote.http.jdk.JdkHttpClient.<init>(JdkHttpClient.java:156)
	at org.openqa.selenium.remote.http.jdk.JdkHttpClient$Factory.createClient(JdkHttpClient.java:548)
	at org.openqa.selenium.remote.HttpCommandExecutor.<init>(HttpCommandExecutor.java:117)
	at org.openqa.selenium.remote.HttpCommandExecutor.<init>(HttpCommandExecutor.java:93)
	at org.openqa.selenium.remote.service.DriverCommandExecutor.<init>(DriverCommandExecutor.java:87)
	at org.openqa.selenium.chromium.ChromiumDriverCommandExecutor.<init>(ChromiumDriverCommandExecutor.java:44)
	at org.openqa.selenium.chrome.ChromeDriver$ChromeDriverCommandExecutor.<init>(ChromeDriver.java:114)
	at org.openqa.selenium.chrome.ChromeDriver.generateExecutor(ChromeDriver.java:104)
	at org.openqa.selenium.chrome.ChromeDriver.<init>(ChromeDriver.java:88)
	at org.openqa.selenium.chrome.ChromeDriver.<init>(ChromeDriver.java:83)
	at org.openqa.selenium.chrome.ChromeDriver.<init>(ChromeDriver.java:51)
	at StepDefination.StepDef.setup1(StepDef.java:49)
	at java.base/jdk.internal.reflect.DirectMethodHandleAccessor.invoke(DirectMethodHandleAccessor.java:104)
	at java.base/java.lang.reflect.Method.invoke(Method.java:565)
	at io.cucumber.java.Invoker.doInvoke(Invoker.java:66)
	at io.cucumber.java.Invoker.invoke(Invoker.java:24)
	at io.cucumber.java.AbstractGlueDefinition.invokeMethod(AbstractGlueDefinition.java:47)
	at io.cucumber.java.JavaHookDefinition.execute(JavaHookDefinition.java:68)
	at io.cucumber.core.runner.CoreHookDefinition.execute(CoreHookDefinition.java:47)
	at io.cucumber.core.runner.HookDefinitionMatch.runStep(HookDefinitionMatch.java:21)
	at io.cucumber.core.runner.ExecutionMode$1.execute(ExecutionMode.java:10)
	at io.cucumber.core.runner.TestStep.executeStep(TestStep.java:81)
	at io.cucumber.core.runner.TestStep.run(TestStep.java:53)
	at io.cucumber.core.runner.TestCase.run(TestCase.java:80)
	at io.cucumber.core.runner.Runner.runPickle(Runner.java:77)
	at io.cucumber.junit.PickleRunners$NoStepDescriptions.lambda$run$0(PickleRunners.java:151)
	at io.cucumber.core.runtime.CucumberExecutionContext.lambda$runTestCase$5(CucumberExecutionContext.java:136)
	at io.cucumber.core.runtime.RethrowingThrowableCollector.executeAndThrow(RethrowingThrowableCollector.java:23)
	at io.cucumber.core.runtime.CucumberExecutionContext.runTestCase(CucumberExecutionContext.java:136)
	at io.cucumber.junit.PickleRunners$NoStepDescriptions.run(PickleRunners.java:148)
	at io.cucumber.junit.FeatureRunner.runChild(FeatureRunner.java:144)
	at io.cucumber.junit.FeatureRunner.runChild(FeatureRunner.java:28)
	at org.junit.runners.ParentRunner$4.run(ParentRunner.java:331)
	at org.junit.runners.ParentRunner$1.schedule(ParentRunner.java:79)
	at org.junit.runners.ParentRunner.runChildren(ParentRunner.java:329)
	at org.junit.runners.ParentRunner.access$100(ParentRunner.java:66)
	at org.junit.runners.ParentRunner$2.evaluate(ParentRunner.java:293)
	at org.junit.runners.ParentRunner$3.evaluate(ParentRunner.java:306)
	at org.junit.runners.ParentRunner.run(ParentRunner.java:413)
	at io.cucumber.junit.FeatureRunner.run(FeatureRunner.java:137)
	at io.cucumber.junit.Cucumber.runChild(Cucumber.java:196)
	at io.cucumber.junit.Cucumber.runChild(Cucumber.java:89)
	at org.junit.runners.ParentRunner$4.run(ParentRunner.java:331)
	at org.junit.runners.ParentRunner$1.schedule(ParentRunner.java:79)
	at org.junit.runners.ParentRunner.runChildren(ParentRunner.java:329)
	at org.junit.runners.ParentRunner.access$100(ParentRunner.java:66)
	at org.junit.runners.ParentRunner$2.evaluate(ParentRunner.java:293)
	at io.cucumber.core.runtime.CucumberExecutionContext.lambda$runFeatures$6(CucumberExecutionContext.java:147)
	at io.cucumber.core.runtime.CucumberExecutionContext.execute(CucumberExecutionContext.java:162)
	at io.cucumber.core.runtime.CucumberExecutionContext.runFeatures(CucumberExecutionContext.java:145)
	at io.cucumber.junit.Cucumber$StartAndFinishTestRun.evaluate(Cucumber.java:226)
	at org.junit.runners.ParentRunner$3.evaluate(ParentRunner.java:306)
	at org.junit.runners.ParentRunner.run(ParentRunner.java:413)
	at org.apache.maven.surefire.junit4.JUnit4Provider.execute(JUnit4Provider.java:316)
	at org.apache.maven.surefire.junit4.JUnit4Provider.executeWithRerun(JUnit4Provider.java:240)
	at org.apache.maven.surefire.junit4.JUnit4Provider.executeTestSet(JUnit4Provider.java:214)
	at org.apache.maven.surefire.junit4.JUnit4Provider.invoke(JUnit4Provider.java:155)
	at org.apache.maven.surefire.booter.ForkedBooter.runSuitesInProcess(ForkedBooter.java:385)
	at org.apache.maven.surefire.booter.ForkedBooter.execute(ForkedBooter.java:162)
	at org.apache.maven.surefire.booter.ForkedBooter.run(ForkedBooter.java:507)
	at org.apache.maven.surefire.booter.ForkedBooter.main(ForkedBooter.java:495)
Caused by: java.io.IOException: Error while instrumenting jdk/internal/net/http/common/Utils with JaCoCo 0.8.11.202310140853/f33756c.
	at org.jacoco.agent.rt.internal_4742761.core.instr.Instrumenter.instrumentError(Instrumenter.java:161)
	at org.jacoco.agent.rt.internal_4742761.core.instr.Instrumenter.instrument(Instrumenter.java:111)
	at org.jacoco.agent.rt.internal_4742761.CoverageTransformer.transform(CoverageTransformer.java:92)
	... 74 more
Caused by: java.lang.IllegalArgumentException: Unsupported class file major version 68
	at org.jacoco.agent.rt.internal_4742761.asm.ClassReader.<init>(ClassReader.java:200)
	at org.jacoco.agent.rt.internal_4742761.asm.ClassReader.<init>(ClassReader.java:180)
	at org.jacoco.agent.rt.internal_4742761.asm.ClassReader.<init>(ClassReader.java:166)
	at org.jacoco.agent.rt.internal_4742761.core.internal.instr.InstrSupport.classReaderFor(InstrSupport.java:280)
	at org.jacoco.agent.rt.internal_4742761.core.instr.Instrumenter.instrument(Instrumenter.java:77)
	at org.jacoco.agent.rt.internal_4742761.core.instr.Instrumenter.instrument(Instrumenter.java:109)
	... 75 more
java.lang.instrument.IllegalClassFormatException: Error while instrumenting jdk/internal/net/http/common/Logger with JaCoCo 0.8.11.202310140853/f33756c.
	at org.jacoco.agent.rt.internal_4742761.CoverageTransformer.transform(CoverageTransformer.java:94)
	at java.instrument/java.lang.instrument.ClassFileTransformer.transform(ClassFileTransformer.java:257)
	at java.instrument/sun.instrument.TransformerManager.transform(TransformerManager.java:188)
	at java.instrument/sun.instrument.InstrumentationImpl.transform(InstrumentationImpl.java:594)
	at java.base/java.lang.ClassLoader.defineClass2(Native Method)
	at java.base/java.lang.ClassLoader.defineClass(ClassLoader.java:1052)
	at java.base/java.security.SecureClassLoader.defineClass(SecureClassLoader.java:164)
	at java.base/jdk.internal.loader.BuiltinClassLoader.defineClass(BuiltinClassLoader.java:735)
	at java.base/jdk.internal.loader.BuiltinClassLoader.findClassInModuleOrNull(BuiltinClassLoader.java:678)
	at java.base/jdk.internal.loader.BuiltinClassLoader.loadClassOrNull(BuiltinClassLoader.java:604)
	at java.base/jdk.internal.loader.BuiltinClassLoader.loadClass(BuiltinClassLoader.java:578)
	at java.base/java.lang.ClassLoader.loadClass(ClassLoader.java:490)
	at java.net.http/jdk.internal.net.http.HttpClientImpl.<clinit>(HttpClientImpl.java:105)
	at java.net.http/jdk.internal.net.http.HttpClientBuilderImpl.build(HttpClientBuilderImpl.java:142)
	at org.openqa.selenium.remote.http.jdk.JdkHttpClient.<init>(JdkHttpClient.java:156)
	at org.openqa.selenium.remote.http.jdk.JdkHttpClient$Factory.createClient(JdkHttpClient.java:548)
	at org.openqa.selenium.remote.HttpCommandExecutor.<init>(HttpCommandExecutor.java:117)
	at org.openqa.selenium.remote.HttpCommandExecutor.<init>(HttpCommandExecutor.java:93)
	at org.openqa.selenium.remote.service.DriverCommandExecutor.<init>(DriverCommandExecutor.java:87)
	at org.openqa.selenium.chromium.ChromiumDriverCommandExecutor.<init>(ChromiumDriverCommandExecutor.java:44)
	at org.openqa.selenium.chrome.ChromeDriver$ChromeDriverCommandExecutor.<init>(ChromeDriver.java:114)
	at org.openqa.selenium.chrome.ChromeDriver.generateExecutor(ChromeDriver.java:104)
	at org.openqa.selenium.chrome.ChromeDriver.<init>(ChromeDriver.java:88)
	at org.openqa.selenium.chrome.ChromeDriver.<init>(ChromeDriver.java:83)
	at org.openqa.selenium.chrome.ChromeDriver.<init>(ChromeDriver.java:51)
	at StepDefination.StepDef.setup1(StepDef.java:49)
	at java.base/jdk.internal.reflect.DirectMethodHandleAccessor.invoke(DirectMethodHandleAccessor.java:104)
	at java.base/java.lang.reflect.Method.invoke(Method.java:565)
	at io.cucumber.java.Invoker.doInvoke(Invoker.java:66)
	at io.cucumber.java.Invoker.invoke(Invoker.java:24)
	at io.cucumber.java.AbstractGlueDefinition.invokeMethod(AbstractGlueDefinition.java:47)
	at io.cucumber.java.JavaHookDefinition.execute(JavaHookDefinition.java:68)
	at io.cucumber.core.runner.CoreHookDefinition.execute(CoreHookDefinition.java:47)
	at io.cucumber.core.runner.HookDefinitionMatch.runStep(HookDefinitionMatch.java:21)
	at io.cucumber.core.runner.ExecutionMode$1.execute(ExecutionMode.java:10)
	at io.cucumber.core.runner.TestStep.executeStep(TestStep.java:81)
	at io.cucumber.core.runner.TestStep.run(TestStep.java:53)
	at io.cucumber.core.runner.TestCase.run(TestCase.java:80)
	at io.cucumber.core.runner.Runner.runPickle(Runner.java:77)
	at io.cucumber.junit.PickleRunners$NoStepDescriptions.lambda$run$0(PickleRunners.java:151)
	at io.cucumber.core.runtime.CucumberExecutionContext.lambda$runTestCase$5(CucumberExecutionContext.java:136)
	at io.cucumber.core.runtime.RethrowingThrowableCollector.executeAndThrow(RethrowingThrowableCollector.java:23)
	at io.cucumber.core.runtime.CucumberExecutionContext.runTestCase(CucumberExecutionContext.java:136)
	at io.cucumber.junit.PickleRunners$NoStepDescriptions.run(PickleRunners.java:148)
	at io.cucumber.junit.FeatureRunner.runChild(FeatureRunner.java:144)
	at io.cucumber.junit.FeatureRunner.runChild(FeatureRunner.java:28)
	at org.junit.runners.ParentRunner$4.run(ParentRunner.java:331)
	at org.junit.runners.ParentRunner$1.schedule(ParentRunner.java:79)
	at org.junit.runners.ParentRunner.runChildren(ParentRunner.java:329)
	at org.junit.runners.ParentRunner.access$100(ParentRunner.java:66)
	at org.junit.runners.ParentRunner$2.evaluate(ParentRunner.java:293)
	at org.junit.runners.ParentRunner$3.evaluate(ParentRunner.java:306)
	at org.junit.runners.ParentRunner.run(ParentRunner.java:413)
	at io.cucumber.junit.FeatureRunner.run(FeatureRunner.java:137)
	at io.cucumber.junit.Cucumber.runChild(Cucumber.java:196)
	at io.cucumber.junit.Cucumber.runChild(Cucumber.java:89)
	at org.junit.runners.ParentRunner$4.run(ParentRunner.java:331)
	at org.junit.runners.ParentRunner$1.schedule(ParentRunner.java:79)
	at org.junit.runners.ParentRunner.runChildren(ParentRunner.java:329)
	at org.junit.runners.ParentRunner.access$100(ParentRunner.java:66)
	at org.junit.runners.ParentRunner$2.evaluate(ParentRunner.java:293)
	at io.cucumber.core.runtime.CucumberExecutionContext.lambda$runFeatures$6(CucumberExecutionContext.java:147)
	at io.cucumber.core.runtime.CucumberExecutionContext.execute(CucumberExecutionContext.java:162)
	at io.cucumber.core.runtime.CucumberExecutionContext.runFeatures(CucumberExecutionContext.java:145)
	at io.cucumber.junit.Cucumber$StartAndFinishTestRun.evaluate(Cucumber.java:226)
	at org.junit.runners.ParentRunner$3.evaluate(ParentRunner.java:306)
	at org.junit.runners.ParentRunner.run(ParentRunner.java:413)
	at org.apache.maven.surefire.junit4.JUnit4Provider.execute(JUnit4Provider.java:316)
	at org.apache.maven.surefire.junit4.JUnit4Provider.executeWithRerun(JUnit4Provider.java:240)
	at org.apache.maven.surefire.junit4.JUnit4Provider.executeTestSet(JUnit4Provider.java:214)
	at org.apache.maven.surefire.junit4.JUnit4Provider.invoke(JUnit4Provider.java:155)
	at org.apache.maven.surefire.booter.ForkedBooter.runSuitesInProcess(ForkedBooter.java:385)
	at org.apache.maven.surefire.booter.ForkedBooter.execute(ForkedBooter.java:162)
	at org.apache.maven.surefire.booter.ForkedBooter.run(ForkedBooter.java:507)
	at org.apache.maven.surefire.booter.ForkedBooter.main(ForkedBooter.java:495)
Caused by: java.io.IOException: Error while instrumenting jdk/internal/net/http/common/Logger with JaCoCo 0.8.11.202310140853/f33756c.
	at org.jacoco.agent.rt.internal_4742761.core.instr.Instrumenter.instrumentError(Instrumenter.java:161)
	at org.jacoco.agent.rt.internal_4742761.core.instr.Instrumenter.instrument(Instrumenter.java:111)
	at org.jacoco.agent.rt.internal_4742761.CoverageTransformer.transform(CoverageTransformer.java:92)
	... 74 more
Caused by: java.lang.IllegalArgumentException: Unsupported class file major version 68
	at org.jacoco.agent.rt.internal_4742761.asm.ClassReader.<init>(ClassReader.java:200)
	at org.jacoco.agent.rt.internal_4742761.asm.ClassReader.<init>(ClassReader.java:180)
	at org.jacoco.agent.rt.internal_4742761.asm.ClassReader.<init>(ClassReader.java:166)
	at org.jacoco.agent.rt.internal_4742761.core.internal.instr.InstrSupport.classReaderFor(InstrSupport.java:280)
	at org.jacoco.agent.rt.internal_4742761.core.instr.Instrumenter.instrument(Instrumenter.java:77)
	at org.jacoco.agent.rt.internal_4742761.core.instr.Instrumenter.instrument(Instrumenter.java:109)
	... 75 more
java.lang.instrument.IllegalClassFormatException: Error while instrumenting jdk/internal/net/http/common/ConnectionExpiredException with JaCoCo 0.8.11.202310140853/f33756c.
	at org.jacoco.agent.rt.internal_4742761.CoverageTransformer.transform(CoverageTransformer.java:94)
	at java.instrument/java.lang.instrument.ClassFileTransformer.transform(ClassFileTransformer.java:257)
	at java.instrument/sun.instrument.TransformerManager.transform(TransformerManager.java:188)
	at java.instrument/sun.instrument.InstrumentationImpl.transform(InstrumentationImpl.java:594)
	at java.base/java.lang.ClassLoader.defineClass2(Native Method)
	at java.base/java.lang.ClassLoader.defineClass(ClassLoader.java:1052)
	at java.base/java.security.SecureClassLoader.defineClass(SecureClassLoader.java:164)
	at java.base/jdk.internal.loader.BuiltinClassLoader.defineClass(BuiltinClassLoader.java:735)
	at java.base/jdk.internal.loader.BuiltinClassLoader.findClassInModuleOrNull(BuiltinClassLoader.java:678)
	at java.base/jdk.internal.loader.BuiltinClassLoader.loadClassOrNull(BuiltinClassLoader.java:604)
	at java.base/jdk.internal.loader.BuiltinClassLoader.loadClass(BuiltinClassLoader.java:578)
	at java.base/java.lang.ClassLoader.loadClass(ClassLoader.java:490)
	at java.net.http/jdk.internal.net.http.HttpClientImpl.<clinit>(HttpClientImpl.java:105)
	at java.net.http/jdk.internal.net.http.HttpClientBuilderImpl.build(HttpClientBuilderImpl.java:142)
	at org.openqa.selenium.remote.http.jdk.JdkHttpClient.<init>(JdkHttpClient.java:156)
	at org.openqa.selenium.remote.http.jdk.JdkHttpClient$Factory.createClient(JdkHttpClient.java:548)
	at org.openqa.selenium.remote.HttpCommandExecutor.<init>(HttpCommandExecutor.java:117)
	at org.openqa.selenium.remote.HttpCommandExecutor.<init>(HttpCommandExecutor.java:93)
	at org.openqa.selenium.remote.service.DriverCommandExecutor.<init>(DriverCommandExecutor.java:87)
	at org.openqa.selenium.chromium.ChromiumDriverCommandExecutor.<init>(ChromiumDriverCommandExecutor.java:44)
	at org.openqa.selenium.chrome.ChromeDriver$ChromeDriverCommandExecutor.<init>(ChromeDriver.java:114)
	at org.openqa.selenium.chrome.ChromeDriver.generateExecutor(ChromeDriver.java:104)
	at org.openqa.selenium.chrome.ChromeDriver.<init>(ChromeDriver.java:88)
	at org.openqa.selenium.chrome.ChromeDriver.<init>(ChromeDriver.java:83)
	at org.openqa.selenium.chrome.ChromeDriver.<init>(ChromeDriver.java:51)
	at StepDefination.StepDef.setup1(StepDef.java:49)
	at java.base/jdk.internal.reflect.DirectMethodHandleAccessor.invoke(DirectMethodHandleAccessor.java:104)
	at java.base/java.lang.reflect.Method.invoke(Method.java:565)
	at io.cucumber.java.Invoker.doInvoke(Invoker.java:66)
	at io.cucumber.java.Invoker.invoke(Invoker.java:24)
	at io.cucumber.java.AbstractGlueDefinition.invokeMethod(AbstractGlueDefinition.java:47)
	at io.cucumber.java.JavaHookDefinition.execute(JavaHookDefinition.java:68)
	at io.cucumber.core.runner.CoreHookDefinition.execute(CoreHookDefinition.java:47)
	at io.cucumber.core.runner.HookDefinitionMatch.runStep(HookDefinitionMatch.java:21)
	at io.cucumber.core.runner.ExecutionMode$1.execute(ExecutionMode.java:10)
	at io.cucumber.core.runner.TestStep.executeStep(TestStep.java:81)
	at io.cucumber.core.runner.TestStep.run(TestStep.java:53)
	at io.cucumber.core.runner.TestCase.run(TestCase.java:80)
	at io.cucumber.core.runner.Runner.runPickle(Runner.java:77)
	at io.cucumber.junit.PickleRunners$NoStepDescriptions.lambda$run$0(PickleRunners.java:151)
	at io.cucumber.core.runtime.CucumberExecutionContext.lambda$runTestCase$5(CucumberExecutionContext.java:136)
	at io.cucumber.core.runtime.RethrowingThrowableCollector.executeAndThrow(RethrowingThrowableCollector.java:23)
	at io.cucumber.core.runtime.CucumberExecutionContext.runTestCase(CucumberExecutionContext.java:136)
	at io.cucumber.junit.PickleRunners$NoStepDescriptions.run(PickleRunners.java:148)
	at io.cucumber.junit.FeatureRunner.runChild(FeatureRunner.java:144)
	at io.cucumber.junit.FeatureRunner.runChild(FeatureRunner.java:28)
	at org.junit.runners.ParentRunner$4.run(ParentRunner.java:331)
	at org.junit.runners.ParentRunner$1.schedule(ParentRunner.java:79)
	at org.junit.runners.ParentRunner.runChildren(ParentRunner.java:329)
	at org.junit.runners.ParentRunner.access$100(ParentRunner.java:66)
	at org.junit.runners.ParentRunner$2.evaluate(ParentRunner.java:293)
	at org.junit.runners.ParentRunner$3.evaluate(ParentRunner.java:306)
	at org.junit.runners.ParentRunner.run(ParentRunner.java:413)
	at io.cucumber.junit.FeatureRunner.run(FeatureRunner.java:137)
	at io.cucumber.junit.Cucumber.runChild(Cucumber.java:196)
	at io.cucumber.junit.Cucumber.runChild(Cucumber.java:89)
	at org.junit.runners.ParentRunner$4.run(ParentRunner.java:331)
	at org.junit.runners.ParentRunner$1.schedule(ParentRunner.java:79)
	at org.junit.runners.ParentRunner.runChildren(ParentRunner.java:329)
	at org.junit.runners.ParentRunner.access$100(ParentRunner.java:66)
	at org.junit.runners.ParentRunner$2.evaluate(ParentRunner.java:293)
	at io.cucumber.core.runtime.CucumberExecutionContext.lambda$runFeatures$6(CucumberExecutionContext.java:147)
	at io.cucumber.core.runtime.CucumberExecutionContext.execute(CucumberExecutionContext.java:162)
	at io.cucumber.core.runtime.CucumberExecutionContext.runFeatures(CucumberExecutionContext.java:145)
	at io.cucumber.junit.Cucumber$StartAndFinishTestRun.evaluate(Cucumber.java:226)
	at org.junit.runners.ParentRunner$3.evaluate(ParentRunner.java:306)
	at org.junit.runners.ParentRunner.run(ParentRunner.java:413)
	at org.apache.maven.surefire.junit4.JUnit4Provider.execute(JUnit4Provider.java:316)
	at org.apache.maven.surefire.junit4.JUnit4Provider.executeWithRerun(JUnit4Provider.java:240)
	at org.apache.maven.surefire.junit4.JUnit4Provider.executeTestSet(JUnit4Provider.java:214)
	at org.apache.maven.surefire.junit4.JUnit4Provider.invoke(JUnit4Provider.java:155)
	at org.apache.maven.surefire.booter.ForkedBooter.runSuitesInProcess(ForkedBooter.java:385)
	at org.apache.maven.surefire.booter.ForkedBooter.execute(ForkedBooter.java:162)
	at org.apache.maven.surefire.booter.ForkedBooter.run(ForkedBooter.java:507)
	at org.apache.maven.surefire.booter.ForkedBooter.main(ForkedBooter.java:495)
Caused by: java.io.IOException: Error while instrumenting jdk/internal/net/http/common/ConnectionExpiredException with JaCoCo 0.8.11.202310140853/f33756c.
	at org.jacoco.agent.rt.internal_4742761.core.instr.Instrumenter.instrumentError(Instrumenter.java:161)
	at org.jacoco.agent.rt.internal_4742761.core.instr.Instrumenter.instrument(Instrumenter.java:111)
	at org.jacoco.agent.rt.internal_4742761.CoverageTransformer.transform(CoverageTransformer.java:92)
	... 74 more
Caused by: java.lang.IllegalArgumentException: Unsupported class file major version 68
	at org.jacoco.agent.rt.internal_4742761.asm.ClassReader.<init>(ClassReader.java:200)
	at org.jacoco.agent.rt.internal_4742761.asm.ClassReader.<init>(ClassReader.java:180)
	at org.jacoco.agent.rt.internal_4742761.asm.ClassReader.<init>(ClassReader.java:166)
	at org.jacoco.agent.rt.internal_4742761.core.internal.instr.InstrSupport.classReaderFor(InstrSupport.java:280)
	at org.jacoco.agent.rt.internal_4742761.core.instr.Instrumenter.instrument(Instrumenter.java:77)
	at org.jacoco.agent.rt.internal_4742761.core.instr.Instrumenter.instrument(Instrumenter.java:109)
	... 75 more
java.lang.instrument.IllegalClassFormatException: Error while instrumenting jdk/internal/net/http/common/DebugLogger$LoggerConfig with JaCoCo 0.8.11.202310140853/f33756c.
	at org.jacoco.agent.rt.internal_4742761.CoverageTransformer.transform(CoverageTransformer.java:94)
	at java.instrument/java.lang.instrument.ClassFileTransformer.transform(ClassFileTransformer.java:257)
	at java.instrument/sun.instrument.TransformerManager.transform(TransformerManager.java:188)
	at java.instrument/sun.instrument.InstrumentationImpl.transform(InstrumentationImpl.java:594)
	at java.base/java.lang.ClassLoader.defineClass2(Native Method)
	at java.base/java.lang.ClassLoader.defineClass(ClassLoader.java:1052)
	at java.base/java.security.SecureClassLoader.defineClass(SecureClassLoader.java:164)
	at java.base/jdk.internal.loader.BuiltinClassLoader.defineClass(BuiltinClassLoader.java:735)
	at java.base/jdk.internal.loader.BuiltinClassLoader.findClassInModuleOrNull(BuiltinClassLoader.java:678)
	at java.base/jdk.internal.loader.BuiltinClassLoader.loadClassOrNull(BuiltinClassLoader.java:604)
	at java.base/jdk.internal.loader.BuiltinClassLoader.loadClass(BuiltinClassLoader.java:578)
	at java.base/java.lang.ClassLoader.loadClass(ClassLoader.java:490)
	at java.net.http/jdk.internal.net.http.common.Utils.<clinit>(Utils.java:101)
	at java.net.http/jdk.internal.net.http.HttpClientImpl.<clinit>(HttpClientImpl.java:105)
	at java.net.http/jdk.internal.net.http.HttpClientBuilderImpl.build(HttpClientBuilderImpl.java:142)
	at org.openqa.selenium.remote.http.jdk.JdkHttpClient.<init>(JdkHttpClient.java:156)
	at org.openqa.selenium.remote.http.jdk.JdkHttpClient$Factory.createClient(JdkHttpClient.java:548)
	at org.openqa.selenium.remote.HttpCommandExecutor.<init>(HttpCommandExecutor.java:117)
	at org.openqa.selenium.remote.HttpCommandExecutor.<init>(HttpCommandExecutor.java:93)
	at org.openqa.selenium.remote.service.DriverCommandExecutor.<init>(DriverCommandExecutor.java:87)
	at org.openqa.selenium.chromium.ChromiumDriverCommandExecutor.<init>(ChromiumDriverCommandExecutor.java:44)
	at org.openqa.selenium.chrome.ChromeDriver$ChromeDriverCommandExecutor.<init>(ChromeDriver.java:114)
	at org.openqa.selenium.chrome.ChromeDriver.generateExecutor(ChromeDriver.java:104)
	at org.openqa.selenium.chrome.ChromeDriver.<init>(ChromeDriver.java:88)
	at org.openqa.selenium.chrome.ChromeDriver.<init>(ChromeDriver.java:83)
	at org.openqa.selenium.chrome.ChromeDriver.<init>(ChromeDriver.java:51)
	at StepDefination.StepDef.setup1(StepDef.java:49)
	at java.base/jdk.internal.reflect.DirectMethodHandleAccessor.invoke(DirectMethodHandleAccessor.java:104)
	at java.base/java.lang.reflect.Method.invoke(Method.java:565)
	at io.cucumber.java.Invoker.doInvoke(Invoker.java:66)
	at io.cucumber.java.Invoker.invoke(Invoker.java:24)
	at io.cucumber.java.AbstractGlueDefinition.invokeMethod(AbstractGlueDefinition.java:47)
	at io.cucumber.java.JavaHookDefinition.execute(JavaHookDefinition.java:68)
	at io.cucumber.core.runner.CoreHookDefinition.execute(CoreHookDefinition.java:47)
	at io.cucumber.core.runner.HookDefinitionMatch.runStep(HookDefinitionMatch.java:21)
	at io.cucumber.core.runner.ExecutionMode$1.execute(ExecutionMode.java:10)
	at io.cucumber.core.runner.TestStep.executeStep(TestStep.java:81)
	at io.cucumber.core.runner.TestStep.run(TestStep.java:53)
	at io.cucumber.core.runner.TestCase.run(TestCase.java:80)
	at io.cucumber.core.runner.Runner.runPickle(Runner.java:77)
	at io.cucumber.junit.PickleRunners$NoStepDescriptions.lambda$run$0(PickleRunners.java:151)
	at io.cucumber.core.runtime.CucumberExecutionContext.lambda$runTestCase$5(CucumberExecutionContext.java:136)
	at io.cucumber.core.runtime.RethrowingThrowableCollector.executeAndThrow(RethrowingThrowableCollector.java:23)
	at io.cucumber.core.runtime.CucumberExecutionContext.runTestCase(CucumberExecutionContext.java:136)
	at io.cucumber.junit.PickleRunners$NoStepDescriptions.run(PickleRunners.java:148)
	at io.cucumber.junit.FeatureRunner.runChild(FeatureRunner.java:144)
	at io.cucumber.junit.FeatureRunner.runChild(FeatureRunner.java:28)
	at org.junit.runners.ParentRunner$4.run(ParentRunner.java:331)
	at org.junit.runners.ParentRunner$1.schedule(ParentRunner.java:79)
	at org.junit.runners.ParentRunner.runChildren(ParentRunner.java:329)
	at org.junit.runners.ParentRunner.access$100(ParentRunner.java:66)
	at org.junit.runners.ParentRunner$2.evaluate(ParentRunner.java:293)
	at org.junit.runners.ParentRunner$3.evaluate(ParentRunner.java:306)
	at org.junit.runners.ParentRunner.run(ParentRunner.java:413)
	at io.cucumber.junit.FeatureRunner.run(FeatureRunner.java:137)
	at io.cucumber.junit.Cucumber.runChild(Cucumber.java:196)
	at io.cucumber.junit.Cucumber.runChild(Cucumber.java:89)
	at org.junit.runners.ParentRunner$4.run(ParentRunner.java:331)
	at org.junit.runners.ParentRunner$1.schedule(ParentRunner.java:79)
	at org.junit.runners.ParentRunner.runChildren(ParentRunner.java:329)
	at org.junit.runners.ParentRunner.access$100(ParentRunner.java:66)
	at org.junit.runners.ParentRunner$2.evaluate(ParentRunner.java:293)
	at io.cucumber.core.runtime.CucumberExecutionContext.lambda$runFeatures$6(CucumberExecutionContext.java:147)
	at io.cucumber.core.runtime.CucumberExecutionContext.execute(CucumberExecutionContext.java:162)
	at io.cucumber.core.runtime.CucumberExecutionContext.runFeatures(CucumberExecutionContext.java:145)
	at io.cucumber.junit.Cucumber$StartAndFinishTestRun.evaluate(Cucumber.java:226)
	at org.junit.runners.ParentRunner$3.evaluate(ParentRunner.java:306)
	at org.junit.runners.ParentRunner.run(ParentRunner.java:413)
	at org.apache.maven.surefire.junit4.JUnit4Provider.execute(JUnit4Provider.java:316)
	at org.apache.maven.surefire.junit4.JUnit4Provider.executeWithRerun(JUnit4Provider.java:240)
	at org.apache.maven.surefire.junit4.JUnit4Provider.executeTestSet(JUnit4Provider.java:214)
	at org.apache.maven.surefire.junit4.JUnit4Provider.invoke(JUnit4Provider.java:155)
	at org.apache.maven.surefire.booter.ForkedBooter.runSuitesInProcess(ForkedBooter.java:385)
	at org.apache.maven.surefire.booter.ForkedBooter.execute(ForkedBooter.java:162)
	at org.apache.maven.surefire.booter.ForkedBooter.run(ForkedBooter.java:507)
	at org.apache.maven.surefire.booter.ForkedBooter.main(ForkedBooter.java:495)
Caused by: java.io.IOException: Error while instrumenting jdk/internal/net/http/common/DebugLogger$LoggerConfig with JaCoCo 0.8.11.202310140853/f33756c.
	at org.jacoco.agent.rt.internal_4742761.core.instr.Instrumenter.instrumentError(Instrumenter.java:161)
	at org.jacoco.agent.rt.internal_4742761.core.instr.Instrumenter.instrument(Instrumenter.java:111)
	at org.jacoco.agent.rt.internal_4742761.CoverageTransformer.transform(CoverageTransformer.java:92)
	... 75 more
Caused by: java.lang.IllegalArgumentException: Unsupported class file major version 68
	at org.jacoco.agent.rt.internal_4742761.asm.ClassReader.<init>(ClassReader.java:200)
	at org.jacoco.agent.rt.internal_4742761.asm.ClassReader.<init>(ClassReader.java:180)
	at org.jacoco.agent.rt.internal_4742761.asm.ClassReader.<init>(ClassReader.java:166)
	at org.jacoco.agent.rt.internal_4742761.core.internal.instr.InstrSupport.classReaderFor(InstrSupport.java:280)
	at org.jacoco.agent.rt.internal_4742761.core.instr.Instrumenter.instrument(Instrumenter.java:77)
	at org.jacoco.agent.rt.internal_4742761.core.instr.Instrumenter.instrument(Instrumenter.java:109)
	... 76 more
java.lang.instrument.IllegalClassFormatException: Error while instrumenting jdk/internal/net/http/HttpClientImpl$SingleFacadeFactory with JaCoCo 0.8.11.202310140853/f33756c.
	at org.jacoco.agent.rt.internal_4742761.CoverageTransformer.transform(CoverageTransformer.java:94)
	at java.instrument/java.lang.instrument.ClassFileTransformer.transform(ClassFileTransformer.java:257)
	at java.instrument/sun.instrument.TransformerManager.transform(TransformerManager.java:188)
	at java.instrument/sun.instrument.InstrumentationImpl.transform(InstrumentationImpl.java:594)
	at java.base/java.lang.ClassLoader.defineClass2(Native Method)
	at java.base/java.lang.ClassLoader.defineClass(ClassLoader.java:1052)
	at java.base/java.security.SecureClassLoader.defineClass(SecureClassLoader.java:164)
	at java.base/jdk.internal.loader.BuiltinClassLoader.defineClass(BuiltinClassLoader.java:735)
	at java.base/jdk.internal.loader.BuiltinClassLoader.findClassInModuleOrNull(BuiltinClassLoader.java:678)
	at java.base/jdk.internal.loader.BuiltinClassLoader.loadClassOrNull(BuiltinClassLoader.java:604)
	at java.base/jdk.internal.loader.BuiltinClassLoader.loadClass(BuiltinClassLoader.java:578)
	at java.base/java.lang.ClassLoader.loadClass(ClassLoader.java:490)
	at java.net.http/jdk.internal.net.http.HttpClientImpl.create(HttpClientImpl.java:419)
	at java.net.http/jdk.internal.net.http.HttpClientBuilderImpl.build(HttpClientBuilderImpl.java:142)
	at org.openqa.selenium.remote.http.jdk.JdkHttpClient.<init>(JdkHttpClient.java:156)
	at org.openqa.selenium.remote.http.jdk.JdkHttpClient$Factory.createClient(JdkHttpClient.java:548)
	at org.openqa.selenium.remote.HttpCommandExecutor.<init>(HttpCommandExecutor.java:117)
	at org.openqa.selenium.remote.HttpCommandExecutor.<init>(HttpCommandExecutor.java:93)
	at org.openqa.selenium.remote.service.DriverCommandExecutor.<init>(DriverCommandExecutor.java:87)
	at org.openqa.selenium.chromium.ChromiumDriverCommandExecutor.<init>(ChromiumDriverCommandExecutor.java:44)
	at org.openqa.selenium.chrome.ChromeDriver$ChromeDriverCommandExecutor.<init>(ChromeDriver.java:114)
	at org.openqa.selenium.chrome.ChromeDriver.generateExecutor(ChromeDriver.java:104)
	at org.openqa.selenium.chrome.ChromeDriver.<init>(ChromeDriver.java:88)
	at org.openqa.selenium.chrome.ChromeDriver.<init>(ChromeDriver.java:83)
	at org.openqa.selenium.chrome.ChromeDriver.<init>(ChromeDriver.java:51)
	at StepDefination.StepDef.setup1(StepDef.java:49)
	at java.base/jdk.internal.reflect.DirectMethodHandleAccessor.invoke(DirectMethodHandleAccessor.java:104)
	at java.base/java.lang.reflect.Method.invoke(Method.java:565)
	at io.cucumber.java.Invoker.doInvoke(Invoker.java:66)
	at io.cucumber.java.Invoker.invoke(Invoker.java:24)
	at io.cucumber.java.AbstractGlueDefinition.invokeMethod(AbstractGlueDefinition.java:47)
	at io.cucumber.java.JavaHookDefinition.execute(JavaHookDefinition.java:68)
	at io.cucumber.core.runner.CoreHookDefinition.execute(CoreHookDefinition.java:47)
	at io.cucumber.core.runner.HookDefinitionMatch.runStep(HookDefinitionMatch.java:21)
	at io.cucumber.core.runner.ExecutionMode$1.execute(ExecutionMode.java:10)
	at io.cucumber.core.runner.TestStep.executeStep(TestStep.java:81)
	at io.cucumber.core.runner.TestStep.run(TestStep.java:53)
	at io.cucumber.core.runner.TestCase.run(TestCase.java:80)
	at io.cucumber.core.runner.Runner.runPickle(Runner.java:77)
	at io.cucumber.junit.PickleRunners$NoStepDescriptions.lambda$run$0(PickleRunners.java:151)
	at io.cucumber.core.runtime.CucumberExecutionContext.lambda$runTestCase$5(CucumberExecutionContext.java:136)
	at io.cucumber.core.runtime.RethrowingThrowableCollector.executeAndThrow(RethrowingThrowableCollector.java:23)
	at io.cucumber.core.runtime.CucumberExecutionContext.runTestCase(CucumberExecutionContext.java:136)
	at io.cucumber.junit.PickleRunners$NoStepDescriptions.run(PickleRunners.java:148)
	at io.cucumber.junit.FeatureRunner.runChild(FeatureRunner.java:144)
	at io.cucumber.junit.FeatureRunner.runChild(FeatureRunner.java:28)
	at org.junit.runners.ParentRunner$4.run(ParentRunner.java:331)
	at org.junit.runners.ParentRunner$1.schedule(ParentRunner.java:79)
	at org.junit.runners.ParentRunner.runChildren(ParentRunner.java:329)
	at org.junit.runners.ParentRunner.access$100(ParentRunner.java:66)
	at org.junit.runners.ParentRunner$2.evaluate(ParentRunner.java:293)
	at org.junit.runners.ParentRunner$3.evaluate(ParentRunner.java:306)
	at org.junit.runners.ParentRunner.run(ParentRunner.java:413)
	at io.cucumber.junit.FeatureRunner.run(FeatureRunner.java:137)
	at io.cucumber.junit.Cucumber.runChild(Cucumber.java:196)
	at io.cucumber.junit.Cucumber.runChild(Cucumber.java:89)
	at org.junit.runners.ParentRunner$4.run(ParentRunner.java:331)
	at org.junit.runners.ParentRunner$1.schedule(ParentRunner.java:79)
	at org.junit.runners.ParentRunner.runChildren(ParentRunner.java:329)
	at org.junit.runners.ParentRunner.access$100(ParentRunner.java:66)
	at org.junit.runners.ParentRunner$2.evaluate(ParentRunner.java:293)
	at io.cucumber.core.runtime.CucumberExecutionContext.lambda$runFeatures$6(CucumberExecutionContext.java:147)
	at io.cucumber.core.runtime.CucumberExecutionContext.execute(CucumberExecutionContext.java:162)
	at io.cucumber.core.runtime.CucumberExecutionContext.runFeatures(CucumberExecutionContext.java:145)
	at io.cucumber.junit.Cucumber$StartAndFinishTestRun.evaluate(Cucumber.java:226)
	at org.junit.runners.ParentRunner$3.evaluate(ParentRunner.java:306)
	at org.junit.runners.ParentRunner.run(ParentRunner.java:413)
	at org.apache.maven.surefire.junit4.JUnit4Provider.execute(JUnit4Provider.java:316)
	at org.apache.maven.surefire.junit4.JUnit4Provider.executeWithRerun(JUnit4Provider.java:240)
	at org.apache.maven.surefire.junit4.JUnit4Provider.executeTestSet(JUnit4Provider.java:214)
	at org.apache.maven.surefire.junit4.JUnit4Provider.invoke(JUnit4Provider.java:155)
	at org.apache.maven.surefire.booter.ForkedBooter.runSuitesInProcess(ForkedBooter.java:385)
	at org.apache.maven.surefire.booter.ForkedBooter.execute(ForkedBooter.java:162)
	at org.apache.maven.surefire.booter.ForkedBooter.run(ForkedBooter.java:507)
	at org.apache.maven.surefire.booter.ForkedBooter.main(ForkedBooter.java:495)
Caused by: java.io.IOException: Error while instrumenting jdk/internal/net/http/HttpClientImpl$SingleFacadeFactory with JaCoCo 0.8.11.202310140853/f33756c.
	at org.jacoco.agent.rt.internal_4742761.core.instr.Instrumenter.instrumentError(Instrumenter.java:161)
	at org.jacoco.agent.rt.internal_4742761.core.instr.Instrumenter.instrument(Instrumenter.java:111)
	at org.jacoco.agent.rt.internal_4742761.CoverageTransformer.transform(CoverageTransformer.java:92)
	... 74 more
Caused by: java.lang.IllegalArgumentException: Unsupported class file major version 68
	at org.jacoco.agent.rt.internal_4742761.asm.ClassReader.<init>(ClassReader.java:200)
	at org.jacoco.agent.rt.internal_4742761.asm.ClassReader.<init>(ClassReader.java:180)
	at org.jacoco.agent.rt.internal_4742761.asm.ClassReader.<init>(ClassReader.java:166)
	at org.jacoco.agent.rt.internal_4742761.core.internal.instr.InstrSupport.classReaderFor(InstrSupport.java:280)
	at org.jacoco.agent.rt.internal_4742761.core.instr.Instrumenter.instrument(Instrumenter.java:77)
	at org.jacoco.agent.rt.internal_4742761.core.instr.Instrumenter.instrument(Instrumenter.java:109)
	... 75 more
java.lang.instrument.IllegalClassFormatException: Error while instrumenting jdk/internal/net/http/common/DebugLogger with JaCoCo 0.8.11.202310140853/f33756c.
	at org.jacoco.agent.rt.internal_4742761.CoverageTransformer.transform(CoverageTransformer.java:94)
	at java.instrument/java.lang.instrument.ClassFileTransformer.transform(ClassFileTransformer.java:257)
	at java.instrument/sun.instrument.TransformerManager.transform(TransformerManager.java:188)
	at java.instrument/sun.instrument.InstrumentationImpl.transform(InstrumentationImpl.java:594)
	at java.base/java.lang.ClassLoader.defineClass2(Native Method)
	at java.base/java.lang.ClassLoader.defineClass(ClassLoader.java:1052)
	at java.base/java.security.SecureClassLoader.defineClass(SecureClassLoader.java:164)
	at java.base/jdk.internal.loader.BuiltinClassLoader.defineClass(BuiltinClassLoader.java:735)
	at java.base/jdk.internal.loader.BuiltinClassLoader.findClassInModuleOrNull(BuiltinClassLoader.java:678)
	at java.base/jdk.internal.loader.BuiltinClassLoader.loadClassOrNull(BuiltinClassLoader.java:604)
	at java.base/jdk.internal.loader.BuiltinClassLoader.loadClass(BuiltinClassLoader.java:578)
	at java.base/java.lang.ClassLoader.loadClass(ClassLoader.java:490)
	at java.net.http/jdk.internal.net.http.common.Utils.getDebugLogger(Utils.java:894)
	at java.net.http/jdk.internal.net.http.HttpClientImpl.<init>(HttpClientImpl.java:107)
	at java.net.http/jdk.internal.net.http.HttpClientImpl.create(HttpClientImpl.java:420)
	at java.net.http/jdk.internal.net.http.HttpClientBuilderImpl.build(HttpClientBuilderImpl.java:142)
	at org.openqa.selenium.remote.http.jdk.JdkHttpClient.<init>(JdkHttpClient.java:156)
	at org.openqa.selenium.remote.http.jdk.JdkHttpClient$Factory.createClient(JdkHttpClient.java:548)
	at org.openqa.selenium.remote.HttpCommandExecutor.<init>(HttpCommandExecutor.java:117)
	at org.openqa.selenium.remote.HttpCommandExecutor.<init>(HttpCommandExecutor.java:93)
	at org.openqa.selenium.remote.service.DriverCommandExecutor.<init>(DriverCommandExecutor.java:87)
	at org.openqa.selenium.chromium.ChromiumDriverCommandExecutor.<init>(ChromiumDriverCommandExecutor.java:44)
	at org.openqa.selenium.chrome.ChromeDriver$ChromeDriverCommandExecutor.<init>(ChromeDriver.java:114)
	at org.openqa.selenium.chrome.ChromeDriver.generateExecutor(ChromeDriver.java:104)
	at org.openqa.selenium.chrome.ChromeDriver.<init>(ChromeDriver.java:88)
	at org.openqa.selenium.chrome.ChromeDriver.<init>(ChromeDriver.java:83)
	at org.openqa.selenium.chrome.ChromeDriver.<init>(ChromeDriver.java:51)
	at StepDefination.StepDef.setup1(StepDef.java:49)
	at java.base/jdk.internal.reflect.DirectMethodHandleAccessor.invoke(DirectMethodHandleAccessor.java:104)
	at java.base/java.lang.reflect.Method.invoke(Method.java:565)
	at io.cucumber.java.Invoker.doInvoke(Invoker.java:66)
	at io.cucumber.java.Invoker.invoke(Invoker.java:24)
	at io.cucumber.java.AbstractGlueDefinition.invokeMethod(AbstractGlueDefinition.java:47)
	at io.cucumber.java.JavaHookDefinition.execute(JavaHookDefinition.java:68)
	at io.cucumber.core.runner.CoreHookDefinition.execute(CoreHookDefinition.java:47)
	at io.cucumber.core.runner.HookDefinitionMatch.runStep(HookDefinitionMatch.java:21)
	at io.cucumber.core.runner.ExecutionMode$1.execute(ExecutionMode.java:10)
	at io.cucumber.core.runner.TestStep.executeStep(TestStep.java:81)
	at io.cucumber.core.runner.TestStep.run(TestStep.java:53)
	at io.cucumber.core.runner.TestCase.run(TestCase.java:80)
	at io.cucumber.core.runner.Runner.runPickle(Runner.java:77)
	at io.cucumber.junit.PickleRunners$NoStepDescriptions.lambda$run$0(PickleRunners.java:151)
	at io.cucumber.core.runtime.CucumberExecutionContext.lambda$runTestCase$5(CucumberExecutionContext.java:136)
	at io.cucumber.core.runtime.RethrowingThrowableCollector.executeAndThrow(RethrowingThrowableCollector.java:23)
	at io.cucumber.core.runtime.CucumberExecutionContext.runTestCase(CucumberExecutionContext.java:136)
	at io.cucumber.junit.PickleRunners$NoStepDescriptions.run(PickleRunners.java:148)
	at io.cucumber.junit.FeatureRunner.runChild(FeatureRunner.java:144)
	at io.cucumber.junit.FeatureRunner.runChild(FeatureRunner.java:28)
	at org.junit.runners.ParentRunner$4.run(ParentRunner.java:331)
	at org.junit.runners.ParentRunner$1.schedule(ParentRunner.java:79)
	at org.junit.runners.ParentRunner.runChildren(ParentRunner.java:329)
	at org.junit.runners.ParentRunner.access$100(ParentRunner.java:66)
	at org.junit.runners.ParentRunner$2.evaluate(ParentRunner.java:293)
	at org.junit.runners.ParentRunner$3.evaluate(ParentRunner.java:306)
	at org.junit.runners.ParentRunner.run(ParentRunner.java:413)
	at io.cucumber.junit.FeatureRunner.run(FeatureRunner.java:137)
	at io.cucumber.junit.Cucumber.runChild(Cucumber.java:196)
	at io.cucumber.junit.Cucumber.runChild(Cucumber.java:89)
	at org.junit.runners.ParentRunner$4.run(ParentRunner.java:331)
	at org.junit.runners.ParentRunner$1.schedule(ParentRunner.java:79)
	at org.junit.runners.ParentRunner.runChildren(ParentRunner.java:329)
	at org.junit.runners.ParentRunner.access$100(ParentRunner.java:66)
	at org.junit.runners.ParentRunner$2.evaluate(ParentRunner.java:293)
	at io.cucumber.core.runtime.CucumberExecutionContext.lambda$runFeatures$6(CucumberExecutionContext.java:147)
	at io.cucumber.core.runtime.CucumberExecutionContext.execute(CucumberExecutionContext.java:162)
	at io.cucumber.core.runtime.CucumberExecutionContext.runFeatures(CucumberExecutionContext.java:145)
	at io.cucumber.junit.Cucumber$StartAndFinishTestRun.evaluate(Cucumber.java:226)
	at org.junit.runners.ParentRunner$3.evaluate(ParentRunner.java:306)
	at org.junit.runners.ParentRunner.run(ParentRunner.java:413)
	at org.apache.maven.surefire.junit4.JUnit4Provider.execute(JUnit4Provider.java:316)
	at org.apache.maven.surefire.junit4.JUnit4Provider.executeWithRerun(JUnit4Provider.java:240)
	at org.apache.maven.surefire.junit4.JUnit4Provider.executeTestSet(JUnit4Provider.java:214)
	at org.apache.maven.surefire.junit4.JUnit4Provider.invoke(JUnit4Provider.java:155)
	at org.apache.maven.surefire.booter.ForkedBooter.runSuitesInProcess(ForkedBooter.java:385)
	at org.apache.maven.surefire.booter.ForkedBooter.execute(ForkedBooter.java:162)
	at org.apache.maven.surefire.booter.ForkedBooter.run(ForkedBooter.java:507)
	at org.apache.maven.surefire.booter.ForkedBooter.main(ForkedBooter.java:495)
Caused by: java.io.IOException: Error while instrumenting jdk/internal/net/http/common/DebugLogger with JaCoCo 0.8.11.202310140853/f33756c.
	at org.jacoco.agent.rt.internal_4742761.core.instr.Instrumenter.instrumentError(Instrumenter.java:161)
	at org.jacoco.agent.rt.internal_4742761.core.instr.Instrumenter.instrument(Instrumenter.java:111)
	at org.jacoco.agent.rt.internal_4742761.CoverageTransformer.transform(CoverageTransformer.java:92)
	... 76 more
Caused by: java.lang.IllegalArgumentException: Unsupported class file major version 68
	at org.jacoco.agent.rt.internal_4742761.asm.ClassReader.<init>(ClassReader.java:200)
	at org.jacoco.agent.rt.internal_4742761.asm.ClassReader.<init>(ClassReader.java:180)
	at org.jacoco.agent.rt.internal_4742761.asm.ClassReader.<init>(ClassReader.java:166)
	at org.jacoco.agent.rt.internal_4742761.core.internal.instr.InstrSupport.classReaderFor(InstrSupport.java:280)
	at org.jacoco.agent.rt.internal_4742761.core.instr.Instrumenter.instrument(Instrumenter.java:77)
	at org.jacoco.agent.rt.internal_4742761.core.instr.Instrumenter.instrument(Instrumenter.java:109)
	... 77 more
java.lang.instrument.IllegalClassFormatException: Error while instrumenting jdk/internal/net/http/HttpClientImpl$SSLDirectBufferSupplier with JaCoCo 0.8.11.202310140853/f33756c.
	at org.jacoco.agent.rt.internal_4742761.CoverageTransformer.transform(CoverageTransformer.java:94)
	at java.instrument/java.lang.instrument.ClassFileTransformer.transform(ClassFileTransformer.java:257)
	at java.instrument/sun.instrument.TransformerManager.transform(TransformerManager.java:188)
	at java.instrument/sun.instrument.InstrumentationImpl.transform(InstrumentationImpl.java:594)
	at java.base/java.lang.ClassLoader.defineClass2(Native Method)
	at java.base/java.lang.ClassLoader.defineClass(ClassLoader.java:1052)
	at java.base/java.security.SecureClassLoader.defineClass(SecureClassLoader.java:164)
	at java.base/jdk.internal.loader.BuiltinClassLoader.defineClass(BuiltinClassLoader.java:735)
	at java.base/jdk.internal.loader.BuiltinClassLoader.findClassInModuleOrNull(BuiltinClassLoader.java:678)
	at java.base/jdk.internal.loader.BuiltinClassLoader.loadClassOrNull(BuiltinClassLoader.java:604)
	at java.base/jdk.internal.loader.BuiltinClassLoader.loadClass(BuiltinClassLoader.java:578)
	at java.base/java.lang.ClassLoader.loadClass(ClassLoader.java:490)
	at java.net.http/jdk.internal.net.http.HttpClientImpl.<init>(HttpClientImpl.java:336)
	at java.net.http/jdk.internal.net.http.HttpClientImpl.create(HttpClientImpl.java:420)
	at java.net.http/jdk.internal.net.http.HttpClientBuilderImpl.build(HttpClientBuilderImpl.java:142)
	at org.openqa.selenium.remote.http.jdk.JdkHttpClient.<init>(JdkHttpClient.java:156)
	at org.openqa.selenium.remote.http.jdk.JdkHttpClient$Factory.createClient(JdkHttpClient.java:548)
	at org.openqa.selenium.remote.HttpCommandExecutor.<init>(HttpCommandExecutor.java:117)
	at org.openqa.selenium.remote.HttpCommandExecutor.<init>(HttpCommandExecutor.java:93)
	at org.openqa.selenium.remote.service.DriverCommandExecutor.<init>(DriverCommandExecutor.java:87)
	at org.openqa.selenium.chromium.ChromiumDriverCommandExecutor.<init>(ChromiumDriverCommandExecutor.java:44)
	at org.openqa.selenium.chrome.ChromeDriver$ChromeDriverCommandExecutor.<init>(ChromeDriver.java:114)
	at org.openqa.selenium.chrome.ChromeDriver.generateExecutor(ChromeDriver.java:104)
	at org.openqa.selenium.chrome.ChromeDriver.<init>(ChromeDriver.java:88)
	at org.openqa.selenium.chrome.ChromeDriver.<init>(ChromeDriver.java:83)
	at org.openqa.selenium.chrome.ChromeDriver.<init>(ChromeDriver.java:51)
	at StepDefination.StepDef.setup1(StepDef.java:49)
	at java.base/jdk.internal.reflect.DirectMethodHandleAccessor.invoke(DirectMethodHandleAccessor.java:104)
	at java.base/java.lang.reflect.Method.invoke(Method.java:565)
	at io.cucumber.java.Invoker.doInvoke(Invoker.java:66)
	at io.cucumber.java.Invoker.invoke(Invoker.java:24)
	at io.cucumber.java.AbstractGlueDefinition.invokeMethod(AbstractGlueDefinition.java:47)
	at io.cucumber.java.JavaHookDefinition.execute(JavaHookDefinition.java:68)
	at io.cucumber.core.runner.CoreHookDefinition.execute(CoreHookDefinition.java:47)
	at io.cucumber.core.runner.HookDefinitionMatch.runStep(HookDefinitionMatch.java:21)
	at io.cucumber.core.runner.ExecutionMode$1.execute(ExecutionMode.java:10)
	at io.cucumber.core.runner.TestStep.executeStep(TestStep.java:81)
	at io.cucumber.core.runner.TestStep.run(TestStep.java:53)
	at io.cucumber.core.runner.TestCase.run(TestCase.java:80)
	at io.cucumber.core.runner.Runner.runPickle(Runner.java:77)
	at io.cucumber.junit.PickleRunners$NoStepDescriptions.lambda$run$0(PickleRunners.java:151)
	at io.cucumber.core.runtime.CucumberExecutionContext.lambda$runTestCase$5(CucumberExecutionContext.java:136)
	at io.cucumber.core.runtime.RethrowingThrowableCollector.executeAndThrow(RethrowingThrowableCollector.java:23)
	at io.cucumber.core.runtime.CucumberExecutionContext.runTestCase(CucumberExecutionContext.java:136)
	at io.cucumber.junit.PickleRunners$NoStepDescriptions.run(PickleRunners.java:148)
	at io.cucumber.junit.FeatureRunner.runChild(FeatureRunner.java:144)
	at io.cucumber.junit.FeatureRunner.runChild(FeatureRunner.java:28)
	at org.junit.runners.ParentRunner$4.run(ParentRunner.java:331)
	at org.junit.runners.ParentRunner$1.schedule(ParentRunner.java:79)
	at org.junit.runners.ParentRunner.runChildren(ParentRunner.java:329)
	at org.junit.runners.ParentRunner.access$100(ParentRunner.java:66)
	at org.junit.runners.ParentRunner$2.evaluate(ParentRunner.java:293)
	at org.junit.runners.ParentRunner$3.evaluate(ParentRunner.java:306)
	at org.junit.runners.ParentRunner.run(ParentRunner.java:413)
	at io.cucumber.junit.FeatureRunner.run(FeatureRunner.java:137)
	at io.cucumber.junit.Cucumber.runChild(Cucumber.java:196)
	at io.cucumber.junit.Cucumber.runChild(Cucumber.java:89)
	at org.junit.runners.ParentRunner$4.run(ParentRunner.java:331)
	at org.junit.runners.ParentRunner$1.schedule(ParentRunner.java:79)
	at org.junit.runners.ParentRunner.runChildren(ParentRunner.java:329)
	at org.junit.runners.ParentRunner.access$100(ParentRunner.java:66)
	at org.junit.runners.ParentRunner$2.evaluate(ParentRunner.java:293)
	at io.cucumber.core.runtime.CucumberExecutionContext.lambda$runFeatures$6(CucumberExecutionContext.java:147)
	at io.cucumber.core.runtime.CucumberExecutionContext.execute(CucumberExecutionContext.java:162)
	at io.cucumber.core.runtime.CucumberExecutionContext.runFeatures(CucumberExecutionContext.java:145)
	at io.cucumber.junit.Cucumber$StartAndFinishTestRun.evaluate(Cucumber.java:226)
	at org.junit.runners.ParentRunner$3.evaluate(ParentRunner.java:306)
	at org.junit.runners.ParentRunner.run(ParentRunner.java:413)
	at org.apache.maven.surefire.junit4.JUnit4Provider.execute(JUnit4Provider.java:316)
	at org.apache.maven.surefire.junit4.JUnit4Provider.executeWithRerun(JUnit4Provider.java:240)
	at org.apache.maven.surefire.junit4.JUnit4Provider.executeTestSet(JUnit4Provider.java:214)
	at org.apache.maven.surefire.junit4.JUnit4Provider.invoke(JUnit4Provider.java:155)
	at org.apache.maven.surefire.booter.ForkedBooter.runSuitesInProcess(ForkedBooter.java:385)
	at org.apache.maven.surefire.booter.ForkedBooter.execute(ForkedBooter.java:162)
	at org.apache.maven.surefire.booter.ForkedBooter.run(ForkedBooter.java:507)
	at org.apache.maven.surefire.booter.ForkedBooter.main(ForkedBooter.java:495)
Caused by: java.io.IOException: Error while instrumenting jdk/internal/net/http/HttpClientImpl$SSLDirectBufferSupplier with JaCoCo 0.8.11.202310140853/f33756c.
	at org.jacoco.agent.rt.internal_4742761.core.instr.Instrumenter.instrumentError(Instrumenter.java:161)
	at org.jacoco.agent.rt.internal_4742761.core.instr.Instrumenter.instrument(Instrumenter.java:111)
	at org.jacoco.agent.rt.internal_4742761.CoverageTransformer.transform(CoverageTransformer.java:92)
	... 75 more
Caused by: java.lang.IllegalArgumentException: Unsupported class file major version 68
	at org.jacoco.agent.rt.internal_4742761.asm.ClassReader.<init>(ClassReader.java:200)
	at org.jacoco.agent.rt.internal_4742761.asm.ClassReader.<init>(ClassReader.java:180)
	at org.jacoco.agent.rt.internal_4742761.asm.ClassReader.<init>(ClassReader.java:166)
	at org.jacoco.agent.rt.internal_4742761.core.internal.instr.InstrSupport.classReaderFor(InstrSupport.java:280)
	at org.jacoco.agent.rt.internal_4742761.core.instr.Instrumenter.instrument(Instrumenter.java:77)
	at org.jacoco.agent.rt.internal_4742761.core.instr.Instrumenter.instrument(Instrumenter.java:109)
	... 76 more
java.lang.instrument.IllegalClassFormatException: Error while instrumenting jdk/internal/net/http/AsyncSSLTunnelConnection with JaCoCo 0.8.11.202310140853/f33756c.
	at org.jacoco.agent.rt.internal_4742761.CoverageTransformer.transform(CoverageTransformer.java:94)
	at java.instrument/java.lang.instrument.ClassFileTransformer.transform(ClassFileTransformer.java:257)
	at java.instrument/sun.instrument.TransformerManager.transform(TransformerManager.java:188)
	at java.instrument/sun.instrument.InstrumentationImpl.transform(InstrumentationImpl.java:594)
	at java.base/java.lang.ClassLoader.defineClass2(Native Method)
	at java.base/java.lang.ClassLoader.defineClass(ClassLoader.java:1052)
	at java.base/java.security.SecureClassLoader.defineClass(SecureClassLoader.java:164)
	at java.base/jdk.internal.loader.BuiltinClassLoader.defineClass(BuiltinClassLoader.java:735)
	at java.base/jdk.internal.loader.BuiltinClassLoader.findClassInModuleOrNull(BuiltinClassLoader.java:678)
	at java.base/jdk.internal.loader.BuiltinClassLoader.loadClassOrNull(BuiltinClassLoader.java:604)
	at java.base/jdk.internal.loader.BuiltinClassLoader.loadClass(BuiltinClassLoader.java:578)
	at java.base/java.lang.ClassLoader.loadClass(ClassLoader.java:490)
	at java.net.http/jdk.internal.net.http.HttpClientImpl.<init>(HttpClientImpl.java:350)
	at java.net.http/jdk.internal.net.http.HttpClientImpl.create(HttpClientImpl.java:420)
	at java.net.http/jdk.internal.net.http.HttpClientBuilderImpl.build(HttpClientBuilderImpl.java:142)
	at org.openqa.selenium.remote.http.jdk.JdkHttpClient.<init>(JdkHttpClient.java:156)
	at org.openqa.selenium.remote.http.jdk.JdkHttpClient$Factory.createClient(JdkHttpClient.java:548)
	at org.openqa.selenium.remote.HttpCommandExecutor.<init>(HttpCommandExecutor.java:117)
	at org.openqa.selenium.remote.HttpCommandExecutor.<init>(HttpCommandExecutor.java:93)
	at org.openqa.selenium.remote.service.DriverCommandExecutor.<init>(DriverCommandExecutor.java:87)
	at org.openqa.selenium.chromium.ChromiumDriverCommandExecutor.<init>(ChromiumDriverCommandExecutor.java:44)
	at org.openqa.selenium.chrome.ChromeDriver$ChromeDriverCommandExecutor.<init>(ChromeDriver.java:114)
	at org.openqa.selenium.chrome.ChromeDriver.generateExecutor(ChromeDriver.java:104)
	at org.openqa.selenium.chrome.ChromeDriver.<init>(ChromeDriver.java:88)
	at org.openqa.selenium.chrome.ChromeDriver.<init>(ChromeDriver.java:83)
	at org.openqa.selenium.chrome.ChromeDriver.<init>(ChromeDriver.java:51)
	at StepDefination.StepDef.setup1(StepDef.java:49)
	at java.base/jdk.internal.reflect.DirectMethodHandleAccessor.invoke(DirectMethodHandleAccessor.java:104)
	at java.base/java.lang.reflect.Method.invoke(Method.java:565)
	at io.cucumber.java.Invoker.doInvoke(Invoker.java:66)
	at io.cucumber.java.Invoker.invoke(Invoker.java:24)
	at io.cucumber.java.AbstractGlueDefinition.invokeMethod(AbstractGlueDefinition.java:47)
	at io.cucumber.java.JavaHookDefinition.execute(JavaHookDefinition.java:68)
	at io.cucumber.core.runner.CoreHookDefinition.execute(CoreHookDefinition.java:47)
	at io.cucumber.core.runner.HookDefinitionMatch.runStep(HookDefinitionMatch.java:21)
	at io.cucumber.core.runner.ExecutionMode$1.execute(ExecutionMode.java:10)
	at io.cucumber.core.runner.TestStep.executeStep(TestStep.java:81)
	at io.cucumber.core.runner.TestStep.run(TestStep.java:53)
	at io.cucumber.core.runner.TestCase.run(TestCase.java:80)
	at io.cucumber.core.runner.Runner.runPickle(Runner.java:77)
	at io.cucumber.junit.PickleRunners$NoStepDescriptions.lambda$run$0(PickleRunners.java:151)
	at io.cucumber.core.runtime.CucumberExecutionContext.lambda$runTestCase$5(CucumberExecutionContext.java:136)
	at io.cucumber.core.runtime.RethrowingThrowableCollector.executeAndThrow(RethrowingThrowableCollector.java:23)
	at io.cucumber.core.runtime.CucumberExecutionContext.runTestCase(CucumberExecutionContext.java:136)
	at io.cucumber.junit.PickleRunners$NoStepDescriptions.run(PickleRunners.java:148)
	at io.cucumber.junit.FeatureRunner.runChild(FeatureRunner.java:144)
	at io.cucumber.junit.FeatureRunner.runChild(FeatureRunner.java:28)
	at org.junit.runners.ParentRunner$4.run(ParentRunner.java:331)
	at org.junit.runners.ParentRunner$1.schedule(ParentRunner.java:79)
	at org.junit.runners.ParentRunner.runChildren(ParentRunner.java:329)
	at org.junit.runners.ParentRunner.access$100(ParentRunner.java:66)
	at org.junit.runners.ParentRunner$2.evaluate(ParentRunner.java:293)
	at org.junit.runners.ParentRunner$3.evaluate(ParentRunner.java:306)
	at org.junit.runners.ParentRunner.run(ParentRunner.java:413)
	at io.cucumber.junit.FeatureRunner.run(FeatureRunner.java:137)
	at io.cucumber.junit.Cucumber.runChild(Cucumber.java:196)
	at io.cucumber.junit.Cucumber.runChild(Cucumber.java:89)
	at org.junit.runners.ParentRunner$4.run(ParentRunner.java:331)
	at org.junit.runners.ParentRunner$1.schedule(ParentRunner.java:79)
	at org.junit.runners.ParentRunner.runChildren(ParentRunner.java:329)
	at org.junit.runners.ParentRunner.access$100(ParentRunner.java:66)
	at org.junit.runners.ParentRunner$2.evaluate(ParentRunner.java:293)
	at io.cucumber.core.runtime.CucumberExecutionContext.lambda$runFeatures$6(CucumberExecutionContext.java:147)
	at io.cucumber.core.runtime.CucumberExecutionContext.execute(CucumberExecutionContext.java:162)
	at io.cucumber.core.runtime.CucumberExecutionContext.runFeatures(CucumberExecutionContext.java:145)
	at io.cucumber.junit.Cucumber$StartAndFinishTestRun.evaluate(Cucumber.java:226)
	at org.junit.runners.ParentRunner$3.evaluate(ParentRunner.java:306)
	at org.junit.runners.ParentRunner.run(ParentRunner.java:413)
	at org.apache.maven.surefire.junit4.JUnit4Provider.execute(JUnit4Provider.java:316)
	at org.apache.maven.surefire.junit4.JUnit4Provider.executeWithRerun(JUnit4Provider.java:240)
	at org.apache.maven.surefire.junit4.JUnit4Provider.executeTestSet(JUnit4Provider.java:214)
	at org.apache.maven.surefire.junit4.JUnit4Provider.invoke(JUnit4Provider.java:155)
	at org.apache.maven.surefire.booter.ForkedBooter.runSuitesInProcess(ForkedBooter.java:385)
	at org.apache.maven.surefire.booter.ForkedBooter.execute(ForkedBooter.java:162)
	at org.apache.maven.surefire.booter.ForkedBooter.run(ForkedBooter.java:507)
	at org.apache.maven.surefire.booter.ForkedBooter.main(ForkedBooter.java:495)
Caused by: java.io.IOException: Error while instrumenting jdk/internal/net/http/AsyncSSLTunnelConnection with JaCoCo 0.8.11.202310140853/f33756c.
	at org.jacoco.agent.rt.internal_4742761.core.instr.Instrumenter.instrumentError(Instrumenter.java:161)
	at org.jacoco.agent.rt.internal_4742761.core.instr.Instrumenter.instrument(Instrumenter.java:111)
	at org.jacoco.agent.rt.internal_4742761.CoverageTransformer.transform(CoverageTransformer.java:92)
	... 75 more
Caused by: java.lang.IllegalArgumentException: Unsupported class file major version 68
	at org.jacoco.agent.rt.internal_4742761.asm.ClassReader.<init>(ClassReader.java:200)
	at org.jacoco.agent.rt.internal_4742761.asm.ClassReader.<init>(ClassReader.java:180)
	at org.jacoco.agent.rt.internal_4742761.asm.ClassReader.<init>(ClassReader.java:166)
	at org.jacoco.agent.rt.internal_4742761.core.internal.instr.InstrSupport.classReaderFor(InstrSupport.java:280)
	at org.jacoco.agent.rt.internal_4742761.core.instr.Instrumenter.instrument(Instrumenter.java:77)
	at org.jacoco.agent.rt.internal_4742761.core.instr.Instrumenter.instrument(Instrumenter.java:109)
	... 76 more
java.lang.instrument.IllegalClassFormatException: Error while instrumenting jdk/internal/net/http/AbstractAsyncSSLConnection with JaCoCo 0.8.11.202310140853/f33756c.
	at org.jacoco.agent.rt.internal_4742761.CoverageTransformer.transform(CoverageTransformer.java:94)
	at java.instrument/java.lang.instrument.ClassFileTransformer.transform(ClassFileTransformer.java:257)
	at java.instrument/sun.instrument.TransformerManager.transform(TransformerManager.java:188)
	at java.instrument/sun.instrument.InstrumentationImpl.transform(InstrumentationImpl.java:594)
	at java.base/java.lang.ClassLoader.defineClass2(Native Method)
	at java.base/java.lang.ClassLoader.defineClass(ClassLoader.java:1052)
	at java.base/java.security.SecureClassLoader.defineClass(SecureClassLoader.java:164)
	at java.base/jdk.internal.loader.BuiltinClassLoader.defineClass(BuiltinClassLoader.java:735)
	at java.base/jdk.internal.loader.BuiltinClassLoader.findClassInModuleOrNull(BuiltinClassLoader.java:678)
	at java.base/jdk.internal.loader.BuiltinClassLoader.loadClassOrNull(BuiltinClassLoader.java:604)
	at java.base/jdk.internal.loader.BuiltinClassLoader.loadClass(BuiltinClassLoader.java:578)
	at java.base/java.lang.ClassLoader.loadClass(ClassLoader.java:490)
	at java.base/java.lang.ClassLoader.defineClass2(Native Method)
	at java.base/java.lang.ClassLoader.defineClass(ClassLoader.java:1052)
	at java.base/java.security.SecureClassLoader.defineClass(SecureClassLoader.java:164)
	at java.base/jdk.internal.loader.BuiltinClassLoader.defineClass(BuiltinClassLoader.java:735)
	at java.base/jdk.internal.loader.BuiltinClassLoader.findClassInModuleOrNull(BuiltinClassLoader.java:678)
	at java.base/jdk.internal.loader.BuiltinClassLoader.loadClassOrNull(BuiltinClassLoader.java:604)
	at java.base/jdk.internal.loader.BuiltinClassLoader.loadClass(BuiltinClassLoader.java:578)
	at java.base/java.lang.ClassLoader.loadClass(ClassLoader.java:490)
	at java.net.http/jdk.internal.net.http.HttpClientImpl.<init>(HttpClientImpl.java:350)
	at java.net.http/jdk.internal.net.http.HttpClientImpl.create(HttpClientImpl.java:420)
	at java.net.http/jdk.internal.net.http.HttpClientBuilderImpl.build(HttpClientBuilderImpl.java:142)
	at org.openqa.selenium.remote.http.jdk.JdkHttpClient.<init>(JdkHttpClient.java:156)
	at org.openqa.selenium.remote.http.jdk.JdkHttpClient$Factory.createClient(JdkHttpClient.java:548)
	at org.openqa.selenium.remote.HttpCommandExecutor.<init>(HttpCommandExecutor.java:117)
	at org.openqa.selenium.remote.HttpCommandExecutor.<init>(HttpCommandExecutor.java:93)
	at org.openqa.selenium.remote.service.DriverCommandExecutor.<init>(DriverCommandExecutor.java:87)
	at org.openqa.selenium.chromium.ChromiumDriverCommandExecutor.<init>(ChromiumDriverCommandExecutor.java:44)
	at org.openqa.selenium.chrome.ChromeDriver$ChromeDriverCommandExecutor.<init>(ChromeDriver.java:114)
	at org.openqa.selenium.chrome.ChromeDriver.generateExecutor(ChromeDriver.java:104)
	at org.openqa.selenium.chrome.ChromeDriver.<init>(ChromeDriver.java:88)
	at org.openqa.selenium.chrome.ChromeDriver.<init>(ChromeDriver.java:83)
	at org.openqa.selenium.chrome.ChromeDriver.<init>(ChromeDriver.java:51)
	at StepDefination.StepDef.setup1(StepDef.java:49)
	at java.base/jdk.internal.reflect.DirectMethodHandleAccessor.invoke(DirectMethodHandleAccessor.java:104)
	at java.base/java.lang.reflect.Method.invoke(Method.java:565)
	at io.cucumber.java.Invoker.doInvoke(Invoker.java:66)
	at io.cucumber.java.Invoker.invoke(Invoker.java:24)
	at io.cucumber.java.AbstractGlueDefinition.invokeMethod(AbstractGlueDefinition.java:47)
	at io.cucumber.java.JavaHookDefinition.execute(JavaHookDefinition.java:68)
	at io.cucumber.core.runner.CoreHookDefinition.execute(CoreHookDefinition.java:47)
	at io.cucumber.core.runner.HookDefinitionMatch.runStep(HookDefinitionMatch.java:21)
	at io.cucumber.core.runner.ExecutionMode$1.execute(ExecutionMode.java:10)
	at io.cucumber.core.runner.TestStep.executeStep(TestStep.java:81)
	at io.cucumber.core.runner.TestStep.run(TestStep.java:53)
	at io.cucumber.core.runner.TestCase.run(TestCase.java:80)
	at io.cucumber.core.runner.Runner.runPickle(Runner.java:77)
	at io.cucumber.junit.PickleRunners$NoStepDescriptions.lambda$run$0(PickleRunners.java:151)
	at io.cucumber.core.runtime.CucumberExecutionContext.lambda$runTestCase$5(CucumberExecutionContext.java:136)
	at io.cucumber.core.runtime.RethrowingThrowableCollector.executeAndThrow(RethrowingThrowableCollector.java:23)
	at io.cucumber.core.runtime.CucumberExecutionContext.runTestCase(CucumberExecutionContext.java:136)
	at io.cucumber.junit.PickleRunners$NoStepDescriptions.run(PickleRunners.java:148)
	at io.cucumber.junit.FeatureRunner.runChild(FeatureRunner.java:144)
	at io.cucumber.junit.FeatureRunner.runChild(FeatureRunner.java:28)
	at org.junit.runners.ParentRunner$4.run(ParentRunner.java:331)
	at org.junit.runners.ParentRunner$1.schedule(ParentRunner.java:79)
	at org.junit.runners.ParentRunner.runChildren(ParentRunner.java:329)
	at org.junit.runners.ParentRunner.access$100(ParentRunner.java:66)
	at org.junit.runners.ParentRunner$2.evaluate(ParentRunner.java:293)
	at org.junit.runners.ParentRunner$3.evaluate(ParentRunner.java:306)
	at org.junit.runners.ParentRunner.run(ParentRunner.java:413)
	at io.cucumber.junit.FeatureRunner.run(FeatureRunner.java:137)
	at io.cucumber.junit.Cucumber.runChild(Cucumber.java:196)
	at io.cucumber.junit.Cucumber.runChild(Cucumber.java:89)
	at org.junit.runners.ParentRunner$4.run(ParentRunner.java:331)
	at org.junit.runners.ParentRunner$1.schedule(ParentRunner.java:79)
	at org.junit.runners.ParentRunner.runChildren(ParentRunner.java:329)
	at org.junit.runners.ParentRunner.access$100(ParentRunner.java:66)
	at org.junit.runners.ParentRunner$2.evaluate(ParentRunner.java:293)
	at io.cucumber.core.runtime.CucumberExecutionContext.lambda$runFeatures$6(CucumberExecutionContext.java:147)
	at io.cucumber.core.runtime.CucumberExecutionContext.execute(CucumberExecutionContext.java:162)
	at io.cucumber.core.runtime.CucumberExecutionContext.runFeatures(CucumberExecutionContext.java:145)
	at io.cucumber.junit.Cucumber$StartAndFinishTestRun.evaluate(Cucumber.java:226)
	at org.junit.runners.ParentRunner$3.evaluate(ParentRunner.java:306)
	at org.junit.runners.ParentRunner.run(ParentRunner.java:413)
	at org.apache.maven.surefire.junit4.JUnit4Provider.execute(JUnit4Provider.java:316)
	at org.apache.maven.surefire.junit4.JUnit4Provider.executeWithRerun(JUnit4Provider.java:240)
	at org.apache.maven.surefire.junit4.JUnit4Provider.executeTestSet(JUnit4Provider.java:214)
	at org.apache.maven.surefire.junit4.JUnit4Provider.invoke(JUnit4Provider.java:155)
	at org.apache.maven.surefire.booter.ForkedBooter.runSuitesInProcess(ForkedBooter.java:385)
	at org.apache.maven.surefire.booter.ForkedBooter.execute(ForkedBooter.java:162)
	at org.apache.maven.surefire.booter.ForkedBooter.run(ForkedBooter.java:507)
	at org.apache.maven.surefire.booter.ForkedBooter.main(ForkedBooter.java:495)
Caused by: java.io.IOException: Error while instrumenting jdk/internal/net/http/AbstractAsyncSSLConnection with JaCoCo 0.8.11.202310140853/f33756c.
	at org.jacoco.agent.rt.internal_4742761.core.instr.Instrumenter.instrumentError(Instrumenter.java:161)
	at org.jacoco.agent.rt.internal_4742761.core.instr.Instrumenter.instrument(Instrumenter.java:111)
	at org.jacoco.agent.rt.internal_4742761.CoverageTransformer.transform(CoverageTransformer.java:92)
	... 83 more
Caused by: java.lang.IllegalArgumentException: Unsupported class file major version 68
	at org.jacoco.agent.rt.internal_4742761.asm.ClassReader.<init>(ClassReader.java:200)
	at org.jacoco.agent.rt.internal_4742761.asm.ClassReader.<init>(ClassReader.java:180)
	at org.jacoco.agent.rt.internal_4742761.asm.ClassReader.<init>(ClassReader.java:166)
	at org.jacoco.agent.rt.internal_4742761.core.internal.instr.InstrSupport.classReaderFor(InstrSupport.java:280)
	at org.jacoco.agent.rt.internal_4742761.core.instr.Instrumenter.instrument(Instrumenter.java:77)
	at org.jacoco.agent.rt.internal_4742761.core.instr.Instrumenter.instrument(Instrumenter.java:109)
	... 84 more
java.lang.instrument.IllegalClassFormatException: Error while instrumenting jdk/internal/net/http/AsyncSSLConnection with JaCoCo 0.8.11.202310140853/f33756c.
	at org.jacoco.agent.rt.internal_4742761.CoverageTransformer.transform(CoverageTransformer.java:94)
	at java.instrument/java.lang.instrument.ClassFileTransformer.transform(ClassFileTransformer.java:257)
	at java.instrument/sun.instrument.TransformerManager.transform(TransformerManager.java:188)
	at java.instrument/sun.instrument.InstrumentationImpl.transform(InstrumentationImpl.java:594)
	at java.base/java.lang.ClassLoader.defineClass2(Native Method)
	at java.base/java.lang.ClassLoader.defineClass(ClassLoader.java:1052)
	at java.base/java.security.SecureClassLoader.defineClass(SecureClassLoader.java:164)
	at java.base/jdk.internal.loader.BuiltinClassLoader.defineClass(BuiltinClassLoader.java:735)
	at java.base/jdk.internal.loader.BuiltinClassLoader.findClassInModuleOrNull(BuiltinClassLoader.java:678)
	at java.base/jdk.internal.loader.BuiltinClassLoader.loadClassOrNull(BuiltinClassLoader.java:604)
	at java.base/jdk.internal.loader.BuiltinClassLoader.loadClass(BuiltinClassLoader.java:578)
	at java.base/java.lang.ClassLoader.loadClass(ClassLoader.java:490)
	at java.net.http/jdk.internal.net.http.HttpClientImpl.<init>(HttpClientImpl.java:350)
	at java.net.http/jdk.internal.net.http.HttpClientImpl.create(HttpClientImpl.java:420)
	at java.net.http/jdk.internal.net.http.HttpClientBuilderImpl.build(HttpClientBuilderImpl.java:142)
	at org.openqa.selenium.remote.http.jdk.JdkHttpClient.<init>(JdkHttpClient.java:156)
	at org.openqa.selenium.remote.http.jdk.JdkHttpClient$Factory.createClient(JdkHttpClient.java:548)
	at org.openqa.selenium.remote.HttpCommandExecutor.<init>(HttpCommandExecutor.java:117)
	at org.openqa.selenium.remote.HttpCommandExecutor.<init>(HttpCommandExecutor.java:93)
	at org.openqa.selenium.remote.service.DriverCommandExecutor.<init>(DriverCommandExecutor.java:87)
	at org.openqa.selenium.chromium.ChromiumDriverCommandExecutor.<init>(ChromiumDriverCommandExecutor.java:44)
	at org.openqa.selenium.chrome.ChromeDriver$ChromeDriverCommandExecutor.<init>(ChromeDriver.java:114)
	at org.openqa.selenium.chrome.ChromeDriver.generateExecutor(ChromeDriver.java:104)
	at org.openqa.selenium.chrome.ChromeDriver.<init>(ChromeDriver.java:88)
	at org.openqa.selenium.chrome.ChromeDriver.<init>(ChromeDriver.java:83)
	at org.openqa.selenium.chrome.ChromeDriver.<init>(ChromeDriver.java:51)
	at StepDefination.StepDef.setup1(StepDef.java:49)
	at java.base/jdk.internal.reflect.DirectMethodHandleAccessor.invoke(DirectMethodHandleAccessor.java:104)
	at java.base/java.lang.reflect.Method.invoke(Method.java:565)
	at io.cucumber.java.Invoker.doInvoke(Invoker.java:66)
	at io.cucumber.java.Invoker.invoke(Invoker.java:24)
	at io.cucumber.java.AbstractGlueDefinition.invokeMethod(AbstractGlueDefinition.java:47)
	at io.cucumber.java.JavaHookDefinition.execute(JavaHookDefinition.java:68)
	at io.cucumber.core.runner.CoreHookDefinition.execute(CoreHookDefinition.java:47)
	at io.cucumber.core.runner.HookDefinitionMatch.runStep(HookDefinitionMatch.java:21)
	at io.cucumber.core.runner.ExecutionMode$1.execute(ExecutionMode.java:10)
	at io.cucumber.core.runner.TestStep.executeStep(TestStep.java:81)
	at io.cucumber.core.runner.TestStep.run(TestStep.java:53)
	at io.cucumber.core.runner.TestCase.run(TestCase.java:80)
	at io.cucumber.core.runner.Runner.runPickle(Runner.java:77)
	at io.cucumber.junit.PickleRunners$NoStepDescriptions.lambda$run$0(PickleRunners.java:151)
	at io.cucumber.core.runtime.CucumberExecutionContext.lambda$runTestCase$5(CucumberExecutionContext.java:136)
	at io.cucumber.core.runtime.RethrowingThrowableCollector.executeAndThrow(RethrowingThrowableCollector.java:23)
	at io.cucumber.core.runtime.CucumberExecutionContext.runTestCase(CucumberExecutionContext.java:136)
	at io.cucumber.junit.PickleRunners$NoStepDescriptions.run(PickleRunners.java:148)
	at io.cucumber.junit.FeatureRunner.runChild(FeatureRunner.java:144)
	at io.cucumber.junit.FeatureRunner.runChild(FeatureRunner.java:28)
	at org.junit.runners.ParentRunner$4.run(ParentRunner.java:331)
	at org.junit.runners.ParentRunner$1.schedule(ParentRunner.java:79)
	at org.junit.runners.ParentRunner.runChildren(ParentRunner.java:329)
	at org.junit.runners.ParentRunner.access$100(ParentRunner.java:66)
	at org.junit.runners.ParentRunner$2.evaluate(ParentRunner.java:293)
	at org.junit.runners.ParentRunner$3.evaluate(ParentRunner.java:306)
	at org.junit.runners.ParentRunner.run(ParentRunner.java:413)
	at io.cucumber.junit.FeatureRunner.run(FeatureRunner.java:137)
	at io.cucumber.junit.Cucumber.runChild(Cucumber.java:196)
	at io.cucumber.junit.Cucumber.runChild(Cucumber.java:89)
	at org.junit.runners.ParentRunner$4.run(ParentRunner.java:331)
	at org.junit.runners.ParentRunner$1.schedule(ParentRunner.java:79)
	at org.junit.runners.ParentRunner.runChildren(ParentRunner.java:329)
	at org.junit.runners.ParentRunner.access$100(ParentRunner.java:66)
	at org.junit.runners.ParentRunner$2.evaluate(ParentRunner.java:293)
	at io.cucumber.core.runtime.CucumberExecutionContext.lambda$runFeatures$6(CucumberExecutionContext.java:147)
	at io.cucumber.core.runtime.CucumberExecutionContext.execute(CucumberExecutionContext.java:162)
	at io.cucumber.core.runtime.CucumberExecutionContext.runFeatures(CucumberExecutionContext.java:145)
	at io.cucumber.junit.Cucumber$StartAndFinishTestRun.evaluate(Cucumber.java:226)
	at org.junit.runners.ParentRunner$3.evaluate(ParentRunner.java:306)
	at org.junit.runners.ParentRunner.run(ParentRunner.java:413)
	at org.apache.maven.surefire.junit4.JUnit4Provider.execute(JUnit4Provider.java:316)
	at org.apache.maven.surefire.junit4.JUnit4Provider.executeWithRerun(JUnit4Provider.java:240)
	at org.apache.maven.surefire.junit4.JUnit4Provider.executeTestSet(JUnit4Provider.java:214)
	at org.apache.maven.surefire.junit4.JUnit4Provider.invoke(JUnit4Provider.java:155)
	at org.apache.maven.surefire.booter.ForkedBooter.runSuitesInProcess(ForkedBooter.java:385)
	at org.apache.maven.surefire.booter.ForkedBooter.execute(ForkedBooter.java:162)
	at org.apache.maven.surefire.booter.ForkedBooter.run(ForkedBooter.java:507)
	at org.apache.maven.surefire.booter.ForkedBooter.main(ForkedBooter.java:495)
Caused by: java.io.IOException: Error while instrumenting jdk/internal/net/http/AsyncSSLConnection with JaCoCo 0.8.11.202310140853/f33756c.
	at org.jacoco.agent.rt.internal_4742761.core.instr.Instrumenter.instrumentError(Instrumenter.java:161)
	at org.jacoco.agent.rt.internal_4742761.core.instr.Instrumenter.instrument(Instrumenter.java:111)
	at org.jacoco.agent.rt.internal_4742761.CoverageTransformer.transform(CoverageTransformer.java:92)
	... 75 more
Caused by: java.lang.IllegalArgumentException: Unsupported class file major version 68
	at org.jacoco.agent.rt.internal_4742761.asm.ClassReader.<init>(ClassReader.java:200)
	at org.jacoco.agent.rt.internal_4742761.asm.ClassReader.<init>(ClassReader.java:180)
	at org.jacoco.agent.rt.internal_4742761.asm.ClassReader.<init>(ClassReader.java:166)
	at org.jacoco.agent.rt.internal_4742761.core.internal.instr.InstrSupport.classReaderFor(InstrSupport.java:280)
	at org.jacoco.agent.rt.internal_4742761.core.instr.Instrumenter.instrument(Instrumenter.java:77)
	at org.jacoco.agent.rt.internal_4742761.core.instr.Instrumenter.instrument(Instrumenter.java:109)
	... 76 more
java.lang.instrument.IllegalClassFormatException: Error while instrumenting jdk/internal/net/http/PlainTunnelingConnection with JaCoCo 0.8.11.202310140853/f33756c.
	at org.jacoco.agent.rt.internal_4742761.CoverageTransformer.transform(CoverageTransformer.java:94)
	at java.instrument/java.lang.instrument.ClassFileTransformer.transform(ClassFileTransformer.java:257)
	at java.instrument/sun.instrument.TransformerManager.transform(TransformerManager.java:188)
	at java.instrument/sun.instrument.InstrumentationImpl.transform(InstrumentationImpl.java:594)
	at java.base/java.lang.ClassLoader.defineClass2(Native Method)
	at java.base/java.lang.ClassLoader.defineClass(ClassLoader.java:1052)
	at java.base/java.security.SecureClassLoader.defineClass(SecureClassLoader.java:164)
	at java.base/jdk.internal.loader.BuiltinClassLoader.defineClass(BuiltinClassLoader.java:735)
	at java.base/jdk.internal.loader.BuiltinClassLoader.findClassInModuleOrNull(BuiltinClassLoader.java:678)
	at java.base/jdk.internal.loader.BuiltinClassLoader.loadClassOrNull(BuiltinClassLoader.java:604)
	at java.base/jdk.internal.loader.BuiltinClassLoader.loadClass(BuiltinClassLoader.java:578)
	at java.base/java.lang.ClassLoader.loadClass(ClassLoader.java:490)
	at java.net.http/jdk.internal.net.http.HttpClientImpl.<init>(HttpClientImpl.java:350)
	at java.net.http/jdk.internal.net.http.HttpClientImpl.create(HttpClientImpl.java:420)
	at java.net.http/jdk.internal.net.http.HttpClientBuilderImpl.build(HttpClientBuilderImpl.java:142)
	at org.openqa.selenium.remote.http.jdk.JdkHttpClient.<init>(JdkHttpClient.java:156)
	at org.openqa.selenium.remote.http.jdk.JdkHttpClient$Factory.createClient(JdkHttpClient.java:548)
	at org.openqa.selenium.remote.HttpCommandExecutor.<init>(HttpCommandExecutor.java:117)
	at org.openqa.selenium.remote.HttpCommandExecutor.<init>(HttpCommandExecutor.java:93)
	at org.openqa.selenium.remote.service.DriverCommandExecutor.<init>(DriverCommandExecutor.java:87)
	at org.openqa.selenium.chromium.ChromiumDriverCommandExecutor.<init>(ChromiumDriverCommandExecutor.java:44)
	at org.openqa.selenium.chrome.ChromeDriver$ChromeDriverCommandExecutor.<init>(ChromeDriver.java:114)
	at org.openqa.selenium.chrome.ChromeDriver.generateExecutor(ChromeDriver.java:104)
	at org.openqa.selenium.chrome.ChromeDriver.<init>(ChromeDriver.java:88)
	at org.openqa.selenium.chrome.ChromeDriver.<init>(ChromeDriver.java:83)
	at org.openqa.selenium.chrome.ChromeDriver.<init>(ChromeDriver.java:51)
	at StepDefination.StepDef.setup1(StepDef.java:49)
	at java.base/jdk.internal.reflect.DirectMethodHandleAccessor.invoke(DirectMethodHandleAccessor.java:104)
	at java.base/java.lang.reflect.Method.invoke(Method.java:565)
	at io.cucumber.java.Invoker.doInvoke(Invoker.java:66)
	at io.cucumber.java.Invoker.invoke(Invoker.java:24)
	at io.cucumber.java.AbstractGlueDefinition.invokeMethod(AbstractGlueDefinition.java:47)
	at io.cucumber.java.JavaHookDefinition.execute(JavaHookDefinition.java:68)
	at io.cucumber.core.runner.CoreHookDefinition.execute(CoreHookDefinition.java:47)
	at io.cucumber.core.runner.HookDefinitionMatch.runStep(HookDefinitionMatch.java:21)
	at io.cucumber.core.runner.ExecutionMode$1.execute(ExecutionMode.java:10)
	at io.cucumber.core.runner.TestStep.executeStep(TestStep.java:81)
	at io.cucumber.core.runner.TestStep.run(TestStep.java:53)
	at io.cucumber.core.runner.TestCase.run(TestCase.java:80)
	at io.cucumber.core.runner.Runner.runPickle(Runner.java:77)
	at io.cucumber.junit.PickleRunners$NoStepDescriptions.lambda$run$0(PickleRunners.java:151)
	at io.cucumber.core.runtime.CucumberExecutionContext.lambda$runTestCase$5(CucumberExecutionContext.java:136)
	at io.cucumber.core.runtime.RethrowingThrowableCollector.executeAndThrow(RethrowingThrowableCollector.java:23)
	at io.cucumber.core.runtime.CucumberExecutionContext.runTestCase(CucumberExecutionContext.java:136)
	at io.cucumber.junit.PickleRunners$NoStepDescriptions.run(PickleRunners.java:148)
	at io.cucumber.junit.FeatureRunner.runChild(FeatureRunner.java:144)
	at io.cucumber.junit.FeatureRunner.runChild(FeatureRunner.java:28)
	at org.junit.runners.ParentRunner$4.run(ParentRunner.java:331)
	at org.junit.runners.ParentRunner$1.schedule(ParentRunner.java:79)
	at org.junit.runners.ParentRunner.runChildren(ParentRunner.java:329)
	at org.junit.runners.ParentRunner.access$100(ParentRunner.java:66)
	at org.junit.runners.ParentRunner$2.evaluate(ParentRunner.java:293)
	at org.junit.runners.ParentRunner$3.evaluate(ParentRunner.java:306)
	at org.junit.runners.ParentRunner.run(ParentRunner.java:413)
	at io.cucumber.junit.FeatureRunner.run(FeatureRunner.java:137)
	at io.cucumber.junit.Cucumber.runChild(Cucumber.java:196)
	at io.cucumber.junit.Cucumber.runChild(Cucumber.java:89)
	at org.junit.runners.ParentRunner$4.run(ParentRunner.java:331)
	at org.junit.runners.ParentRunner$1.schedule(ParentRunner.java:79)
	at org.junit.runners.ParentRunner.runChildren(ParentRunner.java:329)
	at org.junit.runners.ParentRunner.access$100(ParentRunner.java:66)
	at org.junit.runners.ParentRunner$2.evaluate(ParentRunner.java:293)
	at io.cucumber.core.runtime.CucumberExecutionContext.lambda$runFeatures$6(CucumberExecutionContext.java:147)
	at io.cucumber.core.runtime.CucumberExecutionContext.execute(CucumberExecutionContext.java:162)
	at io.cucumber.core.runtime.CucumberExecutionContext.runFeatures(CucumberExecutionContext.java:145)
	at io.cucumber.junit.Cucumber$StartAndFinishTestRun.evaluate(Cucumber.java:226)
	at org.junit.runners.ParentRunner$3.evaluate(ParentRunner.java:306)
	at org.junit.runners.ParentRunner.run(ParentRunner.java:413)
	at org.apache.maven.surefire.junit4.JUnit4Provider.execute(JUnit4Provider.java:316)
	at org.apache.maven.surefire.junit4.JUnit4Provider.executeWithRerun(JUnit4Provider.java:240)
	at org.apache.maven.surefire.junit4.JUnit4Provider.executeTestSet(JUnit4Provider.java:214)
	at org.apache.maven.surefire.junit4.JUnit4Provider.invoke(JUnit4Provider.java:155)
	at org.apache.maven.surefire.booter.ForkedBooter.runSuitesInProcess(ForkedBooter.java:385)
	at org.apache.maven.surefire.booter.ForkedBooter.execute(ForkedBooter.java:162)
	at org.apache.maven.surefire.booter.ForkedBooter.run(ForkedBooter.java:507)
	at org.apache.maven.surefire.booter.ForkedBooter.main(ForkedBooter.java:495)
Caused by: java.io.IOException: Error while instrumenting jdk/internal/net/http/PlainTunnelingConnection with JaCoCo 0.8.11.202310140853/f33756c.
	at org.jacoco.agent.rt.internal_4742761.core.instr.Instrumenter.instrumentError(Instrumenter.java:161)
	at org.jacoco.agent.rt.internal_4742761.core.instr.Instrumenter.instrument(Instrumenter.java:111)
	at org.jacoco.agent.rt.internal_4742761.CoverageTransformer.transform(CoverageTransformer.java:92)
	... 75 more
Caused by: java.lang.IllegalArgumentException: Unsupported class file major version 68
	at org.jacoco.agent.rt.internal_4742761.asm.ClassReader.<init>(ClassReader.java:200)
	at org.jacoco.agent.rt.internal_4742761.asm.ClassReader.<init>(ClassReader.java:180)
	at org.jacoco.agent.rt.internal_4742761.asm.ClassReader.<init>(ClassReader.java:166)
	at org.jacoco.agent.rt.internal_4742761.core.internal.instr.InstrSupport.classReaderFor(InstrSupport.java:280)
	at org.jacoco.agent.rt.internal_4742761.core.instr.Instrumenter.instrument(Instrumenter.java:77)
	at org.jacoco.agent.rt.internal_4742761.core.instr.Instrumenter.instrument(Instrumenter.java:109)
	... 76 more
java.lang.instrument.IllegalClassFormatException: Error while instrumenting jdk/internal/net/http/PlainProxyConnection with JaCoCo 0.8.11.202310140853/f33756c.
	at org.jacoco.agent.rt.internal_4742761.CoverageTransformer.transform(CoverageTransformer.java:94)
	at java.instrument/java.lang.instrument.ClassFileTransformer.transform(ClassFileTransformer.java:257)
	at java.instrument/sun.instrument.TransformerManager.transform(TransformerManager.java:188)
	at java.instrument/sun.instrument.InstrumentationImpl.transform(InstrumentationImpl.java:594)
	at java.base/java.lang.ClassLoader.defineClass2(Native Method)
	at java.base/java.lang.ClassLoader.defineClass(ClassLoader.java:1052)
	at java.base/java.security.SecureClassLoader.defineClass(SecureClassLoader.java:164)
	at java.base/jdk.internal.loader.BuiltinClassLoader.defineClass(BuiltinClassLoader.java:735)
	at java.base/jdk.internal.loader.BuiltinClassLoader.findClassInModuleOrNull(BuiltinClassLoader.java:678)
	at java.base/jdk.internal.loader.BuiltinClassLoader.loadClassOrNull(BuiltinClassLoader.java:604)
	at java.base/jdk.internal.loader.BuiltinClassLoader.loadClass(BuiltinClassLoader.java:578)
	at java.base/java.lang.ClassLoader.loadClass(ClassLoader.java:490)
	at java.net.http/jdk.internal.net.http.HttpClientImpl.<init>(HttpClientImpl.java:350)
	at java.net.http/jdk.internal.net.http.HttpClientImpl.create(HttpClientImpl.java:420)
	at java.net.http/jdk.internal.net.http.HttpClientBuilderImpl.build(HttpClientBuilderImpl.java:142)
	at org.openqa.selenium.remote.http.jdk.JdkHttpClient.<init>(JdkHttpClient.java:156)
	at org.openqa.selenium.remote.http.jdk.JdkHttpClient$Factory.createClient(JdkHttpClient.java:548)
	at org.openqa.selenium.remote.HttpCommandExecutor.<init>(HttpCommandExecutor.java:117)
	at org.openqa.selenium.remote.HttpCommandExecutor.<init>(HttpCommandExecutor.java:93)
	at org.openqa.selenium.remote.service.DriverCommandExecutor.<init>(DriverCommandExecutor.java:87)
	at org.openqa.selenium.chromium.ChromiumDriverCommandExecutor.<init>(ChromiumDriverCommandExecutor.java:44)
	at org.openqa.selenium.chrome.ChromeDriver$ChromeDriverCommandExecutor.<init>(ChromeDriver.java:114)
	at org.openqa.selenium.chrome.ChromeDriver.generateExecutor(ChromeDriver.java:104)
	at org.openqa.selenium.chrome.ChromeDriver.<init>(ChromeDriver.java:88)
	at org.openqa.selenium.chrome.ChromeDriver.<init>(ChromeDriver.java:83)
	at org.openqa.selenium.chrome.ChromeDriver.<init>(ChromeDriver.java:51)
	at StepDefination.StepDef.setup1(StepDef.java:49)
	at java.base/jdk.internal.reflect.DirectMethodHandleAccessor.invoke(DirectMethodHandleAccessor.java:104)
	at java.base/java.lang.reflect.Method.invoke(Method.java:565)
	at io.cucumber.java.Invoker.doInvoke(Invoker.java:66)
	at io.cucumber.java.Invoker.invoke(Invoker.java:24)
	at io.cucumber.java.AbstractGlueDefinition.invokeMethod(AbstractGlueDefinition.java:47)
	at io.cucumber.java.JavaHookDefinition.execute(JavaHookDefinition.java:68)
	at io.cucumber.core.runner.CoreHookDefinition.execute(CoreHookDefinition.java:47)
	at io.cucumber.core.runner.HookDefinitionMatch.runStep(HookDefinitionMatch.java:21)
	at io.cucumber.core.runner.ExecutionMode$1.execute(ExecutionMode.java:10)
	at io.cucumber.core.runner.TestStep.executeStep(TestStep.java:81)
	at io.cucumber.core.runner.TestStep.run(TestStep.java:53)
	at io.cucumber.core.runner.TestCase.run(TestCase.java:80)
	at io.cucumber.core.runner.Runner.runPickle(Runner.java:77)
	at io.cucumber.junit.PickleRunners$NoStepDescriptions.lambda$run$0(PickleRunners.java:151)
	at io.cucumber.core.runtime.CucumberExecutionContext.lambda$runTestCase$5(CucumberExecutionContext.java:136)
	at io.cucumber.core.runtime.RethrowingThrowableCollector.executeAndThrow(RethrowingThrowableCollector.java:23)
	at io.cucumber.core.runtime.CucumberExecutionContext.runTestCase(CucumberExecutionContext.java:136)
	at io.cucumber.junit.PickleRunners$NoStepDescriptions.run(PickleRunners.java:148)
	at io.cucumber.junit.FeatureRunner.runChild(FeatureRunner.java:144)
	at io.cucumber.junit.FeatureRunner.runChild(FeatureRunner.java:28)
	at org.junit.runners.ParentRunner$4.run(ParentRunner.java:331)
	at org.junit.runners.ParentRunner$1.schedule(ParentRunner.java:79)
	at org.junit.runners.ParentRunner.runChildren(ParentRunner.java:329)
	at org.junit.runners.ParentRunner.access$100(ParentRunner.java:66)
	at org.junit.runners.ParentRunner$2.evaluate(ParentRunner.java:293)
	at org.junit.runners.ParentRunner$3.evaluate(ParentRunner.java:306)
	at org.junit.runners.ParentRunner.run(ParentRunner.java:413)
	at io.cucumber.junit.FeatureRunner.run(FeatureRunner.java:137)
	at io.cucumber.junit.Cucumber.runChild(Cucumber.java:196)
	at io.cucumber.junit.Cucumber.runChild(Cucumber.java:89)
	at org.junit.runners.ParentRunner$4.run(ParentRunner.java:331)
	at org.junit.runners.ParentRunner$1.schedule(ParentRunner.java:79)
	at org.junit.runners.ParentRunner.runChildren(ParentRunner.java:329)
	at org.junit.runners.ParentRunner.access$100(ParentRunner.java:66)
	at org.junit.runners.ParentRunner$2.evaluate(ParentRunner.java:293)
	at io.cucumber.core.runtime.CucumberExecutionContext.lambda$runFeatures$6(CucumberExecutionContext.java:147)
	at io.cucumber.core.runtime.CucumberExecutionContext.execute(CucumberExecutionContext.java:162)
	at io.cucumber.core.runtime.CucumberExecutionContext.runFeatures(CucumberExecutionContext.java:145)
	at io.cucumber.junit.Cucumber$StartAndFinishTestRun.evaluate(Cucumber.java:226)
	at org.junit.runners.ParentRunner$3.evaluate(ParentRunner.java:306)
	at org.junit.runners.ParentRunner.run(ParentRunner.java:413)
	at org.apache.maven.surefire.junit4.JUnit4Provider.execute(JUnit4Provider.java:316)
	at org.apache.maven.surefire.junit4.JUnit4Provider.executeWithRerun(JUnit4Provider.java:240)
	at org.apache.maven.surefire.junit4.JUnit4Provider.executeTestSet(JUnit4Provider.java:214)
	at org.apache.maven.surefire.junit4.JUnit4Provider.invoke(JUnit4Provider.java:155)
	at org.apache.maven.surefire.booter.ForkedBooter.runSuitesInProcess(ForkedBooter.java:385)
	at org.apache.maven.surefire.booter.ForkedBooter.execute(ForkedBooter.java:162)
	at org.apache.maven.surefire.booter.ForkedBooter.run(ForkedBooter.java:507)
	at org.apache.maven.surefire.booter.ForkedBooter.main(ForkedBooter.java:495)
Caused by: java.io.IOException: Error while instrumenting jdk/internal/net/http/PlainProxyConnection with JaCoCo 0.8.11.202310140853/f33756c.
	at org.jacoco.agent.rt.internal_4742761.core.instr.Instrumenter.instrumentError(Instrumenter.java:161)
	at org.jacoco.agent.rt.internal_4742761.core.instr.Instrumenter.instrument(Instrumenter.java:111)
	at org.jacoco.agent.rt.internal_4742761.CoverageTransformer.transform(CoverageTransformer.java:92)
	... 75 more
Caused by: java.lang.IllegalArgumentException: Unsupported class file major version 68
	at org.jacoco.agent.rt.internal_4742761.asm.ClassReader.<init>(ClassReader.java:200)
	at org.jacoco.agent.rt.internal_4742761.asm.ClassReader.<init>(ClassReader.java:180)
	at org.jacoco.agent.rt.internal_4742761.asm.ClassReader.<init>(ClassReader.java:166)
	at org.jacoco.agent.rt.internal_4742761.core.internal.instr.InstrSupport.classReaderFor(InstrSupport.java:280)
	at org.jacoco.agent.rt.internal_4742761.core.instr.Instrumenter.instrument(Instrumenter.java:77)
	at org.jacoco.agent.rt.internal_4742761.core.instr.Instrumenter.instrument(Instrumenter.java:109)
	... 76 more
java.lang.instrument.IllegalClassFormatException: Error while instrumenting jdk/internal/net/http/common/HttpBodySubscriberWrapper with JaCoCo 0.8.11.202310140853/f33756c.
	at org.jacoco.agent.rt.internal_4742761.CoverageTransformer.transform(CoverageTransformer.java:94)
	at java.instrument/java.lang.instrument.ClassFileTransformer.transform(ClassFileTransformer.java:257)
	at java.instrument/sun.instrument.TransformerManager.transform(TransformerManager.java:188)
	at java.instrument/sun.instrument.InstrumentationImpl.transform(InstrumentationImpl.java:594)
	at java.base/java.lang.ClassLoader.defineClass2(Native Method)
	at java.base/java.lang.ClassLoader.defineClass(ClassLoader.java:1052)
	at java.base/java.security.SecureClassLoader.defineClass(SecureClassLoader.java:164)
	at java.base/jdk.internal.loader.BuiltinClassLoader.defineClass(BuiltinClassLoader.java:735)
	at java.base/jdk.internal.loader.BuiltinClassLoader.findClassInModuleOrNull(BuiltinClassLoader.java:678)
	at java.base/jdk.internal.loader.BuiltinClassLoader.loadClassOrNull(BuiltinClassLoader.java:604)
	at java.base/jdk.internal.loader.BuiltinClassLoader.loadClass(BuiltinClassLoader.java:578)
	at java.base/java.lang.ClassLoader.loadClass(ClassLoader.java:490)
	at java.net.http/jdk.internal.net.http.HttpClientImpl.<init>(HttpClientImpl.java:352)
	at java.net.http/jdk.internal.net.http.HttpClientImpl.create(HttpClientImpl.java:420)
	at java.net.http/jdk.internal.net.http.HttpClientBuilderImpl.build(HttpClientBuilderImpl.java:142)
	at org.openqa.selenium.remote.http.jdk.JdkHttpClient.<init>(JdkHttpClient.java:156)
	at org.openqa.selenium.remote.http.jdk.JdkHttpClient$Factory.createClient(JdkHttpClient.java:548)
	at org.openqa.selenium.remote.HttpCommandExecutor.<init>(HttpCommandExecutor.java:117)
	at org.openqa.selenium.remote.HttpCommandExecutor.<init>(HttpCommandExecutor.java:93)
	at org.openqa.selenium.remote.service.DriverCommandExecutor.<init>(DriverCommandExecutor.java:87)
	at org.openqa.selenium.chromium.ChromiumDriverCommandExecutor.<init>(ChromiumDriverCommandExecutor.java:44)
	at org.openqa.selenium.chrome.ChromeDriver$ChromeDriverCommandExecutor.<init>(ChromeDriver.java:114)
	at org.openqa.selenium.chrome.ChromeDriver.generateExecutor(ChromeDriver.java:104)
	at org.openqa.selenium.chrome.ChromeDriver.<init>(ChromeDriver.java:88)
	at org.openqa.selenium.chrome.ChromeDriver.<init>(ChromeDriver.java:83)
	at org.openqa.selenium.chrome.ChromeDriver.<init>(ChromeDriver.java:51)
	at StepDefination.StepDef.setup1(StepDef.java:49)
	at java.base/jdk.internal.reflect.DirectMethodHandleAccessor.invoke(DirectMethodHandleAccessor.java:104)
	at java.base/java.lang.reflect.Method.invoke(Method.java:565)
	at io.cucumber.java.Invoker.doInvoke(Invoker.java:66)
	at io.cucumber.java.Invoker.invoke(Invoker.java:24)
	at io.cucumber.java.AbstractGlueDefinition.invokeMethod(AbstractGlueDefinition.java:47)
	at io.cucumber.java.JavaHookDefinition.execute(JavaHookDefinition.java:68)
	at io.cucumber.core.runner.CoreHookDefinition.execute(CoreHookDefinition.java:47)
	at io.cucumber.core.runner.HookDefinitionMatch.runStep(HookDefinitionMatch.java:21)
	at io.cucumber.core.runner.ExecutionMode$1.execute(ExecutionMode.java:10)
	at io.cucumber.core.runner.TestStep.executeStep(TestStep.java:81)
	at io.cucumber.core.runner.TestStep.run(TestStep.java:53)
	at io.cucumber.core.runner.TestCase.run(TestCase.java:80)
	at io.cucumber.core.runner.Runner.runPickle(Runner.java:77)
	at io.cucumber.junit.PickleRunners$NoStepDescriptions.lambda$run$0(PickleRunners.java:151)
	at io.cucumber.core.runtime.CucumberExecutionContext.lambda$runTestCase$5(CucumberExecutionContext.java:136)
	at io.cucumber.core.runtime.RethrowingThrowableCollector.executeAndThrow(RethrowingThrowableCollector.java:23)
	at io.cucumber.core.runtime.CucumberExecutionContext.runTestCase(CucumberExecutionContext.java:136)
	at io.cucumber.junit.PickleRunners$NoStepDescriptions.run(PickleRunners.java:148)
	at io.cucumber.junit.FeatureRunner.runChild(FeatureRunner.java:144)
	at io.cucumber.junit.FeatureRunner.runChild(FeatureRunner.java:28)
	at org.junit.runners.ParentRunner$4.run(ParentRunner.java:331)
	at org.junit.runners.ParentRunner$1.schedule(ParentRunner.java:79)
	at org.junit.runners.ParentRunner.runChildren(ParentRunner.java:329)
	at org.junit.runners.ParentRunner.access$100(ParentRunner.java:66)
	at org.junit.runners.ParentRunner$2.evaluate(ParentRunner.java:293)
	at org.junit.runners.ParentRunner$3.evaluate(ParentRunner.java:306)
	at org.junit.runners.ParentRunner.run(ParentRunner.java:413)
	at io.cucumber.junit.FeatureRunner.run(FeatureRunner.java:137)
	at io.cucumber.junit.Cucumber.runChild(Cucumber.java:196)
	at io.cucumber.junit.Cucumber.runChild(Cucumber.java:89)
	at org.junit.runners.ParentRunner$4.run(ParentRunner.java:331)
	at org.junit.runners.ParentRunner$1.schedule(ParentRunner.java:79)
	at org.junit.runners.ParentRunner.runChildren(ParentRunner.java:329)
	at org.junit.runners.ParentRunner.access$100(ParentRunner.java:66)
	at org.junit.runners.ParentRunner$2.evaluate(ParentRunner.java:293)
	at io.cucumber.core.runtime.CucumberExecutionContext.lambda$runFeatures$6(CucumberExecutionContext.java:147)
	at io.cucumber.core.runtime.CucumberExecutionContext.execute(CucumberExecutionContext.java:162)
	at io.cucumber.core.runtime.CucumberExecutionContext.runFeatures(CucumberExecutionContext.java:145)
	at io.cucumber.junit.Cucumber$StartAndFinishTestRun.evaluate(Cucumber.java:226)
	at org.junit.runners.ParentRunner$3.evaluate(ParentRunner.java:306)
	at org.junit.runners.ParentRunner.run(ParentRunner.java:413)
	at org.apache.maven.surefire.junit4.JUnit4Provider.execute(JUnit4Provider.java:316)
	at org.apache.maven.surefire.junit4.JUnit4Provider.executeWithRerun(JUnit4Provider.java:240)
	at org.apache.maven.surefire.junit4.JUnit4Provider.executeTestSet(JUnit4Provider.java:214)
	at org.apache.maven.surefire.junit4.JUnit4Provider.invoke(JUnit4Provider.java:155)
	at org.apache.maven.surefire.booter.ForkedBooter.runSuitesInProcess(ForkedBooter.java:385)
	at org.apache.maven.surefire.booter.ForkedBooter.execute(ForkedBooter.java:162)
	at org.apache.maven.surefire.booter.ForkedBooter.run(ForkedBooter.java:507)
	at org.apache.maven.surefire.booter.ForkedBooter.main(ForkedBooter.java:495)
Caused by: java.io.IOException: Error while instrumenting jdk/internal/net/http/common/HttpBodySubscriberWrapper with JaCoCo 0.8.11.202310140853/f33756c.
	at org.jacoco.agent.rt.internal_4742761.core.instr.Instrumenter.instrumentError(Instrumenter.java:161)
	at org.jacoco.agent.rt.internal_4742761.core.instr.Instrumenter.instrument(Instrumenter.java:111)
	at org.jacoco.agent.rt.internal_4742761.CoverageTransformer.transform(CoverageTransformer.java:92)
	... 75 more
Caused by: java.lang.IllegalArgumentException: Unsupported class file major version 68
	at org.jacoco.agent.rt.internal_4742761.asm.ClassReader.<init>(ClassReader.java:200)
	at org.jacoco.agent.rt.internal_4742761.asm.ClassReader.<init>(ClassReader.java:180)
	at org.jacoco.agent.rt.internal_4742761.asm.ClassReader.<init>(ClassReader.java:166)
	at org.jacoco.agent.rt.internal_4742761.core.internal.instr.InstrSupport.classReaderFor(InstrSupport.java:280)
	at org.jacoco.agent.rt.internal_4742761.core.instr.Instrumenter.instrument(Instrumenter.java:77)
	at org.jacoco.agent.rt.internal_4742761.core.instr.Instrumenter.instrument(Instrumenter.java:109)
	... 76 more
java.lang.instrument.IllegalClassFormatException: Error while instrumenting jdk/internal/net/http/ResponseSubscribers$TrustedSubscriber with JaCoCo 0.8.11.202310140853/f33756c.
	at org.jacoco.agent.rt.internal_4742761.CoverageTransformer.transform(CoverageTransformer.java:94)
	at java.instrument/java.lang.instrument.ClassFileTransformer.transform(ClassFileTransformer.java:257)
	at java.instrument/sun.instrument.TransformerManager.transform(TransformerManager.java:188)
	at java.instrument/sun.instrument.InstrumentationImpl.transform(InstrumentationImpl.java:594)
	at java.base/java.lang.ClassLoader.defineClass2(Native Method)
	at java.base/java.lang.ClassLoader.defineClass(ClassLoader.java:1052)
	at java.base/java.security.SecureClassLoader.defineClass(SecureClassLoader.java:164)
	at java.base/jdk.internal.loader.BuiltinClassLoader.defineClass(BuiltinClassLoader.java:735)
	at java.base/jdk.internal.loader.BuiltinClassLoader.findClassInModuleOrNull(BuiltinClassLoader.java:678)
	at java.base/jdk.internal.loader.BuiltinClassLoader.loadClassOrNull(BuiltinClassLoader.java:604)
	at java.base/jdk.internal.loader.BuiltinClassLoader.loadClass(BuiltinClassLoader.java:578)
	at java.base/java.lang.ClassLoader.loadClass(ClassLoader.java:490)
	at java.base/java.lang.ClassLoader.defineClass2(Native Method)
	at java.base/java.lang.ClassLoader.defineClass(ClassLoader.java:1052)
	at java.base/java.security.SecureClassLoader.defineClass(SecureClassLoader.java:164)
	at java.base/jdk.internal.loader.BuiltinClassLoader.defineClass(BuiltinClassLoader.java:735)
	at java.base/jdk.internal.loader.BuiltinClassLoader.findClassInModuleOrNull(BuiltinClassLoader.java:678)
	at java.base/jdk.internal.loader.BuiltinClassLoader.loadClassOrNull(BuiltinClassLoader.java:604)
	at java.base/jdk.internal.loader.BuiltinClassLoader.loadClass(BuiltinClassLoader.java:578)
	at java.base/java.lang.ClassLoader.loadClass(ClassLoader.java:490)
	at java.net.http/jdk.internal.net.http.HttpClientImpl.<init>(HttpClientImpl.java:352)
	at java.net.http/jdk.internal.net.http.HttpClientImpl.create(HttpClientImpl.java:420)
	at java.net.http/jdk.internal.net.http.HttpClientBuilderImpl.build(HttpClientBuilderImpl.java:142)
	at org.openqa.selenium.remote.http.jdk.JdkHttpClient.<init>(JdkHttpClient.java:156)
	at org.openqa.selenium.remote.http.jdk.JdkHttpClient$Factory.createClient(JdkHttpClient.java:548)
	at org.openqa.selenium.remote.HttpCommandExecutor.<init>(HttpCommandExecutor.java:117)
	at org.openqa.selenium.remote.HttpCommandExecutor.<init>(HttpCommandExecutor.java:93)
	at org.openqa.selenium.remote.service.DriverCommandExecutor.<init>(DriverCommandExecutor.java:87)
	at org.openqa.selenium.chromium.ChromiumDriverCommandExecutor.<init>(ChromiumDriverCommandExecutor.java:44)
	at org.openqa.selenium.chrome.ChromeDriver$ChromeDriverCommandExecutor.<init>(ChromeDriver.java:114)
	at org.openqa.selenium.chrome.ChromeDriver.generateExecutor(ChromeDriver.java:104)
	at org.openqa.selenium.chrome.ChromeDriver.<init>(ChromeDriver.java:88)
	at org.openqa.selenium.chrome.ChromeDriver.<init>(ChromeDriver.java:83)
	at org.openqa.selenium.chrome.ChromeDriver.<init>(ChromeDriver.java:51)
	at StepDefination.StepDef.setup1(StepDef.java:49)
	at java.base/jdk.internal.reflect.DirectMethodHandleAccessor.invoke(DirectMethodHandleAccessor.java:104)
	at java.base/java.lang.reflect.Method.invoke(Method.java:565)
	at io.cucumber.java.Invoker.doInvoke(Invoker.java:66)
	at io.cucumber.java.Invoker.invoke(Invoker.java:24)
	at io.cucumber.java.AbstractGlueDefinition.invokeMethod(AbstractGlueDefinition.java:47)
	at io.cucumber.java.JavaHookDefinition.execute(JavaHookDefinition.java:68)
	at io.cucumber.core.runner.CoreHookDefinition.execute(CoreHookDefinition.java:47)
	at io.cucumber.core.runner.HookDefinitionMatch.runStep(HookDefinitionMatch.java:21)
	at io.cucumber.core.runner.ExecutionMode$1.execute(ExecutionMode.java:10)
	at io.cucumber.core.runner.TestStep.executeStep(TestStep.java:81)
	at io.cucumber.core.runner.TestStep.run(TestStep.java:53)
	at io.cucumber.core.runner.TestCase.run(TestCase.java:80)
	at io.cucumber.core.runner.Runner.runPickle(Runner.java:77)
	at io.cucumber.junit.PickleRunners$NoStepDescriptions.lambda$run$0(PickleRunners.java:151)
	at io.cucumber.core.runtime.CucumberExecutionContext.lambda$runTestCase$5(CucumberExecutionContext.java:136)
	at io.cucumber.core.runtime.RethrowingThrowableCollector.executeAndThrow(RethrowingThrowableCollector.java:23)
	at io.cucumber.core.runtime.CucumberExecutionContext.runTestCase(CucumberExecutionContext.java:136)
	at io.cucumber.junit.PickleRunners$NoStepDescriptions.run(PickleRunners.java:148)
	at io.cucumber.junit.FeatureRunner.runChild(FeatureRunner.java:144)
	at io.cucumber.junit.FeatureRunner.runChild(FeatureRunner.java:28)
	at org.junit.runners.ParentRunner$4.run(ParentRunner.java:331)
	at org.junit.runners.ParentRunner$1.schedule(ParentRunner.java:79)
	at org.junit.runners.ParentRunner.runChildren(ParentRunner.java:329)
	at org.junit.runners.ParentRunner.access$100(ParentRunner.java:66)
	at org.junit.runners.ParentRunner$2.evaluate(ParentRunner.java:293)
	at org.junit.runners.ParentRunner$3.evaluate(ParentRunner.java:306)
	at org.junit.runners.ParentRunner.run(ParentRunner.java:413)
	at io.cucumber.junit.FeatureRunner.run(FeatureRunner.java:137)
	at io.cucumber.junit.Cucumber.runChild(Cucumber.java:196)
	at io.cucumber.junit.Cucumber.runChild(Cucumber.java:89)
	at org.junit.runners.ParentRunner$4.run(ParentRunner.java:331)
	at org.junit.runners.ParentRunner$1.schedule(ParentRunner.java:79)
	at org.junit.runners.ParentRunner.runChildren(ParentRunner.java:329)
	at org.junit.runners.ParentRunner.access$100(ParentRunner.java:66)
	at org.junit.runners.ParentRunner$2.evaluate(ParentRunner.java:293)
	at io.cucumber.core.runtime.CucumberExecutionContext.lambda$runFeatures$6(CucumberExecutionContext.java:147)
	at io.cucumber.core.runtime.CucumberExecutionContext.execute(CucumberExecutionContext.java:162)
	at io.cucumber.core.runtime.CucumberExecutionContext.runFeatures(CucumberExecutionContext.java:145)
	at io.cucumber.junit.Cucumber$StartAndFinishTestRun.evaluate(Cucumber.java:226)
	at org.junit.runners.ParentRunner$3.evaluate(ParentRunner.java:306)
	at org.junit.runners.ParentRunner.run(ParentRunner.java:413)
	at org.apache.maven.surefire.junit4.JUnit4Provider.execute(JUnit4Provider.java:316)
	at org.apache.maven.surefire.junit4.JUnit4Provider.executeWithRerun(JUnit4Provider.java:240)
	at org.apache.maven.surefire.junit4.JUnit4Provider.executeTestSet(JUnit4Provider.java:214)
	at org.apache.maven.surefire.junit4.JUnit4Provider.invoke(JUnit4Provider.java:155)
	at org.apache.maven.surefire.booter.ForkedBooter.runSuitesInProcess(ForkedBooter.java:385)
	at org.apache.maven.surefire.booter.ForkedBooter.execute(ForkedBooter.java:162)
	at org.apache.maven.surefire.booter.ForkedBooter.run(ForkedBooter.java:507)
	at org.apache.maven.surefire.booter.ForkedBooter.main(ForkedBooter.java:495)
Caused by: java.io.IOException: Error while instrumenting jdk/internal/net/http/ResponseSubscribers$TrustedSubscriber with JaCoCo 0.8.11.202310140853/f33756c.
	at org.jacoco.agent.rt.internal_4742761.core.instr.Instrumenter.instrumentError(Instrumenter.java:161)
	at org.jacoco.agent.rt.internal_4742761.core.instr.Instrumenter.instrument(Instrumenter.java:111)
	at org.jacoco.agent.rt.internal_4742761.CoverageTransformer.transform(CoverageTransformer.java:92)
	... 83 more
Caused by: java.lang.IllegalArgumentException: Unsupported class file major version 68
	at org.jacoco.agent.rt.internal_4742761.asm.ClassReader.<init>(ClassReader.java:200)
	at org.jacoco.agent.rt.internal_4742761.asm.ClassReader.<init>(ClassReader.java:180)
	at org.jacoco.agent.rt.internal_4742761.asm.ClassReader.<init>(ClassReader.java:166)
	at org.jacoco.agent.rt.internal_4742761.core.internal.instr.InstrSupport.classReaderFor(InstrSupport.java:280)
	at org.jacoco.agent.rt.internal_4742761.core.instr.Instrumenter.instrument(Instrumenter.java:77)
	at org.jacoco.agent.rt.internal_4742761.core.instr.Instrumenter.instrument(Instrumenter.java:109)
	... 84 more
java.lang.instrument.IllegalClassFormatException: Error while instrumenting java/net/http/HttpResponse$BodySubscriber with JaCoCo 0.8.11.202310140853/f33756c.
	at org.jacoco.agent.rt.internal_4742761.CoverageTransformer.transform(CoverageTransformer.java:94)
	at java.instrument/java.lang.instrument.ClassFileTransformer.transform(ClassFileTransformer.java:257)
	at java.instrument/sun.instrument.TransformerManager.transform(TransformerManager.java:188)
	at java.instrument/sun.instrument.InstrumentationImpl.transform(InstrumentationImpl.java:594)
	at java.base/java.lang.ClassLoader.defineClass2(Native Method)
	at java.base/java.lang.ClassLoader.defineClass(ClassLoader.java:1052)
	at java.base/java.security.SecureClassLoader.defineClass(SecureClassLoader.java:164)
	at java.base/jdk.internal.loader.BuiltinClassLoader.defineClass(BuiltinClassLoader.java:735)
	at java.base/jdk.internal.loader.BuiltinClassLoader.findClassInModuleOrNull(BuiltinClassLoader.java:678)
	at java.base/jdk.internal.loader.BuiltinClassLoader.loadClassOrNull(BuiltinClassLoader.java:604)
	at java.base/jdk.internal.loader.BuiltinClassLoader.loadClass(BuiltinClassLoader.java:578)
	at java.base/java.lang.ClassLoader.loadClass(ClassLoader.java:490)
	at java.base/java.lang.ClassLoader.defineClass2(Native Method)
	at java.base/java.lang.ClassLoader.defineClass(ClassLoader.java:1052)
	at java.base/java.security.SecureClassLoader.defineClass(SecureClassLoader.java:164)
	at java.base/jdk.internal.loader.BuiltinClassLoader.defineClass(BuiltinClassLoader.java:735)
	at java.base/jdk.internal.loader.BuiltinClassLoader.findClassInModuleOrNull(BuiltinClassLoader.java:678)
	at java.base/jdk.internal.loader.BuiltinClassLoader.loadClassOrNull(BuiltinClassLoader.java:604)
	at java.base/jdk.internal.loader.BuiltinClassLoader.loadClass(BuiltinClassLoader.java:578)
	at java.base/java.lang.ClassLoader.loadClass(ClassLoader.java:490)
	at java.base/java.lang.ClassLoader.defineClass2(Native Method)
	at java.base/java.lang.ClassLoader.defineClass(ClassLoader.java:1052)
	at java.base/java.security.SecureClassLoader.defineClass(SecureClassLoader.java:164)
	at java.base/jdk.internal.loader.BuiltinClassLoader.defineClass(BuiltinClassLoader.java:735)
	at java.base/jdk.internal.loader.BuiltinClassLoader.findClassInModuleOrNull(BuiltinClassLoader.java:678)
	at java.base/jdk.internal.loader.BuiltinClassLoader.loadClassOrNull(BuiltinClassLoader.java:604)
	at java.base/jdk.internal.loader.BuiltinClassLoader.loadClass(BuiltinClassLoader.java:578)
	at java.base/java.lang.ClassLoader.loadClass(ClassLoader.java:490)
	at java.net.http/jdk.internal.net.http.HttpClientImpl.<init>(HttpClientImpl.java:352)
	at java.net.http/jdk.internal.net.http.HttpClientImpl.create(HttpClientImpl.java:420)
	at java.net.http/jdk.internal.net.http.HttpClientBuilderImpl.build(HttpClientBuilderImpl.java:142)
	at org.openqa.selenium.remote.http.jdk.JdkHttpClient.<init>(JdkHttpClient.java:156)
	at org.openqa.selenium.remote.http.jdk.JdkHttpClient$Factory.createClient(JdkHttpClient.java:548)
	at org.openqa.selenium.remote.HttpCommandExecutor.<init>(HttpCommandExecutor.java:117)
	at org.openqa.selenium.remote.HttpCommandExecutor.<init>(HttpCommandExecutor.java:93)
	at org.openqa.selenium.remote.service.DriverCommandExecutor.<init>(DriverCommandExecutor.java:87)
	at org.openqa.selenium.chromium.ChromiumDriverCommandExecutor.<init>(ChromiumDriverCommandExecutor.java:44)
	at org.openqa.selenium.chrome.ChromeDriver$ChromeDriverCommandExecutor.<init>(ChromeDriver.java:114)
	at org.openqa.selenium.chrome.ChromeDriver.generateExecutor(ChromeDriver.java:104)
	at org.openqa.selenium.chrome.ChromeDriver.<init>(ChromeDriver.java:88)
	at org.openqa.selenium.chrome.ChromeDriver.<init>(ChromeDriver.java:83)
	at org.openqa.selenium.chrome.ChromeDriver.<init>(ChromeDriver.java:51)
	at StepDefination.StepDef.setup1(StepDef.java:49)
	at java.base/jdk.internal.reflect.DirectMethodHandleAccessor.invoke(DirectMethodHandleAccessor.java:104)
	at java.base/java.lang.reflect.Method.invoke(Method.java:565)
	at io.cucumber.java.Invoker.doInvoke(Invoker.java:66)
	at io.cucumber.java.Invoker.invoke(Invoker.java:24)
	at io.cucumber.java.AbstractGlueDefinition.invokeMethod(AbstractGlueDefinition.java:47)
	at io.cucumber.java.JavaHookDefinition.execute(JavaHookDefinition.java:68)
	at io.cucumber.core.runner.CoreHookDefinition.execute(CoreHookDefinition.java:47)
	at io.cucumber.core.runner.HookDefinitionMatch.runStep(HookDefinitionMatch.java:21)
	at io.cucumber.core.runner.ExecutionMode$1.execute(ExecutionMode.java:10)
	at io.cucumber.core.runner.TestStep.executeStep(TestStep.java:81)
	at io.cucumber.core.runner.TestStep.run(TestStep.java:53)
	at io.cucumber.core.runner.TestCase.run(TestCase.java:80)
	at io.cucumber.core.runner.Runner.runPickle(Runner.java:77)
	at io.cucumber.junit.PickleRunners$NoStepDescriptions.lambda$run$0(PickleRunners.java:151)
	at io.cucumber.core.runtime.CucumberExecutionContext.lambda$runTestCase$5(CucumberExecutionContext.java:136)
	at io.cucumber.core.runtime.RethrowingThrowableCollector.executeAndThrow(RethrowingThrowableCollector.java:23)
	at io.cucumber.core.runtime.CucumberExecutionContext.runTestCase(CucumberExecutionContext.java:136)
	at io.cucumber.junit.PickleRunners$NoStepDescriptions.run(PickleRunners.java:148)
	at io.cucumber.junit.FeatureRunner.runChild(FeatureRunner.java:144)
	at io.cucumber.junit.FeatureRunner.runChild(FeatureRunner.java:28)
	at org.junit.runners.ParentRunner$4.run(ParentRunner.java:331)
	at org.junit.runners.ParentRunner$1.schedule(ParentRunner.java:79)
	at org.junit.runners.ParentRunner.runChildren(ParentRunner.java:329)
	at org.junit.runners.ParentRunner.access$100(ParentRunner.java:66)
	at org.junit.runners.ParentRunner$2.evaluate(ParentRunner.java:293)
	at org.junit.runners.ParentRunner$3.evaluate(ParentRunner.java:306)
	at org.junit.runners.ParentRunner.run(ParentRunner.java:413)
	at io.cucumber.junit.FeatureRunner.run(FeatureRunner.java:137)
	at io.cucumber.junit.Cucumber.runChild(Cucumber.java:196)
	at io.cucumber.junit.Cucumber.runChild(Cucumber.java:89)
	at org.junit.runners.ParentRunner$4.run(ParentRunner.java:331)
	at org.junit.runners.ParentRunner$1.schedule(ParentRunner.java:79)
	at org.junit.runners.ParentRunner.runChildren(ParentRunner.java:329)
	at org.junit.runners.ParentRunner.access$100(ParentRunner.java:66)
	at org.junit.runners.ParentRunner$2.evaluate(ParentRunner.java:293)
	at io.cucumber.core.runtime.CucumberExecutionContext.lambda$runFeatures$6(CucumberExecutionContext.java:147)
	at io.cucumber.core.runtime.CucumberExecutionContext.execute(CucumberExecutionContext.java:162)
	at io.cucumber.core.runtime.CucumberExecutionContext.runFeatures(CucumberExecutionContext.java:145)
	at io.cucumber.junit.Cucumber$StartAndFinishTestRun.evaluate(Cucumber.java:226)
	at org.junit.runners.ParentRunner$3.evaluate(ParentRunner.java:306)
	at org.junit.runners.ParentRunner.run(ParentRunner.java:413)
	at org.apache.maven.surefire.junit4.JUnit4Provider.execute(JUnit4Provider.java:316)
	at org.apache.maven.surefire.junit4.JUnit4Provider.executeWithRerun(JUnit4Provider.java:240)
	at org.apache.maven.surefire.junit4.JUnit4Provider.executeTestSet(JUnit4Provider.java:214)
	at org.apache.maven.surefire.junit4.JUnit4Provider.invoke(JUnit4Provider.java:155)
	at org.apache.maven.surefire.booter.ForkedBooter.runSuitesInProcess(ForkedBooter.java:385)
	at org.apache.maven.surefire.booter.ForkedBooter.execute(ForkedBooter.java:162)
	at org.apache.maven.surefire.booter.ForkedBooter.run(ForkedBooter.java:507)
	at org.apache.maven.surefire.booter.ForkedBooter.main(ForkedBooter.java:495)
Caused by: java.io.IOException: Error while instrumenting java/net/http/HttpResponse$BodySubscriber with JaCoCo 0.8.11.202310140853/f33756c.
	at org.jacoco.agent.rt.internal_4742761.core.instr.Instrumenter.instrumentError(Instrumenter.java:161)
	at org.jacoco.agent.rt.internal_4742761.core.instr.Instrumenter.instrument(Instrumenter.java:111)
	at org.jacoco.agent.rt.internal_4742761.CoverageTransformer.transform(CoverageTransformer.java:92)
	... 91 more
Caused by: java.lang.IllegalArgumentException: Unsupported class file major version 68
	at org.jacoco.agent.rt.internal_4742761.asm.ClassReader.<init>(ClassReader.java:200)
	at org.jacoco.agent.rt.internal_4742761.asm.ClassReader.<init>(ClassReader.java:180)
	at org.jacoco.agent.rt.internal_4742761.asm.ClassReader.<init>(ClassReader.java:166)
	at org.jacoco.agent.rt.internal_4742761.core.internal.instr.InstrSupport.classReaderFor(InstrSupport.java:280)
	at org.jacoco.agent.rt.internal_4742761.core.instr.Instrumenter.instrument(Instrumenter.java:77)
	at org.jacoco.agent.rt.internal_4742761.core.instr.Instrumenter.instrument(Instrumenter.java:109)
	... 92 more
java.lang.instrument.IllegalClassFormatException: Error while instrumenting jdk/internal/net/http/common/HttpBodySubscriberWrapper$1 with JaCoCo 0.8.11.202310140853/f33756c.
	at org.jacoco.agent.rt.internal_4742761.CoverageTransformer.transform(CoverageTransformer.java:94)
	at java.instrument/java.lang.instrument.ClassFileTransformer.transform(ClassFileTransformer.java:257)
	at java.instrument/sun.instrument.TransformerManager.transform(TransformerManager.java:188)
	at java.instrument/sun.instrument.InstrumentationImpl.transform(InstrumentationImpl.java:594)
	at java.base/java.lang.ClassLoader.defineClass2(Native Method)
	at java.base/java.lang.ClassLoader.defineClass(ClassLoader.java:1052)
	at java.base/java.security.SecureClassLoader.defineClass(SecureClassLoader.java:164)
	at java.base/jdk.internal.loader.BuiltinClassLoader.defineClass(BuiltinClassLoader.java:735)
	at java.base/jdk.internal.loader.BuiltinClassLoader.findClassInModuleOrNull(BuiltinClassLoader.java:678)
	at java.base/jdk.internal.loader.BuiltinClassLoader.loadClassOrNull(BuiltinClassLoader.java:604)
	at java.base/jdk.internal.loader.BuiltinClassLoader.loadClass(BuiltinClassLoader.java:578)
	at java.base/java.lang.ClassLoader.loadClass(ClassLoader.java:490)
	at java.net.http/jdk.internal.net.http.common.HttpBodySubscriberWrapper.<clinit>(HttpBodySubscriberWrapper.java:55)
	at java.net.http/jdk.internal.net.http.HttpClientImpl.<init>(HttpClientImpl.java:352)
	at java.net.http/jdk.internal.net.http.HttpClientImpl.create(HttpClientImpl.java:420)
	at java.net.http/jdk.internal.net.http.HttpClientBuilderImpl.build(HttpClientBuilderImpl.java:142)
	at org.openqa.selenium.remote.http.jdk.JdkHttpClient.<init>(JdkHttpClient.java:156)
	at org.openqa.selenium.remote.http.jdk.JdkHttpClient$Factory.createClient(JdkHttpClient.java:548)
	at org.openqa.selenium.remote.HttpCommandExecutor.<init>(HttpCommandExecutor.java:117)
	at org.openqa.selenium.remote.HttpCommandExecutor.<init>(HttpCommandExecutor.java:93)
	at org.openqa.selenium.remote.service.DriverCommandExecutor.<init>(DriverCommandExecutor.java:87)
	at org.openqa.selenium.chromium.ChromiumDriverCommandExecutor.<init>(ChromiumDriverCommandExecutor.java:44)
	at org.openqa.selenium.chrome.ChromeDriver$ChromeDriverCommandExecutor.<init>(ChromeDriver.java:114)
	at org.openqa.selenium.chrome.ChromeDriver.generateExecutor(ChromeDriver.java:104)
	at org.openqa.selenium.chrome.ChromeDriver.<init>(ChromeDriver.java:88)
	at org.openqa.selenium.chrome.ChromeDriver.<init>(ChromeDriver.java:83)
	at org.openqa.selenium.chrome.ChromeDriver.<init>(ChromeDriver.java:51)
	at StepDefination.StepDef.setup1(StepDef.java:49)
	at java.base/jdk.internal.reflect.DirectMethodHandleAccessor.invoke(DirectMethodHandleAccessor.java:104)
	at java.base/java.lang.reflect.Method.invoke(Method.java:565)
	at io.cucumber.java.Invoker.doInvoke(Invoker.java:66)
	at io.cucumber.java.Invoker.invoke(Invoker.java:24)
	at io.cucumber.java.AbstractGlueDefinition.invokeMethod(AbstractGlueDefinition.java:47)
	at io.cucumber.java.JavaHookDefinition.execute(JavaHookDefinition.java:68)
	at io.cucumber.core.runner.CoreHookDefinition.execute(CoreHookDefinition.java:47)
	at io.cucumber.core.runner.HookDefinitionMatch.runStep(HookDefinitionMatch.java:21)
	at io.cucumber.core.runner.ExecutionMode$1.execute(ExecutionMode.java:10)
	at io.cucumber.core.runner.TestStep.executeStep(TestStep.java:81)
	at io.cucumber.core.runner.TestStep.run(TestStep.java:53)
	at io.cucumber.core.runner.TestCase.run(TestCase.java:80)
	at io.cucumber.core.runner.Runner.runPickle(Runner.java:77)
	at io.cucumber.junit.PickleRunners$NoStepDescriptions.lambda$run$0(PickleRunners.java:151)
	at io.cucumber.core.runtime.CucumberExecutionContext.lambda$runTestCase$5(CucumberExecutionContext.java:136)
	at io.cucumber.core.runtime.RethrowingThrowableCollector.executeAndThrow(RethrowingThrowableCollector.java:23)
	at io.cucumber.core.runtime.CucumberExecutionContext.runTestCase(CucumberExecutionContext.java:136)
	at io.cucumber.junit.PickleRunners$NoStepDescriptions.run(PickleRunners.java:148)
	at io.cucumber.junit.FeatureRunner.runChild(FeatureRunner.java:144)
	at io.cucumber.junit.FeatureRunner.runChild(FeatureRunner.java:28)
	at org.junit.runners.ParentRunner$4.run(ParentRunner.java:331)
	at org.junit.runners.ParentRunner$1.schedule(ParentRunner.java:79)
	at org.junit.runners.ParentRunner.runChildren(ParentRunner.java:329)
	at org.junit.runners.ParentRunner.access$100(ParentRunner.java:66)
	at org.junit.runners.ParentRunner$2.evaluate(ParentRunner.java:293)
	at org.junit.runners.ParentRunner$3.evaluate(ParentRunner.java:306)
	at org.junit.runners.ParentRunner.run(ParentRunner.java:413)
	at io.cucumber.junit.FeatureRunner.run(FeatureRunner.java:137)
	at io.cucumber.junit.Cucumber.runChild(Cucumber.java:196)
	at io.cucumber.junit.Cucumber.runChild(Cucumber.java:89)
	at org.junit.runners.ParentRunner$4.run(ParentRunner.java:331)
	at org.junit.runners.ParentRunner$1.schedule(ParentRunner.java:79)
	at org.junit.runners.ParentRunner.runChildren(ParentRunner.java:329)
	at org.junit.runners.ParentRunner.access$100(ParentRunner.java:66)
	at org.junit.runners.ParentRunner$2.evaluate(ParentRunner.java:293)
	at io.cucumber.core.runtime.CucumberExecutionContext.lambda$runFeatures$6(CucumberExecutionContext.java:147)
	at io.cucumber.core.runtime.CucumberExecutionContext.execute(CucumberExecutionContext.java:162)
	at io.cucumber.core.runtime.CucumberExecutionContext.runFeatures(CucumberExecutionContext.java:145)
	at io.cucumber.junit.Cucumber$StartAndFinishTestRun.evaluate(Cucumber.java:226)
	at org.junit.runners.ParentRunner$3.evaluate(ParentRunner.java:306)
	at org.junit.runners.ParentRunner.run(ParentRunner.java:413)
	at org.apache.maven.surefire.junit4.JUnit4Provider.execute(JUnit4Provider.java:316)
	at org.apache.maven.surefire.junit4.JUnit4Provider.executeWithRerun(JUnit4Provider.java:240)
	at org.apache.maven.surefire.junit4.JUnit4Provider.executeTestSet(JUnit4Provider.java:214)
	at org.apache.maven.surefire.junit4.JUnit4Provider.invoke(JUnit4Provider.java:155)
	at org.apache.maven.surefire.booter.ForkedBooter.runSuitesInProcess(ForkedBooter.java:385)
	at org.apache.maven.surefire.booter.ForkedBooter.execute(ForkedBooter.java:162)
	at org.apache.maven.surefire.booter.ForkedBooter.run(ForkedBooter.java:507)
	at org.apache.maven.surefire.booter.ForkedBooter.main(ForkedBooter.java:495)
Caused by: java.io.IOException: Error while instrumenting jdk/internal/net/http/common/HttpBodySubscriberWrapper$1 with JaCoCo 0.8.11.202310140853/f33756c.
	at org.jacoco.agent.rt.internal_4742761.core.instr.Instrumenter.instrumentError(Instrumenter.java:161)
	at org.jacoco.agent.rt.internal_4742761.core.instr.Instrumenter.instrument(Instrumenter.java:111)
	at org.jacoco.agent.rt.internal_4742761.CoverageTransformer.transform(CoverageTransformer.java:92)
	... 76 more
Caused by: java.lang.IllegalArgumentException: Unsupported class file major version 68
	at org.jacoco.agent.rt.internal_4742761.asm.ClassReader.<init>(ClassReader.java:200)
	at org.jacoco.agent.rt.internal_4742761.asm.ClassReader.<init>(ClassReader.java:180)
	at org.jacoco.agent.rt.internal_4742761.asm.ClassReader.<init>(ClassReader.java:166)
	at org.jacoco.agent.rt.internal_4742761.core.internal.instr.InstrSupport.classReaderFor(InstrSupport.java:280)
	at org.jacoco.agent.rt.internal_4742761.core.instr.Instrumenter.instrument(Instrumenter.java:77)
	at org.jacoco.agent.rt.internal_4742761.core.instr.Instrumenter.instrument(Instrumenter.java:109)
	... 77 more
java.lang.instrument.IllegalClassFormatException: Error while instrumenting jdk/internal/net/http/HttpClientImpl$DelegatingExecutor with JaCoCo 0.8.11.202310140853/f33756c.
	at org.jacoco.agent.rt.internal_4742761.CoverageTransformer.transform(CoverageTransformer.java:94)
	at java.instrument/java.lang.instrument.ClassFileTransformer.transform(ClassFileTransformer.java:257)
	at java.instrument/sun.instrument.TransformerManager.transform(TransformerManager.java:188)
	at java.instrument/sun.instrument.InstrumentationImpl.transform(InstrumentationImpl.java:594)
	at java.base/java.lang.ClassLoader.defineClass2(Native Method)
	at java.base/java.lang.ClassLoader.defineClass(ClassLoader.java:1052)
	at java.base/java.security.SecureClassLoader.defineClass(SecureClassLoader.java:164)
	at java.base/jdk.internal.loader.BuiltinClassLoader.defineClass(BuiltinClassLoader.java:735)
	at java.base/jdk.internal.loader.BuiltinClassLoader.findClassInModuleOrNull(BuiltinClassLoader.java:678)
	at java.base/jdk.internal.loader.BuiltinClassLoader.loadClassOrNull(BuiltinClassLoader.java:604)
	at java.base/jdk.internal.loader.BuiltinClassLoader.loadClass(BuiltinClassLoader.java:578)
	at java.base/java.lang.ClassLoader.loadClass(ClassLoader.java:490)
	at java.net.http/jdk.internal.net.http.HttpClientImpl.<init>(HttpClientImpl.java:449)
	at java.net.http/jdk.internal.net.http.HttpClientImpl.create(HttpClientImpl.java:420)
	at java.net.http/jdk.internal.net.http.HttpClientBuilderImpl.build(HttpClientBuilderImpl.java:142)
	at org.openqa.selenium.remote.http.jdk.JdkHttpClient.<init>(JdkHttpClient.java:156)
	at org.openqa.selenium.remote.http.jdk.JdkHttpClient$Factory.createClient(JdkHttpClient.java:548)
	at org.openqa.selenium.remote.HttpCommandExecutor.<init>(HttpCommandExecutor.java:117)
	at org.openqa.selenium.remote.HttpCommandExecutor.<init>(HttpCommandExecutor.java:93)
	at org.openqa.selenium.remote.service.DriverCommandExecutor.<init>(DriverCommandExecutor.java:87)
	at org.openqa.selenium.chromium.ChromiumDriverCommandExecutor.<init>(ChromiumDriverCommandExecutor.java:44)
	at org.openqa.selenium.chrome.ChromeDriver$ChromeDriverCommandExecutor.<init>(ChromeDriver.java:114)
	at org.openqa.selenium.chrome.ChromeDriver.generateExecutor(ChromeDriver.java:104)
	at org.openqa.selenium.chrome.ChromeDriver.<init>(ChromeDriver.java:88)
	at org.openqa.selenium.chrome.ChromeDriver.<init>(ChromeDriver.java:83)
	at org.openqa.selenium.chrome.ChromeDriver.<init>(ChromeDriver.java:51)
	at StepDefination.StepDef.setup1(StepDef.java:49)
	at java.base/jdk.internal.reflect.DirectMethodHandleAccessor.invoke(DirectMethodHandleAccessor.java:104)
	at java.base/java.lang.reflect.Method.invoke(Method.java:565)
	at io.cucumber.java.Invoker.doInvoke(Invoker.java:66)
	at io.cucumber.java.Invoker.invoke(Invoker.java:24)
	at io.cucumber.java.AbstractGlueDefinition.invokeMethod(AbstractGlueDefinition.java:47)
	at io.cucumber.java.JavaHookDefinition.execute(JavaHookDefinition.java:68)
	at io.cucumber.core.runner.CoreHookDefinition.execute(CoreHookDefinition.java:47)
	at io.cucumber.core.runner.HookDefinitionMatch.runStep(HookDefinitionMatch.java:21)
	at io.cucumber.core.runner.ExecutionMode$1.execute(ExecutionMode.java:10)
	at io.cucumber.core.runner.TestStep.executeStep(TestStep.java:81)
	at io.cucumber.core.runner.TestStep.run(TestStep.java:53)
	at io.cucumber.core.runner.TestCase.run(TestCase.java:80)
	at io.cucumber.core.runner.Runner.runPickle(Runner.java:77)
	at io.cucumber.junit.PickleRunners$NoStepDescriptions.lambda$run$0(PickleRunners.java:151)
	at io.cucumber.core.runtime.CucumberExecutionContext.lambda$runTestCase$5(CucumberExecutionContext.java:136)
	at io.cucumber.core.runtime.RethrowingThrowableCollector.executeAndThrow(RethrowingThrowableCollector.java:23)
	at io.cucumber.core.runtime.CucumberExecutionContext.runTestCase(CucumberExecutionContext.java:136)
	at io.cucumber.junit.PickleRunners$NoStepDescriptions.run(PickleRunners.java:148)
	at io.cucumber.junit.FeatureRunner.runChild(FeatureRunner.java:144)
	at io.cucumber.junit.FeatureRunner.runChild(FeatureRunner.java:28)
	at org.junit.runners.ParentRunner$4.run(ParentRunner.java:331)
	at org.junit.runners.ParentRunner$1.schedule(ParentRunner.java:79)
	at org.junit.runners.ParentRunner.runChildren(ParentRunner.java:329)
	at org.junit.runners.ParentRunner.access$100(ParentRunner.java:66)
	at org.junit.runners.ParentRunner$2.evaluate(ParentRunner.java:293)
	at org.junit.runners.ParentRunner$3.evaluate(ParentRunner.java:306)
	at org.junit.runners.ParentRunner.run(ParentRunner.java:413)
	at io.cucumber.junit.FeatureRunner.run(FeatureRunner.java:137)
	at io.cucumber.junit.Cucumber.runChild(Cucumber.java:196)
	at io.cucumber.junit.Cucumber.runChild(Cucumber.java:89)
	at org.junit.runners.ParentRunner$4.run(ParentRunner.java:331)
	at org.junit.runners.ParentRunner$1.schedule(ParentRunner.java:79)
	at org.junit.runners.ParentRunner.runChildren(ParentRunner.java:329)
	at org.junit.runners.ParentRunner.access$100(ParentRunner.java:66)
	at org.junit.runners.ParentRunner$2.evaluate(ParentRunner.java:293)
	at io.cucumber.core.runtime.CucumberExecutionContext.lambda$runFeatures$6(CucumberExecutionContext.java:147)
	at io.cucumber.core.runtime.CucumberExecutionContext.execute(CucumberExecutionContext.java:162)
	at io.cucumber.core.runtime.CucumberExecutionContext.runFeatures(CucumberExecutionContext.java:145)
	at io.cucumber.junit.Cucumber$StartAndFinishTestRun.evaluate(Cucumber.java:226)
	at org.junit.runners.ParentRunner$3.evaluate(ParentRunner.java:306)
	at org.junit.runners.ParentRunner.run(ParentRunner.java:413)
	at org.apache.maven.surefire.junit4.JUnit4Provider.execute(JUnit4Provider.java:316)
	at org.apache.maven.surefire.junit4.JUnit4Provider.executeWithRerun(JUnit4Provider.java:240)
	at org.apache.maven.surefire.junit4.JUnit4Provider.executeTestSet(JUnit4Provider.java:214)
	at org.apache.maven.surefire.junit4.JUnit4Provider.invoke(JUnit4Provider.java:155)
	at org.apache.maven.surefire.booter.ForkedBooter.runSuitesInProcess(ForkedBooter.java:385)
	at org.apache.maven.surefire.booter.ForkedBooter.execute(ForkedBooter.java:162)
	at org.apache.maven.surefire.booter.ForkedBooter.run(ForkedBooter.java:507)
	at org.apache.maven.surefire.booter.ForkedBooter.main(ForkedBooter.java:495)
Caused by: java.io.IOException: Error while instrumenting jdk/internal/net/http/HttpClientImpl$DelegatingExecutor with JaCoCo 0.8.11.202310140853/f33756c.
	at org.jacoco.agent.rt.internal_4742761.core.instr.Instrumenter.instrumentError(Instrumenter.java:161)
	at org.jacoco.agent.rt.internal_4742761.core.instr.Instrumenter.instrument(Instrumenter.java:111)
	at org.jacoco.agent.rt.internal_4742761.CoverageTransformer.transform(CoverageTransformer.java:92)
	... 75 more
Caused by: java.lang.IllegalArgumentException: Unsupported class file major version 68
	at org.jacoco.agent.rt.internal_4742761.asm.ClassReader.<init>(ClassReader.java:200)
	at org.jacoco.agent.rt.internal_4742761.asm.ClassReader.<init>(ClassReader.java:180)
	at org.jacoco.agent.rt.internal_4742761.asm.ClassReader.<init>(ClassReader.java:166)
	at org.jacoco.agent.rt.internal_4742761.core.internal.instr.InstrSupport.classReaderFor(InstrSupport.java:280)
	at org.jacoco.agent.rt.internal_4742761.core.instr.Instrumenter.instrument(Instrumenter.java:77)
	at org.jacoco.agent.rt.internal_4742761.core.instr.Instrumenter.instrument(Instrumenter.java:109)
	... 76 more
java.lang.instrument.IllegalClassFormatException: Error while instrumenting jdk/internal/net/http/Http2ClientImpl with JaCoCo 0.8.11.202310140853/f33756c.
	at org.jacoco.agent.rt.internal_4742761.CoverageTransformer.transform(CoverageTransformer.java:94)
	at java.instrument/java.lang.instrument.ClassFileTransformer.transform(ClassFileTransformer.java:257)
	at java.instrument/sun.instrument.TransformerManager.transform(TransformerManager.java:188)
	at java.instrument/sun.instrument.InstrumentationImpl.transform(InstrumentationImpl.java:594)
	at java.base/java.lang.ClassLoader.defineClass2(Native Method)
	at java.base/java.lang.ClassLoader.defineClass(ClassLoader.java:1052)
	at java.base/java.security.SecureClassLoader.defineClass(SecureClassLoader.java:164)
	at java.base/jdk.internal.loader.BuiltinClassLoader.defineClass(BuiltinClassLoader.java:735)
	at java.base/jdk.internal.loader.BuiltinClassLoader.findClassInModuleOrNull(BuiltinClassLoader.java:678)
	at java.base/jdk.internal.loader.BuiltinClassLoader.loadClassOrNull(BuiltinClassLoader.java:604)
	at java.base/jdk.internal.loader.BuiltinClassLoader.loadClass(BuiltinClassLoader.java:578)
	at java.base/java.lang.ClassLoader.loadClass(ClassLoader.java:490)
	at java.net.http/jdk.internal.net.http.HttpClientImpl.<init>(HttpClientImpl.java:453)
	at java.net.http/jdk.internal.net.http.HttpClientImpl.create(HttpClientImpl.java:420)
	at java.net.http/jdk.internal.net.http.HttpClientBuilderImpl.build(HttpClientBuilderImpl.java:142)
	at org.openqa.selenium.remote.http.jdk.JdkHttpClient.<init>(JdkHttpClient.java:156)
	at org.openqa.selenium.remote.http.jdk.JdkHttpClient$Factory.createClient(JdkHttpClient.java:548)
	at org.openqa.selenium.remote.HttpCommandExecutor.<init>(HttpCommandExecutor.java:117)
	at org.openqa.selenium.remote.HttpCommandExecutor.<init>(HttpCommandExecutor.java:93)
	at org.openqa.selenium.remote.service.DriverCommandExecutor.<init>(DriverCommandExecutor.java:87)
	at org.openqa.selenium.chromium.ChromiumDriverCommandExecutor.<init>(ChromiumDriverCommandExecutor.java:44)
	at org.openqa.selenium.chrome.ChromeDriver$ChromeDriverCommandExecutor.<init>(ChromeDriver.java:114)
	at org.openqa.selenium.chrome.ChromeDriver.generateExecutor(ChromeDriver.java:104)
	at org.openqa.selenium.chrome.ChromeDriver.<init>(ChromeDriver.java:88)
	at org.openqa.selenium.chrome.ChromeDriver.<init>(ChromeDriver.java:83)
	at org.openqa.selenium.chrome.ChromeDriver.<init>(ChromeDriver.java:51)
	at StepDefination.StepDef.setup1(StepDef.java:49)
	at java.base/jdk.internal.reflect.DirectMethodHandleAccessor.invoke(DirectMethodHandleAccessor.java:104)
	at java.base/java.lang.reflect.Method.invoke(Method.java:565)
	at io.cucumber.java.Invoker.doInvoke(Invoker.java:66)
	at io.cucumber.java.Invoker.invoke(Invoker.java:24)
	at io.cucumber.java.AbstractGlueDefinition.invokeMethod(AbstractGlueDefinition.java:47)
	at io.cucumber.java.JavaHookDefinition.execute(JavaHookDefinition.java:68)
	at io.cucumber.core.runner.CoreHookDefinition.execute(CoreHookDefinition.java:47)
	at io.cucumber.core.runner.HookDefinitionMatch.runStep(HookDefinitionMatch.java:21)
	at io.cucumber.core.runner.ExecutionMode$1.execute(ExecutionMode.java:10)
	at io.cucumber.core.runner.TestStep.executeStep(TestStep.java:81)
	at io.cucumber.core.runner.TestStep.run(TestStep.java:53)
	at io.cucumber.core.runner.TestCase.run(TestCase.java:80)
	at io.cucumber.core.runner.Runner.runPickle(Runner.java:77)
	at io.cucumber.junit.PickleRunners$NoStepDescriptions.lambda$run$0(PickleRunners.java:151)
	at io.cucumber.core.runtime.CucumberExecutionContext.lambda$runTestCase$5(CucumberExecutionContext.java:136)
	at io.cucumber.core.runtime.RethrowingThrowableCollector.executeAndThrow(RethrowingThrowableCollector.java:23)
	at io.cucumber.core.runtime.CucumberExecutionContext.runTestCase(CucumberExecutionContext.java:136)
	at io.cucumber.junit.PickleRunners$NoStepDescriptions.run(PickleRunners.java:148)
	at io.cucumber.junit.FeatureRunner.runChild(FeatureRunner.java:144)
	at io.cucumber.junit.FeatureRunner.runChild(FeatureRunner.java:28)
	at org.junit.runners.ParentRunner$4.run(ParentRunner.java:331)
	at org.junit.runners.ParentRunner$1.schedule(ParentRunner.java:79)
	at org.junit.runners.ParentRunner.runChildren(ParentRunner.java:329)
	at org.junit.runners.ParentRunner.access$100(ParentRunner.java:66)
	at org.junit.runners.ParentRunner$2.evaluate(ParentRunner.java:293)
	at org.junit.runners.ParentRunner$3.evaluate(ParentRunner.java:306)
	at org.junit.runners.ParentRunner.run(ParentRunner.java:413)
	at io.cucumber.junit.FeatureRunner.run(FeatureRunner.java:137)
	at io.cucumber.junit.Cucumber.runChild(Cucumber.java:196)
	at io.cucumber.junit.Cucumber.runChild(Cucumber.java:89)
	at org.junit.runners.ParentRunner$4.run(ParentRunner.java:331)
	at org.junit.runners.ParentRunner$1.schedule(ParentRunner.java:79)
	at org.junit.runners.ParentRunner.runChildren(ParentRunner.java:329)
	at org.junit.runners.ParentRunner.access$100(ParentRunner.java:66)
	at org.junit.runners.ParentRunner$2.evaluate(ParentRunner.java:293)
	at io.cucumber.core.runtime.CucumberExecutionContext.lambda$runFeatures$6(CucumberExecutionContext.java:147)
	at io.cucumber.core.runtime.CucumberExecutionContext.execute(CucumberExecutionContext.java:162)
	at io.cucumber.core.runtime.CucumberExecutionContext.runFeatures(CucumberExecutionContext.java:145)
	at io.cucumber.junit.Cucumber$StartAndFinishTestRun.evaluate(Cucumber.java:226)
	at org.junit.runners.ParentRunner$3.evaluate(ParentRunner.java:306)
	at org.junit.runners.ParentRunner.run(ParentRunner.java:413)
	at org.apache.maven.surefire.junit4.JUnit4Provider.execute(JUnit4Provider.java:316)
	at org.apache.maven.surefire.junit4.JUnit4Provider.executeWithRerun(JUnit4Provider.java:240)
	at org.apache.maven.surefire.junit4.JUnit4Provider.executeTestSet(JUnit4Provider.java:214)
	at org.apache.maven.surefire.junit4.JUnit4Provider.invoke(JUnit4Provider.java:155)
	at org.apache.maven.surefire.booter.ForkedBooter.runSuitesInProcess(ForkedBooter.java:385)
	at org.apache.maven.surefire.booter.ForkedBooter.execute(ForkedBooter.java:162)
	at org.apache.maven.surefire.booter.ForkedBooter.run(ForkedBooter.java:507)
	at org.apache.maven.surefire.booter.ForkedBooter.main(ForkedBooter.java:495)
Caused by: java.io.IOException: Error while instrumenting jdk/internal/net/http/Http2ClientImpl with JaCoCo 0.8.11.202310140853/f33756c.
	at org.jacoco.agent.rt.internal_4742761.core.instr.Instrumenter.instrumentError(Instrumenter.java:161)
	at org.jacoco.agent.rt.internal_4742761.core.instr.Instrumenter.instrument(Instrumenter.java:111)
	at org.jacoco.agent.rt.internal_4742761.CoverageTransformer.transform(CoverageTransformer.java:92)
	... 75 more
Caused by: java.lang.IllegalArgumentException: Unsupported class file major version 68
	at org.jacoco.agent.rt.internal_4742761.asm.ClassReader.<init>(ClassReader.java:200)
	at org.jacoco.agent.rt.internal_4742761.asm.ClassReader.<init>(ClassReader.java:180)
	at org.jacoco.agent.rt.internal_4742761.asm.ClassReader.<init>(ClassReader.java:166)
	at org.jacoco.agent.rt.internal_4742761.core.internal.instr.InstrSupport.classReaderFor(InstrSupport.java:280)
	at org.jacoco.agent.rt.internal_4742761.core.instr.Instrumenter.instrument(Instrumenter.java:77)
	at org.jacoco.agent.rt.internal_4742761.core.instr.Instrumenter.instrument(Instrumenter.java:109)
	... 76 more
java.lang.instrument.IllegalClassFormatException: Error while instrumenting jdk/internal/net/http/common/MinimalFuture with JaCoCo 0.8.11.202310140853/f33756c.
	at org.jacoco.agent.rt.internal_4742761.CoverageTransformer.transform(CoverageTransformer.java:94)
	at java.instrument/java.lang.instrument.ClassFileTransformer.transform(ClassFileTransformer.java:257)
	at java.instrument/sun.instrument.TransformerManager.transform(TransformerManager.java:188)
	at java.instrument/sun.instrument.InstrumentationImpl.transform(InstrumentationImpl.java:594)
	at java.base/java.lang.ClassLoader.defineClass2(Native Method)
	at java.base/java.lang.ClassLoader.defineClass(ClassLoader.java:1052)
	at java.base/java.security.SecureClassLoader.defineClass(SecureClassLoader.java:164)
	at java.base/jdk.internal.loader.BuiltinClassLoader.defineClass(BuiltinClassLoader.java:735)
	at java.base/jdk.internal.loader.BuiltinClassLoader.findClassInModuleOrNull(BuiltinClassLoader.java:678)
	at java.base/jdk.internal.loader.BuiltinClassLoader.loadClassOrNull(BuiltinClassLoader.java:604)
	at java.base/jdk.internal.loader.BuiltinClassLoader.loadClass(BuiltinClassLoader.java:578)
	at java.base/java.lang.ClassLoader.loadClass(ClassLoader.java:490)
	at java.net.http/jdk.internal.net.http.HttpClientImpl.<init>(HttpClientImpl.java:453)
	at java.net.http/jdk.internal.net.http.HttpClientImpl.create(HttpClientImpl.java:420)
	at java.net.http/jdk.internal.net.http.HttpClientBuilderImpl.build(HttpClientBuilderImpl.java:142)
	at org.openqa.selenium.remote.http.jdk.JdkHttpClient.<init>(JdkHttpClient.java:156)
	at org.openqa.selenium.remote.http.jdk.JdkHttpClient$Factory.createClient(JdkHttpClient.java:548)
	at org.openqa.selenium.remote.HttpCommandExecutor.<init>(HttpCommandExecutor.java:117)
	at org.openqa.selenium.remote.HttpCommandExecutor.<init>(HttpCommandExecutor.java:93)
	at org.openqa.selenium.remote.service.DriverCommandExecutor.<init>(DriverCommandExecutor.java:87)
	at org.openqa.selenium.chromium.ChromiumDriverCommandExecutor.<init>(ChromiumDriverCommandExecutor.java:44)
	at org.openqa.selenium.chrome.ChromeDriver$ChromeDriverCommandExecutor.<init>(ChromeDriver.java:114)
	at org.openqa.selenium.chrome.ChromeDriver.generateExecutor(ChromeDriver.java:104)
	at org.openqa.selenium.chrome.ChromeDriver.<init>(ChromeDriver.java:88)
	at org.openqa.selenium.chrome.ChromeDriver.<init>(ChromeDriver.java:83)
	at org.openqa.selenium.chrome.ChromeDriver.<init>(ChromeDriver.java:51)
	at StepDefination.StepDef.setup1(StepDef.java:49)
	at java.base/jdk.internal.reflect.DirectMethodHandleAccessor.invoke(DirectMethodHandleAccessor.java:104)
	at java.base/java.lang.reflect.Method.invoke(Method.java:565)
	at io.cucumber.java.Invoker.doInvoke(Invoker.java:66)
	at io.cucumber.java.Invoker.invoke(Invoker.java:24)
	at io.cucumber.java.AbstractGlueDefinition.invokeMethod(AbstractGlueDefinition.java:47)
	at io.cucumber.java.JavaHookDefinition.execute(JavaHookDefinition.java:68)
	at io.cucumber.core.runner.CoreHookDefinition.execute(CoreHookDefinition.java:47)
	at io.cucumber.core.runner.HookDefinitionMatch.runStep(HookDefinitionMatch.java:21)
	at io.cucumber.core.runner.ExecutionMode$1.execute(ExecutionMode.java:10)
	at io.cucumber.core.runner.TestStep.executeStep(TestStep.java:81)
	at io.cucumber.core.runner.TestStep.run(TestStep.java:53)
	at io.cucumber.core.runner.TestCase.run(TestCase.java:80)
	at io.cucumber.core.runner.Runner.runPickle(Runner.java:77)
	at io.cucumber.junit.PickleRunners$NoStepDescriptions.lambda$run$0(PickleRunners.java:151)
	at io.cucumber.core.runtime.CucumberExecutionContext.lambda$runTestCase$5(CucumberExecutionContext.java:136)
	at io.cucumber.core.runtime.RethrowingThrowableCollector.executeAndThrow(RethrowingThrowableCollector.java:23)
	at io.cucumber.core.runtime.CucumberExecutionContext.runTestCase(CucumberExecutionContext.java:136)
	at io.cucumber.junit.PickleRunners$NoStepDescriptions.run(PickleRunners.java:148)
	at io.cucumber.junit.FeatureRunner.runChild(FeatureRunner.java:144)
	at io.cucumber.junit.FeatureRunner.runChild(FeatureRunner.java:28)
	at org.junit.runners.ParentRunner$4.run(ParentRunner.java:331)
	at org.junit.runners.ParentRunner$1.schedule(ParentRunner.java:79)
	at org.junit.runners.ParentRunner.runChildren(ParentRunner.java:329)
	at org.junit.runners.ParentRunner.access$100(ParentRunner.java:66)
	at org.junit.runners.ParentRunner$2.evaluate(ParentRunner.java:293)
	at org.junit.runners.ParentRunner$3.evaluate(ParentRunner.java:306)
	at org.junit.runners.ParentRunner.run(ParentRunner.java:413)
	at io.cucumber.junit.FeatureRunner.run(FeatureRunner.java:137)
	at io.cucumber.junit.Cucumber.runChild(Cucumber.java:196)
	at io.cucumber.junit.Cucumber.runChild(Cucumber.java:89)
	at org.junit.runners.ParentRunner$4.run(ParentRunner.java:331)
	at org.junit.runners.ParentRunner$1.schedule(ParentRunner.java:79)
	at org.junit.runners.ParentRunner.runChildren(ParentRunner.java:329)
	at org.junit.runners.ParentRunner.access$100(ParentRunner.java:66)
	at org.junit.runners.ParentRunner$2.evaluate(ParentRunner.java:293)
	at io.cucumber.core.runtime.CucumberExecutionContext.lambda$runFeatures$6(CucumberExecutionContext.java:147)
	at io.cucumber.core.runtime.CucumberExecutionContext.execute(CucumberExecutionContext.java:162)
	at io.cucumber.core.runtime.CucumberExecutionContext.runFeatures(CucumberExecutionContext.java:145)
	at io.cucumber.junit.Cucumber$StartAndFinishTestRun.evaluate(Cucumber.java:226)
	at org.junit.runners.ParentRunner$3.evaluate(ParentRunner.java:306)
	at org.junit.runners.ParentRunner.run(ParentRunner.java:413)
	at org.apache.maven.surefire.junit4.JUnit4Provider.execute(JUnit4Provider.java:316)
	at org.apache.maven.surefire.junit4.JUnit4Provider.executeWithRerun(JUnit4Provider.java:240)
	at org.apache.maven.surefire.junit4.JUnit4Provider.executeTestSet(JUnit4Provider.java:214)
	at org.apache.maven.surefire.junit4.JUnit4Provider.invoke(JUnit4Provider.java:155)
	at org.apache.maven.surefire.booter.ForkedBooter.runSuitesInProcess(ForkedBooter.java:385)
	at org.apache.maven.surefire.booter.ForkedBooter.execute(ForkedBooter.java:162)
	at org.apache.maven.surefire.booter.ForkedBooter.run(ForkedBooter.java:507)
	at org.apache.maven.surefire.booter.ForkedBooter.main(ForkedBooter.java:495)
Caused by: java.io.IOException: Error while instrumenting jdk/internal/net/http/common/MinimalFuture with JaCoCo 0.8.11.202310140853/f33756c.
	at org.jacoco.agent.rt.internal_4742761.core.instr.Instrumenter.instrumentError(Instrumenter.java:161)
	at org.jacoco.agent.rt.internal_4742761.core.instr.Instrumenter.instrument(Instrumenter.java:111)
	at org.jacoco.agent.rt.internal_4742761.CoverageTransformer.transform(CoverageTransformer.java:92)
	... 75 more
Caused by: java.lang.IllegalArgumentException: Unsupported class file major version 68
	at org.jacoco.agent.rt.internal_4742761.asm.ClassReader.<init>(ClassReader.java:200)
	at org.jacoco.agent.rt.internal_4742761.asm.ClassReader.<init>(ClassReader.java:180)
	at org.jacoco.agent.rt.internal_4742761.asm.ClassReader.<init>(ClassReader.java:166)
	at org.jacoco.agent.rt.internal_4742761.core.internal.instr.InstrSupport.classReaderFor(InstrSupport.java:280)
	at org.jacoco.agent.rt.internal_4742761.core.instr.Instrumenter.instrument(Instrumenter.java:77)
	at org.jacoco.agent.rt.internal_4742761.core.instr.Instrumenter.instrument(Instrumenter.java:109)
	... 76 more
java.lang.instrument.IllegalClassFormatException: Error while instrumenting java/net/http/HttpClient$Version with JaCoCo 0.8.11.202310140853/f33756c.
	at org.jacoco.agent.rt.internal_4742761.CoverageTransformer.transform(CoverageTransformer.java:94)
	at java.instrument/java.lang.instrument.ClassFileTransformer.transform(ClassFileTransformer.java:257)
	at java.instrument/sun.instrument.TransformerManager.transform(TransformerManager.java:188)
	at java.instrument/sun.instrument.InstrumentationImpl.transform(InstrumentationImpl.java:594)
	at java.base/java.lang.ClassLoader.defineClass2(Native Method)
	at java.base/java.lang.ClassLoader.defineClass(ClassLoader.java:1052)
	at java.base/java.security.SecureClassLoader.defineClass(SecureClassLoader.java:164)
	at java.base/jdk.internal.loader.BuiltinClassLoader.defineClass(BuiltinClassLoader.java:735)
	at java.base/jdk.internal.loader.BuiltinClassLoader.findClassInModuleOrNull(BuiltinClassLoader.java:678)
	at java.base/jdk.internal.loader.BuiltinClassLoader.loadClassOrNull(BuiltinClassLoader.java:604)
	at java.base/jdk.internal.loader.BuiltinClassLoader.loadClass(BuiltinClassLoader.java:578)
	at java.base/java.lang.ClassLoader.loadClass(ClassLoader.java:490)
	at java.net.http/jdk.internal.net.http.HttpClientImpl.<init>(HttpClientImpl.java:466)
	at java.net.http/jdk.internal.net.http.HttpClientImpl.create(HttpClientImpl.java:420)
	at java.net.http/jdk.internal.net.http.HttpClientBuilderImpl.build(HttpClientBuilderImpl.java:142)
	at org.openqa.selenium.remote.http.jdk.JdkHttpClient.<init>(JdkHttpClient.java:156)
	at org.openqa.selenium.remote.http.jdk.JdkHttpClient$Factory.createClient(JdkHttpClient.java:548)
	at org.openqa.selenium.remote.HttpCommandExecutor.<init>(HttpCommandExecutor.java:117)
	at org.openqa.selenium.remote.HttpCommandExecutor.<init>(HttpCommandExecutor.java:93)
	at org.openqa.selenium.remote.service.DriverCommandExecutor.<init>(DriverCommandExecutor.java:87)
	at org.openqa.selenium.chromium.ChromiumDriverCommandExecutor.<init>(ChromiumDriverCommandExecutor.java:44)
	at org.openqa.selenium.chrome.ChromeDriver$ChromeDriverCommandExecutor.<init>(ChromeDriver.java:114)
	at org.openqa.selenium.chrome.ChromeDriver.generateExecutor(ChromeDriver.java:104)
	at org.openqa.selenium.chrome.ChromeDriver.<init>(ChromeDriver.java:88)
	at org.openqa.selenium.chrome.ChromeDriver.<init>(ChromeDriver.java:83)
	at org.openqa.selenium.chrome.ChromeDriver.<init>(ChromeDriver.java:51)
	at StepDefination.StepDef.setup1(StepDef.java:49)
	at java.base/jdk.internal.reflect.DirectMethodHandleAccessor.invoke(DirectMethodHandleAccessor.java:104)
	at java.base/java.lang.reflect.Method.invoke(Method.java:565)
	at io.cucumber.java.Invoker.doInvoke(Invoker.java:66)
	at io.cucumber.java.Invoker.invoke(Invoker.java:24)
	at io.cucumber.java.AbstractGlueDefinition.invokeMethod(AbstractGlueDefinition.java:47)
	at io.cucumber.java.JavaHookDefinition.execute(JavaHookDefinition.java:68)
	at io.cucumber.core.runner.CoreHookDefinition.execute(CoreHookDefinition.java:47)
	at io.cucumber.core.runner.HookDefinitionMatch.runStep(HookDefinitionMatch.java:21)
	at io.cucumber.core.runner.ExecutionMode$1.execute(ExecutionMode.java:10)
	at io.cucumber.core.runner.TestStep.executeStep(TestStep.java:81)
	at io.cucumber.core.runner.TestStep.run(TestStep.java:53)
	at io.cucumber.core.runner.TestCase.run(TestCase.java:80)
	at io.cucumber.core.runner.Runner.runPickle(Runner.java:77)
	at io.cucumber.junit.PickleRunners$NoStepDescriptions.lambda$run$0(PickleRunners.java:151)
	at io.cucumber.core.runtime.CucumberExecutionContext.lambda$runTestCase$5(CucumberExecutionContext.java:136)
	at io.cucumber.core.runtime.RethrowingThrowableCollector.executeAndThrow(RethrowingThrowableCollector.java:23)
	at io.cucumber.core.runtime.CucumberExecutionContext.runTestCase(CucumberExecutionContext.java:136)
	at io.cucumber.junit.PickleRunners$NoStepDescriptions.run(PickleRunners.java:148)
	at io.cucumber.junit.FeatureRunner.runChild(FeatureRunner.java:144)
	at io.cucumber.junit.FeatureRunner.runChild(FeatureRunner.java:28)
	at org.junit.runners.ParentRunner$4.run(ParentRunner.java:331)
	at org.junit.runners.ParentRunner$1.schedule(ParentRunner.java:79)
	at org.junit.runners.ParentRunner.runChildren(ParentRunner.java:329)
	at org.junit.runners.ParentRunner.access$100(ParentRunner.java:66)
	at org.junit.runners.ParentRunner$2.evaluate(ParentRunner.java:293)
	at org.junit.runners.ParentRunner$3.evaluate(ParentRunner.java:306)
	at org.junit.runners.ParentRunner.run(ParentRunner.java:413)
	at io.cucumber.junit.FeatureRunner.run(FeatureRunner.java:137)
	at io.cucumber.junit.Cucumber.runChild(Cucumber.java:196)
	at io.cucumber.junit.Cucumber.runChild(Cucumber.java:89)
	at org.junit.runners.ParentRunner$4.run(ParentRunner.java:331)
	at org.junit.runners.ParentRunner$1.schedule(ParentRunner.java:79)
	at org.junit.runners.ParentRunner.runChildren(ParentRunner.java:329)
	at org.junit.runners.ParentRunner.access$100(ParentRunner.java:66)
	at org.junit.runners.ParentRunner$2.evaluate(ParentRunner.java:293)
	at io.cucumber.core.runtime.CucumberExecutionContext.lambda$runFeatures$6(CucumberExecutionContext.java:147)
	at io.cucumber.core.runtime.CucumberExecutionContext.execute(CucumberExecutionContext.java:162)
	at io.cucumber.core.runtime.CucumberExecutionContext.runFeatures(CucumberExecutionContext.java:145)
	at io.cucumber.junit.Cucumber$StartAndFinishTestRun.evaluate(Cucumber.java:226)
	at org.junit.runners.ParentRunner$3.evaluate(ParentRunner.java:306)
	at org.junit.runners.ParentRunner.run(ParentRunner.java:413)
	at org.apache.maven.surefire.junit4.JUnit4Provider.execute(JUnit4Provider.java:316)
	at org.apache.maven.surefire.junit4.JUnit4Provider.executeWithRerun(JUnit4Provider.java:240)
	at org.apache.maven.surefire.junit4.JUnit4Provider.executeTestSet(JUnit4Provider.java:214)
	at org.apache.maven.surefire.junit4.JUnit4Provider.invoke(JUnit4Provider.java:155)
	at org.apache.maven.surefire.booter.ForkedBooter.runSuitesInProcess(ForkedBooter.java:385)
	at org.apache.maven.surefire.booter.ForkedBooter.execute(ForkedBooter.java:162)
	at org.apache.maven.surefire.booter.ForkedBooter.run(ForkedBooter.java:507)
	at org.apache.maven.surefire.booter.ForkedBooter.main(ForkedBooter.java:495)
Caused by: java.io.IOException: Error while instrumenting java/net/http/HttpClient$Version with JaCoCo 0.8.11.202310140853/f33756c.
	at org.jacoco.agent.rt.internal_4742761.core.instr.Instrumenter.instrumentError(Instrumenter.java:161)
	at org.jacoco.agent.rt.internal_4742761.core.instr.Instrumenter.instrument(Instrumenter.java:111)
	at org.jacoco.agent.rt.internal_4742761.CoverageTransformer.transform(CoverageTransformer.java:92)
	... 75 more
Caused by: java.lang.IllegalArgumentException: Unsupported class file major version 68
	at org.jacoco.agent.rt.internal_4742761.asm.ClassReader.<init>(ClassReader.java:200)
	at org.jacoco.agent.rt.internal_4742761.asm.ClassReader.<init>(ClassReader.java:180)
	at org.jacoco.agent.rt.internal_4742761.asm.ClassReader.<init>(ClassReader.java:166)
	at org.jacoco.agent.rt.internal_4742761.core.internal.instr.InstrSupport.classReaderFor(InstrSupport.java:280)
	at org.jacoco.agent.rt.internal_4742761.core.instr.Instrumenter.instrument(Instrumenter.java:77)
	at org.jacoco.agent.rt.internal_4742761.core.instr.Instrumenter.instrument(Instrumenter.java:109)
	... 76 more
java.lang.instrument.IllegalClassFormatException: Error while instrumenting sun/security/pkcs11/SunPKCS11 with JaCoCo 0.8.11.202310140853/f33756c.
	at org.jacoco.agent.rt.internal_4742761.CoverageTransformer.transform(CoverageTransformer.java:94)
	at java.instrument/java.lang.instrument.ClassFileTransformer.transform(ClassFileTransformer.java:257)
	at java.instrument/sun.instrument.TransformerManager.transform(TransformerManager.java:188)
	at java.instrument/sun.instrument.InstrumentationImpl.transform(InstrumentationImpl.java:594)
	at java.base/java.lang.ClassLoader.defineClass2(Native Method)
	at java.base/java.lang.ClassLoader.defineClass(ClassLoader.java:1052)
	at java.base/java.security.SecureClassLoader.defineClass(SecureClassLoader.java:164)
	at java.base/jdk.internal.loader.BuiltinClassLoader.defineClass(BuiltinClassLoader.java:735)
	at java.base/jdk.internal.loader.BuiltinClassLoader.findClassInModuleOrNull(BuiltinClassLoader.java:678)
	at java.base/jdk.internal.loader.BuiltinClassLoader.findClass(BuiltinClassLoader.java:560)
	at java.base/java.lang.ClassLoader.loadClass(ClassLoader.java:602)
	at java.base/java.lang.Class.forName(Class.java:595)
	at java.base/java.util.ServiceLoader.loadProvider(ServiceLoader.java:755)
	at java.base/java.util.ServiceLoader$ModuleServicesLookupIterator.hasNext(ServiceLoader.java:955)
	at java.base/java.util.ServiceLoader$1.hasNext(ServiceLoader.java:1164)
	at java.base/java.util.ServiceLoader$2.hasNext(ServiceLoader.java:1246)
	at java.base/sun.security.jca.ProviderConfig$ProviderLoader.load(ProviderConfig.java:317)
	at java.base/sun.security.jca.ProviderConfig.doLoadProvider(ProviderConfig.java:235)
	at java.base/sun.security.jca.ProviderConfig.getProvider(ProviderConfig.java:211)
	at java.base/sun.security.jca.ProviderList.getProvider(ProviderList.java:262)
	at java.base/sun.security.jca.ProviderList.getService(ProviderList.java:377)
	at java.base/sun.security.jca.GetInstance.getInstance(GetInstance.java:145)
	at java.base/java.security.Security.getImpl(Security.java:759)
	at java.base/java.security.AlgorithmParameters.getInstance(AlgorithmParameters.java:157)
	at java.base/sun.security.ssl.NamedGroup.<init>(NamedGroup.java:270)
	at java.base/sun.security.ssl.NamedGroup.<clinit>(NamedGroup.java:185)
	at java.base/sun.security.ssl.NamedGroup$SupportedGroups.<clinit>(NamedGroup.java:785)
	at java.base/sun.security.ssl.SSLConfiguration.<init>(SSLConfiguration.java:245)
	at java.base/sun.security.ssl.TransportContext.<init>(TransportContext.java:116)
	at java.base/sun.security.ssl.SSLSocketImpl.<init>(SSLSocketImpl.java:125)
	at java.base/sun.security.ssl.SSLSocketFactoryImpl.createSocket(SSLSocketFactoryImpl.java:72)
	at java.base/javax.net.ssl.SSLContextSpi.getDefaultSocket(SSLContextSpi.java:168)
	at java.base/javax.net.ssl.SSLContextSpi.engineGetDefaultSSLParameters(SSLContextSpi.java:193)
	at java.base/javax.net.ssl.SSLContext.getDefaultSSLParameters(SSLContext.java:457)
	at java.net.http/jdk.internal.net.http.HttpClientImpl.getDefaultParams(HttpClientImpl.java:614)
	at java.net.http/jdk.internal.net.http.HttpClientImpl.<init>(HttpClientImpl.java:471)
	at java.net.http/jdk.internal.net.http.HttpClientImpl.create(HttpClientImpl.java:420)
	at java.net.http/jdk.internal.net.http.HttpClientBuilderImpl.build(HttpClientBuilderImpl.java:142)
	at org.openqa.selenium.remote.http.jdk.JdkHttpClient.<init>(JdkHttpClient.java:156)
	at org.openqa.selenium.remote.http.jdk.JdkHttpClient$Factory.createClient(JdkHttpClient.java:548)
	at org.openqa.selenium.remote.HttpCommandExecutor.<init>(HttpCommandExecutor.java:117)
	at org.openqa.selenium.remote.HttpCommandExecutor.<init>(HttpCommandExecutor.java:93)
	at org.openqa.selenium.remote.service.DriverCommandExecutor.<init>(DriverCommandExecutor.java:87)
	at org.openqa.selenium.chromium.ChromiumDriverCommandExecutor.<init>(ChromiumDriverCommandExecutor.java:44)
	at org.openqa.selenium.chrome.ChromeDriver$ChromeDriverCommandExecutor.<init>(ChromeDriver.java:114)
	at org.openqa.selenium.chrome.ChromeDriver.generateExecutor(ChromeDriver.java:104)
	at org.openqa.selenium.chrome.ChromeDriver.<init>(ChromeDriver.java:88)
	at org.openqa.selenium.chrome.ChromeDriver.<init>(ChromeDriver.java:83)
	at org.openqa.selenium.chrome.ChromeDriver.<init>(ChromeDriver.java:51)
	at StepDefination.StepDef.setup1(StepDef.java:49)
	at java.base/jdk.internal.reflect.DirectMethodHandleAccessor.invoke(DirectMethodHandleAccessor.java:104)
	at java.base/java.lang.reflect.Method.invoke(Method.java:565)
	at io.cucumber.java.Invoker.doInvoke(Invoker.java:66)
	at io.cucumber.java.Invoker.invoke(Invoker.java:24)
	at io.cucumber.java.AbstractGlueDefinition.invokeMethod(AbstractGlueDefinition.java:47)
	at io.cucumber.java.JavaHookDefinition.execute(JavaHookDefinition.java:68)
	at io.cucumber.core.runner.CoreHookDefinition.execute(CoreHookDefinition.java:47)
	at io.cucumber.core.runner.HookDefinitionMatch.runStep(HookDefinitionMatch.java:21)
	at io.cucumber.core.runner.ExecutionMode$1.execute(ExecutionMode.java:10)
	at io.cucumber.core.runner.TestStep.executeStep(TestStep.java:81)
	at io.cucumber.core.runner.TestStep.run(TestStep.java:53)
	at io.cucumber.core.runner.TestCase.run(TestCase.java:80)
	at io.cucumber.core.runner.Runner.runPickle(Runner.java:77)
	at io.cucumber.junit.PickleRunners$NoStepDescriptions.lambda$run$0(PickleRunners.java:151)
	at io.cucumber.core.runtime.CucumberExecutionContext.lambda$runTestCase$5(CucumberExecutionContext.java:136)
	at io.cucumber.core.runtime.RethrowingThrowableCollector.executeAndThrow(RethrowingThrowableCollector.java:23)
	at io.cucumber.core.runtime.CucumberExecutionContext.runTestCase(CucumberExecutionContext.java:136)
	at io.cucumber.junit.PickleRunners$NoStepDescriptions.run(PickleRunners.java:148)
	at io.cucumber.junit.FeatureRunner.runChild(FeatureRunner.java:144)
	at io.cucumber.junit.FeatureRunner.runChild(FeatureRunner.java:28)
	at org.junit.runners.ParentRunner$4.run(ParentRunner.java:331)
	at org.junit.runners.ParentRunner$1.schedule(ParentRunner.java:79)
	at org.junit.runners.ParentRunner.runChildren(ParentRunner.java:329)
	at org.junit.runners.ParentRunner.access$100(ParentRunner.java:66)
	at org.junit.runners.ParentRunner$2.evaluate(ParentRunner.java:293)
	at org.junit.runners.ParentRunner$3.evaluate(ParentRunner.java:306)
	at org.junit.runners.ParentRunner.run(ParentRunner.java:413)
	at io.cucumber.junit.FeatureRunner.run(FeatureRunner.java:137)
	at io.cucumber.junit.Cucumber.runChild(Cucumber.java:196)
	at io.cucumber.junit.Cucumber.runChild(Cucumber.java:89)
	at org.junit.runners.ParentRunner$4.run(ParentRunner.java:331)
	at org.junit.runners.ParentRunner$1.schedule(ParentRunner.java:79)
	at org.junit.runners.ParentRunner.runChildren(ParentRunner.java:329)
	at org.junit.runners.ParentRunner.access$100(ParentRunner.java:66)
	at org.junit.runners.ParentRunner$2.evaluate(ParentRunner.java:293)
	at io.cucumber.core.runtime.CucumberExecutionContext.lambda$runFeatures$6(CucumberExecutionContext.java:147)
	at io.cucumber.core.runtime.CucumberExecutionContext.execute(CucumberExecutionContext.java:162)
	at io.cucumber.core.runtime.CucumberExecutionContext.runFeatures(CucumberExecutionContext.java:145)
	at io.cucumber.junit.Cucumber$StartAndFinishTestRun.evaluate(Cucumber.java:226)
	at org.junit.runners.ParentRunner$3.evaluate(ParentRunner.java:306)
	at org.junit.runners.ParentRunner.run(ParentRunner.java:413)
	at org.apache.maven.surefire.junit4.JUnit4Provider.execute(JUnit4Provider.java:316)
	at org.apache.maven.surefire.junit4.JUnit4Provider.executeWithRerun(JUnit4Provider.java:240)
	at org.apache.maven.surefire.junit4.JUnit4Provider.executeTestSet(JUnit4Provider.java:214)
	at org.apache.maven.surefire.junit4.JUnit4Provider.invoke(JUnit4Provider.java:155)
	at org.apache.maven.surefire.booter.ForkedBooter.runSuitesInProcess(ForkedBooter.java:385)
	at org.apache.maven.surefire.booter.ForkedBooter.execute(ForkedBooter.java:162)
	at org.apache.maven.surefire.booter.ForkedBooter.run(ForkedBooter.java:507)
	at org.apache.maven.surefire.booter.ForkedBooter.main(ForkedBooter.java:495)
Caused by: java.io.IOException: Error while instrumenting sun/security/pkcs11/SunPKCS11 with JaCoCo 0.8.11.202310140853/f33756c.
	at org.jacoco.agent.rt.internal_4742761.core.instr.Instrumenter.instrumentError(Instrumenter.java:161)
	at org.jacoco.agent.rt.internal_4742761.core.instr.Instrumenter.instrument(Instrumenter.java:111)
	at org.jacoco.agent.rt.internal_4742761.CoverageTransformer.transform(CoverageTransformer.java:92)
	... 98 more
Caused by: java.lang.IllegalArgumentException: Unsupported class file major version 68
	at org.jacoco.agent.rt.internal_4742761.asm.ClassReader.<init>(ClassReader.java:200)
	at org.jacoco.agent.rt.internal_4742761.asm.ClassReader.<init>(ClassReader.java:180)
	at org.jacoco.agent.rt.internal_4742761.asm.ClassReader.<init>(ClassReader.java:166)
	at org.jacoco.agent.rt.internal_4742761.core.internal.instr.InstrSupport.classReaderFor(InstrSupport.java:280)
	at org.jacoco.agent.rt.internal_4742761.core.instr.Instrumenter.instrument(Instrumenter.java:77)
	at org.jacoco.agent.rt.internal_4742761.core.instr.Instrumenter.instrument(Instrumenter.java:109)
	... 99 more
java.lang.instrument.IllegalClassFormatException: Error while instrumenting sun/security/pkcs11/wrapper/PKCS11Exception with JaCoCo 0.8.11.202310140853/f33756c.
	at org.jacoco.agent.rt.internal_4742761.CoverageTransformer.transform(CoverageTransformer.java:94)
	at java.instrument/java.lang.instrument.ClassFileTransformer.transform(ClassFileTransformer.java:257)
	at java.instrument/sun.instrument.TransformerManager.transform(TransformerManager.java:188)
	at java.instrument/sun.instrument.InstrumentationImpl.transform(InstrumentationImpl.java:594)
	at java.base/java.lang.ClassLoader.defineClass2(Native Method)
	at java.base/java.lang.ClassLoader.defineClass(ClassLoader.java:1052)
	at java.base/java.security.SecureClassLoader.defineClass(SecureClassLoader.java:164)
	at java.base/jdk.internal.loader.BuiltinClassLoader.defineClass(BuiltinClassLoader.java:735)
	at java.base/jdk.internal.loader.BuiltinClassLoader.findClassInModuleOrNull(BuiltinClassLoader.java:678)
	at java.base/jdk.internal.loader.BuiltinClassLoader.loadClassOrNull(BuiltinClassLoader.java:604)
	at java.base/jdk.internal.loader.BuiltinClassLoader.loadClass(BuiltinClassLoader.java:578)
	at java.base/java.lang.ClassLoader.loadClass(ClassLoader.java:490)
	at java.base/java.lang.Class.getDeclaredMethods0(Native Method)
	at java.base/java.lang.Class.privateGetDeclaredMethods(Class.java:3035)
	at java.base/java.lang.Class.getDeclaredPublicMethods(Class.java:2440)
	at java.base/java.lang.System$1.getDeclaredPublicMethods(System.java:1977)
	at java.base/java.util.ServiceLoader.findStaticProviderMethod(ServiceLoader.java:586)
	at java.base/java.util.ServiceLoader.loadProvider(ServiceLoader.java:770)
	at java.base/java.util.ServiceLoader$ModuleServicesLookupIterator.hasNext(ServiceLoader.java:955)
	at java.base/java.util.ServiceLoader$1.hasNext(ServiceLoader.java:1164)
	at java.base/java.util.ServiceLoader$2.hasNext(ServiceLoader.java:1246)
	at java.base/sun.security.jca.ProviderConfig$ProviderLoader.load(ProviderConfig.java:317)
	at java.base/sun.security.jca.ProviderConfig.doLoadProvider(ProviderConfig.java:235)
	at java.base/sun.security.jca.ProviderConfig.getProvider(ProviderConfig.java:211)
	at java.base/sun.security.jca.ProviderList.getProvider(ProviderList.java:262)
	at java.base/sun.security.jca.ProviderList.getService(ProviderList.java:377)
	at java.base/sun.security.jca.GetInstance.getInstance(GetInstance.java:145)
	at java.base/java.security.Security.getImpl(Security.java:759)
	at java.base/java.security.AlgorithmParameters.getInstance(AlgorithmParameters.java:157)
	at java.base/sun.security.ssl.NamedGroup.<init>(NamedGroup.java:270)
	at java.base/sun.security.ssl.NamedGroup.<clinit>(NamedGroup.java:185)
	at java.base/sun.security.ssl.NamedGroup$SupportedGroups.<clinit>(NamedGroup.java:785)
	at java.base/sun.security.ssl.SSLConfiguration.<init>(SSLConfiguration.java:245)
	at java.base/sun.security.ssl.TransportContext.<init>(TransportContext.java:116)
	at java.base/sun.security.ssl.SSLSocketImpl.<init>(SSLSocketImpl.java:125)
	at java.base/sun.security.ssl.SSLSocketFactoryImpl.createSocket(SSLSocketFactoryImpl.java:72)
	at java.base/javax.net.ssl.SSLContextSpi.getDefaultSocket(SSLContextSpi.java:168)
	at java.base/javax.net.ssl.SSLContextSpi.engineGetDefaultSSLParameters(SSLContextSpi.java:193)
	at java.base/javax.net.ssl.SSLContext.getDefaultSSLParameters(SSLContext.java:457)
	at java.net.http/jdk.internal.net.http.HttpClientImpl.getDefaultParams(HttpClientImpl.java:614)
	at java.net.http/jdk.internal.net.http.HttpClientImpl.<init>(HttpClientImpl.java:471)
	at java.net.http/jdk.internal.net.http.HttpClientImpl.create(HttpClientImpl.java:420)
	at java.net.http/jdk.internal.net.http.HttpClientBuilderImpl.build(HttpClientBuilderImpl.java:142)
	at org.openqa.selenium.remote.http.jdk.JdkHttpClient.<init>(JdkHttpClient.java:156)
	at org.openqa.selenium.remote.http.jdk.JdkHttpClient$Factory.createClient(JdkHttpClient.java:548)
	at org.openqa.selenium.remote.HttpCommandExecutor.<init>(HttpCommandExecutor.java:117)
	at org.openqa.selenium.remote.HttpCommandExecutor.<init>(HttpCommandExecutor.java:93)
	at org.openqa.selenium.remote.service.DriverCommandExecutor.<init>(DriverCommandExecutor.java:87)
	at org.openqa.selenium.chromium.ChromiumDriverCommandExecutor.<init>(ChromiumDriverCommandExecutor.java:44)
	at org.openqa.selenium.chrome.ChromeDriver$ChromeDriverCommandExecutor.<init>(ChromeDriver.java:114)
	at org.openqa.selenium.chrome.ChromeDriver.generateExecutor(ChromeDriver.java:104)
	at org.openqa.selenium.chrome.ChromeDriver.<init>(ChromeDriver.java:88)
	at org.openqa.selenium.chrome.ChromeDriver.<init>(ChromeDriver.java:83)
	at org.openqa.selenium.chrome.ChromeDriver.<init>(ChromeDriver.java:51)
	at StepDefination.StepDef.setup1(StepDef.java:49)
	at java.base/jdk.internal.reflect.DirectMethodHandleAccessor.invoke(DirectMethodHandleAccessor.java:104)
	at java.base/java.lang.reflect.Method.invoke(Method.java:565)
	at io.cucumber.java.Invoker.doInvoke(Invoker.java:66)
	at io.cucumber.java.Invoker.invoke(Invoker.java:24)
	at io.cucumber.java.AbstractGlueDefinition.invokeMethod(AbstractGlueDefinition.java:47)
	at io.cucumber.java.JavaHookDefinition.execute(JavaHookDefinition.java:68)
	at io.cucumber.core.runner.CoreHookDefinition.execute(CoreHookDefinition.java:47)
	at io.cucumber.core.runner.HookDefinitionMatch.runStep(HookDefinitionMatch.java:21)
	at io.cucumber.core.runner.ExecutionMode$1.execute(ExecutionMode.java:10)
	at io.cucumber.core.runner.TestStep.executeStep(TestStep.java:81)
	at io.cucumber.core.runner.TestStep.run(TestStep.java:53)
	at io.cucumber.core.runner.TestCase.run(TestCase.java:80)
	at io.cucumber.core.runner.Runner.runPickle(Runner.java:77)
	at io.cucumber.junit.PickleRunners$NoStepDescriptions.lambda$run$0(PickleRunners.java:151)
	at io.cucumber.core.runtime.CucumberExecutionContext.lambda$runTestCase$5(CucumberExecutionContext.java:136)
	at io.cucumber.core.runtime.RethrowingThrowableCollector.executeAndThrow(RethrowingThrowableCollector.java:23)
	at io.cucumber.core.runtime.CucumberExecutionContext.runTestCase(CucumberExecutionContext.java:136)
	at io.cucumber.junit.PickleRunners$NoStepDescriptions.run(PickleRunners.java:148)
	at io.cucumber.junit.FeatureRunner.runChild(FeatureRunner.java:144)
	at io.cucumber.junit.FeatureRunner.runChild(FeatureRunner.java:28)
	at org.junit.runners.ParentRunner$4.run(ParentRunner.java:331)
	at org.junit.runners.ParentRunner$1.schedule(ParentRunner.java:79)
	at org.junit.runners.ParentRunner.runChildren(ParentRunner.java:329)
	at org.junit.runners.ParentRunner.access$100(ParentRunner.java:66)
	at org.junit.runners.ParentRunner$2.evaluate(ParentRunner.java:293)
	at org.junit.runners.ParentRunner$3.evaluate(ParentRunner.java:306)
	at org.junit.runners.ParentRunner.run(ParentRunner.java:413)
	at io.cucumber.junit.FeatureRunner.run(FeatureRunner.java:137)
	at io.cucumber.junit.Cucumber.runChild(Cucumber.java:196)
	at io.cucumber.junit.Cucumber.runChild(Cucumber.java:89)
	at org.junit.runners.ParentRunner$4.run(ParentRunner.java:331)
	at org.junit.runners.ParentRunner$1.schedule(ParentRunner.java:79)
	at org.junit.runners.ParentRunner.runChildren(ParentRunner.java:329)
	at org.junit.runners.ParentRunner.access$100(ParentRunner.java:66)
	at org.junit.runners.ParentRunner$2.evaluate(ParentRunner.java:293)
	at io.cucumber.core.runtime.CucumberExecutionContext.lambda$runFeatures$6(CucumberExecutionContext.java:147)
	at io.cucumber.core.runtime.CucumberExecutionContext.execute(CucumberExecutionContext.java:162)
	at io.cucumber.core.runtime.CucumberExecutionContext.runFeatures(CucumberExecutionContext.java:145)
	at io.cucumber.junit.Cucumber$StartAndFinishTestRun.evaluate(Cucumber.java:226)
	at org.junit.runners.ParentRunner$3.evaluate(ParentRunner.java:306)
	at org.junit.runners.ParentRunner.run(ParentRunner.java:413)
	at org.apache.maven.surefire.junit4.JUnit4Provider.execute(JUnit4Provider.java:316)
	at org.apache.maven.surefire.junit4.JUnit4Provider.executeWithRerun(JUnit4Provider.java:240)
	at org.apache.maven.surefire.junit4.JUnit4Provider.executeTestSet(JUnit4Provider.java:214)
	at org.apache.maven.surefire.junit4.JUnit4Provider.invoke(JUnit4Provider.java:155)
	at org.apache.maven.surefire.booter.ForkedBooter.runSuitesInProcess(ForkedBooter.java:385)
	at org.apache.maven.surefire.booter.ForkedBooter.execute(ForkedBooter.java:162)
	at org.apache.maven.surefire.booter.ForkedBooter.run(ForkedBooter.java:507)
	at org.apache.maven.surefire.booter.ForkedBooter.main(ForkedBooter.java:495)
Caused by: java.io.IOException: Error while instrumenting sun/security/pkcs11/wrapper/PKCS11Exception with JaCoCo 0.8.11.202310140853/f33756c.
	at org.jacoco.agent.rt.internal_4742761.core.instr.Instrumenter.instrumentError(Instrumenter.java:161)
	at org.jacoco.agent.rt.internal_4742761.core.instr.Instrumenter.instrument(Instrumenter.java:111)
	at org.jacoco.agent.rt.internal_4742761.CoverageTransformer.transform(CoverageTransformer.java:92)
	... 103 more
Caused by: java.lang.IllegalArgumentException: Unsupported class file major version 68
	at org.jacoco.agent.rt.internal_4742761.asm.ClassReader.<init>(ClassReader.java:200)
	at org.jacoco.agent.rt.internal_4742761.asm.ClassReader.<init>(ClassReader.java:180)
	at org.jacoco.agent.rt.internal_4742761.asm.ClassReader.<init>(ClassReader.java:166)
	at org.jacoco.agent.rt.internal_4742761.core.internal.instr.InstrSupport.classReaderFor(InstrSupport.java:280)
	at org.jacoco.agent.rt.internal_4742761.core.instr.Instrumenter.instrument(Instrumenter.java:77)
	at org.jacoco.agent.rt.internal_4742761.core.instr.Instrumenter.instrument(Instrumenter.java:109)
	... 104 more
java.lang.instrument.IllegalClassFormatException: Error while instrumenting sun/security/pkcs11/SunPKCS11$P11Service with JaCoCo 0.8.11.202310140853/f33756c.
	at org.jacoco.agent.rt.internal_4742761.CoverageTransformer.transform(CoverageTransformer.java:94)
	at java.instrument/java.lang.instrument.ClassFileTransformer.transform(ClassFileTransformer.java:257)
	at java.instrument/sun.instrument.TransformerManager.transform(TransformerManager.java:188)
	at java.instrument/sun.instrument.InstrumentationImpl.transform(InstrumentationImpl.java:594)
	at java.base/java.lang.ClassLoader.defineClass2(Native Method)
	at java.base/java.lang.ClassLoader.defineClass(ClassLoader.java:1052)
	at java.base/java.security.SecureClassLoader.defineClass(SecureClassLoader.java:164)
	at java.base/jdk.internal.loader.BuiltinClassLoader.defineClass(BuiltinClassLoader.java:735)
	at java.base/jdk.internal.loader.BuiltinClassLoader.findClassInModuleOrNull(BuiltinClassLoader.java:678)
	at java.base/jdk.internal.loader.BuiltinClassLoader.loadClassOrNull(BuiltinClassLoader.java:604)
	at java.base/jdk.internal.loader.BuiltinClassLoader.loadClass(BuiltinClassLoader.java:578)
	at java.base/java.lang.ClassLoader.loadClass(ClassLoader.java:490)
	at java.base/java.lang.Class.getDeclaredMethods0(Native Method)
	at java.base/java.lang.Class.privateGetDeclaredMethods(Class.java:3035)
	at java.base/java.lang.Class.getDeclaredPublicMethods(Class.java:2440)
	at java.base/java.lang.System$1.getDeclaredPublicMethods(System.java:1977)
	at java.base/java.util.ServiceLoader.findStaticProviderMethod(ServiceLoader.java:586)
	at java.base/java.util.ServiceLoader.loadProvider(ServiceLoader.java:770)
	at java.base/java.util.ServiceLoader$ModuleServicesLookupIterator.hasNext(ServiceLoader.java:955)
	at java.base/java.util.ServiceLoader$1.hasNext(ServiceLoader.java:1164)
	at java.base/java.util.ServiceLoader$2.hasNext(ServiceLoader.java:1246)
	at java.base/sun.security.jca.ProviderConfig$ProviderLoader.load(ProviderConfig.java:317)
	at java.base/sun.security.jca.ProviderConfig.doLoadProvider(ProviderConfig.java:235)
	at java.base/sun.security.jca.ProviderConfig.getProvider(ProviderConfig.java:211)
	at java.base/sun.security.jca.ProviderList.getProvider(ProviderList.java:262)
	at java.base/sun.security.jca.ProviderList.getService(ProviderList.java:377)
	at java.base/sun.security.jca.GetInstance.getInstance(GetInstance.java:145)
	at java.base/java.security.Security.getImpl(Security.java:759)
	at java.base/java.security.AlgorithmParameters.getInstance(AlgorithmParameters.java:157)
	at java.base/sun.security.ssl.NamedGroup.<init>(NamedGroup.java:270)
	at java.base/sun.security.ssl.NamedGroup.<clinit>(NamedGroup.java:185)
	at java.base/sun.security.ssl.NamedGroup$SupportedGroups.<clinit>(NamedGroup.java:785)
	at java.base/sun.security.ssl.SSLConfiguration.<init>(SSLConfiguration.java:245)
	at java.base/sun.security.ssl.TransportContext.<init>(TransportContext.java:116)
	at java.base/sun.security.ssl.SSLSocketImpl.<init>(SSLSocketImpl.java:125)
	at java.base/sun.security.ssl.SSLSocketFactoryImpl.createSocket(SSLSocketFactoryImpl.java:72)
	at java.base/javax.net.ssl.SSLContextSpi.getDefaultSocket(SSLContextSpi.java:168)
	at java.base/javax.net.ssl.SSLContextSpi.engineGetDefaultSSLParameters(SSLContextSpi.java:193)
	at java.base/javax.net.ssl.SSLContext.getDefaultSSLParameters(SSLContext.java:457)
	at java.net.http/jdk.internal.net.http.HttpClientImpl.getDefaultParams(HttpClientImpl.java:614)
	at java.net.http/jdk.internal.net.http.HttpClientImpl.<init>(HttpClientImpl.java:471)
	at java.net.http/jdk.internal.net.http.HttpClientImpl.create(HttpClientImpl.java:420)
	at java.net.http/jdk.internal.net.http.HttpClientBuilderImpl.build(HttpClientBuilderImpl.java:142)
	at org.openqa.selenium.remote.http.jdk.JdkHttpClient.<init>(JdkHttpClient.java:156)
	at org.openqa.selenium.remote.http.jdk.JdkHttpClient$Factory.createClient(JdkHttpClient.java:548)
	at org.openqa.selenium.remote.HttpCommandExecutor.<init>(HttpCommandExecutor.java:117)
	at org.openqa.selenium.remote.HttpCommandExecutor.<init>(HttpCommandExecutor.java:93)
	at org.openqa.selenium.remote.service.DriverCommandExecutor.<init>(DriverCommandExecutor.java:87)
	at org.openqa.selenium.chromium.ChromiumDriverCommandExecutor.<init>(ChromiumDriverCommandExecutor.java:44)
	at org.openqa.selenium.chrome.ChromeDriver$ChromeDriverCommandExecutor.<init>(ChromeDriver.java:114)
	at org.openqa.selenium.chrome.ChromeDriver.generateExecutor(ChromeDriver.java:104)
	at org.openqa.selenium.chrome.ChromeDriver.<init>(ChromeDriver.java:88)
	at org.openqa.selenium.chrome.ChromeDriver.<init>(ChromeDriver.java:83)
	at org.openqa.selenium.chrome.ChromeDriver.<init>(ChromeDriver.java:51)
	at StepDefination.StepDef.setup1(StepDef.java:49)
	at java.base/jdk.internal.reflect.DirectMethodHandleAccessor.invoke(DirectMethodHandleAccessor.java:104)
	at java.base/java.lang.reflect.Method.invoke(Method.java:565)
	at io.cucumber.java.Invoker.doInvoke(Invoker.java:66)
	at io.cucumber.java.Invoker.invoke(Invoker.java:24)
	at io.cucumber.java.AbstractGlueDefinition.invokeMethod(AbstractGlueDefinition.java:47)
	at io.cucumber.java.JavaHookDefinition.execute(JavaHookDefinition.java:68)
	at io.cucumber.core.runner.CoreHookDefinition.execute(CoreHookDefinition.java:47)
	at io.cucumber.core.runner.HookDefinitionMatch.runStep(HookDefinitionMatch.java:21)
	at io.cucumber.core.runner.ExecutionMode$1.execute(ExecutionMode.java:10)
	at io.cucumber.core.runner.TestStep.executeStep(TestStep.java:81)
	at io.cucumber.core.runner.TestStep.run(TestStep.java:53)
	at io.cucumber.core.runner.TestCase.run(TestCase.java:80)
	at io.cucumber.core.runner.Runner.runPickle(Runner.java:77)
	at io.cucumber.junit.PickleRunners$NoStepDescriptions.lambda$run$0(PickleRunners.java:151)
	at io.cucumber.core.runtime.CucumberExecutionContext.lambda$runTestCase$5(CucumberExecutionContext.java:136)
	at io.cucumber.core.runtime.RethrowingThrowableCollector.executeAndThrow(RethrowingThrowableCollector.java:23)
	at io.cucumber.core.runtime.CucumberExecutionContext.runTestCase(CucumberExecutionContext.java:136)
	at io.cucumber.junit.PickleRunners$NoStepDescriptions.run(PickleRunners.java:148)
	at io.cucumber.junit.FeatureRunner.runChild(FeatureRunner.java:144)
	at io.cucumber.junit.FeatureRunner.runChild(FeatureRunner.java:28)
	at org.junit.runners.ParentRunner$4.run(ParentRunner.java:331)
	at org.junit.runners.ParentRunner$1.schedule(ParentRunner.java:79)
	at org.junit.runners.ParentRunner.runChildren(ParentRunner.java:329)
	at org.junit.runners.ParentRunner.access$100(ParentRunner.java:66)
	at org.junit.runners.ParentRunner$2.evaluate(ParentRunner.java:293)
	at org.junit.runners.ParentRunner$3.evaluate(ParentRunner.java:306)
	at org.junit.runners.ParentRunner.run(ParentRunner.java:413)
	at io.cucumber.junit.FeatureRunner.run(FeatureRunner.java:137)
	at io.cucumber.junit.Cucumber.runChild(Cucumber.java:196)
	at io.cucumber.junit.Cucumber.runChild(Cucumber.java:89)
	at org.junit.runners.ParentRunner$4.run(ParentRunner.java:331)
	at org.junit.runners.ParentRunner$1.schedule(ParentRunner.java:79)
	at org.junit.runners.ParentRunner.runChildren(ParentRunner.java:329)
	at org.junit.runners.ParentRunner.access$100(ParentRunner.java:66)
	at org.junit.runners.ParentRunner$2.evaluate(ParentRunner.java:293)
	at io.cucumber.core.runtime.CucumberExecutionContext.lambda$runFeatures$6(CucumberExecutionContext.java:147)
	at io.cucumber.core.runtime.CucumberExecutionContext.execute(CucumberExecutionContext.java:162)
	at io.cucumber.core.runtime.CucumberExecutionContext.runFeatures(CucumberExecutionContext.java:145)
	at io.cucumber.junit.Cucumber$StartAndFinishTestRun.evaluate(Cucumber.java:226)
	at org.junit.runners.ParentRunner$3.evaluate(ParentRunner.java:306)
	at org.junit.runners.ParentRunner.run(ParentRunner.java:413)
	at org.apache.maven.surefire.junit4.JUnit4Provider.execute(JUnit4Provider.java:316)
	at org.apache.maven.surefire.junit4.JUnit4Provider.executeWithRerun(JUnit4Provider.java:240)
	at org.apache.maven.surefire.junit4.JUnit4Provider.executeTestSet(JUnit4Provider.java:214)
	at org.apache.maven.surefire.junit4.JUnit4Provider.invoke(JUnit4Provider.java:155)
	at org.apache.maven.surefire.booter.ForkedBooter.runSuitesInProcess(ForkedBooter.java:385)
	at org.apache.maven.surefire.booter.ForkedBooter.execute(ForkedBooter.java:162)
	at org.apache.maven.surefire.booter.ForkedBooter.run(ForkedBooter.java:507)
	at org.apache.maven.surefire.booter.ForkedBooter.main(ForkedBooter.java:495)
Caused by: java.io.IOException: Error while instrumenting sun/security/pkcs11/SunPKCS11$P11Service with JaCoCo 0.8.11.202310140853/f33756c.
	at org.jacoco.agent.rt.internal_4742761.core.instr.Instrumenter.instrumentError(Instrumenter.java:161)
	at org.jacoco.agent.rt.internal_4742761.core.instr.Instrumenter.instrument(Instrumenter.java:111)
	at org.jacoco.agent.rt.internal_4742761.CoverageTransformer.transform(CoverageTransformer.java:92)
	... 103 more
Caused by: java.lang.IllegalArgumentException: Unsupported class file major version 68
	at org.jacoco.agent.rt.internal_4742761.asm.ClassReader.<init>(ClassReader.java:200)
	at org.jacoco.agent.rt.internal_4742761.asm.ClassReader.<init>(ClassReader.java:180)
	at org.jacoco.agent.rt.internal_4742761.asm.ClassReader.<init>(ClassReader.java:166)
	at org.jacoco.agent.rt.internal_4742761.core.internal.instr.InstrSupport.classReaderFor(InstrSupport.java:280)
	at org.jacoco.agent.rt.internal_4742761.core.instr.Instrumenter.instrument(Instrumenter.java:77)
	at org.jacoco.agent.rt.internal_4742761.core.instr.Instrumenter.instrument(Instrumenter.java:109)
	... 104 more
java.lang.instrument.IllegalClassFormatException: Error while instrumenting sun/security/pkcs11/SunPKCS11$Descriptor with JaCoCo 0.8.11.202310140853/f33756c.
	at org.jacoco.agent.rt.internal_4742761.CoverageTransformer.transform(CoverageTransformer.java:94)
	at java.instrument/java.lang.instrument.ClassFileTransformer.transform(ClassFileTransformer.java:257)
	at java.instrument/sun.instrument.TransformerManager.transform(TransformerManager.java:188)
	at java.instrument/sun.instrument.InstrumentationImpl.transform(InstrumentationImpl.java:594)
	at java.base/java.lang.ClassLoader.defineClass2(Native Method)
	at java.base/java.lang.ClassLoader.defineClass(ClassLoader.java:1052)
	at java.base/java.security.SecureClassLoader.defineClass(SecureClassLoader.java:164)
	at java.base/jdk.internal.loader.BuiltinClassLoader.defineClass(BuiltinClassLoader.java:735)
	at java.base/jdk.internal.loader.BuiltinClassLoader.findClassInModuleOrNull(BuiltinClassLoader.java:678)
	at java.base/jdk.internal.loader.BuiltinClassLoader.loadClassOrNull(BuiltinClassLoader.java:604)
	at java.base/jdk.internal.loader.BuiltinClassLoader.loadClass(BuiltinClassLoader.java:578)
	at java.base/java.lang.ClassLoader.loadClass(ClassLoader.java:490)
	at jdk.crypto.cryptoki/sun.security.pkcs11.SunPKCS11.d(SunPKCS11.java:470)
	at jdk.crypto.cryptoki/sun.security.pkcs11.SunPKCS11.<clinit>(SunPKCS11.java:552)
	at java.base/jdk.internal.misc.Unsafe.ensureClassInitialized0(Native Method)
	at java.base/jdk.internal.misc.Unsafe.ensureClassInitialized(Unsafe.java:1166)
	at java.base/jdk.internal.reflect.MethodHandleAccessorFactory.ensureClassInitialized(MethodHandleAccessorFactory.java:341)
	at java.base/jdk.internal.reflect.MethodHandleAccessorFactory.newConstructorAccessor(MethodHandleAccessorFactory.java:104)
	at java.base/jdk.internal.reflect.ReflectionFactory.newConstructorAccessor(ReflectionFactory.java:143)
	at java.base/java.lang.reflect.Constructor.acquireConstructorAccessor(Constructor.java:546)
	at java.base/java.lang.reflect.Constructor.newInstanceWithCaller(Constructor.java:496)
	at java.base/java.lang.reflect.Constructor.newInstance(Constructor.java:483)
	at java.base/java.util.ServiceLoader$ProviderImpl.newInstance(ServiceLoader.java:707)
	at java.base/java.util.ServiceLoader$ProviderImpl.get(ServiceLoader.java:672)
	at java.base/java.util.ServiceLoader$2.next(ServiceLoader.java:1256)
	at java.base/sun.security.jca.ProviderConfig$ProviderLoader.load(ProviderConfig.java:319)
	at java.base/sun.security.jca.ProviderConfig.doLoadProvider(ProviderConfig.java:235)
	at java.base/sun.security.jca.ProviderConfig.getProvider(ProviderConfig.java:211)
	at java.base/sun.security.jca.ProviderList.getProvider(ProviderList.java:262)
	at java.base/sun.security.jca.ProviderList.getService(ProviderList.java:377)
	at java.base/sun.security.jca.GetInstance.getInstance(GetInstance.java:145)
	at java.base/java.security.Security.getImpl(Security.java:759)
	at java.base/java.security.AlgorithmParameters.getInstance(AlgorithmParameters.java:157)
	at java.base/sun.security.ssl.NamedGroup.<init>(NamedGroup.java:270)
	at java.base/sun.security.ssl.NamedGroup.<clinit>(NamedGroup.java:185)
	at java.base/sun.security.ssl.NamedGroup$SupportedGroups.<clinit>(NamedGroup.java:785)
	at java.base/sun.security.ssl.SSLConfiguration.<init>(SSLConfiguration.java:245)
	at java.base/sun.security.ssl.TransportContext.<init>(TransportContext.java:116)
	at java.base/sun.security.ssl.SSLSocketImpl.<init>(SSLSocketImpl.java:125)
	at java.base/sun.security.ssl.SSLSocketFactoryImpl.createSocket(SSLSocketFactoryImpl.java:72)
	at java.base/javax.net.ssl.SSLContextSpi.getDefaultSocket(SSLContextSpi.java:168)
	at java.base/javax.net.ssl.SSLContextSpi.engineGetDefaultSSLParameters(SSLContextSpi.java:193)
	at java.base/javax.net.ssl.SSLContext.getDefaultSSLParameters(SSLContext.java:457)
	at java.net.http/jdk.internal.net.http.HttpClientImpl.getDefaultParams(HttpClientImpl.java:614)
	at java.net.http/jdk.internal.net.http.HttpClientImpl.<init>(HttpClientImpl.java:471)
	at java.net.http/jdk.internal.net.http.HttpClientImpl.create(HttpClientImpl.java:420)
	at java.net.http/jdk.internal.net.http.HttpClientBuilderImpl.build(HttpClientBuilderImpl.java:142)
	at org.openqa.selenium.remote.http.jdk.JdkHttpClient.<init>(JdkHttpClient.java:156)
	at org.openqa.selenium.remote.http.jdk.JdkHttpClient$Factory.createClient(JdkHttpClient.java:548)
	at org.openqa.selenium.remote.HttpCommandExecutor.<init>(HttpCommandExecutor.java:117)
	at org.openqa.selenium.remote.HttpCommandExecutor.<init>(HttpCommandExecutor.java:93)
	at org.openqa.selenium.remote.service.DriverCommandExecutor.<init>(DriverCommandExecutor.java:87)
	at org.openqa.selenium.chromium.ChromiumDriverCommandExecutor.<init>(ChromiumDriverCommandExecutor.java:44)
	at org.openqa.selenium.chrome.ChromeDriver$ChromeDriverCommandExecutor.<init>(ChromeDriver.java:114)
	at org.openqa.selenium.chrome.ChromeDriver.generateExecutor(ChromeDriver.java:104)
	at org.openqa.selenium.chrome.ChromeDriver.<init>(ChromeDriver.java:88)
	at org.openqa.selenium.chrome.ChromeDriver.<init>(ChromeDriver.java:83)
	at org.openqa.selenium.chrome.ChromeDriver.<init>(ChromeDriver.java:51)
	at StepDefination.StepDef.setup1(StepDef.java:49)
	at java.base/jdk.internal.reflect.DirectMethodHandleAccessor.invoke(DirectMethodHandleAccessor.java:104)
	at java.base/java.lang.reflect.Method.invoke(Method.java:565)
	at io.cucumber.java.Invoker.doInvoke(Invoker.java:66)
	at io.cucumber.java.Invoker.invoke(Invoker.java:24)
	at io.cucumber.java.AbstractGlueDefinition.invokeMethod(AbstractGlueDefinition.java:47)
	at io.cucumber.java.JavaHookDefinition.execute(JavaHookDefinition.java:68)
	at io.cucumber.core.runner.CoreHookDefinition.execute(CoreHookDefinition.java:47)
	at io.cucumber.core.runner.HookDefinitionMatch.runStep(HookDefinitionMatch.java:21)
	at io.cucumber.core.runner.ExecutionMode$1.execute(ExecutionMode.java:10)
	at io.cucumber.core.runner.TestStep.executeStep(TestStep.java:81)
	at io.cucumber.core.runner.TestStep.run(TestStep.java:53)
	at io.cucumber.core.runner.TestCase.run(TestCase.java:80)
	at io.cucumber.core.runner.Runner.runPickle(Runner.java:77)
	at io.cucumber.junit.PickleRunners$NoStepDescriptions.lambda$run$0(PickleRunners.java:151)
	at io.cucumber.core.runtime.CucumberExecutionContext.lambda$runTestCase$5(CucumberExecutionContext.java:136)
	at io.cucumber.core.runtime.RethrowingThrowableCollector.executeAndThrow(RethrowingThrowableCollector.java:23)
	at io.cucumber.core.runtime.CucumberExecutionContext.runTestCase(CucumberExecutionContext.java:136)
	at io.cucumber.junit.PickleRunners$NoStepDescriptions.run(PickleRunners.java:148)
	at io.cucumber.junit.FeatureRunner.runChild(FeatureRunner.java:144)
	at io.cucumber.junit.FeatureRunner.runChild(FeatureRunner.java:28)
	at org.junit.runners.ParentRunner$4.run(ParentRunner.java:331)
	at org.junit.runners.ParentRunner$1.schedule(ParentRunner.java:79)
	at org.junit.runners.ParentRunner.runChildren(ParentRunner.java:329)
	at org.junit.runners.ParentRunner.access$100(ParentRunner.java:66)
	at org.junit.runners.ParentRunner$2.evaluate(ParentRunner.java:293)
	at org.junit.runners.ParentRunner$3.evaluate(ParentRunner.java:306)
	at org.junit.runners.ParentRunner.run(ParentRunner.java:413)
	at io.cucumber.junit.FeatureRunner.run(FeatureRunner.java:137)
	at io.cucumber.junit.Cucumber.runChild(Cucumber.java:196)
	at io.cucumber.junit.Cucumber.runChild(Cucumber.java:89)
	at org.junit.runners.ParentRunner$4.run(ParentRunner.java:331)
	at org.junit.runners.ParentRunner$1.schedule(ParentRunner.java:79)
	at org.junit.runners.ParentRunner.runChildren(ParentRunner.java:329)
	at org.junit.runners.ParentRunner.access$100(ParentRunner.java:66)
	at org.junit.runners.ParentRunner$2.evaluate(ParentRunner.java:293)
	at io.cucumber.core.runtime.CucumberExecutionContext.lambda$runFeatures$6(CucumberExecutionContext.java:147)
	at io.cucumber.core.runtime.CucumberExecutionContext.execute(CucumberExecutionContext.java:162)
	at io.cucumber.core.runtime.CucumberExecutionContext.runFeatures(CucumberExecutionContext.java:145)
	at io.cucumber.junit.Cucumber$StartAndFinishTestRun.evaluate(Cucumber.java:226)
	at org.junit.runners.ParentRunner$3.evaluate(ParentRunner.java:306)
	at org.junit.runners.ParentRunner.run(ParentRunner.java:413)
	at org.apache.maven.surefire.junit4.JUnit4Provider.execute(JUnit4Provider.java:316)
	at org.apache.maven.surefire.junit4.JUnit4Provider.executeWithRerun(JUnit4Provider.java:240)
	at org.apache.maven.surefire.junit4.JUnit4Provider.executeTestSet(JUnit4Provider.java:214)
	at org.apache.maven.surefire.junit4.JUnit4Provider.invoke(JUnit4Provider.java:155)
	at org.apache.maven.surefire.booter.ForkedBooter.runSuitesInProcess(ForkedBooter.java:385)
	at org.apache.maven.surefire.booter.ForkedBooter.execute(ForkedBooter.java:162)
	at org.apache.maven.surefire.booter.ForkedBooter.run(ForkedBooter.java:507)
	at org.apache.maven.surefire.booter.ForkedBooter.main(ForkedBooter.java:495)
Caused by: java.io.IOException: Error while instrumenting sun/security/pkcs11/SunPKCS11$Descriptor with JaCoCo 0.8.11.202310140853/f33756c.
	at org.jacoco.agent.rt.internal_4742761.core.instr.Instrumenter.instrumentError(Instrumenter.java:161)
	at org.jacoco.agent.rt.internal_4742761.core.instr.Instrumenter.instrument(Instrumenter.java:111)
	at org.jacoco.agent.rt.internal_4742761.CoverageTransformer.transform(CoverageTransformer.java:92)
	... 107 more
Caused by: java.lang.IllegalArgumentException: Unsupported class file major version 68
	at org.jacoco.agent.rt.internal_4742761.asm.ClassReader.<init>(ClassReader.java:200)
	at org.jacoco.agent.rt.internal_4742761.asm.ClassReader.<init>(ClassReader.java:180)
	at org.jacoco.agent.rt.internal_4742761.asm.ClassReader.<init>(ClassReader.java:166)
	at org.jacoco.agent.rt.internal_4742761.core.internal.instr.InstrSupport.classReaderFor(InstrSupport.java:280)
	at org.jacoco.agent.rt.internal_4742761.core.instr.Instrumenter.instrument(Instrumenter.java:77)
	at org.jacoco.agent.rt.internal_4742761.core.instr.Instrumenter.instrument(Instrumenter.java:109)
	... 108 more
java.lang.instrument.IllegalClassFormatException: Error while instrumenting com/sun/security/sasl/gsskerb/JdkSASL with JaCoCo 0.8.11.202310140853/f33756c.
	at org.jacoco.agent.rt.internal_4742761.CoverageTransformer.transform(CoverageTransformer.java:94)
	at java.instrument/java.lang.instrument.ClassFileTransformer.transform(ClassFileTransformer.java:257)
	at java.instrument/sun.instrument.TransformerManager.transform(TransformerManager.java:188)
	at java.instrument/sun.instrument.InstrumentationImpl.transform(InstrumentationImpl.java:594)
	at java.base/java.lang.ClassLoader.defineClass2(Native Method)
	at java.base/java.lang.ClassLoader.defineClass(ClassLoader.java:1052)
	at java.base/java.security.SecureClassLoader.defineClass(SecureClassLoader.java:164)
	at java.base/jdk.internal.loader.BuiltinClassLoader.defineClass(BuiltinClassLoader.java:735)
	at java.base/jdk.internal.loader.BuiltinClassLoader.findClassInModuleOrNull(BuiltinClassLoader.java:678)
	at java.base/jdk.internal.loader.BuiltinClassLoader.findClass(BuiltinClassLoader.java:560)
	at java.base/java.lang.ClassLoader.loadClass(ClassLoader.java:602)
	at java.base/java.lang.Class.forName(Class.java:595)
	at java.base/java.util.ServiceLoader.loadProvider(ServiceLoader.java:755)
	at java.base/java.util.ServiceLoader$ModuleServicesLookupIterator.hasNext(ServiceLoader.java:955)
	at java.base/java.util.ServiceLoader$1.hasNext(ServiceLoader.java:1164)
	at java.base/java.util.ServiceLoader$2.hasNext(ServiceLoader.java:1246)
	at java.base/sun.security.jca.ProviderConfig$ProviderLoader.load(ProviderConfig.java:317)
	at java.base/sun.security.jca.ProviderConfig.doLoadProvider(ProviderConfig.java:235)
	at java.base/sun.security.jca.ProviderConfig.getProvider(ProviderConfig.java:211)
	at java.base/sun.security.jca.ProviderList.getProvider(ProviderList.java:262)
	at java.base/sun.security.jca.ProviderList.getService(ProviderList.java:377)
	at java.base/sun.security.jca.GetInstance.getInstance(GetInstance.java:145)
	at java.base/java.security.Security.getImpl(Security.java:759)
	at java.base/java.security.AlgorithmParameters.getInstance(AlgorithmParameters.java:157)
	at java.base/sun.security.ssl.NamedGroup.<init>(NamedGroup.java:270)
	at java.base/sun.security.ssl.NamedGroup.<clinit>(NamedGroup.java:185)
	at java.base/sun.security.ssl.NamedGroup$SupportedGroups.<clinit>(NamedGroup.java:785)
	at java.base/sun.security.ssl.SSLConfiguration.<init>(SSLConfiguration.java:245)
	at java.base/sun.security.ssl.TransportContext.<init>(TransportContext.java:116)
	at java.base/sun.security.ssl.SSLSocketImpl.<init>(SSLSocketImpl.java:125)
	at java.base/sun.security.ssl.SSLSocketFactoryImpl.createSocket(SSLSocketFactoryImpl.java:72)
	at java.base/javax.net.ssl.SSLContextSpi.getDefaultSocket(SSLContextSpi.java:168)
	at java.base/javax.net.ssl.SSLContextSpi.engineGetDefaultSSLParameters(SSLContextSpi.java:193)
	at java.base/javax.net.ssl.SSLContext.getDefaultSSLParameters(SSLContext.java:457)
	at java.net.http/jdk.internal.net.http.HttpClientImpl.getDefaultParams(HttpClientImpl.java:614)
	at java.net.http/jdk.internal.net.http.HttpClientImpl.<init>(HttpClientImpl.java:471)
	at java.net.http/jdk.internal.net.http.HttpClientImpl.create(HttpClientImpl.java:420)
	at java.net.http/jdk.internal.net.http.HttpClientBuilderImpl.build(HttpClientBuilderImpl.java:142)
	at org.openqa.selenium.remote.http.jdk.JdkHttpClient.<init>(JdkHttpClient.java:156)
	at org.openqa.selenium.remote.http.jdk.JdkHttpClient$Factory.createClient(JdkHttpClient.java:548)
	at org.openqa.selenium.remote.HttpCommandExecutor.<init>(HttpCommandExecutor.java:117)
	at org.openqa.selenium.remote.HttpCommandExecutor.<init>(HttpCommandExecutor.java:93)
	at org.openqa.selenium.remote.service.DriverCommandExecutor.<init>(DriverCommandExecutor.java:87)
	at org.openqa.selenium.chromium.ChromiumDriverCommandExecutor.<init>(ChromiumDriverCommandExecutor.java:44)
	at org.openqa.selenium.chrome.ChromeDriver$ChromeDriverCommandExecutor.<init>(ChromeDriver.java:114)
	at org.openqa.selenium.chrome.ChromeDriver.generateExecutor(ChromeDriver.java:104)
	at org.openqa.selenium.chrome.ChromeDriver.<init>(ChromeDriver.java:88)
	at org.openqa.selenium.chrome.ChromeDriver.<init>(ChromeDriver.java:83)
	at org.openqa.selenium.chrome.ChromeDriver.<init>(ChromeDriver.java:51)
	at StepDefination.StepDef.setup1(StepDef.java:49)
	at java.base/jdk.internal.reflect.DirectMethodHandleAccessor.invoke(DirectMethodHandleAccessor.java:104)
	at java.base/java.lang.reflect.Method.invoke(Method.java:565)
	at io.cucumber.java.Invoker.doInvoke(Invoker.java:66)
	at io.cucumber.java.Invoker.invoke(Invoker.java:24)
	at io.cucumber.java.AbstractGlueDefinition.invokeMethod(AbstractGlueDefinition.java:47)
	at io.cucumber.java.JavaHookDefinition.execute(JavaHookDefinition.java:68)
	at io.cucumber.core.runner.CoreHookDefinition.execute(CoreHookDefinition.java:47)
	at io.cucumber.core.runner.HookDefinitionMatch.runStep(HookDefinitionMatch.java:21)
	at io.cucumber.core.runner.ExecutionMode$1.execute(ExecutionMode.java:10)
	at io.cucumber.core.runner.TestStep.executeStep(TestStep.java:81)
	at io.cucumber.core.runner.TestStep.run(TestStep.java:53)
	at io.cucumber.core.runner.TestCase.run(TestCase.java:80)
	at io.cucumber.core.runner.Runner.runPickle(Runner.java:77)
	at io.cucumber.junit.PickleRunners$NoStepDescriptions.lambda$run$0(PickleRunners.java:151)
	at io.cucumber.core.runtime.CucumberExecutionContext.lambda$runTestCase$5(CucumberExecutionContext.java:136)
	at io.cucumber.core.runtime.RethrowingThrowableCollector.executeAndThrow(RethrowingThrowableCollector.java:23)
	at io.cucumber.core.runtime.CucumberExecutionContext.runTestCase(CucumberExecutionContext.java:136)
	at io.cucumber.junit.PickleRunners$NoStepDescriptions.run(PickleRunners.java:148)
	at io.cucumber.junit.FeatureRunner.runChild(FeatureRunner.java:144)
	at io.cucumber.junit.FeatureRunner.runChild(FeatureRunner.java:28)
	at org.junit.runners.ParentRunner$4.run(ParentRunner.java:331)
	at org.junit.runners.ParentRunner$1.schedule(ParentRunner.java:79)
	at org.junit.runners.ParentRunner.runChildren(ParentRunner.java:329)
	at org.junit.runners.ParentRunner.access$100(ParentRunner.java:66)
	at org.junit.runners.ParentRunner$2.evaluate(ParentRunner.java:293)
	at org.junit.runners.ParentRunner$3.evaluate(ParentRunner.java:306)
	at org.junit.runners.ParentRunner.run(ParentRunner.java:413)
	at io.cucumber.junit.FeatureRunner.run(FeatureRunner.java:137)
	at io.cucumber.junit.Cucumber.runChild(Cucumber.java:196)
	at io.cucumber.junit.Cucumber.runChild(Cucumber.java:89)
	at org.junit.runners.ParentRunner$4.run(ParentRunner.java:331)
	at org.junit.runners.ParentRunner$1.schedule(ParentRunner.java:79)
	at org.junit.runners.ParentRunner.runChildren(ParentRunner.java:329)
	at org.junit.runners.ParentRunner.access$100(ParentRunner.java:66)
	at org.junit.runners.ParentRunner$2.evaluate(ParentRunner.java:293)
	at io.cucumber.core.runtime.CucumberExecutionContext.lambda$runFeatures$6(CucumberExecutionContext.java:147)
	at io.cucumber.core.runtime.CucumberExecutionContext.execute(CucumberExecutionContext.java:162)
	at io.cucumber.core.runtime.CucumberExecutionContext.runFeatures(CucumberExecutionContext.java:145)
	at io.cucumber.junit.Cucumber$StartAndFinishTestRun.evaluate(Cucumber.java:226)
	at org.junit.runners.ParentRunner$3.evaluate(ParentRunner.java:306)
	at org.junit.runners.ParentRunner.run(ParentRunner.java:413)
	at org.apache.maven.surefire.junit4.JUnit4Provider.execute(JUnit4Provider.java:316)
	at org.apache.maven.surefire.junit4.JUnit4Provider.executeWithRerun(JUnit4Provider.java:240)
	at org.apache.maven.surefire.junit4.JUnit4Provider.executeTestSet(JUnit4Provider.java:214)
	at org.apache.maven.surefire.junit4.JUnit4Provider.invoke(JUnit4Provider.java:155)
	at org.apache.maven.surefire.booter.ForkedBooter.runSuitesInProcess(ForkedBooter.java:385)
	at org.apache.maven.surefire.booter.ForkedBooter.execute(ForkedBooter.java:162)
	at org.apache.maven.surefire.booter.ForkedBooter.run(ForkedBooter.java:507)
	at org.apache.maven.surefire.booter.ForkedBooter.main(ForkedBooter.java:495)
Caused by: java.io.IOException: Error while instrumenting com/sun/security/sasl/gsskerb/JdkSASL with JaCoCo 0.8.11.202310140853/f33756c.
	at org.jacoco.agent.rt.internal_4742761.core.instr.Instrumenter.instrumentError(Instrumenter.java:161)
	at org.jacoco.agent.rt.internal_4742761.core.instr.Instrumenter.instrument(Instrumenter.java:111)
	at org.jacoco.agent.rt.internal_4742761.CoverageTransformer.transform(CoverageTransformer.java:92)
	... 98 more
Caused by: java.lang.IllegalArgumentException: Unsupported class file major version 68
	at org.jacoco.agent.rt.internal_4742761.asm.ClassReader.<init>(ClassReader.java:200)
	at org.jacoco.agent.rt.internal_4742761.asm.ClassReader.<init>(ClassReader.java:180)
	at org.jacoco.agent.rt.internal_4742761.asm.ClassReader.<init>(ClassReader.java:166)
	at org.jacoco.agent.rt.internal_4742761.core.internal.instr.InstrSupport.classReaderFor(InstrSupport.java:280)
	at org.jacoco.agent.rt.internal_4742761.core.instr.Instrumenter.instrument(Instrumenter.java:77)
	at org.jacoco.agent.rt.internal_4742761.core.instr.Instrumenter.instrument(Instrumenter.java:109)
	... 99 more
java.lang.instrument.IllegalClassFormatException: Error while instrumenting com/sun/security/sasl/gsskerb/JdkSASL$ProviderService with JaCoCo 0.8.11.202310140853/f33756c.
	at org.jacoco.agent.rt.internal_4742761.CoverageTransformer.transform(CoverageTransformer.java:94)
	at java.instrument/java.lang.instrument.ClassFileTransformer.transform(ClassFileTransformer.java:257)
	at java.instrument/sun.instrument.TransformerManager.transform(TransformerManager.java:188)
	at java.instrument/sun.instrument.InstrumentationImpl.transform(InstrumentationImpl.java:594)
	at java.base/java.lang.ClassLoader.defineClass2(Native Method)
	at java.base/java.lang.ClassLoader.defineClass(ClassLoader.java:1052)
	at java.base/java.security.SecureClassLoader.defineClass(SecureClassLoader.java:164)
	at java.base/jdk.internal.loader.BuiltinClassLoader.defineClass(BuiltinClassLoader.java:735)
	at java.base/jdk.internal.loader.BuiltinClassLoader.findClassInModuleOrNull(BuiltinClassLoader.java:678)
	at java.base/jdk.internal.loader.BuiltinClassLoader.loadClassOrNull(BuiltinClassLoader.java:604)
	at java.base/jdk.internal.loader.BuiltinClassLoader.loadClass(BuiltinClassLoader.java:578)
	at java.base/java.lang.ClassLoader.loadClass(ClassLoader.java:490)
	at java.base/java.lang.Class.getDeclaredMethods0(Native Method)
	at java.base/java.lang.Class.privateGetDeclaredMethods(Class.java:3035)
	at java.base/java.lang.Class.getDeclaredPublicMethods(Class.java:2440)
	at java.base/java.lang.System$1.getDeclaredPublicMethods(System.java:1977)
	at java.base/java.util.ServiceLoader.findStaticProviderMethod(ServiceLoader.java:586)
	at java.base/java.util.ServiceLoader.loadProvider(ServiceLoader.java:770)
	at java.base/java.util.ServiceLoader$ModuleServicesLookupIterator.hasNext(ServiceLoader.java:955)
	at java.base/java.util.ServiceLoader$1.hasNext(ServiceLoader.java:1164)
	at java.base/java.util.ServiceLoader$2.hasNext(ServiceLoader.java:1246)
	at java.base/sun.security.jca.ProviderConfig$ProviderLoader.load(ProviderConfig.java:317)
	at java.base/sun.security.jca.ProviderConfig.doLoadProvider(ProviderConfig.java:235)
	at java.base/sun.security.jca.ProviderConfig.getProvider(ProviderConfig.java:211)
	at java.base/sun.security.jca.ProviderList.getProvider(ProviderList.java:262)
	at java.base/sun.security.jca.ProviderList.getService(ProviderList.java:377)
	at java.base/sun.security.jca.GetInstance.getInstance(GetInstance.java:145)
	at java.base/java.security.Security.getImpl(Security.java:759)
	at java.base/java.security.AlgorithmParameters.getInstance(AlgorithmParameters.java:157)
	at java.base/sun.security.ssl.NamedGroup.<init>(NamedGroup.java:270)
	at java.base/sun.security.ssl.NamedGroup.<clinit>(NamedGroup.java:185)
	at java.base/sun.security.ssl.NamedGroup$SupportedGroups.<clinit>(NamedGroup.java:785)
	at java.base/sun.security.ssl.SSLConfiguration.<init>(SSLConfiguration.java:245)
	at java.base/sun.security.ssl.TransportContext.<init>(TransportContext.java:116)
	at java.base/sun.security.ssl.SSLSocketImpl.<init>(SSLSocketImpl.java:125)
	at java.base/sun.security.ssl.SSLSocketFactoryImpl.createSocket(SSLSocketFactoryImpl.java:72)
	at java.base/javax.net.ssl.SSLContextSpi.getDefaultSocket(SSLContextSpi.java:168)
	at java.base/javax.net.ssl.SSLContextSpi.engineGetDefaultSSLParameters(SSLContextSpi.java:193)
	at java.base/javax.net.ssl.SSLContext.getDefaultSSLParameters(SSLContext.java:457)
	at java.net.http/jdk.internal.net.http.HttpClientImpl.getDefaultParams(HttpClientImpl.java:614)
	at java.net.http/jdk.internal.net.http.HttpClientImpl.<init>(HttpClientImpl.java:471)
	at java.net.http/jdk.internal.net.http.HttpClientImpl.create(HttpClientImpl.java:420)
	at java.net.http/jdk.internal.net.http.HttpClientBuilderImpl.build(HttpClientBuilderImpl.java:142)
	at org.openqa.selenium.remote.http.jdk.JdkHttpClient.<init>(JdkHttpClient.java:156)
	at org.openqa.selenium.remote.http.jdk.JdkHttpClient$Factory.createClient(JdkHttpClient.java:548)
	at org.openqa.selenium.remote.HttpCommandExecutor.<init>(HttpCommandExecutor.java:117)
	at org.openqa.selenium.remote.HttpCommandExecutor.<init>(HttpCommandExecutor.java:93)
	at org.openqa.selenium.remote.service.DriverCommandExecutor.<init>(DriverCommandExecutor.java:87)
	at org.openqa.selenium.chromium.ChromiumDriverCommandExecutor.<init>(ChromiumDriverCommandExecutor.java:44)
	at org.openqa.selenium.chrome.ChromeDriver$ChromeDriverCommandExecutor.<init>(ChromeDriver.java:114)
	at org.openqa.selenium.chrome.ChromeDriver.generateExecutor(ChromeDriver.java:104)
	at org.openqa.selenium.chrome.ChromeDriver.<init>(ChromeDriver.java:88)
	at org.openqa.selenium.chrome.ChromeDriver.<init>(ChromeDriver.java:83)
	at org.openqa.selenium.chrome.ChromeDriver.<init>(ChromeDriver.java:51)
	at StepDefination.StepDef.setup1(StepDef.java:49)
	at java.base/jdk.internal.reflect.DirectMethodHandleAccessor.invoke(DirectMethodHandleAccessor.java:104)
	at java.base/java.lang.reflect.Method.invoke(Method.java:565)
	at io.cucumber.java.Invoker.doInvoke(Invoker.java:66)
	at io.cucumber.java.Invoker.invoke(Invoker.java:24)
	at io.cucumber.java.AbstractGlueDefinition.invokeMethod(AbstractGlueDefinition.java:47)
	at io.cucumber.java.JavaHookDefinition.execute(JavaHookDefinition.java:68)
	at io.cucumber.core.runner.CoreHookDefinition.execute(CoreHookDefinition.java:47)
	at io.cucumber.core.runner.HookDefinitionMatch.runStep(HookDefinitionMatch.java:21)
	at io.cucumber.core.runner.ExecutionMode$1.execute(ExecutionMode.java:10)
	at io.cucumber.core.runner.TestStep.executeStep(TestStep.java:81)
	at io.cucumber.core.runner.TestStep.run(TestStep.java:53)
	at io.cucumber.core.runner.TestCase.run(TestCase.java:80)
	at io.cucumber.core.runner.Runner.runPickle(Runner.java:77)
	at io.cucumber.junit.PickleRunners$NoStepDescriptions.lambda$run$0(PickleRunners.java:151)
	at io.cucumber.core.runtime.CucumberExecutionContext.lambda$runTestCase$5(CucumberExecutionContext.java:136)
	at io.cucumber.core.runtime.RethrowingThrowableCollector.executeAndThrow(RethrowingThrowableCollector.java:23)
	at io.cucumber.core.runtime.CucumberExecutionContext.runTestCase(CucumberExecutionContext.java:136)
	at io.cucumber.junit.PickleRunners$NoStepDescriptions.run(PickleRunners.java:148)
	at io.cucumber.junit.FeatureRunner.runChild(FeatureRunner.java:144)
	at io.cucumber.junit.FeatureRunner.runChild(FeatureRunner.java:28)
	at org.junit.runners.ParentRunner$4.run(ParentRunner.java:331)
	at org.junit.runners.ParentRunner$1.schedule(ParentRunner.java:79)
	at org.junit.runners.ParentRunner.runChildren(ParentRunner.java:329)
	at org.junit.runners.ParentRunner.access$100(ParentRunner.java:66)
	at org.junit.runners.ParentRunner$2.evaluate(ParentRunner.java:293)
	at org.junit.runners.ParentRunner$3.evaluate(ParentRunner.java:306)
	at org.junit.runners.ParentRunner.run(ParentRunner.java:413)
	at io.cucumber.junit.FeatureRunner.run(FeatureRunner.java:137)
	at io.cucumber.junit.Cucumber.runChild(Cucumber.java:196)
	at io.cucumber.junit.Cucumber.runChild(Cucumber.java:89)
	at org.junit.runners.ParentRunner$4.run(ParentRunner.java:331)
	at org.junit.runners.ParentRunner$1.schedule(ParentRunner.java:79)
	at org.junit.runners.ParentRunner.runChildren(ParentRunner.java:329)
	at org.junit.runners.ParentRunner.access$100(ParentRunner.java:66)
	at org.junit.runners.ParentRunner$2.evaluate(ParentRunner.java:293)
	at io.cucumber.core.runtime.CucumberExecutionContext.lambda$runFeatures$6(CucumberExecutionContext.java:147)
	at io.cucumber.core.runtime.CucumberExecutionContext.execute(CucumberExecutionContext.java:162)
	at io.cucumber.core.runtime.CucumberExecutionContext.runFeatures(CucumberExecutionContext.java:145)
	at io.cucumber.junit.Cucumber$StartAndFinishTestRun.evaluate(Cucumber.java:226)
	at org.junit.runners.ParentRunner$3.evaluate(ParentRunner.java:306)
	at org.junit.runners.ParentRunner.run(ParentRunner.java:413)
	at org.apache.maven.surefire.junit4.JUnit4Provider.execute(JUnit4Provider.java:316)
	at org.apache.maven.surefire.junit4.JUnit4Provider.executeWithRerun(JUnit4Provider.java:240)
	at org.apache.maven.surefire.junit4.JUnit4Provider.executeTestSet(JUnit4Provider.java:214)
	at org.apache.maven.surefire.junit4.JUnit4Provider.invoke(JUnit4Provider.java:155)
	at org.apache.maven.surefire.booter.ForkedBooter.runSuitesInProcess(ForkedBooter.java:385)
	at org.apache.maven.surefire.booter.ForkedBooter.execute(ForkedBooter.java:162)
	at org.apache.maven.surefire.booter.ForkedBooter.run(ForkedBooter.java:507)
	at org.apache.maven.surefire.booter.ForkedBooter.main(ForkedBooter.java:495)
Caused by: java.io.IOException: Error while instrumenting com/sun/security/sasl/gsskerb/JdkSASL$ProviderService with JaCoCo 0.8.11.202310140853/f33756c.
	at org.jacoco.agent.rt.internal_4742761.core.instr.Instrumenter.instrumentError(Instrumenter.java:161)
	at org.jacoco.agent.rt.internal_4742761.core.instr.Instrumenter.instrument(Instrumenter.java:111)
	at org.jacoco.agent.rt.internal_4742761.CoverageTransformer.transform(CoverageTransformer.java:92)
	... 103 more
Caused by: java.lang.IllegalArgumentException: Unsupported class file major version 68
	at org.jacoco.agent.rt.internal_4742761.asm.ClassReader.<init>(ClassReader.java:200)
	at org.jacoco.agent.rt.internal_4742761.asm.ClassReader.<init>(ClassReader.java:180)
	at org.jacoco.agent.rt.internal_4742761.asm.ClassReader.<init>(ClassReader.java:166)
	at org.jacoco.agent.rt.internal_4742761.core.internal.instr.InstrSupport.classReaderFor(InstrSupport.java:280)
	at org.jacoco.agent.rt.internal_4742761.core.instr.Instrumenter.instrument(Instrumenter.java:77)
	at org.jacoco.agent.rt.internal_4742761.core.instr.Instrumenter.instrument(Instrumenter.java:109)
	... 104 more
java.lang.instrument.IllegalClassFormatException: Error while instrumenting sun/security/jgss/SunProvider with JaCoCo 0.8.11.202310140853/f33756c.
	at org.jacoco.agent.rt.internal_4742761.CoverageTransformer.transform(CoverageTransformer.java:94)
	at java.instrument/java.lang.instrument.ClassFileTransformer.transform(ClassFileTransformer.java:257)
	at java.instrument/sun.instrument.TransformerManager.transform(TransformerManager.java:188)
	at java.instrument/sun.instrument.InstrumentationImpl.transform(InstrumentationImpl.java:594)
	at java.base/java.lang.ClassLoader.defineClass2(Native Method)
	at java.base/java.lang.ClassLoader.defineClass(ClassLoader.java:1052)
	at java.base/java.security.SecureClassLoader.defineClass(SecureClassLoader.java:164)
	at java.base/jdk.internal.loader.BuiltinClassLoader.defineClass(BuiltinClassLoader.java:735)
	at java.base/jdk.internal.loader.BuiltinClassLoader.findClassInModuleOrNull(BuiltinClassLoader.java:678)
	at java.base/jdk.internal.loader.BuiltinClassLoader.findClass(BuiltinClassLoader.java:560)
	at java.base/java.lang.ClassLoader.loadClass(ClassLoader.java:602)
	at java.base/java.lang.Class.forName(Class.java:595)
	at java.base/java.util.ServiceLoader.loadProvider(ServiceLoader.java:755)
	at java.base/java.util.ServiceLoader$ModuleServicesLookupIterator.hasNext(ServiceLoader.java:955)
	at java.base/java.util.ServiceLoader$1.hasNext(ServiceLoader.java:1164)
	at java.base/java.util.ServiceLoader$2.hasNext(ServiceLoader.java:1246)
	at java.base/sun.security.jca.ProviderConfig$ProviderLoader.load(ProviderConfig.java:317)
	at java.base/sun.security.jca.ProviderConfig.doLoadProvider(ProviderConfig.java:235)
	at java.base/sun.security.jca.ProviderConfig.getProvider(ProviderConfig.java:211)
	at java.base/sun.security.jca.ProviderList.getProvider(ProviderList.java:262)
	at java.base/sun.security.jca.ProviderList.getService(ProviderList.java:377)
	at java.base/sun.security.jca.GetInstance.getInstance(GetInstance.java:145)
	at java.base/java.security.Security.getImpl(Security.java:759)
	at java.base/java.security.AlgorithmParameters.getInstance(AlgorithmParameters.java:157)
	at java.base/sun.security.ssl.NamedGroup.<init>(NamedGroup.java:270)
	at java.base/sun.security.ssl.NamedGroup.<clinit>(NamedGroup.java:185)
	at java.base/sun.security.ssl.NamedGroup$SupportedGroups.<clinit>(NamedGroup.java:785)
	at java.base/sun.security.ssl.SSLConfiguration.<init>(SSLConfiguration.java:245)
	at java.base/sun.security.ssl.TransportContext.<init>(TransportContext.java:116)
	at java.base/sun.security.ssl.SSLSocketImpl.<init>(SSLSocketImpl.java:125)
	at java.base/sun.security.ssl.SSLSocketFactoryImpl.createSocket(SSLSocketFactoryImpl.java:72)
	at java.base/javax.net.ssl.SSLContextSpi.getDefaultSocket(SSLContextSpi.java:168)
	at java.base/javax.net.ssl.SSLContextSpi.engineGetDefaultSSLParameters(SSLContextSpi.java:193)
	at java.base/javax.net.ssl.SSLContext.getDefaultSSLParameters(SSLContext.java:457)
	at java.net.http/jdk.internal.net.http.HttpClientImpl.getDefaultParams(HttpClientImpl.java:614)
	at java.net.http/jdk.internal.net.http.HttpClientImpl.<init>(HttpClientImpl.java:471)
	at java.net.http/jdk.internal.net.http.HttpClientImpl.create(HttpClientImpl.java:420)
	at java.net.http/jdk.internal.net.http.HttpClientBuilderImpl.build(HttpClientBuilderImpl.java:142)
	at org.openqa.selenium.remote.http.jdk.JdkHttpClient.<init>(JdkHttpClient.java:156)
	at org.openqa.selenium.remote.http.jdk.JdkHttpClient$Factory.createClient(JdkHttpClient.java:548)
	at org.openqa.selenium.remote.HttpCommandExecutor.<init>(HttpCommandExecutor.java:117)
	at org.openqa.selenium.remote.HttpCommandExecutor.<init>(HttpCommandExecutor.java:93)
	at org.openqa.selenium.remote.service.DriverCommandExecutor.<init>(DriverCommandExecutor.java:87)
	at org.openqa.selenium.chromium.ChromiumDriverCommandExecutor.<init>(ChromiumDriverCommandExecutor.java:44)
	at org.openqa.selenium.chrome.ChromeDriver$ChromeDriverCommandExecutor.<init>(ChromeDriver.java:114)
	at org.openqa.selenium.chrome.ChromeDriver.generateExecutor(ChromeDriver.java:104)
	at org.openqa.selenium.chrome.ChromeDriver.<init>(ChromeDriver.java:88)
	at org.openqa.selenium.chrome.ChromeDriver.<init>(ChromeDriver.java:83)
	at org.openqa.selenium.chrome.ChromeDriver.<init>(ChromeDriver.java:51)
	at StepDefination.StepDef.setup1(StepDef.java:49)
	at java.base/jdk.internal.reflect.DirectMethodHandleAccessor.invoke(DirectMethodHandleAccessor.java:104)
	at java.base/java.lang.reflect.Method.invoke(Method.java:565)
	at io.cucumber.java.Invoker.doInvoke(Invoker.java:66)
	at io.cucumber.java.Invoker.invoke(Invoker.java:24)
	at io.cucumber.java.AbstractGlueDefinition.invokeMethod(AbstractGlueDefinition.java:47)
	at io.cucumber.java.JavaHookDefinition.execute(JavaHookDefinition.java:68)
	at io.cucumber.core.runner.CoreHookDefinition.execute(CoreHookDefinition.java:47)
	at io.cucumber.core.runner.HookDefinitionMatch.runStep(HookDefinitionMatch.java:21)
	at io.cucumber.core.runner.ExecutionMode$1.execute(ExecutionMode.java:10)
	at io.cucumber.core.runner.TestStep.executeStep(TestStep.java:81)
	at io.cucumber.core.runner.TestStep.run(TestStep.java:53)
	at io.cucumber.core.runner.TestCase.run(TestCase.java:80)
	at io.cucumber.core.runner.Runner.runPickle(Runner.java:77)
	at io.cucumber.junit.PickleRunners$NoStepDescriptions.lambda$run$0(PickleRunners.java:151)
	at io.cucumber.core.runtime.CucumberExecutionContext.lambda$runTestCase$5(CucumberExecutionContext.java:136)
	at io.cucumber.core.runtime.RethrowingThrowableCollector.executeAndThrow(RethrowingThrowableCollector.java:23)
	at io.cucumber.core.runtime.CucumberExecutionContext.runTestCase(CucumberExecutionContext.java:136)
	at io.cucumber.junit.PickleRunners$NoStepDescriptions.run(PickleRunners.java:148)
	at io.cucumber.junit.FeatureRunner.runChild(FeatureRunner.java:144)
	at io.cucumber.junit.FeatureRunner.runChild(FeatureRunner.java:28)
	at org.junit.runners.ParentRunner$4.run(ParentRunner.java:331)
	at org.junit.runners.ParentRunner$1.schedule(ParentRunner.java:79)
	at org.junit.runners.ParentRunner.runChildren(ParentRunner.java:329)
	at org.junit.runners.ParentRunner.access$100(ParentRunner.java:66)
	at org.junit.runners.ParentRunner$2.evaluate(ParentRunner.java:293)
	at org.junit.runners.ParentRunner$3.evaluate(ParentRunner.java:306)
	at org.junit.runners.ParentRunner.run(ParentRunner.java:413)
	at io.cucumber.junit.FeatureRunner.run(FeatureRunner.java:137)
	at io.cucumber.junit.Cucumber.runChild(Cucumber.java:196)
	at io.cucumber.junit.Cucumber.runChild(Cucumber.java:89)
	at org.junit.runners.ParentRunner$4.run(ParentRunner.java:331)
	at org.junit.runners.ParentRunner$1.schedule(ParentRunner.java:79)
	at org.junit.runners.ParentRunner.runChildren(ParentRunner.java:329)
	at org.junit.runners.ParentRunner.access$100(ParentRunner.java:66)
	at org.junit.runners.ParentRunner$2.evaluate(ParentRunner.java:293)
	at io.cucumber.core.runtime.CucumberExecutionContext.lambda$runFeatures$6(CucumberExecutionContext.java:147)
	at io.cucumber.core.runtime.CucumberExecutionContext.execute(CucumberExecutionContext.java:162)
	at io.cucumber.core.runtime.CucumberExecutionContext.runFeatures(CucumberExecutionContext.java:145)
	at io.cucumber.junit.Cucumber$StartAndFinishTestRun.evaluate(Cucumber.java:226)
	at org.junit.runners.ParentRunner$3.evaluate(ParentRunner.java:306)
	at org.junit.runners.ParentRunner.run(ParentRunner.java:413)
	at org.apache.maven.surefire.junit4.JUnit4Provider.execute(JUnit4Provider.java:316)
	at org.apache.maven.surefire.junit4.JUnit4Provider.executeWithRerun(JUnit4Provider.java:240)
	at org.apache.maven.surefire.junit4.JUnit4Provider.executeTestSet(JUnit4Provider.java:214)
	at org.apache.maven.surefire.junit4.JUnit4Provider.invoke(JUnit4Provider.java:155)
	at org.apache.maven.surefire.booter.ForkedBooter.runSuitesInProcess(ForkedBooter.java:385)
	at org.apache.maven.surefire.booter.ForkedBooter.execute(ForkedBooter.java:162)
	at org.apache.maven.surefire.booter.ForkedBooter.run(ForkedBooter.java:507)
	at org.apache.maven.surefire.booter.ForkedBooter.main(ForkedBooter.java:495)
Caused by: java.io.IOException: Error while instrumenting sun/security/jgss/SunProvider with JaCoCo 0.8.11.202310140853/f33756c.
	at org.jacoco.agent.rt.internal_4742761.core.instr.Instrumenter.instrumentError(Instrumenter.java:161)
	at org.jacoco.agent.rt.internal_4742761.core.instr.Instrumenter.instrument(Instrumenter.java:111)
	at org.jacoco.agent.rt.internal_4742761.CoverageTransformer.transform(CoverageTransformer.java:92)
	... 98 more
Caused by: java.lang.IllegalArgumentException: Unsupported class file major version 68
	at org.jacoco.agent.rt.internal_4742761.asm.ClassReader.<init>(ClassReader.java:200)
	at org.jacoco.agent.rt.internal_4742761.asm.ClassReader.<init>(ClassReader.java:180)
	at org.jacoco.agent.rt.internal_4742761.asm.ClassReader.<init>(ClassReader.java:166)
	at org.jacoco.agent.rt.internal_4742761.core.internal.instr.InstrSupport.classReaderFor(InstrSupport.java:280)
	at org.jacoco.agent.rt.internal_4742761.core.instr.Instrumenter.instrument(Instrumenter.java:77)
	at org.jacoco.agent.rt.internal_4742761.core.instr.Instrumenter.instrument(Instrumenter.java:109)
	... 99 more
java.lang.instrument.IllegalClassFormatException: Error while instrumenting sun/security/jgss/SunProvider$ProviderService with JaCoCo 0.8.11.202310140853/f33756c.
	at org.jacoco.agent.rt.internal_4742761.CoverageTransformer.transform(CoverageTransformer.java:94)
	at java.instrument/java.lang.instrument.ClassFileTransformer.transform(ClassFileTransformer.java:257)
	at java.instrument/sun.instrument.TransformerManager.transform(TransformerManager.java:188)
	at java.instrument/sun.instrument.InstrumentationImpl.transform(InstrumentationImpl.java:594)
	at java.base/java.lang.ClassLoader.defineClass2(Native Method)
	at java.base/java.lang.ClassLoader.defineClass(ClassLoader.java:1052)
	at java.base/java.security.SecureClassLoader.defineClass(SecureClassLoader.java:164)
	at java.base/jdk.internal.loader.BuiltinClassLoader.defineClass(BuiltinClassLoader.java:735)
	at java.base/jdk.internal.loader.BuiltinClassLoader.findClassInModuleOrNull(BuiltinClassLoader.java:678)
	at java.base/jdk.internal.loader.BuiltinClassLoader.loadClassOrNull(BuiltinClassLoader.java:604)
	at java.base/jdk.internal.loader.BuiltinClassLoader.loadClass(BuiltinClassLoader.java:578)
	at java.base/java.lang.ClassLoader.loadClass(ClassLoader.java:490)
	at java.base/java.lang.Class.getDeclaredMethods0(Native Method)
	at java.base/java.lang.Class.privateGetDeclaredMethods(Class.java:3035)
	at java.base/java.lang.Class.getDeclaredPublicMethods(Class.java:2440)
	at java.base/java.lang.System$1.getDeclaredPublicMethods(System.java:1977)
	at java.base/java.util.ServiceLoader.findStaticProviderMethod(ServiceLoader.java:586)
	at java.base/java.util.ServiceLoader.loadProvider(ServiceLoader.java:770)
	at java.base/java.util.ServiceLoader$ModuleServicesLookupIterator.hasNext(ServiceLoader.java:955)
	at java.base/java.util.ServiceLoader$1.hasNext(ServiceLoader.java:1164)
	at java.base/java.util.ServiceLoader$2.hasNext(ServiceLoader.java:1246)
	at java.base/sun.security.jca.ProviderConfig$ProviderLoader.load(ProviderConfig.java:317)
	at java.base/sun.security.jca.ProviderConfig.doLoadProvider(ProviderConfig.java:235)
	at java.base/sun.security.jca.ProviderConfig.getProvider(ProviderConfig.java:211)
	at java.base/sun.security.jca.ProviderList.getProvider(ProviderList.java:262)
	at java.base/sun.security.jca.ProviderList.getService(ProviderList.java:377)
	at java.base/sun.security.jca.GetInstance.getInstance(GetInstance.java:145)
	at java.base/java.security.Security.getImpl(Security.java:759)
	at java.base/java.security.AlgorithmParameters.getInstance(AlgorithmParameters.java:157)
	at java.base/sun.security.ssl.NamedGroup.<init>(NamedGroup.java:270)
	at java.base/sun.security.ssl.NamedGroup.<clinit>(NamedGroup.java:185)
	at java.base/sun.security.ssl.NamedGroup$SupportedGroups.<clinit>(NamedGroup.java:785)
	at java.base/sun.security.ssl.SSLConfiguration.<init>(SSLConfiguration.java:245)
	at java.base/sun.security.ssl.TransportContext.<init>(TransportContext.java:116)
	at java.base/sun.security.ssl.SSLSocketImpl.<init>(SSLSocketImpl.java:125)
	at java.base/sun.security.ssl.SSLSocketFactoryImpl.createSocket(SSLSocketFactoryImpl.java:72)
	at java.base/javax.net.ssl.SSLContextSpi.getDefaultSocket(SSLContextSpi.java:168)
	at java.base/javax.net.ssl.SSLContextSpi.engineGetDefaultSSLParameters(SSLContextSpi.java:193)
	at java.base/javax.net.ssl.SSLContext.getDefaultSSLParameters(SSLContext.java:457)
	at java.net.http/jdk.internal.net.http.HttpClientImpl.getDefaultParams(HttpClientImpl.java:614)
	at java.net.http/jdk.internal.net.http.HttpClientImpl.<init>(HttpClientImpl.java:471)
	at java.net.http/jdk.internal.net.http.HttpClientImpl.create(HttpClientImpl.java:420)
	at java.net.http/jdk.internal.net.http.HttpClientBuilderImpl.build(HttpClientBuilderImpl.java:142)
	at org.openqa.selenium.remote.http.jdk.JdkHttpClient.<init>(JdkHttpClient.java:156)
	at org.openqa.selenium.remote.http.jdk.JdkHttpClient$Factory.createClient(JdkHttpClient.java:548)
	at org.openqa.selenium.remote.HttpCommandExecutor.<init>(HttpCommandExecutor.java:117)
	at org.openqa.selenium.remote.HttpCommandExecutor.<init>(HttpCommandExecutor.java:93)
	at org.openqa.selenium.remote.service.DriverCommandExecutor.<init>(DriverCommandExecutor.java:87)
	at org.openqa.selenium.chromium.ChromiumDriverCommandExecutor.<init>(ChromiumDriverCommandExecutor.java:44)
	at org.openqa.selenium.chrome.ChromeDriver$ChromeDriverCommandExecutor.<init>(ChromeDriver.java:114)
	at org.openqa.selenium.chrome.ChromeDriver.generateExecutor(ChromeDriver.java:104)
	at org.openqa.selenium.chrome.ChromeDriver.<init>(ChromeDriver.java:88)
	at org.openqa.selenium.chrome.ChromeDriver.<init>(ChromeDriver.java:83)
	at org.openqa.selenium.chrome.ChromeDriver.<init>(ChromeDriver.java:51)
	at StepDefination.StepDef.setup1(StepDef.java:49)
	at java.base/jdk.internal.reflect.DirectMethodHandleAccessor.invoke(DirectMethodHandleAccessor.java:104)
	at java.base/java.lang.reflect.Method.invoke(Method.java:565)
	at io.cucumber.java.Invoker.doInvoke(Invoker.java:66)
	at io.cucumber.java.Invoker.invoke(Invoker.java:24)
	at io.cucumber.java.AbstractGlueDefinition.invokeMethod(AbstractGlueDefinition.java:47)
	at io.cucumber.java.JavaHookDefinition.execute(JavaHookDefinition.java:68)
	at io.cucumber.core.runner.CoreHookDefinition.execute(CoreHookDefinition.java:47)
	at io.cucumber.core.runner.HookDefinitionMatch.runStep(HookDefinitionMatch.java:21)
	at io.cucumber.core.runner.ExecutionMode$1.execute(ExecutionMode.java:10)
	at io.cucumber.core.runner.TestStep.executeStep(TestStep.java:81)
	at io.cucumber.core.runner.TestStep.run(TestStep.java:53)
	at io.cucumber.core.runner.TestCase.run(TestCase.java:80)
	at io.cucumber.core.runner.Runner.runPickle(Runner.java:77)
	at io.cucumber.junit.PickleRunners$NoStepDescriptions.lambda$run$0(PickleRunners.java:151)
	at io.cucumber.core.runtime.CucumberExecutionContext.lambda$runTestCase$5(CucumberExecutionContext.java:136)
	at io.cucumber.core.runtime.RethrowingThrowableCollector.executeAndThrow(RethrowingThrowableCollector.java:23)
	at io.cucumber.core.runtime.CucumberExecutionContext.runTestCase(CucumberExecutionContext.java:136)
	at io.cucumber.junit.PickleRunners$NoStepDescriptions.run(PickleRunners.java:148)
	at io.cucumber.junit.FeatureRunner.runChild(FeatureRunner.java:144)
	at io.cucumber.junit.FeatureRunner.runChild(FeatureRunner.java:28)
	at org.junit.runners.ParentRunner$4.run(ParentRunner.java:331)
	at org.junit.runners.ParentRunner$1.schedule(ParentRunner.java:79)
	at org.junit.runners.ParentRunner.runChildren(ParentRunner.java:329)
	at org.junit.runners.ParentRunner.access$100(ParentRunner.java:66)
	at org.junit.runners.ParentRunner$2.evaluate(ParentRunner.java:293)
	at org.junit.runners.ParentRunner$3.evaluate(ParentRunner.java:306)
	at org.junit.runners.ParentRunner.run(ParentRunner.java:413)
	at io.cucumber.junit.FeatureRunner.run(FeatureRunner.java:137)
	at io.cucumber.junit.Cucumber.runChild(Cucumber.java:196)
	at io.cucumber.junit.Cucumber.runChild(Cucumber.java:89)
	at org.junit.runners.ParentRunner$4.run(ParentRunner.java:331)
	at org.junit.runners.ParentRunner$1.schedule(ParentRunner.java:79)
	at org.junit.runners.ParentRunner.runChildren(ParentRunner.java:329)
	at org.junit.runners.ParentRunner.access$100(ParentRunner.java:66)
	at org.junit.runners.ParentRunner$2.evaluate(ParentRunner.java:293)
	at io.cucumber.core.runtime.CucumberExecutionContext.lambda$runFeatures$6(CucumberExecutionContext.java:147)
	at io.cucumber.core.runtime.CucumberExecutionContext.execute(CucumberExecutionContext.java:162)
	at io.cucumber.core.runtime.CucumberExecutionContext.runFeatures(CucumberExecutionContext.java:145)
	at io.cucumber.junit.Cucumber$StartAndFinishTestRun.evaluate(Cucumber.java:226)
	at org.junit.runners.ParentRunner$3.evaluate(ParentRunner.java:306)
	at org.junit.runners.ParentRunner.run(ParentRunner.java:413)
	at org.apache.maven.surefire.junit4.JUnit4Provider.execute(JUnit4Provider.java:316)
	at org.apache.maven.surefire.junit4.JUnit4Provider.executeWithRerun(JUnit4Provider.java:240)
	at org.apache.maven.surefire.junit4.JUnit4Provider.executeTestSet(JUnit4Provider.java:214)
	at org.apache.maven.surefire.junit4.JUnit4Provider.invoke(JUnit4Provider.java:155)
	at org.apache.maven.surefire.booter.ForkedBooter.runSuitesInProcess(ForkedBooter.java:385)
	at org.apache.maven.surefire.booter.ForkedBooter.execute(ForkedBooter.java:162)
	at org.apache.maven.surefire.booter.ForkedBooter.run(ForkedBooter.java:507)
	at org.apache.maven.surefire.booter.ForkedBooter.main(ForkedBooter.java:495)
Caused by: java.io.IOException: Error while instrumenting sun/security/jgss/SunProvider$ProviderService with JaCoCo 0.8.11.202310140853/f33756c.
	at org.jacoco.agent.rt.internal_4742761.core.instr.Instrumenter.instrumentError(Instrumenter.java:161)
	at org.jacoco.agent.rt.internal_4742761.core.instr.Instrumenter.instrument(Instrumenter.java:111)
	at org.jacoco.agent.rt.internal_4742761.CoverageTransformer.transform(CoverageTransformer.java:92)
	... 103 more
Caused by: java.lang.IllegalArgumentException: Unsupported class file major version 68
	at org.jacoco.agent.rt.internal_4742761.asm.ClassReader.<init>(ClassReader.java:200)
	at org.jacoco.agent.rt.internal_4742761.asm.ClassReader.<init>(ClassReader.java:180)
	at org.jacoco.agent.rt.internal_4742761.asm.ClassReader.<init>(ClassReader.java:166)
	at org.jacoco.agent.rt.internal_4742761.core.internal.instr.InstrSupport.classReaderFor(InstrSupport.java:280)
	at org.jacoco.agent.rt.internal_4742761.core.instr.Instrumenter.instrument(Instrumenter.java:77)
	at org.jacoco.agent.rt.internal_4742761.core.instr.Instrumenter.instrument(Instrumenter.java:109)
	... 104 more
java.lang.instrument.IllegalClassFormatException: Error while instrumenting sun/security/smartcardio/SunPCSC with JaCoCo 0.8.11.202310140853/f33756c.
	at org.jacoco.agent.rt.internal_4742761.CoverageTransformer.transform(CoverageTransformer.java:94)
	at java.instrument/java.lang.instrument.ClassFileTransformer.transform(ClassFileTransformer.java:257)
	at java.instrument/sun.instrument.TransformerManager.transform(TransformerManager.java:188)
	at java.instrument/sun.instrument.InstrumentationImpl.transform(InstrumentationImpl.java:594)
	at java.base/java.lang.ClassLoader.defineClass2(Native Method)
	at java.base/java.lang.ClassLoader.defineClass(ClassLoader.java:1052)
	at java.base/java.security.SecureClassLoader.defineClass(SecureClassLoader.java:164)
	at java.base/jdk.internal.loader.BuiltinClassLoader.defineClass(BuiltinClassLoader.java:735)
	at java.base/jdk.internal.loader.BuiltinClassLoader.findClassInModuleOrNull(BuiltinClassLoader.java:678)
	at java.base/jdk.internal.loader.BuiltinClassLoader.findClass(BuiltinClassLoader.java:560)
	at java.base/java.lang.ClassLoader.loadClass(ClassLoader.java:602)
	at java.base/java.lang.Class.forName(Class.java:595)
	at java.base/java.util.ServiceLoader.loadProvider(ServiceLoader.java:755)
	at java.base/java.util.ServiceLoader$ModuleServicesLookupIterator.hasNext(ServiceLoader.java:955)
	at java.base/java.util.ServiceLoader$1.hasNext(ServiceLoader.java:1164)
	at java.base/java.util.ServiceLoader$2.hasNext(ServiceLoader.java:1246)
	at java.base/sun.security.jca.ProviderConfig$ProviderLoader.load(ProviderConfig.java:317)
	at java.base/sun.security.jca.ProviderConfig.doLoadProvider(ProviderConfig.java:235)
	at java.base/sun.security.jca.ProviderConfig.getProvider(ProviderConfig.java:211)
	at java.base/sun.security.jca.ProviderList.getProvider(ProviderList.java:262)
	at java.base/sun.security.jca.ProviderList.getService(ProviderList.java:377)
	at java.base/sun.security.jca.GetInstance.getInstance(GetInstance.java:145)
	at java.base/java.security.Security.getImpl(Security.java:759)
	at java.base/java.security.AlgorithmParameters.getInstance(AlgorithmParameters.java:157)
	at java.base/sun.security.ssl.NamedGroup.<init>(NamedGroup.java:270)
	at java.base/sun.security.ssl.NamedGroup.<clinit>(NamedGroup.java:185)
	at java.base/sun.security.ssl.NamedGroup$SupportedGroups.<clinit>(NamedGroup.java:785)
	at java.base/sun.security.ssl.SSLConfiguration.<init>(SSLConfiguration.java:245)
	at java.base/sun.security.ssl.TransportContext.<init>(TransportContext.java:116)
	at java.base/sun.security.ssl.SSLSocketImpl.<init>(SSLSocketImpl.java:125)
	at java.base/sun.security.ssl.SSLSocketFactoryImpl.createSocket(SSLSocketFactoryImpl.java:72)
	at java.base/javax.net.ssl.SSLContextSpi.getDefaultSocket(SSLContextSpi.java:168)
	at java.base/javax.net.ssl.SSLContextSpi.engineGetDefaultSSLParameters(SSLContextSpi.java:193)
	at java.base/javax.net.ssl.SSLContext.getDefaultSSLParameters(SSLContext.java:457)
	at java.net.http/jdk.internal.net.http.HttpClientImpl.getDefaultParams(HttpClientImpl.java:614)
	at java.net.http/jdk.internal.net.http.HttpClientImpl.<init>(HttpClientImpl.java:471)
	at java.net.http/jdk.internal.net.http.HttpClientImpl.create(HttpClientImpl.java:420)
	at java.net.http/jdk.internal.net.http.HttpClientBuilderImpl.build(HttpClientBuilderImpl.java:142)
	at org.openqa.selenium.remote.http.jdk.JdkHttpClient.<init>(JdkHttpClient.java:156)
	at org.openqa.selenium.remote.http.jdk.JdkHttpClient$Factory.createClient(JdkHttpClient.java:548)
	at org.openqa.selenium.remote.HttpCommandExecutor.<init>(HttpCommandExecutor.java:117)
	at org.openqa.selenium.remote.HttpCommandExecutor.<init>(HttpCommandExecutor.java:93)
	at org.openqa.selenium.remote.service.DriverCommandExecutor.<init>(DriverCommandExecutor.java:87)
	at org.openqa.selenium.chromium.ChromiumDriverCommandExecutor.<init>(ChromiumDriverCommandExecutor.java:44)
	at org.openqa.selenium.chrome.ChromeDriver$ChromeDriverCommandExecutor.<init>(ChromeDriver.java:114)
	at org.openqa.selenium.chrome.ChromeDriver.generateExecutor(ChromeDriver.java:104)
	at org.openqa.selenium.chrome.ChromeDriver.<init>(ChromeDriver.java:88)
	at org.openqa.selenium.chrome.ChromeDriver.<init>(ChromeDriver.java:83)
	at org.openqa.selenium.chrome.ChromeDriver.<init>(ChromeDriver.java:51)
	at StepDefination.StepDef.setup1(StepDef.java:49)
	at java.base/jdk.internal.reflect.DirectMethodHandleAccessor.invoke(DirectMethodHandleAccessor.java:104)
	at java.base/java.lang.reflect.Method.invoke(Method.java:565)
	at io.cucumber.java.Invoker.doInvoke(Invoker.java:66)
	at io.cucumber.java.Invoker.invoke(Invoker.java:24)
	at io.cucumber.java.AbstractGlueDefinition.invokeMethod(AbstractGlueDefinition.java:47)
	at io.cucumber.java.JavaHookDefinition.execute(JavaHookDefinition.java:68)
	at io.cucumber.core.runner.CoreHookDefinition.execute(CoreHookDefinition.java:47)
	at io.cucumber.core.runner.HookDefinitionMatch.runStep(HookDefinitionMatch.java:21)
	at io.cucumber.core.runner.ExecutionMode$1.execute(ExecutionMode.java:10)
	at io.cucumber.core.runner.TestStep.executeStep(TestStep.java:81)
	at io.cucumber.core.runner.TestStep.run(TestStep.java:53)
	at io.cucumber.core.runner.TestCase.run(TestCase.java:80)
	at io.cucumber.core.runner.Runner.runPickle(Runner.java:77)
	at io.cucumber.junit.PickleRunners$NoStepDescriptions.lambda$run$0(PickleRunners.java:151)
	at io.cucumber.core.runtime.CucumberExecutionContext.lambda$runTestCase$5(CucumberExecutionContext.java:136)
	at io.cucumber.core.runtime.RethrowingThrowableCollector.executeAndThrow(RethrowingThrowableCollector.java:23)
	at io.cucumber.core.runtime.CucumberExecutionContext.runTestCase(CucumberExecutionContext.java:136)
	at io.cucumber.junit.PickleRunners$NoStepDescriptions.run(PickleRunners.java:148)
	at io.cucumber.junit.FeatureRunner.runChild(FeatureRunner.java:144)
	at io.cucumber.junit.FeatureRunner.runChild(FeatureRunner.java:28)
	at org.junit.runners.ParentRunner$4.run(ParentRunner.java:331)
	at org.junit.runners.ParentRunner$1.schedule(ParentRunner.java:79)
	at org.junit.runners.ParentRunner.runChildren(ParentRunner.java:329)
	at org.junit.runners.ParentRunner.access$100(ParentRunner.java:66)
	at org.junit.runners.ParentRunner$2.evaluate(ParentRunner.java:293)
	at org.junit.runners.ParentRunner$3.evaluate(ParentRunner.java:306)
	at org.junit.runners.ParentRunner.run(ParentRunner.java:413)
	at io.cucumber.junit.FeatureRunner.run(FeatureRunner.java:137)
	at io.cucumber.junit.Cucumber.runChild(Cucumber.java:196)
	at io.cucumber.junit.Cucumber.runChild(Cucumber.java:89)
	at org.junit.runners.ParentRunner$4.run(ParentRunner.java:331)
	at org.junit.runners.ParentRunner$1.schedule(ParentRunner.java:79)
	at org.junit.runners.ParentRunner.runChildren(ParentRunner.java:329)
	at org.junit.runners.ParentRunner.access$100(ParentRunner.java:66)
	at org.junit.runners.ParentRunner$2.evaluate(ParentRunner.java:293)
	at io.cucumber.core.runtime.CucumberExecutionContext.lambda$runFeatures$6(CucumberExecutionContext.java:147)
	at io.cucumber.core.runtime.CucumberExecutionContext.execute(CucumberExecutionContext.java:162)
	at io.cucumber.core.runtime.CucumberExecutionContext.runFeatures(CucumberExecutionContext.java:145)
	at io.cucumber.junit.Cucumber$StartAndFinishTestRun.evaluate(Cucumber.java:226)
	at org.junit.runners.ParentRunner$3.evaluate(ParentRunner.java:306)
	at org.junit.runners.ParentRunner.run(ParentRunner.java:413)
	at org.apache.maven.surefire.junit4.JUnit4Provider.execute(JUnit4Provider.java:316)
	at org.apache.maven.surefire.junit4.JUnit4Provider.executeWithRerun(JUnit4Provider.java:240)
	at org.apache.maven.surefire.junit4.JUnit4Provider.executeTestSet(JUnit4Provider.java:214)
	at org.apache.maven.surefire.junit4.JUnit4Provider.invoke(JUnit4Provider.java:155)
	at org.apache.maven.surefire.booter.ForkedBooter.runSuitesInProcess(ForkedBooter.java:385)
	at org.apache.maven.surefire.booter.ForkedBooter.execute(ForkedBooter.java:162)
	at org.apache.maven.surefire.booter.ForkedBooter.run(ForkedBooter.java:507)
	at org.apache.maven.surefire.booter.ForkedBooter.main(ForkedBooter.java:495)
Caused by: java.io.IOException: Error while instrumenting sun/security/smartcardio/SunPCSC with JaCoCo 0.8.11.202310140853/f33756c.
	at org.jacoco.agent.rt.internal_4742761.core.instr.Instrumenter.instrumentError(Instrumenter.java:161)
	at org.jacoco.agent.rt.internal_4742761.core.instr.Instrumenter.instrument(Instrumenter.java:111)
	at org.jacoco.agent.rt.internal_4742761.CoverageTransformer.transform(CoverageTransformer.java:92)
	... 98 more
Caused by: java.lang.IllegalArgumentException: Unsupported class file major version 68
	at org.jacoco.agent.rt.internal_4742761.asm.ClassReader.<init>(ClassReader.java:200)
	at org.jacoco.agent.rt.internal_4742761.asm.ClassReader.<init>(ClassReader.java:180)
	at org.jacoco.agent.rt.internal_4742761.asm.ClassReader.<init>(ClassReader.java:166)
	at org.jacoco.agent.rt.internal_4742761.core.internal.instr.InstrSupport.classReaderFor(InstrSupport.java:280)
	at org.jacoco.agent.rt.internal_4742761.core.instr.Instrumenter.instrument(Instrumenter.java:77)
	at org.jacoco.agent.rt.internal_4742761.core.instr.Instrumenter.instrument(Instrumenter.java:109)
	... 99 more
java.lang.instrument.IllegalClassFormatException: Error while instrumenting sun/security/smartcardio/SunPCSC$1 with JaCoCo 0.8.11.202310140853/f33756c.
	at org.jacoco.agent.rt.internal_4742761.CoverageTransformer.transform(CoverageTransformer.java:94)
	at java.instrument/java.lang.instrument.ClassFileTransformer.transform(ClassFileTransformer.java:257)
	at java.instrument/sun.instrument.TransformerManager.transform(TransformerManager.java:188)
	at java.instrument/sun.instrument.InstrumentationImpl.transform(InstrumentationImpl.java:594)
	at java.base/java.lang.ClassLoader.defineClass2(Native Method)
	at java.base/java.lang.ClassLoader.defineClass(ClassLoader.java:1052)
	at java.base/java.security.SecureClassLoader.defineClass(SecureClassLoader.java:164)
	at java.base/jdk.internal.loader.BuiltinClassLoader.defineClass(BuiltinClassLoader.java:735)
	at java.base/jdk.internal.loader.BuiltinClassLoader.findClassInModuleOrNull(BuiltinClassLoader.java:678)
	at java.base/jdk.internal.loader.BuiltinClassLoader.loadClassOrNull(BuiltinClassLoader.java:604)
	at java.base/jdk.internal.loader.BuiltinClassLoader.loadClass(BuiltinClassLoader.java:578)
	at java.base/java.lang.ClassLoader.loadClass(ClassLoader.java:490)
	at java.smartcardio/sun.security.smartcardio.SunPCSC.<init>(SunPCSC.java:73)
	at java.base/jdk.internal.reflect.DirectConstructorHandleAccessor.newInstance(DirectConstructorHandleAccessor.java:62)
	at java.base/java.lang.reflect.Constructor.newInstanceWithCaller(Constructor.java:499)
	at java.base/java.lang.reflect.Constructor.newInstance(Constructor.java:483)
	at java.base/java.util.ServiceLoader$ProviderImpl.newInstance(ServiceLoader.java:707)
	at java.base/java.util.ServiceLoader$ProviderImpl.get(ServiceLoader.java:672)
	at java.base/java.util.ServiceLoader$2.next(ServiceLoader.java:1256)
	at java.base/sun.security.jca.ProviderConfig$ProviderLoader.load(ProviderConfig.java:319)
	at java.base/sun.security.jca.ProviderConfig.doLoadProvider(ProviderConfig.java:235)
	at java.base/sun.security.jca.ProviderConfig.getProvider(ProviderConfig.java:211)
	at java.base/sun.security.jca.ProviderList.getProvider(ProviderList.java:262)
	at java.base/sun.security.jca.ProviderList.getService(ProviderList.java:377)
	at java.base/sun.security.jca.GetInstance.getInstance(GetInstance.java:145)
	at java.base/java.security.Security.getImpl(Security.java:759)
	at java.base/java.security.AlgorithmParameters.getInstance(AlgorithmParameters.java:157)
	at java.base/sun.security.ssl.NamedGroup.<init>(NamedGroup.java:270)
	at java.base/sun.security.ssl.NamedGroup.<clinit>(NamedGroup.java:185)
	at java.base/sun.security.ssl.NamedGroup$SupportedGroups.<clinit>(NamedGroup.java:785)
	at java.base/sun.security.ssl.SSLConfiguration.<init>(SSLConfiguration.java:245)
	at java.base/sun.security.ssl.TransportContext.<init>(TransportContext.java:116)
	at java.base/sun.security.ssl.SSLSocketImpl.<init>(SSLSocketImpl.java:125)
	at java.base/sun.security.ssl.SSLSocketFactoryImpl.createSocket(SSLSocketFactoryImpl.java:72)
	at java.base/javax.net.ssl.SSLContextSpi.getDefaultSocket(SSLContextSpi.java:168)
	at java.base/javax.net.ssl.SSLContextSpi.engineGetDefaultSSLParameters(SSLContextSpi.java:193)
	at java.base/javax.net.ssl.SSLContext.getDefaultSSLParameters(SSLContext.java:457)
	at java.net.http/jdk.internal.net.http.HttpClientImpl.getDefaultParams(HttpClientImpl.java:614)
	at java.net.http/jdk.internal.net.http.HttpClientImpl.<init>(HttpClientImpl.java:471)
	at java.net.http/jdk.internal.net.http.HttpClientImpl.create(HttpClientImpl.java:420)
	at java.net.http/jdk.internal.net.http.HttpClientBuilderImpl.build(HttpClientBuilderImpl.java:142)
	at org.openqa.selenium.remote.http.jdk.JdkHttpClient.<init>(JdkHttpClient.java:156)
	at org.openqa.selenium.remote.http.jdk.JdkHttpClient$Factory.createClient(JdkHttpClient.java:548)
	at org.openqa.selenium.remote.HttpCommandExecutor.<init>(HttpCommandExecutor.java:117)
	at org.openqa.selenium.remote.HttpCommandExecutor.<init>(HttpCommandExecutor.java:93)
	at org.openqa.selenium.remote.service.DriverCommandExecutor.<init>(DriverCommandExecutor.java:87)
	at org.openqa.selenium.chromium.ChromiumDriverCommandExecutor.<init>(ChromiumDriverCommandExecutor.java:44)
	at org.openqa.selenium.chrome.ChromeDriver$ChromeDriverCommandExecutor.<init>(ChromeDriver.java:114)
	at org.openqa.selenium.chrome.ChromeDriver.generateExecutor(ChromeDriver.java:104)
	at org.openqa.selenium.chrome.ChromeDriver.<init>(ChromeDriver.java:88)
	at org.openqa.selenium.chrome.ChromeDriver.<init>(ChromeDriver.java:83)
	at org.openqa.selenium.chrome.ChromeDriver.<init>(ChromeDriver.java:51)
	at StepDefination.StepDef.setup1(StepDef.java:49)
	at java.base/jdk.internal.reflect.DirectMethodHandleAccessor.invoke(DirectMethodHandleAccessor.java:104)
	at java.base/java.lang.reflect.Method.invoke(Method.java:565)
	at io.cucumber.java.Invoker.doInvoke(Invoker.java:66)
	at io.cucumber.java.Invoker.invoke(Invoker.java:24)
	at io.cucumber.java.AbstractGlueDefinition.invokeMethod(AbstractGlueDefinition.java:47)
	at io.cucumber.java.JavaHookDefinition.execute(JavaHookDefinition.java:68)
	at io.cucumber.core.runner.CoreHookDefinition.execute(CoreHookDefinition.java:47)
	at io.cucumber.core.runner.HookDefinitionMatch.runStep(HookDefinitionMatch.java:21)
	at io.cucumber.core.runner.ExecutionMode$1.execute(ExecutionMode.java:10)
	at io.cucumber.core.runner.TestStep.executeStep(TestStep.java:81)
	at io.cucumber.core.runner.TestStep.run(TestStep.java:53)
	at io.cucumber.core.runner.TestCase.run(TestCase.java:80)
	at io.cucumber.core.runner.Runner.runPickle(Runner.java:77)
	at io.cucumber.junit.PickleRunners$NoStepDescriptions.lambda$run$0(PickleRunners.java:151)
	at io.cucumber.core.runtime.CucumberExecutionContext.lambda$runTestCase$5(CucumberExecutionContext.java:136)
	at io.cucumber.core.runtime.RethrowingThrowableCollector.executeAndThrow(RethrowingThrowableCollector.java:23)
	at io.cucumber.core.runtime.CucumberExecutionContext.runTestCase(CucumberExecutionContext.java:136)
	at io.cucumber.junit.PickleRunners$NoStepDescriptions.run(PickleRunners.java:148)
	at io.cucumber.junit.FeatureRunner.runChild(FeatureRunner.java:144)
	at io.cucumber.junit.FeatureRunner.runChild(FeatureRunner.java:28)
	at org.junit.runners.ParentRunner$4.run(ParentRunner.java:331)
	at org.junit.runners.ParentRunner$1.schedule(ParentRunner.java:79)
	at org.junit.runners.ParentRunner.runChildren(ParentRunner.java:329)
	at org.junit.runners.ParentRunner.access$100(ParentRunner.java:66)
	at org.junit.runners.ParentRunner$2.evaluate(ParentRunner.java:293)
	at org.junit.runners.ParentRunner$3.evaluate(ParentRunner.java:306)
	at org.junit.runners.ParentRunner.run(ParentRunner.java:413)
	at io.cucumber.junit.FeatureRunner.run(FeatureRunner.java:137)
	at io.cucumber.junit.Cucumber.runChild(Cucumber.java:196)
	at io.cucumber.junit.Cucumber.runChild(Cucumber.java:89)
	at org.junit.runners.ParentRunner$4.run(ParentRunner.java:331)
	at org.junit.runners.ParentRunner$1.schedule(ParentRunner.java:79)
	at org.junit.runners.ParentRunner.runChildren(ParentRunner.java:329)
	at org.junit.runners.ParentRunner.access$100(ParentRunner.java:66)
	at org.junit.runners.ParentRunner$2.evaluate(ParentRunner.java:293)
	at io.cucumber.core.runtime.CucumberExecutionContext.lambda$runFeatures$6(CucumberExecutionContext.java:147)
	at io.cucumber.core.runtime.CucumberExecutionContext.execute(CucumberExecutionContext.java:162)
	at io.cucumber.core.runtime.CucumberExecutionContext.runFeatures(CucumberExecutionContext.java:145)
	at io.cucumber.junit.Cucumber$StartAndFinishTestRun.evaluate(Cucumber.java:226)
	at org.junit.runners.ParentRunner$3.evaluate(ParentRunner.java:306)
	at org.junit.runners.ParentRunner.run(ParentRunner.java:413)
	at org.apache.maven.surefire.junit4.JUnit4Provider.execute(JUnit4Provider.java:316)
	at org.apache.maven.surefire.junit4.JUnit4Provider.executeWithRerun(JUnit4Provider.java:240)
	at org.apache.maven.surefire.junit4.JUnit4Provider.executeTestSet(JUnit4Provider.java:214)
	at org.apache.maven.surefire.junit4.JUnit4Provider.invoke(JUnit4Provider.java:155)
	at org.apache.maven.surefire.booter.ForkedBooter.runSuitesInProcess(ForkedBooter.java:385)
	at org.apache.maven.surefire.booter.ForkedBooter.execute(ForkedBooter.java:162)
	at org.apache.maven.surefire.booter.ForkedBooter.run(ForkedBooter.java:507)
	at org.apache.maven.surefire.booter.ForkedBooter.main(ForkedBooter.java:495)
Caused by: java.io.IOException: Error while instrumenting sun/security/smartcardio/SunPCSC$1 with JaCoCo 0.8.11.202310140853/f33756c.
	at org.jacoco.agent.rt.internal_4742761.core.instr.Instrumenter.instrumentError(Instrumenter.java:161)
	at org.jacoco.agent.rt.internal_4742761.core.instr.Instrumenter.instrument(Instrumenter.java:111)
	at org.jacoco.agent.rt.internal_4742761.CoverageTransformer.transform(CoverageTransformer.java:92)
	... 101 more
Caused by: java.lang.IllegalArgumentException: Unsupported class file major version 68
	at org.jacoco.agent.rt.internal_4742761.asm.ClassReader.<init>(ClassReader.java:200)
	at org.jacoco.agent.rt.internal_4742761.asm.ClassReader.<init>(ClassReader.java:180)
	at org.jacoco.agent.rt.internal_4742761.asm.ClassReader.<init>(ClassReader.java:166)
	at org.jacoco.agent.rt.internal_4742761.core.internal.instr.InstrSupport.classReaderFor(InstrSupport.java:280)
	at org.jacoco.agent.rt.internal_4742761.core.instr.Instrumenter.instrument(Instrumenter.java:77)
	at org.jacoco.agent.rt.internal_4742761.core.instr.Instrumenter.instrument(Instrumenter.java:109)
	... 102 more
java.lang.instrument.IllegalClassFormatException: Error while instrumenting sun/security/smartcardio/SunPCSC$ProviderService with JaCoCo 0.8.11.202310140853/f33756c.
	at org.jacoco.agent.rt.internal_4742761.CoverageTransformer.transform(CoverageTransformer.java:94)
	at java.instrument/java.lang.instrument.ClassFileTransformer.transform(ClassFileTransformer.java:257)
	at java.instrument/sun.instrument.TransformerManager.transform(TransformerManager.java:188)
	at java.instrument/sun.instrument.InstrumentationImpl.transform(InstrumentationImpl.java:594)
	at java.base/java.lang.ClassLoader.defineClass2(Native Method)
	at java.base/java.lang.ClassLoader.defineClass(ClassLoader.java:1052)
	at java.base/java.security.SecureClassLoader.defineClass(SecureClassLoader.java:164)
	at java.base/jdk.internal.loader.BuiltinClassLoader.defineClass(BuiltinClassLoader.java:735)
	at java.base/jdk.internal.loader.BuiltinClassLoader.findClassInModuleOrNull(BuiltinClassLoader.java:678)
	at java.base/jdk.internal.loader.BuiltinClassLoader.loadClassOrNull(BuiltinClassLoader.java:604)
	at java.base/jdk.internal.loader.BuiltinClassLoader.loadClass(BuiltinClassLoader.java:578)
	at java.base/java.lang.ClassLoader.loadClass(ClassLoader.java:490)
	at java.smartcardio/sun.security.smartcardio.SunPCSC.<init>(SunPCSC.java:73)
	at java.base/jdk.internal.reflect.DirectConstructorHandleAccessor.newInstance(DirectConstructorHandleAccessor.java:62)
	at java.base/java.lang.reflect.Constructor.newInstanceWithCaller(Constructor.java:499)
	at java.base/java.lang.reflect.Constructor.newInstance(Constructor.java:483)
	at java.base/java.util.ServiceLoader$ProviderImpl.newInstance(ServiceLoader.java:707)
	at java.base/java.util.ServiceLoader$ProviderImpl.get(ServiceLoader.java:672)
	at java.base/java.util.ServiceLoader$2.next(ServiceLoader.java:1256)
	at java.base/sun.security.jca.ProviderConfig$ProviderLoader.load(ProviderConfig.java:319)
	at java.base/sun.security.jca.ProviderConfig.doLoadProvider(ProviderConfig.java:235)
	at java.base/sun.security.jca.ProviderConfig.getProvider(ProviderConfig.java:211)
	at java.base/sun.security.jca.ProviderList.getProvider(ProviderList.java:262)
	at java.base/sun.security.jca.ProviderList.getService(ProviderList.java:377)
	at java.base/sun.security.jca.GetInstance.getInstance(GetInstance.java:145)
	at java.base/java.security.Security.getImpl(Security.java:759)
	at java.base/java.security.AlgorithmParameters.getInstance(AlgorithmParameters.java:157)
	at java.base/sun.security.ssl.NamedGroup.<init>(NamedGroup.java:270)
	at java.base/sun.security.ssl.NamedGroup.<clinit>(NamedGroup.java:185)
	at java.base/sun.security.ssl.NamedGroup$SupportedGroups.<clinit>(NamedGroup.java:785)
	at java.base/sun.security.ssl.SSLConfiguration.<init>(SSLConfiguration.java:245)
	at java.base/sun.security.ssl.TransportContext.<init>(TransportContext.java:116)
	at java.base/sun.security.ssl.SSLSocketImpl.<init>(SSLSocketImpl.java:125)
	at java.base/sun.security.ssl.SSLSocketFactoryImpl.createSocket(SSLSocketFactoryImpl.java:72)
	at java.base/javax.net.ssl.SSLContextSpi.getDefaultSocket(SSLContextSpi.java:168)
	at java.base/javax.net.ssl.SSLContextSpi.engineGetDefaultSSLParameters(SSLContextSpi.java:193)
	at java.base/javax.net.ssl.SSLContext.getDefaultSSLParameters(SSLContext.java:457)
	at java.net.http/jdk.internal.net.http.HttpClientImpl.getDefaultParams(HttpClientImpl.java:614)
	at java.net.http/jdk.internal.net.http.HttpClientImpl.<init>(HttpClientImpl.java:471)
	at java.net.http/jdk.internal.net.http.HttpClientImpl.create(HttpClientImpl.java:420)
	at java.net.http/jdk.internal.net.http.HttpClientBuilderImpl.build(HttpClientBuilderImpl.java:142)
	at org.openqa.selenium.remote.http.jdk.JdkHttpClient.<init>(JdkHttpClient.java:156)
	at org.openqa.selenium.remote.http.jdk.JdkHttpClient$Factory.createClient(JdkHttpClient.java:548)
	at org.openqa.selenium.remote.HttpCommandExecutor.<init>(HttpCommandExecutor.java:117)
	at org.openqa.selenium.remote.HttpCommandExecutor.<init>(HttpCommandExecutor.java:93)
	at org.openqa.selenium.remote.service.DriverCommandExecutor.<init>(DriverCommandExecutor.java:87)
	at org.openqa.selenium.chromium.ChromiumDriverCommandExecutor.<init>(ChromiumDriverCommandExecutor.java:44)
	at org.openqa.selenium.chrome.ChromeDriver$ChromeDriverCommandExecutor.<init>(ChromeDriver.java:114)
	at org.openqa.selenium.chrome.ChromeDriver.generateExecutor(ChromeDriver.java:104)
	at org.openqa.selenium.chrome.ChromeDriver.<init>(ChromeDriver.java:88)
	at org.openqa.selenium.chrome.ChromeDriver.<init>(ChromeDriver.java:83)
	at org.openqa.selenium.chrome.ChromeDriver.<init>(ChromeDriver.java:51)
	at StepDefination.StepDef.setup1(StepDef.java:49)
	at java.base/jdk.internal.reflect.DirectMethodHandleAccessor.invoke(DirectMethodHandleAccessor.java:104)
	at java.base/java.lang.reflect.Method.invoke(Method.java:565)
	at io.cucumber.java.Invoker.doInvoke(Invoker.java:66)
	at io.cucumber.java.Invoker.invoke(Invoker.java:24)
	at io.cucumber.java.AbstractGlueDefinition.invokeMethod(AbstractGlueDefinition.java:47)
	at io.cucumber.java.JavaHookDefinition.execute(JavaHookDefinition.java:68)
	at io.cucumber.core.runner.CoreHookDefinition.execute(CoreHookDefinition.java:47)
	at io.cucumber.core.runner.HookDefinitionMatch.runStep(HookDefinitionMatch.java:21)
	at io.cucumber.core.runner.ExecutionMode$1.execute(ExecutionMode.java:10)
	at io.cucumber.core.runner.TestStep.executeStep(TestStep.java:81)
	at io.cucumber.core.runner.TestStep.run(TestStep.java:53)
	at io.cucumber.core.runner.TestCase.run(TestCase.java:80)
	at io.cucumber.core.runner.Runner.runPickle(Runner.java:77)
	at io.cucumber.junit.PickleRunners$NoStepDescriptions.lambda$run$0(PickleRunners.java:151)
	at io.cucumber.core.runtime.CucumberExecutionContext.lambda$runTestCase$5(CucumberExecutionContext.java:136)
	at io.cucumber.core.runtime.RethrowingThrowableCollector.executeAndThrow(RethrowingThrowableCollector.java:23)
	at io.cucumber.core.runtime.CucumberExecutionContext.runTestCase(CucumberExecutionContext.java:136)
	at io.cucumber.junit.PickleRunners$NoStepDescriptions.run(PickleRunners.java:148)
	at io.cucumber.junit.FeatureRunner.runChild(FeatureRunner.java:144)
	at io.cucumber.junit.FeatureRunner.runChild(FeatureRunner.java:28)
	at org.junit.runners.ParentRunner$4.run(ParentRunner.java:331)
	at org.junit.runners.ParentRunner$1.schedule(ParentRunner.java:79)
	at org.junit.runners.ParentRunner.runChildren(ParentRunner.java:329)
	at org.junit.runners.ParentRunner.access$100(ParentRunner.java:66)
	at org.junit.runners.ParentRunner$2.evaluate(ParentRunner.java:293)
	at org.junit.runners.ParentRunner$3.evaluate(ParentRunner.java:306)
	at org.junit.runners.ParentRunner.run(ParentRunner.java:413)
	at io.cucumber.junit.FeatureRunner.run(FeatureRunner.java:137)
	at io.cucumber.junit.Cucumber.runChild(Cucumber.java:196)
	at io.cucumber.junit.Cucumber.runChild(Cucumber.java:89)
	at org.junit.runners.ParentRunner$4.run(ParentRunner.java:331)
	at org.junit.runners.ParentRunner$1.schedule(ParentRunner.java:79)
	at org.junit.runners.ParentRunner.runChildren(ParentRunner.java:329)
	at org.junit.runners.ParentRunner.access$100(ParentRunner.java:66)
	at org.junit.runners.ParentRunner$2.evaluate(ParentRunner.java:293)
	at io.cucumber.core.runtime.CucumberExecutionContext.lambda$runFeatures$6(CucumberExecutionContext.java:147)
	at io.cucumber.core.runtime.CucumberExecutionContext.execute(CucumberExecutionContext.java:162)
	at io.cucumber.core.runtime.CucumberExecutionContext.runFeatures(CucumberExecutionContext.java:145)
	at io.cucumber.junit.Cucumber$StartAndFinishTestRun.evaluate(Cucumber.java:226)
	at org.junit.runners.ParentRunner$3.evaluate(ParentRunner.java:306)
	at org.junit.runners.ParentRunner.run(ParentRunner.java:413)
	at org.apache.maven.surefire.junit4.JUnit4Provider.execute(JUnit4Provider.java:316)
	at org.apache.maven.surefire.junit4.JUnit4Provider.executeWithRerun(JUnit4Provider.java:240)
	at org.apache.maven.surefire.junit4.JUnit4Provider.executeTestSet(JUnit4Provider.java:214)
	at org.apache.maven.surefire.junit4.JUnit4Provider.invoke(JUnit4Provider.java:155)
	at org.apache.maven.surefire.booter.ForkedBooter.runSuitesInProcess(ForkedBooter.java:385)
	at org.apache.maven.surefire.booter.ForkedBooter.execute(ForkedBooter.java:162)
	at org.apache.maven.surefire.booter.ForkedBooter.run(ForkedBooter.java:507)
	at org.apache.maven.surefire.booter.ForkedBooter.main(ForkedBooter.java:495)
Caused by: java.io.IOException: Error while instrumenting sun/security/smartcardio/SunPCSC$ProviderService with JaCoCo 0.8.11.202310140853/f33756c.
	at org.jacoco.agent.rt.internal_4742761.core.instr.Instrumenter.instrumentError(Instrumenter.java:161)
	at org.jacoco.agent.rt.internal_4742761.core.instr.Instrumenter.instrument(Instrumenter.java:111)
	at org.jacoco.agent.rt.internal_4742761.CoverageTransformer.transform(CoverageTransformer.java:92)
	... 101 more
Caused by: java.lang.IllegalArgumentException: Unsupported class file major version 68
	at org.jacoco.agent.rt.internal_4742761.asm.ClassReader.<init>(ClassReader.java:200)
	at org.jacoco.agent.rt.internal_4742761.asm.ClassReader.<init>(ClassReader.java:180)
	at org.jacoco.agent.rt.internal_4742761.asm.ClassReader.<init>(ClassReader.java:166)
	at org.jacoco.agent.rt.internal_4742761.core.internal.instr.InstrSupport.classReaderFor(InstrSupport.java:280)
	at org.jacoco.agent.rt.internal_4742761.core.instr.Instrumenter.instrument(Instrumenter.java:77)
	at org.jacoco.agent.rt.internal_4742761.core.instr.Instrumenter.instrument(Instrumenter.java:109)
	... 102 more
java.lang.instrument.IllegalClassFormatException: Error while instrumenting org/jcp/xml/dsig/internal/dom/XMLDSigRI with JaCoCo 0.8.11.202310140853/f33756c.
	at org.jacoco.agent.rt.internal_4742761.CoverageTransformer.transform(CoverageTransformer.java:94)
	at java.instrument/java.lang.instrument.ClassFileTransformer.transform(ClassFileTransformer.java:257)
	at java.instrument/sun.instrument.TransformerManager.transform(TransformerManager.java:188)
	at java.instrument/sun.instrument.InstrumentationImpl.transform(InstrumentationImpl.java:594)
	at java.base/java.lang.ClassLoader.defineClass2(Native Method)
	at java.base/java.lang.ClassLoader.defineClass(ClassLoader.java:1052)
	at java.base/java.security.SecureClassLoader.defineClass(SecureClassLoader.java:164)
	at java.base/jdk.internal.loader.BuiltinClassLoader.defineClass(BuiltinClassLoader.java:735)
	at java.base/jdk.internal.loader.BuiltinClassLoader.findClassInModuleOrNull(BuiltinClassLoader.java:678)
	at java.base/jdk.internal.loader.BuiltinClassLoader.findClass(BuiltinClassLoader.java:560)
	at java.base/java.lang.ClassLoader.loadClass(ClassLoader.java:602)
	at java.base/java.lang.Class.forName(Class.java:595)
	at java.base/java.util.ServiceLoader.loadProvider(ServiceLoader.java:755)
	at java.base/java.util.ServiceLoader$ModuleServicesLookupIterator.hasNext(ServiceLoader.java:955)
	at java.base/java.util.ServiceLoader$1.hasNext(ServiceLoader.java:1164)
	at java.base/java.util.ServiceLoader$2.hasNext(ServiceLoader.java:1246)
	at java.base/sun.security.jca.ProviderConfig$ProviderLoader.load(ProviderConfig.java:317)
	at java.base/sun.security.jca.ProviderConfig.doLoadProvider(ProviderConfig.java:235)
	at java.base/sun.security.jca.ProviderConfig.getProvider(ProviderConfig.java:211)
	at java.base/sun.security.jca.ProviderList.getProvider(ProviderList.java:262)
	at java.base/sun.security.jca.ProviderList.getService(ProviderList.java:377)
	at java.base/sun.security.jca.GetInstance.getInstance(GetInstance.java:145)
	at java.base/java.security.Security.getImpl(Security.java:759)
	at java.base/java.security.AlgorithmParameters.getInstance(AlgorithmParameters.java:157)
	at java.base/sun.security.ssl.NamedGroup.<init>(NamedGroup.java:270)
	at java.base/sun.security.ssl.NamedGroup.<clinit>(NamedGroup.java:185)
	at java.base/sun.security.ssl.NamedGroup$SupportedGroups.<clinit>(NamedGroup.java:785)
	at java.base/sun.security.ssl.SSLConfiguration.<init>(SSLConfiguration.java:245)
	at java.base/sun.security.ssl.TransportContext.<init>(TransportContext.java:116)
	at java.base/sun.security.ssl.SSLSocketImpl.<init>(SSLSocketImpl.java:125)
	at java.base/sun.security.ssl.SSLSocketFactoryImpl.createSocket(SSLSocketFactoryImpl.java:72)
	at java.base/javax.net.ssl.SSLContextSpi.getDefaultSocket(SSLContextSpi.java:168)
	at java.base/javax.net.ssl.SSLContextSpi.engineGetDefaultSSLParameters(SSLContextSpi.java:193)
	at java.base/javax.net.ssl.SSLContext.getDefaultSSLParameters(SSLContext.java:457)
	at java.net.http/jdk.internal.net.http.HttpClientImpl.getDefaultParams(HttpClientImpl.java:614)
	at java.net.http/jdk.internal.net.http.HttpClientImpl.<init>(HttpClientImpl.java:471)
	at java.net.http/jdk.internal.net.http.HttpClientImpl.create(HttpClientImpl.java:420)
	at java.net.http/jdk.internal.net.http.HttpClientBuilderImpl.build(HttpClientBuilderImpl.java:142)
	at org.openqa.selenium.remote.http.jdk.JdkHttpClient.<init>(JdkHttpClient.java:156)
	at org.openqa.selenium.remote.http.jdk.JdkHttpClient$Factory.createClient(JdkHttpClient.java:548)
	at org.openqa.selenium.remote.HttpCommandExecutor.<init>(HttpCommandExecutor.java:117)
	at org.openqa.selenium.remote.HttpCommandExecutor.<init>(HttpCommandExecutor.java:93)
	at org.openqa.selenium.remote.service.DriverCommandExecutor.<init>(DriverCommandExecutor.java:87)
	at org.openqa.selenium.chromium.ChromiumDriverCommandExecutor.<init>(ChromiumDriverCommandExecutor.java:44)
	at org.openqa.selenium.chrome.ChromeDriver$ChromeDriverCommandExecutor.<init>(ChromeDriver.java:114)
	at org.openqa.selenium.chrome.ChromeDriver.generateExecutor(ChromeDriver.java:104)
	at org.openqa.selenium.chrome.ChromeDriver.<init>(ChromeDriver.java:88)
	at org.openqa.selenium.chrome.ChromeDriver.<init>(ChromeDriver.java:83)
	at org.openqa.selenium.chrome.ChromeDriver.<init>(ChromeDriver.java:51)
	at StepDefination.StepDef.setup1(StepDef.java:49)
	at java.base/jdk.internal.reflect.DirectMethodHandleAccessor.invoke(DirectMethodHandleAccessor.java:104)
	at java.base/java.lang.reflect.Method.invoke(Method.java:565)
	at io.cucumber.java.Invoker.doInvoke(Invoker.java:66)
	at io.cucumber.java.Invoker.invoke(Invoker.java:24)
	at io.cucumber.java.AbstractGlueDefinition.invokeMethod(AbstractGlueDefinition.java:47)
	at io.cucumber.java.JavaHookDefinition.execute(JavaHookDefinition.java:68)
	at io.cucumber.core.runner.CoreHookDefinition.execute(CoreHookDefinition.java:47)
	at io.cucumber.core.runner.HookDefinitionMatch.runStep(HookDefinitionMatch.java:21)
	at io.cucumber.core.runner.ExecutionMode$1.execute(ExecutionMode.java:10)
	at io.cucumber.core.runner.TestStep.executeStep(TestStep.java:81)
	at io.cucumber.core.runner.TestStep.run(TestStep.java:53)
	at io.cucumber.core.runner.TestCase.run(TestCase.java:80)
	at io.cucumber.core.runner.Runner.runPickle(Runner.java:77)
	at io.cucumber.junit.PickleRunners$NoStepDescriptions.lambda$run$0(PickleRunners.java:151)
	at io.cucumber.core.runtime.CucumberExecutionContext.lambda$runTestCase$5(CucumberExecutionContext.java:136)
	at io.cucumber.core.runtime.RethrowingThrowableCollector.executeAndThrow(RethrowingThrowableCollector.java:23)
	at io.cucumber.core.runtime.CucumberExecutionContext.runTestCase(CucumberExecutionContext.java:136)
	at io.cucumber.junit.PickleRunners$NoStepDescriptions.run(PickleRunners.java:148)
	at io.cucumber.junit.FeatureRunner.runChild(FeatureRunner.java:144)
	at io.cucumber.junit.FeatureRunner.runChild(FeatureRunner.java:28)
	at org.junit.runners.ParentRunner$4.run(ParentRunner.java:331)
	at org.junit.runners.ParentRunner$1.schedule(ParentRunner.java:79)
	at org.junit.runners.ParentRunner.runChildren(ParentRunner.java:329)
	at org.junit.runners.ParentRunner.access$100(ParentRunner.java:66)
	at org.junit.runners.ParentRunner$2.evaluate(ParentRunner.java:293)
	at org.junit.runners.ParentRunner$3.evaluate(ParentRunner.java:306)
	at org.junit.runners.ParentRunner.run(ParentRunner.java:413)
	at io.cucumber.junit.FeatureRunner.run(FeatureRunner.java:137)
	at io.cucumber.junit.Cucumber.runChild(Cucumber.java:196)
	at io.cucumber.junit.Cucumber.runChild(Cucumber.java:89)
	at org.junit.runners.ParentRunner$4.run(ParentRunner.java:331)
	at org.junit.runners.ParentRunner$1.schedule(ParentRunner.java:79)
	at org.junit.runners.ParentRunner.runChildren(ParentRunner.java:329)
	at org.junit.runners.ParentRunner.access$100(ParentRunner.java:66)
	at org.junit.runners.ParentRunner$2.evaluate(ParentRunner.java:293)
	at io.cucumber.core.runtime.CucumberExecutionContext.lambda$runFeatures$6(CucumberExecutionContext.java:147)
	at io.cucumber.core.runtime.CucumberExecutionContext.execute(CucumberExecutionContext.java:162)
	at io.cucumber.core.runtime.CucumberExecutionContext.runFeatures(CucumberExecutionContext.java:145)
	at io.cucumber.junit.Cucumber$StartAndFinishTestRun.evaluate(Cucumber.java:226)
	at org.junit.runners.ParentRunner$3.evaluate(ParentRunner.java:306)
	at org.junit.runners.ParentRunner.run(ParentRunner.java:413)
	at org.apache.maven.surefire.junit4.JUnit4Provider.execute(JUnit4Provider.java:316)
	at org.apache.maven.surefire.junit4.JUnit4Provider.executeWithRerun(JUnit4Provider.java:240)
	at org.apache.maven.surefire.junit4.JUnit4Provider.executeTestSet(JUnit4Provider.java:214)
	at org.apache.maven.surefire.junit4.JUnit4Provider.invoke(JUnit4Provider.java:155)
	at org.apache.maven.surefire.booter.ForkedBooter.runSuitesInProcess(ForkedBooter.java:385)
	at org.apache.maven.surefire.booter.ForkedBooter.execute(ForkedBooter.java:162)
	at org.apache.maven.surefire.booter.ForkedBooter.run(ForkedBooter.java:507)
	at org.apache.maven.surefire.booter.ForkedBooter.main(ForkedBooter.java:495)
Caused by: java.io.IOException: Error while instrumenting org/jcp/xml/dsig/internal/dom/XMLDSigRI with JaCoCo 0.8.11.202310140853/f33756c.
	at org.jacoco.agent.rt.internal_4742761.core.instr.Instrumenter.instrumentError(Instrumenter.java:161)
	at org.jacoco.agent.rt.internal_4742761.core.instr.Instrumenter.instrument(Instrumenter.java:111)
	at org.jacoco.agent.rt.internal_4742761.CoverageTransformer.transform(CoverageTransformer.java:92)
	... 98 more
Caused by: java.lang.IllegalArgumentException: Unsupported class file major version 68
	at org.jacoco.agent.rt.internal_4742761.asm.ClassReader.<init>(ClassReader.java:200)
	at org.jacoco.agent.rt.internal_4742761.asm.ClassReader.<init>(ClassReader.java:180)
	at org.jacoco.agent.rt.internal_4742761.asm.ClassReader.<init>(ClassReader.java:166)
	at org.jacoco.agent.rt.internal_4742761.core.internal.instr.InstrSupport.classReaderFor(InstrSupport.java:280)
	at org.jacoco.agent.rt.internal_4742761.core.instr.Instrumenter.instrument(Instrumenter.java:77)
	at org.jacoco.agent.rt.internal_4742761.core.instr.Instrumenter.instrument(Instrumenter.java:109)
	... 99 more
java.lang.instrument.IllegalClassFormatException: Error while instrumenting org/jcp/xml/dsig/internal/dom/XMLDSigRI$1 with JaCoCo 0.8.11.202310140853/f33756c.
	at org.jacoco.agent.rt.internal_4742761.CoverageTransformer.transform(CoverageTransformer.java:94)
	at java.instrument/java.lang.instrument.ClassFileTransformer.transform(ClassFileTransformer.java:257)
	at java.instrument/sun.instrument.TransformerManager.transform(TransformerManager.java:188)
	at java.instrument/sun.instrument.InstrumentationImpl.transform(InstrumentationImpl.java:594)
	at java.base/java.lang.ClassLoader.defineClass2(Native Method)
	at java.base/java.lang.ClassLoader.defineClass(ClassLoader.java:1052)
	at java.base/java.security.SecureClassLoader.defineClass(SecureClassLoader.java:164)
	at java.base/jdk.internal.loader.BuiltinClassLoader.defineClass(BuiltinClassLoader.java:735)
	at java.base/jdk.internal.loader.BuiltinClassLoader.findClassInModuleOrNull(BuiltinClassLoader.java:678)
	at java.base/jdk.internal.loader.BuiltinClassLoader.loadClassOrNull(BuiltinClassLoader.java:604)
	at java.base/jdk.internal.loader.BuiltinClassLoader.loadClass(BuiltinClassLoader.java:578)
	at java.base/java.lang.ClassLoader.loadClass(ClassLoader.java:490)
	at java.xml.crypto/org.jcp.xml.dsig.internal.dom.XMLDSigRI.<clinit>(XMLDSigRI.java:67)
	at java.base/jdk.internal.misc.Unsafe.ensureClassInitialized0(Native Method)
	at java.base/jdk.internal.misc.Unsafe.ensureClassInitialized(Unsafe.java:1166)
	at java.base/jdk.internal.reflect.MethodHandleAccessorFactory.ensureClassInitialized(MethodHandleAccessorFactory.java:341)
	at java.base/jdk.internal.reflect.MethodHandleAccessorFactory.newConstructorAccessor(MethodHandleAccessorFactory.java:104)
	at java.base/jdk.internal.reflect.ReflectionFactory.newConstructorAccessor(ReflectionFactory.java:143)
	at java.base/java.lang.reflect.Constructor.acquireConstructorAccessor(Constructor.java:546)
	at java.base/java.lang.reflect.Constructor.newInstanceWithCaller(Constructor.java:496)
	at java.base/java.lang.reflect.Constructor.newInstance(Constructor.java:483)
	at java.base/java.util.ServiceLoader$ProviderImpl.newInstance(ServiceLoader.java:707)
	at java.base/java.util.ServiceLoader$ProviderImpl.get(ServiceLoader.java:672)
	at java.base/java.util.ServiceLoader$2.next(ServiceLoader.java:1256)
	at java.base/sun.security.jca.ProviderConfig$ProviderLoader.load(ProviderConfig.java:319)
	at java.base/sun.security.jca.ProviderConfig.doLoadProvider(ProviderConfig.java:235)
	at java.base/sun.security.jca.ProviderConfig.getProvider(ProviderConfig.java:211)
	at java.base/sun.security.jca.ProviderList.getProvider(ProviderList.java:262)
	at java.base/sun.security.jca.ProviderList.getService(ProviderList.java:377)
	at java.base/sun.security.jca.GetInstance.getInstance(GetInstance.java:145)
	at java.base/java.security.Security.getImpl(Security.java:759)
	at java.base/java.security.AlgorithmParameters.getInstance(AlgorithmParameters.java:157)
	at java.base/sun.security.ssl.NamedGroup.<init>(NamedGroup.java:270)
	at java.base/sun.security.ssl.NamedGroup.<clinit>(NamedGroup.java:185)
	at java.base/sun.security.ssl.NamedGroup$SupportedGroups.<clinit>(NamedGroup.java:785)
	at java.base/sun.security.ssl.SSLConfiguration.<init>(SSLConfiguration.java:245)
	at java.base/sun.security.ssl.TransportContext.<init>(TransportContext.java:116)
	at java.base/sun.security.ssl.SSLSocketImpl.<init>(SSLSocketImpl.java:125)
	at java.base/sun.security.ssl.SSLSocketFactoryImpl.createSocket(SSLSocketFactoryImpl.java:72)
	at java.base/javax.net.ssl.SSLContextSpi.getDefaultSocket(SSLContextSpi.java:168)
	at java.base/javax.net.ssl.SSLContextSpi.engineGetDefaultSSLParameters(SSLContextSpi.java:193)
	at java.base/javax.net.ssl.SSLContext.getDefaultSSLParameters(SSLContext.java:457)
	at java.net.http/jdk.internal.net.http.HttpClientImpl.getDefaultParams(HttpClientImpl.java:614)
	at java.net.http/jdk.internal.net.http.HttpClientImpl.<init>(HttpClientImpl.java:471)
	at java.net.http/jdk.internal.net.http.HttpClientImpl.create(HttpClientImpl.java:420)
	at java.net.http/jdk.internal.net.http.HttpClientBuilderImpl.build(HttpClientBuilderImpl.java:142)
	at org.openqa.selenium.remote.http.jdk.JdkHttpClient.<init>(JdkHttpClient.java:156)
	at org.openqa.selenium.remote.http.jdk.JdkHttpClient$Factory.createClient(JdkHttpClient.java:548)
	at org.openqa.selenium.remote.HttpCommandExecutor.<init>(HttpCommandExecutor.java:117)
	at org.openqa.selenium.remote.HttpCommandExecutor.<init>(HttpCommandExecutor.java:93)
	at org.openqa.selenium.remote.service.DriverCommandExecutor.<init>(DriverCommandExecutor.java:87)
	at org.openqa.selenium.chromium.ChromiumDriverCommandExecutor.<init>(ChromiumDriverCommandExecutor.java:44)
	at org.openqa.selenium.chrome.ChromeDriver$ChromeDriverCommandExecutor.<init>(ChromeDriver.java:114)
	at org.openqa.selenium.chrome.ChromeDriver.generateExecutor(ChromeDriver.java:104)
	at org.openqa.selenium.chrome.ChromeDriver.<init>(ChromeDriver.java:88)
	at org.openqa.selenium.chrome.ChromeDriver.<init>(ChromeDriver.java:83)
	at org.openqa.selenium.chrome.ChromeDriver.<init>(ChromeDriver.java:51)
	at StepDefination.StepDef.setup1(StepDef.java:49)
	at java.base/jdk.internal.reflect.DirectMethodHandleAccessor.invoke(DirectMethodHandleAccessor.java:104)
	at java.base/java.lang.reflect.Method.invoke(Method.java:565)
	at io.cucumber.java.Invoker.doInvoke(Invoker.java:66)
	at io.cucumber.java.Invoker.invoke(Invoker.java:24)
	at io.cucumber.java.AbstractGlueDefinition.invokeMethod(AbstractGlueDefinition.java:47)
	at io.cucumber.java.JavaHookDefinition.execute(JavaHookDefinition.java:68)
	at io.cucumber.core.runner.CoreHookDefinition.execute(CoreHookDefinition.java:47)
	at io.cucumber.core.runner.HookDefinitionMatch.runStep(HookDefinitionMatch.java:21)
	at io.cucumber.core.runner.ExecutionMode$1.execute(ExecutionMode.java:10)
	at io.cucumber.core.runner.TestStep.executeStep(TestStep.java:81)
	at io.cucumber.core.runner.TestStep.run(TestStep.java:53)
	at io.cucumber.core.runner.TestCase.run(TestCase.java:80)
	at io.cucumber.core.runner.Runner.runPickle(Runner.java:77)
	at io.cucumber.junit.PickleRunners$NoStepDescriptions.lambda$run$0(PickleRunners.java:151)
	at io.cucumber.core.runtime.CucumberExecutionContext.lambda$runTestCase$5(CucumberExecutionContext.java:136)
	at io.cucumber.core.runtime.RethrowingThrowableCollector.executeAndThrow(RethrowingThrowableCollector.java:23)
	at io.cucumber.core.runtime.CucumberExecutionContext.runTestCase(CucumberExecutionContext.java:136)
	at io.cucumber.junit.PickleRunners$NoStepDescriptions.run(PickleRunners.java:148)
	at io.cucumber.junit.FeatureRunner.runChild(FeatureRunner.java:144)
	at io.cucumber.junit.FeatureRunner.runChild(FeatureRunner.java:28)
	at org.junit.runners.ParentRunner$4.run(ParentRunner.java:331)
	at org.junit.runners.ParentRunner$1.schedule(ParentRunner.java:79)
	at org.junit.runners.ParentRunner.runChildren(ParentRunner.java:329)
	at org.junit.runners.ParentRunner.access$100(ParentRunner.java:66)
	at org.junit.runners.ParentRunner$2.evaluate(ParentRunner.java:293)
	at org.junit.runners.ParentRunner$3.evaluate(ParentRunner.java:306)
	at org.junit.runners.ParentRunner.run(ParentRunner.java:413)
	at io.cucumber.junit.FeatureRunner.run(FeatureRunner.java:137)
	at io.cucumber.junit.Cucumber.runChild(Cucumber.java:196)
	at io.cucumber.junit.Cucumber.runChild(Cucumber.java:89)
	at org.junit.runners.ParentRunner$4.run(ParentRunner.java:331)
	at org.junit.runners.ParentRunner$1.schedule(ParentRunner.java:79)
	at org.junit.runners.ParentRunner.runChildren(ParentRunner.java:329)
	at org.junit.runners.ParentRunner.access$100(ParentRunner.java:66)
	at org.junit.runners.ParentRunner$2.evaluate(ParentRunner.java:293)
	at io.cucumber.core.runtime.CucumberExecutionContext.lambda$runFeatures$6(CucumberExecutionContext.java:147)
	at io.cucumber.core.runtime.CucumberExecutionContext.execute(CucumberExecutionContext.java:162)
	at io.cucumber.core.runtime.CucumberExecutionContext.runFeatures(CucumberExecutionContext.java:145)
	at io.cucumber.junit.Cucumber$StartAndFinishTestRun.evaluate(Cucumber.java:226)
	at org.junit.runners.ParentRunner$3.evaluate(ParentRunner.java:306)
	at org.junit.runners.ParentRunner.run(ParentRunner.java:413)
	at org.apache.maven.surefire.junit4.JUnit4Provider.execute(JUnit4Provider.java:316)
	at org.apache.maven.surefire.junit4.JUnit4Provider.executeWithRerun(JUnit4Provider.java:240)
	at org.apache.maven.surefire.junit4.JUnit4Provider.executeTestSet(JUnit4Provider.java:214)
	at org.apache.maven.surefire.junit4.JUnit4Provider.invoke(JUnit4Provider.java:155)
	at org.apache.maven.surefire.booter.ForkedBooter.runSuitesInProcess(ForkedBooter.java:385)
	at org.apache.maven.surefire.booter.ForkedBooter.execute(ForkedBooter.java:162)
	at org.apache.maven.surefire.booter.ForkedBooter.run(ForkedBooter.java:507)
	at org.apache.maven.surefire.booter.ForkedBooter.main(ForkedBooter.java:495)
Caused by: java.io.IOException: Error while instrumenting org/jcp/xml/dsig/internal/dom/XMLDSigRI$1 with JaCoCo 0.8.11.202310140853/f33756c.
	at org.jacoco.agent.rt.internal_4742761.core.instr.Instrumenter.instrumentError(Instrumenter.java:161)
	at org.jacoco.agent.rt.internal_4742761.core.instr.Instrumenter.instrument(Instrumenter.java:111)
	at org.jacoco.agent.rt.internal_4742761.CoverageTransformer.transform(CoverageTransformer.java:92)
	... 106 more
Caused by: java.lang.IllegalArgumentException: Unsupported class file major version 68
	at org.jacoco.agent.rt.internal_4742761.asm.ClassReader.<init>(ClassReader.java:200)
	at org.jacoco.agent.rt.internal_4742761.asm.ClassReader.<init>(ClassReader.java:180)
	at org.jacoco.agent.rt.internal_4742761.asm.ClassReader.<init>(ClassReader.java:166)
	at org.jacoco.agent.rt.internal_4742761.core.internal.instr.InstrSupport.classReaderFor(InstrSupport.java:280)
	at org.jacoco.agent.rt.internal_4742761.core.instr.Instrumenter.instrument(Instrumenter.java:77)
	at org.jacoco.agent.rt.internal_4742761.core.instr.Instrumenter.instrument(Instrumenter.java:109)
	... 107 more
java.lang.instrument.IllegalClassFormatException: Error while instrumenting org/jcp/xml/dsig/internal/dom/XMLDSigRI$2 with JaCoCo 0.8.11.202310140853/f33756c.
	at org.jacoco.agent.rt.internal_4742761.CoverageTransformer.transform(CoverageTransformer.java:94)
	at java.instrument/java.lang.instrument.ClassFileTransformer.transform(ClassFileTransformer.java:257)
	at java.instrument/sun.instrument.TransformerManager.transform(TransformerManager.java:188)
	at java.instrument/sun.instrument.InstrumentationImpl.transform(InstrumentationImpl.java:594)
	at java.base/java.lang.ClassLoader.defineClass2(Native Method)
	at java.base/java.lang.ClassLoader.defineClass(ClassLoader.java:1052)
	at java.base/java.security.SecureClassLoader.defineClass(SecureClassLoader.java:164)
	at java.base/jdk.internal.loader.BuiltinClassLoader.defineClass(BuiltinClassLoader.java:735)
	at java.base/jdk.internal.loader.BuiltinClassLoader.findClassInModuleOrNull(BuiltinClassLoader.java:678)
	at java.base/jdk.internal.loader.BuiltinClassLoader.loadClassOrNull(BuiltinClassLoader.java:604)
	at java.base/jdk.internal.loader.BuiltinClassLoader.loadClass(BuiltinClassLoader.java:578)
	at java.base/java.lang.ClassLoader.loadClass(ClassLoader.java:490)
	at java.xml.crypto/org.jcp.xml.dsig.internal.dom.XMLDSigRI.<init>(XMLDSigRI.java:149)
	at java.base/jdk.internal.reflect.DirectConstructorHandleAccessor.newInstance(DirectConstructorHandleAccessor.java:62)
	at java.base/java.lang.reflect.Constructor.newInstanceWithCaller(Constructor.java:499)
	at java.base/java.lang.reflect.Constructor.newInstance(Constructor.java:483)
	at java.base/java.util.ServiceLoader$ProviderImpl.newInstance(ServiceLoader.java:707)
	at java.base/java.util.ServiceLoader$ProviderImpl.get(ServiceLoader.java:672)
	at java.base/java.util.ServiceLoader$2.next(ServiceLoader.java:1256)
	at java.base/sun.security.jca.ProviderConfig$ProviderLoader.load(ProviderConfig.java:319)
	at java.base/sun.security.jca.ProviderConfig.doLoadProvider(ProviderConfig.java:235)
	at java.base/sun.security.jca.ProviderConfig.getProvider(ProviderConfig.java:211)
	at java.base/sun.security.jca.ProviderList.getProvider(ProviderList.java:262)
	at java.base/sun.security.jca.ProviderList.getService(ProviderList.java:377)
	at java.base/sun.security.jca.GetInstance.getInstance(GetInstance.java:145)
	at java.base/java.security.Security.getImpl(Security.java:759)
	at java.base/java.security.AlgorithmParameters.getInstance(AlgorithmParameters.java:157)
	at java.base/sun.security.ssl.NamedGroup.<init>(NamedGroup.java:270)
	at java.base/sun.security.ssl.NamedGroup.<clinit>(NamedGroup.java:185)
	at java.base/sun.security.ssl.NamedGroup$SupportedGroups.<clinit>(NamedGroup.java:785)
	at java.base/sun.security.ssl.SSLConfiguration.<init>(SSLConfiguration.java:245)
	at java.base/sun.security.ssl.TransportContext.<init>(TransportContext.java:116)
	at java.base/sun.security.ssl.SSLSocketImpl.<init>(SSLSocketImpl.java:125)
	at java.base/sun.security.ssl.SSLSocketFactoryImpl.createSocket(SSLSocketFactoryImpl.java:72)
	at java.base/javax.net.ssl.SSLContextSpi.getDefaultSocket(SSLContextSpi.java:168)
	at java.base/javax.net.ssl.SSLContextSpi.engineGetDefaultSSLParameters(SSLContextSpi.java:193)
	at java.base/javax.net.ssl.SSLContext.getDefaultSSLParameters(SSLContext.java:457)
	at java.net.http/jdk.internal.net.http.HttpClientImpl.getDefaultParams(HttpClientImpl.java:614)
	at java.net.http/jdk.internal.net.http.HttpClientImpl.<init>(HttpClientImpl.java:471)
	at java.net.http/jdk.internal.net.http.HttpClientImpl.create(HttpClientImpl.java:420)
	at java.net.http/jdk.internal.net.http.HttpClientBuilderImpl.build(HttpClientBuilderImpl.java:142)
	at org.openqa.selenium.remote.http.jdk.JdkHttpClient.<init>(JdkHttpClient.java:156)
	at org.openqa.selenium.remote.http.jdk.JdkHttpClient$Factory.createClient(JdkHttpClient.java:548)
	at org.openqa.selenium.remote.HttpCommandExecutor.<init>(HttpCommandExecutor.java:117)
	at org.openqa.selenium.remote.HttpCommandExecutor.<init>(HttpCommandExecutor.java:93)
	at org.openqa.selenium.remote.service.DriverCommandExecutor.<init>(DriverCommandExecutor.java:87)
	at org.openqa.selenium.chromium.ChromiumDriverCommandExecutor.<init>(ChromiumDriverCommandExecutor.java:44)
	at org.openqa.selenium.chrome.ChromeDriver$ChromeDriverCommandExecutor.<init>(ChromeDriver.java:114)
	at org.openqa.selenium.chrome.ChromeDriver.generateExecutor(ChromeDriver.java:104)
	at org.openqa.selenium.chrome.ChromeDriver.<init>(ChromeDriver.java:88)
	at org.openqa.selenium.chrome.ChromeDriver.<init>(ChromeDriver.java:83)
	at org.openqa.selenium.chrome.ChromeDriver.<init>(ChromeDriver.java:51)
	at StepDefination.StepDef.setup1(StepDef.java:49)
	at java.base/jdk.internal.reflect.DirectMethodHandleAccessor.invoke(DirectMethodHandleAccessor.java:104)
	at java.base/java.lang.reflect.Method.invoke(Method.java:565)
	at io.cucumber.java.Invoker.doInvoke(Invoker.java:66)
	at io.cucumber.java.Invoker.invoke(Invoker.java:24)
	at io.cucumber.java.AbstractGlueDefinition.invokeMethod(AbstractGlueDefinition.java:47)
	at io.cucumber.java.JavaHookDefinition.execute(JavaHookDefinition.java:68)
	at io.cucumber.core.runner.CoreHookDefinition.execute(CoreHookDefinition.java:47)
	at io.cucumber.core.runner.HookDefinitionMatch.runStep(HookDefinitionMatch.java:21)
	at io.cucumber.core.runner.ExecutionMode$1.execute(ExecutionMode.java:10)
	at io.cucumber.core.runner.TestStep.executeStep(TestStep.java:81)
	at io.cucumber.core.runner.TestStep.run(TestStep.java:53)
	at io.cucumber.core.runner.TestCase.run(TestCase.java:80)
	at io.cucumber.core.runner.Runner.runPickle(Runner.java:77)
	at io.cucumber.junit.PickleRunners$NoStepDescriptions.lambda$run$0(PickleRunners.java:151)
	at io.cucumber.core.runtime.CucumberExecutionContext.lambda$runTestCase$5(CucumberExecutionContext.java:136)
	at io.cucumber.core.runtime.RethrowingThrowableCollector.executeAndThrow(RethrowingThrowableCollector.java:23)
	at io.cucumber.core.runtime.CucumberExecutionContext.runTestCase(CucumberExecutionContext.java:136)
	at io.cucumber.junit.PickleRunners$NoStepDescriptions.run(PickleRunners.java:148)
	at io.cucumber.junit.FeatureRunner.runChild(FeatureRunner.java:144)
	at io.cucumber.junit.FeatureRunner.runChild(FeatureRunner.java:28)
	at org.junit.runners.ParentRunner$4.run(ParentRunner.java:331)
	at org.junit.runners.ParentRunner$1.schedule(ParentRunner.java:79)
	at org.junit.runners.ParentRunner.runChildren(ParentRunner.java:329)
	at org.junit.runners.ParentRunner.access$100(ParentRunner.java:66)
	at org.junit.runners.ParentRunner$2.evaluate(ParentRunner.java:293)
	at org.junit.runners.ParentRunner$3.evaluate(ParentRunner.java:306)
	at org.junit.runners.ParentRunner.run(ParentRunner.java:413)
	at io.cucumber.junit.FeatureRunner.run(FeatureRunner.java:137)
	at io.cucumber.junit.Cucumber.runChild(Cucumber.java:196)
	at io.cucumber.junit.Cucumber.runChild(Cucumber.java:89)
	at org.junit.runners.ParentRunner$4.run(ParentRunner.java:331)
	at org.junit.runners.ParentRunner$1.schedule(ParentRunner.java:79)
	at org.junit.runners.ParentRunner.runChildren(ParentRunner.java:329)
	at org.junit.runners.ParentRunner.access$100(ParentRunner.java:66)
	at org.junit.runners.ParentRunner$2.evaluate(ParentRunner.java:293)
	at io.cucumber.core.runtime.CucumberExecutionContext.lambda$runFeatures$6(CucumberExecutionContext.java:147)
	at io.cucumber.core.runtime.CucumberExecutionContext.execute(CucumberExecutionContext.java:162)
	at io.cucumber.core.runtime.CucumberExecutionContext.runFeatures(CucumberExecutionContext.java:145)
	at io.cucumber.junit.Cucumber$StartAndFinishTestRun.evaluate(Cucumber.java:226)
	at org.junit.runners.ParentRunner$3.evaluate(ParentRunner.java:306)
	at org.junit.runners.ParentRunner.run(ParentRunner.java:413)
	at org.apache.maven.surefire.junit4.JUnit4Provider.execute(JUnit4Provider.java:316)
	at org.apache.maven.surefire.junit4.JUnit4Provider.executeWithRerun(JUnit4Provider.java:240)
	at org.apache.maven.surefire.junit4.JUnit4Provider.executeTestSet(JUnit4Provider.java:214)
	at org.apache.maven.surefire.junit4.JUnit4Provider.invoke(JUnit4Provider.java:155)
	at org.apache.maven.surefire.booter.ForkedBooter.runSuitesInProcess(ForkedBooter.java:385)
	at org.apache.maven.surefire.booter.ForkedBooter.execute(ForkedBooter.java:162)
	at org.apache.maven.surefire.booter.ForkedBooter.run(ForkedBooter.java:507)
	at org.apache.maven.surefire.booter.ForkedBooter.main(ForkedBooter.java:495)
Caused by: java.io.IOException: Error while instrumenting org/jcp/xml/dsig/internal/dom/XMLDSigRI$2 with JaCoCo 0.8.11.202310140853/f33756c.
	at org.jacoco.agent.rt.internal_4742761.core.instr.Instrumenter.instrumentError(Instrumenter.java:161)
	at org.jacoco.agent.rt.internal_4742761.core.instr.Instrumenter.instrument(Instrumenter.java:111)
	at org.jacoco.agent.rt.internal_4742761.CoverageTransformer.transform(CoverageTransformer.java:92)
	... 101 more
Caused by: java.lang.IllegalArgumentException: Unsupported class file major version 68
	at org.jacoco.agent.rt.internal_4742761.asm.ClassReader.<init>(ClassReader.java:200)
	at org.jacoco.agent.rt.internal_4742761.asm.ClassReader.<init>(ClassReader.java:180)
	at org.jacoco.agent.rt.internal_4742761.asm.ClassReader.<init>(ClassReader.java:166)
	at org.jacoco.agent.rt.internal_4742761.core.internal.instr.InstrSupport.classReaderFor(InstrSupport.java:280)
	at org.jacoco.agent.rt.internal_4742761.core.instr.Instrumenter.instrument(Instrumenter.java:77)
	at org.jacoco.agent.rt.internal_4742761.core.instr.Instrumenter.instrument(Instrumenter.java:109)
	... 102 more
java.lang.instrument.IllegalClassFormatException: Error while instrumenting org/jcp/xml/dsig/internal/dom/XMLDSigRI$ProviderService with JaCoCo 0.8.11.202310140853/f33756c.
	at org.jacoco.agent.rt.internal_4742761.CoverageTransformer.transform(CoverageTransformer.java:94)
	at java.instrument/java.lang.instrument.ClassFileTransformer.transform(ClassFileTransformer.java:257)
	at java.instrument/sun.instrument.TransformerManager.transform(TransformerManager.java:188)
	at java.instrument/sun.instrument.InstrumentationImpl.transform(InstrumentationImpl.java:594)
	at java.base/java.lang.ClassLoader.defineClass2(Native Method)
	at java.base/java.lang.ClassLoader.defineClass(ClassLoader.java:1052)
	at java.base/java.security.SecureClassLoader.defineClass(SecureClassLoader.java:164)
	at java.base/jdk.internal.loader.BuiltinClassLoader.defineClass(BuiltinClassLoader.java:735)
	at java.base/jdk.internal.loader.BuiltinClassLoader.findClassInModuleOrNull(BuiltinClassLoader.java:678)
	at java.base/jdk.internal.loader.BuiltinClassLoader.loadClassOrNull(BuiltinClassLoader.java:604)
	at java.base/jdk.internal.loader.BuiltinClassLoader.loadClass(BuiltinClassLoader.java:578)
	at java.base/java.lang.ClassLoader.loadClass(ClassLoader.java:490)
	at java.xml.crypto/org.jcp.xml.dsig.internal.dom.XMLDSigRI.<init>(XMLDSigRI.java:149)
	at java.base/jdk.internal.reflect.DirectConstructorHandleAccessor.newInstance(DirectConstructorHandleAccessor.java:62)
	at java.base/java.lang.reflect.Constructor.newInstanceWithCaller(Constructor.java:499)
	at java.base/java.lang.reflect.Constructor.newInstance(Constructor.java:483)
	at java.base/java.util.ServiceLoader$ProviderImpl.newInstance(ServiceLoader.java:707)
	at java.base/java.util.ServiceLoader$ProviderImpl.get(ServiceLoader.java:672)
	at java.base/java.util.ServiceLoader$2.next(ServiceLoader.java:1256)
	at java.base/sun.security.jca.ProviderConfig$ProviderLoader.load(ProviderConfig.java:319)
	at java.base/sun.security.jca.ProviderConfig.doLoadProvider(ProviderConfig.java:235)
	at java.base/sun.security.jca.ProviderConfig.getProvider(ProviderConfig.java:211)
	at java.base/sun.security.jca.ProviderList.getProvider(ProviderList.java:262)
	at java.base/sun.security.jca.ProviderList.getService(ProviderList.java:377)
	at java.base/sun.security.jca.GetInstance.getInstance(GetInstance.java:145)
	at java.base/java.security.Security.getImpl(Security.java:759)
	at java.base/java.security.AlgorithmParameters.getInstance(AlgorithmParameters.java:157)
	at java.base/sun.security.ssl.NamedGroup.<init>(NamedGroup.java:270)
	at java.base/sun.security.ssl.NamedGroup.<clinit>(NamedGroup.java:185)
	at java.base/sun.security.ssl.NamedGroup$SupportedGroups.<clinit>(NamedGroup.java:785)
	at java.base/sun.security.ssl.SSLConfiguration.<init>(SSLConfiguration.java:245)
	at java.base/sun.security.ssl.TransportContext.<init>(TransportContext.java:116)
	at java.base/sun.security.ssl.SSLSocketImpl.<init>(SSLSocketImpl.java:125)
	at java.base/sun.security.ssl.SSLSocketFactoryImpl.createSocket(SSLSocketFactoryImpl.java:72)
	at java.base/javax.net.ssl.SSLContextSpi.getDefaultSocket(SSLContextSpi.java:168)
	at java.base/javax.net.ssl.SSLContextSpi.engineGetDefaultSSLParameters(SSLContextSpi.java:193)
	at java.base/javax.net.ssl.SSLContext.getDefaultSSLParameters(SSLContext.java:457)
	at java.net.http/jdk.internal.net.http.HttpClientImpl.getDefaultParams(HttpClientImpl.java:614)
	at java.net.http/jdk.internal.net.http.HttpClientImpl.<init>(HttpClientImpl.java:471)
	at java.net.http/jdk.internal.net.http.HttpClientImpl.create(HttpClientImpl.java:420)
	at java.net.http/jdk.internal.net.http.HttpClientBuilderImpl.build(HttpClientBuilderImpl.java:142)
	at org.openqa.selenium.remote.http.jdk.JdkHttpClient.<init>(JdkHttpClient.java:156)
	at org.openqa.selenium.remote.http.jdk.JdkHttpClient$Factory.createClient(JdkHttpClient.java:548)
	at org.openqa.selenium.remote.HttpCommandExecutor.<init>(HttpCommandExecutor.java:117)
	at org.openqa.selenium.remote.HttpCommandExecutor.<init>(HttpCommandExecutor.java:93)
	at org.openqa.selenium.remote.service.DriverCommandExecutor.<init>(DriverCommandExecutor.java:87)
	at org.openqa.selenium.chromium.ChromiumDriverCommandExecutor.<init>(ChromiumDriverCommandExecutor.java:44)
	at org.openqa.selenium.chrome.ChromeDriver$ChromeDriverCommandExecutor.<init>(ChromeDriver.java:114)
	at org.openqa.selenium.chrome.ChromeDriver.generateExecutor(ChromeDriver.java:104)
	at org.openqa.selenium.chrome.ChromeDriver.<init>(ChromeDriver.java:88)
	at org.openqa.selenium.chrome.ChromeDriver.<init>(ChromeDriver.java:83)
	at org.openqa.selenium.chrome.ChromeDriver.<init>(ChromeDriver.java:51)
	at StepDefination.StepDef.setup1(StepDef.java:49)
	at java.base/jdk.internal.reflect.DirectMethodHandleAccessor.invoke(DirectMethodHandleAccessor.java:104)
	at java.base/java.lang.reflect.Method.invoke(Method.java:565)
	at io.cucumber.java.Invoker.doInvoke(Invoker.java:66)
	at io.cucumber.java.Invoker.invoke(Invoker.java:24)
	at io.cucumber.java.AbstractGlueDefinition.invokeMethod(AbstractGlueDefinition.java:47)
	at io.cucumber.java.JavaHookDefinition.execute(JavaHookDefinition.java:68)
	at io.cucumber.core.runner.CoreHookDefinition.execute(CoreHookDefinition.java:47)
	at io.cucumber.core.runner.HookDefinitionMatch.runStep(HookDefinitionMatch.java:21)
	at io.cucumber.core.runner.ExecutionMode$1.execute(ExecutionMode.java:10)
	at io.cucumber.core.runner.TestStep.executeStep(TestStep.java:81)
	at io.cucumber.core.runner.TestStep.run(TestStep.java:53)
	at io.cucumber.core.runner.TestCase.run(TestCase.java:80)
	at io.cucumber.core.runner.Runner.runPickle(Runner.java:77)
	at io.cucumber.junit.PickleRunners$NoStepDescriptions.lambda$run$0(PickleRunners.java:151)
	at io.cucumber.core.runtime.CucumberExecutionContext.lambda$runTestCase$5(CucumberExecutionContext.java:136)
	at io.cucumber.core.runtime.RethrowingThrowableCollector.executeAndThrow(RethrowingThrowableCollector.java:23)
	at io.cucumber.core.runtime.CucumberExecutionContext.runTestCase(CucumberExecutionContext.java:136)
	at io.cucumber.junit.PickleRunners$NoStepDescriptions.run(PickleRunners.java:148)
	at io.cucumber.junit.FeatureRunner.runChild(FeatureRunner.java:144)
	at io.cucumber.junit.FeatureRunner.runChild(FeatureRunner.java:28)
	at org.junit.runners.ParentRunner$4.run(ParentRunner.java:331)
	at org.junit.runners.ParentRunner$1.schedule(ParentRunner.java:79)
	at org.junit.runners.ParentRunner.runChildren(ParentRunner.java:329)
	at org.junit.runners.ParentRunner.access$100(ParentRunner.java:66)
	at org.junit.runners.ParentRunner$2.evaluate(ParentRunner.java:293)
	at org.junit.runners.ParentRunner$3.evaluate(ParentRunner.java:306)
	at org.junit.runners.ParentRunner.run(ParentRunner.java:413)
	at io.cucumber.junit.FeatureRunner.run(FeatureRunner.java:137)
	at io.cucumber.junit.Cucumber.runChild(Cucumber.java:196)
	at io.cucumber.junit.Cucumber.runChild(Cucumber.java:89)
	at org.junit.runners.ParentRunner$4.run(ParentRunner.java:331)
	at org.junit.runners.ParentRunner$1.schedule(ParentRunner.java:79)
	at org.junit.runners.ParentRunner.runChildren(ParentRunner.java:329)
	at org.junit.runners.ParentRunner.access$100(ParentRunner.java:66)
	at org.junit.runners.ParentRunner$2.evaluate(ParentRunner.java:293)
	at io.cucumber.core.runtime.CucumberExecutionContext.lambda$runFeatures$6(CucumberExecutionContext.java:147)
	at io.cucumber.core.runtime.CucumberExecutionContext.execute(CucumberExecutionContext.java:162)
	at io.cucumber.core.runtime.CucumberExecutionContext.runFeatures(CucumberExecutionContext.java:145)
	at io.cucumber.junit.Cucumber$StartAndFinishTestRun.evaluate(Cucumber.java:226)
	at org.junit.runners.ParentRunner$3.evaluate(ParentRunner.java:306)
	at org.junit.runners.ParentRunner.run(ParentRunner.java:413)
	at org.apache.maven.surefire.junit4.JUnit4Provider.execute(JUnit4Provider.java:316)
	at org.apache.maven.surefire.junit4.JUnit4Provider.executeWithRerun(JUnit4Provider.java:240)
	at org.apache.maven.surefire.junit4.JUnit4Provider.executeTestSet(JUnit4Provider.java:214)
	at org.apache.maven.surefire.junit4.JUnit4Provider.invoke(JUnit4Provider.java:155)
	at org.apache.maven.surefire.booter.ForkedBooter.runSuitesInProcess(ForkedBooter.java:385)
	at org.apache.maven.surefire.booter.ForkedBooter.execute(ForkedBooter.java:162)
	at org.apache.maven.surefire.booter.ForkedBooter.run(ForkedBooter.java:507)
	at org.apache.maven.surefire.booter.ForkedBooter.main(ForkedBooter.java:495)
Caused by: java.io.IOException: Error while instrumenting org/jcp/xml/dsig/internal/dom/XMLDSigRI$ProviderService with JaCoCo 0.8.11.202310140853/f33756c.
	at org.jacoco.agent.rt.internal_4742761.core.instr.Instrumenter.instrumentError(Instrumenter.java:161)
	at org.jacoco.agent.rt.internal_4742761.core.instr.Instrumenter.instrument(Instrumenter.java:111)
	at org.jacoco.agent.rt.internal_4742761.CoverageTransformer.transform(CoverageTransformer.java:92)
	... 101 more
Caused by: java.lang.IllegalArgumentException: Unsupported class file major version 68
	at org.jacoco.agent.rt.internal_4742761.asm.ClassReader.<init>(ClassReader.java:200)
	at org.jacoco.agent.rt.internal_4742761.asm.ClassReader.<init>(ClassReader.java:180)
	at org.jacoco.agent.rt.internal_4742761.asm.ClassReader.<init>(ClassReader.java:166)
	at org.jacoco.agent.rt.internal_4742761.core.internal.instr.InstrSupport.classReaderFor(InstrSupport.java:280)
	at org.jacoco.agent.rt.internal_4742761.core.instr.Instrumenter.instrument(Instrumenter.java:77)
	at org.jacoco.agent.rt.internal_4742761.core.instr.Instrumenter.instrument(Instrumenter.java:109)
	... 102 more
java.lang.instrument.IllegalClassFormatException: Error while instrumenting sun/security/mscapi/SunMSCAPI with JaCoCo 0.8.11.202310140853/f33756c.
	at org.jacoco.agent.rt.internal_4742761.CoverageTransformer.transform(CoverageTransformer.java:94)
	at java.instrument/java.lang.instrument.ClassFileTransformer.transform(ClassFileTransformer.java:257)
	at java.instrument/sun.instrument.TransformerManager.transform(TransformerManager.java:188)
	at java.instrument/sun.instrument.InstrumentationImpl.transform(InstrumentationImpl.java:594)
	at java.base/java.lang.ClassLoader.defineClass2(Native Method)
	at java.base/java.lang.ClassLoader.defineClass(ClassLoader.java:1052)
	at java.base/java.security.SecureClassLoader.defineClass(SecureClassLoader.java:164)
	at java.base/jdk.internal.loader.BuiltinClassLoader.defineClass(BuiltinClassLoader.java:735)
	at java.base/jdk.internal.loader.BuiltinClassLoader.findClassInModuleOrNull(BuiltinClassLoader.java:678)
	at java.base/jdk.internal.loader.BuiltinClassLoader.findClass(BuiltinClassLoader.java:560)
	at java.base/java.lang.ClassLoader.loadClass(ClassLoader.java:602)
	at java.base/java.lang.Class.forName(Class.java:595)
	at java.base/java.util.ServiceLoader.loadProvider(ServiceLoader.java:755)
	at java.base/java.util.ServiceLoader$ModuleServicesLookupIterator.hasNext(ServiceLoader.java:955)
	at java.base/java.util.ServiceLoader$1.hasNext(ServiceLoader.java:1164)
	at java.base/java.util.ServiceLoader$2.hasNext(ServiceLoader.java:1246)
	at java.base/sun.security.jca.ProviderConfig$ProviderLoader.load(ProviderConfig.java:317)
	at java.base/sun.security.jca.ProviderConfig.doLoadProvider(ProviderConfig.java:235)
	at java.base/sun.security.jca.ProviderConfig.getProvider(ProviderConfig.java:211)
	at java.base/sun.security.jca.ProviderList.getProvider(ProviderList.java:262)
	at java.base/sun.security.jca.ProviderList.getService(ProviderList.java:377)
	at java.base/sun.security.jca.GetInstance.getInstance(GetInstance.java:145)
	at java.base/java.security.Security.getImpl(Security.java:759)
	at java.base/java.security.AlgorithmParameters.getInstance(AlgorithmParameters.java:157)
	at java.base/sun.security.ssl.NamedGroup.<init>(NamedGroup.java:270)
	at java.base/sun.security.ssl.NamedGroup.<clinit>(NamedGroup.java:185)
	at java.base/sun.security.ssl.NamedGroup$SupportedGroups.<clinit>(NamedGroup.java:785)
	at java.base/sun.security.ssl.SSLConfiguration.<init>(SSLConfiguration.java:245)
	at java.base/sun.security.ssl.TransportContext.<init>(TransportContext.java:116)
	at java.base/sun.security.ssl.SSLSocketImpl.<init>(SSLSocketImpl.java:125)
	at java.base/sun.security.ssl.SSLSocketFactoryImpl.createSocket(SSLSocketFactoryImpl.java:72)
	at java.base/javax.net.ssl.SSLContextSpi.getDefaultSocket(SSLContextSpi.java:168)
	at java.base/javax.net.ssl.SSLContextSpi.engineGetDefaultSSLParameters(SSLContextSpi.java:193)
	at java.base/javax.net.ssl.SSLContext.getDefaultSSLParameters(SSLContext.java:457)
	at java.net.http/jdk.internal.net.http.HttpClientImpl.getDefaultParams(HttpClientImpl.java:614)
	at java.net.http/jdk.internal.net.http.HttpClientImpl.<init>(HttpClientImpl.java:471)
	at java.net.http/jdk.internal.net.http.HttpClientImpl.create(HttpClientImpl.java:420)
	at java.net.http/jdk.internal.net.http.HttpClientBuilderImpl.build(HttpClientBuilderImpl.java:142)
	at org.openqa.selenium.remote.http.jdk.JdkHttpClient.<init>(JdkHttpClient.java:156)
	at org.openqa.selenium.remote.http.jdk.JdkHttpClient$Factory.createClient(JdkHttpClient.java:548)
	at org.openqa.selenium.remote.HttpCommandExecutor.<init>(HttpCommandExecutor.java:117)
	at org.openqa.selenium.remote.HttpCommandExecutor.<init>(HttpCommandExecutor.java:93)
	at org.openqa.selenium.remote.service.DriverCommandExecutor.<init>(DriverCommandExecutor.java:87)
	at org.openqa.selenium.chromium.ChromiumDriverCommandExecutor.<init>(ChromiumDriverCommandExecutor.java:44)
	at org.openqa.selenium.chrome.ChromeDriver$ChromeDriverCommandExecutor.<init>(ChromeDriver.java:114)
	at org.openqa.selenium.chrome.ChromeDriver.generateExecutor(ChromeDriver.java:104)
	at org.openqa.selenium.chrome.ChromeDriver.<init>(ChromeDriver.java:88)
	at org.openqa.selenium.chrome.ChromeDriver.<init>(ChromeDriver.java:83)
	at org.openqa.selenium.chrome.ChromeDriver.<init>(ChromeDriver.java:51)
	at StepDefination.StepDef.setup1(StepDef.java:49)
	at java.base/jdk.internal.reflect.DirectMethodHandleAccessor.invoke(DirectMethodHandleAccessor.java:104)
	at java.base/java.lang.reflect.Method.invoke(Method.java:565)
	at io.cucumber.java.Invoker.doInvoke(Invoker.java:66)
	at io.cucumber.java.Invoker.invoke(Invoker.java:24)
	at io.cucumber.java.AbstractGlueDefinition.invokeMethod(AbstractGlueDefinition.java:47)
	at io.cucumber.java.JavaHookDefinition.execute(JavaHookDefinition.java:68)
	at io.cucumber.core.runner.CoreHookDefinition.execute(CoreHookDefinition.java:47)
	at io.cucumber.core.runner.HookDefinitionMatch.runStep(HookDefinitionMatch.java:21)
	at io.cucumber.core.runner.ExecutionMode$1.execute(ExecutionMode.java:10)
	at io.cucumber.core.runner.TestStep.executeStep(TestStep.java:81)
	at io.cucumber.core.runner.TestStep.run(TestStep.java:53)
	at io.cucumber.core.runner.TestCase.run(TestCase.java:80)
	at io.cucumber.core.runner.Runner.runPickle(Runner.java:77)
	at io.cucumber.junit.PickleRunners$NoStepDescriptions.lambda$run$0(PickleRunners.java:151)
	at io.cucumber.core.runtime.CucumberExecutionContext.lambda$runTestCase$5(CucumberExecutionContext.java:136)
	at io.cucumber.core.runtime.RethrowingThrowableCollector.executeAndThrow(RethrowingThrowableCollector.java:23)
	at io.cucumber.core.runtime.CucumberExecutionContext.runTestCase(CucumberExecutionContext.java:136)
	at io.cucumber.junit.PickleRunners$NoStepDescriptions.run(PickleRunners.java:148)
	at io.cucumber.junit.FeatureRunner.runChild(FeatureRunner.java:144)
	at io.cucumber.junit.FeatureRunner.runChild(FeatureRunner.java:28)
	at org.junit.runners.ParentRunner$4.run(ParentRunner.java:331)
	at org.junit.runners.ParentRunner$1.schedule(ParentRunner.java:79)
	at org.junit.runners.ParentRunner.runChildren(ParentRunner.java:329)
	at org.junit.runners.ParentRunner.access$100(ParentRunner.java:66)
	at org.junit.runners.ParentRunner$2.evaluate(ParentRunner.java:293)
	at org.junit.runners.ParentRunner$3.evaluate(ParentRunner.java:306)
	at org.junit.runners.ParentRunner.run(ParentRunner.java:413)
	at io.cucumber.junit.FeatureRunner.run(FeatureRunner.java:137)
	at io.cucumber.junit.Cucumber.runChild(Cucumber.java:196)
	at io.cucumber.junit.Cucumber.runChild(Cucumber.java:89)
	at org.junit.runners.ParentRunner$4.run(ParentRunner.java:331)
	at org.junit.runners.ParentRunner$1.schedule(ParentRunner.java:79)
	at org.junit.runners.ParentRunner.runChildren(ParentRunner.java:329)
	at org.junit.runners.ParentRunner.access$100(ParentRunner.java:66)
	at org.junit.runners.ParentRunner$2.evaluate(ParentRunner.java:293)
	at io.cucumber.core.runtime.CucumberExecutionContext.lambda$runFeatures$6(CucumberExecutionContext.java:147)
	at io.cucumber.core.runtime.CucumberExecutionContext.execute(CucumberExecutionContext.java:162)
	at io.cucumber.core.runtime.CucumberExecutionContext.runFeatures(CucumberExecutionContext.java:145)
	at io.cucumber.junit.Cucumber$StartAndFinishTestRun.evaluate(Cucumber.java:226)
	at org.junit.runners.ParentRunner$3.evaluate(ParentRunner.java:306)
	at org.junit.runners.ParentRunner.run(ParentRunner.java:413)
	at org.apache.maven.surefire.junit4.JUnit4Provider.execute(JUnit4Provider.java:316)
	at org.apache.maven.surefire.junit4.JUnit4Provider.executeWithRerun(JUnit4Provider.java:240)
	at org.apache.maven.surefire.junit4.JUnit4Provider.executeTestSet(JUnit4Provider.java:214)
	at org.apache.maven.surefire.junit4.JUnit4Provider.invoke(JUnit4Provider.java:155)
	at org.apache.maven.surefire.booter.ForkedBooter.runSuitesInProcess(ForkedBooter.java:385)
	at org.apache.maven.surefire.booter.ForkedBooter.execute(ForkedBooter.java:162)
	at org.apache.maven.surefire.booter.ForkedBooter.run(ForkedBooter.java:507)
	at org.apache.maven.surefire.booter.ForkedBooter.main(ForkedBooter.java:495)
Caused by: java.io.IOException: Error while instrumenting sun/security/mscapi/SunMSCAPI with JaCoCo 0.8.11.202310140853/f33756c.
	at org.jacoco.agent.rt.internal_4742761.core.instr.Instrumenter.instrumentError(Instrumenter.java:161)
	at org.jacoco.agent.rt.internal_4742761.core.instr.Instrumenter.instrument(Instrumenter.java:111)
	at org.jacoco.agent.rt.internal_4742761.CoverageTransformer.transform(CoverageTransformer.java:92)
	... 98 more
Caused by: java.lang.IllegalArgumentException: Unsupported class file major version 68
	at org.jacoco.agent.rt.internal_4742761.asm.ClassReader.<init>(ClassReader.java:200)
	at org.jacoco.agent.rt.internal_4742761.asm.ClassReader.<init>(ClassReader.java:180)
	at org.jacoco.agent.rt.internal_4742761.asm.ClassReader.<init>(ClassReader.java:166)
	at org.jacoco.agent.rt.internal_4742761.core.internal.instr.InstrSupport.classReaderFor(InstrSupport.java:280)
	at org.jacoco.agent.rt.internal_4742761.core.instr.Instrumenter.instrument(Instrumenter.java:77)
	at org.jacoco.agent.rt.internal_4742761.core.instr.Instrumenter.instrument(Instrumenter.java:109)
	... 99 more
java.lang.instrument.IllegalClassFormatException: Error while instrumenting sun/security/mscapi/SunMSCAPI$ProviderService with JaCoCo 0.8.11.202310140853/f33756c.
	at org.jacoco.agent.rt.internal_4742761.CoverageTransformer.transform(CoverageTransformer.java:94)
	at java.instrument/java.lang.instrument.ClassFileTransformer.transform(ClassFileTransformer.java:257)
	at java.instrument/sun.instrument.TransformerManager.transform(TransformerManager.java:188)
	at java.instrument/sun.instrument.InstrumentationImpl.transform(InstrumentationImpl.java:594)
	at java.base/java.lang.ClassLoader.defineClass2(Native Method)
	at java.base/java.lang.ClassLoader.defineClass(ClassLoader.java:1052)
	at java.base/java.security.SecureClassLoader.defineClass(SecureClassLoader.java:164)
	at java.base/jdk.internal.loader.BuiltinClassLoader.defineClass(BuiltinClassLoader.java:735)
	at java.base/jdk.internal.loader.BuiltinClassLoader.findClassInModuleOrNull(BuiltinClassLoader.java:678)
	at java.base/jdk.internal.loader.BuiltinClassLoader.loadClassOrNull(BuiltinClassLoader.java:604)
	at java.base/jdk.internal.loader.BuiltinClassLoader.loadClass(BuiltinClassLoader.java:578)
	at java.base/java.lang.ClassLoader.loadClass(ClassLoader.java:490)
	at java.base/java.lang.Class.getDeclaredMethods0(Native Method)
	at java.base/java.lang.Class.privateGetDeclaredMethods(Class.java:3035)
	at java.base/java.lang.Class.getDeclaredPublicMethods(Class.java:2440)
	at java.base/java.lang.System$1.getDeclaredPublicMethods(System.java:1977)
	at java.base/java.util.ServiceLoader.findStaticProviderMethod(ServiceLoader.java:586)
	at java.base/java.util.ServiceLoader.loadProvider(ServiceLoader.java:770)
	at java.base/java.util.ServiceLoader$ModuleServicesLookupIterator.hasNext(ServiceLoader.java:955)
	at java.base/java.util.ServiceLoader$1.hasNext(ServiceLoader.java:1164)
	at java.base/java.util.ServiceLoader$2.hasNext(ServiceLoader.java:1246)
	at java.base/sun.security.jca.ProviderConfig$ProviderLoader.load(ProviderConfig.java:317)
	at java.base/sun.security.jca.ProviderConfig.doLoadProvider(ProviderConfig.java:235)
	at java.base/sun.security.jca.ProviderConfig.getProvider(ProviderConfig.java:211)
	at java.base/sun.security.jca.ProviderList.getProvider(ProviderList.java:262)
	at java.base/sun.security.jca.ProviderList.getService(ProviderList.java:377)
	at java.base/sun.security.jca.GetInstance.getInstance(GetInstance.java:145)
	at java.base/java.security.Security.getImpl(Security.java:759)
	at java.base/java.security.AlgorithmParameters.getInstance(AlgorithmParameters.java:157)
	at java.base/sun.security.ssl.NamedGroup.<init>(NamedGroup.java:270)
	at java.base/sun.security.ssl.NamedGroup.<clinit>(NamedGroup.java:185)
	at java.base/sun.security.ssl.NamedGroup$SupportedGroups.<clinit>(NamedGroup.java:785)
	at java.base/sun.security.ssl.SSLConfiguration.<init>(SSLConfiguration.java:245)
	at java.base/sun.security.ssl.TransportContext.<init>(TransportContext.java:116)
	at java.base/sun.security.ssl.SSLSocketImpl.<init>(SSLSocketImpl.java:125)
	at java.base/sun.security.ssl.SSLSocketFactoryImpl.createSocket(SSLSocketFactoryImpl.java:72)
	at java.base/javax.net.ssl.SSLContextSpi.getDefaultSocket(SSLContextSpi.java:168)
	at java.base/javax.net.ssl.SSLContextSpi.engineGetDefaultSSLParameters(SSLContextSpi.java:193)
	at java.base/javax.net.ssl.SSLContext.getDefaultSSLParameters(SSLContext.java:457)
	at java.net.http/jdk.internal.net.http.HttpClientImpl.getDefaultParams(HttpClientImpl.java:614)
	at java.net.http/jdk.internal.net.http.HttpClientImpl.<init>(HttpClientImpl.java:471)
	at java.net.http/jdk.internal.net.http.HttpClientImpl.create(HttpClientImpl.java:420)
	at java.net.http/jdk.internal.net.http.HttpClientBuilderImpl.build(HttpClientBuilderImpl.java:142)
	at org.openqa.selenium.remote.http.jdk.JdkHttpClient.<init>(JdkHttpClient.java:156)
	at org.openqa.selenium.remote.http.jdk.JdkHttpClient$Factory.createClient(JdkHttpClient.java:548)
	at org.openqa.selenium.remote.HttpCommandExecutor.<init>(HttpCommandExecutor.java:117)
	at org.openqa.selenium.remote.HttpCommandExecutor.<init>(HttpCommandExecutor.java:93)
	at org.openqa.selenium.remote.service.DriverCommandExecutor.<init>(DriverCommandExecutor.java:87)
	at org.openqa.selenium.chromium.ChromiumDriverCommandExecutor.<init>(ChromiumDriverCommandExecutor.java:44)
	at org.openqa.selenium.chrome.ChromeDriver$ChromeDriverCommandExecutor.<init>(ChromeDriver.java:114)
	at org.openqa.selenium.chrome.ChromeDriver.generateExecutor(ChromeDriver.java:104)
	at org.openqa.selenium.chrome.ChromeDriver.<init>(ChromeDriver.java:88)
	at org.openqa.selenium.chrome.ChromeDriver.<init>(ChromeDriver.java:83)
	at org.openqa.selenium.chrome.ChromeDriver.<init>(ChromeDriver.java:51)
	at StepDefination.StepDef.setup1(StepDef.java:49)
	at java.base/jdk.internal.reflect.DirectMethodHandleAccessor.invoke(DirectMethodHandleAccessor.java:104)
	at java.base/java.lang.reflect.Method.invoke(Method.java:565)
	at io.cucumber.java.Invoker.doInvoke(Invoker.java:66)
	at io.cucumber.java.Invoker.invoke(Invoker.java:24)
	at io.cucumber.java.AbstractGlueDefinition.invokeMethod(AbstractGlueDefinition.java:47)
	at io.cucumber.java.JavaHookDefinition.execute(JavaHookDefinition.java:68)
	at io.cucumber.core.runner.CoreHookDefinition.execute(CoreHookDefinition.java:47)
	at io.cucumber.core.runner.HookDefinitionMatch.runStep(HookDefinitionMatch.java:21)
	at io.cucumber.core.runner.ExecutionMode$1.execute(ExecutionMode.java:10)
	at io.cucumber.core.runner.TestStep.executeStep(TestStep.java:81)
	at io.cucumber.core.runner.TestStep.run(TestStep.java:53)
	at io.cucumber.core.runner.TestCase.run(TestCase.java:80)
	at io.cucumber.core.runner.Runner.runPickle(Runner.java:77)
	at io.cucumber.junit.PickleRunners$NoStepDescriptions.lambda$run$0(PickleRunners.java:151)
	at io.cucumber.core.runtime.CucumberExecutionContext.lambda$runTestCase$5(CucumberExecutionContext.java:136)
	at io.cucumber.core.runtime.RethrowingThrowableCollector.executeAndThrow(RethrowingThrowableCollector.java:23)
	at io.cucumber.core.runtime.CucumberExecutionContext.runTestCase(CucumberExecutionContext.java:136)
	at io.cucumber.junit.PickleRunners$NoStepDescriptions.run(PickleRunners.java:148)
	at io.cucumber.junit.FeatureRunner.runChild(FeatureRunner.java:144)
	at io.cucumber.junit.FeatureRunner.runChild(FeatureRunner.java:28)
	at org.junit.runners.ParentRunner$4.run(ParentRunner.java:331)
	at org.junit.runners.ParentRunner$1.schedule(ParentRunner.java:79)
	at org.junit.runners.ParentRunner.runChildren(ParentRunner.java:329)
	at org.junit.runners.ParentRunner.access$100(ParentRunner.java:66)
	at org.junit.runners.ParentRunner$2.evaluate(ParentRunner.java:293)
	at org.junit.runners.ParentRunner$3.evaluate(ParentRunner.java:306)
	at org.junit.runners.ParentRunner.run(ParentRunner.java:413)
	at io.cucumber.junit.FeatureRunner.run(FeatureRunner.java:137)
	at io.cucumber.junit.Cucumber.runChild(Cucumber.java:196)
	at io.cucumber.junit.Cucumber.runChild(Cucumber.java:89)
	at org.junit.runners.ParentRunner$4.run(ParentRunner.java:331)
	at org.junit.runners.ParentRunner$1.schedule(ParentRunner.java:79)
	at org.junit.runners.ParentRunner.runChildren(ParentRunner.java:329)
	at org.junit.runners.ParentRunner.access$100(ParentRunner.java:66)
	at org.junit.runners.ParentRunner$2.evaluate(ParentRunner.java:293)
	at io.cucumber.core.runtime.CucumberExecutionContext.lambda$runFeatures$6(CucumberExecutionContext.java:147)
	at io.cucumber.core.runtime.CucumberExecutionContext.execute(CucumberExecutionContext.java:162)
	at io.cucumber.core.runtime.CucumberExecutionContext.runFeatures(CucumberExecutionContext.java:145)
	at io.cucumber.junit.Cucumber$StartAndFinishTestRun.evaluate(Cucumber.java:226)
	at org.junit.runners.ParentRunner$3.evaluate(ParentRunner.java:306)
	at org.junit.runners.ParentRunner.run(ParentRunner.java:413)
	at org.apache.maven.surefire.junit4.JUnit4Provider.execute(JUnit4Provider.java:316)
	at org.apache.maven.surefire.junit4.JUnit4Provider.executeWithRerun(JUnit4Provider.java:240)
	at org.apache.maven.surefire.junit4.JUnit4Provider.executeTestSet(JUnit4Provider.java:214)
	at org.apache.maven.surefire.junit4.JUnit4Provider.invoke(JUnit4Provider.java:155)
	at org.apache.maven.surefire.booter.ForkedBooter.runSuitesInProcess(ForkedBooter.java:385)
	at org.apache.maven.surefire.booter.ForkedBooter.execute(ForkedBooter.java:162)
	at org.apache.maven.surefire.booter.ForkedBooter.run(ForkedBooter.java:507)
	at org.apache.maven.surefire.booter.ForkedBooter.main(ForkedBooter.java:495)
Caused by: java.io.IOException: Error while instrumenting sun/security/mscapi/SunMSCAPI$ProviderService with JaCoCo 0.8.11.202310140853/f33756c.
	at org.jacoco.agent.rt.internal_4742761.core.instr.Instrumenter.instrumentError(Instrumenter.java:161)
	at org.jacoco.agent.rt.internal_4742761.core.instr.Instrumenter.instrument(Instrumenter.java:111)
	at org.jacoco.agent.rt.internal_4742761.CoverageTransformer.transform(CoverageTransformer.java:92)
	... 103 more
Caused by: java.lang.IllegalArgumentException: Unsupported class file major version 68
	at org.jacoco.agent.rt.internal_4742761.asm.ClassReader.<init>(ClassReader.java:200)
	at org.jacoco.agent.rt.internal_4742761.asm.ClassReader.<init>(ClassReader.java:180)
	at org.jacoco.agent.rt.internal_4742761.asm.ClassReader.<init>(ClassReader.java:166)
	at org.jacoco.agent.rt.internal_4742761.core.internal.instr.InstrSupport.classReaderFor(InstrSupport.java:280)
	at org.jacoco.agent.rt.internal_4742761.core.instr.Instrumenter.instrument(Instrumenter.java:77)
	at org.jacoco.agent.rt.internal_4742761.core.instr.Instrumenter.instrument(Instrumenter.java:109)
	... 104 more
java.lang.instrument.IllegalClassFormatException: Error while instrumenting sun/security/mscapi/SunMSCAPI$ProviderServiceA with JaCoCo 0.8.11.202310140853/f33756c.
	at org.jacoco.agent.rt.internal_4742761.CoverageTransformer.transform(CoverageTransformer.java:94)
	at java.instrument/java.lang.instrument.ClassFileTransformer.transform(ClassFileTransformer.java:257)
	at java.instrument/sun.instrument.TransformerManager.transform(TransformerManager.java:188)
	at java.instrument/sun.instrument.InstrumentationImpl.transform(InstrumentationImpl.java:594)
	at java.base/java.lang.ClassLoader.defineClass2(Native Method)
	at java.base/java.lang.ClassLoader.defineClass(ClassLoader.java:1052)
	at java.base/java.security.SecureClassLoader.defineClass(SecureClassLoader.java:164)
	at java.base/jdk.internal.loader.BuiltinClassLoader.defineClass(BuiltinClassLoader.java:735)
	at java.base/jdk.internal.loader.BuiltinClassLoader.findClassInModuleOrNull(BuiltinClassLoader.java:678)
	at java.base/jdk.internal.loader.BuiltinClassLoader.loadClassOrNull(BuiltinClassLoader.java:604)
	at java.base/jdk.internal.loader.BuiltinClassLoader.loadClass(BuiltinClassLoader.java:578)
	at java.base/java.lang.ClassLoader.loadClass(ClassLoader.java:490)
	at java.base/java.lang.Class.getDeclaredMethods0(Native Method)
	at java.base/java.lang.Class.privateGetDeclaredMethods(Class.java:3035)
	at java.base/java.lang.Class.getDeclaredPublicMethods(Class.java:2440)
	at java.base/java.lang.System$1.getDeclaredPublicMethods(System.java:1977)
	at java.base/java.util.ServiceLoader.findStaticProviderMethod(ServiceLoader.java:586)
	at java.base/java.util.ServiceLoader.loadProvider(ServiceLoader.java:770)
	at java.base/java.util.ServiceLoader$ModuleServicesLookupIterator.hasNext(ServiceLoader.java:955)
	at java.base/java.util.ServiceLoader$1.hasNext(ServiceLoader.java:1164)
	at java.base/java.util.ServiceLoader$2.hasNext(ServiceLoader.java:1246)
	at java.base/sun.security.jca.ProviderConfig$ProviderLoader.load(ProviderConfig.java:317)
	at java.base/sun.security.jca.ProviderConfig.doLoadProvider(ProviderConfig.java:235)
	at java.base/sun.security.jca.ProviderConfig.getProvider(ProviderConfig.java:211)
	at java.base/sun.security.jca.ProviderList.getProvider(ProviderList.java:262)
	at java.base/sun.security.jca.ProviderList.getService(ProviderList.java:377)
	at java.base/sun.security.jca.GetInstance.getInstance(GetInstance.java:145)
	at java.base/java.security.Security.getImpl(Security.java:759)
	at java.base/java.security.AlgorithmParameters.getInstance(AlgorithmParameters.java:157)
	at java.base/sun.security.ssl.NamedGroup.<init>(NamedGroup.java:270)
	at java.base/sun.security.ssl.NamedGroup.<clinit>(NamedGroup.java:185)
	at java.base/sun.security.ssl.NamedGroup$SupportedGroups.<clinit>(NamedGroup.java:785)
	at java.base/sun.security.ssl.SSLConfiguration.<init>(SSLConfiguration.java:245)
	at java.base/sun.security.ssl.TransportContext.<init>(TransportContext.java:116)
	at java.base/sun.security.ssl.SSLSocketImpl.<init>(SSLSocketImpl.java:125)
	at java.base/sun.security.ssl.SSLSocketFactoryImpl.createSocket(SSLSocketFactoryImpl.java:72)
	at java.base/javax.net.ssl.SSLContextSpi.getDefaultSocket(SSLContextSpi.java:168)
	at java.base/javax.net.ssl.SSLContextSpi.engineGetDefaultSSLParameters(SSLContextSpi.java:193)
	at java.base/javax.net.ssl.SSLContext.getDefaultSSLParameters(SSLContext.java:457)
	at java.net.http/jdk.internal.net.http.HttpClientImpl.getDefaultParams(HttpClientImpl.java:614)
	at java.net.http/jdk.internal.net.http.HttpClientImpl.<init>(HttpClientImpl.java:471)
	at java.net.http/jdk.internal.net.http.HttpClientImpl.create(HttpClientImpl.java:420)
	at java.net.http/jdk.internal.net.http.HttpClientBuilderImpl.build(HttpClientBuilderImpl.java:142)
	at org.openqa.selenium.remote.http.jdk.JdkHttpClient.<init>(JdkHttpClient.java:156)
	at org.openqa.selenium.remote.http.jdk.JdkHttpClient$Factory.createClient(JdkHttpClient.java:548)
	at org.openqa.selenium.remote.HttpCommandExecutor.<init>(HttpCommandExecutor.java:117)
	at org.openqa.selenium.remote.HttpCommandExecutor.<init>(HttpCommandExecutor.java:93)
	at org.openqa.selenium.remote.service.DriverCommandExecutor.<init>(DriverCommandExecutor.java:87)
	at org.openqa.selenium.chromium.ChromiumDriverCommandExecutor.<init>(ChromiumDriverCommandExecutor.java:44)
	at org.openqa.selenium.chrome.ChromeDriver$ChromeDriverCommandExecutor.<init>(ChromeDriver.java:114)
	at org.openqa.selenium.chrome.ChromeDriver.generateExecutor(ChromeDriver.java:104)
	at org.openqa.selenium.chrome.ChromeDriver.<init>(ChromeDriver.java:88)
	at org.openqa.selenium.chrome.ChromeDriver.<init>(ChromeDriver.java:83)
	at org.openqa.selenium.chrome.ChromeDriver.<init>(ChromeDriver.java:51)
	at StepDefination.StepDef.setup1(StepDef.java:49)
	at java.base/jdk.internal.reflect.DirectMethodHandleAccessor.invoke(DirectMethodHandleAccessor.java:104)
	at java.base/java.lang.reflect.Method.invoke(Method.java:565)
	at io.cucumber.java.Invoker.doInvoke(Invoker.java:66)
	at io.cucumber.java.Invoker.invoke(Invoker.java:24)
	at io.cucumber.java.AbstractGlueDefinition.invokeMethod(AbstractGlueDefinition.java:47)
	at io.cucumber.java.JavaHookDefinition.execute(JavaHookDefinition.java:68)
	at io.cucumber.core.runner.CoreHookDefinition.execute(CoreHookDefinition.java:47)
	at io.cucumber.core.runner.HookDefinitionMatch.runStep(HookDefinitionMatch.java:21)
	at io.cucumber.core.runner.ExecutionMode$1.execute(ExecutionMode.java:10)
	at io.cucumber.core.runner.TestStep.executeStep(TestStep.java:81)
	at io.cucumber.core.runner.TestStep.run(TestStep.java:53)
	at io.cucumber.core.runner.TestCase.run(TestCase.java:80)
	at io.cucumber.core.runner.Runner.runPickle(Runner.java:77)
	at io.cucumber.junit.PickleRunners$NoStepDescriptions.lambda$run$0(PickleRunners.java:151)
	at io.cucumber.core.runtime.CucumberExecutionContext.lambda$runTestCase$5(CucumberExecutionContext.java:136)
	at io.cucumber.core.runtime.RethrowingThrowableCollector.executeAndThrow(RethrowingThrowableCollector.java:23)
	at io.cucumber.core.runtime.CucumberExecutionContext.runTestCase(CucumberExecutionContext.java:136)
	at io.cucumber.junit.PickleRunners$NoStepDescriptions.run(PickleRunners.java:148)
	at io.cucumber.junit.FeatureRunner.runChild(FeatureRunner.java:144)
	at io.cucumber.junit.FeatureRunner.runChild(FeatureRunner.java:28)
	at org.junit.runners.ParentRunner$4.run(ParentRunner.java:331)
	at org.junit.runners.ParentRunner$1.schedule(ParentRunner.java:79)
	at org.junit.runners.ParentRunner.runChildren(ParentRunner.java:329)
	at org.junit.runners.ParentRunner.access$100(ParentRunner.java:66)
	at org.junit.runners.ParentRunner$2.evaluate(ParentRunner.java:293)
	at org.junit.runners.ParentRunner$3.evaluate(ParentRunner.java:306)
	at org.junit.runners.ParentRunner.run(ParentRunner.java:413)
	at io.cucumber.junit.FeatureRunner.run(FeatureRunner.java:137)
	at io.cucumber.junit.Cucumber.runChild(Cucumber.java:196)
	at io.cucumber.junit.Cucumber.runChild(Cucumber.java:89)
	at org.junit.runners.ParentRunner$4.run(ParentRunner.java:331)
	at org.junit.runners.ParentRunner$1.schedule(ParentRunner.java:79)
	at org.junit.runners.ParentRunner.runChildren(ParentRunner.java:329)
	at org.junit.runners.ParentRunner.access$100(ParentRunner.java:66)
	at org.junit.runners.ParentRunner$2.evaluate(ParentRunner.java:293)
	at io.cucumber.core.runtime.CucumberExecutionContext.lambda$runFeatures$6(CucumberExecutionContext.java:147)
	at io.cucumber.core.runtime.CucumberExecutionContext.execute(CucumberExecutionContext.java:162)
	at io.cucumber.core.runtime.CucumberExecutionContext.runFeatures(CucumberExecutionContext.java:145)
	at io.cucumber.junit.Cucumber$StartAndFinishTestRun.evaluate(Cucumber.java:226)
	at org.junit.runners.ParentRunner$3.evaluate(ParentRunner.java:306)
	at org.junit.runners.ParentRunner.run(ParentRunner.java:413)
	at org.apache.maven.surefire.junit4.JUnit4Provider.execute(JUnit4Provider.java:316)
	at org.apache.maven.surefire.junit4.JUnit4Provider.executeWithRerun(JUnit4Provider.java:240)
	at org.apache.maven.surefire.junit4.JUnit4Provider.executeTestSet(JUnit4Provider.java:214)
	at org.apache.maven.surefire.junit4.JUnit4Provider.invoke(JUnit4Provider.java:155)
	at org.apache.maven.surefire.booter.ForkedBooter.runSuitesInProcess(ForkedBooter.java:385)
	at org.apache.maven.surefire.booter.ForkedBooter.execute(ForkedBooter.java:162)
	at org.apache.maven.surefire.booter.ForkedBooter.run(ForkedBooter.java:507)
	at org.apache.maven.surefire.booter.ForkedBooter.main(ForkedBooter.java:495)
Caused by: java.io.IOException: Error while instrumenting sun/security/mscapi/SunMSCAPI$ProviderServiceA with JaCoCo 0.8.11.202310140853/f33756c.
	at org.jacoco.agent.rt.internal_4742761.core.instr.Instrumenter.instrumentError(Instrumenter.java:161)
	at org.jacoco.agent.rt.internal_4742761.core.instr.Instrumenter.instrument(Instrumenter.java:111)
	at org.jacoco.agent.rt.internal_4742761.CoverageTransformer.transform(CoverageTransformer.java:92)
	... 103 more
Caused by: java.lang.IllegalArgumentException: Unsupported class file major version 68
	at org.jacoco.agent.rt.internal_4742761.asm.ClassReader.<init>(ClassReader.java:200)
	at org.jacoco.agent.rt.internal_4742761.asm.ClassReader.<init>(ClassReader.java:180)
	at org.jacoco.agent.rt.internal_4742761.asm.ClassReader.<init>(ClassReader.java:166)
	at org.jacoco.agent.rt.internal_4742761.core.internal.instr.InstrSupport.classReaderFor(InstrSupport.java:280)
	at org.jacoco.agent.rt.internal_4742761.core.instr.Instrumenter.instrument(Instrumenter.java:77)
	at org.jacoco.agent.rt.internal_4742761.core.instr.Instrumenter.instrument(Instrumenter.java:109)
	... 104 more
java.lang.instrument.IllegalClassFormatException: Error while instrumenting jdk/internal/net/http/ConnectionPool with JaCoCo 0.8.11.202310140853/f33756c.
	at org.jacoco.agent.rt.internal_4742761.CoverageTransformer.transform(CoverageTransformer.java:94)
	at java.instrument/java.lang.instrument.ClassFileTransformer.transform(ClassFileTransformer.java:257)
	at java.instrument/sun.instrument.TransformerManager.transform(TransformerManager.java:188)
	at java.instrument/sun.instrument.InstrumentationImpl.transform(InstrumentationImpl.java:594)
	at java.base/java.lang.ClassLoader.defineClass2(Native Method)
	at java.base/java.lang.ClassLoader.defineClass(ClassLoader.java:1052)
	at java.base/java.security.SecureClassLoader.defineClass(SecureClassLoader.java:164)
	at java.base/jdk.internal.loader.BuiltinClassLoader.defineClass(BuiltinClassLoader.java:735)
	at java.base/jdk.internal.loader.BuiltinClassLoader.findClassInModuleOrNull(BuiltinClassLoader.java:678)
	at java.base/jdk.internal.loader.BuiltinClassLoader.loadClassOrNull(BuiltinClassLoader.java:604)
	at java.base/jdk.internal.loader.BuiltinClassLoader.loadClass(BuiltinClassLoader.java:578)
	at java.base/java.lang.ClassLoader.loadClass(ClassLoader.java:490)
	at java.net.http/jdk.internal.net.http.HttpClientImpl.<init>(HttpClientImpl.java:475)
	at java.net.http/jdk.internal.net.http.HttpClientImpl.create(HttpClientImpl.java:420)
	at java.net.http/jdk.internal.net.http.HttpClientBuilderImpl.build(HttpClientBuilderImpl.java:142)
	at org.openqa.selenium.remote.http.jdk.JdkHttpClient.<init>(JdkHttpClient.java:156)
	at org.openqa.selenium.remote.http.jdk.JdkHttpClient$Factory.createClient(JdkHttpClient.java:548)
	at org.openqa.selenium.remote.HttpCommandExecutor.<init>(HttpCommandExecutor.java:117)
	at org.openqa.selenium.remote.HttpCommandExecutor.<init>(HttpCommandExecutor.java:93)
	at org.openqa.selenium.remote.service.DriverCommandExecutor.<init>(DriverCommandExecutor.java:87)
	at org.openqa.selenium.chromium.ChromiumDriverCommandExecutor.<init>(ChromiumDriverCommandExecutor.java:44)
	at org.openqa.selenium.chrome.ChromeDriver$ChromeDriverCommandExecutor.<init>(ChromeDriver.java:114)
	at org.openqa.selenium.chrome.ChromeDriver.generateExecutor(ChromeDriver.java:104)
	at org.openqa.selenium.chrome.ChromeDriver.<init>(ChromeDriver.java:88)
	at org.openqa.selenium.chrome.ChromeDriver.<init>(ChromeDriver.java:83)
	at org.openqa.selenium.chrome.ChromeDriver.<init>(ChromeDriver.java:51)
	at StepDefination.StepDef.setup1(StepDef.java:49)
	at java.base/jdk.internal.reflect.DirectMethodHandleAccessor.invoke(DirectMethodHandleAccessor.java:104)
	at java.base/java.lang.reflect.Method.invoke(Method.java:565)
	at io.cucumber.java.Invoker.doInvoke(Invoker.java:66)
	at io.cucumber.java.Invoker.invoke(Invoker.java:24)
	at io.cucumber.java.AbstractGlueDefinition.invokeMethod(AbstractGlueDefinition.java:47)
	at io.cucumber.java.JavaHookDefinition.execute(JavaHookDefinition.java:68)
	at io.cucumber.core.runner.CoreHookDefinition.execute(CoreHookDefinition.java:47)
	at io.cucumber.core.runner.HookDefinitionMatch.runStep(HookDefinitionMatch.java:21)
	at io.cucumber.core.runner.ExecutionMode$1.execute(ExecutionMode.java:10)
	at io.cucumber.core.runner.TestStep.executeStep(TestStep.java:81)
	at io.cucumber.core.runner.TestStep.run(TestStep.java:53)
	at io.cucumber.core.runner.TestCase.run(TestCase.java:80)
	at io.cucumber.core.runner.Runner.runPickle(Runner.java:77)
	at io.cucumber.junit.PickleRunners$NoStepDescriptions.lambda$run$0(PickleRunners.java:151)
	at io.cucumber.core.runtime.CucumberExecutionContext.lambda$runTestCase$5(CucumberExecutionContext.java:136)
	at io.cucumber.core.runtime.RethrowingThrowableCollector.executeAndThrow(RethrowingThrowableCollector.java:23)
	at io.cucumber.core.runtime.CucumberExecutionContext.runTestCase(CucumberExecutionContext.java:136)
	at io.cucumber.junit.PickleRunners$NoStepDescriptions.run(PickleRunners.java:148)
	at io.cucumber.junit.FeatureRunner.runChild(FeatureRunner.java:144)
	at io.cucumber.junit.FeatureRunner.runChild(FeatureRunner.java:28)
	at org.junit.runners.ParentRunner$4.run(ParentRunner.java:331)
	at org.junit.runners.ParentRunner$1.schedule(ParentRunner.java:79)
	at org.junit.runners.ParentRunner.runChildren(ParentRunner.java:329)
	at org.junit.runners.ParentRunner.access$100(ParentRunner.java:66)
	at org.junit.runners.ParentRunner$2.evaluate(ParentRunner.java:293)
	at org.junit.runners.ParentRunner$3.evaluate(ParentRunner.java:306)
	at org.junit.runners.ParentRunner.run(ParentRunner.java:413)
	at io.cucumber.junit.FeatureRunner.run(FeatureRunner.java:137)
	at io.cucumber.junit.Cucumber.runChild(Cucumber.java:196)
	at io.cucumber.junit.Cucumber.runChild(Cucumber.java:89)
	at org.junit.runners.ParentRunner$4.run(ParentRunner.java:331)
	at org.junit.runners.ParentRunner$1.schedule(ParentRunner.java:79)
	at org.junit.runners.ParentRunner.runChildren(ParentRunner.java:329)
	at org.junit.runners.ParentRunner.access$100(ParentRunner.java:66)
	at org.junit.runners.ParentRunner$2.evaluate(ParentRunner.java:293)
	at io.cucumber.core.runtime.CucumberExecutionContext.lambda$runFeatures$6(CucumberExecutionContext.java:147)
	at io.cucumber.core.runtime.CucumberExecutionContext.execute(CucumberExecutionContext.java:162)
	at io.cucumber.core.runtime.CucumberExecutionContext.runFeatures(CucumberExecutionContext.java:145)
	at io.cucumber.junit.Cucumber$StartAndFinishTestRun.evaluate(Cucumber.java:226)
	at org.junit.runners.ParentRunner$3.evaluate(ParentRunner.java:306)
	at org.junit.runners.ParentRunner.run(ParentRunner.java:413)
	at org.apache.maven.surefire.junit4.JUnit4Provider.execute(JUnit4Provider.java:316)
	at org.apache.maven.surefire.junit4.JUnit4Provider.executeWithRerun(JUnit4Provider.java:240)
	at org.apache.maven.surefire.junit4.JUnit4Provider.executeTestSet(JUnit4Provider.java:214)
	at org.apache.maven.surefire.junit4.JUnit4Provider.invoke(JUnit4Provider.java:155)
	at org.apache.maven.surefire.booter.ForkedBooter.runSuitesInProcess(ForkedBooter.java:385)
	at org.apache.maven.surefire.booter.ForkedBooter.execute(ForkedBooter.java:162)
	at org.apache.maven.surefire.booter.ForkedBooter.run(ForkedBooter.java:507)
	at org.apache.maven.surefire.booter.ForkedBooter.main(ForkedBooter.java:495)
Caused by: java.io.IOException: Error while instrumenting jdk/internal/net/http/ConnectionPool with JaCoCo 0.8.11.202310140853/f33756c.
	at org.jacoco.agent.rt.internal_4742761.core.instr.Instrumenter.instrumentError(Instrumenter.java:161)
	at org.jacoco.agent.rt.internal_4742761.core.instr.Instrumenter.instrument(Instrumenter.java:111)
	at org.jacoco.agent.rt.internal_4742761.CoverageTransformer.transform(CoverageTransformer.java:92)
	... 75 more
Caused by: java.lang.IllegalArgumentException: Unsupported class file major version 68
	at org.jacoco.agent.rt.internal_4742761.asm.ClassReader.<init>(ClassReader.java:200)
	at org.jacoco.agent.rt.internal_4742761.asm.ClassReader.<init>(ClassReader.java:180)
	at org.jacoco.agent.rt.internal_4742761.asm.ClassReader.<init>(ClassReader.java:166)
	at org.jacoco.agent.rt.internal_4742761.core.internal.instr.InstrSupport.classReaderFor(InstrSupport.java:280)
	at org.jacoco.agent.rt.internal_4742761.core.instr.Instrumenter.instrument(Instrumenter.java:77)
	at org.jacoco.agent.rt.internal_4742761.core.instr.Instrumenter.instrument(Instrumenter.java:109)
	... 76 more
java.lang.instrument.IllegalClassFormatException: Error while instrumenting jdk/internal/net/http/common/TimeLine with JaCoCo 0.8.11.202310140853/f33756c.
	at org.jacoco.agent.rt.internal_4742761.CoverageTransformer.transform(CoverageTransformer.java:94)
	at java.instrument/java.lang.instrument.ClassFileTransformer.transform(ClassFileTransformer.java:257)
	at java.instrument/sun.instrument.TransformerManager.transform(TransformerManager.java:188)
	at java.instrument/sun.instrument.InstrumentationImpl.transform(InstrumentationImpl.java:594)
	at java.base/java.lang.ClassLoader.defineClass2(Native Method)
	at java.base/java.lang.ClassLoader.defineClass(ClassLoader.java:1052)
	at java.base/java.security.SecureClassLoader.defineClass(SecureClassLoader.java:164)
	at java.base/jdk.internal.loader.BuiltinClassLoader.defineClass(BuiltinClassLoader.java:735)
	at java.base/jdk.internal.loader.BuiltinClassLoader.findClassInModuleOrNull(BuiltinClassLoader.java:678)
	at java.base/jdk.internal.loader.BuiltinClassLoader.loadClassOrNull(BuiltinClassLoader.java:604)
	at java.base/jdk.internal.loader.BuiltinClassLoader.loadClass(BuiltinClassLoader.java:578)
	at java.base/java.lang.ClassLoader.loadClass(ClassLoader.java:490)
	at java.net.http/jdk.internal.net.http.HttpClientImpl.<init>(HttpClientImpl.java:475)
	at java.net.http/jdk.internal.net.http.HttpClientImpl.create(HttpClientImpl.java:420)
	at java.net.http/jdk.internal.net.http.HttpClientBuilderImpl.build(HttpClientBuilderImpl.java:142)
	at org.openqa.selenium.remote.http.jdk.JdkHttpClient.<init>(JdkHttpClient.java:156)
	at org.openqa.selenium.remote.http.jdk.JdkHttpClient$Factory.createClient(JdkHttpClient.java:548)
	at org.openqa.selenium.remote.HttpCommandExecutor.<init>(HttpCommandExecutor.java:117)
	at org.openqa.selenium.remote.HttpCommandExecutor.<init>(HttpCommandExecutor.java:93)
	at org.openqa.selenium.remote.service.DriverCommandExecutor.<init>(DriverCommandExecutor.java:87)
	at org.openqa.selenium.chromium.ChromiumDriverCommandExecutor.<init>(ChromiumDriverCommandExecutor.java:44)
	at org.openqa.selenium.chrome.ChromeDriver$ChromeDriverCommandExecutor.<init>(ChromeDriver.java:114)
	at org.openqa.selenium.chrome.ChromeDriver.generateExecutor(ChromeDriver.java:104)
	at org.openqa.selenium.chrome.ChromeDriver.<init>(ChromeDriver.java:88)
	at org.openqa.selenium.chrome.ChromeDriver.<init>(ChromeDriver.java:83)
	at org.openqa.selenium.chrome.ChromeDriver.<init>(ChromeDriver.java:51)
	at StepDefination.StepDef.setup1(StepDef.java:49)
	at java.base/jdk.internal.reflect.DirectMethodHandleAccessor.invoke(DirectMethodHandleAccessor.java:104)
	at java.base/java.lang.reflect.Method.invoke(Method.java:565)
	at io.cucumber.java.Invoker.doInvoke(Invoker.java:66)
	at io.cucumber.java.Invoker.invoke(Invoker.java:24)
	at io.cucumber.java.AbstractGlueDefinition.invokeMethod(AbstractGlueDefinition.java:47)
	at io.cucumber.java.JavaHookDefinition.execute(JavaHookDefinition.java:68)
	at io.cucumber.core.runner.CoreHookDefinition.execute(CoreHookDefinition.java:47)
	at io.cucumber.core.runner.HookDefinitionMatch.runStep(HookDefinitionMatch.java:21)
	at io.cucumber.core.runner.ExecutionMode$1.execute(ExecutionMode.java:10)
	at io.cucumber.core.runner.TestStep.executeStep(TestStep.java:81)
	at io.cucumber.core.runner.TestStep.run(TestStep.java:53)
	at io.cucumber.core.runner.TestCase.run(TestCase.java:80)
	at io.cucumber.core.runner.Runner.runPickle(Runner.java:77)
	at io.cucumber.junit.PickleRunners$NoStepDescriptions.lambda$run$0(PickleRunners.java:151)
	at io.cucumber.core.runtime.CucumberExecutionContext.lambda$runTestCase$5(CucumberExecutionContext.java:136)
	at io.cucumber.core.runtime.RethrowingThrowableCollector.executeAndThrow(RethrowingThrowableCollector.java:23)
	at io.cucumber.core.runtime.CucumberExecutionContext.runTestCase(CucumberExecutionContext.java:136)
	at io.cucumber.junit.PickleRunners$NoStepDescriptions.run(PickleRunners.java:148)
	at io.cucumber.junit.FeatureRunner.runChild(FeatureRunner.java:144)
	at io.cucumber.junit.FeatureRunner.runChild(FeatureRunner.java:28)
	at org.junit.runners.ParentRunner$4.run(ParentRunner.java:331)
	at org.junit.runners.ParentRunner$1.schedule(ParentRunner.java:79)
	at org.junit.runners.ParentRunner.runChildren(ParentRunner.java:329)
	at org.junit.runners.ParentRunner.access$100(ParentRunner.java:66)
	at org.junit.runners.ParentRunner$2.evaluate(ParentRunner.java:293)
	at org.junit.runners.ParentRunner$3.evaluate(ParentRunner.java:306)
	at org.junit.runners.ParentRunner.run(ParentRunner.java:413)
	at io.cucumber.junit.FeatureRunner.run(FeatureRunner.java:137)
	at io.cucumber.junit.Cucumber.runChild(Cucumber.java:196)
	at io.cucumber.junit.Cucumber.runChild(Cucumber.java:89)
	at org.junit.runners.ParentRunner$4.run(ParentRunner.java:331)
	at org.junit.runners.ParentRunner$1.schedule(ParentRunner.java:79)
	at org.junit.runners.ParentRunner.runChildren(ParentRunner.java:329)
	at org.junit.runners.ParentRunner.access$100(ParentRunner.java:66)
	at org.junit.runners.ParentRunner$2.evaluate(ParentRunner.java:293)
	at io.cucumber.core.runtime.CucumberExecutionContext.lambda$runFeatures$6(CucumberExecutionContext.java:147)
	at io.cucumber.core.runtime.CucumberExecutionContext.execute(CucumberExecutionContext.java:162)
	at io.cucumber.core.runtime.CucumberExecutionContext.runFeatures(CucumberExecutionContext.java:145)
	at io.cucumber.junit.Cucumber$StartAndFinishTestRun.evaluate(Cucumber.java:226)
	at org.junit.runners.ParentRunner$3.evaluate(ParentRunner.java:306)
	at org.junit.runners.ParentRunner.run(ParentRunner.java:413)
	at org.apache.maven.surefire.junit4.JUnit4Provider.execute(JUnit4Provider.java:316)
	at org.apache.maven.surefire.junit4.JUnit4Provider.executeWithRerun(JUnit4Provider.java:240)
	at org.apache.maven.surefire.junit4.JUnit4Provider.executeTestSet(JUnit4Provider.java:214)
	at org.apache.maven.surefire.junit4.JUnit4Provider.invoke(JUnit4Provider.java:155)
	at org.apache.maven.surefire.booter.ForkedBooter.runSuitesInProcess(ForkedBooter.java:385)
	at org.apache.maven.surefire.booter.ForkedBooter.execute(ForkedBooter.java:162)
	at org.apache.maven.surefire.booter.ForkedBooter.run(ForkedBooter.java:507)
	at org.apache.maven.surefire.booter.ForkedBooter.main(ForkedBooter.java:495)
Caused by: java.io.IOException: Error while instrumenting jdk/internal/net/http/common/TimeLine with JaCoCo 0.8.11.202310140853/f33756c.
	at org.jacoco.agent.rt.internal_4742761.core.instr.Instrumenter.instrumentError(Instrumenter.java:161)
	at org.jacoco.agent.rt.internal_4742761.core.instr.Instrumenter.instrument(Instrumenter.java:111)
	at org.jacoco.agent.rt.internal_4742761.CoverageTransformer.transform(CoverageTransformer.java:92)
	... 75 more
Caused by: java.lang.IllegalArgumentException: Unsupported class file major version 68
	at org.jacoco.agent.rt.internal_4742761.asm.ClassReader.<init>(ClassReader.java:200)
	at org.jacoco.agent.rt.internal_4742761.asm.ClassReader.<init>(ClassReader.java:180)
	at org.jacoco.agent.rt.internal_4742761.asm.ClassReader.<init>(ClassReader.java:166)
	at org.jacoco.agent.rt.internal_4742761.core.internal.instr.InstrSupport.classReaderFor(InstrSupport.java:280)
	at org.jacoco.agent.rt.internal_4742761.core.instr.Instrumenter.instrument(Instrumenter.java:77)
	at org.jacoco.agent.rt.internal_4742761.core.instr.Instrumenter.instrument(Instrumenter.java:109)
	... 76 more
java.lang.instrument.IllegalClassFormatException: Error while instrumenting jdk/internal/net/http/common/FlowTube$TubeSubscriber with JaCoCo 0.8.11.202310140853/f33756c.
	at org.jacoco.agent.rt.internal_4742761.CoverageTransformer.transform(CoverageTransformer.java:94)
	at java.instrument/java.lang.instrument.ClassFileTransformer.transform(ClassFileTransformer.java:257)
	at java.instrument/sun.instrument.TransformerManager.transform(TransformerManager.java:188)
	at java.instrument/sun.instrument.InstrumentationImpl.transform(InstrumentationImpl.java:594)
	at java.base/java.lang.ClassLoader.defineClass2(Native Method)
	at java.base/java.lang.ClassLoader.defineClass(ClassLoader.java:1052)
	at java.base/java.security.SecureClassLoader.defineClass(SecureClassLoader.java:164)
	at java.base/jdk.internal.loader.BuiltinClassLoader.defineClass(BuiltinClassLoader.java:735)
	at java.base/jdk.internal.loader.BuiltinClassLoader.findClassInModuleOrNull(BuiltinClassLoader.java:678)
	at java.base/jdk.internal.loader.BuiltinClassLoader.loadClassOrNull(BuiltinClassLoader.java:604)
	at java.base/jdk.internal.loader.BuiltinClassLoader.loadClass(BuiltinClassLoader.java:578)
	at java.base/java.lang.ClassLoader.loadClass(ClassLoader.java:490)
	at java.net.http/jdk.internal.net.http.HttpClientImpl.<init>(HttpClientImpl.java:475)
	at java.net.http/jdk.internal.net.http.HttpClientImpl.create(HttpClientImpl.java:420)
	at java.net.http/jdk.internal.net.http.HttpClientBuilderImpl.build(HttpClientBuilderImpl.java:142)
	at org.openqa.selenium.remote.http.jdk.JdkHttpClient.<init>(JdkHttpClient.java:156)
	at org.openqa.selenium.remote.http.jdk.JdkHttpClient$Factory.createClient(JdkHttpClient.java:548)
	at org.openqa.selenium.remote.HttpCommandExecutor.<init>(HttpCommandExecutor.java:117)
	at org.openqa.selenium.remote.HttpCommandExecutor.<init>(HttpCommandExecutor.java:93)
	at org.openqa.selenium.remote.service.DriverCommandExecutor.<init>(DriverCommandExecutor.java:87)
	at org.openqa.selenium.chromium.ChromiumDriverCommandExecutor.<init>(ChromiumDriverCommandExecutor.java:44)
	at org.openqa.selenium.chrome.ChromeDriver$ChromeDriverCommandExecutor.<init>(ChromeDriver.java:114)
	at org.openqa.selenium.chrome.ChromeDriver.generateExecutor(ChromeDriver.java:104)
	at org.openqa.selenium.chrome.ChromeDriver.<init>(ChromeDriver.java:88)
	at org.openqa.selenium.chrome.ChromeDriver.<init>(ChromeDriver.java:83)
	at org.openqa.selenium.chrome.ChromeDriver.<init>(ChromeDriver.java:51)
	at StepDefination.StepDef.setup1(StepDef.java:49)
	at java.base/jdk.internal.reflect.DirectMethodHandleAccessor.invoke(DirectMethodHandleAccessor.java:104)
	at java.base/java.lang.reflect.Method.invoke(Method.java:565)
	at io.cucumber.java.Invoker.doInvoke(Invoker.java:66)
	at io.cucumber.java.Invoker.invoke(Invoker.java:24)
	at io.cucumber.java.AbstractGlueDefinition.invokeMethod(AbstractGlueDefinition.java:47)
	at io.cucumber.java.JavaHookDefinition.execute(JavaHookDefinition.java:68)
	at io.cucumber.core.runner.CoreHookDefinition.execute(CoreHookDefinition.java:47)
	at io.cucumber.core.runner.HookDefinitionMatch.runStep(HookDefinitionMatch.java:21)
	at io.cucumber.core.runner.ExecutionMode$1.execute(ExecutionMode.java:10)
	at io.cucumber.core.runner.TestStep.executeStep(TestStep.java:81)
	at io.cucumber.core.runner.TestStep.run(TestStep.java:53)
	at io.cucumber.core.runner.TestCase.run(TestCase.java:80)
	at io.cucumber.core.runner.Runner.runPickle(Runner.java:77)
	at io.cucumber.junit.PickleRunners$NoStepDescriptions.lambda$run$0(PickleRunners.java:151)
	at io.cucumber.core.runtime.CucumberExecutionContext.lambda$runTestCase$5(CucumberExecutionContext.java:136)
	at io.cucumber.core.runtime.RethrowingThrowableCollector.executeAndThrow(RethrowingThrowableCollector.java:23)
	at io.cucumber.core.runtime.CucumberExecutionContext.runTestCase(CucumberExecutionContext.java:136)
	at io.cucumber.junit.PickleRunners$NoStepDescriptions.run(PickleRunners.java:148)
	at io.cucumber.junit.FeatureRunner.runChild(FeatureRunner.java:144)
	at io.cucumber.junit.FeatureRunner.runChild(FeatureRunner.java:28)
	at org.junit.runners.ParentRunner$4.run(ParentRunner.java:331)
	at org.junit.runners.ParentRunner$1.schedule(ParentRunner.java:79)
	at org.junit.runners.ParentRunner.runChildren(ParentRunner.java:329)
	at org.junit.runners.ParentRunner.access$100(ParentRunner.java:66)
	at org.junit.runners.ParentRunner$2.evaluate(ParentRunner.java:293)
	at org.junit.runners.ParentRunner$3.evaluate(ParentRunner.java:306)
	at org.junit.runners.ParentRunner.run(ParentRunner.java:413)
	at io.cucumber.junit.FeatureRunner.run(FeatureRunner.java:137)
	at io.cucumber.junit.Cucumber.runChild(Cucumber.java:196)
	at io.cucumber.junit.Cucumber.runChild(Cucumber.java:89)
	at org.junit.runners.ParentRunner$4.run(ParentRunner.java:331)
	at org.junit.runners.ParentRunner$1.schedule(ParentRunner.java:79)
	at org.junit.runners.ParentRunner.runChildren(ParentRunner.java:329)
	at org.junit.runners.ParentRunner.access$100(ParentRunner.java:66)
	at org.junit.runners.ParentRunner$2.evaluate(ParentRunner.java:293)
	at io.cucumber.core.runtime.CucumberExecutionContext.lambda$runFeatures$6(CucumberExecutionContext.java:147)
	at io.cucumber.core.runtime.CucumberExecutionContext.execute(CucumberExecutionContext.java:162)
	at io.cucumber.core.runtime.CucumberExecutionContext.runFeatures(CucumberExecutionContext.java:145)
	at io.cucumber.junit.Cucumber$StartAndFinishTestRun.evaluate(Cucumber.java:226)
	at org.junit.runners.ParentRunner$3.evaluate(ParentRunner.java:306)
	at org.junit.runners.ParentRunner.run(ParentRunner.java:413)
	at org.apache.maven.surefire.junit4.JUnit4Provider.execute(JUnit4Provider.java:316)
	at org.apache.maven.surefire.junit4.JUnit4Provider.executeWithRerun(JUnit4Provider.java:240)
	at org.apache.maven.surefire.junit4.JUnit4Provider.executeTestSet(JUnit4Provider.java:214)
	at org.apache.maven.surefire.junit4.JUnit4Provider.invoke(JUnit4Provider.java:155)
	at org.apache.maven.surefire.booter.ForkedBooter.runSuitesInProcess(ForkedBooter.java:385)
	at org.apache.maven.surefire.booter.ForkedBooter.execute(ForkedBooter.java:162)
	at org.apache.maven.surefire.booter.ForkedBooter.run(ForkedBooter.java:507)
	at org.apache.maven.surefire.booter.ForkedBooter.main(ForkedBooter.java:495)
Caused by: java.io.IOException: Error while instrumenting jdk/internal/net/http/common/FlowTube$TubeSubscriber with JaCoCo 0.8.11.202310140853/f33756c.
	at org.jacoco.agent.rt.internal_4742761.core.instr.Instrumenter.instrumentError(Instrumenter.java:161)
	at org.jacoco.agent.rt.internal_4742761.core.instr.Instrumenter.instrument(Instrumenter.java:111)
	at org.jacoco.agent.rt.internal_4742761.CoverageTransformer.transform(CoverageTransformer.java:92)
	... 75 more
Caused by: java.lang.IllegalArgumentException: Unsupported class file major version 68
	at org.jacoco.agent.rt.internal_4742761.asm.ClassReader.<init>(ClassReader.java:200)
	at org.jacoco.agent.rt.internal_4742761.asm.ClassReader.<init>(ClassReader.java:180)
	at org.jacoco.agent.rt.internal_4742761.asm.ClassReader.<init>(ClassReader.java:166)
	at org.jacoco.agent.rt.internal_4742761.core.internal.instr.InstrSupport.classReaderFor(InstrSupport.java:280)
	at org.jacoco.agent.rt.internal_4742761.core.instr.Instrumenter.instrument(Instrumenter.java:77)
	at org.jacoco.agent.rt.internal_4742761.core.instr.Instrumenter.instrument(Instrumenter.java:109)
	... 76 more
java.lang.instrument.IllegalClassFormatException: Error while instrumenting jdk/internal/net/http/common/FlowTube$TubePublisher with JaCoCo 0.8.11.202310140853/f33756c.
	at org.jacoco.agent.rt.internal_4742761.CoverageTransformer.transform(CoverageTransformer.java:94)
	at java.instrument/java.lang.instrument.ClassFileTransformer.transform(ClassFileTransformer.java:257)
	at java.instrument/sun.instrument.TransformerManager.transform(TransformerManager.java:188)
	at java.instrument/sun.instrument.InstrumentationImpl.transform(InstrumentationImpl.java:594)
	at java.base/java.lang.ClassLoader.defineClass2(Native Method)
	at java.base/java.lang.ClassLoader.defineClass(ClassLoader.java:1052)
	at java.base/java.security.SecureClassLoader.defineClass(SecureClassLoader.java:164)
	at java.base/jdk.internal.loader.BuiltinClassLoader.defineClass(BuiltinClassLoader.java:735)
	at java.base/jdk.internal.loader.BuiltinClassLoader.findClassInModuleOrNull(BuiltinClassLoader.java:678)
	at java.base/jdk.internal.loader.BuiltinClassLoader.loadClassOrNull(BuiltinClassLoader.java:604)
	at java.base/jdk.internal.loader.BuiltinClassLoader.loadClass(BuiltinClassLoader.java:578)
	at java.base/java.lang.ClassLoader.loadClass(ClassLoader.java:490)
	at java.net.http/jdk.internal.net.http.HttpClientImpl.<init>(HttpClientImpl.java:475)
	at java.net.http/jdk.internal.net.http.HttpClientImpl.create(HttpClientImpl.java:420)
	at java.net.http/jdk.internal.net.http.HttpClientBuilderImpl.build(HttpClientBuilderImpl.java:142)
	at org.openqa.selenium.remote.http.jdk.JdkHttpClient.<init>(JdkHttpClient.java:156)
	at org.openqa.selenium.remote.http.jdk.JdkHttpClient$Factory.createClient(JdkHttpClient.java:548)
	at org.openqa.selenium.remote.HttpCommandExecutor.<init>(HttpCommandExecutor.java:117)
	at org.openqa.selenium.remote.HttpCommandExecutor.<init>(HttpCommandExecutor.java:93)
	at org.openqa.selenium.remote.service.DriverCommandExecutor.<init>(DriverCommandExecutor.java:87)
	at org.openqa.selenium.chromium.ChromiumDriverCommandExecutor.<init>(ChromiumDriverCommandExecutor.java:44)
	at org.openqa.selenium.chrome.ChromeDriver$ChromeDriverCommandExecutor.<init>(ChromeDriver.java:114)
	at org.openqa.selenium.chrome.ChromeDriver.generateExecutor(ChromeDriver.java:104)
	at org.openqa.selenium.chrome.ChromeDriver.<init>(ChromeDriver.java:88)
	at org.openqa.selenium.chrome.ChromeDriver.<init>(ChromeDriver.java:83)
	at org.openqa.selenium.chrome.ChromeDriver.<init>(ChromeDriver.java:51)
	at StepDefination.StepDef.setup1(StepDef.java:49)
	at java.base/jdk.internal.reflect.DirectMethodHandleAccessor.invoke(DirectMethodHandleAccessor.java:104)
	at java.base/java.lang.reflect.Method.invoke(Method.java:565)
	at io.cucumber.java.Invoker.doInvoke(Invoker.java:66)
	at io.cucumber.java.Invoker.invoke(Invoker.java:24)
	at io.cucumber.java.AbstractGlueDefinition.invokeMethod(AbstractGlueDefinition.java:47)
	at io.cucumber.java.JavaHookDefinition.execute(JavaHookDefinition.java:68)
	at io.cucumber.core.runner.CoreHookDefinition.execute(CoreHookDefinition.java:47)
	at io.cucumber.core.runner.HookDefinitionMatch.runStep(HookDefinitionMatch.java:21)
	at io.cucumber.core.runner.ExecutionMode$1.execute(ExecutionMode.java:10)
	at io.cucumber.core.runner.TestStep.executeStep(TestStep.java:81)
	at io.cucumber.core.runner.TestStep.run(TestStep.java:53)
	at io.cucumber.core.runner.TestCase.run(TestCase.java:80)
	at io.cucumber.core.runner.Runner.runPickle(Runner.java:77)
	at io.cucumber.junit.PickleRunners$NoStepDescriptions.lambda$run$0(PickleRunners.java:151)
	at io.cucumber.core.runtime.CucumberExecutionContext.lambda$runTestCase$5(CucumberExecutionContext.java:136)
	at io.cucumber.core.runtime.RethrowingThrowableCollector.executeAndThrow(RethrowingThrowableCollector.java:23)
	at io.cucumber.core.runtime.CucumberExecutionContext.runTestCase(CucumberExecutionContext.java:136)
	at io.cucumber.junit.PickleRunners$NoStepDescriptions.run(PickleRunners.java:148)
	at io.cucumber.junit.FeatureRunner.runChild(FeatureRunner.java:144)
	at io.cucumber.junit.FeatureRunner.runChild(FeatureRunner.java:28)
	at org.junit.runners.ParentRunner$4.run(ParentRunner.java:331)
	at org.junit.runners.ParentRunner$1.schedule(ParentRunner.java:79)
	at org.junit.runners.ParentRunner.runChildren(ParentRunner.java:329)
	at org.junit.runners.ParentRunner.access$100(ParentRunner.java:66)
	at org.junit.runners.ParentRunner$2.evaluate(ParentRunner.java:293)
	at org.junit.runners.ParentRunner$3.evaluate(ParentRunner.java:306)
	at org.junit.runners.ParentRunner.run(ParentRunner.java:413)
	at io.cucumber.junit.FeatureRunner.run(FeatureRunner.java:137)
	at io.cucumber.junit.Cucumber.runChild(Cucumber.java:196)
	at io.cucumber.junit.Cucumber.runChild(Cucumber.java:89)
	at org.junit.runners.ParentRunner$4.run(ParentRunner.java:331)
	at org.junit.runners.ParentRunner$1.schedule(ParentRunner.java:79)
	at org.junit.runners.ParentRunner.runChildren(ParentRunner.java:329)
	at org.junit.runners.ParentRunner.access$100(ParentRunner.java:66)
	at org.junit.runners.ParentRunner$2.evaluate(ParentRunner.java:293)
	at io.cucumber.core.runtime.CucumberExecutionContext.lambda$runFeatures$6(CucumberExecutionContext.java:147)
	at io.cucumber.core.runtime.CucumberExecutionContext.execute(CucumberExecutionContext.java:162)
	at io.cucumber.core.runtime.CucumberExecutionContext.runFeatures(CucumberExecutionContext.java:145)
	at io.cucumber.junit.Cucumber$StartAndFinishTestRun.evaluate(Cucumber.java:226)
	at org.junit.runners.ParentRunner$3.evaluate(ParentRunner.java:306)
	at org.junit.runners.ParentRunner.run(ParentRunner.java:413)
	at org.apache.maven.surefire.junit4.JUnit4Provider.execute(JUnit4Provider.java:316)
	at org.apache.maven.surefire.junit4.JUnit4Provider.executeWithRerun(JUnit4Provider.java:240)
	at org.apache.maven.surefire.junit4.JUnit4Provider.executeTestSet(JUnit4Provider.java:214)
	at org.apache.maven.surefire.junit4.JUnit4Provider.invoke(JUnit4Provider.java:155)
	at org.apache.maven.surefire.booter.ForkedBooter.runSuitesInProcess(ForkedBooter.java:385)
	at org.apache.maven.surefire.booter.ForkedBooter.execute(ForkedBooter.java:162)
	at org.apache.maven.surefire.booter.ForkedBooter.run(ForkedBooter.java:507)
	at org.apache.maven.surefire.booter.ForkedBooter.main(ForkedBooter.java:495)
Caused by: java.io.IOException: Error while instrumenting jdk/internal/net/http/common/FlowTube$TubePublisher with JaCoCo 0.8.11.202310140853/f33756c.
	at org.jacoco.agent.rt.internal_4742761.core.instr.Instrumenter.instrumentError(Instrumenter.java:161)
	at org.jacoco.agent.rt.internal_4742761.core.instr.Instrumenter.instrument(Instrumenter.java:111)
	at org.jacoco.agent.rt.internal_4742761.CoverageTransformer.transform(CoverageTransformer.java:92)
	... 75 more
Caused by: java.lang.IllegalArgumentException: Unsupported class file major version 68
	at org.jacoco.agent.rt.internal_4742761.asm.ClassReader.<init>(ClassReader.java:200)
	at org.jacoco.agent.rt.internal_4742761.asm.ClassReader.<init>(ClassReader.java:180)
	at org.jacoco.agent.rt.internal_4742761.asm.ClassReader.<init>(ClassReader.java:166)
	at org.jacoco.agent.rt.internal_4742761.core.internal.instr.InstrSupport.classReaderFor(InstrSupport.java:280)
	at org.jacoco.agent.rt.internal_4742761.core.instr.Instrumenter.instrument(Instrumenter.java:77)
	at org.jacoco.agent.rt.internal_4742761.core.instr.Instrumenter.instrument(Instrumenter.java:109)
	... 76 more
java.lang.instrument.IllegalClassFormatException: Error while instrumenting jdk/internal/net/http/common/TimeSource with JaCoCo 0.8.11.202310140853/f33756c.
	at org.jacoco.agent.rt.internal_4742761.CoverageTransformer.transform(CoverageTransformer.java:94)
	at java.instrument/java.lang.instrument.ClassFileTransformer.transform(ClassFileTransformer.java:257)
	at java.instrument/sun.instrument.TransformerManager.transform(TransformerManager.java:188)
	at java.instrument/sun.instrument.InstrumentationImpl.transform(InstrumentationImpl.java:594)
	at java.base/java.lang.ClassLoader.defineClass2(Native Method)
	at java.base/java.lang.ClassLoader.defineClass(ClassLoader.java:1052)
	at java.base/java.security.SecureClassLoader.defineClass(SecureClassLoader.java:164)
	at java.base/jdk.internal.loader.BuiltinClassLoader.defineClass(BuiltinClassLoader.java:735)
	at java.base/jdk.internal.loader.BuiltinClassLoader.findClassInModuleOrNull(BuiltinClassLoader.java:678)
	at java.base/jdk.internal.loader.BuiltinClassLoader.loadClassOrNull(BuiltinClassLoader.java:604)
	at java.base/jdk.internal.loader.BuiltinClassLoader.loadClass(BuiltinClassLoader.java:578)
	at java.base/java.lang.ClassLoader.loadClass(ClassLoader.java:490)
	at java.net.http/jdk.internal.net.http.ConnectionPool.<init>(ConnectionPool.java:128)
	at java.net.http/jdk.internal.net.http.HttpClientImpl.<init>(HttpClientImpl.java:475)
	at java.net.http/jdk.internal.net.http.HttpClientImpl.create(HttpClientImpl.java:420)
	at java.net.http/jdk.internal.net.http.HttpClientBuilderImpl.build(HttpClientBuilderImpl.java:142)
	at org.openqa.selenium.remote.http.jdk.JdkHttpClient.<init>(JdkHttpClient.java:156)
	at org.openqa.selenium.remote.http.jdk.JdkHttpClient$Factory.createClient(JdkHttpClient.java:548)
	at org.openqa.selenium.remote.HttpCommandExecutor.<init>(HttpCommandExecutor.java:117)
	at org.openqa.selenium.remote.HttpCommandExecutor.<init>(HttpCommandExecutor.java:93)
	at org.openqa.selenium.remote.service.DriverCommandExecutor.<init>(DriverCommandExecutor.java:87)
	at org.openqa.selenium.chromium.ChromiumDriverCommandExecutor.<init>(ChromiumDriverCommandExecutor.java:44)
	at org.openqa.selenium.chrome.ChromeDriver$ChromeDriverCommandExecutor.<init>(ChromeDriver.java:114)
	at org.openqa.selenium.chrome.ChromeDriver.generateExecutor(ChromeDriver.java:104)
	at org.openqa.selenium.chrome.ChromeDriver.<init>(ChromeDriver.java:88)
	at org.openqa.selenium.chrome.ChromeDriver.<init>(ChromeDriver.java:83)
	at org.openqa.selenium.chrome.ChromeDriver.<init>(ChromeDriver.java:51)
	at StepDefination.StepDef.setup1(StepDef.java:49)
	at java.base/jdk.internal.reflect.DirectMethodHandleAccessor.invoke(DirectMethodHandleAccessor.java:104)
	at java.base/java.lang.reflect.Method.invoke(Method.java:565)
	at io.cucumber.java.Invoker.doInvoke(Invoker.java:66)
	at io.cucumber.java.Invoker.invoke(Invoker.java:24)
	at io.cucumber.java.AbstractGlueDefinition.invokeMethod(AbstractGlueDefinition.java:47)
	at io.cucumber.java.JavaHookDefinition.execute(JavaHookDefinition.java:68)
	at io.cucumber.core.runner.CoreHookDefinition.execute(CoreHookDefinition.java:47)
	at io.cucumber.core.runner.HookDefinitionMatch.runStep(HookDefinitionMatch.java:21)
	at io.cucumber.core.runner.ExecutionMode$1.execute(ExecutionMode.java:10)
	at io.cucumber.core.runner.TestStep.executeStep(TestStep.java:81)
	at io.cucumber.core.runner.TestStep.run(TestStep.java:53)
	at io.cucumber.core.runner.TestCase.run(TestCase.java:80)
	at io.cucumber.core.runner.Runner.runPickle(Runner.java:77)
	at io.cucumber.junit.PickleRunners$NoStepDescriptions.lambda$run$0(PickleRunners.java:151)
	at io.cucumber.core.runtime.CucumberExecutionContext.lambda$runTestCase$5(CucumberExecutionContext.java:136)
	at io.cucumber.core.runtime.RethrowingThrowableCollector.executeAndThrow(RethrowingThrowableCollector.java:23)
	at io.cucumber.core.runtime.CucumberExecutionContext.runTestCase(CucumberExecutionContext.java:136)
	at io.cucumber.junit.PickleRunners$NoStepDescriptions.run(PickleRunners.java:148)
	at io.cucumber.junit.FeatureRunner.runChild(FeatureRunner.java:144)
	at io.cucumber.junit.FeatureRunner.runChild(FeatureRunner.java:28)
	at org.junit.runners.ParentRunner$4.run(ParentRunner.java:331)
	at org.junit.runners.ParentRunner$1.schedule(ParentRunner.java:79)
	at org.junit.runners.ParentRunner.runChildren(ParentRunner.java:329)
	at org.junit.runners.ParentRunner.access$100(ParentRunner.java:66)
	at org.junit.runners.ParentRunner$2.evaluate(ParentRunner.java:293)
	at org.junit.runners.ParentRunner$3.evaluate(ParentRunner.java:306)
	at org.junit.runners.ParentRunner.run(ParentRunner.java:413)
	at io.cucumber.junit.FeatureRunner.run(FeatureRunner.java:137)
	at io.cucumber.junit.Cucumber.runChild(Cucumber.java:196)
	at io.cucumber.junit.Cucumber.runChild(Cucumber.java:89)
	at org.junit.runners.ParentRunner$4.run(ParentRunner.java:331)
	at org.junit.runners.ParentRunner$1.schedule(ParentRunner.java:79)
	at org.junit.runners.ParentRunner.runChildren(ParentRunner.java:329)
	at org.junit.runners.ParentRunner.access$100(ParentRunner.java:66)
	at org.junit.runners.ParentRunner$2.evaluate(ParentRunner.java:293)
	at io.cucumber.core.runtime.CucumberExecutionContext.lambda$runFeatures$6(CucumberExecutionContext.java:147)
	at io.cucumber.core.runtime.CucumberExecutionContext.execute(CucumberExecutionContext.java:162)
	at io.cucumber.core.runtime.CucumberExecutionContext.runFeatures(CucumberExecutionContext.java:145)
	at io.cucumber.junit.Cucumber$StartAndFinishTestRun.evaluate(Cucumber.java:226)
	at org.junit.runners.ParentRunner$3.evaluate(ParentRunner.java:306)
	at org.junit.runners.ParentRunner.run(ParentRunner.java:413)
	at org.apache.maven.surefire.junit4.JUnit4Provider.execute(JUnit4Provider.java:316)
	at org.apache.maven.surefire.junit4.JUnit4Provider.executeWithRerun(JUnit4Provider.java:240)
	at org.apache.maven.surefire.junit4.JUnit4Provider.executeTestSet(JUnit4Provider.java:214)
	at org.apache.maven.surefire.junit4.JUnit4Provider.invoke(JUnit4Provider.java:155)
	at org.apache.maven.surefire.booter.ForkedBooter.runSuitesInProcess(ForkedBooter.java:385)
	at org.apache.maven.surefire.booter.ForkedBooter.execute(ForkedBooter.java:162)
	at org.apache.maven.surefire.booter.ForkedBooter.run(ForkedBooter.java:507)
	at org.apache.maven.surefire.booter.ForkedBooter.main(ForkedBooter.java:495)
Caused by: java.io.IOException: Error while instrumenting jdk/internal/net/http/common/TimeSource with JaCoCo 0.8.11.202310140853/f33756c.
	at org.jacoco.agent.rt.internal_4742761.core.instr.Instrumenter.instrumentError(Instrumenter.java:161)
	at org.jacoco.agent.rt.internal_4742761.core.instr.Instrumenter.instrument(Instrumenter.java:111)
	at org.jacoco.agent.rt.internal_4742761.CoverageTransformer.transform(CoverageTransformer.java:92)
	... 76 more
Caused by: java.lang.IllegalArgumentException: Unsupported class file major version 68
	at org.jacoco.agent.rt.internal_4742761.asm.ClassReader.<init>(ClassReader.java:200)
	at org.jacoco.agent.rt.internal_4742761.asm.ClassReader.<init>(ClassReader.java:180)
	at org.jacoco.agent.rt.internal_4742761.asm.ClassReader.<init>(ClassReader.java:166)
	at org.jacoco.agent.rt.internal_4742761.core.internal.instr.InstrSupport.classReaderFor(InstrSupport.java:280)
	at org.jacoco.agent.rt.internal_4742761.core.instr.Instrumenter.instrument(Instrumenter.java:77)
	at org.jacoco.agent.rt.internal_4742761.core.instr.Instrumenter.instrument(Instrumenter.java:109)
	... 77 more
java.lang.instrument.IllegalClassFormatException: Error while instrumenting jdk/internal/net/http/common/TimeSource$NanoSource with JaCoCo 0.8.11.202310140853/f33756c.
	at org.jacoco.agent.rt.internal_4742761.CoverageTransformer.transform(CoverageTransformer.java:94)
	at java.instrument/java.lang.instrument.ClassFileTransformer.transform(ClassFileTransformer.java:257)
	at java.instrument/sun.instrument.TransformerManager.transform(TransformerManager.java:188)
	at java.instrument/sun.instrument.InstrumentationImpl.transform(InstrumentationImpl.java:594)
	at java.base/java.lang.ClassLoader.defineClass2(Native Method)
	at java.base/java.lang.ClassLoader.defineClass(ClassLoader.java:1052)
	at java.base/java.security.SecureClassLoader.defineClass(SecureClassLoader.java:164)
	at java.base/jdk.internal.loader.BuiltinClassLoader.defineClass(BuiltinClassLoader.java:735)
	at java.base/jdk.internal.loader.BuiltinClassLoader.findClassInModuleOrNull(BuiltinClassLoader.java:678)
	at java.base/jdk.internal.loader.BuiltinClassLoader.loadClassOrNull(BuiltinClassLoader.java:604)
	at java.base/jdk.internal.loader.BuiltinClassLoader.loadClass(BuiltinClassLoader.java:578)
	at java.base/java.lang.ClassLoader.loadClass(ClassLoader.java:490)
	at java.net.http/jdk.internal.net.http.common.TimeSource.<clinit>(TimeSource.java:43)
	at java.net.http/jdk.internal.net.http.ConnectionPool.<init>(ConnectionPool.java:128)
	at java.net.http/jdk.internal.net.http.HttpClientImpl.<init>(HttpClientImpl.java:475)
	at java.net.http/jdk.internal.net.http.HttpClientImpl.create(HttpClientImpl.java:420)
	at java.net.http/jdk.internal.net.http.HttpClientBuilderImpl.build(HttpClientBuilderImpl.java:142)
	at org.openqa.selenium.remote.http.jdk.JdkHttpClient.<init>(JdkHttpClient.java:156)
	at org.openqa.selenium.remote.http.jdk.JdkHttpClient$Factory.createClient(JdkHttpClient.java:548)
	at org.openqa.selenium.remote.HttpCommandExecutor.<init>(HttpCommandExecutor.java:117)
	at org.openqa.selenium.remote.HttpCommandExecutor.<init>(HttpCommandExecutor.java:93)
	at org.openqa.selenium.remote.service.DriverCommandExecutor.<init>(DriverCommandExecutor.java:87)
	at org.openqa.selenium.chromium.ChromiumDriverCommandExecutor.<init>(ChromiumDriverCommandExecutor.java:44)
	at org.openqa.selenium.chrome.ChromeDriver$ChromeDriverCommandExecutor.<init>(ChromeDriver.java:114)
	at org.openqa.selenium.chrome.ChromeDriver.generateExecutor(ChromeDriver.java:104)
	at org.openqa.selenium.chrome.ChromeDriver.<init>(ChromeDriver.java:88)
	at org.openqa.selenium.chrome.ChromeDriver.<init>(ChromeDriver.java:83)
	at org.openqa.selenium.chrome.ChromeDriver.<init>(ChromeDriver.java:51)
	at StepDefination.StepDef.setup1(StepDef.java:49)
	at java.base/jdk.internal.reflect.DirectMethodHandleAccessor.invoke(DirectMethodHandleAccessor.java:104)
	at java.base/java.lang.reflect.Method.invoke(Method.java:565)
	at io.cucumber.java.Invoker.doInvoke(Invoker.java:66)
	at io.cucumber.java.Invoker.invoke(Invoker.java:24)
	at io.cucumber.java.AbstractGlueDefinition.invokeMethod(AbstractGlueDefinition.java:47)
	at io.cucumber.java.JavaHookDefinition.execute(JavaHookDefinition.java:68)
	at io.cucumber.core.runner.CoreHookDefinition.execute(CoreHookDefinition.java:47)
	at io.cucumber.core.runner.HookDefinitionMatch.runStep(HookDefinitionMatch.java:21)
	at io.cucumber.core.runner.ExecutionMode$1.execute(ExecutionMode.java:10)
	at io.cucumber.core.runner.TestStep.executeStep(TestStep.java:81)
	at io.cucumber.core.runner.TestStep.run(TestStep.java:53)
	at io.cucumber.core.runner.TestCase.run(TestCase.java:80)
	at io.cucumber.core.runner.Runner.runPickle(Runner.java:77)
	at io.cucumber.junit.PickleRunners$NoStepDescriptions.lambda$run$0(PickleRunners.java:151)
	at io.cucumber.core.runtime.CucumberExecutionContext.lambda$runTestCase$5(CucumberExecutionContext.java:136)
	at io.cucumber.core.runtime.RethrowingThrowableCollector.executeAndThrow(RethrowingThrowableCollector.java:23)
	at io.cucumber.core.runtime.CucumberExecutionContext.runTestCase(CucumberExecutionContext.java:136)
	at io.cucumber.junit.PickleRunners$NoStepDescriptions.run(PickleRunners.java:148)
	at io.cucumber.junit.FeatureRunner.runChild(FeatureRunner.java:144)
	at io.cucumber.junit.FeatureRunner.runChild(FeatureRunner.java:28)
	at org.junit.runners.ParentRunner$4.run(ParentRunner.java:331)
	at org.junit.runners.ParentRunner$1.schedule(ParentRunner.java:79)
	at org.junit.runners.ParentRunner.runChildren(ParentRunner.java:329)
	at org.junit.runners.ParentRunner.access$100(ParentRunner.java:66)
	at org.junit.runners.ParentRunner$2.evaluate(ParentRunner.java:293)
	at org.junit.runners.ParentRunner$3.evaluate(ParentRunner.java:306)
	at org.junit.runners.ParentRunner.run(ParentRunner.java:413)
	at io.cucumber.junit.FeatureRunner.run(FeatureRunner.java:137)
	at io.cucumber.junit.Cucumber.runChild(Cucumber.java:196)
	at io.cucumber.junit.Cucumber.runChild(Cucumber.java:89)
	at org.junit.runners.ParentRunner$4.run(ParentRunner.java:331)
	at org.junit.runners.ParentRunner$1.schedule(ParentRunner.java:79)
	at org.junit.runners.ParentRunner.runChildren(ParentRunner.java:329)
	at org.junit.runners.ParentRunner.access$100(ParentRunner.java:66)
	at org.junit.runners.ParentRunner$2.evaluate(ParentRunner.java:293)
	at io.cucumber.core.runtime.CucumberExecutionContext.lambda$runFeatures$6(CucumberExecutionContext.java:147)
	at io.cucumber.core.runtime.CucumberExecutionContext.execute(CucumberExecutionContext.java:162)
	at io.cucumber.core.runtime.CucumberExecutionContext.runFeatures(CucumberExecutionContext.java:145)
	at io.cucumber.junit.Cucumber$StartAndFinishTestRun.evaluate(Cucumber.java:226)
	at org.junit.runners.ParentRunner$3.evaluate(ParentRunner.java:306)
	at org.junit.runners.ParentRunner.run(ParentRunner.java:413)
	at org.apache.maven.surefire.junit4.JUnit4Provider.execute(JUnit4Provider.java:316)
	at org.apache.maven.surefire.junit4.JUnit4Provider.executeWithRerun(JUnit4Provider.java:240)
	at org.apache.maven.surefire.junit4.JUnit4Provider.executeTestSet(JUnit4Provider.java:214)
	at org.apache.maven.surefire.junit4.JUnit4Provider.invoke(JUnit4Provider.java:155)
	at org.apache.maven.surefire.booter.ForkedBooter.runSuitesInProcess(ForkedBooter.java:385)
	at org.apache.maven.surefire.booter.ForkedBooter.execute(ForkedBooter.java:162)
	at org.apache.maven.surefire.booter.ForkedBooter.run(ForkedBooter.java:507)
	at org.apache.maven.surefire.booter.ForkedBooter.main(ForkedBooter.java:495)
Caused by: java.io.IOException: Error while instrumenting jdk/internal/net/http/common/TimeSource$NanoSource with JaCoCo 0.8.11.202310140853/f33756c.
	at org.jacoco.agent.rt.internal_4742761.core.instr.Instrumenter.instrumentError(Instrumenter.java:161)
	at org.jacoco.agent.rt.internal_4742761.core.instr.Instrumenter.instrument(Instrumenter.java:111)
	at org.jacoco.agent.rt.internal_4742761.CoverageTransformer.transform(CoverageTransformer.java:92)
	... 77 more
Caused by: java.lang.IllegalArgumentException: Unsupported class file major version 68
	at org.jacoco.agent.rt.internal_4742761.asm.ClassReader.<init>(ClassReader.java:200)
	at org.jacoco.agent.rt.internal_4742761.asm.ClassReader.<init>(ClassReader.java:180)
	at org.jacoco.agent.rt.internal_4742761.asm.ClassReader.<init>(ClassReader.java:166)
	at org.jacoco.agent.rt.internal_4742761.core.internal.instr.InstrSupport.classReaderFor(InstrSupport.java:280)
	at org.jacoco.agent.rt.internal_4742761.core.instr.Instrumenter.instrument(Instrumenter.java:77)
	at org.jacoco.agent.rt.internal_4742761.core.instr.Instrumenter.instrument(Instrumenter.java:109)
	... 78 more
java.lang.instrument.IllegalClassFormatException: Error while instrumenting jdk/internal/net/http/ConnectionPool$ExpiryList with JaCoCo 0.8.11.202310140853/f33756c.
	at org.jacoco.agent.rt.internal_4742761.CoverageTransformer.transform(CoverageTransformer.java:94)
	at java.instrument/java.lang.instrument.ClassFileTransformer.transform(ClassFileTransformer.java:257)
	at java.instrument/sun.instrument.TransformerManager.transform(TransformerManager.java:188)
	at java.instrument/sun.instrument.InstrumentationImpl.transform(InstrumentationImpl.java:594)
	at java.base/java.lang.ClassLoader.defineClass2(Native Method)
	at java.base/java.lang.ClassLoader.defineClass(ClassLoader.java:1052)
	at java.base/java.security.SecureClassLoader.defineClass(SecureClassLoader.java:164)
	at java.base/jdk.internal.loader.BuiltinClassLoader.defineClass(BuiltinClassLoader.java:735)
	at java.base/jdk.internal.loader.BuiltinClassLoader.findClassInModuleOrNull(BuiltinClassLoader.java:678)
	at java.base/jdk.internal.loader.BuiltinClassLoader.loadClassOrNull(BuiltinClassLoader.java:604)
	at java.base/jdk.internal.loader.BuiltinClassLoader.loadClass(BuiltinClassLoader.java:578)
	at java.base/java.lang.ClassLoader.loadClass(ClassLoader.java:490)
	at java.net.http/jdk.internal.net.http.ConnectionPool.<init>(ConnectionPool.java:143)
	at java.net.http/jdk.internal.net.http.ConnectionPool.<init>(ConnectionPool.java:132)
	at java.net.http/jdk.internal.net.http.ConnectionPool.<init>(ConnectionPool.java:128)
	at java.net.http/jdk.internal.net.http.HttpClientImpl.<init>(HttpClientImpl.java:475)
	at java.net.http/jdk.internal.net.http.HttpClientImpl.create(HttpClientImpl.java:420)
	at java.net.http/jdk.internal.net.http.HttpClientBuilderImpl.build(HttpClientBuilderImpl.java:142)
	at org.openqa.selenium.remote.http.jdk.JdkHttpClient.<init>(JdkHttpClient.java:156)
	at org.openqa.selenium.remote.http.jdk.JdkHttpClient$Factory.createClient(JdkHttpClient.java:548)
	at org.openqa.selenium.remote.HttpCommandExecutor.<init>(HttpCommandExecutor.java:117)
	at org.openqa.selenium.remote.HttpCommandExecutor.<init>(HttpCommandExecutor.java:93)
	at org.openqa.selenium.remote.service.DriverCommandExecutor.<init>(DriverCommandExecutor.java:87)
	at org.openqa.selenium.chromium.ChromiumDriverCommandExecutor.<init>(ChromiumDriverCommandExecutor.java:44)
	at org.openqa.selenium.chrome.ChromeDriver$ChromeDriverCommandExecutor.<init>(ChromeDriver.java:114)
	at org.openqa.selenium.chrome.ChromeDriver.generateExecutor(ChromeDriver.java:104)
	at org.openqa.selenium.chrome.ChromeDriver.<init>(ChromeDriver.java:88)
	at org.openqa.selenium.chrome.ChromeDriver.<init>(ChromeDriver.java:83)
	at org.openqa.selenium.chrome.ChromeDriver.<init>(ChromeDriver.java:51)
	at StepDefination.StepDef.setup1(StepDef.java:49)
	at java.base/jdk.internal.reflect.DirectMethodHandleAccessor.invoke(DirectMethodHandleAccessor.java:104)
	at java.base/java.lang.reflect.Method.invoke(Method.java:565)
	at io.cucumber.java.Invoker.doInvoke(Invoker.java:66)
	at io.cucumber.java.Invoker.invoke(Invoker.java:24)
	at io.cucumber.java.AbstractGlueDefinition.invokeMethod(AbstractGlueDefinition.java:47)
	at io.cucumber.java.JavaHookDefinition.execute(JavaHookDefinition.java:68)
	at io.cucumber.core.runner.CoreHookDefinition.execute(CoreHookDefinition.java:47)
	at io.cucumber.core.runner.HookDefinitionMatch.runStep(HookDefinitionMatch.java:21)
	at io.cucumber.core.runner.ExecutionMode$1.execute(ExecutionMode.java:10)
	at io.cucumber.core.runner.TestStep.executeStep(TestStep.java:81)
	at io.cucumber.core.runner.TestStep.run(TestStep.java:53)
	at io.cucumber.core.runner.TestCase.run(TestCase.java:80)
	at io.cucumber.core.runner.Runner.runPickle(Runner.java:77)
	at io.cucumber.junit.PickleRunners$NoStepDescriptions.lambda$run$0(PickleRunners.java:151)
	at io.cucumber.core.runtime.CucumberExecutionContext.lambda$runTestCase$5(CucumberExecutionContext.java:136)
	at io.cucumber.core.runtime.RethrowingThrowableCollector.executeAndThrow(RethrowingThrowableCollector.java:23)
	at io.cucumber.core.runtime.CucumberExecutionContext.runTestCase(CucumberExecutionContext.java:136)
	at io.cucumber.junit.PickleRunners$NoStepDescriptions.run(PickleRunners.java:148)
	at io.cucumber.junit.FeatureRunner.runChild(FeatureRunner.java:144)
	at io.cucumber.junit.FeatureRunner.runChild(FeatureRunner.java:28)
	at org.junit.runners.ParentRunner$4.run(ParentRunner.java:331)
	at org.junit.runners.ParentRunner$1.schedule(ParentRunner.java:79)
	at org.junit.runners.ParentRunner.runChildren(ParentRunner.java:329)
	at org.junit.runners.ParentRunner.access$100(ParentRunner.java:66)
	at org.junit.runners.ParentRunner$2.evaluate(ParentRunner.java:293)
	at org.junit.runners.ParentRunner$3.evaluate(ParentRunner.java:306)
	at org.junit.runners.ParentRunner.run(ParentRunner.java:413)
	at io.cucumber.junit.FeatureRunner.run(FeatureRunner.java:137)
	at io.cucumber.junit.Cucumber.runChild(Cucumber.java:196)
	at io.cucumber.junit.Cucumber.runChild(Cucumber.java:89)
	at org.junit.runners.ParentRunner$4.run(ParentRunner.java:331)
	at org.junit.runners.ParentRunner$1.schedule(ParentRunner.java:79)
	at org.junit.runners.ParentRunner.runChildren(ParentRunner.java:329)
	at org.junit.runners.ParentRunner.access$100(ParentRunner.java:66)
	at org.junit.runners.ParentRunner$2.evaluate(ParentRunner.java:293)
	at io.cucumber.core.runtime.CucumberExecutionContext.lambda$runFeatures$6(CucumberExecutionContext.java:147)
	at io.cucumber.core.runtime.CucumberExecutionContext.execute(CucumberExecutionContext.java:162)
	at io.cucumber.core.runtime.CucumberExecutionContext.runFeatures(CucumberExecutionContext.java:145)
	at io.cucumber.junit.Cucumber$StartAndFinishTestRun.evaluate(Cucumber.java:226)
	at org.junit.runners.ParentRunner$3.evaluate(ParentRunner.java:306)
	at org.junit.runners.ParentRunner.run(ParentRunner.java:413)
	at org.apache.maven.surefire.junit4.JUnit4Provider.execute(JUnit4Provider.java:316)
	at org.apache.maven.surefire.junit4.JUnit4Provider.executeWithRerun(JUnit4Provider.java:240)
	at org.apache.maven.surefire.junit4.JUnit4Provider.executeTestSet(JUnit4Provider.java:214)
	at org.apache.maven.surefire.junit4.JUnit4Provider.invoke(JUnit4Provider.java:155)
	at org.apache.maven.surefire.booter.ForkedBooter.runSuitesInProcess(ForkedBooter.java:385)
	at org.apache.maven.surefire.booter.ForkedBooter.execute(ForkedBooter.java:162)
	at org.apache.maven.surefire.booter.ForkedBooter.run(ForkedBooter.java:507)
	at org.apache.maven.surefire.booter.ForkedBooter.main(ForkedBooter.java:495)
Caused by: java.io.IOException: Error while instrumenting jdk/internal/net/http/ConnectionPool$ExpiryList with JaCoCo 0.8.11.202310140853/f33756c.
	at org.jacoco.agent.rt.internal_4742761.core.instr.Instrumenter.instrumentError(Instrumenter.java:161)
	at org.jacoco.agent.rt.internal_4742761.core.instr.Instrumenter.instrument(Instrumenter.java:111)
	at org.jacoco.agent.rt.internal_4742761.CoverageTransformer.transform(CoverageTransformer.java:92)
	... 78 more
Caused by: java.lang.IllegalArgumentException: Unsupported class file major version 68
	at org.jacoco.agent.rt.internal_4742761.asm.ClassReader.<init>(ClassReader.java:200)
	at org.jacoco.agent.rt.internal_4742761.asm.ClassReader.<init>(ClassReader.java:180)
	at org.jacoco.agent.rt.internal_4742761.asm.ClassReader.<init>(ClassReader.java:166)
	at org.jacoco.agent.rt.internal_4742761.core.internal.instr.InstrSupport.classReaderFor(InstrSupport.java:280)
	at org.jacoco.agent.rt.internal_4742761.core.instr.Instrumenter.instrument(Instrumenter.java:77)
	at org.jacoco.agent.rt.internal_4742761.core.instr.Instrumenter.instrument(Instrumenter.java:109)
	... 79 more
java.lang.instrument.IllegalClassFormatException: Error while instrumenting jdk/internal/net/http/HttpClientImpl$SelectorManager with JaCoCo 0.8.11.202310140853/f33756c.
	at org.jacoco.agent.rt.internal_4742761.CoverageTransformer.transform(CoverageTransformer.java:94)
	at java.instrument/java.lang.instrument.ClassFileTransformer.transform(ClassFileTransformer.java:257)
	at java.instrument/sun.instrument.TransformerManager.transform(TransformerManager.java:188)
	at java.instrument/sun.instrument.InstrumentationImpl.transform(InstrumentationImpl.java:594)
	at java.base/java.lang.ClassLoader.defineClass2(Native Method)
	at java.base/java.lang.ClassLoader.defineClass(ClassLoader.java:1052)
	at java.base/java.security.SecureClassLoader.defineClass(SecureClassLoader.java:164)
	at java.base/jdk.internal.loader.BuiltinClassLoader.defineClass(BuiltinClassLoader.java:735)
	at java.base/jdk.internal.loader.BuiltinClassLoader.findClassInModuleOrNull(BuiltinClassLoader.java:678)
	at java.base/jdk.internal.loader.BuiltinClassLoader.loadClassOrNull(BuiltinClassLoader.java:604)
	at java.base/jdk.internal.loader.BuiltinClassLoader.loadClass(BuiltinClassLoader.java:578)
	at java.base/java.lang.ClassLoader.loadClass(ClassLoader.java:490)
	at java.net.http/jdk.internal.net.http.HttpClientImpl.<init>(HttpClientImpl.java:479)
	at java.net.http/jdk.internal.net.http.HttpClientImpl.create(HttpClientImpl.java:420)
	at java.net.http/jdk.internal.net.http.HttpClientBuilderImpl.build(HttpClientBuilderImpl.java:142)
	at org.openqa.selenium.remote.http.jdk.JdkHttpClient.<init>(JdkHttpClient.java:156)
	at org.openqa.selenium.remote.http.jdk.JdkHttpClient$Factory.createClient(JdkHttpClient.java:548)
	at org.openqa.selenium.remote.HttpCommandExecutor.<init>(HttpCommandExecutor.java:117)
	at org.openqa.selenium.remote.HttpCommandExecutor.<init>(HttpCommandExecutor.java:93)
	at org.openqa.selenium.remote.service.DriverCommandExecutor.<init>(DriverCommandExecutor.java:87)
	at org.openqa.selenium.chromium.ChromiumDriverCommandExecutor.<init>(ChromiumDriverCommandExecutor.java:44)
	at org.openqa.selenium.chrome.ChromeDriver$ChromeDriverCommandExecutor.<init>(ChromeDriver.java:114)
	at org.openqa.selenium.chrome.ChromeDriver.generateExecutor(ChromeDriver.java:104)
	at org.openqa.selenium.chrome.ChromeDriver.<init>(ChromeDriver.java:88)
	at org.openqa.selenium.chrome.ChromeDriver.<init>(ChromeDriver.java:83)
	at org.openqa.selenium.chrome.ChromeDriver.<init>(ChromeDriver.java:51)
	at StepDefination.StepDef.setup1(StepDef.java:49)
	at java.base/jdk.internal.reflect.DirectMethodHandleAccessor.invoke(DirectMethodHandleAccessor.java:104)
	at java.base/java.lang.reflect.Method.invoke(Method.java:565)
	at io.cucumber.java.Invoker.doInvoke(Invoker.java:66)
	at io.cucumber.java.Invoker.invoke(Invoker.java:24)
	at io.cucumber.java.AbstractGlueDefinition.invokeMethod(AbstractGlueDefinition.java:47)
	at io.cucumber.java.JavaHookDefinition.execute(JavaHookDefinition.java:68)
	at io.cucumber.core.runner.CoreHookDefinition.execute(CoreHookDefinition.java:47)
	at io.cucumber.core.runner.HookDefinitionMatch.runStep(HookDefinitionMatch.java:21)
	at io.cucumber.core.runner.ExecutionMode$1.execute(ExecutionMode.java:10)
	at io.cucumber.core.runner.TestStep.executeStep(TestStep.java:81)
	at io.cucumber.core.runner.TestStep.run(TestStep.java:53)
	at io.cucumber.core.runner.TestCase.run(TestCase.java:80)
	at io.cucumber.core.runner.Runner.runPickle(Runner.java:77)
	at io.cucumber.junit.PickleRunners$NoStepDescriptions.lambda$run$0(PickleRunners.java:151)
	at io.cucumber.core.runtime.CucumberExecutionContext.lambda$runTestCase$5(CucumberExecutionContext.java:136)
	at io.cucumber.core.runtime.RethrowingThrowableCollector.executeAndThrow(RethrowingThrowableCollector.java:23)
	at io.cucumber.core.runtime.CucumberExecutionContext.runTestCase(CucumberExecutionContext.java:136)
	at io.cucumber.junit.PickleRunners$NoStepDescriptions.run(PickleRunners.java:148)
	at io.cucumber.junit.FeatureRunner.runChild(FeatureRunner.java:144)
	at io.cucumber.junit.FeatureRunner.runChild(FeatureRunner.java:28)
	at org.junit.runners.ParentRunner$4.run(ParentRunner.java:331)
	at org.junit.runners.ParentRunner$1.schedule(ParentRunner.java:79)
	at org.junit.runners.ParentRunner.runChildren(ParentRunner.java:329)
	at org.junit.runners.ParentRunner.access$100(ParentRunner.java:66)
	at org.junit.runners.ParentRunner$2.evaluate(ParentRunner.java:293)
	at org.junit.runners.ParentRunner$3.evaluate(ParentRunner.java:306)
	at org.junit.runners.ParentRunner.run(ParentRunner.java:413)
	at io.cucumber.junit.FeatureRunner.run(FeatureRunner.java:137)
	at io.cucumber.junit.Cucumber.runChild(Cucumber.java:196)
	at io.cucumber.junit.Cucumber.runChild(Cucumber.java:89)
	at org.junit.runners.ParentRunner$4.run(ParentRunner.java:331)
	at org.junit.runners.ParentRunner$1.schedule(ParentRunner.java:79)
	at org.junit.runners.ParentRunner.runChildren(ParentRunner.java:329)
	at org.junit.runners.ParentRunner.access$100(ParentRunner.java:66)
	at org.junit.runners.ParentRunner$2.evaluate(ParentRunner.java:293)
	at io.cucumber.core.runtime.CucumberExecutionContext.lambda$runFeatures$6(CucumberExecutionContext.java:147)
	at io.cucumber.core.runtime.CucumberExecutionContext.execute(CucumberExecutionContext.java:162)
	at io.cucumber.core.runtime.CucumberExecutionContext.runFeatures(CucumberExecutionContext.java:145)
	at io.cucumber.junit.Cucumber$StartAndFinishTestRun.evaluate(Cucumber.java:226)
	at org.junit.runners.ParentRunner$3.evaluate(ParentRunner.java:306)
	at org.junit.runners.ParentRunner.run(ParentRunner.java:413)
	at org.apache.maven.surefire.junit4.JUnit4Provider.execute(JUnit4Provider.java:316)
	at org.apache.maven.surefire.junit4.JUnit4Provider.executeWithRerun(JUnit4Provider.java:240)
	at org.apache.maven.surefire.junit4.JUnit4Provider.executeTestSet(JUnit4Provider.java:214)
	at org.apache.maven.surefire.junit4.JUnit4Provider.invoke(JUnit4Provider.java:155)
	at org.apache.maven.surefire.booter.ForkedBooter.runSuitesInProcess(ForkedBooter.java:385)
	at org.apache.maven.surefire.booter.ForkedBooter.execute(ForkedBooter.java:162)
	at org.apache.maven.surefire.booter.ForkedBooter.run(ForkedBooter.java:507)
	at org.apache.maven.surefire.booter.ForkedBooter.main(ForkedBooter.java:495)
Caused by: java.io.IOException: Error while instrumenting jdk/internal/net/http/HttpClientImpl$SelectorManager with JaCoCo 0.8.11.202310140853/f33756c.
	at org.jacoco.agent.rt.internal_4742761.core.instr.Instrumenter.instrumentError(Instrumenter.java:161)
	at org.jacoco.agent.rt.internal_4742761.core.instr.Instrumenter.instrument(Instrumenter.java:111)
	at org.jacoco.agent.rt.internal_4742761.CoverageTransformer.transform(CoverageTransformer.java:92)
	... 75 more
Caused by: java.lang.IllegalArgumentException: Unsupported class file major version 68
	at org.jacoco.agent.rt.internal_4742761.asm.ClassReader.<init>(ClassReader.java:200)
	at org.jacoco.agent.rt.internal_4742761.asm.ClassReader.<init>(ClassReader.java:180)
	at org.jacoco.agent.rt.internal_4742761.asm.ClassReader.<init>(ClassReader.java:166)
	at org.jacoco.agent.rt.internal_4742761.core.internal.instr.InstrSupport.classReaderFor(InstrSupport.java:280)
	at org.jacoco.agent.rt.internal_4742761.core.instr.Instrumenter.instrument(Instrumenter.java:77)
	at org.jacoco.agent.rt.internal_4742761.core.instr.Instrumenter.instrument(Instrumenter.java:109)
	... 76 more
java.lang.instrument.IllegalClassFormatException: Error while instrumenting jdk/internal/net/http/FilterFactory with JaCoCo 0.8.11.202310140853/f33756c.
	at org.jacoco.agent.rt.internal_4742761.CoverageTransformer.transform(CoverageTransformer.java:94)
	at java.instrument/java.lang.instrument.ClassFileTransformer.transform(ClassFileTransformer.java:257)
	at java.instrument/sun.instrument.TransformerManager.transform(TransformerManager.java:188)
	at java.instrument/sun.instrument.InstrumentationImpl.transform(InstrumentationImpl.java:594)
	at java.base/java.lang.ClassLoader.defineClass2(Native Method)
	at java.base/java.lang.ClassLoader.defineClass(ClassLoader.java:1052)
	at java.base/java.security.SecureClassLoader.defineClass(SecureClassLoader.java:164)
	at java.base/jdk.internal.loader.BuiltinClassLoader.defineClass(BuiltinClassLoader.java:735)
	at java.base/jdk.internal.loader.BuiltinClassLoader.findClassInModuleOrNull(BuiltinClassLoader.java:678)
	at java.base/jdk.internal.loader.BuiltinClassLoader.loadClassOrNull(BuiltinClassLoader.java:604)
	at java.base/jdk.internal.loader.BuiltinClassLoader.loadClass(BuiltinClassLoader.java:578)
	at java.base/java.lang.ClassLoader.loadClass(ClassLoader.java:490)
	at java.net.http/jdk.internal.net.http.HttpClientImpl.<init>(HttpClientImpl.java:485)
	at java.net.http/jdk.internal.net.http.HttpClientImpl.create(HttpClientImpl.java:420)
	at java.net.http/jdk.internal.net.http.HttpClientBuilderImpl.build(HttpClientBuilderImpl.java:142)
	at org.openqa.selenium.remote.http.jdk.JdkHttpClient.<init>(JdkHttpClient.java:156)
	at org.openqa.selenium.remote.http.jdk.JdkHttpClient$Factory.createClient(JdkHttpClient.java:548)
	at org.openqa.selenium.remote.HttpCommandExecutor.<init>(HttpCommandExecutor.java:117)
	at org.openqa.selenium.remote.HttpCommandExecutor.<init>(HttpCommandExecutor.java:93)
	at org.openqa.selenium.remote.service.DriverCommandExecutor.<init>(DriverCommandExecutor.java:87)
	at org.openqa.selenium.chromium.ChromiumDriverCommandExecutor.<init>(ChromiumDriverCommandExecutor.java:44)
	at org.openqa.selenium.chrome.ChromeDriver$ChromeDriverCommandExecutor.<init>(ChromeDriver.java:114)
	at org.openqa.selenium.chrome.ChromeDriver.generateExecutor(ChromeDriver.java:104)
	at org.openqa.selenium.chrome.ChromeDriver.<init>(ChromeDriver.java:88)
	at org.openqa.selenium.chrome.ChromeDriver.<init>(ChromeDriver.java:83)
	at org.openqa.selenium.chrome.ChromeDriver.<init>(ChromeDriver.java:51)
	at StepDefination.StepDef.setup1(StepDef.java:49)
	at java.base/jdk.internal.reflect.DirectMethodHandleAccessor.invoke(DirectMethodHandleAccessor.java:104)
	at java.base/java.lang.reflect.Method.invoke(Method.java:565)
	at io.cucumber.java.Invoker.doInvoke(Invoker.java:66)
	at io.cucumber.java.Invoker.invoke(Invoker.java:24)
	at io.cucumber.java.AbstractGlueDefinition.invokeMethod(AbstractGlueDefinition.java:47)
	at io.cucumber.java.JavaHookDefinition.execute(JavaHookDefinition.java:68)
	at io.cucumber.core.runner.CoreHookDefinition.execute(CoreHookDefinition.java:47)
	at io.cucumber.core.runner.HookDefinitionMatch.runStep(HookDefinitionMatch.java:21)
	at io.cucumber.core.runner.ExecutionMode$1.execute(ExecutionMode.java:10)
	at io.cucumber.core.runner.TestStep.executeStep(TestStep.java:81)
	at io.cucumber.core.runner.TestStep.run(TestStep.java:53)
	at io.cucumber.core.runner.TestCase.run(TestCase.java:80)
	at io.cucumber.core.runner.Runner.runPickle(Runner.java:77)
	at io.cucumber.junit.PickleRunners$NoStepDescriptions.lambda$run$0(PickleRunners.java:151)
	at io.cucumber.core.runtime.CucumberExecutionContext.lambda$runTestCase$5(CucumberExecutionContext.java:136)
	at io.cucumber.core.runtime.RethrowingThrowableCollector.executeAndThrow(RethrowingThrowableCollector.java:23)
	at io.cucumber.core.runtime.CucumberExecutionContext.runTestCase(CucumberExecutionContext.java:136)
	at io.cucumber.junit.PickleRunners$NoStepDescriptions.run(PickleRunners.java:148)
	at io.cucumber.junit.FeatureRunner.runChild(FeatureRunner.java:144)
	at io.cucumber.junit.FeatureRunner.runChild(FeatureRunner.java:28)
	at org.junit.runners.ParentRunner$4.run(ParentRunner.java:331)
	at org.junit.runners.ParentRunner$1.schedule(ParentRunner.java:79)
	at org.junit.runners.ParentRunner.runChildren(ParentRunner.java:329)
	at org.junit.runners.ParentRunner.access$100(ParentRunner.java:66)
	at org.junit.runners.ParentRunner$2.evaluate(ParentRunner.java:293)
	at org.junit.runners.ParentRunner$3.evaluate(ParentRunner.java:306)
	at org.junit.runners.ParentRunner.run(ParentRunner.java:413)
	at io.cucumber.junit.FeatureRunner.run(FeatureRunner.java:137)
	at io.cucumber.junit.Cucumber.runChild(Cucumber.java:196)
	at io.cucumber.junit.Cucumber.runChild(Cucumber.java:89)
	at org.junit.runners.ParentRunner$4.run(ParentRunner.java:331)
	at org.junit.runners.ParentRunner$1.schedule(ParentRunner.java:79)
	at org.junit.runners.ParentRunner.runChildren(ParentRunner.java:329)
	at org.junit.runners.ParentRunner.access$100(ParentRunner.java:66)
	at org.junit.runners.ParentRunner$2.evaluate(ParentRunner.java:293)
	at io.cucumber.core.runtime.CucumberExecutionContext.lambda$runFeatures$6(CucumberExecutionContext.java:147)
	at io.cucumber.core.runtime.CucumberExecutionContext.execute(CucumberExecutionContext.java:162)
	at io.cucumber.core.runtime.CucumberExecutionContext.runFeatures(CucumberExecutionContext.java:145)
	at io.cucumber.junit.Cucumber$StartAndFinishTestRun.evaluate(Cucumber.java:226)
	at org.junit.runners.ParentRunner$3.evaluate(ParentRunner.java:306)
	at org.junit.runners.ParentRunner.run(ParentRunner.java:413)
	at org.apache.maven.surefire.junit4.JUnit4Provider.execute(JUnit4Provider.java:316)
	at org.apache.maven.surefire.junit4.JUnit4Provider.executeWithRerun(JUnit4Provider.java:240)
	at org.apache.maven.surefire.junit4.JUnit4Provider.executeTestSet(JUnit4Provider.java:214)
	at org.apache.maven.surefire.junit4.JUnit4Provider.invoke(JUnit4Provider.java:155)
	at org.apache.maven.surefire.booter.ForkedBooter.runSuitesInProcess(ForkedBooter.java:385)
	at org.apache.maven.surefire.booter.ForkedBooter.execute(ForkedBooter.java:162)
	at org.apache.maven.surefire.booter.ForkedBooter.run(ForkedBooter.java:507)
	at org.apache.maven.surefire.booter.ForkedBooter.main(ForkedBooter.java:495)
Caused by: java.io.IOException: Error while instrumenting jdk/internal/net/http/FilterFactory with JaCoCo 0.8.11.202310140853/f33756c.
	at org.jacoco.agent.rt.internal_4742761.core.instr.Instrumenter.instrumentError(Instrumenter.java:161)
	at org.jacoco.agent.rt.internal_4742761.core.instr.Instrumenter.instrument(Instrumenter.java:111)
	at org.jacoco.agent.rt.internal_4742761.CoverageTransformer.transform(CoverageTransformer.java:92)
	... 75 more
Caused by: java.lang.IllegalArgumentException: Unsupported class file major version 68
	at org.jacoco.agent.rt.internal_4742761.asm.ClassReader.<init>(ClassReader.java:200)
	at org.jacoco.agent.rt.internal_4742761.asm.ClassReader.<init>(ClassReader.java:180)
	at org.jacoco.agent.rt.internal_4742761.asm.ClassReader.<init>(ClassReader.java:166)
	at org.jacoco.agent.rt.internal_4742761.core.internal.instr.InstrSupport.classReaderFor(InstrSupport.java:280)
	at org.jacoco.agent.rt.internal_4742761.core.instr.Instrumenter.instrument(Instrumenter.java:77)
	at org.jacoco.agent.rt.internal_4742761.core.instr.Instrumenter.instrument(Instrumenter.java:109)
	... 76 more
java.lang.instrument.IllegalClassFormatException: Error while instrumenting jdk/internal/net/http/AuthenticationFilter with JaCoCo 0.8.11.202310140853/f33756c.
	at org.jacoco.agent.rt.internal_4742761.CoverageTransformer.transform(CoverageTransformer.java:94)
	at java.instrument/java.lang.instrument.ClassFileTransformer.transform(ClassFileTransformer.java:257)
	at java.instrument/sun.instrument.TransformerManager.transform(TransformerManager.java:188)
	at java.instrument/sun.instrument.InstrumentationImpl.transform(InstrumentationImpl.java:594)
	at java.base/java.lang.ClassLoader.defineClass2(Native Method)
	at java.base/java.lang.ClassLoader.defineClass(ClassLoader.java:1052)
	at java.base/java.security.SecureClassLoader.defineClass(SecureClassLoader.java:164)
	at java.base/jdk.internal.loader.BuiltinClassLoader.defineClass(BuiltinClassLoader.java:735)
	at java.base/jdk.internal.loader.BuiltinClassLoader.findClassInModuleOrNull(BuiltinClassLoader.java:678)
	at java.base/jdk.internal.loader.BuiltinClassLoader.loadClassOrNull(BuiltinClassLoader.java:604)
	at java.base/jdk.internal.loader.BuiltinClassLoader.loadClass(BuiltinClassLoader.java:578)
	at java.base/java.lang.ClassLoader.loadClass(ClassLoader.java:490)
	at java.net.http/jdk.internal.net.http.HttpClientImpl.initFilters(HttpClientImpl.java:1675)
	at java.net.http/jdk.internal.net.http.HttpClientImpl.<init>(HttpClientImpl.java:486)
	at java.net.http/jdk.internal.net.http.HttpClientImpl.create(HttpClientImpl.java:420)
	at java.net.http/jdk.internal.net.http.HttpClientBuilderImpl.build(HttpClientBuilderImpl.java:142)
	at org.openqa.selenium.remote.http.jdk.JdkHttpClient.<init>(JdkHttpClient.java:156)
	at org.openqa.selenium.remote.http.jdk.JdkHttpClient$Factory.createClient(JdkHttpClient.java:548)
	at org.openqa.selenium.remote.HttpCommandExecutor.<init>(HttpCommandExecutor.java:117)
	at org.openqa.selenium.remote.HttpCommandExecutor.<init>(HttpCommandExecutor.java:93)
	at org.openqa.selenium.remote.service.DriverCommandExecutor.<init>(DriverCommandExecutor.java:87)
	at org.openqa.selenium.chromium.ChromiumDriverCommandExecutor.<init>(ChromiumDriverCommandExecutor.java:44)
	at org.openqa.selenium.chrome.ChromeDriver$ChromeDriverCommandExecutor.<init>(ChromeDriver.java:114)
	at org.openqa.selenium.chrome.ChromeDriver.generateExecutor(ChromeDriver.java:104)
	at org.openqa.selenium.chrome.ChromeDriver.<init>(ChromeDriver.java:88)
	at org.openqa.selenium.chrome.ChromeDriver.<init>(ChromeDriver.java:83)
	at org.openqa.selenium.chrome.ChromeDriver.<init>(ChromeDriver.java:51)
	at StepDefination.StepDef.setup1(StepDef.java:49)
	at java.base/jdk.internal.reflect.DirectMethodHandleAccessor.invoke(DirectMethodHandleAccessor.java:104)
	at java.base/java.lang.reflect.Method.invoke(Method.java:565)
	at io.cucumber.java.Invoker.doInvoke(Invoker.java:66)
	at io.cucumber.java.Invoker.invoke(Invoker.java:24)
	at io.cucumber.java.AbstractGlueDefinition.invokeMethod(AbstractGlueDefinition.java:47)
	at io.cucumber.java.JavaHookDefinition.execute(JavaHookDefinition.java:68)
	at io.cucumber.core.runner.CoreHookDefinition.execute(CoreHookDefinition.java:47)
	at io.cucumber.core.runner.HookDefinitionMatch.runStep(HookDefinitionMatch.java:21)
	at io.cucumber.core.runner.ExecutionMode$1.execute(ExecutionMode.java:10)
	at io.cucumber.core.runner.TestStep.executeStep(TestStep.java:81)
	at io.cucumber.core.runner.TestStep.run(TestStep.java:53)
	at io.cucumber.core.runner.TestCase.run(TestCase.java:80)
	at io.cucumber.core.runner.Runner.runPickle(Runner.java:77)
	at io.cucumber.junit.PickleRunners$NoStepDescriptions.lambda$run$0(PickleRunners.java:151)
	at io.cucumber.core.runtime.CucumberExecutionContext.lambda$runTestCase$5(CucumberExecutionContext.java:136)
	at io.cucumber.core.runtime.RethrowingThrowableCollector.executeAndThrow(RethrowingThrowableCollector.java:23)
	at io.cucumber.core.runtime.CucumberExecutionContext.runTestCase(CucumberExecutionContext.java:136)
	at io.cucumber.junit.PickleRunners$NoStepDescriptions.run(PickleRunners.java:148)
	at io.cucumber.junit.FeatureRunner.runChild(FeatureRunner.java:144)
	at io.cucumber.junit.FeatureRunner.runChild(FeatureRunner.java:28)
	at org.junit.runners.ParentRunner$4.run(ParentRunner.java:331)
	at org.junit.runners.ParentRunner$1.schedule(ParentRunner.java:79)
	at org.junit.runners.ParentRunner.runChildren(ParentRunner.java:329)
	at org.junit.runners.ParentRunner.access$100(ParentRunner.java:66)
	at org.junit.runners.ParentRunner$2.evaluate(ParentRunner.java:293)
	at org.junit.runners.ParentRunner$3.evaluate(ParentRunner.java:306)
	at org.junit.runners.ParentRunner.run(ParentRunner.java:413)
	at io.cucumber.junit.FeatureRunner.run(FeatureRunner.java:137)
	at io.cucumber.junit.Cucumber.runChild(Cucumber.java:196)
	at io.cucumber.junit.Cucumber.runChild(Cucumber.java:89)
	at org.junit.runners.ParentRunner$4.run(ParentRunner.java:331)
	at org.junit.runners.ParentRunner$1.schedule(ParentRunner.java:79)
	at org.junit.runners.ParentRunner.runChildren(ParentRunner.java:329)
	at org.junit.runners.ParentRunner.access$100(ParentRunner.java:66)
	at org.junit.runners.ParentRunner$2.evaluate(ParentRunner.java:293)
	at io.cucumber.core.runtime.CucumberExecutionContext.lambda$runFeatures$6(CucumberExecutionContext.java:147)
	at io.cucumber.core.runtime.CucumberExecutionContext.execute(CucumberExecutionContext.java:162)
	at io.cucumber.core.runtime.CucumberExecutionContext.runFeatures(CucumberExecutionContext.java:145)
	at io.cucumber.junit.Cucumber$StartAndFinishTestRun.evaluate(Cucumber.java:226)
	at org.junit.runners.ParentRunner$3.evaluate(ParentRunner.java:306)
	at org.junit.runners.ParentRunner.run(ParentRunner.java:413)
	at org.apache.maven.surefire.junit4.JUnit4Provider.execute(JUnit4Provider.java:316)
	at org.apache.maven.surefire.junit4.JUnit4Provider.executeWithRerun(JUnit4Provider.java:240)
	at org.apache.maven.surefire.junit4.JUnit4Provider.executeTestSet(JUnit4Provider.java:214)
	at org.apache.maven.surefire.junit4.JUnit4Provider.invoke(JUnit4Provider.java:155)
	at org.apache.maven.surefire.booter.ForkedBooter.runSuitesInProcess(ForkedBooter.java:385)
	at org.apache.maven.surefire.booter.ForkedBooter.execute(ForkedBooter.java:162)
	at org.apache.maven.surefire.booter.ForkedBooter.run(ForkedBooter.java:507)
	at org.apache.maven.surefire.booter.ForkedBooter.main(ForkedBooter.java:495)
Caused by: java.io.IOException: Error while instrumenting jdk/internal/net/http/AuthenticationFilter with JaCoCo 0.8.11.202310140853/f33756c.
	at org.jacoco.agent.rt.internal_4742761.core.instr.Instrumenter.instrumentError(Instrumenter.java:161)
	at org.jacoco.agent.rt.internal_4742761.core.instr.Instrumenter.instrument(Instrumenter.java:111)
	at org.jacoco.agent.rt.internal_4742761.CoverageTransformer.transform(CoverageTransformer.java:92)
	... 76 more
Caused by: java.lang.IllegalArgumentException: Unsupported class file major version 68
	at org.jacoco.agent.rt.internal_4742761.asm.ClassReader.<init>(ClassReader.java:200)
	at org.jacoco.agent.rt.internal_4742761.asm.ClassReader.<init>(ClassReader.java:180)
	at org.jacoco.agent.rt.internal_4742761.asm.ClassReader.<init>(ClassReader.java:166)
	at org.jacoco.agent.rt.internal_4742761.core.internal.instr.InstrSupport.classReaderFor(InstrSupport.java:280)
	at org.jacoco.agent.rt.internal_4742761.core.instr.Instrumenter.instrument(Instrumenter.java:77)
	at org.jacoco.agent.rt.internal_4742761.core.instr.Instrumenter.instrument(Instrumenter.java:109)
	... 77 more
java.lang.instrument.IllegalClassFormatException: Error while instrumenting jdk/internal/net/http/HeaderFilter with JaCoCo 0.8.11.202310140853/f33756c.
	at org.jacoco.agent.rt.internal_4742761.CoverageTransformer.transform(CoverageTransformer.java:94)
	at java.instrument/java.lang.instrument.ClassFileTransformer.transform(ClassFileTransformer.java:257)
	at java.instrument/sun.instrument.TransformerManager.transform(TransformerManager.java:188)
	at java.instrument/sun.instrument.InstrumentationImpl.transform(InstrumentationImpl.java:594)
	at java.base/java.lang.ClassLoader.defineClass2(Native Method)
	at java.base/java.lang.ClassLoader.defineClass(ClassLoader.java:1052)
	at java.base/java.security.SecureClassLoader.defineClass(SecureClassLoader.java:164)
	at java.base/jdk.internal.loader.BuiltinClassLoader.defineClass(BuiltinClassLoader.java:735)
	at java.base/jdk.internal.loader.BuiltinClassLoader.findClassInModuleOrNull(BuiltinClassLoader.java:678)
	at java.base/jdk.internal.loader.BuiltinClassLoader.loadClassOrNull(BuiltinClassLoader.java:604)
	at java.base/jdk.internal.loader.BuiltinClassLoader.loadClass(BuiltinClassLoader.java:578)
	at java.base/java.lang.ClassLoader.loadClass(ClassLoader.java:490)
	at java.base/java.lang.ClassLoader.defineClass2(Native Method)
	at java.base/java.lang.ClassLoader.defineClass(ClassLoader.java:1052)
	at java.base/java.security.SecureClassLoader.defineClass(SecureClassLoader.java:164)
	at java.base/jdk.internal.loader.BuiltinClassLoader.defineClass(BuiltinClassLoader.java:735)
	at java.base/jdk.internal.loader.BuiltinClassLoader.findClassInModuleOrNull(BuiltinClassLoader.java:678)
	at java.base/jdk.internal.loader.BuiltinClassLoader.loadClassOrNull(BuiltinClassLoader.java:604)
	at java.base/jdk.internal.loader.BuiltinClassLoader.loadClass(BuiltinClassLoader.java:578)
	at java.base/java.lang.ClassLoader.loadClass(ClassLoader.java:490)
	at java.net.http/jdk.internal.net.http.HttpClientImpl.initFilters(HttpClientImpl.java:1675)
	at java.net.http/jdk.internal.net.http.HttpClientImpl.<init>(HttpClientImpl.java:486)
	at java.net.http/jdk.internal.net.http.HttpClientImpl.create(HttpClientImpl.java:420)
	at java.net.http/jdk.internal.net.http.HttpClientBuilderImpl.build(HttpClientBuilderImpl.java:142)
	at org.openqa.selenium.remote.http.jdk.JdkHttpClient.<init>(JdkHttpClient.java:156)
	at org.openqa.selenium.remote.http.jdk.JdkHttpClient$Factory.createClient(JdkHttpClient.java:548)
	at org.openqa.selenium.remote.HttpCommandExecutor.<init>(HttpCommandExecutor.java:117)
	at org.openqa.selenium.remote.HttpCommandExecutor.<init>(HttpCommandExecutor.java:93)
	at org.openqa.selenium.remote.service.DriverCommandExecutor.<init>(DriverCommandExecutor.java:87)
	at org.openqa.selenium.chromium.ChromiumDriverCommandExecutor.<init>(ChromiumDriverCommandExecutor.java:44)
	at org.openqa.selenium.chrome.ChromeDriver$ChromeDriverCommandExecutor.<init>(ChromeDriver.java:114)
	at org.openqa.selenium.chrome.ChromeDriver.generateExecutor(ChromeDriver.java:104)
	at org.openqa.selenium.chrome.ChromeDriver.<init>(ChromeDriver.java:88)
	at org.openqa.selenium.chrome.ChromeDriver.<init>(ChromeDriver.java:83)
	at org.openqa.selenium.chrome.ChromeDriver.<init>(ChromeDriver.java:51)
	at StepDefination.StepDef.setup1(StepDef.java:49)
	at java.base/jdk.internal.reflect.DirectMethodHandleAccessor.invoke(DirectMethodHandleAccessor.java:104)
	at java.base/java.lang.reflect.Method.invoke(Method.java:565)
	at io.cucumber.java.Invoker.doInvoke(Invoker.java:66)
	at io.cucumber.java.Invoker.invoke(Invoker.java:24)
	at io.cucumber.java.AbstractGlueDefinition.invokeMethod(AbstractGlueDefinition.java:47)
	at io.cucumber.java.JavaHookDefinition.execute(JavaHookDefinition.java:68)
	at io.cucumber.core.runner.CoreHookDefinition.execute(CoreHookDefinition.java:47)
	at io.cucumber.core.runner.HookDefinitionMatch.runStep(HookDefinitionMatch.java:21)
	at io.cucumber.core.runner.ExecutionMode$1.execute(ExecutionMode.java:10)
	at io.cucumber.core.runner.TestStep.executeStep(TestStep.java:81)
	at io.cucumber.core.runner.TestStep.run(TestStep.java:53)
	at io.cucumber.core.runner.TestCase.run(TestCase.java:80)
	at io.cucumber.core.runner.Runner.runPickle(Runner.java:77)
	at io.cucumber.junit.PickleRunners$NoStepDescriptions.lambda$run$0(PickleRunners.java:151)
	at io.cucumber.core.runtime.CucumberExecutionContext.lambda$runTestCase$5(CucumberExecutionContext.java:136)
	at io.cucumber.core.runtime.RethrowingThrowableCollector.executeAndThrow(RethrowingThrowableCollector.java:23)
	at io.cucumber.core.runtime.CucumberExecutionContext.runTestCase(CucumberExecutionContext.java:136)
	at io.cucumber.junit.PickleRunners$NoStepDescriptions.run(PickleRunners.java:148)
	at io.cucumber.junit.FeatureRunner.runChild(FeatureRunner.java:144)
	at io.cucumber.junit.FeatureRunner.runChild(FeatureRunner.java:28)
	at org.junit.runners.ParentRunner$4.run(ParentRunner.java:331)
	at org.junit.runners.ParentRunner$1.schedule(ParentRunner.java:79)
	at org.junit.runners.ParentRunner.runChildren(ParentRunner.java:329)
	at org.junit.runners.ParentRunner.access$100(ParentRunner.java:66)
	at org.junit.runners.ParentRunner$2.evaluate(ParentRunner.java:293)
	at org.junit.runners.ParentRunner$3.evaluate(ParentRunner.java:306)
	at org.junit.runners.ParentRunner.run(ParentRunner.java:413)
	at io.cucumber.junit.FeatureRunner.run(FeatureRunner.java:137)
	at io.cucumber.junit.Cucumber.runChild(Cucumber.java:196)
	at io.cucumber.junit.Cucumber.runChild(Cucumber.java:89)
	at org.junit.runners.ParentRunner$4.run(ParentRunner.java:331)
	at org.junit.runners.ParentRunner$1.schedule(ParentRunner.java:79)
	at org.junit.runners.ParentRunner.runChildren(ParentRunner.java:329)
	at org.junit.runners.ParentRunner.access$100(ParentRunner.java:66)
	at org.junit.runners.ParentRunner$2.evaluate(ParentRunner.java:293)
	at io.cucumber.core.runtime.CucumberExecutionContext.lambda$runFeatures$6(CucumberExecutionContext.java:147)
	at io.cucumber.core.runtime.CucumberExecutionContext.execute(CucumberExecutionContext.java:162)
	at io.cucumber.core.runtime.CucumberExecutionContext.runFeatures(CucumberExecutionContext.java:145)
	at io.cucumber.junit.Cucumber$StartAndFinishTestRun.evaluate(Cucumber.java:226)
	at org.junit.runners.ParentRunner$3.evaluate(ParentRunner.java:306)
	at org.junit.runners.ParentRunner.run(ParentRunner.java:413)
	at org.apache.maven.surefire.junit4.JUnit4Provider.execute(JUnit4Provider.java:316)
	at org.apache.maven.surefire.junit4.JUnit4Provider.executeWithRerun(JUnit4Provider.java:240)
	at org.apache.maven.surefire.junit4.JUnit4Provider.executeTestSet(JUnit4Provider.java:214)
	at org.apache.maven.surefire.junit4.JUnit4Provider.invoke(JUnit4Provider.java:155)
	at org.apache.maven.surefire.booter.ForkedBooter.runSuitesInProcess(ForkedBooter.java:385)
	at org.apache.maven.surefire.booter.ForkedBooter.execute(ForkedBooter.java:162)
	at org.apache.maven.surefire.booter.ForkedBooter.run(ForkedBooter.java:507)
	at org.apache.maven.surefire.booter.ForkedBooter.main(ForkedBooter.java:495)
Caused by: java.io.IOException: Error while instrumenting jdk/internal/net/http/HeaderFilter with JaCoCo 0.8.11.202310140853/f33756c.
	at org.jacoco.agent.rt.internal_4742761.core.instr.Instrumenter.instrumentError(Instrumenter.java:161)
	at org.jacoco.agent.rt.internal_4742761.core.instr.Instrumenter.instrument(Instrumenter.java:111)
	at org.jacoco.agent.rt.internal_4742761.CoverageTransformer.transform(CoverageTransformer.java:92)
	... 84 more
Caused by: java.lang.IllegalArgumentException: Unsupported class file major version 68
	at org.jacoco.agent.rt.internal_4742761.asm.ClassReader.<init>(ClassReader.java:200)
	at org.jacoco.agent.rt.internal_4742761.asm.ClassReader.<init>(ClassReader.java:180)
	at org.jacoco.agent.rt.internal_4742761.asm.ClassReader.<init>(ClassReader.java:166)
	at org.jacoco.agent.rt.internal_4742761.core.internal.instr.InstrSupport.classReaderFor(InstrSupport.java:280)
	at org.jacoco.agent.rt.internal_4742761.core.instr.Instrumenter.instrument(Instrumenter.java:77)
	at org.jacoco.agent.rt.internal_4742761.core.instr.Instrumenter.instrument(Instrumenter.java:109)
	... 85 more
java.lang.instrument.IllegalClassFormatException: Error while instrumenting jdk/internal/net/http/RedirectFilter with JaCoCo 0.8.11.202310140853/f33756c.
	at org.jacoco.agent.rt.internal_4742761.CoverageTransformer.transform(CoverageTransformer.java:94)
	at java.instrument/java.lang.instrument.ClassFileTransformer.transform(ClassFileTransformer.java:257)
	at java.instrument/sun.instrument.TransformerManager.transform(TransformerManager.java:188)
	at java.instrument/sun.instrument.InstrumentationImpl.transform(InstrumentationImpl.java:594)
	at java.base/java.lang.ClassLoader.defineClass2(Native Method)
	at java.base/java.lang.ClassLoader.defineClass(ClassLoader.java:1052)
	at java.base/java.security.SecureClassLoader.defineClass(SecureClassLoader.java:164)
	at java.base/jdk.internal.loader.BuiltinClassLoader.defineClass(BuiltinClassLoader.java:735)
	at java.base/jdk.internal.loader.BuiltinClassLoader.findClassInModuleOrNull(BuiltinClassLoader.java:678)
	at java.base/jdk.internal.loader.BuiltinClassLoader.loadClassOrNull(BuiltinClassLoader.java:604)
	at java.base/jdk.internal.loader.BuiltinClassLoader.loadClass(BuiltinClassLoader.java:578)
	at java.base/java.lang.ClassLoader.loadClass(ClassLoader.java:490)
	at java.net.http/jdk.internal.net.http.HttpClientImpl.initFilters(HttpClientImpl.java:1676)
	at java.net.http/jdk.internal.net.http.HttpClientImpl.<init>(HttpClientImpl.java:486)
	at java.net.http/jdk.internal.net.http.HttpClientImpl.create(HttpClientImpl.java:420)
	at java.net.http/jdk.internal.net.http.HttpClientBuilderImpl.build(HttpClientBuilderImpl.java:142)
	at org.openqa.selenium.remote.http.jdk.JdkHttpClient.<init>(JdkHttpClient.java:156)
	at org.openqa.selenium.remote.http.jdk.JdkHttpClient$Factory.createClient(JdkHttpClient.java:548)
	at org.openqa.selenium.remote.HttpCommandExecutor.<init>(HttpCommandExecutor.java:117)
	at org.openqa.selenium.remote.HttpCommandExecutor.<init>(HttpCommandExecutor.java:93)
	at org.openqa.selenium.remote.service.DriverCommandExecutor.<init>(DriverCommandExecutor.java:87)
	at org.openqa.selenium.chromium.ChromiumDriverCommandExecutor.<init>(ChromiumDriverCommandExecutor.java:44)
	at org.openqa.selenium.chrome.ChromeDriver$ChromeDriverCommandExecutor.<init>(ChromeDriver.java:114)
	at org.openqa.selenium.chrome.ChromeDriver.generateExecutor(ChromeDriver.java:104)
	at org.openqa.selenium.chrome.ChromeDriver.<init>(ChromeDriver.java:88)
	at org.openqa.selenium.chrome.ChromeDriver.<init>(ChromeDriver.java:83)
	at org.openqa.selenium.chrome.ChromeDriver.<init>(ChromeDriver.java:51)
	at StepDefination.StepDef.setup1(StepDef.java:49)
	at java.base/jdk.internal.reflect.DirectMethodHandleAccessor.invoke(DirectMethodHandleAccessor.java:104)
	at java.base/java.lang.reflect.Method.invoke(Method.java:565)
	at io.cucumber.java.Invoker.doInvoke(Invoker.java:66)
	at io.cucumber.java.Invoker.invoke(Invoker.java:24)
	at io.cucumber.java.AbstractGlueDefinition.invokeMethod(AbstractGlueDefinition.java:47)
	at io.cucumber.java.JavaHookDefinition.execute(JavaHookDefinition.java:68)
	at io.cucumber.core.runner.CoreHookDefinition.execute(CoreHookDefinition.java:47)
	at io.cucumber.core.runner.HookDefinitionMatch.runStep(HookDefinitionMatch.java:21)
	at io.cucumber.core.runner.ExecutionMode$1.execute(ExecutionMode.java:10)
	at io.cucumber.core.runner.TestStep.executeStep(TestStep.java:81)
	at io.cucumber.core.runner.TestStep.run(TestStep.java:53)
	at io.cucumber.core.runner.TestCase.run(TestCase.java:80)
	at io.cucumber.core.runner.Runner.runPickle(Runner.java:77)
	at io.cucumber.junit.PickleRunners$NoStepDescriptions.lambda$run$0(PickleRunners.java:151)
	at io.cucumber.core.runtime.CucumberExecutionContext.lambda$runTestCase$5(CucumberExecutionContext.java:136)
	at io.cucumber.core.runtime.RethrowingThrowableCollector.executeAndThrow(RethrowingThrowableCollector.java:23)
	at io.cucumber.core.runtime.CucumberExecutionContext.runTestCase(CucumberExecutionContext.java:136)
	at io.cucumber.junit.PickleRunners$NoStepDescriptions.run(PickleRunners.java:148)
	at io.cucumber.junit.FeatureRunner.runChild(FeatureRunner.java:144)
	at io.cucumber.junit.FeatureRunner.runChild(FeatureRunner.java:28)
	at org.junit.runners.ParentRunner$4.run(ParentRunner.java:331)
	at org.junit.runners.ParentRunner$1.schedule(ParentRunner.java:79)
	at org.junit.runners.ParentRunner.runChildren(ParentRunner.java:329)
	at org.junit.runners.ParentRunner.access$100(ParentRunner.java:66)
	at org.junit.runners.ParentRunner$2.evaluate(ParentRunner.java:293)
	at org.junit.runners.ParentRunner$3.evaluate(ParentRunner.java:306)
	at org.junit.runners.ParentRunner.run(ParentRunner.java:413)
	at io.cucumber.junit.FeatureRunner.run(FeatureRunner.java:137)
	at io.cucumber.junit.Cucumber.runChild(Cucumber.java:196)
	at io.cucumber.junit.Cucumber.runChild(Cucumber.java:89)
	at org.junit.runners.ParentRunner$4.run(ParentRunner.java:331)
	at org.junit.runners.ParentRunner$1.schedule(ParentRunner.java:79)
	at org.junit.runners.ParentRunner.runChildren(ParentRunner.java:329)
	at org.junit.runners.ParentRunner.access$100(ParentRunner.java:66)
	at org.junit.runners.ParentRunner$2.evaluate(ParentRunner.java:293)
	at io.cucumber.core.runtime.CucumberExecutionContext.lambda$runFeatures$6(CucumberExecutionContext.java:147)
	at io.cucumber.core.runtime.CucumberExecutionContext.execute(CucumberExecutionContext.java:162)
	at io.cucumber.core.runtime.CucumberExecutionContext.runFeatures(CucumberExecutionContext.java:145)
	at io.cucumber.junit.Cucumber$StartAndFinishTestRun.evaluate(Cucumber.java:226)
	at org.junit.runners.ParentRunner$3.evaluate(ParentRunner.java:306)
	at org.junit.runners.ParentRunner.run(ParentRunner.java:413)
	at org.apache.maven.surefire.junit4.JUnit4Provider.execute(JUnit4Provider.java:316)
	at org.apache.maven.surefire.junit4.JUnit4Provider.executeWithRerun(JUnit4Provider.java:240)
	at org.apache.maven.surefire.junit4.JUnit4Provider.executeTestSet(JUnit4Provider.java:214)
	at org.apache.maven.surefire.junit4.JUnit4Provider.invoke(JUnit4Provider.java:155)
	at org.apache.maven.surefire.booter.ForkedBooter.runSuitesInProcess(ForkedBooter.java:385)
	at org.apache.maven.surefire.booter.ForkedBooter.execute(ForkedBooter.java:162)
	at org.apache.maven.surefire.booter.ForkedBooter.run(ForkedBooter.java:507)
	at org.apache.maven.surefire.booter.ForkedBooter.main(ForkedBooter.java:495)
Caused by: java.io.IOException: Error while instrumenting jdk/internal/net/http/RedirectFilter with JaCoCo 0.8.11.202310140853/f33756c.
	at org.jacoco.agent.rt.internal_4742761.core.instr.Instrumenter.instrumentError(Instrumenter.java:161)
	at org.jacoco.agent.rt.internal_4742761.core.instr.Instrumenter.instrument(Instrumenter.java:111)
	at org.jacoco.agent.rt.internal_4742761.CoverageTransformer.transform(CoverageTransformer.java:92)
	... 76 more
Caused by: java.lang.IllegalArgumentException: Unsupported class file major version 68
	at org.jacoco.agent.rt.internal_4742761.asm.ClassReader.<init>(ClassReader.java:200)
	at org.jacoco.agent.rt.internal_4742761.asm.ClassReader.<init>(ClassReader.java:180)
	at org.jacoco.agent.rt.internal_4742761.asm.ClassReader.<init>(ClassReader.java:166)
	at org.jacoco.agent.rt.internal_4742761.core.internal.instr.InstrSupport.classReaderFor(InstrSupport.java:280)
	at org.jacoco.agent.rt.internal_4742761.core.instr.Instrumenter.instrument(Instrumenter.java:77)
	at org.jacoco.agent.rt.internal_4742761.core.instr.Instrumenter.instrument(Instrumenter.java:109)
	... 77 more
java.lang.instrument.IllegalClassFormatException: Error while instrumenting jdk/internal/net/http/common/Log with JaCoCo 0.8.11.202310140853/f33756c.
	at org.jacoco.agent.rt.internal_4742761.CoverageTransformer.transform(CoverageTransformer.java:94)
	at java.instrument/java.lang.instrument.ClassFileTransformer.transform(ClassFileTransformer.java:257)
	at java.instrument/sun.instrument.TransformerManager.transform(TransformerManager.java:188)
	at java.instrument/sun.instrument.InstrumentationImpl.transform(InstrumentationImpl.java:594)
	at java.base/java.lang.ClassLoader.defineClass2(Native Method)
	at java.base/java.lang.ClassLoader.defineClass(ClassLoader.java:1052)
	at java.base/java.security.SecureClassLoader.defineClass(SecureClassLoader.java:164)
	at java.base/jdk.internal.loader.BuiltinClassLoader.defineClass(BuiltinClassLoader.java:735)
	at java.base/jdk.internal.loader.BuiltinClassLoader.findClassInModuleOrNull(BuiltinClassLoader.java:678)
	at java.base/jdk.internal.loader.BuiltinClassLoader.loadClassOrNull(BuiltinClassLoader.java:604)
	at java.base/jdk.internal.loader.BuiltinClassLoader.loadClass(BuiltinClassLoader.java:578)
	at java.base/java.lang.ClassLoader.loadClass(ClassLoader.java:490)
	at java.net.http/jdk.internal.net.http.HttpClientImpl$SelectorManager.run(HttpClientImpl.java:1227)
Caused by: java.io.IOException: Error while instrumenting jdk/internal/net/http/common/Log with JaCoCo 0.8.11.202310140853/f33756c.
	at org.jacoco.agent.rt.internal_4742761.core.instr.Instrumenter.instrumentError(Instrumenter.java:161)
	at org.jacoco.agent.rt.internal_4742761.core.instr.Instrumenter.instrument(Instrumenter.java:111)
	at org.jacoco.agent.rt.internal_4742761.CoverageTransformer.transform(CoverageTransformer.java:92)
	... 12 more
Caused by: java.lang.IllegalArgumentException: Unsupported class file major version 68
	at org.jacoco.agent.rt.internal_4742761.asm.ClassReader.<init>(ClassReader.java:200)
	at org.jacoco.agent.rt.internal_4742761.asm.ClassReader.<init>(ClassReader.java:180)
	at org.jacoco.agent.rt.internal_4742761.asm.ClassReader.<init>(ClassReader.java:166)
	at org.jacoco.agent.rt.internal_4742761.core.internal.instr.InstrSupport.classReaderFor(InstrSupport.java:280)
	at org.jacoco.agent.rt.internal_4742761.core.instr.Instrumenter.instrument(Instrumenter.java:77)
	at org.jacoco.agent.rt.internal_4742761.core.instr.Instrumenter.instrument(Instrumenter.java:109)
	... 13 more
java.lang.instrument.IllegalClassFormatException: Error while instrumenting java/net/http/HttpResponse$BodyHandlers with JaCoCo 0.8.11.202310140853/f33756c.
	at org.jacoco.agent.rt.internal_4742761.CoverageTransformer.transform(CoverageTransformer.java:94)
	at java.instrument/java.lang.instrument.ClassFileTransformer.transform(ClassFileTransformer.java:257)
	at java.instrument/sun.instrument.TransformerManager.transform(TransformerManager.java:188)
	at java.instrument/sun.instrument.InstrumentationImpl.transform(InstrumentationImpl.java:594)
	at java.base/java.lang.ClassLoader.defineClass2(Native Method)
	at java.base/java.lang.ClassLoader.defineClass(ClassLoader.java:1052)
	at java.base/java.security.SecureClassLoader.defineClass(SecureClassLoader.java:164)
	at java.base/jdk.internal.loader.BuiltinClassLoader.defineClass(BuiltinClassLoader.java:735)
	at java.base/jdk.internal.loader.BuiltinClassLoader.findClassInModuleOrNull(BuiltinClassLoader.java:678)
	at java.base/jdk.internal.loader.BuiltinClassLoader.loadClassOrNull(BuiltinClassLoader.java:604)
	at java.base/jdk.internal.loader.BuiltinClassLoader.loadClassOrNull(BuiltinClassLoader.java:639)
	at java.base/jdk.internal.loader.BuiltinClassLoader.loadClassOrNull(BuiltinClassLoader.java:608)
	at java.base/jdk.internal.loader.BuiltinClassLoader.loadClass(BuiltinClassLoader.java:578)
	at java.base/java.lang.ClassLoader.loadClass(ClassLoader.java:490)
	at org.openqa.selenium.remote.http.jdk.JdkHttpClient.execute0(JdkHttpClient.java:444)
	at org.openqa.selenium.remote.http.AddSeleniumUserAgent.lambda$apply$0(AddSeleniumUserAgent.java:42)
	at org.openqa.selenium.remote.http.Filter.lambda$andFinally$1(Filter.java:55)
	at org.openqa.selenium.remote.http.jdk.JdkHttpClient.lambda$executeAsync$2(JdkHttpClient.java:387)
	at java.base/java.util.concurrent.Executors$RunnableAdapter.call(Executors.java:545)
	at java.base/java.util.concurrent.FutureTask.run(FutureTask.java:328)
	at java.base/java.util.concurrent.ThreadPoolExecutor.runWorker(ThreadPoolExecutor.java:1095)
	at java.base/java.util.concurrent.ThreadPoolExecutor$Worker.run(ThreadPoolExecutor.java:619)
	at java.base/java.lang.Thread.run(Thread.java:1447)
Caused by: java.io.IOException: Error while instrumenting java/net/http/HttpResponse$BodyHandlers with JaCoCo 0.8.11.202310140853/f33756c.
	at org.jacoco.agent.rt.internal_4742761.core.instr.Instrumenter.instrumentError(Instrumenter.java:161)
	at org.jacoco.agent.rt.internal_4742761.core.instr.Instrumenter.instrument(Instrumenter.java:111)
	at org.jacoco.agent.rt.internal_4742761.CoverageTransformer.transform(CoverageTransformer.java:92)
	... 22 more
Caused by: java.lang.IllegalArgumentException: Unsupported class file major version 68
	at org.jacoco.agent.rt.internal_4742761.asm.ClassReader.<init>(ClassReader.java:200)
	at org.jacoco.agent.rt.internal_4742761.asm.ClassReader.<init>(ClassReader.java:180)
	at org.jacoco.agent.rt.internal_4742761.asm.ClassReader.<init>(ClassReader.java:166)
	at org.jacoco.agent.rt.internal_4742761.core.internal.instr.InstrSupport.classReaderFor(InstrSupport.java:280)
	at org.jacoco.agent.rt.internal_4742761.core.instr.Instrumenter.instrument(Instrumenter.java:77)
	at org.jacoco.agent.rt.internal_4742761.core.instr.Instrumenter.instrument(Instrumenter.java:109)
	... 23 more
java.lang.instrument.IllegalClassFormatException: Error while instrumenting java/net/http/HttpResponse$BodyHandler with JaCoCo 0.8.11.202310140853/f33756c.
	at org.jacoco.agent.rt.internal_4742761.CoverageTransformer.transform(CoverageTransformer.java:94)
	at java.instrument/java.lang.instrument.ClassFileTransformer.transform(ClassFileTransformer.java:257)
	at java.instrument/sun.instrument.TransformerManager.transform(TransformerManager.java:188)
	at java.instrument/sun.instrument.InstrumentationImpl.transform(InstrumentationImpl.java:594)
	at java.base/java.lang.ClassLoader.defineClass2(Native Method)
	at java.base/java.lang.ClassLoader.defineClass(ClassLoader.java:1052)
	at java.base/java.security.SecureClassLoader.defineClass(SecureClassLoader.java:164)
	at java.base/jdk.internal.loader.BuiltinClassLoader.defineClass(BuiltinClassLoader.java:735)
	at java.base/jdk.internal.loader.BuiltinClassLoader.findClassInModuleOrNull(BuiltinClassLoader.java:678)
	at java.base/jdk.internal.loader.BuiltinClassLoader.loadClassOrNull(BuiltinClassLoader.java:604)
	at java.base/jdk.internal.loader.BuiltinClassLoader.loadClass(BuiltinClassLoader.java:578)
	at java.base/java.lang.ClassLoader.loadClass(ClassLoader.java:490)
	at org.openqa.selenium.remote.http.jdk.JdkHttpClient.execute0(JdkHttpClient.java:444)
	at org.openqa.selenium.remote.http.AddSeleniumUserAgent.lambda$apply$0(AddSeleniumUserAgent.java:42)
	at org.openqa.selenium.remote.http.Filter.lambda$andFinally$1(Filter.java:55)
	at org.openqa.selenium.remote.http.jdk.JdkHttpClient.lambda$executeAsync$2(JdkHttpClient.java:387)
	at java.base/java.util.concurrent.Executors$RunnableAdapter.call(Executors.java:545)
	at java.base/java.util.concurrent.FutureTask.run(FutureTask.java:328)
	at java.base/java.util.concurrent.ThreadPoolExecutor.runWorker(ThreadPoolExecutor.java:1095)
	at java.base/java.util.concurrent.ThreadPoolExecutor$Worker.run(ThreadPoolExecutor.java:619)
	at java.base/java.lang.Thread.run(Thread.java:1447)
Caused by: java.io.IOException: Error while instrumenting java/net/http/HttpResponse$BodyHandler with JaCoCo 0.8.11.202310140853/f33756c.
	at org.jacoco.agent.rt.internal_4742761.core.instr.Instrumenter.instrumentError(Instrumenter.java:161)
	at org.jacoco.agent.rt.internal_4742761.core.instr.Instrumenter.instrument(Instrumenter.java:111)
	at org.jacoco.agent.rt.internal_4742761.CoverageTransformer.transform(CoverageTransformer.java:92)
	... 20 more
Caused by: java.lang.IllegalArgumentException: Unsupported class file major version 68
	at org.jacoco.agent.rt.internal_4742761.asm.ClassReader.<init>(ClassReader.java:200)
	at org.jacoco.agent.rt.internal_4742761.asm.ClassReader.<init>(ClassReader.java:180)
	at org.jacoco.agent.rt.internal_4742761.asm.ClassReader.<init>(ClassReader.java:166)
	at org.jacoco.agent.rt.internal_4742761.core.internal.instr.InstrSupport.classReaderFor(InstrSupport.java:280)
	at org.jacoco.agent.rt.internal_4742761.core.instr.Instrumenter.instrument(Instrumenter.java:77)
	at org.jacoco.agent.rt.internal_4742761.core.instr.Instrumenter.instrument(Instrumenter.java:109)
	... 21 more
java.lang.instrument.IllegalClassFormatException: Error while instrumenting java/net/http/HttpResponse$ResponseInfo with JaCoCo 0.8.11.202310140853/f33756c.
	at org.jacoco.agent.rt.internal_4742761.CoverageTransformer.transform(CoverageTransformer.java:94)
	at java.instrument/java.lang.instrument.ClassFileTransformer.transform(ClassFileTransformer.java:257)
	at java.instrument/sun.instrument.TransformerManager.transform(TransformerManager.java:188)
	at java.instrument/sun.instrument.InstrumentationImpl.transform(InstrumentationImpl.java:594)
	at java.base/java.lang.ClassLoader.defineClass2(Native Method)
	at java.base/java.lang.ClassLoader.defineClass(ClassLoader.java:1052)
	at java.base/java.security.SecureClassLoader.defineClass(SecureClassLoader.java:164)
	at java.base/jdk.internal.loader.BuiltinClassLoader.defineClass(BuiltinClassLoader.java:735)
	at java.base/jdk.internal.loader.BuiltinClassLoader.findClassInModuleOrNull(BuiltinClassLoader.java:678)
	at java.base/jdk.internal.loader.BuiltinClassLoader.loadClassOrNull(BuiltinClassLoader.java:604)
	at java.base/jdk.internal.loader.BuiltinClassLoader.loadClass(BuiltinClassLoader.java:578)
	at java.base/java.lang.ClassLoader.loadClass(ClassLoader.java:490)
	at java.net.http/java.net.http.HttpResponse$BodyHandlers.ofByteArray(HttpResponse.java:676)
	at org.openqa.selenium.remote.http.jdk.JdkHttpClient.execute0(JdkHttpClient.java:444)
	at org.openqa.selenium.remote.http.AddSeleniumUserAgent.lambda$apply$0(AddSeleniumUserAgent.java:42)
	at org.openqa.selenium.remote.http.Filter.lambda$andFinally$1(Filter.java:55)
	at org.openqa.selenium.remote.http.jdk.JdkHttpClient.lambda$executeAsync$2(JdkHttpClient.java:387)
	at java.base/java.util.concurrent.Executors$RunnableAdapter.call(Executors.java:545)
	at java.base/java.util.concurrent.FutureTask.run(FutureTask.java:328)
	at java.base/java.util.concurrent.ThreadPoolExecutor.runWorker(ThreadPoolExecutor.java:1095)
	at java.base/java.util.concurrent.ThreadPoolExecutor$Worker.run(ThreadPoolExecutor.java:619)
	at java.base/java.lang.Thread.run(Thread.java:1447)
Caused by: java.io.IOException: Error while instrumenting java/net/http/HttpResponse$ResponseInfo with JaCoCo 0.8.11.202310140853/f33756c.
	at org.jacoco.agent.rt.internal_4742761.core.instr.Instrumenter.instrumentError(Instrumenter.java:161)
	at org.jacoco.agent.rt.internal_4742761.core.instr.Instrumenter.instrument(Instrumenter.java:111)
	at org.jacoco.agent.rt.internal_4742761.CoverageTransformer.transform(CoverageTransformer.java:92)
	... 21 more
Caused by: java.lang.IllegalArgumentException: Unsupported class file major version 68
	at org.jacoco.agent.rt.internal_4742761.asm.ClassReader.<init>(ClassReader.java:200)
	at org.jacoco.agent.rt.internal_4742761.asm.ClassReader.<init>(ClassReader.java:180)
	at org.jacoco.agent.rt.internal_4742761.asm.ClassReader.<init>(ClassReader.java:166)
	at org.jacoco.agent.rt.internal_4742761.core.internal.instr.InstrSupport.classReaderFor(InstrSupport.java:280)
	at org.jacoco.agent.rt.internal_4742761.core.instr.Instrumenter.instrument(Instrumenter.java:77)
	at org.jacoco.agent.rt.internal_4742761.core.instr.Instrumenter.instrument(Instrumenter.java:109)
	... 22 more
java.lang.instrument.IllegalClassFormatException: Error while instrumenting java/net/http/HttpResponse with JaCoCo 0.8.11.202310140853/f33756c.
	at org.jacoco.agent.rt.internal_4742761.CoverageTransformer.transform(CoverageTransformer.java:94)
	at java.instrument/java.lang.instrument.ClassFileTransformer.transform(ClassFileTransformer.java:257)
	at java.instrument/sun.instrument.TransformerManager.transform(TransformerManager.java:188)
	at java.instrument/sun.instrument.InstrumentationImpl.transform(InstrumentationImpl.java:594)
	at java.base/java.lang.ClassLoader.defineClass2(Native Method)
	at java.base/java.lang.ClassLoader.defineClass(ClassLoader.java:1052)
	at java.base/java.security.SecureClassLoader.defineClass(SecureClassLoader.java:164)
	at java.base/jdk.internal.loader.BuiltinClassLoader.defineClass(BuiltinClassLoader.java:735)
	at java.base/jdk.internal.loader.BuiltinClassLoader.findClassInModuleOrNull(BuiltinClassLoader.java:678)
	at java.base/jdk.internal.loader.BuiltinClassLoader.loadClassOrNull(BuiltinClassLoader.java:604)
	at java.base/jdk.internal.loader.BuiltinClassLoader.loadClass(BuiltinClassLoader.java:578)
	at java.base/java.lang.ClassLoader.loadClass(ClassLoader.java:490)
	at java.base/java.lang.ClassLoader.defineClass0(Native Method)
	at java.base/java.lang.System$1.defineClass(System.java:2025)
	at java.base/java.lang.invoke.MethodHandles$Lookup$ClassDefiner.defineClass(MethodHandles.java:2355)
	at java.base/java.lang.invoke.InnerClassLambdaMetafactory.generateInnerClass(InnerClassLambdaMetafactory.java:355)
	at java.base/java.lang.invoke.InnerClassLambdaMetafactory.spinInnerClass(InnerClassLambdaMetafactory.java:282)
	at java.base/java.lang.invoke.InnerClassLambdaMetafactory.buildCallSite(InnerClassLambdaMetafactory.java:214)
	at java.base/java.lang.invoke.LambdaMetafactory.metafactory(LambdaMetafactory.java:354)
	at java.base/java.lang.invoke.BootstrapMethodInvoker.invoke(BootstrapMethodInvoker.java:134)
	at java.base/java.lang.invoke.CallSite.makeSite(CallSite.java:310)
	at java.base/java.lang.invoke.MethodHandleNatives.linkCallSiteImpl(MethodHandleNatives.java:250)
	at java.base/java.lang.invoke.MethodHandleNatives.linkCallSite(MethodHandleNatives.java:240)
	at java.net.http/java.net.http.HttpResponse$BodyHandlers.ofByteArray(HttpResponse.java:676)
	at org.openqa.selenium.remote.http.jdk.JdkHttpClient.execute0(JdkHttpClient.java:444)
	at org.openqa.selenium.remote.http.AddSeleniumUserAgent.lambda$apply$0(AddSeleniumUserAgent.java:42)
	at org.openqa.selenium.remote.http.Filter.lambda$andFinally$1(Filter.java:55)
	at org.openqa.selenium.remote.http.jdk.JdkHttpClient.lambda$executeAsync$2(JdkHttpClient.java:387)
	at java.base/java.util.concurrent.Executors$RunnableAdapter.call(Executors.java:545)
	at java.base/java.util.concurrent.FutureTask.run(FutureTask.java:328)
	at java.base/java.util.concurrent.ThreadPoolExecutor.runWorker(ThreadPoolExecutor.java:1095)
	at java.base/java.util.concurrent.ThreadPoolExecutor$Worker.run(ThreadPoolExecutor.java:619)
	at java.base/java.lang.Thread.run(Thread.java:1447)
Caused by: java.io.IOException: Error while instrumenting java/net/http/HttpResponse with JaCoCo 0.8.11.202310140853/f33756c.
	at org.jacoco.agent.rt.internal_4742761.core.instr.Instrumenter.instrumentError(Instrumenter.java:161)
	at org.jacoco.agent.rt.internal_4742761.core.instr.Instrumenter.instrument(Instrumenter.java:111)
	at org.jacoco.agent.rt.internal_4742761.CoverageTransformer.transform(CoverageTransformer.java:92)
	... 32 more
Caused by: java.lang.IllegalArgumentException: Unsupported class file major version 68
	at org.jacoco.agent.rt.internal_4742761.asm.ClassReader.<init>(ClassReader.java:200)
	at org.jacoco.agent.rt.internal_4742761.asm.ClassReader.<init>(ClassReader.java:180)
	at org.jacoco.agent.rt.internal_4742761.asm.ClassReader.<init>(ClassReader.java:166)
	at org.jacoco.agent.rt.internal_4742761.core.internal.instr.InstrSupport.classReaderFor(InstrSupport.java:280)
	at org.jacoco.agent.rt.internal_4742761.core.instr.Instrumenter.instrument(Instrumenter.java:77)
	at org.jacoco.agent.rt.internal_4742761.core.instr.Instrumenter.instrument(Instrumenter.java:109)
	... 33 more
java.lang.instrument.IllegalClassFormatException: Error while instrumenting java/net/http/HttpRequest$Builder with JaCoCo 0.8.11.202310140853/f33756c.
	at org.jacoco.agent.rt.internal_4742761.CoverageTransformer.transform(CoverageTransformer.java:94)
	at java.instrument/java.lang.instrument.ClassFileTransformer.transform(ClassFileTransformer.java:257)
	at java.instrument/sun.instrument.TransformerManager.transform(TransformerManager.java:188)
	at java.instrument/sun.instrument.InstrumentationImpl.transform(InstrumentationImpl.java:594)
	at java.base/java.lang.ClassLoader.defineClass2(Native Method)
	at java.base/java.lang.ClassLoader.defineClass(ClassLoader.java:1052)
	at java.base/java.security.SecureClassLoader.defineClass(SecureClassLoader.java:164)
	at java.base/jdk.internal.loader.BuiltinClassLoader.defineClass(BuiltinClassLoader.java:735)
	at java.base/jdk.internal.loader.BuiltinClassLoader.findClassInModuleOrNull(BuiltinClassLoader.java:678)
	at java.base/jdk.internal.loader.BuiltinClassLoader.loadClassOrNull(BuiltinClassLoader.java:604)
	at java.base/jdk.internal.loader.BuiltinClassLoader.loadClass(BuiltinClassLoader.java:578)
	at java.base/java.lang.ClassLoader.loadClass(ClassLoader.java:490)
	at org.openqa.selenium.remote.http.jdk.JdkHttpMessages.createRequest(JdkHttpMessages.java:71)
	at org.openqa.selenium.remote.http.jdk.JdkHttpClient.execute0(JdkHttpClient.java:458)
	at org.openqa.selenium.remote.http.AddSeleniumUserAgent.lambda$apply$0(AddSeleniumUserAgent.java:42)
	at org.openqa.selenium.remote.http.Filter.lambda$andFinally$1(Filter.java:55)
	at org.openqa.selenium.remote.http.jdk.JdkHttpClient.lambda$executeAsync$2(JdkHttpClient.java:387)
	at java.base/java.util.concurrent.Executors$RunnableAdapter.call(Executors.java:545)
	at java.base/java.util.concurrent.FutureTask.run(FutureTask.java:328)
	at java.base/java.util.concurrent.ThreadPoolExecutor.runWorker(ThreadPoolExecutor.java:1095)
	at java.base/java.util.concurrent.ThreadPoolExecutor$Worker.run(ThreadPoolExecutor.java:619)
	at java.base/java.lang.Thread.run(Thread.java:1447)
Caused by: java.io.IOException: Error while instrumenting java/net/http/HttpRequest$Builder with JaCoCo 0.8.11.202310140853/f33756c.
	at org.jacoco.agent.rt.internal_4742761.core.instr.Instrumenter.instrumentError(Instrumenter.java:161)
	at org.jacoco.agent.rt.internal_4742761.core.instr.Instrumenter.instrument(Instrumenter.java:111)
	at org.jacoco.agent.rt.internal_4742761.CoverageTransformer.transform(CoverageTransformer.java:92)
	... 21 more
Caused by: java.lang.IllegalArgumentException: Unsupported class file major version 68
	at org.jacoco.agent.rt.internal_4742761.asm.ClassReader.<init>(ClassReader.java:200)
	at org.jacoco.agent.rt.internal_4742761.asm.ClassReader.<init>(ClassReader.java:180)
	at org.jacoco.agent.rt.internal_4742761.asm.ClassReader.<init>(ClassReader.java:166)
	at org.jacoco.agent.rt.internal_4742761.core.internal.instr.InstrSupport.classReaderFor(InstrSupport.java:280)
	at org.jacoco.agent.rt.internal_4742761.core.instr.Instrumenter.instrument(Instrumenter.java:77)
	at org.jacoco.agent.rt.internal_4742761.core.instr.Instrumenter.instrument(Instrumenter.java:109)
	... 22 more
java.lang.instrument.IllegalClassFormatException: Error while instrumenting jdk/internal/net/http/HttpRequestBuilderImpl with JaCoCo 0.8.11.202310140853/f33756c.
	at org.jacoco.agent.rt.internal_4742761.CoverageTransformer.transform(CoverageTransformer.java:94)
	at java.instrument/java.lang.instrument.ClassFileTransformer.transform(ClassFileTransformer.java:257)
	at java.instrument/sun.instrument.TransformerManager.transform(TransformerManager.java:188)
	at java.instrument/sun.instrument.InstrumentationImpl.transform(InstrumentationImpl.java:594)
	at java.base/java.lang.ClassLoader.defineClass2(Native Method)
	at java.base/java.lang.ClassLoader.defineClass(ClassLoader.java:1052)
	at java.base/java.security.SecureClassLoader.defineClass(SecureClassLoader.java:164)
	at java.base/jdk.internal.loader.BuiltinClassLoader.defineClass(BuiltinClassLoader.java:735)
	at java.base/jdk.internal.loader.BuiltinClassLoader.findClassInModuleOrNull(BuiltinClassLoader.java:678)
	at java.base/jdk.internal.loader.BuiltinClassLoader.loadClassOrNull(BuiltinClassLoader.java:604)
	at java.base/jdk.internal.loader.BuiltinClassLoader.loadClass(BuiltinClassLoader.java:578)
	at java.base/java.lang.ClassLoader.loadClass(ClassLoader.java:490)
	at java.net.http/java.net.http.HttpRequest.newBuilder(HttpRequest.java:406)
	at org.openqa.selenium.remote.http.jdk.JdkHttpMessages.createRequest(JdkHttpMessages.java:71)
	at org.openqa.selenium.remote.http.jdk.JdkHttpClient.execute0(JdkHttpClient.java:458)
	at org.openqa.selenium.remote.http.AddSeleniumUserAgent.lambda$apply$0(AddSeleniumUserAgent.java:42)
	at org.openqa.selenium.remote.http.Filter.lambda$andFinally$1(Filter.java:55)
	at org.openqa.selenium.remote.http.jdk.JdkHttpClient.lambda$executeAsync$2(JdkHttpClient.java:387)
	at java.base/java.util.concurrent.Executors$RunnableAdapter.call(Executors.java:545)
	at java.base/java.util.concurrent.FutureTask.run(FutureTask.java:328)
	at java.base/java.util.concurrent.ThreadPoolExecutor.runWorker(ThreadPoolExecutor.java:1095)
	at java.base/java.util.concurrent.ThreadPoolExecutor$Worker.run(ThreadPoolExecutor.java:619)
	at java.base/java.lang.Thread.run(Thread.java:1447)
Caused by: java.io.IOException: Error while instrumenting jdk/internal/net/http/HttpRequestBuilderImpl with JaCoCo 0.8.11.202310140853/f33756c.
	at org.jacoco.agent.rt.internal_4742761.core.instr.Instrumenter.instrumentError(Instrumenter.java:161)
	at org.jacoco.agent.rt.internal_4742761.core.instr.Instrumenter.instrument(Instrumenter.java:111)
	at org.jacoco.agent.rt.internal_4742761.CoverageTransformer.transform(CoverageTransformer.java:92)
	... 22 more
Caused by: java.lang.IllegalArgumentException: Unsupported class file major version 68
	at org.jacoco.agent.rt.internal_4742761.asm.ClassReader.<init>(ClassReader.java:200)
	at org.jacoco.agent.rt.internal_4742761.asm.ClassReader.<init>(ClassReader.java:180)
	at org.jacoco.agent.rt.internal_4742761.asm.ClassReader.<init>(ClassReader.java:166)
	at org.jacoco.agent.rt.internal_4742761.core.internal.instr.InstrSupport.classReaderFor(InstrSupport.java:280)
	at org.jacoco.agent.rt.internal_4742761.core.instr.Instrumenter.instrument(Instrumenter.java:77)
	at org.jacoco.agent.rt.internal_4742761.core.instr.Instrumenter.instrument(Instrumenter.java:109)
	... 23 more
java.lang.instrument.IllegalClassFormatException: Error while instrumenting jdk/internal/net/http/ImmutableHttpRequest with JaCoCo 0.8.11.202310140853/f33756c.
	at org.jacoco.agent.rt.internal_4742761.CoverageTransformer.transform(CoverageTransformer.java:94)
	at java.instrument/java.lang.instrument.ClassFileTransformer.transform(ClassFileTransformer.java:257)
	at java.instrument/sun.instrument.TransformerManager.transform(TransformerManager.java:188)
	at java.instrument/sun.instrument.InstrumentationImpl.transform(InstrumentationImpl.java:594)
	at java.base/java.lang.ClassLoader.defineClass2(Native Method)
	at java.base/java.lang.ClassLoader.defineClass(ClassLoader.java:1052)
	at java.base/java.security.SecureClassLoader.defineClass(SecureClassLoader.java:164)
	at java.base/jdk.internal.loader.BuiltinClassLoader.defineClass(BuiltinClassLoader.java:735)
	at java.base/jdk.internal.loader.BuiltinClassLoader.findClassInModuleOrNull(BuiltinClassLoader.java:678)
	at java.base/jdk.internal.loader.BuiltinClassLoader.loadClassOrNull(BuiltinClassLoader.java:604)
	at java.base/jdk.internal.loader.BuiltinClassLoader.loadClass(BuiltinClassLoader.java:578)
	at java.base/java.lang.ClassLoader.loadClass(ClassLoader.java:490)
	at java.net.http/java.net.http.HttpRequest.newBuilder(HttpRequest.java:406)
	at org.openqa.selenium.remote.http.jdk.JdkHttpMessages.createRequest(JdkHttpMessages.java:71)
	at org.openqa.selenium.remote.http.jdk.JdkHttpClient.execute0(JdkHttpClient.java:458)
	at org.openqa.selenium.remote.http.AddSeleniumUserAgent.lambda$apply$0(AddSeleniumUserAgent.java:42)
	at org.openqa.selenium.remote.http.Filter.lambda$andFinally$1(Filter.java:55)
	at org.openqa.selenium.remote.http.jdk.JdkHttpClient.lambda$executeAsync$2(JdkHttpClient.java:387)
	at java.base/java.util.concurrent.Executors$RunnableAdapter.call(Executors.java:545)
	at java.base/java.util.concurrent.FutureTask.run(FutureTask.java:328)
	at java.base/java.util.concurrent.ThreadPoolExecutor.runWorker(ThreadPoolExecutor.java:1095)
	at java.base/java.util.concurrent.ThreadPoolExecutor$Worker.run(ThreadPoolExecutor.java:619)
	at java.base/java.lang.Thread.run(Thread.java:1447)
Caused by: java.io.IOException: Error while instrumenting jdk/internal/net/http/ImmutableHttpRequest with JaCoCo 0.8.11.202310140853/f33756c.
	at org.jacoco.agent.rt.internal_4742761.core.instr.Instrumenter.instrumentError(Instrumenter.java:161)
	at org.jacoco.agent.rt.internal_4742761.core.instr.Instrumenter.instrument(Instrumenter.java:111)
	at org.jacoco.agent.rt.internal_4742761.CoverageTransformer.transform(CoverageTransformer.java:92)
	... 22 more
Caused by: java.lang.IllegalArgumentException: Unsupported class file major version 68
	at org.jacoco.agent.rt.internal_4742761.asm.ClassReader.<init>(ClassReader.java:200)
	at org.jacoco.agent.rt.internal_4742761.asm.ClassReader.<init>(ClassReader.java:180)
	at org.jacoco.agent.rt.internal_4742761.asm.ClassReader.<init>(ClassReader.java:166)
	at org.jacoco.agent.rt.internal_4742761.core.internal.instr.InstrSupport.classReaderFor(InstrSupport.java:280)
	at org.jacoco.agent.rt.internal_4742761.core.instr.Instrumenter.instrument(Instrumenter.java:77)
	at org.jacoco.agent.rt.internal_4742761.core.instr.Instrumenter.instrument(Instrumenter.java:109)
	... 23 more
java.lang.instrument.IllegalClassFormatException: Error while instrumenting jdk/internal/net/http/common/HttpHeadersBuilder with JaCoCo 0.8.11.202310140853/f33756c.
	at org.jacoco.agent.rt.internal_4742761.CoverageTransformer.transform(CoverageTransformer.java:94)
	at java.instrument/java.lang.instrument.ClassFileTransformer.transform(ClassFileTransformer.java:257)
	at java.instrument/sun.instrument.TransformerManager.transform(TransformerManager.java:188)
	at java.instrument/sun.instrument.InstrumentationImpl.transform(InstrumentationImpl.java:594)
	at java.base/java.lang.ClassLoader.defineClass2(Native Method)
	at java.base/java.lang.ClassLoader.defineClass(ClassLoader.java:1052)
	at java.base/java.security.SecureClassLoader.defineClass(SecureClassLoader.java:164)
	at java.base/jdk.internal.loader.BuiltinClassLoader.defineClass(BuiltinClassLoader.java:735)
	at java.base/jdk.internal.loader.BuiltinClassLoader.findClassInModuleOrNull(BuiltinClassLoader.java:678)
	at java.base/jdk.internal.loader.BuiltinClassLoader.loadClassOrNull(BuiltinClassLoader.java:604)
	at java.base/jdk.internal.loader.BuiltinClassLoader.loadClass(BuiltinClassLoader.java:578)
	at java.base/java.lang.ClassLoader.loadClass(ClassLoader.java:490)
	at java.net.http/jdk.internal.net.http.HttpRequestBuilderImpl.<init>(HttpRequestBuilderImpl.java:63)
	at java.net.http/java.net.http.HttpRequest.newBuilder(HttpRequest.java:406)
	at org.openqa.selenium.remote.http.jdk.JdkHttpMessages.createRequest(JdkHttpMessages.java:71)
	at org.openqa.selenium.remote.http.jdk.JdkHttpClient.execute0(JdkHttpClient.java:458)
	at org.openqa.selenium.remote.http.AddSeleniumUserAgent.lambda$apply$0(AddSeleniumUserAgent.java:42)
	at org.openqa.selenium.remote.http.Filter.lambda$andFinally$1(Filter.java:55)
	at org.openqa.selenium.remote.http.jdk.JdkHttpClient.lambda$executeAsync$2(JdkHttpClient.java:387)
	at java.base/java.util.concurrent.Executors$RunnableAdapter.call(Executors.java:545)
	at java.base/java.util.concurrent.FutureTask.run(FutureTask.java:328)
	at java.base/java.util.concurrent.ThreadPoolExecutor.runWorker(ThreadPoolExecutor.java:1095)
	at java.base/java.util.concurrent.ThreadPoolExecutor$Worker.run(ThreadPoolExecutor.java:619)
	at java.base/java.lang.Thread.run(Thread.java:1447)
Caused by: java.io.IOException: Error while instrumenting jdk/internal/net/http/common/HttpHeadersBuilder with JaCoCo 0.8.11.202310140853/f33756c.
	at org.jacoco.agent.rt.internal_4742761.core.instr.Instrumenter.instrumentError(Instrumenter.java:161)
	at org.jacoco.agent.rt.internal_4742761.core.instr.Instrumenter.instrument(Instrumenter.java:111)
	at org.jacoco.agent.rt.internal_4742761.CoverageTransformer.transform(CoverageTransformer.java:92)
	... 23 more
Caused by: java.lang.IllegalArgumentException: Unsupported class file major version 68
	at org.jacoco.agent.rt.internal_4742761.asm.ClassReader.<init>(ClassReader.java:200)
	at org.jacoco.agent.rt.internal_4742761.asm.ClassReader.<init>(ClassReader.java:180)
	at org.jacoco.agent.rt.internal_4742761.asm.ClassReader.<init>(ClassReader.java:166)
	at org.jacoco.agent.rt.internal_4742761.core.internal.instr.InstrSupport.classReaderFor(InstrSupport.java:280)
	at org.jacoco.agent.rt.internal_4742761.core.instr.Instrumenter.instrument(Instrumenter.java:77)
	at org.jacoco.agent.rt.internal_4742761.core.instr.Instrumenter.instrument(Instrumenter.java:109)
	... 24 more
java.lang.instrument.IllegalClassFormatException: Error while instrumenting java/net/http/HttpRequest$BodyPublishers with JaCoCo 0.8.11.202310140853/f33756c.
	at org.jacoco.agent.rt.internal_4742761.CoverageTransformer.transform(CoverageTransformer.java:94)
	at java.instrument/java.lang.instrument.ClassFileTransformer.transform(ClassFileTransformer.java:257)
	at java.instrument/sun.instrument.TransformerManager.transform(TransformerManager.java:188)
	at java.instrument/sun.instrument.InstrumentationImpl.transform(InstrumentationImpl.java:594)
	at java.base/java.lang.ClassLoader.defineClass2(Native Method)
	at java.base/java.lang.ClassLoader.defineClass(ClassLoader.java:1052)
	at java.base/java.security.SecureClassLoader.defineClass(SecureClassLoader.java:164)
	at java.base/jdk.internal.loader.BuiltinClassLoader.defineClass(BuiltinClassLoader.java:735)
	at java.base/jdk.internal.loader.BuiltinClassLoader.findClassInModuleOrNull(BuiltinClassLoader.java:678)
	at java.base/jdk.internal.loader.BuiltinClassLoader.loadClassOrNull(BuiltinClassLoader.java:604)
	at java.base/jdk.internal.loader.BuiltinClassLoader.loadClassOrNull(BuiltinClassLoader.java:639)
	at java.base/jdk.internal.loader.BuiltinClassLoader.loadClassOrNull(BuiltinClassLoader.java:608)
	at java.base/jdk.internal.loader.BuiltinClassLoader.loadClass(BuiltinClassLoader.java:578)
	at java.base/java.lang.ClassLoader.loadClass(ClassLoader.java:490)
	at org.openqa.selenium.remote.http.jdk.JdkHttpMessages.notChunkingBodyPublisher(JdkHttpMessages.java:125)
	at org.openqa.selenium.remote.http.jdk.JdkHttpMessages.createRequest(JdkHttpMessages.java:83)
	at org.openqa.selenium.remote.http.jdk.JdkHttpClient.execute0(JdkHttpClient.java:458)
	at org.openqa.selenium.remote.http.AddSeleniumUserAgent.lambda$apply$0(AddSeleniumUserAgent.java:42)
	at org.openqa.selenium.remote.http.Filter.lambda$andFinally$1(Filter.java:55)
	at org.openqa.selenium.remote.http.jdk.JdkHttpClient.lambda$executeAsync$2(JdkHttpClient.java:387)
	at java.base/java.util.concurrent.Executors$RunnableAdapter.call(Executors.java:545)
	at java.base/java.util.concurrent.FutureTask.run(FutureTask.java:328)
	at java.base/java.util.concurrent.ThreadPoolExecutor.runWorker(ThreadPoolExecutor.java:1095)
	at java.base/java.util.concurrent.ThreadPoolExecutor$Worker.run(ThreadPoolExecutor.java:619)
	at java.base/java.lang.Thread.run(Thread.java:1447)
Caused by: java.io.IOException: Error while instrumenting java/net/http/HttpRequest$BodyPublishers with JaCoCo 0.8.11.202310140853/f33756c.
	at org.jacoco.agent.rt.internal_4742761.core.instr.Instrumenter.instrumentError(Instrumenter.java:161)
	at org.jacoco.agent.rt.internal_4742761.core.instr.Instrumenter.instrument(Instrumenter.java:111)
	at org.jacoco.agent.rt.internal_4742761.CoverageTransformer.transform(CoverageTransformer.java:92)
	... 24 more
Caused by: java.lang.IllegalArgumentException: Unsupported class file major version 68
	at org.jacoco.agent.rt.internal_4742761.asm.ClassReader.<init>(ClassReader.java:200)
	at org.jacoco.agent.rt.internal_4742761.asm.ClassReader.<init>(ClassReader.java:180)
	at org.jacoco.agent.rt.internal_4742761.asm.ClassReader.<init>(ClassReader.java:166)
	at org.jacoco.agent.rt.internal_4742761.core.internal.instr.InstrSupport.classReaderFor(InstrSupport.java:280)
	at org.jacoco.agent.rt.internal_4742761.core.instr.Instrumenter.instrument(Instrumenter.java:77)
	at org.jacoco.agent.rt.internal_4742761.core.instr.Instrumenter.instrument(Instrumenter.java:109)
	... 25 more
java.lang.instrument.IllegalClassFormatException: Error while instrumenting java/net/http/HttpRequest$BodyPublisher with JaCoCo 0.8.11.202310140853/f33756c.
	at org.jacoco.agent.rt.internal_4742761.CoverageTransformer.transform(CoverageTransformer.java:94)
	at java.instrument/java.lang.instrument.ClassFileTransformer.transform(ClassFileTransformer.java:257)
	at java.instrument/sun.instrument.TransformerManager.transform(TransformerManager.java:188)
	at java.instrument/sun.instrument.InstrumentationImpl.transform(InstrumentationImpl.java:594)
	at java.base/java.lang.ClassLoader.defineClass2(Native Method)
	at java.base/java.lang.ClassLoader.defineClass(ClassLoader.java:1052)
	at java.base/java.security.SecureClassLoader.defineClass(SecureClassLoader.java:164)
	at java.base/jdk.internal.loader.BuiltinClassLoader.defineClass(BuiltinClassLoader.java:735)
	at java.base/jdk.internal.loader.BuiltinClassLoader.findClassInModuleOrNull(BuiltinClassLoader.java:678)
	at java.base/jdk.internal.loader.BuiltinClassLoader.loadClassOrNull(BuiltinClassLoader.java:604)
	at java.base/jdk.internal.loader.BuiltinClassLoader.loadClass(BuiltinClassLoader.java:578)
	at java.base/java.lang.ClassLoader.loadClass(ClassLoader.java:490)
	at org.openqa.selenium.remote.http.jdk.JdkHttpMessages.notChunkingBodyPublisher(JdkHttpMessages.java:125)
	at org.openqa.selenium.remote.http.jdk.JdkHttpMessages.createRequest(JdkHttpMessages.java:83)
	at org.openqa.selenium.remote.http.jdk.JdkHttpClient.execute0(JdkHttpClient.java:458)
	at org.openqa.selenium.remote.http.AddSeleniumUserAgent.lambda$apply$0(AddSeleniumUserAgent.java:42)
	at org.openqa.selenium.remote.http.Filter.lambda$andFinally$1(Filter.java:55)
	at org.openqa.selenium.remote.http.jdk.JdkHttpClient.lambda$executeAsync$2(JdkHttpClient.java:387)
	at java.base/java.util.concurrent.Executors$RunnableAdapter.call(Executors.java:545)
	at java.base/java.util.concurrent.FutureTask.run(FutureTask.java:328)
	at java.base/java.util.concurrent.ThreadPoolExecutor.runWorker(ThreadPoolExecutor.java:1095)
	at java.base/java.util.concurrent.ThreadPoolExecutor$Worker.run(ThreadPoolExecutor.java:619)
	at java.base/java.lang.Thread.run(Thread.java:1447)
Caused by: java.io.IOException: Error while instrumenting java/net/http/HttpRequest$BodyPublisher with JaCoCo 0.8.11.202310140853/f33756c.
	at org.jacoco.agent.rt.internal_4742761.core.instr.Instrumenter.instrumentError(Instrumenter.java:161)
	at org.jacoco.agent.rt.internal_4742761.core.instr.Instrumenter.instrument(Instrumenter.java:111)
	at org.jacoco.agent.rt.internal_4742761.CoverageTransformer.transform(CoverageTransformer.java:92)
	... 22 more
Caused by: java.lang.IllegalArgumentException: Unsupported class file major version 68
	at org.jacoco.agent.rt.internal_4742761.asm.ClassReader.<init>(ClassReader.java:200)
	at org.jacoco.agent.rt.internal_4742761.asm.ClassReader.<init>(ClassReader.java:180)
	at org.jacoco.agent.rt.internal_4742761.asm.ClassReader.<init>(ClassReader.java:166)
	at org.jacoco.agent.rt.internal_4742761.core.internal.instr.InstrSupport.classReaderFor(InstrSupport.java:280)
	at org.jacoco.agent.rt.internal_4742761.core.instr.Instrumenter.instrument(Instrumenter.java:77)
	at org.jacoco.agent.rt.internal_4742761.core.instr.Instrumenter.instrument(Instrumenter.java:109)
	... 23 more
java.lang.instrument.IllegalClassFormatException: Error while instrumenting jdk/internal/net/http/RequestPublishers$InputStreamPublisher with JaCoCo 0.8.11.202310140853/f33756c.
	at org.jacoco.agent.rt.internal_4742761.CoverageTransformer.transform(CoverageTransformer.java:94)
	at java.instrument/java.lang.instrument.ClassFileTransformer.transform(ClassFileTransformer.java:257)
	at java.instrument/sun.instrument.TransformerManager.transform(TransformerManager.java:188)
	at java.instrument/sun.instrument.InstrumentationImpl.transform(InstrumentationImpl.java:594)
	at java.base/java.lang.ClassLoader.defineClass2(Native Method)
	at java.base/java.lang.ClassLoader.defineClass(ClassLoader.java:1052)
	at java.base/java.security.SecureClassLoader.defineClass(SecureClassLoader.java:164)
	at java.base/jdk.internal.loader.BuiltinClassLoader.defineClass(BuiltinClassLoader.java:735)
	at java.base/jdk.internal.loader.BuiltinClassLoader.findClassInModuleOrNull(BuiltinClassLoader.java:678)
	at java.base/jdk.internal.loader.BuiltinClassLoader.loadClassOrNull(BuiltinClassLoader.java:604)
	at java.base/jdk.internal.loader.BuiltinClassLoader.loadClass(BuiltinClassLoader.java:578)
	at java.base/java.lang.ClassLoader.loadClass(ClassLoader.java:490)
	at java.net.http/java.net.http.HttpRequest$BodyPublishers.ofInputStream(HttpRequest.java:681)
	at org.openqa.selenium.remote.http.jdk.JdkHttpMessages.notChunkingBodyPublisher(JdkHttpMessages.java:125)
	at org.openqa.selenium.remote.http.jdk.JdkHttpMessages.createRequest(JdkHttpMessages.java:83)
	at org.openqa.selenium.remote.http.jdk.JdkHttpClient.execute0(JdkHttpClient.java:458)
	at org.openqa.selenium.remote.http.AddSeleniumUserAgent.lambda$apply$0(AddSeleniumUserAgent.java:42)
	at org.openqa.selenium.remote.http.Filter.lambda$andFinally$1(Filter.java:55)
	at org.openqa.selenium.remote.http.jdk.JdkHttpClient.lambda$executeAsync$2(JdkHttpClient.java:387)
	at java.base/java.util.concurrent.Executors$RunnableAdapter.call(Executors.java:545)
	at java.base/java.util.concurrent.FutureTask.run(FutureTask.java:328)
	at java.base/java.util.concurrent.ThreadPoolExecutor.runWorker(ThreadPoolExecutor.java:1095)
	at java.base/java.util.concurrent.ThreadPoolExecutor$Worker.run(ThreadPoolExecutor.java:619)
	at java.base/java.lang.Thread.run(Thread.java:1447)
Caused by: java.io.IOException: Error while instrumenting jdk/internal/net/http/RequestPublishers$InputStreamPublisher with JaCoCo 0.8.11.202310140853/f33756c.
	at org.jacoco.agent.rt.internal_4742761.core.instr.Instrumenter.instrumentError(Instrumenter.java:161)
	at org.jacoco.agent.rt.internal_4742761.core.instr.Instrumenter.instrument(Instrumenter.java:111)
	at org.jacoco.agent.rt.internal_4742761.CoverageTransformer.transform(CoverageTransformer.java:92)
	... 23 more
Caused by: java.lang.IllegalArgumentException: Unsupported class file major version 68
	at org.jacoco.agent.rt.internal_4742761.asm.ClassReader.<init>(ClassReader.java:200)
	at org.jacoco.agent.rt.internal_4742761.asm.ClassReader.<init>(ClassReader.java:180)
	at org.jacoco.agent.rt.internal_4742761.asm.ClassReader.<init>(ClassReader.java:166)
	at org.jacoco.agent.rt.internal_4742761.core.internal.instr.InstrSupport.classReaderFor(InstrSupport.java:280)
	at org.jacoco.agent.rt.internal_4742761.core.instr.Instrumenter.instrument(Instrumenter.java:77)
	at org.jacoco.agent.rt.internal_4742761.core.instr.Instrumenter.instrument(Instrumenter.java:109)
	... 24 more
java.lang.instrument.IllegalClassFormatException: Error while instrumenting jdk/internal/net/http/RequestPublishers$PublisherAdapter with JaCoCo 0.8.11.202310140853/f33756c.
	at org.jacoco.agent.rt.internal_4742761.CoverageTransformer.transform(CoverageTransformer.java:94)
	at java.instrument/java.lang.instrument.ClassFileTransformer.transform(ClassFileTransformer.java:257)
	at java.instrument/sun.instrument.TransformerManager.transform(TransformerManager.java:188)
	at java.instrument/sun.instrument.InstrumentationImpl.transform(InstrumentationImpl.java:594)
	at java.base/java.lang.ClassLoader.defineClass2(Native Method)
	at java.base/java.lang.ClassLoader.defineClass(ClassLoader.java:1052)
	at java.base/java.security.SecureClassLoader.defineClass(SecureClassLoader.java:164)
	at java.base/jdk.internal.loader.BuiltinClassLoader.defineClass(BuiltinClassLoader.java:735)
	at java.base/jdk.internal.loader.BuiltinClassLoader.findClassInModuleOrNull(BuiltinClassLoader.java:678)
	at java.base/jdk.internal.loader.BuiltinClassLoader.loadClassOrNull(BuiltinClassLoader.java:604)
	at java.base/jdk.internal.loader.BuiltinClassLoader.loadClass(BuiltinClassLoader.java:578)
	at java.base/java.lang.ClassLoader.loadClass(ClassLoader.java:490)
	at java.net.http/java.net.http.HttpRequest$BodyPublishers.fromPublisher(HttpRequest.java:642)
	at org.openqa.selenium.remote.http.jdk.JdkHttpMessages.notChunkingBodyPublisher(JdkHttpMessages.java:126)
	at org.openqa.selenium.remote.http.jdk.JdkHttpMessages.createRequest(JdkHttpMessages.java:83)
	at org.openqa.selenium.remote.http.jdk.JdkHttpClient.execute0(JdkHttpClient.java:458)
	at org.openqa.selenium.remote.http.AddSeleniumUserAgent.lambda$apply$0(AddSeleniumUserAgent.java:42)
	at org.openqa.selenium.remote.http.Filter.lambda$andFinally$1(Filter.java:55)
	at org.openqa.selenium.remote.http.jdk.JdkHttpClient.lambda$executeAsync$2(JdkHttpClient.java:387)
	at java.base/java.util.concurrent.Executors$RunnableAdapter.call(Executors.java:545)
	at java.base/java.util.concurrent.FutureTask.run(FutureTask.java:328)
	at java.base/java.util.concurrent.ThreadPoolExecutor.runWorker(ThreadPoolExecutor.java:1095)
	at java.base/java.util.concurrent.ThreadPoolExecutor$Worker.run(ThreadPoolExecutor.java:619)
	at java.base/java.lang.Thread.run(Thread.java:1447)
Caused by: java.io.IOException: Error while instrumenting jdk/internal/net/http/RequestPublishers$PublisherAdapter with JaCoCo 0.8.11.202310140853/f33756c.
	at org.jacoco.agent.rt.internal_4742761.core.instr.Instrumenter.instrumentError(Instrumenter.java:161)
	at org.jacoco.agent.rt.internal_4742761.core.instr.Instrumenter.instrument(Instrumenter.java:111)
	at org.jacoco.agent.rt.internal_4742761.CoverageTransformer.transform(CoverageTransformer.java:92)
	... 23 more
Caused by: java.lang.IllegalArgumentException: Unsupported class file major version 68
	at org.jacoco.agent.rt.internal_4742761.asm.ClassReader.<init>(ClassReader.java:200)
	at org.jacoco.agent.rt.internal_4742761.asm.ClassReader.<init>(ClassReader.java:180)
	at org.jacoco.agent.rt.internal_4742761.asm.ClassReader.<init>(ClassReader.java:166)
	at org.jacoco.agent.rt.internal_4742761.core.internal.instr.InstrSupport.classReaderFor(InstrSupport.java:280)
	at org.jacoco.agent.rt.internal_4742761.core.instr.Instrumenter.instrument(Instrumenter.java:77)
	at org.jacoco.agent.rt.internal_4742761.core.instr.Instrumenter.instrument(Instrumenter.java:109)
	... 24 more
java.lang.instrument.IllegalClassFormatException: Error while instrumenting java/net/http/HttpHeaders with JaCoCo 0.8.11.202310140853/f33756c.
	at org.jacoco.agent.rt.internal_4742761.CoverageTransformer.transform(CoverageTransformer.java:94)
	at java.instrument/java.lang.instrument.ClassFileTransformer.transform(ClassFileTransformer.java:257)
	at java.instrument/sun.instrument.TransformerManager.transform(TransformerManager.java:188)
	at java.instrument/sun.instrument.InstrumentationImpl.transform(InstrumentationImpl.java:594)
	at java.base/java.lang.ClassLoader.defineClass2(Native Method)
	at java.base/java.lang.ClassLoader.defineClass(ClassLoader.java:1052)
	at java.base/java.security.SecureClassLoader.defineClass(SecureClassLoader.java:164)
	at java.base/jdk.internal.loader.BuiltinClassLoader.defineClass(BuiltinClassLoader.java:735)
	at java.base/jdk.internal.loader.BuiltinClassLoader.findClassInModuleOrNull(BuiltinClassLoader.java:678)
	at java.base/jdk.internal.loader.BuiltinClassLoader.loadClassOrNull(BuiltinClassLoader.java:604)
	at java.base/jdk.internal.loader.BuiltinClassLoader.loadClass(BuiltinClassLoader.java:578)
	at java.base/java.lang.ClassLoader.loadClass(ClassLoader.java:490)
	at java.net.http/jdk.internal.net.http.ImmutableHttpRequest.<init>(ImmutableHttpRequest.java:51)
	at java.net.http/jdk.internal.net.http.HttpRequestBuilderImpl.build(HttpRequestBuilderImpl.java:224)
	at org.openqa.selenium.remote.http.jdk.JdkHttpMessages.createRequest(JdkHttpMessages.java:110)
	at org.openqa.selenium.remote.http.jdk.JdkHttpClient.execute0(JdkHttpClient.java:458)
	at org.openqa.selenium.remote.http.AddSeleniumUserAgent.lambda$apply$0(AddSeleniumUserAgent.java:42)
	at org.openqa.selenium.remote.http.Filter.lambda$andFinally$1(Filter.java:55)
	at org.openqa.selenium.remote.http.jdk.JdkHttpClient.lambda$executeAsync$2(JdkHttpClient.java:387)
	at java.base/java.util.concurrent.Executors$RunnableAdapter.call(Executors.java:545)
	at java.base/java.util.concurrent.FutureTask.run(FutureTask.java:328)
	at java.base/java.util.concurrent.ThreadPoolExecutor.runWorker(ThreadPoolExecutor.java:1095)
	at java.base/java.util.concurrent.ThreadPoolExecutor$Worker.run(ThreadPoolExecutor.java:619)
	at java.base/java.lang.Thread.run(Thread.java:1447)
Caused by: java.io.IOException: Error while instrumenting java/net/http/HttpHeaders with JaCoCo 0.8.11.202310140853/f33756c.
	at org.jacoco.agent.rt.internal_4742761.core.instr.Instrumenter.instrumentError(Instrumenter.java:161)
	at org.jacoco.agent.rt.internal_4742761.core.instr.Instrumenter.instrument(Instrumenter.java:111)
	at org.jacoco.agent.rt.internal_4742761.CoverageTransformer.transform(CoverageTransformer.java:92)
	... 23 more
Caused by: java.lang.IllegalArgumentException: Unsupported class file major version 68
	at org.jacoco.agent.rt.internal_4742761.asm.ClassReader.<init>(ClassReader.java:200)
	at org.jacoco.agent.rt.internal_4742761.asm.ClassReader.<init>(ClassReader.java:180)
	at org.jacoco.agent.rt.internal_4742761.asm.ClassReader.<init>(ClassReader.java:166)
	at org.jacoco.agent.rt.internal_4742761.core.internal.instr.InstrSupport.classReaderFor(InstrSupport.java:280)
	at org.jacoco.agent.rt.internal_4742761.core.instr.Instrumenter.instrument(Instrumenter.java:77)
	at org.jacoco.agent.rt.internal_4742761.core.instr.Instrumenter.instrument(Instrumenter.java:109)
	... 24 more
java.lang.instrument.IllegalClassFormatException: Error while instrumenting jdk/internal/net/http/MultiExchange with JaCoCo 0.8.11.202310140853/f33756c.
	at org.jacoco.agent.rt.internal_4742761.CoverageTransformer.transform(CoverageTransformer.java:94)
	at java.instrument/java.lang.instrument.ClassFileTransformer.transform(ClassFileTransformer.java:257)
	at java.instrument/sun.instrument.TransformerManager.transform(TransformerManager.java:188)
	at java.instrument/sun.instrument.InstrumentationImpl.transform(InstrumentationImpl.java:594)
	at java.base/java.lang.ClassLoader.defineClass2(Native Method)
	at java.base/java.lang.ClassLoader.defineClass(ClassLoader.java:1052)
	at java.base/java.security.SecureClassLoader.defineClass(SecureClassLoader.java:164)
	at java.base/jdk.internal.loader.BuiltinClassLoader.defineClass(BuiltinClassLoader.java:735)
	at java.base/jdk.internal.loader.BuiltinClassLoader.findClassInModuleOrNull(BuiltinClassLoader.java:678)
	at java.base/jdk.internal.loader.BuiltinClassLoader.loadClassOrNull(BuiltinClassLoader.java:604)
	at java.base/jdk.internal.loader.BuiltinClassLoader.loadClass(BuiltinClassLoader.java:578)
	at java.base/java.lang.ClassLoader.loadClass(ClassLoader.java:490)
	at java.net.http/jdk.internal.net.http.HttpClientImpl.sendAsync(HttpClientImpl.java:1010)
	at java.net.http/jdk.internal.net.http.HttpClientImpl.send(HttpClientImpl.java:901)
	at java.net.http/jdk.internal.net.http.HttpClientFacade.send(HttpClientFacade.java:133)
	at org.openqa.selenium.remote.http.jdk.JdkHttpClient.execute0(JdkHttpClient.java:459)
	at org.openqa.selenium.remote.http.AddSeleniumUserAgent.lambda$apply$0(AddSeleniumUserAgent.java:42)
	at org.openqa.selenium.remote.http.Filter.lambda$andFinally$1(Filter.java:55)
	at org.openqa.selenium.remote.http.jdk.JdkHttpClient.lambda$executeAsync$2(JdkHttpClient.java:387)
	at java.base/java.util.concurrent.Executors$RunnableAdapter.call(Executors.java:545)
	at java.base/java.util.concurrent.FutureTask.run(FutureTask.java:328)
	at java.base/java.util.concurrent.ThreadPoolExecutor.runWorker(ThreadPoolExecutor.java:1095)
	at java.base/java.util.concurrent.ThreadPoolExecutor$Worker.run(ThreadPoolExecutor.java:619)
	at java.base/java.lang.Thread.run(Thread.java:1447)
Caused by: java.io.IOException: Error while instrumenting jdk/internal/net/http/MultiExchange with JaCoCo 0.8.11.202310140853/f33756c.
	at org.jacoco.agent.rt.internal_4742761.core.instr.Instrumenter.instrumentError(Instrumenter.java:161)
	at org.jacoco.agent.rt.internal_4742761.core.instr.Instrumenter.instrument(Instrumenter.java:111)
	at org.jacoco.agent.rt.internal_4742761.CoverageTransformer.transform(CoverageTransformer.java:92)
	... 23 more
Caused by: java.lang.IllegalArgumentException: Unsupported class file major version 68
	at org.jacoco.agent.rt.internal_4742761.asm.ClassReader.<init>(ClassReader.java:200)
	at org.jacoco.agent.rt.internal_4742761.asm.ClassReader.<init>(ClassReader.java:180)
	at org.jacoco.agent.rt.internal_4742761.asm.ClassReader.<init>(ClassReader.java:166)
	at org.jacoco.agent.rt.internal_4742761.core.internal.instr.InstrSupport.classReaderFor(InstrSupport.java:280)
	at org.jacoco.agent.rt.internal_4742761.core.instr.Instrumenter.instrument(Instrumenter.java:77)
	at org.jacoco.agent.rt.internal_4742761.core.instr.Instrumenter.instrument(Instrumenter.java:109)
	... 24 more
java.lang.instrument.IllegalClassFormatException: Error while instrumenting jdk/internal/net/http/common/Cancelable with JaCoCo 0.8.11.202310140853/f33756c.
	at org.jacoco.agent.rt.internal_4742761.CoverageTransformer.transform(CoverageTransformer.java:94)
	at java.instrument/java.lang.instrument.ClassFileTransformer.transform(ClassFileTransformer.java:257)
	at java.instrument/sun.instrument.TransformerManager.transform(TransformerManager.java:188)
	at java.instrument/sun.instrument.InstrumentationImpl.transform(InstrumentationImpl.java:594)
	at java.base/java.lang.ClassLoader.defineClass2(Native Method)
	at java.base/java.lang.ClassLoader.defineClass(ClassLoader.java:1052)
	at java.base/java.security.SecureClassLoader.defineClass(SecureClassLoader.java:164)
	at java.base/jdk.internal.loader.BuiltinClassLoader.defineClass(BuiltinClassLoader.java:735)
	at java.base/jdk.internal.loader.BuiltinClassLoader.findClassInModuleOrNull(BuiltinClassLoader.java:678)
	at java.base/jdk.internal.loader.BuiltinClassLoader.loadClassOrNull(BuiltinClassLoader.java:604)
	at java.base/jdk.internal.loader.BuiltinClassLoader.loadClass(BuiltinClassLoader.java:578)
	at java.base/java.lang.ClassLoader.loadClass(ClassLoader.java:490)
	at java.base/java.lang.ClassLoader.defineClass2(Native Method)
	at java.base/java.lang.ClassLoader.defineClass(ClassLoader.java:1052)
	at java.base/java.security.SecureClassLoader.defineClass(SecureClassLoader.java:164)
	at java.base/jdk.internal.loader.BuiltinClassLoader.defineClass(BuiltinClassLoader.java:735)
	at java.base/jdk.internal.loader.BuiltinClassLoader.findClassInModuleOrNull(BuiltinClassLoader.java:678)
	at java.base/jdk.internal.loader.BuiltinClassLoader.loadClassOrNull(BuiltinClassLoader.java:604)
	at java.base/jdk.internal.loader.BuiltinClassLoader.loadClass(BuiltinClassLoader.java:578)
	at java.base/java.lang.ClassLoader.loadClass(ClassLoader.java:490)
	at java.net.http/jdk.internal.net.http.HttpClientImpl.sendAsync(HttpClientImpl.java:1010)
	at java.net.http/jdk.internal.net.http.HttpClientImpl.send(HttpClientImpl.java:901)
	at java.net.http/jdk.internal.net.http.HttpClientFacade.send(HttpClientFacade.java:133)
	at org.openqa.selenium.remote.http.jdk.JdkHttpClient.execute0(JdkHttpClient.java:459)
	at org.openqa.selenium.remote.http.AddSeleniumUserAgent.lambda$apply$0(AddSeleniumUserAgent.java:42)
	at org.openqa.selenium.remote.http.Filter.lambda$andFinally$1(Filter.java:55)
	at org.openqa.selenium.remote.http.jdk.JdkHttpClient.lambda$executeAsync$2(JdkHttpClient.java:387)
	at java.base/java.util.concurrent.Executors$RunnableAdapter.call(Executors.java:545)
	at java.base/java.util.concurrent.FutureTask.run(FutureTask.java:328)
	at java.base/java.util.concurrent.ThreadPoolExecutor.runWorker(ThreadPoolExecutor.java:1095)
	at java.base/java.util.concurrent.ThreadPoolExecutor$Worker.run(ThreadPoolExecutor.java:619)
	at java.base/java.lang.Thread.run(Thread.java:1447)
Caused by: java.io.IOException: Error while instrumenting jdk/internal/net/http/common/Cancelable with JaCoCo 0.8.11.202310140853/f33756c.
	at org.jacoco.agent.rt.internal_4742761.core.instr.Instrumenter.instrumentError(Instrumenter.java:161)
	at org.jacoco.agent.rt.internal_4742761.core.instr.Instrumenter.instrument(Instrumenter.java:111)
	at org.jacoco.agent.rt.internal_4742761.CoverageTransformer.transform(CoverageTransformer.java:92)
	... 31 more
Caused by: java.lang.IllegalArgumentException: Unsupported class file major version 68
	at org.jacoco.agent.rt.internal_4742761.asm.ClassReader.<init>(ClassReader.java:200)
	at org.jacoco.agent.rt.internal_4742761.asm.ClassReader.<init>(ClassReader.java:180)
	at org.jacoco.agent.rt.internal_4742761.asm.ClassReader.<init>(ClassReader.java:166)
	at org.jacoco.agent.rt.internal_4742761.core.internal.instr.InstrSupport.classReaderFor(InstrSupport.java:280)
	at org.jacoco.agent.rt.internal_4742761.core.instr.Instrumenter.instrument(Instrumenter.java:77)
	at org.jacoco.agent.rt.internal_4742761.core.instr.Instrumenter.instrument(Instrumenter.java:109)
	... 32 more
java.lang.instrument.IllegalClassFormatException: Error while instrumenting jdk/internal/net/http/TimeoutEvent with JaCoCo 0.8.11.202310140853/f33756c.
	at org.jacoco.agent.rt.internal_4742761.CoverageTransformer.transform(CoverageTransformer.java:94)
	at java.instrument/java.lang.instrument.ClassFileTransformer.transform(ClassFileTransformer.java:257)
	at java.instrument/sun.instrument.TransformerManager.transform(TransformerManager.java:188)
	at java.instrument/sun.instrument.InstrumentationImpl.transform(InstrumentationImpl.java:594)
	at java.base/java.lang.ClassLoader.defineClass2(Native Method)
	at java.base/java.lang.ClassLoader.defineClass(ClassLoader.java:1052)
	at java.base/java.security.SecureClassLoader.defineClass(SecureClassLoader.java:164)
	at java.base/jdk.internal.loader.BuiltinClassLoader.defineClass(BuiltinClassLoader.java:735)
	at java.base/jdk.internal.loader.BuiltinClassLoader.findClassInModuleOrNull(BuiltinClassLoader.java:678)
	at java.base/jdk.internal.loader.BuiltinClassLoader.loadClassOrNull(BuiltinClassLoader.java:604)
	at java.base/jdk.internal.loader.BuiltinClassLoader.loadClass(BuiltinClassLoader.java:578)
	at java.base/java.lang.ClassLoader.loadClass(ClassLoader.java:490)
	at java.net.http/jdk.internal.net.http.HttpClientImpl.sendAsync(HttpClientImpl.java:1010)
	at java.net.http/jdk.internal.net.http.HttpClientImpl.send(HttpClientImpl.java:901)
	at java.net.http/jdk.internal.net.http.HttpClientFacade.send(HttpClientFacade.java:133)
	at org.openqa.selenium.remote.http.jdk.JdkHttpClient.execute0(JdkHttpClient.java:459)
	at org.openqa.selenium.remote.http.AddSeleniumUserAgent.lambda$apply$0(AddSeleniumUserAgent.java:42)
	at org.openqa.selenium.remote.http.Filter.lambda$andFinally$1(Filter.java:55)
	at org.openqa.selenium.remote.http.jdk.JdkHttpClient.lambda$executeAsync$2(JdkHttpClient.java:387)
	at java.base/java.util.concurrent.Executors$RunnableAdapter.call(Executors.java:545)
	at java.base/java.util.concurrent.FutureTask.run(FutureTask.java:328)
	at java.base/java.util.concurrent.ThreadPoolExecutor.runWorker(ThreadPoolExecutor.java:1095)
	at java.base/java.util.concurrent.ThreadPoolExecutor$Worker.run(ThreadPoolExecutor.java:619)
	at java.base/java.lang.Thread.run(Thread.java:1447)
Caused by: java.io.IOException: Error while instrumenting jdk/internal/net/http/TimeoutEvent with JaCoCo 0.8.11.202310140853/f33756c.
	at org.jacoco.agent.rt.internal_4742761.core.instr.Instrumenter.instrumentError(Instrumenter.java:161)
	at org.jacoco.agent.rt.internal_4742761.core.instr.Instrumenter.instrument(Instrumenter.java:111)
	at org.jacoco.agent.rt.internal_4742761.CoverageTransformer.transform(CoverageTransformer.java:92)
	... 23 more
Caused by: java.lang.IllegalArgumentException: Unsupported class file major version 68
	at org.jacoco.agent.rt.internal_4742761.asm.ClassReader.<init>(ClassReader.java:200)
	at org.jacoco.agent.rt.internal_4742761.asm.ClassReader.<init>(ClassReader.java:180)
	at org.jacoco.agent.rt.internal_4742761.asm.ClassReader.<init>(ClassReader.java:166)
	at org.jacoco.agent.rt.internal_4742761.core.internal.instr.InstrSupport.classReaderFor(InstrSupport.java:280)
	at org.jacoco.agent.rt.internal_4742761.core.instr.Instrumenter.instrument(Instrumenter.java:77)
	at org.jacoco.agent.rt.internal_4742761.core.instr.Instrumenter.instrument(Instrumenter.java:109)
	... 24 more
java.lang.instrument.IllegalClassFormatException: Error while instrumenting jdk/internal/net/http/ResponseTimerEvent with JaCoCo 0.8.11.202310140853/f33756c.
	at org.jacoco.agent.rt.internal_4742761.CoverageTransformer.transform(CoverageTransformer.java:94)
	at java.instrument/java.lang.instrument.ClassFileTransformer.transform(ClassFileTransformer.java:257)
	at java.instrument/sun.instrument.TransformerManager.transform(TransformerManager.java:188)
	at java.instrument/sun.instrument.InstrumentationImpl.transform(InstrumentationImpl.java:594)
	at java.base/java.lang.ClassLoader.defineClass2(Native Method)
	at java.base/java.lang.ClassLoader.defineClass(ClassLoader.java:1052)
	at java.base/java.security.SecureClassLoader.defineClass(SecureClassLoader.java:164)
	at java.base/jdk.internal.loader.BuiltinClassLoader.defineClass(BuiltinClassLoader.java:735)
	at java.base/jdk.internal.loader.BuiltinClassLoader.findClassInModuleOrNull(BuiltinClassLoader.java:678)
	at java.base/jdk.internal.loader.BuiltinClassLoader.loadClassOrNull(BuiltinClassLoader.java:604)
	at java.base/jdk.internal.loader.BuiltinClassLoader.loadClass(BuiltinClassLoader.java:578)
	at java.base/java.lang.ClassLoader.loadClass(ClassLoader.java:490)
	at java.net.http/jdk.internal.net.http.HttpClientImpl.sendAsync(HttpClientImpl.java:1010)
	at java.net.http/jdk.internal.net.http.HttpClientImpl.send(HttpClientImpl.java:901)
	at java.net.http/jdk.internal.net.http.HttpClientFacade.send(HttpClientFacade.java:133)
	at org.openqa.selenium.remote.http.jdk.JdkHttpClient.execute0(JdkHttpClient.java:459)
	at org.openqa.selenium.remote.http.AddSeleniumUserAgent.lambda$apply$0(AddSeleniumUserAgent.java:42)
	at org.openqa.selenium.remote.http.Filter.lambda$andFinally$1(Filter.java:55)
	at org.openqa.selenium.remote.http.jdk.JdkHttpClient.lambda$executeAsync$2(JdkHttpClient.java:387)
	at java.base/java.util.concurrent.Executors$RunnableAdapter.call(Executors.java:545)
	at java.base/java.util.concurrent.FutureTask.run(FutureTask.java:328)
	at java.base/java.util.concurrent.ThreadPoolExecutor.runWorker(ThreadPoolExecutor.java:1095)
	at java.base/java.util.concurrent.ThreadPoolExecutor$Worker.run(ThreadPoolExecutor.java:619)
	at java.base/java.lang.Thread.run(Thread.java:1447)
Caused by: java.io.IOException: Error while instrumenting jdk/internal/net/http/ResponseTimerEvent with JaCoCo 0.8.11.202310140853/f33756c.
	at org.jacoco.agent.rt.internal_4742761.core.instr.Instrumenter.instrumentError(Instrumenter.java:161)
	at org.jacoco.agent.rt.internal_4742761.core.instr.Instrumenter.instrument(Instrumenter.java:111)
	at org.jacoco.agent.rt.internal_4742761.CoverageTransformer.transform(CoverageTransformer.java:92)
	... 23 more
Caused by: java.lang.IllegalArgumentException: Unsupported class file major version 68
	at org.jacoco.agent.rt.internal_4742761.asm.ClassReader.<init>(ClassReader.java:200)
	at org.jacoco.agent.rt.internal_4742761.asm.ClassReader.<init>(ClassReader.java:180)
	at org.jacoco.agent.rt.internal_4742761.asm.ClassReader.<init>(ClassReader.java:166)
	at org.jacoco.agent.rt.internal_4742761.core.internal.instr.InstrSupport.classReaderFor(InstrSupport.java:280)
	at org.jacoco.agent.rt.internal_4742761.core.instr.Instrumenter.instrument(Instrumenter.java:77)
	at org.jacoco.agent.rt.internal_4742761.core.instr.Instrumenter.instrument(Instrumenter.java:109)
	... 24 more
java.lang.instrument.IllegalClassFormatException: Error while instrumenting jdk/internal/net/http/MultiExchange$ConnectTimeoutTracker with JaCoCo 0.8.11.202310140853/f33756c.
	at org.jacoco.agent.rt.internal_4742761.CoverageTransformer.transform(CoverageTransformer.java:94)
	at java.instrument/java.lang.instrument.ClassFileTransformer.transform(ClassFileTransformer.java:257)
	at java.instrument/sun.instrument.TransformerManager.transform(TransformerManager.java:188)
	at java.instrument/sun.instrument.InstrumentationImpl.transform(InstrumentationImpl.java:594)
	at java.base/java.lang.ClassLoader.defineClass2(Native Method)
	at java.base/java.lang.ClassLoader.defineClass(ClassLoader.java:1052)
	at java.base/java.security.SecureClassLoader.defineClass(SecureClassLoader.java:164)
	at java.base/jdk.internal.loader.BuiltinClassLoader.defineClass(BuiltinClassLoader.java:735)
	at java.base/jdk.internal.loader.BuiltinClassLoader.findClassInModuleOrNull(BuiltinClassLoader.java:678)
	at java.base/jdk.internal.loader.BuiltinClassLoader.loadClassOrNull(BuiltinClassLoader.java:604)
	at java.base/jdk.internal.loader.BuiltinClassLoader.loadClass(BuiltinClassLoader.java:578)
	at java.base/java.lang.ClassLoader.loadClass(ClassLoader.java:490)
	at java.net.http/jdk.internal.net.http.MultiExchange.<init>(MultiExchange.java:172)
	at java.net.http/jdk.internal.net.http.HttpClientImpl.sendAsync(HttpClientImpl.java:1010)
	at java.net.http/jdk.internal.net.http.HttpClientImpl.send(HttpClientImpl.java:901)
	at java.net.http/jdk.internal.net.http.HttpClientFacade.send(HttpClientFacade.java:133)
	at org.openqa.selenium.remote.http.jdk.JdkHttpClient.execute0(JdkHttpClient.java:459)
	at org.openqa.selenium.remote.http.AddSeleniumUserAgent.lambda$apply$0(AddSeleniumUserAgent.java:42)
	at org.openqa.selenium.remote.http.Filter.lambda$andFinally$1(Filter.java:55)
	at org.openqa.selenium.remote.http.jdk.JdkHttpClient.lambda$executeAsync$2(JdkHttpClient.java:387)
	at java.base/java.util.concurrent.Executors$RunnableAdapter.call(Executors.java:545)
	at java.base/java.util.concurrent.FutureTask.run(FutureTask.java:328)
	at java.base/java.util.concurrent.ThreadPoolExecutor.runWorker(ThreadPoolExecutor.java:1095)
	at java.base/java.util.concurrent.ThreadPoolExecutor$Worker.run(ThreadPoolExecutor.java:619)
	at java.base/java.lang.Thread.run(Thread.java:1447)
Caused by: java.io.IOException: Error while instrumenting jdk/internal/net/http/MultiExchange$ConnectTimeoutTracker with JaCoCo 0.8.11.202310140853/f33756c.
	at org.jacoco.agent.rt.internal_4742761.core.instr.Instrumenter.instrumentError(Instrumenter.java:161)
	at org.jacoco.agent.rt.internal_4742761.core.instr.Instrumenter.instrument(Instrumenter.java:111)
	at org.jacoco.agent.rt.internal_4742761.CoverageTransformer.transform(CoverageTransformer.java:92)
	... 24 more
Caused by: java.lang.IllegalArgumentException: Unsupported class file major version 68
	at org.jacoco.agent.rt.internal_4742761.asm.ClassReader.<init>(ClassReader.java:200)
	at org.jacoco.agent.rt.internal_4742761.asm.ClassReader.<init>(ClassReader.java:180)
	at org.jacoco.agent.rt.internal_4742761.asm.ClassReader.<init>(ClassReader.java:166)
	at org.jacoco.agent.rt.internal_4742761.core.internal.instr.InstrSupport.classReaderFor(InstrSupport.java:280)
	at org.jacoco.agent.rt.internal_4742761.core.instr.Instrumenter.instrument(Instrumenter.java:77)
	at org.jacoco.agent.rt.internal_4742761.core.instr.Instrumenter.instrument(Instrumenter.java:109)
	... 25 more
java.lang.instrument.IllegalClassFormatException: Error while instrumenting jdk/internal/net/http/Exchange with JaCoCo 0.8.11.202310140853/f33756c.
	at org.jacoco.agent.rt.internal_4742761.CoverageTransformer.transform(CoverageTransformer.java:94)
	at java.instrument/java.lang.instrument.ClassFileTransformer.transform(ClassFileTransformer.java:257)
	at java.instrument/sun.instrument.TransformerManager.transform(TransformerManager.java:188)
	at java.instrument/sun.instrument.InstrumentationImpl.transform(InstrumentationImpl.java:594)
	at java.base/java.lang.ClassLoader.defineClass2(Native Method)
	at java.base/java.lang.ClassLoader.defineClass(ClassLoader.java:1052)
	at java.base/java.security.SecureClassLoader.defineClass(SecureClassLoader.java:164)
	at java.base/jdk.internal.loader.BuiltinClassLoader.defineClass(BuiltinClassLoader.java:735)
	at java.base/jdk.internal.loader.BuiltinClassLoader.findClassInModuleOrNull(BuiltinClassLoader.java:678)
	at java.base/jdk.internal.loader.BuiltinClassLoader.loadClassOrNull(BuiltinClassLoader.java:604)
	at java.base/jdk.internal.loader.BuiltinClassLoader.loadClass(BuiltinClassLoader.java:578)
	at java.base/java.lang.ClassLoader.loadClass(ClassLoader.java:490)
	at java.net.http/jdk.internal.net.http.MultiExchange.<init>(MultiExchange.java:174)
	at java.net.http/jdk.internal.net.http.HttpClientImpl.sendAsync(HttpClientImpl.java:1010)
	at java.net.http/jdk.internal.net.http.HttpClientImpl.send(HttpClientImpl.java:901)
	at java.net.http/jdk.internal.net.http.HttpClientFacade.send(HttpClientFacade.java:133)
	at org.openqa.selenium.remote.http.jdk.JdkHttpClient.execute0(JdkHttpClient.java:459)
	at org.openqa.selenium.remote.http.AddSeleniumUserAgent.lambda$apply$0(AddSeleniumUserAgent.java:42)
	at org.openqa.selenium.remote.http.Filter.lambda$andFinally$1(Filter.java:55)
	at org.openqa.selenium.remote.http.jdk.JdkHttpClient.lambda$executeAsync$2(JdkHttpClient.java:387)
	at java.base/java.util.concurrent.Executors$RunnableAdapter.call(Executors.java:545)
	at java.base/java.util.concurrent.FutureTask.run(FutureTask.java:328)
	at java.base/java.util.concurrent.ThreadPoolExecutor.runWorker(ThreadPoolExecutor.java:1095)
	at java.base/java.util.concurrent.ThreadPoolExecutor$Worker.run(ThreadPoolExecutor.java:619)
	at java.base/java.lang.Thread.run(Thread.java:1447)
Caused by: java.io.IOException: Error while instrumenting jdk/internal/net/http/Exchange with JaCoCo 0.8.11.202310140853/f33756c.
	at org.jacoco.agent.rt.internal_4742761.core.instr.Instrumenter.instrumentError(Instrumenter.java:161)
	at org.jacoco.agent.rt.internal_4742761.core.instr.Instrumenter.instrument(Instrumenter.java:111)
	at org.jacoco.agent.rt.internal_4742761.CoverageTransformer.transform(CoverageTransformer.java:92)
	... 24 more
Caused by: java.lang.IllegalArgumentException: Unsupported class file major version 68
	at org.jacoco.agent.rt.internal_4742761.asm.ClassReader.<init>(ClassReader.java:200)
	at org.jacoco.agent.rt.internal_4742761.asm.ClassReader.<init>(ClassReader.java:180)
	at org.jacoco.agent.rt.internal_4742761.asm.ClassReader.<init>(ClassReader.java:166)
	at org.jacoco.agent.rt.internal_4742761.core.internal.instr.InstrSupport.classReaderFor(InstrSupport.java:280)
	at org.jacoco.agent.rt.internal_4742761.core.instr.Instrumenter.instrument(Instrumenter.java:77)
	at org.jacoco.agent.rt.internal_4742761.core.instr.Instrumenter.instrument(Instrumenter.java:109)
	... 25 more
java.lang.instrument.IllegalClassFormatException: Error while instrumenting jdk/internal/net/http/ExchangeImpl with JaCoCo 0.8.11.202310140853/f33756c.
	at org.jacoco.agent.rt.internal_4742761.CoverageTransformer.transform(CoverageTransformer.java:94)
	at java.instrument/java.lang.instrument.ClassFileTransformer.transform(ClassFileTransformer.java:257)
	at java.instrument/sun.instrument.TransformerManager.transform(TransformerManager.java:188)
	at java.instrument/sun.instrument.InstrumentationImpl.transform(InstrumentationImpl.java:594)
	at java.base/java.lang.ClassLoader.defineClass2(Native Method)
	at java.base/java.lang.ClassLoader.defineClass(ClassLoader.java:1052)
	at java.base/java.security.SecureClassLoader.defineClass(SecureClassLoader.java:164)
	at java.base/jdk.internal.loader.BuiltinClassLoader.defineClass(BuiltinClassLoader.java:735)
	at java.base/jdk.internal.loader.BuiltinClassLoader.findClassInModuleOrNull(BuiltinClassLoader.java:678)
	at java.base/jdk.internal.loader.BuiltinClassLoader.loadClassOrNull(BuiltinClassLoader.java:604)
	at java.base/jdk.internal.loader.BuiltinClassLoader.loadClass(BuiltinClassLoader.java:578)
	at java.base/java.lang.ClassLoader.loadClass(ClassLoader.java:490)
	at java.net.http/jdk.internal.net.http.MultiExchange.<init>(MultiExchange.java:174)
	at java.net.http/jdk.internal.net.http.HttpClientImpl.sendAsync(HttpClientImpl.java:1010)
	at java.net.http/jdk.internal.net.http.HttpClientImpl.send(HttpClientImpl.java:901)
	at java.net.http/jdk.internal.net.http.HttpClientFacade.send(HttpClientFacade.java:133)
	at org.openqa.selenium.remote.http.jdk.JdkHttpClient.execute0(JdkHttpClient.java:459)
	at org.openqa.selenium.remote.http.AddSeleniumUserAgent.lambda$apply$0(AddSeleniumUserAgent.java:42)
	at org.openqa.selenium.remote.http.Filter.lambda$andFinally$1(Filter.java:55)
	at org.openqa.selenium.remote.http.jdk.JdkHttpClient.lambda$executeAsync$2(JdkHttpClient.java:387)
	at java.base/java.util.concurrent.Executors$RunnableAdapter.call(Executors.java:545)
	at java.base/java.util.concurrent.FutureTask.run(FutureTask.java:328)
	at java.base/java.util.concurrent.ThreadPoolExecutor.runWorker(ThreadPoolExecutor.java:1095)
	at java.base/java.util.concurrent.ThreadPoolExecutor$Worker.run(ThreadPoolExecutor.java:619)
	at java.base/java.lang.Thread.run(Thread.java:1447)
Caused by: java.io.IOException: Error while instrumenting jdk/internal/net/http/ExchangeImpl with JaCoCo 0.8.11.202310140853/f33756c.
	at org.jacoco.agent.rt.internal_4742761.core.instr.Instrumenter.instrumentError(Instrumenter.java:161)
	at org.jacoco.agent.rt.internal_4742761.core.instr.Instrumenter.instrument(Instrumenter.java:111)
	at org.jacoco.agent.rt.internal_4742761.CoverageTransformer.transform(CoverageTransformer.java:92)
	... 24 more
Caused by: java.lang.IllegalArgumentException: Unsupported class file major version 68
	at org.jacoco.agent.rt.internal_4742761.asm.ClassReader.<init>(ClassReader.java:200)
	at org.jacoco.agent.rt.internal_4742761.asm.ClassReader.<init>(ClassReader.java:180)
	at org.jacoco.agent.rt.internal_4742761.asm.ClassReader.<init>(ClassReader.java:166)
	at org.jacoco.agent.rt.internal_4742761.core.internal.instr.InstrSupport.classReaderFor(InstrSupport.java:280)
	at org.jacoco.agent.rt.internal_4742761.core.instr.Instrumenter.instrument(Instrumenter.java:77)
	at org.jacoco.agent.rt.internal_4742761.core.instr.Instrumenter.instrument(Instrumenter.java:109)
	... 25 more
java.lang.instrument.IllegalClassFormatException: Error while instrumenting jdk/internal/net/http/Stream with JaCoCo 0.8.11.202310140853/f33756c.
	at org.jacoco.agent.rt.internal_4742761.CoverageTransformer.transform(CoverageTransformer.java:94)
	at java.instrument/java.lang.instrument.ClassFileTransformer.transform(ClassFileTransformer.java:257)
	at java.instrument/sun.instrument.TransformerManager.transform(TransformerManager.java:188)
	at java.instrument/sun.instrument.InstrumentationImpl.transform(InstrumentationImpl.java:594)
	at java.base/java.lang.ClassLoader.defineClass2(Native Method)
	at java.base/java.lang.ClassLoader.defineClass(ClassLoader.java:1052)
	at java.base/java.security.SecureClassLoader.defineClass(SecureClassLoader.java:164)
	at java.base/jdk.internal.loader.BuiltinClassLoader.defineClass(BuiltinClassLoader.java:735)
	at java.base/jdk.internal.loader.BuiltinClassLoader.findClassInModuleOrNull(BuiltinClassLoader.java:678)
	at java.base/jdk.internal.loader.BuiltinClassLoader.loadClassOrNull(BuiltinClassLoader.java:604)
	at java.base/jdk.internal.loader.BuiltinClassLoader.loadClass(BuiltinClassLoader.java:578)
	at java.base/java.lang.ClassLoader.loadClass(ClassLoader.java:490)
	at java.net.http/jdk.internal.net.http.MultiExchange.<init>(MultiExchange.java:174)
	at java.net.http/jdk.internal.net.http.HttpClientImpl.sendAsync(HttpClientImpl.java:1010)
	at java.net.http/jdk.internal.net.http.HttpClientImpl.send(HttpClientImpl.java:901)
	at java.net.http/jdk.internal.net.http.HttpClientFacade.send(HttpClientFacade.java:133)
	at org.openqa.selenium.remote.http.jdk.JdkHttpClient.execute0(JdkHttpClient.java:459)
	at org.openqa.selenium.remote.http.AddSeleniumUserAgent.lambda$apply$0(AddSeleniumUserAgent.java:42)
	at org.openqa.selenium.remote.http.Filter.lambda$andFinally$1(Filter.java:55)
	at org.openqa.selenium.remote.http.jdk.JdkHttpClient.lambda$executeAsync$2(JdkHttpClient.java:387)
	at java.base/java.util.concurrent.Executors$RunnableAdapter.call(Executors.java:545)
	at java.base/java.util.concurrent.FutureTask.run(FutureTask.java:328)
	at java.base/java.util.concurrent.ThreadPoolExecutor.runWorker(ThreadPoolExecutor.java:1095)
	at java.base/java.util.concurrent.ThreadPoolExecutor$Worker.run(ThreadPoolExecutor.java:619)
	at java.base/java.lang.Thread.run(Thread.java:1447)
Caused by: java.io.IOException: Error while instrumenting jdk/internal/net/http/Stream with JaCoCo 0.8.11.202310140853/f33756c.
	at org.jacoco.agent.rt.internal_4742761.core.instr.Instrumenter.instrumentError(Instrumenter.java:161)
	at org.jacoco.agent.rt.internal_4742761.core.instr.Instrumenter.instrument(Instrumenter.java:111)
	at org.jacoco.agent.rt.internal_4742761.CoverageTransformer.transform(CoverageTransformer.java:92)
	... 24 more
Caused by: java.lang.IllegalArgumentException: Unsupported class file major version 68
	at org.jacoco.agent.rt.internal_4742761.asm.ClassReader.<init>(ClassReader.java:200)
	at org.jacoco.agent.rt.internal_4742761.asm.ClassReader.<init>(ClassReader.java:180)
	at org.jacoco.agent.rt.internal_4742761.asm.ClassReader.<init>(ClassReader.java:166)
	at org.jacoco.agent.rt.internal_4742761.core.internal.instr.InstrSupport.classReaderFor(InstrSupport.java:280)
	at org.jacoco.agent.rt.internal_4742761.core.instr.Instrumenter.instrument(Instrumenter.java:77)
	at org.jacoco.agent.rt.internal_4742761.core.instr.Instrumenter.instrument(Instrumenter.java:109)
	... 25 more
java.lang.instrument.IllegalClassFormatException: Error while instrumenting jdk/internal/net/http/Exchange$ConnectionAborter with JaCoCo 0.8.11.202310140853/f33756c.
	at org.jacoco.agent.rt.internal_4742761.CoverageTransformer.transform(CoverageTransformer.java:94)
	at java.instrument/java.lang.instrument.ClassFileTransformer.transform(ClassFileTransformer.java:257)
	at java.instrument/sun.instrument.TransformerManager.transform(TransformerManager.java:188)
	at java.instrument/sun.instrument.InstrumentationImpl.transform(InstrumentationImpl.java:594)
	at java.base/java.lang.ClassLoader.defineClass2(Native Method)
	at java.base/java.lang.ClassLoader.defineClass(ClassLoader.java:1052)
	at java.base/java.security.SecureClassLoader.defineClass(SecureClassLoader.java:164)
	at java.base/jdk.internal.loader.BuiltinClassLoader.defineClass(BuiltinClassLoader.java:735)
	at java.base/jdk.internal.loader.BuiltinClassLoader.findClassInModuleOrNull(BuiltinClassLoader.java:678)
	at java.base/jdk.internal.loader.BuiltinClassLoader.loadClassOrNull(BuiltinClassLoader.java:604)
	at java.base/jdk.internal.loader.BuiltinClassLoader.loadClass(BuiltinClassLoader.java:578)
	at java.base/java.lang.ClassLoader.loadClass(ClassLoader.java:490)
	at java.net.http/jdk.internal.net.http.Exchange.<init>(Exchange.java:76)
	at java.net.http/jdk.internal.net.http.MultiExchange.<init>(MultiExchange.java:174)
	at java.net.http/jdk.internal.net.http.HttpClientImpl.sendAsync(HttpClientImpl.java:1010)
	at java.net.http/jdk.internal.net.http.HttpClientImpl.send(HttpClientImpl.java:901)
	at java.net.http/jdk.internal.net.http.HttpClientFacade.send(HttpClientFacade.java:133)
	at org.openqa.selenium.remote.http.jdk.JdkHttpClient.execute0(JdkHttpClient.java:459)
	at org.openqa.selenium.remote.http.AddSeleniumUserAgent.lambda$apply$0(AddSeleniumUserAgent.java:42)
	at org.openqa.selenium.remote.http.Filter.lambda$andFinally$1(Filter.java:55)
	at org.openqa.selenium.remote.http.jdk.JdkHttpClient.lambda$executeAsync$2(JdkHttpClient.java:387)
	at java.base/java.util.concurrent.Executors$RunnableAdapter.call(Executors.java:545)
	at java.base/java.util.concurrent.FutureTask.run(FutureTask.java:328)
	at java.base/java.util.concurrent.ThreadPoolExecutor.runWorker(ThreadPoolExecutor.java:1095)
	at java.base/java.util.concurrent.ThreadPoolExecutor$Worker.run(ThreadPoolExecutor.java:619)
	at java.base/java.lang.Thread.run(Thread.java:1447)
Caused by: java.io.IOException: Error while instrumenting jdk/internal/net/http/Exchange$ConnectionAborter with JaCoCo 0.8.11.202310140853/f33756c.
	at org.jacoco.agent.rt.internal_4742761.core.instr.Instrumenter.instrumentError(Instrumenter.java:161)
	at org.jacoco.agent.rt.internal_4742761.core.instr.Instrumenter.instrument(Instrumenter.java:111)
	at org.jacoco.agent.rt.internal_4742761.CoverageTransformer.transform(CoverageTransformer.java:92)
	... 25 more
Caused by: java.lang.IllegalArgumentException: Unsupported class file major version 68
	at org.jacoco.agent.rt.internal_4742761.asm.ClassReader.<init>(ClassReader.java:200)
	at org.jacoco.agent.rt.internal_4742761.asm.ClassReader.<init>(ClassReader.java:180)
	at org.jacoco.agent.rt.internal_4742761.asm.ClassReader.<init>(ClassReader.java:166)
	at org.jacoco.agent.rt.internal_4742761.core.internal.instr.InstrSupport.classReaderFor(InstrSupport.java:280)
	at org.jacoco.agent.rt.internal_4742761.core.instr.Instrumenter.instrument(Instrumenter.java:77)
	at org.jacoco.agent.rt.internal_4742761.core.instr.Instrumenter.instrument(Instrumenter.java:109)
	... 26 more
java.lang.instrument.IllegalClassFormatException: Error while instrumenting jdk/internal/net/http/MultiExchange$CancelableRef with JaCoCo 0.8.11.202310140853/f33756c.
	at org.jacoco.agent.rt.internal_4742761.CoverageTransformer.transform(CoverageTransformer.java:94)
	at java.instrument/java.lang.instrument.ClassFileTransformer.transform(ClassFileTransformer.java:257)
	at java.instrument/sun.instrument.TransformerManager.transform(TransformerManager.java:188)
	at java.instrument/sun.instrument.InstrumentationImpl.transform(InstrumentationImpl.java:594)
	at java.base/java.lang.ClassLoader.defineClass2(Native Method)
	at java.base/java.lang.ClassLoader.defineClass(ClassLoader.java:1052)
	at java.base/java.security.SecureClassLoader.defineClass(SecureClassLoader.java:164)
	at java.base/jdk.internal.loader.BuiltinClassLoader.defineClass(BuiltinClassLoader.java:735)
	at java.base/jdk.internal.loader.BuiltinClassLoader.findClassInModuleOrNull(BuiltinClassLoader.java:678)
	at java.base/jdk.internal.loader.BuiltinClassLoader.loadClassOrNull(BuiltinClassLoader.java:604)
	at java.base/jdk.internal.loader.BuiltinClassLoader.loadClass(BuiltinClassLoader.java:578)
	at java.base/java.lang.ClassLoader.loadClass(ClassLoader.java:490)
	at java.net.http/jdk.internal.net.http.MultiExchange.newMinimalFuture(MultiExchange.java:304)
	at java.net.http/jdk.internal.net.http.MultiExchange.responseAsync(MultiExchange.java:308)
	at java.net.http/jdk.internal.net.http.HttpClientImpl.sendAsync(HttpClientImpl.java:1015)
	at java.net.http/jdk.internal.net.http.HttpClientImpl.send(HttpClientImpl.java:901)
	at java.net.http/jdk.internal.net.http.HttpClientFacade.send(HttpClientFacade.java:133)
	at org.openqa.selenium.remote.http.jdk.JdkHttpClient.execute0(JdkHttpClient.java:459)
	at org.openqa.selenium.remote.http.AddSeleniumUserAgent.lambda$apply$0(AddSeleniumUserAgent.java:42)
	at org.openqa.selenium.remote.http.Filter.lambda$andFinally$1(Filter.java:55)
	at org.openqa.selenium.remote.http.jdk.JdkHttpClient.lambda$executeAsync$2(JdkHttpClient.java:387)
	at java.base/java.util.concurrent.Executors$RunnableAdapter.call(Executors.java:545)
	at java.base/java.util.concurrent.FutureTask.run(FutureTask.java:328)
	at java.base/java.util.concurrent.ThreadPoolExecutor.runWorker(ThreadPoolExecutor.java:1095)
	at java.base/java.util.concurrent.ThreadPoolExecutor$Worker.run(ThreadPoolExecutor.java:619)
	at java.base/java.lang.Thread.run(Thread.java:1447)
Caused by: java.io.IOException: Error while instrumenting jdk/internal/net/http/MultiExchange$CancelableRef with JaCoCo 0.8.11.202310140853/f33756c.
	at org.jacoco.agent.rt.internal_4742761.core.instr.Instrumenter.instrumentError(Instrumenter.java:161)
	at org.jacoco.agent.rt.internal_4742761.core.instr.Instrumenter.instrument(Instrumenter.java:111)
	at org.jacoco.agent.rt.internal_4742761.CoverageTransformer.transform(CoverageTransformer.java:92)
	... 25 more
Caused by: java.lang.IllegalArgumentException: Unsupported class file major version 68
	at org.jacoco.agent.rt.internal_4742761.asm.ClassReader.<init>(ClassReader.java:200)
	at org.jacoco.agent.rt.internal_4742761.asm.ClassReader.<init>(ClassReader.java:180)
	at org.jacoco.agent.rt.internal_4742761.asm.ClassReader.<init>(ClassReader.java:166)
	at org.jacoco.agent.rt.internal_4742761.core.internal.instr.InstrSupport.classReaderFor(InstrSupport.java:280)
	at org.jacoco.agent.rt.internal_4742761.core.instr.Instrumenter.instrument(Instrumenter.java:77)
	at org.jacoco.agent.rt.internal_4742761.core.instr.Instrumenter.instrument(Instrumenter.java:109)
	... 26 more
java.lang.instrument.IllegalClassFormatException: Error while instrumenting jdk/internal/net/http/Response with JaCoCo 0.8.11.202310140853/f33756c.
	at org.jacoco.agent.rt.internal_4742761.CoverageTransformer.transform(CoverageTransformer.java:94)
	at java.instrument/java.lang.instrument.ClassFileTransformer.transform(ClassFileTransformer.java:257)
	at java.instrument/sun.instrument.TransformerManager.transform(TransformerManager.java:188)
	at java.instrument/sun.instrument.InstrumentationImpl.transform(InstrumentationImpl.java:594)
	at java.base/java.lang.ClassLoader.defineClass2(Native Method)
	at java.base/java.lang.ClassLoader.defineClass(ClassLoader.java:1052)
	at java.base/java.security.SecureClassLoader.defineClass(SecureClassLoader.java:164)
	at java.base/jdk.internal.loader.BuiltinClassLoader.defineClass(BuiltinClassLoader.java:735)
	at java.base/jdk.internal.loader.BuiltinClassLoader.findClassInModuleOrNull(BuiltinClassLoader.java:678)
	at java.base/jdk.internal.loader.BuiltinClassLoader.loadClassOrNull(BuiltinClassLoader.java:604)
	at java.base/jdk.internal.loader.BuiltinClassLoader.loadClass(BuiltinClassLoader.java:578)
	at java.base/java.lang.ClassLoader.loadClass(ClassLoader.java:490)
	at java.net.http/jdk.internal.net.http.MultiExchange.responseAsync0(MultiExchange.java:357)
	at java.net.http/jdk.internal.net.http.MultiExchange.responseAsync(MultiExchange.java:309)
	at java.net.http/jdk.internal.net.http.HttpClientImpl.sendAsync(HttpClientImpl.java:1015)
	at java.net.http/jdk.internal.net.http.HttpClientImpl.send(HttpClientImpl.java:901)
	at java.net.http/jdk.internal.net.http.HttpClientFacade.send(HttpClientFacade.java:133)
	at org.openqa.selenium.remote.http.jdk.JdkHttpClient.execute0(JdkHttpClient.java:459)
	at org.openqa.selenium.remote.http.AddSeleniumUserAgent.lambda$apply$0(AddSeleniumUserAgent.java:42)
	at org.openqa.selenium.remote.http.Filter.lambda$andFinally$1(Filter.java:55)
	at org.openqa.selenium.remote.http.jdk.JdkHttpClient.lambda$executeAsync$2(JdkHttpClient.java:387)
	at java.base/java.util.concurrent.Executors$RunnableAdapter.call(Executors.java:545)
	at java.base/java.util.concurrent.FutureTask.run(FutureTask.java:328)
	at java.base/java.util.concurrent.ThreadPoolExecutor.runWorker(ThreadPoolExecutor.java:1095)
	at java.base/java.util.concurrent.ThreadPoolExecutor$Worker.run(ThreadPoolExecutor.java:619)
	at java.base/java.lang.Thread.run(Thread.java:1447)
Caused by: java.io.IOException: Error while instrumenting jdk/internal/net/http/Response with JaCoCo 0.8.11.202310140853/f33756c.
	at org.jacoco.agent.rt.internal_4742761.core.instr.Instrumenter.instrumentError(Instrumenter.java:161)
	at org.jacoco.agent.rt.internal_4742761.core.instr.Instrumenter.instrument(Instrumenter.java:111)
	at org.jacoco.agent.rt.internal_4742761.CoverageTransformer.transform(CoverageTransformer.java:92)
	... 25 more
Caused by: java.lang.IllegalArgumentException: Unsupported class file major version 68
	at org.jacoco.agent.rt.internal_4742761.asm.ClassReader.<init>(ClassReader.java:200)
	at org.jacoco.agent.rt.internal_4742761.asm.ClassReader.<init>(ClassReader.java:180)
	at org.jacoco.agent.rt.internal_4742761.asm.ClassReader.<init>(ClassReader.java:166)
	at org.jacoco.agent.rt.internal_4742761.core.internal.instr.InstrSupport.classReaderFor(InstrSupport.java:280)
	at org.jacoco.agent.rt.internal_4742761.core.instr.Instrumenter.instrument(Instrumenter.java:77)
	at org.jacoco.agent.rt.internal_4742761.core.instr.Instrumenter.instrument(Instrumenter.java:109)
	... 26 more
java.lang.instrument.IllegalClassFormatException: Error while instrumenting jdk/internal/net/http/common/Deadline with JaCoCo 0.8.11.202310140853/f33756c.
	at org.jacoco.agent.rt.internal_4742761.CoverageTransformer.transform(CoverageTransformer.java:94)
	at java.instrument/java.lang.instrument.ClassFileTransformer.transform(ClassFileTransformer.java:257)
	at java.instrument/sun.instrument.TransformerManager.transform(TransformerManager.java:188)
	at java.instrument/sun.instrument.InstrumentationImpl.transform(InstrumentationImpl.java:594)
	at java.base/java.lang.ClassLoader.defineClass2(Native Method)
	at java.base/java.lang.ClassLoader.defineClass(ClassLoader.java:1052)
	at java.base/java.security.SecureClassLoader.defineClass(SecureClassLoader.java:164)
	at java.base/jdk.internal.loader.BuiltinClassLoader.defineClass(BuiltinClassLoader.java:735)
	at java.base/jdk.internal.loader.BuiltinClassLoader.findClassInModuleOrNull(BuiltinClassLoader.java:678)
	at java.base/jdk.internal.loader.BuiltinClassLoader.loadClassOrNull(BuiltinClassLoader.java:604)
	at java.base/jdk.internal.loader.BuiltinClassLoader.loadClass(BuiltinClassLoader.java:578)
	at java.base/java.lang.ClassLoader.loadClass(ClassLoader.java:490)
	at java.net.http/jdk.internal.net.http.common.TimeSource$NanoSource.instant(TimeSource.java:80)
	at java.net.http/jdk.internal.net.http.common.TimeSource.instant(TimeSource.java:99)
	at java.net.http/jdk.internal.net.http.common.TimeSource.now(TimeSource.java:126)
	at java.net.http/jdk.internal.net.http.TimeoutEvent.<init>(TimeoutEvent.java:53)
	at java.net.http/jdk.internal.net.http.ResponseTimerEvent.<init>(ResponseTimerEvent.java:45)
	at java.net.http/jdk.internal.net.http.ResponseTimerEvent.of(ResponseTimerEvent.java:41)
	at java.net.http/jdk.internal.net.http.MultiExchange.responseAsyncImpl(MultiExchange.java:420)
	at java.net.http/jdk.internal.net.http.MultiExchange.lambda$responseAsync0$0(MultiExchange.java:357)
	at java.base/java.util.concurrent.CompletableFuture$UniCompose.tryFire(CompletableFuture.java:1196)
	at java.base/java.util.concurrent.CompletableFuture.postComplete(CompletableFuture.java:556)
	at java.base/java.util.concurrent.CompletableFuture$AsyncSupply.run(CompletableFuture.java:1819)
	at java.net.http/jdk.internal.net.http.HttpClientImpl$DelegatingExecutor.execute(HttpClientImpl.java:168)
	at java.base/java.util.concurrent.CompletableFuture.completeAsync(CompletableFuture.java:2789)
	at java.net.http/jdk.internal.net.http.MultiExchange.responseAsync(MultiExchange.java:310)
	at java.net.http/jdk.internal.net.http.HttpClientImpl.sendAsync(HttpClientImpl.java:1015)
	at java.net.http/jdk.internal.net.http.HttpClientImpl.send(HttpClientImpl.java:901)
	at java.net.http/jdk.internal.net.http.HttpClientFacade.send(HttpClientFacade.java:133)
	at org.openqa.selenium.remote.http.jdk.JdkHttpClient.execute0(JdkHttpClient.java:459)
	at org.openqa.selenium.remote.http.AddSeleniumUserAgent.lambda$apply$0(AddSeleniumUserAgent.java:42)
	at org.openqa.selenium.remote.http.Filter.lambda$andFinally$1(Filter.java:55)
	at org.openqa.selenium.remote.http.jdk.JdkHttpClient.lambda$executeAsync$2(JdkHttpClient.java:387)
	at java.base/java.util.concurrent.Executors$RunnableAdapter.call(Executors.java:545)
	at java.base/java.util.concurrent.FutureTask.run(FutureTask.java:328)
	at java.base/java.util.concurrent.ThreadPoolExecutor.runWorker(ThreadPoolExecutor.java:1095)
	at java.base/java.util.concurrent.ThreadPoolExecutor$Worker.run(ThreadPoolExecutor.java:619)
	at java.base/java.lang.Thread.run(Thread.java:1447)
Caused by: java.io.IOException: Error while instrumenting jdk/internal/net/http/common/Deadline with JaCoCo 0.8.11.202310140853/f33756c.
	at org.jacoco.agent.rt.internal_4742761.core.instr.Instrumenter.instrumentError(Instrumenter.java:161)
	at org.jacoco.agent.rt.internal_4742761.core.instr.Instrumenter.instrument(Instrumenter.java:111)
	at org.jacoco.agent.rt.internal_4742761.CoverageTransformer.transform(CoverageTransformer.java:92)
	... 37 more
Caused by: java.lang.IllegalArgumentException: Unsupported class file major version 68
	at org.jacoco.agent.rt.internal_4742761.asm.ClassReader.<init>(ClassReader.java:200)
	at org.jacoco.agent.rt.internal_4742761.asm.ClassReader.<init>(ClassReader.java:180)
	at org.jacoco.agent.rt.internal_4742761.asm.ClassReader.<init>(ClassReader.java:166)
	at org.jacoco.agent.rt.internal_4742761.core.internal.instr.InstrSupport.classReaderFor(InstrSupport.java:280)
	at org.jacoco.agent.rt.internal_4742761.core.instr.Instrumenter.instrument(Instrumenter.java:77)
	at org.jacoco.agent.rt.internal_4742761.core.instr.Instrumenter.instrument(Instrumenter.java:109)
	... 38 more
java.lang.instrument.IllegalClassFormatException: Error while instrumenting jdk/internal/net/http/AuthenticationFilter$Cache with JaCoCo 0.8.11.202310140853/f33756c.
	at org.jacoco.agent.rt.internal_4742761.CoverageTransformer.transform(CoverageTransformer.java:94)
	at java.instrument/java.lang.instrument.ClassFileTransformer.transform(ClassFileTransformer.java:257)
	at java.instrument/sun.instrument.TransformerManager.transform(TransformerManager.java:188)
	at java.instrument/sun.instrument.InstrumentationImpl.transform(InstrumentationImpl.java:594)
	at java.base/java.lang.ClassLoader.defineClass2(Native Method)
	at java.base/java.lang.ClassLoader.defineClass(ClassLoader.java:1052)
	at java.base/java.security.SecureClassLoader.defineClass(SecureClassLoader.java:164)
	at java.base/jdk.internal.loader.BuiltinClassLoader.defineClass(BuiltinClassLoader.java:735)
	at java.base/jdk.internal.loader.BuiltinClassLoader.findClassInModuleOrNull(BuiltinClassLoader.java:678)
	at java.base/jdk.internal.loader.BuiltinClassLoader.loadClassOrNull(BuiltinClassLoader.java:604)
	at java.base/jdk.internal.loader.BuiltinClassLoader.loadClass(BuiltinClassLoader.java:578)
	at java.base/java.lang.ClassLoader.loadClass(ClassLoader.java:490)
	at java.net.http/jdk.internal.net.http.AuthenticationFilter.getCache(AuthenticationFilter.java:369)
	at java.net.http/jdk.internal.net.http.AuthenticationFilter.request(AuthenticationFilter.java:149)
	at java.net.http/jdk.internal.net.http.MultiExchange.requestFilters(MultiExchange.java:234)
	at java.net.http/jdk.internal.net.http.MultiExchange.responseAsyncImpl(MultiExchange.java:430)
	at java.net.http/jdk.internal.net.http.MultiExchange.lambda$responseAsync0$0(MultiExchange.java:357)
	at java.base/java.util.concurrent.CompletableFuture$UniCompose.tryFire(CompletableFuture.java:1196)
	at java.base/java.util.concurrent.CompletableFuture.postComplete(CompletableFuture.java:556)
	at java.base/java.util.concurrent.CompletableFuture$AsyncSupply.run(CompletableFuture.java:1819)
	at java.net.http/jdk.internal.net.http.HttpClientImpl$DelegatingExecutor.execute(HttpClientImpl.java:168)
	at java.base/java.util.concurrent.CompletableFuture.completeAsync(CompletableFuture.java:2789)
	at java.net.http/jdk.internal.net.http.MultiExchange.responseAsync(MultiExchange.java:310)
	at java.net.http/jdk.internal.net.http.HttpClientImpl.sendAsync(HttpClientImpl.java:1015)
	at java.net.http/jdk.internal.net.http.HttpClientImpl.send(HttpClientImpl.java:901)
	at java.net.http/jdk.internal.net.http.HttpClientFacade.send(HttpClientFacade.java:133)
	at org.openqa.selenium.remote.http.jdk.JdkHttpClient.execute0(JdkHttpClient.java:459)
	at org.openqa.selenium.remote.http.AddSeleniumUserAgent.lambda$apply$0(AddSeleniumUserAgent.java:42)
	at org.openqa.selenium.remote.http.Filter.lambda$andFinally$1(Filter.java:55)
	at org.openqa.selenium.remote.http.jdk.JdkHttpClient.lambda$executeAsync$2(JdkHttpClient.java:387)
	at java.base/java.util.concurrent.Executors$RunnableAdapter.call(Executors.java:545)
	at java.base/java.util.concurrent.FutureTask.run(FutureTask.java:328)
	at java.base/java.util.concurrent.ThreadPoolExecutor.runWorker(ThreadPoolExecutor.java:1095)
	at java.base/java.util.concurrent.ThreadPoolExecutor$Worker.run(ThreadPoolExecutor.java:619)
	at java.base/java.lang.Thread.run(Thread.java:1447)
Caused by: java.io.IOException: Error while instrumenting jdk/internal/net/http/AuthenticationFilter$Cache with JaCoCo 0.8.11.202310140853/f33756c.
	at org.jacoco.agent.rt.internal_4742761.core.instr.Instrumenter.instrumentError(Instrumenter.java:161)
	at org.jacoco.agent.rt.internal_4742761.core.instr.Instrumenter.instrument(Instrumenter.java:111)
	at org.jacoco.agent.rt.internal_4742761.CoverageTransformer.transform(CoverageTransformer.java:92)
	... 34 more
Caused by: java.lang.IllegalArgumentException: Unsupported class file major version 68
	at org.jacoco.agent.rt.internal_4742761.asm.ClassReader.<init>(ClassReader.java:200)
	at org.jacoco.agent.rt.internal_4742761.asm.ClassReader.<init>(ClassReader.java:180)
	at org.jacoco.agent.rt.internal_4742761.asm.ClassReader.<init>(ClassReader.java:166)
	at org.jacoco.agent.rt.internal_4742761.core.internal.instr.InstrSupport.classReaderFor(InstrSupport.java:280)
	at org.jacoco.agent.rt.internal_4742761.core.instr.Instrumenter.instrument(Instrumenter.java:77)
	at org.jacoco.agent.rt.internal_4742761.core.instr.Instrumenter.instrument(Instrumenter.java:109)
	... 35 more
java.lang.instrument.IllegalClassFormatException: Error while instrumenting jdk/internal/net/http/Http2Connection with JaCoCo 0.8.11.202310140853/f33756c.
	at org.jacoco.agent.rt.internal_4742761.CoverageTransformer.transform(CoverageTransformer.java:94)
	at java.instrument/java.lang.instrument.ClassFileTransformer.transform(ClassFileTransformer.java:257)
	at java.instrument/sun.instrument.TransformerManager.transform(TransformerManager.java:188)
	at java.instrument/sun.instrument.InstrumentationImpl.transform(InstrumentationImpl.java:594)
	at java.base/java.lang.ClassLoader.defineClass2(Native Method)
	at java.base/java.lang.ClassLoader.defineClass(ClassLoader.java:1052)
	at java.base/java.security.SecureClassLoader.defineClass(SecureClassLoader.java:164)
	at java.base/jdk.internal.loader.BuiltinClassLoader.defineClass(BuiltinClassLoader.java:735)
	at java.base/jdk.internal.loader.BuiltinClassLoader.findClassInModuleOrNull(BuiltinClassLoader.java:678)
	at java.base/jdk.internal.loader.BuiltinClassLoader.loadClassOrNull(BuiltinClassLoader.java:604)
	at java.base/jdk.internal.loader.BuiltinClassLoader.loadClass(BuiltinClassLoader.java:578)
	at java.base/java.lang.ClassLoader.loadClass(ClassLoader.java:490)
	at java.net.http/jdk.internal.net.http.Http2ClientImpl.getConnectionFor(Http2ClientImpl.java:102)
	at java.net.http/jdk.internal.net.http.ExchangeImpl.get(ExchangeImpl.java:108)
	at java.net.http/jdk.internal.net.http.Exchange.establishExchange(Exchange.java:356)
	at java.net.http/jdk.internal.net.http.Exchange.responseAsyncImpl(Exchange.java:562)
	at java.net.http/jdk.internal.net.http.Exchange.responseAsync(Exchange.java:385)
	at java.net.http/jdk.internal.net.http.MultiExchange.responseAsyncImpl(MultiExchange.java:437)
	at java.net.http/jdk.internal.net.http.MultiExchange.lambda$responseAsync0$0(MultiExchange.java:357)
	at java.base/java.util.concurrent.CompletableFuture$UniCompose.tryFire(CompletableFuture.java:1196)
	at java.base/java.util.concurrent.CompletableFuture.postComplete(CompletableFuture.java:556)
	at java.base/java.util.concurrent.CompletableFuture$AsyncSupply.run(CompletableFuture.java:1819)
	at java.net.http/jdk.internal.net.http.HttpClientImpl$DelegatingExecutor.execute(HttpClientImpl.java:168)
	at java.base/java.util.concurrent.CompletableFuture.completeAsync(CompletableFuture.java:2789)
	at java.net.http/jdk.internal.net.http.MultiExchange.responseAsync(MultiExchange.java:310)
	at java.net.http/jdk.internal.net.http.HttpClientImpl.sendAsync(HttpClientImpl.java:1015)
	at java.net.http/jdk.internal.net.http.HttpClientImpl.send(HttpClientImpl.java:901)
	at java.net.http/jdk.internal.net.http.HttpClientFacade.send(HttpClientFacade.java:133)
	at org.openqa.selenium.remote.http.jdk.JdkHttpClient.execute0(JdkHttpClient.java:459)
	at org.openqa.selenium.remote.http.AddSeleniumUserAgent.lambda$apply$0(AddSeleniumUserAgent.java:42)
	at org.openqa.selenium.remote.http.Filter.lambda$andFinally$1(Filter.java:55)
	at org.openqa.selenium.remote.http.jdk.JdkHttpClient.lambda$executeAsync$2(JdkHttpClient.java:387)
	at java.base/java.util.concurrent.Executors$RunnableAdapter.call(Executors.java:545)
	at java.base/java.util.concurrent.FutureTask.run(FutureTask.java:328)
	at java.base/java.util.concurrent.ThreadPoolExecutor.runWorker(ThreadPoolExecutor.java:1095)
	at java.base/java.util.concurrent.ThreadPoolExecutor$Worker.run(ThreadPoolExecutor.java:619)
	at java.base/java.lang.Thread.run(Thread.java:1447)
Caused by: java.io.IOException: Error while instrumenting jdk/internal/net/http/Http2Connection with JaCoCo 0.8.11.202310140853/f33756c.
	at org.jacoco.agent.rt.internal_4742761.core.instr.Instrumenter.instrumentError(Instrumenter.java:161)
	at org.jacoco.agent.rt.internal_4742761.core.instr.Instrumenter.instrument(Instrumenter.java:111)
	at org.jacoco.agent.rt.internal_4742761.CoverageTransformer.transform(CoverageTransformer.java:92)
	... 36 more
Caused by: java.lang.IllegalArgumentException: Unsupported class file major version 68
	at org.jacoco.agent.rt.internal_4742761.asm.ClassReader.<init>(ClassReader.java:200)
	at org.jacoco.agent.rt.internal_4742761.asm.ClassReader.<init>(ClassReader.java:180)
	at org.jacoco.agent.rt.internal_4742761.asm.ClassReader.<init>(ClassReader.java:166)
	at org.jacoco.agent.rt.internal_4742761.core.internal.instr.InstrSupport.classReaderFor(InstrSupport.java:280)
	at org.jacoco.agent.rt.internal_4742761.core.instr.Instrumenter.instrument(Instrumenter.java:77)
	at org.jacoco.agent.rt.internal_4742761.core.instr.Instrumenter.instrument(Instrumenter.java:109)
	... 37 more
java.lang.instrument.IllegalClassFormatException: Error while instrumenting jdk/internal/net/http/Http2Connection$IdleConnectionTimeoutEvent with JaCoCo 0.8.11.202310140853/f33756c.
	at org.jacoco.agent.rt.internal_4742761.CoverageTransformer.transform(CoverageTransformer.java:94)
	at java.instrument/java.lang.instrument.ClassFileTransformer.transform(ClassFileTransformer.java:257)
	at java.instrument/sun.instrument.TransformerManager.transform(TransformerManager.java:188)
	at java.instrument/sun.instrument.InstrumentationImpl.transform(InstrumentationImpl.java:594)
	at java.base/java.lang.ClassLoader.defineClass2(Native Method)
	at java.base/java.lang.ClassLoader.defineClass(ClassLoader.java:1052)
	at java.base/java.security.SecureClassLoader.defineClass(SecureClassLoader.java:164)
	at java.base/jdk.internal.loader.BuiltinClassLoader.defineClass(BuiltinClassLoader.java:735)
	at java.base/jdk.internal.loader.BuiltinClassLoader.findClassInModuleOrNull(BuiltinClassLoader.java:678)
	at java.base/jdk.internal.loader.BuiltinClassLoader.loadClassOrNull(BuiltinClassLoader.java:604)
	at java.base/jdk.internal.loader.BuiltinClassLoader.loadClass(BuiltinClassLoader.java:578)
	at java.base/java.lang.ClassLoader.loadClass(ClassLoader.java:490)
	at java.net.http/jdk.internal.net.http.Http2ClientImpl.getConnectionFor(Http2ClientImpl.java:102)
	at java.net.http/jdk.internal.net.http.ExchangeImpl.get(ExchangeImpl.java:108)
	at java.net.http/jdk.internal.net.http.Exchange.establishExchange(Exchange.java:356)
	at java.net.http/jdk.internal.net.http.Exchange.responseAsyncImpl(Exchange.java:562)
	at java.net.http/jdk.internal.net.http.Exchange.responseAsync(Exchange.java:385)
	at java.net.http/jdk.internal.net.http.MultiExchange.responseAsyncImpl(MultiExchange.java:437)
	at java.net.http/jdk.internal.net.http.MultiExchange.lambda$responseAsync0$0(MultiExchange.java:357)
	at java.base/java.util.concurrent.CompletableFuture$UniCompose.tryFire(CompletableFuture.java:1196)
	at java.base/java.util.concurrent.CompletableFuture.postComplete(CompletableFuture.java:556)
	at java.base/java.util.concurrent.CompletableFuture$AsyncSupply.run(CompletableFuture.java:1819)
	at java.net.http/jdk.internal.net.http.HttpClientImpl$DelegatingExecutor.execute(HttpClientImpl.java:168)
	at java.base/java.util.concurrent.CompletableFuture.completeAsync(CompletableFuture.java:2789)
	at java.net.http/jdk.internal.net.http.MultiExchange.responseAsync(MultiExchange.java:310)
	at java.net.http/jdk.internal.net.http.HttpClientImpl.sendAsync(HttpClientImpl.java:1015)
	at java.net.http/jdk.internal.net.http.HttpClientImpl.send(HttpClientImpl.java:901)
	at java.net.http/jdk.internal.net.http.HttpClientFacade.send(HttpClientFacade.java:133)
	at org.openqa.selenium.remote.http.jdk.JdkHttpClient.execute0(JdkHttpClient.java:459)
	at org.openqa.selenium.remote.http.AddSeleniumUserAgent.lambda$apply$0(AddSeleniumUserAgent.java:42)
	at org.openqa.selenium.remote.http.Filter.lambda$andFinally$1(Filter.java:55)
	at org.openqa.selenium.remote.http.jdk.JdkHttpClient.lambda$executeAsync$2(JdkHttpClient.java:387)
	at java.base/java.util.concurrent.Executors$RunnableAdapter.call(Executors.java:545)
	at java.base/java.util.concurrent.FutureTask.run(FutureTask.java:328)
	at java.base/java.util.concurrent.ThreadPoolExecutor.runWorker(ThreadPoolExecutor.java:1095)
	at java.base/java.util.concurrent.ThreadPoolExecutor$Worker.run(ThreadPoolExecutor.java:619)
	at java.base/java.lang.Thread.run(Thread.java:1447)
Caused by: java.io.IOException: Error while instrumenting jdk/internal/net/http/Http2Connection$IdleConnectionTimeoutEvent with JaCoCo 0.8.11.202310140853/f33756c.
	at org.jacoco.agent.rt.internal_4742761.core.instr.Instrumenter.instrumentError(Instrumenter.java:161)
	at org.jacoco.agent.rt.internal_4742761.core.instr.Instrumenter.instrument(Instrumenter.java:111)
	at org.jacoco.agent.rt.internal_4742761.CoverageTransformer.transform(CoverageTransformer.java:92)
	... 36 more
Caused by: java.lang.IllegalArgumentException: Unsupported class file major version 68
	at org.jacoco.agent.rt.internal_4742761.asm.ClassReader.<init>(ClassReader.java:200)
	at org.jacoco.agent.rt.internal_4742761.asm.ClassReader.<init>(ClassReader.java:180)
	at org.jacoco.agent.rt.internal_4742761.asm.ClassReader.<init>(ClassReader.java:166)
	at org.jacoco.agent.rt.internal_4742761.core.internal.instr.InstrSupport.classReaderFor(InstrSupport.java:280)
	at org.jacoco.agent.rt.internal_4742761.core.instr.Instrumenter.instrument(Instrumenter.java:77)
	at org.jacoco.agent.rt.internal_4742761.core.instr.Instrumenter.instrument(Instrumenter.java:109)
	... 37 more
java.lang.instrument.IllegalClassFormatException: Error while instrumenting jdk/internal/net/http/frame/Http2Frame with JaCoCo 0.8.11.202310140853/f33756c.
	at org.jacoco.agent.rt.internal_4742761.CoverageTransformer.transform(CoverageTransformer.java:94)
	at java.instrument/java.lang.instrument.ClassFileTransformer.transform(ClassFileTransformer.java:257)
	at java.instrument/sun.instrument.TransformerManager.transform(TransformerManager.java:188)
	at java.instrument/sun.instrument.InstrumentationImpl.transform(InstrumentationImpl.java:594)
	at java.base/java.lang.ClassLoader.defineClass2(Native Method)
	at java.base/java.lang.ClassLoader.defineClass(ClassLoader.java:1052)
	at java.base/java.security.SecureClassLoader.defineClass(SecureClassLoader.java:164)
	at java.base/jdk.internal.loader.BuiltinClassLoader.defineClass(BuiltinClassLoader.java:735)
	at java.base/jdk.internal.loader.BuiltinClassLoader.findClassInModuleOrNull(BuiltinClassLoader.java:678)
	at java.base/jdk.internal.loader.BuiltinClassLoader.loadClassOrNull(BuiltinClassLoader.java:604)
	at java.base/jdk.internal.loader.BuiltinClassLoader.loadClass(BuiltinClassLoader.java:578)
	at java.base/java.lang.ClassLoader.loadClass(ClassLoader.java:490)
	at java.net.http/jdk.internal.net.http.Http2ClientImpl.getConnectionFor(Http2ClientImpl.java:102)
	at java.net.http/jdk.internal.net.http.ExchangeImpl.get(ExchangeImpl.java:108)
	at java.net.http/jdk.internal.net.http.Exchange.establishExchange(Exchange.java:356)
	at java.net.http/jdk.internal.net.http.Exchange.responseAsyncImpl(Exchange.java:562)
	at java.net.http/jdk.internal.net.http.Exchange.responseAsync(Exchange.java:385)
	at java.net.http/jdk.internal.net.http.MultiExchange.responseAsyncImpl(MultiExchange.java:437)
	at java.net.http/jdk.internal.net.http.MultiExchange.lambda$responseAsync0$0(MultiExchange.java:357)
	at java.base/java.util.concurrent.CompletableFuture$UniCompose.tryFire(CompletableFuture.java:1196)
	at java.base/java.util.concurrent.CompletableFuture.postComplete(CompletableFuture.java:556)
	at java.base/java.util.concurrent.CompletableFuture$AsyncSupply.run(CompletableFuture.java:1819)
	at java.net.http/jdk.internal.net.http.HttpClientImpl$DelegatingExecutor.execute(HttpClientImpl.java:168)
	at java.base/java.util.concurrent.CompletableFuture.completeAsync(CompletableFuture.java:2789)
	at java.net.http/jdk.internal.net.http.MultiExchange.responseAsync(MultiExchange.java:310)
	at java.net.http/jdk.internal.net.http.HttpClientImpl.sendAsync(HttpClientImpl.java:1015)
	at java.net.http/jdk.internal.net.http.HttpClientImpl.send(HttpClientImpl.java:901)
	at java.net.http/jdk.internal.net.http.HttpClientFacade.send(HttpClientFacade.java:133)
	at org.openqa.selenium.remote.http.jdk.JdkHttpClient.execute0(JdkHttpClient.java:459)
	at org.openqa.selenium.remote.http.AddSeleniumUserAgent.lambda$apply$0(AddSeleniumUserAgent.java:42)
	at org.openqa.selenium.remote.http.Filter.lambda$andFinally$1(Filter.java:55)
	at org.openqa.selenium.remote.http.jdk.JdkHttpClient.lambda$executeAsync$2(JdkHttpClient.java:387)
	at java.base/java.util.concurrent.Executors$RunnableAdapter.call(Executors.java:545)
	at java.base/java.util.concurrent.FutureTask.run(FutureTask.java:328)
	at java.base/java.util.concurrent.ThreadPoolExecutor.runWorker(ThreadPoolExecutor.java:1095)
	at java.base/java.util.concurrent.ThreadPoolExecutor$Worker.run(ThreadPoolExecutor.java:619)
	at java.base/java.lang.Thread.run(Thread.java:1447)
Caused by: java.io.IOException: Error while instrumenting jdk/internal/net/http/frame/Http2Frame with JaCoCo 0.8.11.202310140853/f33756c.
	at org.jacoco.agent.rt.internal_4742761.core.instr.Instrumenter.instrumentError(Instrumenter.java:161)
	at org.jacoco.agent.rt.internal_4742761.core.instr.Instrumenter.instrument(Instrumenter.java:111)
	at org.jacoco.agent.rt.internal_4742761.CoverageTransformer.transform(CoverageTransformer.java:92)
	... 36 more
Caused by: java.lang.IllegalArgumentException: Unsupported class file major version 68
	at org.jacoco.agent.rt.internal_4742761.asm.ClassReader.<init>(ClassReader.java:200)
	at org.jacoco.agent.rt.internal_4742761.asm.ClassReader.<init>(ClassReader.java:180)
	at org.jacoco.agent.rt.internal_4742761.asm.ClassReader.<init>(ClassReader.java:166)
	at org.jacoco.agent.rt.internal_4742761.core.internal.instr.InstrSupport.classReaderFor(InstrSupport.java:280)
	at org.jacoco.agent.rt.internal_4742761.core.instr.Instrumenter.instrument(Instrumenter.java:77)
	at org.jacoco.agent.rt.internal_4742761.core.instr.Instrumenter.instrument(Instrumenter.java:109)
	... 37 more
java.lang.instrument.IllegalClassFormatException: Error while instrumenting jdk/internal/net/http/frame/GoAwayFrame with JaCoCo 0.8.11.202310140853/f33756c.
	at org.jacoco.agent.rt.internal_4742761.CoverageTransformer.transform(CoverageTransformer.java:94)
	at java.instrument/java.lang.instrument.ClassFileTransformer.transform(ClassFileTransformer.java:257)
	at java.instrument/sun.instrument.TransformerManager.transform(TransformerManager.java:188)
	at java.instrument/sun.instrument.InstrumentationImpl.transform(InstrumentationImpl.java:594)
	at java.base/java.lang.ClassLoader.defineClass2(Native Method)
	at java.base/java.lang.ClassLoader.defineClass(ClassLoader.java:1052)
	at java.base/java.security.SecureClassLoader.defineClass(SecureClassLoader.java:164)
	at java.base/jdk.internal.loader.BuiltinClassLoader.defineClass(BuiltinClassLoader.java:735)
	at java.base/jdk.internal.loader.BuiltinClassLoader.findClassInModuleOrNull(BuiltinClassLoader.java:678)
	at java.base/jdk.internal.loader.BuiltinClassLoader.loadClassOrNull(BuiltinClassLoader.java:604)
	at java.base/jdk.internal.loader.BuiltinClassLoader.loadClass(BuiltinClassLoader.java:578)
	at java.base/java.lang.ClassLoader.loadClass(ClassLoader.java:490)
	at java.net.http/jdk.internal.net.http.Http2ClientImpl.getConnectionFor(Http2ClientImpl.java:102)
	at java.net.http/jdk.internal.net.http.ExchangeImpl.get(ExchangeImpl.java:108)
	at java.net.http/jdk.internal.net.http.Exchange.establishExchange(Exchange.java:356)
	at java.net.http/jdk.internal.net.http.Exchange.responseAsyncImpl(Exchange.java:562)
	at java.net.http/jdk.internal.net.http.Exchange.responseAsync(Exchange.java:385)
	at java.net.http/jdk.internal.net.http.MultiExchange.responseAsyncImpl(MultiExchange.java:437)
	at java.net.http/jdk.internal.net.http.MultiExchange.lambda$responseAsync0$0(MultiExchange.java:357)
	at java.base/java.util.concurrent.CompletableFuture$UniCompose.tryFire(CompletableFuture.java:1196)
	at java.base/java.util.concurrent.CompletableFuture.postComplete(CompletableFuture.java:556)
	at java.base/java.util.concurrent.CompletableFuture$AsyncSupply.run(CompletableFuture.java:1819)
	at java.net.http/jdk.internal.net.http.HttpClientImpl$DelegatingExecutor.execute(HttpClientImpl.java:168)
	at java.base/java.util.concurrent.CompletableFuture.completeAsync(CompletableFuture.java:2789)
	at java.net.http/jdk.internal.net.http.MultiExchange.responseAsync(MultiExchange.java:310)
	at java.net.http/jdk.internal.net.http.HttpClientImpl.sendAsync(HttpClientImpl.java:1015)
	at java.net.http/jdk.internal.net.http.HttpClientImpl.send(HttpClientImpl.java:901)
	at java.net.http/jdk.internal.net.http.HttpClientFacade.send(HttpClientFacade.java:133)
	at org.openqa.selenium.remote.http.jdk.JdkHttpClient.execute0(JdkHttpClient.java:459)
	at org.openqa.selenium.remote.http.AddSeleniumUserAgent.lambda$apply$0(AddSeleniumUserAgent.java:42)
	at org.openqa.selenium.remote.http.Filter.lambda$andFinally$1(Filter.java:55)
	at org.openqa.selenium.remote.http.jdk.JdkHttpClient.lambda$executeAsync$2(JdkHttpClient.java:387)
	at java.base/java.util.concurrent.Executors$RunnableAdapter.call(Executors.java:545)
	at java.base/java.util.concurrent.FutureTask.run(FutureTask.java:328)
	at java.base/java.util.concurrent.ThreadPoolExecutor.runWorker(ThreadPoolExecutor.java:1095)
	at java.base/java.util.concurrent.ThreadPoolExecutor$Worker.run(ThreadPoolExecutor.java:619)
	at java.base/java.lang.Thread.run(Thread.java:1447)
Caused by: java.io.IOException: Error while instrumenting jdk/internal/net/http/frame/GoAwayFrame with JaCoCo 0.8.11.202310140853/f33756c.
	at org.jacoco.agent.rt.internal_4742761.core.instr.Instrumenter.instrumentError(Instrumenter.java:161)
	at org.jacoco.agent.rt.internal_4742761.core.instr.Instrumenter.instrument(Instrumenter.java:111)
	at org.jacoco.agent.rt.internal_4742761.CoverageTransformer.transform(CoverageTransformer.java:92)
	... 36 more
Caused by: java.lang.IllegalArgumentException: Unsupported class file major version 68
	at org.jacoco.agent.rt.internal_4742761.asm.ClassReader.<init>(ClassReader.java:200)
	at org.jacoco.agent.rt.internal_4742761.asm.ClassReader.<init>(ClassReader.java:180)
	at org.jacoco.agent.rt.internal_4742761.asm.ClassReader.<init>(ClassReader.java:166)
	at org.jacoco.agent.rt.internal_4742761.core.internal.instr.InstrSupport.classReaderFor(InstrSupport.java:280)
	at org.jacoco.agent.rt.internal_4742761.core.instr.Instrumenter.instrument(Instrumenter.java:77)
	at org.jacoco.agent.rt.internal_4742761.core.instr.Instrumenter.instrument(Instrumenter.java:109)
	... 37 more
java.lang.instrument.IllegalClassFormatException: Error while instrumenting jdk/internal/net/http/frame/ErrorFrame with JaCoCo 0.8.11.202310140853/f33756c.
	at org.jacoco.agent.rt.internal_4742761.CoverageTransformer.transform(CoverageTransformer.java:94)
	at java.instrument/java.lang.instrument.ClassFileTransformer.transform(ClassFileTransformer.java:257)
	at java.instrument/sun.instrument.TransformerManager.transform(TransformerManager.java:188)
	at java.instrument/sun.instrument.InstrumentationImpl.transform(InstrumentationImpl.java:594)
	at java.base/java.lang.ClassLoader.defineClass2(Native Method)
	at java.base/java.lang.ClassLoader.defineClass(ClassLoader.java:1052)
	at java.base/java.security.SecureClassLoader.defineClass(SecureClassLoader.java:164)
	at java.base/jdk.internal.loader.BuiltinClassLoader.defineClass(BuiltinClassLoader.java:735)
	at java.base/jdk.internal.loader.BuiltinClassLoader.findClassInModuleOrNull(BuiltinClassLoader.java:678)
	at java.base/jdk.internal.loader.BuiltinClassLoader.loadClassOrNull(BuiltinClassLoader.java:604)
	at java.base/jdk.internal.loader.BuiltinClassLoader.loadClass(BuiltinClassLoader.java:578)
	at java.base/java.lang.ClassLoader.loadClass(ClassLoader.java:490)
	at java.base/java.lang.ClassLoader.defineClass2(Native Method)
	at java.base/java.lang.ClassLoader.defineClass(ClassLoader.java:1052)
	at java.base/java.security.SecureClassLoader.defineClass(SecureClassLoader.java:164)
	at java.base/jdk.internal.loader.BuiltinClassLoader.defineClass(BuiltinClassLoader.java:735)
	at java.base/jdk.internal.loader.BuiltinClassLoader.findClassInModuleOrNull(BuiltinClassLoader.java:678)
	at java.base/jdk.internal.loader.BuiltinClassLoader.loadClassOrNull(BuiltinClassLoader.java:604)
	at java.base/jdk.internal.loader.BuiltinClassLoader.loadClass(BuiltinClassLoader.java:578)
	at java.base/java.lang.ClassLoader.loadClass(ClassLoader.java:490)
	at java.net.http/jdk.internal.net.http.Http2ClientImpl.getConnectionFor(Http2ClientImpl.java:102)
	at java.net.http/jdk.internal.net.http.ExchangeImpl.get(ExchangeImpl.java:108)
	at java.net.http/jdk.internal.net.http.Exchange.establishExchange(Exchange.java:356)
	at java.net.http/jdk.internal.net.http.Exchange.responseAsyncImpl(Exchange.java:562)
	at java.net.http/jdk.internal.net.http.Exchange.responseAsync(Exchange.java:385)
	at java.net.http/jdk.internal.net.http.MultiExchange.responseAsyncImpl(MultiExchange.java:437)
	at java.net.http/jdk.internal.net.http.MultiExchange.lambda$responseAsync0$0(MultiExchange.java:357)
	at java.base/java.util.concurrent.CompletableFuture$UniCompose.tryFire(CompletableFuture.java:1196)
	at java.base/java.util.concurrent.CompletableFuture.postComplete(CompletableFuture.java:556)
	at java.base/java.util.concurrent.CompletableFuture$AsyncSupply.run(CompletableFuture.java:1819)
	at java.net.http/jdk.internal.net.http.HttpClientImpl$DelegatingExecutor.execute(HttpClientImpl.java:168)
	at java.base/java.util.concurrent.CompletableFuture.completeAsync(CompletableFuture.java:2789)
	at java.net.http/jdk.internal.net.http.MultiExchange.responseAsync(MultiExchange.java:310)
	at java.net.http/jdk.internal.net.http.HttpClientImpl.sendAsync(HttpClientImpl.java:1015)
	at java.net.http/jdk.internal.net.http.HttpClientImpl.send(HttpClientImpl.java:901)
	at java.net.http/jdk.internal.net.http.HttpClientFacade.send(HttpClientFacade.java:133)
	at org.openqa.selenium.remote.http.jdk.JdkHttpClient.execute0(JdkHttpClient.java:459)
	at org.openqa.selenium.remote.http.AddSeleniumUserAgent.lambda$apply$0(AddSeleniumUserAgent.java:42)
	at org.openqa.selenium.remote.http.Filter.lambda$andFinally$1(Filter.java:55)
	at org.openqa.selenium.remote.http.jdk.JdkHttpClient.lambda$executeAsync$2(JdkHttpClient.java:387)
	at java.base/java.util.concurrent.Executors$RunnableAdapter.call(Executors.java:545)
	at java.base/java.util.concurrent.FutureTask.run(FutureTask.java:328)
	at java.base/java.util.concurrent.ThreadPoolExecutor.runWorker(ThreadPoolExecutor.java:1095)
	at java.base/java.util.concurrent.ThreadPoolExecutor$Worker.run(ThreadPoolExecutor.java:619)
	at java.base/java.lang.Thread.run(Thread.java:1447)
Caused by: java.io.IOException: Error while instrumenting jdk/internal/net/http/frame/ErrorFrame with JaCoCo 0.8.11.202310140853/f33756c.
	at org.jacoco.agent.rt.internal_4742761.core.instr.Instrumenter.instrumentError(Instrumenter.java:161)
	at org.jacoco.agent.rt.internal_4742761.core.instr.Instrumenter.instrument(Instrumenter.java:111)
	at org.jacoco.agent.rt.internal_4742761.CoverageTransformer.transform(CoverageTransformer.java:92)
	... 44 more
Caused by: java.lang.IllegalArgumentException: Unsupported class file major version 68
	at org.jacoco.agent.rt.internal_4742761.asm.ClassReader.<init>(ClassReader.java:200)
	at org.jacoco.agent.rt.internal_4742761.asm.ClassReader.<init>(ClassReader.java:180)
	at org.jacoco.agent.rt.internal_4742761.asm.ClassReader.<init>(ClassReader.java:166)
	at org.jacoco.agent.rt.internal_4742761.core.internal.instr.InstrSupport.classReaderFor(InstrSupport.java:280)
	at org.jacoco.agent.rt.internal_4742761.core.instr.Instrumenter.instrument(Instrumenter.java:77)
	at org.jacoco.agent.rt.internal_4742761.core.instr.Instrumenter.instrument(Instrumenter.java:109)
	... 45 more
java.lang.instrument.IllegalClassFormatException: Error while instrumenting jdk/internal/net/http/frame/PingFrame with JaCoCo 0.8.11.202310140853/f33756c.
	at org.jacoco.agent.rt.internal_4742761.CoverageTransformer.transform(CoverageTransformer.java:94)
	at java.instrument/java.lang.instrument.ClassFileTransformer.transform(ClassFileTransformer.java:257)
	at java.instrument/sun.instrument.TransformerManager.transform(TransformerManager.java:188)
	at java.instrument/sun.instrument.InstrumentationImpl.transform(InstrumentationImpl.java:594)
	at java.base/java.lang.ClassLoader.defineClass2(Native Method)
	at java.base/java.lang.ClassLoader.defineClass(ClassLoader.java:1052)
	at java.base/java.security.SecureClassLoader.defineClass(SecureClassLoader.java:164)
	at java.base/jdk.internal.loader.BuiltinClassLoader.defineClass(BuiltinClassLoader.java:735)
	at java.base/jdk.internal.loader.BuiltinClassLoader.findClassInModuleOrNull(BuiltinClassLoader.java:678)
	at java.base/jdk.internal.loader.BuiltinClassLoader.loadClassOrNull(BuiltinClassLoader.java:604)
	at java.base/jdk.internal.loader.BuiltinClassLoader.loadClass(BuiltinClassLoader.java:578)
	at java.base/java.lang.ClassLoader.loadClass(ClassLoader.java:490)
	at java.net.http/jdk.internal.net.http.Http2ClientImpl.getConnectionFor(Http2ClientImpl.java:102)
	at java.net.http/jdk.internal.net.http.ExchangeImpl.get(ExchangeImpl.java:108)
	at java.net.http/jdk.internal.net.http.Exchange.establishExchange(Exchange.java:356)
	at java.net.http/jdk.internal.net.http.Exchange.responseAsyncImpl(Exchange.java:562)
	at java.net.http/jdk.internal.net.http.Exchange.responseAsync(Exchange.java:385)
	at java.net.http/jdk.internal.net.http.MultiExchange.responseAsyncImpl(MultiExchange.java:437)
	at java.net.http/jdk.internal.net.http.MultiExchange.lambda$responseAsync0$0(MultiExchange.java:357)
	at java.base/java.util.concurrent.CompletableFuture$UniCompose.tryFire(CompletableFuture.java:1196)
	at java.base/java.util.concurrent.CompletableFuture.postComplete(CompletableFuture.java:556)
	at java.base/java.util.concurrent.CompletableFuture$AsyncSupply.run(CompletableFuture.java:1819)
	at java.net.http/jdk.internal.net.http.HttpClientImpl$DelegatingExecutor.execute(HttpClientImpl.java:168)
	at java.base/java.util.concurrent.CompletableFuture.completeAsync(CompletableFuture.java:2789)
	at java.net.http/jdk.internal.net.http.MultiExchange.responseAsync(MultiExchange.java:310)
	at java.net.http/jdk.internal.net.http.HttpClientImpl.sendAsync(HttpClientImpl.java:1015)
	at java.net.http/jdk.internal.net.http.HttpClientImpl.send(HttpClientImpl.java:901)
	at java.net.http/jdk.internal.net.http.HttpClientFacade.send(HttpClientFacade.java:133)
	at org.openqa.selenium.remote.http.jdk.JdkHttpClient.execute0(JdkHttpClient.java:459)
	at org.openqa.selenium.remote.http.AddSeleniumUserAgent.lambda$apply$0(AddSeleniumUserAgent.java:42)
	at org.openqa.selenium.remote.http.Filter.lambda$andFinally$1(Filter.java:55)
	at org.openqa.selenium.remote.http.jdk.JdkHttpClient.lambda$executeAsync$2(JdkHttpClient.java:387)
	at java.base/java.util.concurrent.Executors$RunnableAdapter.call(Executors.java:545)
	at java.base/java.util.concurrent.FutureTask.run(FutureTask.java:328)
	at java.base/java.util.concurrent.ThreadPoolExecutor.runWorker(ThreadPoolExecutor.java:1095)
	at java.base/java.util.concurrent.ThreadPoolExecutor$Worker.run(ThreadPoolExecutor.java:619)
	at java.base/java.lang.Thread.run(Thread.java:1447)
Caused by: java.io.IOException: Error while instrumenting jdk/internal/net/http/frame/PingFrame with JaCoCo 0.8.11.202310140853/f33756c.
	at org.jacoco.agent.rt.internal_4742761.core.instr.Instrumenter.instrumentError(Instrumenter.java:161)
	at org.jacoco.agent.rt.internal_4742761.core.instr.Instrumenter.instrument(Instrumenter.java:111)
	at org.jacoco.agent.rt.internal_4742761.CoverageTransformer.transform(CoverageTransformer.java:92)
	... 36 more
Caused by: java.lang.IllegalArgumentException: Unsupported class file major version 68
	at org.jacoco.agent.rt.internal_4742761.asm.ClassReader.<init>(ClassReader.java:200)
	at org.jacoco.agent.rt.internal_4742761.asm.ClassReader.<init>(ClassReader.java:180)
	at org.jacoco.agent.rt.internal_4742761.asm.ClassReader.<init>(ClassReader.java:166)
	at org.jacoco.agent.rt.internal_4742761.core.internal.instr.InstrSupport.classReaderFor(InstrSupport.java:280)
	at org.jacoco.agent.rt.internal_4742761.core.instr.Instrumenter.instrument(Instrumenter.java:77)
	at org.jacoco.agent.rt.internal_4742761.core.instr.Instrumenter.instrument(Instrumenter.java:109)
	... 37 more
java.lang.instrument.IllegalClassFormatException: Error while instrumenting jdk/internal/net/http/frame/HeaderFrame with JaCoCo 0.8.11.202310140853/f33756c.
	at org.jacoco.agent.rt.internal_4742761.CoverageTransformer.transform(CoverageTransformer.java:94)
	at java.instrument/java.lang.instrument.ClassFileTransformer.transform(ClassFileTransformer.java:257)
	at java.instrument/sun.instrument.TransformerManager.transform(TransformerManager.java:188)
	at java.instrument/sun.instrument.InstrumentationImpl.transform(InstrumentationImpl.java:594)
	at java.base/java.lang.ClassLoader.defineClass2(Native Method)
	at java.base/java.lang.ClassLoader.defineClass(ClassLoader.java:1052)
	at java.base/java.security.SecureClassLoader.defineClass(SecureClassLoader.java:164)
	at java.base/jdk.internal.loader.BuiltinClassLoader.defineClass(BuiltinClassLoader.java:735)
	at java.base/jdk.internal.loader.BuiltinClassLoader.findClassInModuleOrNull(BuiltinClassLoader.java:678)
	at java.base/jdk.internal.loader.BuiltinClassLoader.loadClassOrNull(BuiltinClassLoader.java:604)
	at java.base/jdk.internal.loader.BuiltinClassLoader.loadClass(BuiltinClassLoader.java:578)
	at java.base/java.lang.ClassLoader.loadClass(ClassLoader.java:490)
	at java.net.http/jdk.internal.net.http.Http2ClientImpl.getConnectionFor(Http2ClientImpl.java:102)
	at java.net.http/jdk.internal.net.http.ExchangeImpl.get(ExchangeImpl.java:108)
	at java.net.http/jdk.internal.net.http.Exchange.establishExchange(Exchange.java:356)
	at java.net.http/jdk.internal.net.http.Exchange.responseAsyncImpl(Exchange.java:562)
	at java.net.http/jdk.internal.net.http.Exchange.responseAsync(Exchange.java:385)
	at java.net.http/jdk.internal.net.http.MultiExchange.responseAsyncImpl(MultiExchange.java:437)
	at java.net.http/jdk.internal.net.http.MultiExchange.lambda$responseAsync0$0(MultiExchange.java:357)
	at java.base/java.util.concurrent.CompletableFuture$UniCompose.tryFire(CompletableFuture.java:1196)
	at java.base/java.util.concurrent.CompletableFuture.postComplete(CompletableFuture.java:556)
	at java.base/java.util.concurrent.CompletableFuture$AsyncSupply.run(CompletableFuture.java:1819)
	at java.net.http/jdk.internal.net.http.HttpClientImpl$DelegatingExecutor.execute(HttpClientImpl.java:168)
	at java.base/java.util.concurrent.CompletableFuture.completeAsync(CompletableFuture.java:2789)
	at java.net.http/jdk.internal.net.http.MultiExchange.responseAsync(MultiExchange.java:310)
	at java.net.http/jdk.internal.net.http.HttpClientImpl.sendAsync(HttpClientImpl.java:1015)
	at java.net.http/jdk.internal.net.http.HttpClientImpl.send(HttpClientImpl.java:901)
	at java.net.http/jdk.internal.net.http.HttpClientFacade.send(HttpClientFacade.java:133)
	at org.openqa.selenium.remote.http.jdk.JdkHttpClient.execute0(JdkHttpClient.java:459)
	at org.openqa.selenium.remote.http.AddSeleniumUserAgent.lambda$apply$0(AddSeleniumUserAgent.java:42)
	at org.openqa.selenium.remote.http.Filter.lambda$andFinally$1(Filter.java:55)
	at org.openqa.selenium.remote.http.jdk.JdkHttpClient.lambda$executeAsync$2(JdkHttpClient.java:387)
	at java.base/java.util.concurrent.Executors$RunnableAdapter.call(Executors.java:545)
	at java.base/java.util.concurrent.FutureTask.run(FutureTask.java:328)
	at java.base/java.util.concurrent.ThreadPoolExecutor.runWorker(ThreadPoolExecutor.java:1095)
	at java.base/java.util.concurrent.ThreadPoolExecutor$Worker.run(ThreadPoolExecutor.java:619)
	at java.base/java.lang.Thread.run(Thread.java:1447)
Caused by: java.io.IOException: Error while instrumenting jdk/internal/net/http/frame/HeaderFrame with JaCoCo 0.8.11.202310140853/f33756c.
	at org.jacoco.agent.rt.internal_4742761.core.instr.Instrumenter.instrumentError(Instrumenter.java:161)
	at org.jacoco.agent.rt.internal_4742761.core.instr.Instrumenter.instrument(Instrumenter.java:111)
	at org.jacoco.agent.rt.internal_4742761.CoverageTransformer.transform(CoverageTransformer.java:92)
	... 36 more
Caused by: java.lang.IllegalArgumentException: Unsupported class file major version 68
	at org.jacoco.agent.rt.internal_4742761.asm.ClassReader.<init>(ClassReader.java:200)
	at org.jacoco.agent.rt.internal_4742761.asm.ClassReader.<init>(ClassReader.java:180)
	at org.jacoco.agent.rt.internal_4742761.asm.ClassReader.<init>(ClassReader.java:166)
	at org.jacoco.agent.rt.internal_4742761.core.internal.instr.InstrSupport.classReaderFor(InstrSupport.java:280)
	at org.jacoco.agent.rt.internal_4742761.core.instr.Instrumenter.instrument(Instrumenter.java:77)
	at org.jacoco.agent.rt.internal_4742761.core.instr.Instrumenter.instrument(Instrumenter.java:109)
	... 37 more
java.lang.instrument.IllegalClassFormatException: Error while instrumenting jdk/internal/net/http/frame/ContinuationFrame with JaCoCo 0.8.11.202310140853/f33756c.
	at org.jacoco.agent.rt.internal_4742761.CoverageTransformer.transform(CoverageTransformer.java:94)
	at java.instrument/java.lang.instrument.ClassFileTransformer.transform(ClassFileTransformer.java:257)
	at java.instrument/sun.instrument.TransformerManager.transform(TransformerManager.java:188)
	at java.instrument/sun.instrument.InstrumentationImpl.transform(InstrumentationImpl.java:594)
	at java.base/java.lang.ClassLoader.defineClass2(Native Method)
	at java.base/java.lang.ClassLoader.defineClass(ClassLoader.java:1052)
	at java.base/java.security.SecureClassLoader.defineClass(SecureClassLoader.java:164)
	at java.base/jdk.internal.loader.BuiltinClassLoader.defineClass(BuiltinClassLoader.java:735)
	at java.base/jdk.internal.loader.BuiltinClassLoader.findClassInModuleOrNull(BuiltinClassLoader.java:678)
	at java.base/jdk.internal.loader.BuiltinClassLoader.loadClassOrNull(BuiltinClassLoader.java:604)
	at java.base/jdk.internal.loader.BuiltinClassLoader.loadClass(BuiltinClassLoader.java:578)
	at java.base/java.lang.ClassLoader.loadClass(ClassLoader.java:490)
	at java.net.http/jdk.internal.net.http.Http2ClientImpl.getConnectionFor(Http2ClientImpl.java:102)
	at java.net.http/jdk.internal.net.http.ExchangeImpl.get(ExchangeImpl.java:108)
	at java.net.http/jdk.internal.net.http.Exchange.establishExchange(Exchange.java:356)
	at java.net.http/jdk.internal.net.http.Exchange.responseAsyncImpl(Exchange.java:562)
	at java.net.http/jdk.internal.net.http.Exchange.responseAsync(Exchange.java:385)
	at java.net.http/jdk.internal.net.http.MultiExchange.responseAsyncImpl(MultiExchange.java:437)
	at java.net.http/jdk.internal.net.http.MultiExchange.lambda$responseAsync0$0(MultiExchange.java:357)
	at java.base/java.util.concurrent.CompletableFuture$UniCompose.tryFire(CompletableFuture.java:1196)
	at java.base/java.util.concurrent.CompletableFuture.postComplete(CompletableFuture.java:556)
	at java.base/java.util.concurrent.CompletableFuture$AsyncSupply.run(CompletableFuture.java:1819)
	at java.net.http/jdk.internal.net.http.HttpClientImpl$DelegatingExecutor.execute(HttpClientImpl.java:168)
	at java.base/java.util.concurrent.CompletableFuture.completeAsync(CompletableFuture.java:2789)
	at java.net.http/jdk.internal.net.http.MultiExchange.responseAsync(MultiExchange.java:310)
	at java.net.http/jdk.internal.net.http.HttpClientImpl.sendAsync(HttpClientImpl.java:1015)
	at java.net.http/jdk.internal.net.http.HttpClientImpl.send(HttpClientImpl.java:901)
	at java.net.http/jdk.internal.net.http.HttpClientFacade.send(HttpClientFacade.java:133)
	at org.openqa.selenium.remote.http.jdk.JdkHttpClient.execute0(JdkHttpClient.java:459)
	at org.openqa.selenium.remote.http.AddSeleniumUserAgent.lambda$apply$0(AddSeleniumUserAgent.java:42)
	at org.openqa.selenium.remote.http.Filter.lambda$andFinally$1(Filter.java:55)
	at org.openqa.selenium.remote.http.jdk.JdkHttpClient.lambda$executeAsync$2(JdkHttpClient.java:387)
	at java.base/java.util.concurrent.Executors$RunnableAdapter.call(Executors.java:545)
	at java.base/java.util.concurrent.FutureTask.run(FutureTask.java:328)
	at java.base/java.util.concurrent.ThreadPoolExecutor.runWorker(ThreadPoolExecutor.java:1095)
	at java.base/java.util.concurrent.ThreadPoolExecutor$Worker.run(ThreadPoolExecutor.java:619)
	at java.base/java.lang.Thread.run(Thread.java:1447)
Caused by: java.io.IOException: Error while instrumenting jdk/internal/net/http/frame/ContinuationFrame with JaCoCo 0.8.11.202310140853/f33756c.
	at org.jacoco.agent.rt.internal_4742761.core.instr.Instrumenter.instrumentError(Instrumenter.java:161)
	at org.jacoco.agent.rt.internal_4742761.core.instr.Instrumenter.instrument(Instrumenter.java:111)
	at org.jacoco.agent.rt.internal_4742761.CoverageTransformer.transform(CoverageTransformer.java:92)
	... 36 more
Caused by: java.lang.IllegalArgumentException: Unsupported class file major version 68
	at org.jacoco.agent.rt.internal_4742761.asm.ClassReader.<init>(ClassReader.java:200)
	at org.jacoco.agent.rt.internal_4742761.asm.ClassReader.<init>(ClassReader.java:180)
	at org.jacoco.agent.rt.internal_4742761.asm.ClassReader.<init>(ClassReader.java:166)
	at org.jacoco.agent.rt.internal_4742761.core.internal.instr.InstrSupport.classReaderFor(InstrSupport.java:280)
	at org.jacoco.agent.rt.internal_4742761.core.instr.Instrumenter.instrument(Instrumenter.java:77)
	at org.jacoco.agent.rt.internal_4742761.core.instr.Instrumenter.instrument(Instrumenter.java:109)
	... 37 more
java.lang.instrument.IllegalClassFormatException: Error while instrumenting jdk/internal/net/http/hpack/DecodingCallback with JaCoCo 0.8.11.202310140853/f33756c.
	at org.jacoco.agent.rt.internal_4742761.CoverageTransformer.transform(CoverageTransformer.java:94)
	at java.instrument/java.lang.instrument.ClassFileTransformer.transform(ClassFileTransformer.java:257)
	at java.instrument/sun.instrument.TransformerManager.transform(TransformerManager.java:188)
	at java.instrument/sun.instrument.InstrumentationImpl.transform(InstrumentationImpl.java:594)
	at java.base/java.lang.ClassLoader.defineClass2(Native Method)
	at java.base/java.lang.ClassLoader.defineClass(ClassLoader.java:1052)
	at java.base/java.security.SecureClassLoader.defineClass(SecureClassLoader.java:164)
	at java.base/jdk.internal.loader.BuiltinClassLoader.defineClass(BuiltinClassLoader.java:735)
	at java.base/jdk.internal.loader.BuiltinClassLoader.findClassInModuleOrNull(BuiltinClassLoader.java:678)
	at java.base/jdk.internal.loader.BuiltinClassLoader.loadClassOrNull(BuiltinClassLoader.java:604)
	at java.base/jdk.internal.loader.BuiltinClassLoader.loadClass(BuiltinClassLoader.java:578)
	at java.base/java.lang.ClassLoader.loadClass(ClassLoader.java:490)
	at java.net.http/jdk.internal.net.http.Http2ClientImpl.getConnectionFor(Http2ClientImpl.java:102)
	at java.net.http/jdk.internal.net.http.ExchangeImpl.get(ExchangeImpl.java:108)
	at java.net.http/jdk.internal.net.http.Exchange.establishExchange(Exchange.java:356)
	at java.net.http/jdk.internal.net.http.Exchange.responseAsyncImpl(Exchange.java:562)
	at java.net.http/jdk.internal.net.http.Exchange.responseAsync(Exchange.java:385)
	at java.net.http/jdk.internal.net.http.MultiExchange.responseAsyncImpl(MultiExchange.java:437)
	at java.net.http/jdk.internal.net.http.MultiExchange.lambda$responseAsync0$0(MultiExchange.java:357)
	at java.base/java.util.concurrent.CompletableFuture$UniCompose.tryFire(CompletableFuture.java:1196)
	at java.base/java.util.concurrent.CompletableFuture.postComplete(CompletableFuture.java:556)
	at java.base/java.util.concurrent.CompletableFuture$AsyncSupply.run(CompletableFuture.java:1819)
	at java.net.http/jdk.internal.net.http.HttpClientImpl$DelegatingExecutor.execute(HttpClientImpl.java:168)
	at java.base/java.util.concurrent.CompletableFuture.completeAsync(CompletableFuture.java:2789)
	at java.net.http/jdk.internal.net.http.MultiExchange.responseAsync(MultiExchange.java:310)
	at java.net.http/jdk.internal.net.http.HttpClientImpl.sendAsync(HttpClientImpl.java:1015)
	at java.net.http/jdk.internal.net.http.HttpClientImpl.send(HttpClientImpl.java:901)
	at java.net.http/jdk.internal.net.http.HttpClientFacade.send(HttpClientFacade.java:133)
	at org.openqa.selenium.remote.http.jdk.JdkHttpClient.execute0(JdkHttpClient.java:459)
	at org.openqa.selenium.remote.http.AddSeleniumUserAgent.lambda$apply$0(AddSeleniumUserAgent.java:42)
	at org.openqa.selenium.remote.http.Filter.lambda$andFinally$1(Filter.java:55)
	at org.openqa.selenium.remote.http.jdk.JdkHttpClient.lambda$executeAsync$2(JdkHttpClient.java:387)
	at java.base/java.util.concurrent.Executors$RunnableAdapter.call(Executors.java:545)
	at java.base/java.util.concurrent.FutureTask.run(FutureTask.java:328)
	at java.base/java.util.concurrent.ThreadPoolExecutor.runWorker(ThreadPoolExecutor.java:1095)
	at java.base/java.util.concurrent.ThreadPoolExecutor$Worker.run(ThreadPoolExecutor.java:619)
	at java.base/java.lang.Thread.run(Thread.java:1447)
Caused by: java.io.IOException: Error while instrumenting jdk/internal/net/http/hpack/DecodingCallback with JaCoCo 0.8.11.202310140853/f33756c.
	at org.jacoco.agent.rt.internal_4742761.core.instr.Instrumenter.instrumentError(Instrumenter.java:161)
	at org.jacoco.agent.rt.internal_4742761.core.instr.Instrumenter.instrument(Instrumenter.java:111)
	at org.jacoco.agent.rt.internal_4742761.CoverageTransformer.transform(CoverageTransformer.java:92)
	... 36 more
Caused by: java.lang.IllegalArgumentException: Unsupported class file major version 68
	at org.jacoco.agent.rt.internal_4742761.asm.ClassReader.<init>(ClassReader.java:200)
	at org.jacoco.agent.rt.internal_4742761.asm.ClassReader.<init>(ClassReader.java:180)
	at org.jacoco.agent.rt.internal_4742761.asm.ClassReader.<init>(ClassReader.java:166)
	at org.jacoco.agent.rt.internal_4742761.core.internal.instr.InstrSupport.classReaderFor(InstrSupport.java:280)
	at org.jacoco.agent.rt.internal_4742761.core.instr.Instrumenter.instrument(Instrumenter.java:77)
	at org.jacoco.agent.rt.internal_4742761.core.instr.Instrumenter.instrument(Instrumenter.java:109)
	... 37 more
java.lang.instrument.IllegalClassFormatException: Error while instrumenting jdk/internal/net/http/frame/PushPromiseFrame with JaCoCo 0.8.11.202310140853/f33756c.
	at org.jacoco.agent.rt.internal_4742761.CoverageTransformer.transform(CoverageTransformer.java:94)
	at java.instrument/java.lang.instrument.ClassFileTransformer.transform(ClassFileTransformer.java:257)
	at java.instrument/sun.instrument.TransformerManager.transform(TransformerManager.java:188)
	at java.instrument/sun.instrument.InstrumentationImpl.transform(InstrumentationImpl.java:594)
	at java.base/java.lang.ClassLoader.defineClass2(Native Method)
	at java.base/java.lang.ClassLoader.defineClass(ClassLoader.java:1052)
	at java.base/java.security.SecureClassLoader.defineClass(SecureClassLoader.java:164)
	at java.base/jdk.internal.loader.BuiltinClassLoader.defineClass(BuiltinClassLoader.java:735)
	at java.base/jdk.internal.loader.BuiltinClassLoader.findClassInModuleOrNull(BuiltinClassLoader.java:678)
	at java.base/jdk.internal.loader.BuiltinClassLoader.loadClassOrNull(BuiltinClassLoader.java:604)
	at java.base/jdk.internal.loader.BuiltinClassLoader.loadClass(BuiltinClassLoader.java:578)
	at java.base/java.lang.ClassLoader.loadClass(ClassLoader.java:490)
	at java.net.http/jdk.internal.net.http.Http2ClientImpl.getConnectionFor(Http2ClientImpl.java:102)
	at java.net.http/jdk.internal.net.http.ExchangeImpl.get(ExchangeImpl.java:108)
	at java.net.http/jdk.internal.net.http.Exchange.establishExchange(Exchange.java:356)
	at java.net.http/jdk.internal.net.http.Exchange.responseAsyncImpl(Exchange.java:562)
	at java.net.http/jdk.internal.net.http.Exchange.responseAsync(Exchange.java:385)
	at java.net.http/jdk.internal.net.http.MultiExchange.responseAsyncImpl(MultiExchange.java:437)
	at java.net.http/jdk.internal.net.http.MultiExchange.lambda$responseAsync0$0(MultiExchange.java:357)
	at java.base/java.util.concurrent.CompletableFuture$UniCompose.tryFire(CompletableFuture.java:1196)
	at java.base/java.util.concurrent.CompletableFuture.postComplete(CompletableFuture.java:556)
	at java.base/java.util.concurrent.CompletableFuture$AsyncSupply.run(CompletableFuture.java:1819)
	at java.net.http/jdk.internal.net.http.HttpClientImpl$DelegatingExecutor.execute(HttpClientImpl.java:168)
	at java.base/java.util.concurrent.CompletableFuture.completeAsync(CompletableFuture.java:2789)
	at java.net.http/jdk.internal.net.http.MultiExchange.responseAsync(MultiExchange.java:310)
	at java.net.http/jdk.internal.net.http.HttpClientImpl.sendAsync(HttpClientImpl.java:1015)
	at java.net.http/jdk.internal.net.http.HttpClientImpl.send(HttpClientImpl.java:901)
	at java.net.http/jdk.internal.net.http.HttpClientFacade.send(HttpClientFacade.java:133)
	at org.openqa.selenium.remote.http.jdk.JdkHttpClient.execute0(JdkHttpClient.java:459)
	at org.openqa.selenium.remote.http.AddSeleniumUserAgent.lambda$apply$0(AddSeleniumUserAgent.java:42)
	at org.openqa.selenium.remote.http.Filter.lambda$andFinally$1(Filter.java:55)
	at org.openqa.selenium.remote.http.jdk.JdkHttpClient.lambda$executeAsync$2(JdkHttpClient.java:387)
	at java.base/java.util.concurrent.Executors$RunnableAdapter.call(Executors.java:545)
	at java.base/java.util.concurrent.FutureTask.run(FutureTask.java:328)
	at java.base/java.util.concurrent.ThreadPoolExecutor.runWorker(ThreadPoolExecutor.java:1095)
	at java.base/java.util.concurrent.ThreadPoolExecutor$Worker.run(ThreadPoolExecutor.java:619)
	at java.base/java.lang.Thread.run(Thread.java:1447)
Caused by: java.io.IOException: Error while instrumenting jdk/internal/net/http/frame/PushPromiseFrame with JaCoCo 0.8.11.202310140853/f33756c.
	at org.jacoco.agent.rt.internal_4742761.core.instr.Instrumenter.instrumentError(Instrumenter.java:161)
	at org.jacoco.agent.rt.internal_4742761.core.instr.Instrumenter.instrument(Instrumenter.java:111)
	at org.jacoco.agent.rt.internal_4742761.CoverageTransformer.transform(CoverageTransformer.java:92)
	... 36 more
Caused by: java.lang.IllegalArgumentException: Unsupported class file major version 68
	at org.jacoco.agent.rt.internal_4742761.asm.ClassReader.<init>(ClassReader.java:200)
	at org.jacoco.agent.rt.internal_4742761.asm.ClassReader.<init>(ClassReader.java:180)
	at org.jacoco.agent.rt.internal_4742761.asm.ClassReader.<init>(ClassReader.java:166)
	at org.jacoco.agent.rt.internal_4742761.core.internal.instr.InstrSupport.classReaderFor(InstrSupport.java:280)
	at org.jacoco.agent.rt.internal_4742761.core.instr.Instrumenter.instrument(Instrumenter.java:77)
	at org.jacoco.agent.rt.internal_4742761.core.instr.Instrumenter.instrument(Instrumenter.java:109)
	... 37 more
java.lang.instrument.IllegalClassFormatException: Error while instrumenting jdk/internal/net/http/Stream$PushedStream with JaCoCo 0.8.11.202310140853/f33756c.
	at org.jacoco.agent.rt.internal_4742761.CoverageTransformer.transform(CoverageTransformer.java:94)
	at java.instrument/java.lang.instrument.ClassFileTransformer.transform(ClassFileTransformer.java:257)
	at java.instrument/sun.instrument.TransformerManager.transform(TransformerManager.java:188)
	at java.instrument/sun.instrument.InstrumentationImpl.transform(InstrumentationImpl.java:594)
	at java.base/java.lang.ClassLoader.defineClass2(Native Method)
	at java.base/java.lang.ClassLoader.defineClass(ClassLoader.java:1052)
	at java.base/java.security.SecureClassLoader.defineClass(SecureClassLoader.java:164)
	at java.base/jdk.internal.loader.BuiltinClassLoader.defineClass(BuiltinClassLoader.java:735)
	at java.base/jdk.internal.loader.BuiltinClassLoader.findClassInModuleOrNull(BuiltinClassLoader.java:678)
	at java.base/jdk.internal.loader.BuiltinClassLoader.loadClassOrNull(BuiltinClassLoader.java:604)
	at java.base/jdk.internal.loader.BuiltinClassLoader.loadClass(BuiltinClassLoader.java:578)
	at java.base/java.lang.ClassLoader.loadClass(ClassLoader.java:490)
	at java.net.http/jdk.internal.net.http.Http2ClientImpl.getConnectionFor(Http2ClientImpl.java:102)
	at java.net.http/jdk.internal.net.http.ExchangeImpl.get(ExchangeImpl.java:108)
	at java.net.http/jdk.internal.net.http.Exchange.establishExchange(Exchange.java:356)
	at java.net.http/jdk.internal.net.http.Exchange.responseAsyncImpl(Exchange.java:562)
	at java.net.http/jdk.internal.net.http.Exchange.responseAsync(Exchange.java:385)
	at java.net.http/jdk.internal.net.http.MultiExchange.responseAsyncImpl(MultiExchange.java:437)
	at java.net.http/jdk.internal.net.http.MultiExchange.lambda$responseAsync0$0(MultiExchange.java:357)
	at java.base/java.util.concurrent.CompletableFuture$UniCompose.tryFire(CompletableFuture.java:1196)
	at java.base/java.util.concurrent.CompletableFuture.postComplete(CompletableFuture.java:556)
	at java.base/java.util.concurrent.CompletableFuture$AsyncSupply.run(CompletableFuture.java:1819)
	at java.net.http/jdk.internal.net.http.HttpClientImpl$DelegatingExecutor.execute(HttpClientImpl.java:168)
	at java.base/java.util.concurrent.CompletableFuture.completeAsync(CompletableFuture.java:2789)
	at java.net.http/jdk.internal.net.http.MultiExchange.responseAsync(MultiExchange.java:310)
	at java.net.http/jdk.internal.net.http.HttpClientImpl.sendAsync(HttpClientImpl.java:1015)
	at java.net.http/jdk.internal.net.http.HttpClientImpl.send(HttpClientImpl.java:901)
	at java.net.http/jdk.internal.net.http.HttpClientFacade.send(HttpClientFacade.java:133)
	at org.openqa.selenium.remote.http.jdk.JdkHttpClient.execute0(JdkHttpClient.java:459)
	at org.openqa.selenium.remote.http.AddSeleniumUserAgent.lambda$apply$0(AddSeleniumUserAgent.java:42)
	at org.openqa.selenium.remote.http.Filter.lambda$andFinally$1(Filter.java:55)
	at org.openqa.selenium.remote.http.jdk.JdkHttpClient.lambda$executeAsync$2(JdkHttpClient.java:387)
	at java.base/java.util.concurrent.Executors$RunnableAdapter.call(Executors.java:545)
	at java.base/java.util.concurrent.FutureTask.run(FutureTask.java:328)
	at java.base/java.util.concurrent.ThreadPoolExecutor.runWorker(ThreadPoolExecutor.java:1095)
	at java.base/java.util.concurrent.ThreadPoolExecutor$Worker.run(ThreadPoolExecutor.java:619)
	at java.base/java.lang.Thread.run(Thread.java:1447)
Caused by: java.io.IOException: Error while instrumenting jdk/internal/net/http/Stream$PushedStream with JaCoCo 0.8.11.202310140853/f33756c.
	at org.jacoco.agent.rt.internal_4742761.core.instr.Instrumenter.instrumentError(Instrumenter.java:161)
	at org.jacoco.agent.rt.internal_4742761.core.instr.Instrumenter.instrument(Instrumenter.java:111)
	at org.jacoco.agent.rt.internal_4742761.CoverageTransformer.transform(CoverageTransformer.java:92)
	... 36 more
Caused by: java.lang.IllegalArgumentException: Unsupported class file major version 68
	at org.jacoco.agent.rt.internal_4742761.asm.ClassReader.<init>(ClassReader.java:200)
	at org.jacoco.agent.rt.internal_4742761.asm.ClassReader.<init>(ClassReader.java:180)
	at org.jacoco.agent.rt.internal_4742761.asm.ClassReader.<init>(ClassReader.java:166)
	at org.jacoco.agent.rt.internal_4742761.core.internal.instr.InstrSupport.classReaderFor(InstrSupport.java:280)
	at org.jacoco.agent.rt.internal_4742761.core.instr.Instrumenter.instrument(Instrumenter.java:77)
	at org.jacoco.agent.rt.internal_4742761.core.instr.Instrumenter.instrument(Instrumenter.java:109)
	... 37 more
java.lang.instrument.IllegalClassFormatException: Error while instrumenting jdk/internal/net/http/frame/SettingsFrame with JaCoCo 0.8.11.202310140853/f33756c.
	at org.jacoco.agent.rt.internal_4742761.CoverageTransformer.transform(CoverageTransformer.java:94)
	at java.instrument/java.lang.instrument.ClassFileTransformer.transform(ClassFileTransformer.java:257)
	at java.instrument/sun.instrument.TransformerManager.transform(TransformerManager.java:188)
	at java.instrument/sun.instrument.InstrumentationImpl.transform(InstrumentationImpl.java:594)
	at java.base/java.lang.ClassLoader.defineClass2(Native Method)
	at java.base/java.lang.ClassLoader.defineClass(ClassLoader.java:1052)
	at java.base/java.security.SecureClassLoader.defineClass(SecureClassLoader.java:164)
	at java.base/jdk.internal.loader.BuiltinClassLoader.defineClass(BuiltinClassLoader.java:735)
	at java.base/jdk.internal.loader.BuiltinClassLoader.findClassInModuleOrNull(BuiltinClassLoader.java:678)
	at java.base/jdk.internal.loader.BuiltinClassLoader.loadClassOrNull(BuiltinClassLoader.java:604)
	at java.base/jdk.internal.loader.BuiltinClassLoader.loadClass(BuiltinClassLoader.java:578)
	at java.base/java.lang.ClassLoader.loadClass(ClassLoader.java:490)
	at java.net.http/jdk.internal.net.http.Http2ClientImpl.getConnectionFor(Http2ClientImpl.java:102)
	at java.net.http/jdk.internal.net.http.ExchangeImpl.get(ExchangeImpl.java:108)
	at java.net.http/jdk.internal.net.http.Exchange.establishExchange(Exchange.java:356)
	at java.net.http/jdk.internal.net.http.Exchange.responseAsyncImpl(Exchange.java:562)
	at java.net.http/jdk.internal.net.http.Exchange.responseAsync(Exchange.java:385)
	at java.net.http/jdk.internal.net.http.MultiExchange.responseAsyncImpl(MultiExchange.java:437)
	at java.net.http/jdk.internal.net.http.MultiExchange.lambda$responseAsync0$0(MultiExchange.java:357)
	at java.base/java.util.concurrent.CompletableFuture$UniCompose.tryFire(CompletableFuture.java:1196)
	at java.base/java.util.concurrent.CompletableFuture.postComplete(CompletableFuture.java:556)
	at java.base/java.util.concurrent.CompletableFuture$AsyncSupply.run(CompletableFuture.java:1819)
	at java.net.http/jdk.internal.net.http.HttpClientImpl$DelegatingExecutor.execute(HttpClientImpl.java:168)
	at java.base/java.util.concurrent.CompletableFuture.completeAsync(CompletableFuture.java:2789)
	at java.net.http/jdk.internal.net.http.MultiExchange.responseAsync(MultiExchange.java:310)
	at java.net.http/jdk.internal.net.http.HttpClientImpl.sendAsync(HttpClientImpl.java:1015)
	at java.net.http/jdk.internal.net.http.HttpClientImpl.send(HttpClientImpl.java:901)
	at java.net.http/jdk.internal.net.http.HttpClientFacade.send(HttpClientFacade.java:133)
	at org.openqa.selenium.remote.http.jdk.JdkHttpClient.execute0(JdkHttpClient.java:459)
	at org.openqa.selenium.remote.http.AddSeleniumUserAgent.lambda$apply$0(AddSeleniumUserAgent.java:42)
	at org.openqa.selenium.remote.http.Filter.lambda$andFinally$1(Filter.java:55)
	at org.openqa.selenium.remote.http.jdk.JdkHttpClient.lambda$executeAsync$2(JdkHttpClient.java:387)
	at java.base/java.util.concurrent.Executors$RunnableAdapter.call(Executors.java:545)
	at java.base/java.util.concurrent.FutureTask.run(FutureTask.java:328)
	at java.base/java.util.concurrent.ThreadPoolExecutor.runWorker(ThreadPoolExecutor.java:1095)
	at java.base/java.util.concurrent.ThreadPoolExecutor$Worker.run(ThreadPoolExecutor.java:619)
	at java.base/java.lang.Thread.run(Thread.java:1447)
Caused by: java.io.IOException: Error while instrumenting jdk/internal/net/http/frame/SettingsFrame with JaCoCo 0.8.11.202310140853/f33756c.
	at org.jacoco.agent.rt.internal_4742761.core.instr.Instrumenter.instrumentError(Instrumenter.java:161)
	at org.jacoco.agent.rt.internal_4742761.core.instr.Instrumenter.instrument(Instrumenter.java:111)
	at org.jacoco.agent.rt.internal_4742761.CoverageTransformer.transform(CoverageTransformer.java:92)
	... 36 more
Caused by: java.lang.IllegalArgumentException: Unsupported class file major version 68
	at org.jacoco.agent.rt.internal_4742761.asm.ClassReader.<init>(ClassReader.java:200)
	at org.jacoco.agent.rt.internal_4742761.asm.ClassReader.<init>(ClassReader.java:180)
	at org.jacoco.agent.rt.internal_4742761.asm.ClassReader.<init>(ClassReader.java:166)
	at org.jacoco.agent.rt.internal_4742761.core.internal.instr.InstrSupport.classReaderFor(InstrSupport.java:280)
	at org.jacoco.agent.rt.internal_4742761.core.instr.Instrumenter.instrument(Instrumenter.java:77)
	at org.jacoco.agent.rt.internal_4742761.core.instr.Instrumenter.instrument(Instrumenter.java:109)
	... 37 more
java.lang.instrument.IllegalClassFormatException: Error while instrumenting jdk/internal/net/http/frame/HeadersFrame with JaCoCo 0.8.11.202310140853/f33756c.
	at org.jacoco.agent.rt.internal_4742761.CoverageTransformer.transform(CoverageTransformer.java:94)
	at java.instrument/java.lang.instrument.ClassFileTransformer.transform(ClassFileTransformer.java:257)
	at java.instrument/sun.instrument.TransformerManager.transform(TransformerManager.java:188)
	at java.instrument/sun.instrument.InstrumentationImpl.transform(InstrumentationImpl.java:594)
	at java.base/java.lang.ClassLoader.defineClass2(Native Method)
	at java.base/java.lang.ClassLoader.defineClass(ClassLoader.java:1052)
	at java.base/java.security.SecureClassLoader.defineClass(SecureClassLoader.java:164)
	at java.base/jdk.internal.loader.BuiltinClassLoader.defineClass(BuiltinClassLoader.java:735)
	at java.base/jdk.internal.loader.BuiltinClassLoader.findClassInModuleOrNull(BuiltinClassLoader.java:678)
	at java.base/jdk.internal.loader.BuiltinClassLoader.loadClassOrNull(BuiltinClassLoader.java:604)
	at java.base/jdk.internal.loader.BuiltinClassLoader.loadClass(BuiltinClassLoader.java:578)
	at java.base/java.lang.ClassLoader.loadClass(ClassLoader.java:490)
	at java.net.http/jdk.internal.net.http.Http2ClientImpl.getConnectionFor(Http2ClientImpl.java:102)
	at java.net.http/jdk.internal.net.http.ExchangeImpl.get(ExchangeImpl.java:108)
	at java.net.http/jdk.internal.net.http.Exchange.establishExchange(Exchange.java:356)
	at java.net.http/jdk.internal.net.http.Exchange.responseAsyncImpl(Exchange.java:562)
	at java.net.http/jdk.internal.net.http.Exchange.responseAsync(Exchange.java:385)
	at java.net.http/jdk.internal.net.http.MultiExchange.responseAsyncImpl(MultiExchange.java:437)
	at java.net.http/jdk.internal.net.http.MultiExchange.lambda$responseAsync0$0(MultiExchange.java:357)
	at java.base/java.util.concurrent.CompletableFuture$UniCompose.tryFire(CompletableFuture.java:1196)
	at java.base/java.util.concurrent.CompletableFuture.postComplete(CompletableFuture.java:556)
	at java.base/java.util.concurrent.CompletableFuture$AsyncSupply.run(CompletableFuture.java:1819)
	at java.net.http/jdk.internal.net.http.HttpClientImpl$DelegatingExecutor.execute(HttpClientImpl.java:168)
	at java.base/java.util.concurrent.CompletableFuture.completeAsync(CompletableFuture.java:2789)
	at java.net.http/jdk.internal.net.http.MultiExchange.responseAsync(MultiExchange.java:310)
	at java.net.http/jdk.internal.net.http.HttpClientImpl.sendAsync(HttpClientImpl.java:1015)
	at java.net.http/jdk.internal.net.http.HttpClientImpl.send(HttpClientImpl.java:901)
	at java.net.http/jdk.internal.net.http.HttpClientFacade.send(HttpClientFacade.java:133)
	at org.openqa.selenium.remote.http.jdk.JdkHttpClient.execute0(JdkHttpClient.java:459)
	at org.openqa.selenium.remote.http.AddSeleniumUserAgent.lambda$apply$0(AddSeleniumUserAgent.java:42)
	at org.openqa.selenium.remote.http.Filter.lambda$andFinally$1(Filter.java:55)
	at org.openqa.selenium.remote.http.jdk.JdkHttpClient.lambda$executeAsync$2(JdkHttpClient.java:387)
	at java.base/java.util.concurrent.Executors$RunnableAdapter.call(Executors.java:545)
	at java.base/java.util.concurrent.FutureTask.run(FutureTask.java:328)
	at java.base/java.util.concurrent.ThreadPoolExecutor.runWorker(ThreadPoolExecutor.java:1095)
	at java.base/java.util.concurrent.ThreadPoolExecutor$Worker.run(ThreadPoolExecutor.java:619)
	at java.base/java.lang.Thread.run(Thread.java:1447)
Caused by: java.io.IOException: Error while instrumenting jdk/internal/net/http/frame/HeadersFrame with JaCoCo 0.8.11.202310140853/f33756c.
	at org.jacoco.agent.rt.internal_4742761.core.instr.Instrumenter.instrumentError(Instrumenter.java:161)
	at org.jacoco.agent.rt.internal_4742761.core.instr.Instrumenter.instrument(Instrumenter.java:111)
	at org.jacoco.agent.rt.internal_4742761.CoverageTransformer.transform(CoverageTransformer.java:92)
	... 36 more
Caused by: java.lang.IllegalArgumentException: Unsupported class file major version 68
	at org.jacoco.agent.rt.internal_4742761.asm.ClassReader.<init>(ClassReader.java:200)
	at org.jacoco.agent.rt.internal_4742761.asm.ClassReader.<init>(ClassReader.java:180)
	at org.jacoco.agent.rt.internal_4742761.asm.ClassReader.<init>(ClassReader.java:166)
	at org.jacoco.agent.rt.internal_4742761.core.internal.instr.InstrSupport.classReaderFor(InstrSupport.java:280)
	at org.jacoco.agent.rt.internal_4742761.core.instr.Instrumenter.instrument(Instrumenter.java:77)
	at org.jacoco.agent.rt.internal_4742761.core.instr.Instrumenter.instrument(Instrumenter.java:109)
	... 37 more
java.lang.instrument.IllegalClassFormatException: Error while instrumenting jdk/internal/net/http/Http2Connection$ALPNException with JaCoCo 0.8.11.202310140853/f33756c.
	at org.jacoco.agent.rt.internal_4742761.CoverageTransformer.transform(CoverageTransformer.java:94)
	at java.instrument/java.lang.instrument.ClassFileTransformer.transform(ClassFileTransformer.java:257)
	at java.instrument/sun.instrument.TransformerManager.transform(TransformerManager.java:188)
	at java.instrument/sun.instrument.InstrumentationImpl.transform(InstrumentationImpl.java:594)
	at java.base/java.lang.ClassLoader.defineClass2(Native Method)
	at java.base/java.lang.ClassLoader.defineClass(ClassLoader.java:1052)
	at java.base/java.security.SecureClassLoader.defineClass(SecureClassLoader.java:164)
	at java.base/jdk.internal.loader.BuiltinClassLoader.defineClass(BuiltinClassLoader.java:735)
	at java.base/jdk.internal.loader.BuiltinClassLoader.findClassInModuleOrNull(BuiltinClassLoader.java:678)
	at java.base/jdk.internal.loader.BuiltinClassLoader.loadClassOrNull(BuiltinClassLoader.java:604)
	at java.base/jdk.internal.loader.BuiltinClassLoader.loadClass(BuiltinClassLoader.java:578)
	at java.base/java.lang.ClassLoader.loadClass(ClassLoader.java:490)
	at java.net.http/jdk.internal.net.http.Http2ClientImpl.getConnectionFor(Http2ClientImpl.java:102)
	at java.net.http/jdk.internal.net.http.ExchangeImpl.get(ExchangeImpl.java:108)
	at java.net.http/jdk.internal.net.http.Exchange.establishExchange(Exchange.java:356)
	at java.net.http/jdk.internal.net.http.Exchange.responseAsyncImpl(Exchange.java:562)
	at java.net.http/jdk.internal.net.http.Exchange.responseAsync(Exchange.java:385)
	at java.net.http/jdk.internal.net.http.MultiExchange.responseAsyncImpl(MultiExchange.java:437)
	at java.net.http/jdk.internal.net.http.MultiExchange.lambda$responseAsync0$0(MultiExchange.java:357)
	at java.base/java.util.concurrent.CompletableFuture$UniCompose.tryFire(CompletableFuture.java:1196)
	at java.base/java.util.concurrent.CompletableFuture.postComplete(CompletableFuture.java:556)
	at java.base/java.util.concurrent.CompletableFuture$AsyncSupply.run(CompletableFuture.java:1819)
	at java.net.http/jdk.internal.net.http.HttpClientImpl$DelegatingExecutor.execute(HttpClientImpl.java:168)
	at java.base/java.util.concurrent.CompletableFuture.completeAsync(CompletableFuture.java:2789)
	at java.net.http/jdk.internal.net.http.MultiExchange.responseAsync(MultiExchange.java:310)
	at java.net.http/jdk.internal.net.http.HttpClientImpl.sendAsync(HttpClientImpl.java:1015)
	at java.net.http/jdk.internal.net.http.HttpClientImpl.send(HttpClientImpl.java:901)
	at java.net.http/jdk.internal.net.http.HttpClientFacade.send(HttpClientFacade.java:133)
	at org.openqa.selenium.remote.http.jdk.JdkHttpClient.execute0(JdkHttpClient.java:459)
	at org.openqa.selenium.remote.http.AddSeleniumUserAgent.lambda$apply$0(AddSeleniumUserAgent.java:42)
	at org.openqa.selenium.remote.http.Filter.lambda$andFinally$1(Filter.java:55)
	at org.openqa.selenium.remote.http.jdk.JdkHttpClient.lambda$executeAsync$2(JdkHttpClient.java:387)
	at java.base/java.util.concurrent.Executors$RunnableAdapter.call(Executors.java:545)
	at java.base/java.util.concurrent.FutureTask.run(FutureTask.java:328)
	at java.base/java.util.concurrent.ThreadPoolExecutor.runWorker(ThreadPoolExecutor.java:1095)
	at java.base/java.util.concurrent.ThreadPoolExecutor$Worker.run(ThreadPoolExecutor.java:619)
	at java.base/java.lang.Thread.run(Thread.java:1447)
Caused by: java.io.IOException: Error while instrumenting jdk/internal/net/http/Http2Connection$ALPNException with JaCoCo 0.8.11.202310140853/f33756c.
	at org.jacoco.agent.rt.internal_4742761.core.instr.Instrumenter.instrumentError(Instrumenter.java:161)
	at org.jacoco.agent.rt.internal_4742761.core.instr.Instrumenter.instrument(Instrumenter.java:111)
	at org.jacoco.agent.rt.internal_4742761.CoverageTransformer.transform(CoverageTransformer.java:92)
	... 36 more
Caused by: java.lang.IllegalArgumentException: Unsupported class file major version 68
	at org.jacoco.agent.rt.internal_4742761.asm.ClassReader.<init>(ClassReader.java:200)
	at org.jacoco.agent.rt.internal_4742761.asm.ClassReader.<init>(ClassReader.java:180)
	at org.jacoco.agent.rt.internal_4742761.asm.ClassReader.<init>(ClassReader.java:166)
	at org.jacoco.agent.rt.internal_4742761.core.internal.instr.InstrSupport.classReaderFor(InstrSupport.java:280)
	at org.jacoco.agent.rt.internal_4742761.core.instr.Instrumenter.instrument(Instrumenter.java:77)
	at org.jacoco.agent.rt.internal_4742761.core.instr.Instrumenter.instrument(Instrumenter.java:109)
	... 37 more
java.lang.instrument.IllegalClassFormatException: Error while instrumenting jdk/internal/net/http/frame/DataFrame with JaCoCo 0.8.11.202310140853/f33756c.
	at org.jacoco.agent.rt.internal_4742761.CoverageTransformer.transform(CoverageTransformer.java:94)
	at java.instrument/java.lang.instrument.ClassFileTransformer.transform(ClassFileTransformer.java:257)
	at java.instrument/sun.instrument.TransformerManager.transform(TransformerManager.java:188)
	at java.instrument/sun.instrument.InstrumentationImpl.transform(InstrumentationImpl.java:594)
	at java.base/java.lang.ClassLoader.defineClass2(Native Method)
	at java.base/java.lang.ClassLoader.defineClass(ClassLoader.java:1052)
	at java.base/java.security.SecureClassLoader.defineClass(SecureClassLoader.java:164)
	at java.base/jdk.internal.loader.BuiltinClassLoader.defineClass(BuiltinClassLoader.java:735)
	at java.base/jdk.internal.loader.BuiltinClassLoader.findClassInModuleOrNull(BuiltinClassLoader.java:678)
	at java.base/jdk.internal.loader.BuiltinClassLoader.loadClassOrNull(BuiltinClassLoader.java:604)
	at java.base/jdk.internal.loader.BuiltinClassLoader.loadClass(BuiltinClassLoader.java:578)
	at java.base/java.lang.ClassLoader.loadClass(ClassLoader.java:490)
	at java.net.http/jdk.internal.net.http.Http2ClientImpl.getConnectionFor(Http2ClientImpl.java:102)
	at java.net.http/jdk.internal.net.http.ExchangeImpl.get(ExchangeImpl.java:108)
	at java.net.http/jdk.internal.net.http.Exchange.establishExchange(Exchange.java:356)
	at java.net.http/jdk.internal.net.http.Exchange.responseAsyncImpl(Exchange.java:562)
	at java.net.http/jdk.internal.net.http.Exchange.responseAsync(Exchange.java:385)
	at java.net.http/jdk.internal.net.http.MultiExchange.responseAsyncImpl(MultiExchange.java:437)
	at java.net.http/jdk.internal.net.http.MultiExchange.lambda$responseAsync0$0(MultiExchange.java:357)
	at java.base/java.util.concurrent.CompletableFuture$UniCompose.tryFire(CompletableFuture.java:1196)
	at java.base/java.util.concurrent.CompletableFuture.postComplete(CompletableFuture.java:556)
	at java.base/java.util.concurrent.CompletableFuture$AsyncSupply.run(CompletableFuture.java:1819)
	at java.net.http/jdk.internal.net.http.HttpClientImpl$DelegatingExecutor.execute(HttpClientImpl.java:168)
	at java.base/java.util.concurrent.CompletableFuture.completeAsync(CompletableFuture.java:2789)
	at java.net.http/jdk.internal.net.http.MultiExchange.responseAsync(MultiExchange.java:310)
	at java.net.http/jdk.internal.net.http.HttpClientImpl.sendAsync(HttpClientImpl.java:1015)
	at java.net.http/jdk.internal.net.http.HttpClientImpl.send(HttpClientImpl.java:901)
	at java.net.http/jdk.internal.net.http.HttpClientFacade.send(HttpClientFacade.java:133)
	at org.openqa.selenium.remote.http.jdk.JdkHttpClient.execute0(JdkHttpClient.java:459)
	at org.openqa.selenium.remote.http.AddSeleniumUserAgent.lambda$apply$0(AddSeleniumUserAgent.java:42)
	at org.openqa.selenium.remote.http.Filter.lambda$andFinally$1(Filter.java:55)
	at org.openqa.selenium.remote.http.jdk.JdkHttpClient.lambda$executeAsync$2(JdkHttpClient.java:387)
	at java.base/java.util.concurrent.Executors$RunnableAdapter.call(Executors.java:545)
	at java.base/java.util.concurrent.FutureTask.run(FutureTask.java:328)
	at java.base/java.util.concurrent.ThreadPoolExecutor.runWorker(ThreadPoolExecutor.java:1095)
	at java.base/java.util.concurrent.ThreadPoolExecutor$Worker.run(ThreadPoolExecutor.java:619)
	at java.base/java.lang.Thread.run(Thread.java:1447)
Caused by: java.io.IOException: Error while instrumenting jdk/internal/net/http/frame/DataFrame with JaCoCo 0.8.11.202310140853/f33756c.
	at org.jacoco.agent.rt.internal_4742761.core.instr.Instrumenter.instrumentError(Instrumenter.java:161)
	at org.jacoco.agent.rt.internal_4742761.core.instr.Instrumenter.instrument(Instrumenter.java:111)
	at org.jacoco.agent.rt.internal_4742761.CoverageTransformer.transform(CoverageTransformer.java:92)
	... 36 more
Caused by: java.lang.IllegalArgumentException: Unsupported class file major version 68
	at org.jacoco.agent.rt.internal_4742761.asm.ClassReader.<init>(ClassReader.java:200)
	at org.jacoco.agent.rt.internal_4742761.asm.ClassReader.<init>(ClassReader.java:180)
	at org.jacoco.agent.rt.internal_4742761.asm.ClassReader.<init>(ClassReader.java:166)
	at org.jacoco.agent.rt.internal_4742761.core.internal.instr.InstrSupport.classReaderFor(InstrSupport.java:280)
	at org.jacoco.agent.rt.internal_4742761.core.instr.Instrumenter.instrument(Instrumenter.java:77)
	at org.jacoco.agent.rt.internal_4742761.core.instr.Instrumenter.instrument(Instrumenter.java:109)
	... 37 more
java.lang.instrument.IllegalClassFormatException: Error while instrumenting jdk/internal/net/http/frame/ResetFrame with JaCoCo 0.8.11.202310140853/f33756c.
	at org.jacoco.agent.rt.internal_4742761.CoverageTransformer.transform(CoverageTransformer.java:94)
	at java.instrument/java.lang.instrument.ClassFileTransformer.transform(ClassFileTransformer.java:257)
	at java.instrument/sun.instrument.TransformerManager.transform(TransformerManager.java:188)
	at java.instrument/sun.instrument.InstrumentationImpl.transform(InstrumentationImpl.java:594)
	at java.base/java.lang.ClassLoader.defineClass2(Native Method)
	at java.base/java.lang.ClassLoader.defineClass(ClassLoader.java:1052)
	at java.base/java.security.SecureClassLoader.defineClass(SecureClassLoader.java:164)
	at java.base/jdk.internal.loader.BuiltinClassLoader.defineClass(BuiltinClassLoader.java:735)
	at java.base/jdk.internal.loader.BuiltinClassLoader.findClassInModuleOrNull(BuiltinClassLoader.java:678)
	at java.base/jdk.internal.loader.BuiltinClassLoader.loadClassOrNull(BuiltinClassLoader.java:604)
	at java.base/jdk.internal.loader.BuiltinClassLoader.loadClass(BuiltinClassLoader.java:578)
	at java.base/java.lang.ClassLoader.loadClass(ClassLoader.java:490)
	at java.net.http/jdk.internal.net.http.Http2ClientImpl.getConnectionFor(Http2ClientImpl.java:102)
	at java.net.http/jdk.internal.net.http.ExchangeImpl.get(ExchangeImpl.java:108)
	at java.net.http/jdk.internal.net.http.Exchange.establishExchange(Exchange.java:356)
	at java.net.http/jdk.internal.net.http.Exchange.responseAsyncImpl(Exchange.java:562)
	at java.net.http/jdk.internal.net.http.Exchange.responseAsync(Exchange.java:385)
	at java.net.http/jdk.internal.net.http.MultiExchange.responseAsyncImpl(MultiExchange.java:437)
	at java.net.http/jdk.internal.net.http.MultiExchange.lambda$responseAsync0$0(MultiExchange.java:357)
	at java.base/java.util.concurrent.CompletableFuture$UniCompose.tryFire(CompletableFuture.java:1196)
	at java.base/java.util.concurrent.CompletableFuture.postComplete(CompletableFuture.java:556)
	at java.base/java.util.concurrent.CompletableFuture$AsyncSupply.run(CompletableFuture.java:1819)
	at java.net.http/jdk.internal.net.http.HttpClientImpl$DelegatingExecutor.execute(HttpClientImpl.java:168)
	at java.base/java.util.concurrent.CompletableFuture.completeAsync(CompletableFuture.java:2789)
	at java.net.http/jdk.internal.net.http.MultiExchange.responseAsync(MultiExchange.java:310)
	at java.net.http/jdk.internal.net.http.HttpClientImpl.sendAsync(HttpClientImpl.java:1015)
	at java.net.http/jdk.internal.net.http.HttpClientImpl.send(HttpClientImpl.java:901)
	at java.net.http/jdk.internal.net.http.HttpClientFacade.send(HttpClientFacade.java:133)
	at org.openqa.selenium.remote.http.jdk.JdkHttpClient.execute0(JdkHttpClient.java:459)
	at org.openqa.selenium.remote.http.AddSeleniumUserAgent.lambda$apply$0(AddSeleniumUserAgent.java:42)
	at org.openqa.selenium.remote.http.Filter.lambda$andFinally$1(Filter.java:55)
	at org.openqa.selenium.remote.http.jdk.JdkHttpClient.lambda$executeAsync$2(JdkHttpClient.java:387)
	at java.base/java.util.concurrent.Executors$RunnableAdapter.call(Executors.java:545)
	at java.base/java.util.concurrent.FutureTask.run(FutureTask.java:328)
	at java.base/java.util.concurrent.ThreadPoolExecutor.runWorker(ThreadPoolExecutor.java:1095)
	at java.base/java.util.concurrent.ThreadPoolExecutor$Worker.run(ThreadPoolExecutor.java:619)
	at java.base/java.lang.Thread.run(Thread.java:1447)
Caused by: java.io.IOException: Error while instrumenting jdk/internal/net/http/frame/ResetFrame with JaCoCo 0.8.11.202310140853/f33756c.
	at org.jacoco.agent.rt.internal_4742761.core.instr.Instrumenter.instrumentError(Instrumenter.java:161)
	at org.jacoco.agent.rt.internal_4742761.core.instr.Instrumenter.instrument(Instrumenter.java:111)
	at org.jacoco.agent.rt.internal_4742761.CoverageTransformer.transform(CoverageTransformer.java:92)
	... 36 more
Caused by: java.lang.IllegalArgumentException: Unsupported class file major version 68
	at org.jacoco.agent.rt.internal_4742761.asm.ClassReader.<init>(ClassReader.java:200)
	at org.jacoco.agent.rt.internal_4742761.asm.ClassReader.<init>(ClassReader.java:180)
	at org.jacoco.agent.rt.internal_4742761.asm.ClassReader.<init>(ClassReader.java:166)
	at org.jacoco.agent.rt.internal_4742761.core.internal.instr.InstrSupport.classReaderFor(InstrSupport.java:280)
	at org.jacoco.agent.rt.internal_4742761.core.instr.Instrumenter.instrument(Instrumenter.java:77)
	at org.jacoco.agent.rt.internal_4742761.core.instr.Instrumenter.instrument(Instrumenter.java:109)
	... 37 more
java.lang.instrument.IllegalClassFormatException: Error while instrumenting jdk/internal/net/http/Http1Exchange with JaCoCo 0.8.11.202310140853/f33756c.
	at org.jacoco.agent.rt.internal_4742761.CoverageTransformer.transform(CoverageTransformer.java:94)
	at java.instrument/java.lang.instrument.ClassFileTransformer.transform(ClassFileTransformer.java:257)
	at java.instrument/sun.instrument.TransformerManager.transform(TransformerManager.java:188)
	at java.instrument/sun.instrument.InstrumentationImpl.transform(InstrumentationImpl.java:594)
	at java.base/java.lang.ClassLoader.defineClass2(Native Method)
	at java.base/java.lang.ClassLoader.defineClass(ClassLoader.java:1052)
	at java.base/java.security.SecureClassLoader.defineClass(SecureClassLoader.java:164)
	at java.base/jdk.internal.loader.BuiltinClassLoader.defineClass(BuiltinClassLoader.java:735)
	at java.base/jdk.internal.loader.BuiltinClassLoader.findClassInModuleOrNull(BuiltinClassLoader.java:678)
	at java.base/jdk.internal.loader.BuiltinClassLoader.loadClassOrNull(BuiltinClassLoader.java:604)
	at java.base/jdk.internal.loader.BuiltinClassLoader.loadClass(BuiltinClassLoader.java:578)
	at java.base/java.lang.ClassLoader.loadClass(ClassLoader.java:490)
	at java.net.http/jdk.internal.net.http.ExchangeImpl.createHttp1Exchange(ExchangeImpl.java:176)
	at java.net.http/jdk.internal.net.http.ExchangeImpl.createExchangeImpl(ExchangeImpl.java:159)
	at java.net.http/jdk.internal.net.http.ExchangeImpl.lambda$get$0(ExchangeImpl.java:113)
	at java.base/java.util.concurrent.CompletableFuture.uniHandle(CompletableFuture.java:980)
	at java.base/java.util.concurrent.CompletableFuture.uniHandleStage(CompletableFuture.java:996)
	at java.base/java.util.concurrent.CompletableFuture.handle(CompletableFuture.java:2424)
	at java.net.http/jdk.internal.net.http.ExchangeImpl.get(ExchangeImpl.java:113)
	at java.net.http/jdk.internal.net.http.Exchange.establishExchange(Exchange.java:356)
	at java.net.http/jdk.internal.net.http.Exchange.responseAsyncImpl(Exchange.java:562)
	at java.net.http/jdk.internal.net.http.Exchange.responseAsync(Exchange.java:385)
	at java.net.http/jdk.internal.net.http.MultiExchange.responseAsyncImpl(MultiExchange.java:437)
	at java.net.http/jdk.internal.net.http.MultiExchange.lambda$responseAsync0$0(MultiExchange.java:357)
	at java.base/java.util.concurrent.CompletableFuture$UniCompose.tryFire(CompletableFuture.java:1196)
	at java.base/java.util.concurrent.CompletableFuture.postComplete(CompletableFuture.java:556)
	at java.base/java.util.concurrent.CompletableFuture$AsyncSupply.run(CompletableFuture.java:1819)
	at java.net.http/jdk.internal.net.http.HttpClientImpl$DelegatingExecutor.execute(HttpClientImpl.java:168)
	at java.base/java.util.concurrent.CompletableFuture.completeAsync(CompletableFuture.java:2789)
	at java.net.http/jdk.internal.net.http.MultiExchange.responseAsync(MultiExchange.java:310)
	at java.net.http/jdk.internal.net.http.HttpClientImpl.sendAsync(HttpClientImpl.java:1015)
	at java.net.http/jdk.internal.net.http.HttpClientImpl.send(HttpClientImpl.java:901)
	at java.net.http/jdk.internal.net.http.HttpClientFacade.send(HttpClientFacade.java:133)
	at org.openqa.selenium.remote.http.jdk.JdkHttpClient.execute0(JdkHttpClient.java:459)
	at org.openqa.selenium.remote.http.AddSeleniumUserAgent.lambda$apply$0(AddSeleniumUserAgent.java:42)
	at org.openqa.selenium.remote.http.Filter.lambda$andFinally$1(Filter.java:55)
	at org.openqa.selenium.remote.http.jdk.JdkHttpClient.lambda$executeAsync$2(JdkHttpClient.java:387)
	at java.base/java.util.concurrent.Executors$RunnableAdapter.call(Executors.java:545)
	at java.base/java.util.concurrent.FutureTask.run(FutureTask.java:328)
	at java.base/java.util.concurrent.ThreadPoolExecutor.runWorker(ThreadPoolExecutor.java:1095)
	at java.base/java.util.concurrent.ThreadPoolExecutor$Worker.run(ThreadPoolExecutor.java:619)
	at java.base/java.lang.Thread.run(Thread.java:1447)
Caused by: java.io.IOException: Error while instrumenting jdk/internal/net/http/Http1Exchange with JaCoCo 0.8.11.202310140853/f33756c.
	at org.jacoco.agent.rt.internal_4742761.core.instr.Instrumenter.instrumentError(Instrumenter.java:161)
	at org.jacoco.agent.rt.internal_4742761.core.instr.Instrumenter.instrument(Instrumenter.java:111)
	at org.jacoco.agent.rt.internal_4742761.CoverageTransformer.transform(CoverageTransformer.java:92)
	... 41 more
Caused by: java.lang.IllegalArgumentException: Unsupported class file major version 68
	at org.jacoco.agent.rt.internal_4742761.asm.ClassReader.<init>(ClassReader.java:200)
	at org.jacoco.agent.rt.internal_4742761.asm.ClassReader.<init>(ClassReader.java:180)
	at org.jacoco.agent.rt.internal_4742761.asm.ClassReader.<init>(ClassReader.java:166)
	at org.jacoco.agent.rt.internal_4742761.core.internal.instr.InstrSupport.classReaderFor(InstrSupport.java:280)
	at org.jacoco.agent.rt.internal_4742761.core.instr.Instrumenter.instrument(Instrumenter.java:77)
	at org.jacoco.agent.rt.internal_4742761.core.instr.Instrumenter.instrument(Instrumenter.java:109)
	... 42 more
java.lang.instrument.IllegalClassFormatException: Error while instrumenting jdk/internal/net/http/Http1Exchange$Http1ResponseBodySubscriber with JaCoCo 0.8.11.202310140853/f33756c.
	at org.jacoco.agent.rt.internal_4742761.CoverageTransformer.transform(CoverageTransformer.java:94)
	at java.instrument/java.lang.instrument.ClassFileTransformer.transform(ClassFileTransformer.java:257)
	at java.instrument/sun.instrument.TransformerManager.transform(TransformerManager.java:188)
	at java.instrument/sun.instrument.InstrumentationImpl.transform(InstrumentationImpl.java:594)
	at java.base/java.lang.ClassLoader.defineClass2(Native Method)
	at java.base/java.lang.ClassLoader.defineClass(ClassLoader.java:1052)
	at java.base/java.security.SecureClassLoader.defineClass(SecureClassLoader.java:164)
	at java.base/jdk.internal.loader.BuiltinClassLoader.defineClass(BuiltinClassLoader.java:735)
	at java.base/jdk.internal.loader.BuiltinClassLoader.findClassInModuleOrNull(BuiltinClassLoader.java:678)
	at java.base/jdk.internal.loader.BuiltinClassLoader.loadClassOrNull(BuiltinClassLoader.java:604)
	at java.base/jdk.internal.loader.BuiltinClassLoader.loadClass(BuiltinClassLoader.java:578)
	at java.base/java.lang.ClassLoader.loadClass(ClassLoader.java:490)
	at java.net.http/jdk.internal.net.http.ExchangeImpl.createHttp1Exchange(ExchangeImpl.java:176)
	at java.net.http/jdk.internal.net.http.ExchangeImpl.createExchangeImpl(ExchangeImpl.java:159)
	at java.net.http/jdk.internal.net.http.ExchangeImpl.lambda$get$0(ExchangeImpl.java:113)
	at java.base/java.util.concurrent.CompletableFuture.uniHandle(CompletableFuture.java:980)
	at java.base/java.util.concurrent.CompletableFuture.uniHandleStage(CompletableFuture.java:996)
	at java.base/java.util.concurrent.CompletableFuture.handle(CompletableFuture.java:2424)
	at java.net.http/jdk.internal.net.http.ExchangeImpl.get(ExchangeImpl.java:113)
	at java.net.http/jdk.internal.net.http.Exchange.establishExchange(Exchange.java:356)
	at java.net.http/jdk.internal.net.http.Exchange.responseAsyncImpl(Exchange.java:562)
	at java.net.http/jdk.internal.net.http.Exchange.responseAsync(Exchange.java:385)
	at java.net.http/jdk.internal.net.http.MultiExchange.responseAsyncImpl(MultiExchange.java:437)
	at java.net.http/jdk.internal.net.http.MultiExchange.lambda$responseAsync0$0(MultiExchange.java:357)
	at java.base/java.util.concurrent.CompletableFuture$UniCompose.tryFire(CompletableFuture.java:1196)
	at java.base/java.util.concurrent.CompletableFuture.postComplete(CompletableFuture.java:556)
	at java.base/java.util.concurrent.CompletableFuture$AsyncSupply.run(CompletableFuture.java:1819)
	at java.net.http/jdk.internal.net.http.HttpClientImpl$DelegatingExecutor.execute(HttpClientImpl.java:168)
	at java.base/java.util.concurrent.CompletableFuture.completeAsync(CompletableFuture.java:2789)
	at java.net.http/jdk.internal.net.http.MultiExchange.responseAsync(MultiExchange.java:310)
	at java.net.http/jdk.internal.net.http.HttpClientImpl.sendAsync(HttpClientImpl.java:1015)
	at java.net.http/jdk.internal.net.http.HttpClientImpl.send(HttpClientImpl.java:901)
	at java.net.http/jdk.internal.net.http.HttpClientFacade.send(HttpClientFacade.java:133)
	at org.openqa.selenium.remote.http.jdk.JdkHttpClient.execute0(JdkHttpClient.java:459)
	at org.openqa.selenium.remote.http.AddSeleniumUserAgent.lambda$apply$0(AddSeleniumUserAgent.java:42)
	at org.openqa.selenium.remote.http.Filter.lambda$andFinally$1(Filter.java:55)
	at org.openqa.selenium.remote.http.jdk.JdkHttpClient.lambda$executeAsync$2(JdkHttpClient.java:387)
	at java.base/java.util.concurrent.Executors$RunnableAdapter.call(Executors.java:545)
	at java.base/java.util.concurrent.FutureTask.run(FutureTask.java:328)
	at java.base/java.util.concurrent.ThreadPoolExecutor.runWorker(ThreadPoolExecutor.java:1095)
	at java.base/java.util.concurrent.ThreadPoolExecutor$Worker.run(ThreadPoolExecutor.java:619)
	at java.base/java.lang.Thread.run(Thread.java:1447)
Caused by: java.io.IOException: Error while instrumenting jdk/internal/net/http/Http1Exchange$Http1ResponseBodySubscriber with JaCoCo 0.8.11.202310140853/f33756c.
	at org.jacoco.agent.rt.internal_4742761.core.instr.Instrumenter.instrumentError(Instrumenter.java:161)
	at org.jacoco.agent.rt.internal_4742761.core.instr.Instrumenter.instrument(Instrumenter.java:111)
	at org.jacoco.agent.rt.internal_4742761.CoverageTransformer.transform(CoverageTransformer.java:92)
	... 41 more
Caused by: java.lang.IllegalArgumentException: Unsupported class file major version 68
	at org.jacoco.agent.rt.internal_4742761.asm.ClassReader.<init>(ClassReader.java:200)
	at org.jacoco.agent.rt.internal_4742761.asm.ClassReader.<init>(ClassReader.java:180)
	at org.jacoco.agent.rt.internal_4742761.asm.ClassReader.<init>(ClassReader.java:166)
	at org.jacoco.agent.rt.internal_4742761.core.internal.instr.InstrSupport.classReaderFor(InstrSupport.java:280)
	at org.jacoco.agent.rt.internal_4742761.core.instr.Instrumenter.instrument(Instrumenter.java:77)
	at org.jacoco.agent.rt.internal_4742761.core.instr.Instrumenter.instrument(Instrumenter.java:109)
	... 42 more
java.lang.instrument.IllegalClassFormatException: Error while instrumenting jdk/internal/net/http/Http1Exchange$Http1Publisher with JaCoCo 0.8.11.202310140853/f33756c.
	at org.jacoco.agent.rt.internal_4742761.CoverageTransformer.transform(CoverageTransformer.java:94)
	at java.instrument/java.lang.instrument.ClassFileTransformer.transform(ClassFileTransformer.java:257)
	at java.instrument/sun.instrument.TransformerManager.transform(TransformerManager.java:188)
	at java.instrument/sun.instrument.InstrumentationImpl.transform(InstrumentationImpl.java:594)
	at java.base/java.lang.ClassLoader.defineClass2(Native Method)
	at java.base/java.lang.ClassLoader.defineClass(ClassLoader.java:1052)
	at java.base/java.security.SecureClassLoader.defineClass(SecureClassLoader.java:164)
	at java.base/jdk.internal.loader.BuiltinClassLoader.defineClass(BuiltinClassLoader.java:735)
	at java.base/jdk.internal.loader.BuiltinClassLoader.findClassInModuleOrNull(BuiltinClassLoader.java:678)
	at java.base/jdk.internal.loader.BuiltinClassLoader.loadClassOrNull(BuiltinClassLoader.java:604)
	at java.base/jdk.internal.loader.BuiltinClassLoader.loadClass(BuiltinClassLoader.java:578)
	at java.base/java.lang.ClassLoader.loadClass(ClassLoader.java:490)
	at java.net.http/jdk.internal.net.http.Http1Exchange.<init>(Http1Exchange.java:85)
	at java.net.http/jdk.internal.net.http.ExchangeImpl.createHttp1Exchange(ExchangeImpl.java:176)
	at java.net.http/jdk.internal.net.http.ExchangeImpl.createExchangeImpl(ExchangeImpl.java:159)
	at java.net.http/jdk.internal.net.http.ExchangeImpl.lambda$get$0(ExchangeImpl.java:113)
	at java.base/java.util.concurrent.CompletableFuture.uniHandle(CompletableFuture.java:980)
	at java.base/java.util.concurrent.CompletableFuture.uniHandleStage(CompletableFuture.java:996)
	at java.base/java.util.concurrent.CompletableFuture.handle(CompletableFuture.java:2424)
	at java.net.http/jdk.internal.net.http.ExchangeImpl.get(ExchangeImpl.java:113)
	at java.net.http/jdk.internal.net.http.Exchange.establishExchange(Exchange.java:356)
	at java.net.http/jdk.internal.net.http.Exchange.responseAsyncImpl(Exchange.java:562)
	at java.net.http/jdk.internal.net.http.Exchange.responseAsync(Exchange.java:385)
	at java.net.http/jdk.internal.net.http.MultiExchange.responseAsyncImpl(MultiExchange.java:437)
	at java.net.http/jdk.internal.net.http.MultiExchange.lambda$responseAsync0$0(MultiExchange.java:357)
	at java.base/java.util.concurrent.CompletableFuture$UniCompose.tryFire(CompletableFuture.java:1196)
	at java.base/java.util.concurrent.CompletableFuture.postComplete(CompletableFuture.java:556)
	at java.base/java.util.concurrent.CompletableFuture$AsyncSupply.run(CompletableFuture.java:1819)
	at java.net.http/jdk.internal.net.http.HttpClientImpl$DelegatingExecutor.execute(HttpClientImpl.java:168)
	at java.base/java.util.concurrent.CompletableFuture.completeAsync(CompletableFuture.java:2789)
	at java.net.http/jdk.internal.net.http.MultiExchange.responseAsync(MultiExchange.java:310)
	at java.net.http/jdk.internal.net.http.HttpClientImpl.sendAsync(HttpClientImpl.java:1015)
	at java.net.http/jdk.internal.net.http.HttpClientImpl.send(HttpClientImpl.java:901)
	at java.net.http/jdk.internal.net.http.HttpClientFacade.send(HttpClientFacade.java:133)
	at org.openqa.selenium.remote.http.jdk.JdkHttpClient.execute0(JdkHttpClient.java:459)
	at org.openqa.selenium.remote.http.AddSeleniumUserAgent.lambda$apply$0(AddSeleniumUserAgent.java:42)
	at org.openqa.selenium.remote.http.Filter.lambda$andFinally$1(Filter.java:55)
	at org.openqa.selenium.remote.http.jdk.JdkHttpClient.lambda$executeAsync$2(JdkHttpClient.java:387)
	at java.base/java.util.concurrent.Executors$RunnableAdapter.call(Executors.java:545)
	at java.base/java.util.concurrent.FutureTask.run(FutureTask.java:328)
	at java.base/java.util.concurrent.ThreadPoolExecutor.runWorker(ThreadPoolExecutor.java:1095)
	at java.base/java.util.concurrent.ThreadPoolExecutor$Worker.run(ThreadPoolExecutor.java:619)
	at java.base/java.lang.Thread.run(Thread.java:1447)
Caused by: java.io.IOException: Error while instrumenting jdk/internal/net/http/Http1Exchange$Http1Publisher with JaCoCo 0.8.11.202310140853/f33756c.
	at org.jacoco.agent.rt.internal_4742761.core.instr.Instrumenter.instrumentError(Instrumenter.java:161)
	at org.jacoco.agent.rt.internal_4742761.core.instr.Instrumenter.instrument(Instrumenter.java:111)
	at org.jacoco.agent.rt.internal_4742761.CoverageTransformer.transform(CoverageTransformer.java:92)
	... 42 more
Caused by: java.lang.IllegalArgumentException: Unsupported class file major version 68
	at org.jacoco.agent.rt.internal_4742761.asm.ClassReader.<init>(ClassReader.java:200)
	at org.jacoco.agent.rt.internal_4742761.asm.ClassReader.<init>(ClassReader.java:180)
	at org.jacoco.agent.rt.internal_4742761.asm.ClassReader.<init>(ClassReader.java:166)
	at org.jacoco.agent.rt.internal_4742761.core.internal.instr.InstrSupport.classReaderFor(InstrSupport.java:280)
	at org.jacoco.agent.rt.internal_4742761.core.instr.Instrumenter.instrument(Instrumenter.java:77)
	at org.jacoco.agent.rt.internal_4742761.core.instr.Instrumenter.instrument(Instrumenter.java:109)
	... 43 more
java.lang.instrument.IllegalClassFormatException: Error while instrumenting jdk/internal/net/http/Http1Exchange$Http1Publisher$Http1WriteSubscription with JaCoCo 0.8.11.202310140853/f33756c.
	at org.jacoco.agent.rt.internal_4742761.CoverageTransformer.transform(CoverageTransformer.java:94)
	at java.instrument/java.lang.instrument.ClassFileTransformer.transform(ClassFileTransformer.java:257)
	at java.instrument/sun.instrument.TransformerManager.transform(TransformerManager.java:188)
	at java.instrument/sun.instrument.InstrumentationImpl.transform(InstrumentationImpl.java:594)
	at java.base/java.lang.ClassLoader.defineClass2(Native Method)
	at java.base/java.lang.ClassLoader.defineClass(ClassLoader.java:1052)
	at java.base/java.security.SecureClassLoader.defineClass(SecureClassLoader.java:164)
	at java.base/jdk.internal.loader.BuiltinClassLoader.defineClass(BuiltinClassLoader.java:735)
	at java.base/jdk.internal.loader.BuiltinClassLoader.findClassInModuleOrNull(BuiltinClassLoader.java:678)
	at java.base/jdk.internal.loader.BuiltinClassLoader.loadClassOrNull(BuiltinClassLoader.java:604)
	at java.base/jdk.internal.loader.BuiltinClassLoader.loadClass(BuiltinClassLoader.java:578)
	at java.base/java.lang.ClassLoader.loadClass(ClassLoader.java:490)
	at java.net.http/jdk.internal.net.http.Http1Exchange$Http1Publisher.<init>(Http1Exchange.java:746)
	at java.net.http/jdk.internal.net.http.Http1Exchange.<init>(Http1Exchange.java:85)
	at java.net.http/jdk.internal.net.http.ExchangeImpl.createHttp1Exchange(ExchangeImpl.java:176)
	at java.net.http/jdk.internal.net.http.ExchangeImpl.createExchangeImpl(ExchangeImpl.java:159)
	at java.net.http/jdk.internal.net.http.ExchangeImpl.lambda$get$0(ExchangeImpl.java:113)
	at java.base/java.util.concurrent.CompletableFuture.uniHandle(CompletableFuture.java:980)
	at java.base/java.util.concurrent.CompletableFuture.uniHandleStage(CompletableFuture.java:996)
	at java.base/java.util.concurrent.CompletableFuture.handle(CompletableFuture.java:2424)
	at java.net.http/jdk.internal.net.http.ExchangeImpl.get(ExchangeImpl.java:113)
	at java.net.http/jdk.internal.net.http.Exchange.establishExchange(Exchange.java:356)
	at java.net.http/jdk.internal.net.http.Exchange.responseAsyncImpl(Exchange.java:562)
	at java.net.http/jdk.internal.net.http.Exchange.responseAsync(Exchange.java:385)
	at java.net.http/jdk.internal.net.http.MultiExchange.responseAsyncImpl(MultiExchange.java:437)
	at java.net.http/jdk.internal.net.http.MultiExchange.lambda$responseAsync0$0(MultiExchange.java:357)
	at java.base/java.util.concurrent.CompletableFuture$UniCompose.tryFire(CompletableFuture.java:1196)
	at java.base/java.util.concurrent.CompletableFuture.postComplete(CompletableFuture.java:556)
	at java.base/java.util.concurrent.CompletableFuture$AsyncSupply.run(CompletableFuture.java:1819)
	at java.net.http/jdk.internal.net.http.HttpClientImpl$DelegatingExecutor.execute(HttpClientImpl.java:168)
	at java.base/java.util.concurrent.CompletableFuture.completeAsync(CompletableFuture.java:2789)
	at java.net.http/jdk.internal.net.http.MultiExchange.responseAsync(MultiExchange.java:310)
	at java.net.http/jdk.internal.net.http.HttpClientImpl.sendAsync(HttpClientImpl.java:1015)
	at java.net.http/jdk.internal.net.http.HttpClientImpl.send(HttpClientImpl.java:901)
	at java.net.http/jdk.internal.net.http.HttpClientFacade.send(HttpClientFacade.java:133)
	at org.openqa.selenium.remote.http.jdk.JdkHttpClient.execute0(JdkHttpClient.java:459)
	at org.openqa.selenium.remote.http.AddSeleniumUserAgent.lambda$apply$0(AddSeleniumUserAgent.java:42)
	at org.openqa.selenium.remote.http.Filter.lambda$andFinally$1(Filter.java:55)
	at org.openqa.selenium.remote.http.jdk.JdkHttpClient.lambda$executeAsync$2(JdkHttpClient.java:387)
	at java.base/java.util.concurrent.Executors$RunnableAdapter.call(Executors.java:545)
	at java.base/java.util.concurrent.FutureTask.run(FutureTask.java:328)
	at java.base/java.util.concurrent.ThreadPoolExecutor.runWorker(ThreadPoolExecutor.java:1095)
	at java.base/java.util.concurrent.ThreadPoolExecutor$Worker.run(ThreadPoolExecutor.java:619)
	at java.base/java.lang.Thread.run(Thread.java:1447)
Caused by: java.io.IOException: Error while instrumenting jdk/internal/net/http/Http1Exchange$Http1Publisher$Http1WriteSubscription with JaCoCo 0.8.11.202310140853/f33756c.
	at org.jacoco.agent.rt.internal_4742761.core.instr.Instrumenter.instrumentError(Instrumenter.java:161)
	at org.jacoco.agent.rt.internal_4742761.core.instr.Instrumenter.instrument(Instrumenter.java:111)
	at org.jacoco.agent.rt.internal_4742761.CoverageTransformer.transform(CoverageTransformer.java:92)
	... 43 more
Caused by: java.lang.IllegalArgumentException: Unsupported class file major version 68
	at org.jacoco.agent.rt.internal_4742761.asm.ClassReader.<init>(ClassReader.java:200)
	at org.jacoco.agent.rt.internal_4742761.asm.ClassReader.<init>(ClassReader.java:180)
	at org.jacoco.agent.rt.internal_4742761.asm.ClassReader.<init>(ClassReader.java:166)
	at org.jacoco.agent.rt.internal_4742761.core.internal.instr.InstrSupport.classReaderFor(InstrSupport.java:280)
	at org.jacoco.agent.rt.internal_4742761.core.instr.Instrumenter.instrument(Instrumenter.java:77)
	at org.jacoco.agent.rt.internal_4742761.core.instr.Instrumenter.instrument(Instrumenter.java:109)
	... 44 more
java.lang.instrument.IllegalClassFormatException: Error while instrumenting jdk/internal/net/http/common/Demand with JaCoCo 0.8.11.202310140853/f33756c.
	at org.jacoco.agent.rt.internal_4742761.CoverageTransformer.transform(CoverageTransformer.java:94)
	at java.instrument/java.lang.instrument.ClassFileTransformer.transform(ClassFileTransformer.java:257)
	at java.instrument/sun.instrument.TransformerManager.transform(TransformerManager.java:188)
	at java.instrument/sun.instrument.InstrumentationImpl.transform(InstrumentationImpl.java:594)
	at java.base/java.lang.ClassLoader.defineClass2(Native Method)
	at java.base/java.lang.ClassLoader.defineClass(ClassLoader.java:1052)
	at java.base/java.security.SecureClassLoader.defineClass(SecureClassLoader.java:164)
	at java.base/jdk.internal.loader.BuiltinClassLoader.defineClass(BuiltinClassLoader.java:735)
	at java.base/jdk.internal.loader.BuiltinClassLoader.findClassInModuleOrNull(BuiltinClassLoader.java:678)
	at java.base/jdk.internal.loader.BuiltinClassLoader.loadClassOrNull(BuiltinClassLoader.java:604)
	at java.base/jdk.internal.loader.BuiltinClassLoader.loadClass(BuiltinClassLoader.java:578)
	at java.base/java.lang.ClassLoader.loadClass(ClassLoader.java:490)
	at java.net.http/jdk.internal.net.http.Http1Exchange$Http1Publisher.<init>(Http1Exchange.java:747)
	at java.net.http/jdk.internal.net.http.Http1Exchange.<init>(Http1Exchange.java:85)
	at java.net.http/jdk.internal.net.http.ExchangeImpl.createHttp1Exchange(ExchangeImpl.java:176)
	at java.net.http/jdk.internal.net.http.ExchangeImpl.createExchangeImpl(ExchangeImpl.java:159)
	at java.net.http/jdk.internal.net.http.ExchangeImpl.lambda$get$0(ExchangeImpl.java:113)
	at java.base/java.util.concurrent.CompletableFuture.uniHandle(CompletableFuture.java:980)
	at java.base/java.util.concurrent.CompletableFuture.uniHandleStage(CompletableFuture.java:996)
	at java.base/java.util.concurrent.CompletableFuture.handle(CompletableFuture.java:2424)
	at java.net.http/jdk.internal.net.http.ExchangeImpl.get(ExchangeImpl.java:113)
	at java.net.http/jdk.internal.net.http.Exchange.establishExchange(Exchange.java:356)
	at java.net.http/jdk.internal.net.http.Exchange.responseAsyncImpl(Exchange.java:562)
	at java.net.http/jdk.internal.net.http.Exchange.responseAsync(Exchange.java:385)
	at java.net.http/jdk.internal.net.http.MultiExchange.responseAsyncImpl(MultiExchange.java:437)
	at java.net.http/jdk.internal.net.http.MultiExchange.lambda$responseAsync0$0(MultiExchange.java:357)
	at java.base/java.util.concurrent.CompletableFuture$UniCompose.tryFire(CompletableFuture.java:1196)
	at java.base/java.util.concurrent.CompletableFuture.postComplete(CompletableFuture.java:556)
	at java.base/java.util.concurrent.CompletableFuture$AsyncSupply.run(CompletableFuture.java:1819)
	at java.net.http/jdk.internal.net.http.HttpClientImpl$DelegatingExecutor.execute(HttpClientImpl.java:168)
	at java.base/java.util.concurrent.CompletableFuture.completeAsync(CompletableFuture.java:2789)
	at java.net.http/jdk.internal.net.http.MultiExchange.responseAsync(MultiExchange.java:310)
	at java.net.http/jdk.internal.net.http.HttpClientImpl.sendAsync(HttpClientImpl.java:1015)
	at java.net.http/jdk.internal.net.http.HttpClientImpl.send(HttpClientImpl.java:901)
	at java.net.http/jdk.internal.net.http.HttpClientFacade.send(HttpClientFacade.java:133)
	at org.openqa.selenium.remote.http.jdk.JdkHttpClient.execute0(JdkHttpClient.java:459)
	at org.openqa.selenium.remote.http.AddSeleniumUserAgent.lambda$apply$0(AddSeleniumUserAgent.java:42)
	at org.openqa.selenium.remote.http.Filter.lambda$andFinally$1(Filter.java:55)
	at org.openqa.selenium.remote.http.jdk.JdkHttpClient.lambda$executeAsync$2(JdkHttpClient.java:387)
	at java.base/java.util.concurrent.Executors$RunnableAdapter.call(Executors.java:545)
	at java.base/java.util.concurrent.FutureTask.run(FutureTask.java:328)
	at java.base/java.util.concurrent.ThreadPoolExecutor.runWorker(ThreadPoolExecutor.java:1095)
	at java.base/java.util.concurrent.ThreadPoolExecutor$Worker.run(ThreadPoolExecutor.java:619)
	at java.base/java.lang.Thread.run(Thread.java:1447)
Caused by: java.io.IOException: Error while instrumenting jdk/internal/net/http/common/Demand with JaCoCo 0.8.11.202310140853/f33756c.
	at org.jacoco.agent.rt.internal_4742761.core.instr.Instrumenter.instrumentError(Instrumenter.java:161)
	at org.jacoco.agent.rt.internal_4742761.core.instr.Instrumenter.instrument(Instrumenter.java:111)
	at org.jacoco.agent.rt.internal_4742761.CoverageTransformer.transform(CoverageTransformer.java:92)
	... 43 more
Caused by: java.lang.IllegalArgumentException: Unsupported class file major version 68
	at org.jacoco.agent.rt.internal_4742761.asm.ClassReader.<init>(ClassReader.java:200)
	at org.jacoco.agent.rt.internal_4742761.asm.ClassReader.<init>(ClassReader.java:180)
	at org.jacoco.agent.rt.internal_4742761.asm.ClassReader.<init>(ClassReader.java:166)
	at org.jacoco.agent.rt.internal_4742761.core.internal.instr.InstrSupport.classReaderFor(InstrSupport.java:280)
	at org.jacoco.agent.rt.internal_4742761.core.instr.Instrumenter.instrument(Instrumenter.java:77)
	at org.jacoco.agent.rt.internal_4742761.core.instr.Instrumenter.instrument(Instrumenter.java:109)
	... 44 more
java.lang.instrument.IllegalClassFormatException: Error while instrumenting jdk/internal/net/http/Http1Exchange$Http1Publisher$WriteTask with JaCoCo 0.8.11.202310140853/f33756c.
	at org.jacoco.agent.rt.internal_4742761.CoverageTransformer.transform(CoverageTransformer.java:94)
	at java.instrument/java.lang.instrument.ClassFileTransformer.transform(ClassFileTransformer.java:257)
	at java.instrument/sun.instrument.TransformerManager.transform(TransformerManager.java:188)
	at java.instrument/sun.instrument.InstrumentationImpl.transform(InstrumentationImpl.java:594)
	at java.base/java.lang.ClassLoader.defineClass2(Native Method)
	at java.base/java.lang.ClassLoader.defineClass(ClassLoader.java:1052)
	at java.base/java.security.SecureClassLoader.defineClass(SecureClassLoader.java:164)
	at java.base/jdk.internal.loader.BuiltinClassLoader.defineClass(BuiltinClassLoader.java:735)
	at java.base/jdk.internal.loader.BuiltinClassLoader.findClassInModuleOrNull(BuiltinClassLoader.java:678)
	at java.base/jdk.internal.loader.BuiltinClassLoader.loadClassOrNull(BuiltinClassLoader.java:604)
	at java.base/jdk.internal.loader.BuiltinClassLoader.loadClass(BuiltinClassLoader.java:578)
	at java.base/java.lang.ClassLoader.loadClass(ClassLoader.java:490)
	at java.net.http/jdk.internal.net.http.Http1Exchange$Http1Publisher.<init>(Http1Exchange.java:748)
	at java.net.http/jdk.internal.net.http.Http1Exchange.<init>(Http1Exchange.java:85)
	at java.net.http/jdk.internal.net.http.ExchangeImpl.createHttp1Exchange(ExchangeImpl.java:176)
	at java.net.http/jdk.internal.net.http.ExchangeImpl.createExchangeImpl(ExchangeImpl.java:159)
	at java.net.http/jdk.internal.net.http.ExchangeImpl.lambda$get$0(ExchangeImpl.java:113)
	at java.base/java.util.concurrent.CompletableFuture.uniHandle(CompletableFuture.java:980)
	at java.base/java.util.concurrent.CompletableFuture.uniHandleStage(CompletableFuture.java:996)
	at java.base/java.util.concurrent.CompletableFuture.handle(CompletableFuture.java:2424)
	at java.net.http/jdk.internal.net.http.ExchangeImpl.get(ExchangeImpl.java:113)
	at java.net.http/jdk.internal.net.http.Exchange.establishExchange(Exchange.java:356)
	at java.net.http/jdk.internal.net.http.Exchange.responseAsyncImpl(Exchange.java:562)
	at java.net.http/jdk.internal.net.http.Exchange.responseAsync(Exchange.java:385)
	at java.net.http/jdk.internal.net.http.MultiExchange.responseAsyncImpl(MultiExchange.java:437)
	at java.net.http/jdk.internal.net.http.MultiExchange.lambda$responseAsync0$0(MultiExchange.java:357)
	at java.base/java.util.concurrent.CompletableFuture$UniCompose.tryFire(CompletableFuture.java:1196)
	at java.base/java.util.concurrent.CompletableFuture.postComplete(CompletableFuture.java:556)
	at java.base/java.util.concurrent.CompletableFuture$AsyncSupply.run(CompletableFuture.java:1819)
	at java.net.http/jdk.internal.net.http.HttpClientImpl$DelegatingExecutor.execute(HttpClientImpl.java:168)
	at java.base/java.util.concurrent.CompletableFuture.completeAsync(CompletableFuture.java:2789)
	at java.net.http/jdk.internal.net.http.MultiExchange.responseAsync(MultiExchange.java:310)
	at java.net.http/jdk.internal.net.http.HttpClientImpl.sendAsync(HttpClientImpl.java:1015)
	at java.net.http/jdk.internal.net.http.HttpClientImpl.send(HttpClientImpl.java:901)
	at java.net.http/jdk.internal.net.http.HttpClientFacade.send(HttpClientFacade.java:133)
	at org.openqa.selenium.remote.http.jdk.JdkHttpClient.execute0(JdkHttpClient.java:459)
	at org.openqa.selenium.remote.http.AddSeleniumUserAgent.lambda$apply$0(AddSeleniumUserAgent.java:42)
	at org.openqa.selenium.remote.http.Filter.lambda$andFinally$1(Filter.java:55)
	at org.openqa.selenium.remote.http.jdk.JdkHttpClient.lambda$executeAsync$2(JdkHttpClient.java:387)
	at java.base/java.util.concurrent.Executors$RunnableAdapter.call(Executors.java:545)
	at java.base/java.util.concurrent.FutureTask.run(FutureTask.java:328)
	at java.base/java.util.concurrent.ThreadPoolExecutor.runWorker(ThreadPoolExecutor.java:1095)
	at java.base/java.util.concurrent.ThreadPoolExecutor$Worker.run(ThreadPoolExecutor.java:619)
	at java.base/java.lang.Thread.run(Thread.java:1447)
Caused by: java.io.IOException: Error while instrumenting jdk/internal/net/http/Http1Exchange$Http1Publisher$WriteTask with JaCoCo 0.8.11.202310140853/f33756c.
	at org.jacoco.agent.rt.internal_4742761.core.instr.Instrumenter.instrumentError(Instrumenter.java:161)
	at org.jacoco.agent.rt.internal_4742761.core.instr.Instrumenter.instrument(Instrumenter.java:111)
	at org.jacoco.agent.rt.internal_4742761.CoverageTransformer.transform(CoverageTransformer.java:92)
	... 43 more
Caused by: java.lang.IllegalArgumentException: Unsupported class file major version 68
	at org.jacoco.agent.rt.internal_4742761.asm.ClassReader.<init>(ClassReader.java:200)
	at org.jacoco.agent.rt.internal_4742761.asm.ClassReader.<init>(ClassReader.java:180)
	at org.jacoco.agent.rt.internal_4742761.asm.ClassReader.<init>(ClassReader.java:166)
	at org.jacoco.agent.rt.internal_4742761.core.internal.instr.InstrSupport.classReaderFor(InstrSupport.java:280)
	at org.jacoco.agent.rt.internal_4742761.core.instr.Instrumenter.instrument(Instrumenter.java:77)
	at org.jacoco.agent.rt.internal_4742761.core.instr.Instrumenter.instrument(Instrumenter.java:109)
	... 44 more
java.lang.instrument.IllegalClassFormatException: Error while instrumenting jdk/internal/net/http/common/SequentialScheduler with JaCoCo 0.8.11.202310140853/f33756c.
	at org.jacoco.agent.rt.internal_4742761.CoverageTransformer.transform(CoverageTransformer.java:94)
	at java.instrument/java.lang.instrument.ClassFileTransformer.transform(ClassFileTransformer.java:257)
	at java.instrument/sun.instrument.TransformerManager.transform(TransformerManager.java:188)
	at java.instrument/sun.instrument.InstrumentationImpl.transform(InstrumentationImpl.java:594)
	at java.base/java.lang.ClassLoader.defineClass2(Native Method)
	at java.base/java.lang.ClassLoader.defineClass(ClassLoader.java:1052)
	at java.base/java.security.SecureClassLoader.defineClass(SecureClassLoader.java:164)
	at java.base/jdk.internal.loader.BuiltinClassLoader.defineClass(BuiltinClassLoader.java:735)
	at java.base/jdk.internal.loader.BuiltinClassLoader.findClassInModuleOrNull(BuiltinClassLoader.java:678)
	at java.base/jdk.internal.loader.BuiltinClassLoader.loadClassOrNull(BuiltinClassLoader.java:604)
	at java.base/jdk.internal.loader.BuiltinClassLoader.loadClass(BuiltinClassLoader.java:578)
	at java.base/java.lang.ClassLoader.loadClass(ClassLoader.java:490)
	at java.net.http/jdk.internal.net.http.Http1Exchange$Http1Publisher.<init>(Http1Exchange.java:749)
	at java.net.http/jdk.internal.net.http.Http1Exchange.<init>(Http1Exchange.java:85)
	at java.net.http/jdk.internal.net.http.ExchangeImpl.createHttp1Exchange(ExchangeImpl.java:176)
	at java.net.http/jdk.internal.net.http.ExchangeImpl.createExchangeImpl(ExchangeImpl.java:159)
	at java.net.http/jdk.internal.net.http.ExchangeImpl.lambda$get$0(ExchangeImpl.java:113)
	at java.base/java.util.concurrent.CompletableFuture.uniHandle(CompletableFuture.java:980)
	at java.base/java.util.concurrent.CompletableFuture.uniHandleStage(CompletableFuture.java:996)
	at java.base/java.util.concurrent.CompletableFuture.handle(CompletableFuture.java:2424)
	at java.net.http/jdk.internal.net.http.ExchangeImpl.get(ExchangeImpl.java:113)
	at java.net.http/jdk.internal.net.http.Exchange.establishExchange(Exchange.java:356)
	at java.net.http/jdk.internal.net.http.Exchange.responseAsyncImpl(Exchange.java:562)
	at java.net.http/jdk.internal.net.http.Exchange.responseAsync(Exchange.java:385)
	at java.net.http/jdk.internal.net.http.MultiExchange.responseAsyncImpl(MultiExchange.java:437)
	at java.net.http/jdk.internal.net.http.MultiExchange.lambda$responseAsync0$0(MultiExchange.java:357)
	at java.base/java.util.concurrent.CompletableFuture$UniCompose.tryFire(CompletableFuture.java:1196)
	at java.base/java.util.concurrent.CompletableFuture.postComplete(CompletableFuture.java:556)
	at java.base/java.util.concurrent.CompletableFuture$AsyncSupply.run(CompletableFuture.java:1819)
	at java.net.http/jdk.internal.net.http.HttpClientImpl$DelegatingExecutor.execute(HttpClientImpl.java:168)
	at java.base/java.util.concurrent.CompletableFuture.completeAsync(CompletableFuture.java:2789)
	at java.net.http/jdk.internal.net.http.MultiExchange.responseAsync(MultiExchange.java:310)
	at java.net.http/jdk.internal.net.http.HttpClientImpl.sendAsync(HttpClientImpl.java:1015)
	at java.net.http/jdk.internal.net.http.HttpClientImpl.send(HttpClientImpl.java:901)
	at java.net.http/jdk.internal.net.http.HttpClientFacade.send(HttpClientFacade.java:133)
	at org.openqa.selenium.remote.http.jdk.JdkHttpClient.execute0(JdkHttpClient.java:459)
	at org.openqa.selenium.remote.http.AddSeleniumUserAgent.lambda$apply$0(AddSeleniumUserAgent.java:42)
	at org.openqa.selenium.remote.http.Filter.lambda$andFinally$1(Filter.java:55)
	at org.openqa.selenium.remote.http.jdk.JdkHttpClient.lambda$executeAsync$2(JdkHttpClient.java:387)
	at java.base/java.util.concurrent.Executors$RunnableAdapter.call(Executors.java:545)
	at java.base/java.util.concurrent.FutureTask.run(FutureTask.java:328)
	at java.base/java.util.concurrent.ThreadPoolExecutor.runWorker(ThreadPoolExecutor.java:1095)
	at java.base/java.util.concurrent.ThreadPoolExecutor$Worker.run(ThreadPoolExecutor.java:619)
	at java.base/java.lang.Thread.run(Thread.java:1447)
Caused by: java.io.IOException: Error while instrumenting jdk/internal/net/http/common/SequentialScheduler with JaCoCo 0.8.11.202310140853/f33756c.
	at org.jacoco.agent.rt.internal_4742761.core.instr.Instrumenter.instrumentError(Instrumenter.java:161)
	at org.jacoco.agent.rt.internal_4742761.core.instr.Instrumenter.instrument(Instrumenter.java:111)
	at org.jacoco.agent.rt.internal_4742761.CoverageTransformer.transform(CoverageTransformer.java:92)
	... 43 more
Caused by: java.lang.IllegalArgumentException: Unsupported class file major version 68
	at org.jacoco.agent.rt.internal_4742761.asm.ClassReader.<init>(ClassReader.java:200)
	at org.jacoco.agent.rt.internal_4742761.asm.ClassReader.<init>(ClassReader.java:180)
	at org.jacoco.agent.rt.internal_4742761.asm.ClassReader.<init>(ClassReader.java:166)
	at org.jacoco.agent.rt.internal_4742761.core.internal.instr.InstrSupport.classReaderFor(InstrSupport.java:280)
	at org.jacoco.agent.rt.internal_4742761.core.instr.Instrumenter.instrument(Instrumenter.java:77)
	at org.jacoco.agent.rt.internal_4742761.core.instr.Instrumenter.instrument(Instrumenter.java:109)
	... 44 more
java.lang.instrument.IllegalClassFormatException: Error while instrumenting jdk/internal/net/http/common/SequentialScheduler$DeferredCompleter with JaCoCo 0.8.11.202310140853/f33756c.
	at org.jacoco.agent.rt.internal_4742761.CoverageTransformer.transform(CoverageTransformer.java:94)
	at java.instrument/java.lang.instrument.ClassFileTransformer.transform(ClassFileTransformer.java:257)
	at java.instrument/sun.instrument.TransformerManager.transform(TransformerManager.java:188)
	at java.instrument/sun.instrument.InstrumentationImpl.transform(InstrumentationImpl.java:594)
	at java.base/java.lang.ClassLoader.defineClass2(Native Method)
	at java.base/java.lang.ClassLoader.defineClass(ClassLoader.java:1052)
	at java.base/java.security.SecureClassLoader.defineClass(SecureClassLoader.java:164)
	at java.base/jdk.internal.loader.BuiltinClassLoader.defineClass(BuiltinClassLoader.java:735)
	at java.base/jdk.internal.loader.BuiltinClassLoader.findClassInModuleOrNull(BuiltinClassLoader.java:678)
	at java.base/jdk.internal.loader.BuiltinClassLoader.loadClassOrNull(BuiltinClassLoader.java:604)
	at java.base/jdk.internal.loader.BuiltinClassLoader.loadClass(BuiltinClassLoader.java:578)
	at java.base/java.lang.ClassLoader.loadClass(ClassLoader.java:490)
	at java.net.http/jdk.internal.net.http.Http1Exchange$Http1Publisher.<init>(Http1Exchange.java:749)
	at java.net.http/jdk.internal.net.http.Http1Exchange.<init>(Http1Exchange.java:85)
	at java.net.http/jdk.internal.net.http.ExchangeImpl.createHttp1Exchange(ExchangeImpl.java:176)
	at java.net.http/jdk.internal.net.http.ExchangeImpl.createExchangeImpl(ExchangeImpl.java:159)
	at java.net.http/jdk.internal.net.http.ExchangeImpl.lambda$get$0(ExchangeImpl.java:113)
	at java.base/java.util.concurrent.CompletableFuture.uniHandle(CompletableFuture.java:980)
	at java.base/java.util.concurrent.CompletableFuture.uniHandleStage(CompletableFuture.java:996)
	at java.base/java.util.concurrent.CompletableFuture.handle(CompletableFuture.java:2424)
	at java.net.http/jdk.internal.net.http.ExchangeImpl.get(ExchangeImpl.java:113)
	at java.net.http/jdk.internal.net.http.Exchange.establishExchange(Exchange.java:356)
	at java.net.http/jdk.internal.net.http.Exchange.responseAsyncImpl(Exchange.java:562)
	at java.net.http/jdk.internal.net.http.Exchange.responseAsync(Exchange.java:385)
	at java.net.http/jdk.internal.net.http.MultiExchange.responseAsyncImpl(MultiExchange.java:437)
	at java.net.http/jdk.internal.net.http.MultiExchange.lambda$responseAsync0$0(MultiExchange.java:357)
	at java.base/java.util.concurrent.CompletableFuture$UniCompose.tryFire(CompletableFuture.java:1196)
	at java.base/java.util.concurrent.CompletableFuture.postComplete(CompletableFuture.java:556)
	at java.base/java.util.concurrent.CompletableFuture$AsyncSupply.run(CompletableFuture.java:1819)
	at java.net.http/jdk.internal.net.http.HttpClientImpl$DelegatingExecutor.execute(HttpClientImpl.java:168)
	at java.base/java.util.concurrent.CompletableFuture.completeAsync(CompletableFuture.java:2789)
	at java.net.http/jdk.internal.net.http.MultiExchange.responseAsync(MultiExchange.java:310)
	at java.net.http/jdk.internal.net.http.HttpClientImpl.sendAsync(HttpClientImpl.java:1015)
	at java.net.http/jdk.internal.net.http.HttpClientImpl.send(HttpClientImpl.java:901)
	at java.net.http/jdk.internal.net.http.HttpClientFacade.send(HttpClientFacade.java:133)
	at org.openqa.selenium.remote.http.jdk.JdkHttpClient.execute0(JdkHttpClient.java:459)
	at org.openqa.selenium.remote.http.AddSeleniumUserAgent.lambda$apply$0(AddSeleniumUserAgent.java:42)
	at org.openqa.selenium.remote.http.Filter.lambda$andFinally$1(Filter.java:55)
	at org.openqa.selenium.remote.http.jdk.JdkHttpClient.lambda$executeAsync$2(JdkHttpClient.java:387)
	at java.base/java.util.concurrent.Executors$RunnableAdapter.call(Executors.java:545)
	at java.base/java.util.concurrent.FutureTask.run(FutureTask.java:328)
	at java.base/java.util.concurrent.ThreadPoolExecutor.runWorker(ThreadPoolExecutor.java:1095)
	at java.base/java.util.concurrent.ThreadPoolExecutor$Worker.run(ThreadPoolExecutor.java:619)
	at java.base/java.lang.Thread.run(Thread.java:1447)
Caused by: java.io.IOException: Error while instrumenting jdk/internal/net/http/common/SequentialScheduler$DeferredCompleter with JaCoCo 0.8.11.202310140853/f33756c.
	at org.jacoco.agent.rt.internal_4742761.core.instr.Instrumenter.instrumentError(Instrumenter.java:161)
	at org.jacoco.agent.rt.internal_4742761.core.instr.Instrumenter.instrument(Instrumenter.java:111)
	at org.jacoco.agent.rt.internal_4742761.CoverageTransformer.transform(CoverageTransformer.java:92)
	... 43 more
Caused by: java.lang.IllegalArgumentException: Unsupported class file major version 68
	at org.jacoco.agent.rt.internal_4742761.asm.ClassReader.<init>(ClassReader.java:200)
	at org.jacoco.agent.rt.internal_4742761.asm.ClassReader.<init>(ClassReader.java:180)
	at org.jacoco.agent.rt.internal_4742761.asm.ClassReader.<init>(ClassReader.java:166)
	at org.jacoco.agent.rt.internal_4742761.core.internal.instr.InstrSupport.classReaderFor(InstrSupport.java:280)
	at org.jacoco.agent.rt.internal_4742761.core.instr.Instrumenter.instrument(Instrumenter.java:77)
	at org.jacoco.agent.rt.internal_4742761.core.instr.Instrumenter.instrument(Instrumenter.java:109)
	... 44 more
java.lang.instrument.IllegalClassFormatException: Error while instrumenting jdk/internal/net/http/common/SequentialScheduler$TryEndDeferredCompleter with JaCoCo 0.8.11.202310140853/f33756c.
	at org.jacoco.agent.rt.internal_4742761.CoverageTransformer.transform(CoverageTransformer.java:94)
	at java.instrument/java.lang.instrument.ClassFileTransformer.transform(ClassFileTransformer.java:257)
	at java.instrument/sun.instrument.TransformerManager.transform(TransformerManager.java:188)
	at java.instrument/sun.instrument.InstrumentationImpl.transform(InstrumentationImpl.java:594)
	at java.base/java.lang.ClassLoader.defineClass2(Native Method)
	at java.base/java.lang.ClassLoader.defineClass(ClassLoader.java:1052)
	at java.base/java.security.SecureClassLoader.defineClass(SecureClassLoader.java:164)
	at java.base/jdk.internal.loader.BuiltinClassLoader.defineClass(BuiltinClassLoader.java:735)
	at java.base/jdk.internal.loader.BuiltinClassLoader.findClassInModuleOrNull(BuiltinClassLoader.java:678)
	at java.base/jdk.internal.loader.BuiltinClassLoader.loadClassOrNull(BuiltinClassLoader.java:604)
	at java.base/jdk.internal.loader.BuiltinClassLoader.loadClass(BuiltinClassLoader.java:578)
	at java.base/java.lang.ClassLoader.loadClass(ClassLoader.java:490)
	at java.net.http/jdk.internal.net.http.Http1Exchange$Http1Publisher.<init>(Http1Exchange.java:749)
	at java.net.http/jdk.internal.net.http.Http1Exchange.<init>(Http1Exchange.java:85)
	at java.net.http/jdk.internal.net.http.ExchangeImpl.createHttp1Exchange(ExchangeImpl.java:176)
	at java.net.http/jdk.internal.net.http.ExchangeImpl.createExchangeImpl(ExchangeImpl.java:159)
	at java.net.http/jdk.internal.net.http.ExchangeImpl.lambda$get$0(ExchangeImpl.java:113)
	at java.base/java.util.concurrent.CompletableFuture.uniHandle(CompletableFuture.java:980)
	at java.base/java.util.concurrent.CompletableFuture.uniHandleStage(CompletableFuture.java:996)
	at java.base/java.util.concurrent.CompletableFuture.handle(CompletableFuture.java:2424)
	at java.net.http/jdk.internal.net.http.ExchangeImpl.get(ExchangeImpl.java:113)
	at java.net.http/jdk.internal.net.http.Exchange.establishExchange(Exchange.java:356)
	at java.net.http/jdk.internal.net.http.Exchange.responseAsyncImpl(Exchange.java:562)
	at java.net.http/jdk.internal.net.http.Exchange.responseAsync(Exchange.java:385)
	at java.net.http/jdk.internal.net.http.MultiExchange.responseAsyncImpl(MultiExchange.java:437)
	at java.net.http/jdk.internal.net.http.MultiExchange.lambda$responseAsync0$0(MultiExchange.java:357)
	at java.base/java.util.concurrent.CompletableFuture$UniCompose.tryFire(CompletableFuture.java:1196)
	at java.base/java.util.concurrent.CompletableFuture.postComplete(CompletableFuture.java:556)
	at java.base/java.util.concurrent.CompletableFuture$AsyncSupply.run(CompletableFuture.java:1819)
	at java.net.http/jdk.internal.net.http.HttpClientImpl$DelegatingExecutor.execute(HttpClientImpl.java:168)
	at java.base/java.util.concurrent.CompletableFuture.completeAsync(CompletableFuture.java:2789)
	at java.net.http/jdk.internal.net.http.MultiExchange.responseAsync(MultiExchange.java:310)
	at java.net.http/jdk.internal.net.http.HttpClientImpl.sendAsync(HttpClientImpl.java:1015)
	at java.net.http/jdk.internal.net.http.HttpClientImpl.send(HttpClientImpl.java:901)
	at java.net.http/jdk.internal.net.http.HttpClientFacade.send(HttpClientFacade.java:133)
	at org.openqa.selenium.remote.http.jdk.JdkHttpClient.execute0(JdkHttpClient.java:459)
	at org.openqa.selenium.remote.http.AddSeleniumUserAgent.lambda$apply$0(AddSeleniumUserAgent.java:42)
	at org.openqa.selenium.remote.http.Filter.lambda$andFinally$1(Filter.java:55)
	at org.openqa.selenium.remote.http.jdk.JdkHttpClient.lambda$executeAsync$2(JdkHttpClient.java:387)
	at java.base/java.util.concurrent.Executors$RunnableAdapter.call(Executors.java:545)
	at java.base/java.util.concurrent.FutureTask.run(FutureTask.java:328)
	at java.base/java.util.concurrent.ThreadPoolExecutor.runWorker(ThreadPoolExecutor.java:1095)
	at java.base/java.util.concurrent.ThreadPoolExecutor$Worker.run(ThreadPoolExecutor.java:619)
	at java.base/java.lang.Thread.run(Thread.java:1447)
Caused by: java.io.IOException: Error while instrumenting jdk/internal/net/http/common/SequentialScheduler$TryEndDeferredCompleter with JaCoCo 0.8.11.202310140853/f33756c.
	at org.jacoco.agent.rt.internal_4742761.core.instr.Instrumenter.instrumentError(Instrumenter.java:161)
	at org.jacoco.agent.rt.internal_4742761.core.instr.Instrumenter.instrument(Instrumenter.java:111)
	at org.jacoco.agent.rt.internal_4742761.CoverageTransformer.transform(CoverageTransformer.java:92)
	... 43 more
Caused by: java.lang.IllegalArgumentException: Unsupported class file major version 68
	at org.jacoco.agent.rt.internal_4742761.asm.ClassReader.<init>(ClassReader.java:200)
	at org.jacoco.agent.rt.internal_4742761.asm.ClassReader.<init>(ClassReader.java:180)
	at org.jacoco.agent.rt.internal_4742761.asm.ClassReader.<init>(ClassReader.java:166)
	at org.jacoco.agent.rt.internal_4742761.core.internal.instr.InstrSupport.classReaderFor(InstrSupport.java:280)
	at org.jacoco.agent.rt.internal_4742761.core.instr.Instrumenter.instrument(Instrumenter.java:77)
	at org.jacoco.agent.rt.internal_4742761.core.instr.Instrumenter.instrument(Instrumenter.java:109)
	... 44 more
java.lang.instrument.IllegalClassFormatException: Error while instrumenting jdk/internal/net/http/common/SequentialScheduler$RestartableTask with JaCoCo 0.8.11.202310140853/f33756c.
	at org.jacoco.agent.rt.internal_4742761.CoverageTransformer.transform(CoverageTransformer.java:94)
	at java.instrument/java.lang.instrument.ClassFileTransformer.transform(ClassFileTransformer.java:257)
	at java.instrument/sun.instrument.TransformerManager.transform(TransformerManager.java:188)
	at java.instrument/sun.instrument.InstrumentationImpl.transform(InstrumentationImpl.java:594)
	at java.base/java.lang.ClassLoader.defineClass2(Native Method)
	at java.base/java.lang.ClassLoader.defineClass(ClassLoader.java:1052)
	at java.base/java.security.SecureClassLoader.defineClass(SecureClassLoader.java:164)
	at java.base/jdk.internal.loader.BuiltinClassLoader.defineClass(BuiltinClassLoader.java:735)
	at java.base/jdk.internal.loader.BuiltinClassLoader.findClassInModuleOrNull(BuiltinClassLoader.java:678)
	at java.base/jdk.internal.loader.BuiltinClassLoader.loadClassOrNull(BuiltinClassLoader.java:604)
	at java.base/jdk.internal.loader.BuiltinClassLoader.loadClass(BuiltinClassLoader.java:578)
	at java.base/java.lang.ClassLoader.loadClass(ClassLoader.java:490)
	at java.net.http/jdk.internal.net.http.Http1Exchange$Http1Publisher.<init>(Http1Exchange.java:749)
	at java.net.http/jdk.internal.net.http.Http1Exchange.<init>(Http1Exchange.java:85)
	at java.net.http/jdk.internal.net.http.ExchangeImpl.createHttp1Exchange(ExchangeImpl.java:176)
	at java.net.http/jdk.internal.net.http.ExchangeImpl.createExchangeImpl(ExchangeImpl.java:159)
	at java.net.http/jdk.internal.net.http.ExchangeImpl.lambda$get$0(ExchangeImpl.java:113)
	at java.base/java.util.concurrent.CompletableFuture.uniHandle(CompletableFuture.java:980)
	at java.base/java.util.concurrent.CompletableFuture.uniHandleStage(CompletableFuture.java:996)
	at java.base/java.util.concurrent.CompletableFuture.handle(CompletableFuture.java:2424)
	at java.net.http/jdk.internal.net.http.ExchangeImpl.get(ExchangeImpl.java:113)
	at java.net.http/jdk.internal.net.http.Exchange.establishExchange(Exchange.java:356)
	at java.net.http/jdk.internal.net.http.Exchange.responseAsyncImpl(Exchange.java:562)
	at java.net.http/jdk.internal.net.http.Exchange.responseAsync(Exchange.java:385)
	at java.net.http/jdk.internal.net.http.MultiExchange.responseAsyncImpl(MultiExchange.java:437)
	at java.net.http/jdk.internal.net.http.MultiExchange.lambda$responseAsync0$0(MultiExchange.java:357)
	at java.base/java.util.concurrent.CompletableFuture$UniCompose.tryFire(CompletableFuture.java:1196)
	at java.base/java.util.concurrent.CompletableFuture.postComplete(CompletableFuture.java:556)
	at java.base/java.util.concurrent.CompletableFuture$AsyncSupply.run(CompletableFuture.java:1819)
	at java.net.http/jdk.internal.net.http.HttpClientImpl$DelegatingExecutor.execute(HttpClientImpl.java:168)
	at java.base/java.util.concurrent.CompletableFuture.completeAsync(CompletableFuture.java:2789)
	at java.net.http/jdk.internal.net.http.MultiExchange.responseAsync(MultiExchange.java:310)
	at java.net.http/jdk.internal.net.http.HttpClientImpl.sendAsync(HttpClientImpl.java:1015)
	at java.net.http/jdk.internal.net.http.HttpClientImpl.send(HttpClientImpl.java:901)
	at java.net.http/jdk.internal.net.http.HttpClientFacade.send(HttpClientFacade.java:133)
	at org.openqa.selenium.remote.http.jdk.JdkHttpClient.execute0(JdkHttpClient.java:459)
	at org.openqa.selenium.remote.http.AddSeleniumUserAgent.lambda$apply$0(AddSeleniumUserAgent.java:42)
	at org.openqa.selenium.remote.http.Filter.lambda$andFinally$1(Filter.java:55)
	at org.openqa.selenium.remote.http.jdk.JdkHttpClient.lambda$executeAsync$2(JdkHttpClient.java:387)
	at java.base/java.util.concurrent.Executors$RunnableAdapter.call(Executors.java:545)
	at java.base/java.util.concurrent.FutureTask.run(FutureTask.java:328)
	at java.base/java.util.concurrent.ThreadPoolExecutor.runWorker(ThreadPoolExecutor.java:1095)
	at java.base/java.util.concurrent.ThreadPoolExecutor$Worker.run(ThreadPoolExecutor.java:619)
	at java.base/java.lang.Thread.run(Thread.java:1447)
Caused by: java.io.IOException: Error while instrumenting jdk/internal/net/http/common/SequentialScheduler$RestartableTask with JaCoCo 0.8.11.202310140853/f33756c.
	at org.jacoco.agent.rt.internal_4742761.core.instr.Instrumenter.instrumentError(Instrumenter.java:161)
	at org.jacoco.agent.rt.internal_4742761.core.instr.Instrumenter.instrument(Instrumenter.java:111)
	at org.jacoco.agent.rt.internal_4742761.CoverageTransformer.transform(CoverageTransformer.java:92)
	... 43 more
Caused by: java.lang.IllegalArgumentException: Unsupported class file major version 68
	at org.jacoco.agent.rt.internal_4742761.asm.ClassReader.<init>(ClassReader.java:200)
	at org.jacoco.agent.rt.internal_4742761.asm.ClassReader.<init>(ClassReader.java:180)
	at org.jacoco.agent.rt.internal_4742761.asm.ClassReader.<init>(ClassReader.java:166)
	at org.jacoco.agent.rt.internal_4742761.core.internal.instr.InstrSupport.classReaderFor(InstrSupport.java:280)
	at org.jacoco.agent.rt.internal_4742761.core.instr.Instrumenter.instrument(Instrumenter.java:77)
	at org.jacoco.agent.rt.internal_4742761.core.instr.Instrumenter.instrument(Instrumenter.java:109)
	... 44 more
java.lang.instrument.IllegalClassFormatException: Error while instrumenting jdk/internal/net/http/common/SequentialScheduler$LockingRestartableTask with JaCoCo 0.8.11.202310140853/f33756c.
	at org.jacoco.agent.rt.internal_4742761.CoverageTransformer.transform(CoverageTransformer.java:94)
	at java.instrument/java.lang.instrument.ClassFileTransformer.transform(ClassFileTransformer.java:257)
	at java.instrument/sun.instrument.TransformerManager.transform(TransformerManager.java:188)
	at java.instrument/sun.instrument.InstrumentationImpl.transform(InstrumentationImpl.java:594)
	at java.base/java.lang.ClassLoader.defineClass2(Native Method)
	at java.base/java.lang.ClassLoader.defineClass(ClassLoader.java:1052)
	at java.base/java.security.SecureClassLoader.defineClass(SecureClassLoader.java:164)
	at java.base/jdk.internal.loader.BuiltinClassLoader.defineClass(BuiltinClassLoader.java:735)
	at java.base/jdk.internal.loader.BuiltinClassLoader.findClassInModuleOrNull(BuiltinClassLoader.java:678)
	at java.base/jdk.internal.loader.BuiltinClassLoader.loadClassOrNull(BuiltinClassLoader.java:604)
	at java.base/jdk.internal.loader.BuiltinClassLoader.loadClass(BuiltinClassLoader.java:578)
	at java.base/java.lang.ClassLoader.loadClass(ClassLoader.java:490)
	at java.net.http/jdk.internal.net.http.common.SequentialScheduler.lockingScheduler(SequentialScheduler.java:369)
	at java.net.http/jdk.internal.net.http.Http1Exchange$Http1Publisher.<init>(Http1Exchange.java:749)
	at java.net.http/jdk.internal.net.http.Http1Exchange.<init>(Http1Exchange.java:85)
	at java.net.http/jdk.internal.net.http.ExchangeImpl.createHttp1Exchange(ExchangeImpl.java:176)
	at java.net.http/jdk.internal.net.http.ExchangeImpl.createExchangeImpl(ExchangeImpl.java:159)
	at java.net.http/jdk.internal.net.http.ExchangeImpl.lambda$get$0(ExchangeImpl.java:113)
	at java.base/java.util.concurrent.CompletableFuture.uniHandle(CompletableFuture.java:980)
	at java.base/java.util.concurrent.CompletableFuture.uniHandleStage(CompletableFuture.java:996)
	at java.base/java.util.concurrent.CompletableFuture.handle(CompletableFuture.java:2424)
	at java.net.http/jdk.internal.net.http.ExchangeImpl.get(ExchangeImpl.java:113)
	at java.net.http/jdk.internal.net.http.Exchange.establishExchange(Exchange.java:356)
	at java.net.http/jdk.internal.net.http.Exchange.responseAsyncImpl(Exchange.java:562)
	at java.net.http/jdk.internal.net.http.Exchange.responseAsync(Exchange.java:385)
	at java.net.http/jdk.internal.net.http.MultiExchange.responseAsyncImpl(MultiExchange.java:437)
	at java.net.http/jdk.internal.net.http.MultiExchange.lambda$responseAsync0$0(MultiExchange.java:357)
	at java.base/java.util.concurrent.CompletableFuture$UniCompose.tryFire(CompletableFuture.java:1196)
	at java.base/java.util.concurrent.CompletableFuture.postComplete(CompletableFuture.java:556)
	at java.base/java.util.concurrent.CompletableFuture$AsyncSupply.run(CompletableFuture.java:1819)
	at java.net.http/jdk.internal.net.http.HttpClientImpl$DelegatingExecutor.execute(HttpClientImpl.java:168)
	at java.base/java.util.concurrent.CompletableFuture.completeAsync(CompletableFuture.java:2789)
	at java.net.http/jdk.internal.net.http.MultiExchange.responseAsync(MultiExchange.java:310)
	at java.net.http/jdk.internal.net.http.HttpClientImpl.sendAsync(HttpClientImpl.java:1015)
	at java.net.http/jdk.internal.net.http.HttpClientImpl.send(HttpClientImpl.java:901)
	at java.net.http/jdk.internal.net.http.HttpClientFacade.send(HttpClientFacade.java:133)
	at org.openqa.selenium.remote.http.jdk.JdkHttpClient.execute0(JdkHttpClient.java:459)
	at org.openqa.selenium.remote.http.AddSeleniumUserAgent.lambda$apply$0(AddSeleniumUserAgent.java:42)
	at org.openqa.selenium.remote.http.Filter.lambda$andFinally$1(Filter.java:55)
	at org.openqa.selenium.remote.http.jdk.JdkHttpClient.lambda$executeAsync$2(JdkHttpClient.java:387)
	at java.base/java.util.concurrent.Executors$RunnableAdapter.call(Executors.java:545)
	at java.base/java.util.concurrent.FutureTask.run(FutureTask.java:328)
	at java.base/java.util.concurrent.ThreadPoolExecutor.runWorker(ThreadPoolExecutor.java:1095)
	at java.base/java.util.concurrent.ThreadPoolExecutor$Worker.run(ThreadPoolExecutor.java:619)
	at java.base/java.lang.Thread.run(Thread.java:1447)
Caused by: java.io.IOException: Error while instrumenting jdk/internal/net/http/common/SequentialScheduler$LockingRestartableTask with JaCoCo 0.8.11.202310140853/f33756c.
	at org.jacoco.agent.rt.internal_4742761.core.instr.Instrumenter.instrumentError(Instrumenter.java:161)
	at org.jacoco.agent.rt.internal_4742761.core.instr.Instrumenter.instrument(Instrumenter.java:111)
	at org.jacoco.agent.rt.internal_4742761.CoverageTransformer.transform(CoverageTransformer.java:92)
	... 44 more
Caused by: java.lang.IllegalArgumentException: Unsupported class file major version 68
	at org.jacoco.agent.rt.internal_4742761.asm.ClassReader.<init>(ClassReader.java:200)
	at org.jacoco.agent.rt.internal_4742761.asm.ClassReader.<init>(ClassReader.java:180)
	at org.jacoco.agent.rt.internal_4742761.asm.ClassReader.<init>(ClassReader.java:166)
	at org.jacoco.agent.rt.internal_4742761.core.internal.instr.InstrSupport.classReaderFor(InstrSupport.java:280)
	at org.jacoco.agent.rt.internal_4742761.core.instr.Instrumenter.instrument(Instrumenter.java:77)
	at org.jacoco.agent.rt.internal_4742761.core.instr.Instrumenter.instrument(Instrumenter.java:109)
	... 45 more
java.lang.instrument.IllegalClassFormatException: Error while instrumenting jdk/internal/net/http/common/SequentialScheduler$CompleteRestartableTask with JaCoCo 0.8.11.202310140853/f33756c.
	at org.jacoco.agent.rt.internal_4742761.CoverageTransformer.transform(CoverageTransformer.java:94)
	at java.instrument/java.lang.instrument.ClassFileTransformer.transform(ClassFileTransformer.java:257)
	at java.instrument/sun.instrument.TransformerManager.transform(TransformerManager.java:188)
	at java.instrument/sun.instrument.InstrumentationImpl.transform(InstrumentationImpl.java:594)
	at java.base/java.lang.ClassLoader.defineClass2(Native Method)
	at java.base/java.lang.ClassLoader.defineClass(ClassLoader.java:1052)
	at java.base/java.security.SecureClassLoader.defineClass(SecureClassLoader.java:164)
	at java.base/jdk.internal.loader.BuiltinClassLoader.defineClass(BuiltinClassLoader.java:735)
	at java.base/jdk.internal.loader.BuiltinClassLoader.findClassInModuleOrNull(BuiltinClassLoader.java:678)
	at java.base/jdk.internal.loader.BuiltinClassLoader.loadClassOrNull(BuiltinClassLoader.java:604)
	at java.base/jdk.internal.loader.BuiltinClassLoader.loadClass(BuiltinClassLoader.java:578)
	at java.base/java.lang.ClassLoader.loadClass(ClassLoader.java:490)
	at java.base/java.lang.ClassLoader.defineClass2(Native Method)
	at java.base/java.lang.ClassLoader.defineClass(ClassLoader.java:1052)
	at java.base/java.security.SecureClassLoader.defineClass(SecureClassLoader.java:164)
	at java.base/jdk.internal.loader.BuiltinClassLoader.defineClass(BuiltinClassLoader.java:735)
	at java.base/jdk.internal.loader.BuiltinClassLoader.findClassInModuleOrNull(BuiltinClassLoader.java:678)
	at java.base/jdk.internal.loader.BuiltinClassLoader.loadClassOrNull(BuiltinClassLoader.java:604)
	at java.base/jdk.internal.loader.BuiltinClassLoader.loadClass(BuiltinClassLoader.java:578)
	at java.base/java.lang.ClassLoader.loadClass(ClassLoader.java:490)
	at java.net.http/jdk.internal.net.http.common.SequentialScheduler.lockingScheduler(SequentialScheduler.java:369)
	at java.net.http/jdk.internal.net.http.Http1Exchange$Http1Publisher.<init>(Http1Exchange.java:749)
	at java.net.http/jdk.internal.net.http.Http1Exchange.<init>(Http1Exchange.java:85)
	at java.net.http/jdk.internal.net.http.ExchangeImpl.createHttp1Exchange(ExchangeImpl.java:176)
	at java.net.http/jdk.internal.net.http.ExchangeImpl.createExchangeImpl(ExchangeImpl.java:159)
	at java.net.http/jdk.internal.net.http.ExchangeImpl.lambda$get$0(ExchangeImpl.java:113)
	at java.base/java.util.concurrent.CompletableFuture.uniHandle(CompletableFuture.java:980)
	at java.base/java.util.concurrent.CompletableFuture.uniHandleStage(CompletableFuture.java:996)
	at java.base/java.util.concurrent.CompletableFuture.handle(CompletableFuture.java:2424)
	at java.net.http/jdk.internal.net.http.ExchangeImpl.get(ExchangeImpl.java:113)
	at java.net.http/jdk.internal.net.http.Exchange.establishExchange(Exchange.java:356)
	at java.net.http/jdk.internal.net.http.Exchange.responseAsyncImpl(Exchange.java:562)
	at java.net.http/jdk.internal.net.http.Exchange.responseAsync(Exchange.java:385)
	at java.net.http/jdk.internal.net.http.MultiExchange.responseAsyncImpl(MultiExchange.java:437)
	at java.net.http/jdk.internal.net.http.MultiExchange.lambda$responseAsync0$0(MultiExchange.java:357)
	at java.base/java.util.concurrent.CompletableFuture$UniCompose.tryFire(CompletableFuture.java:1196)
	at java.base/java.util.concurrent.CompletableFuture.postComplete(CompletableFuture.java:556)
	at java.base/java.util.concurrent.CompletableFuture$AsyncSupply.run(CompletableFuture.java:1819)
	at java.net.http/jdk.internal.net.http.HttpClientImpl$DelegatingExecutor.execute(HttpClientImpl.java:168)
	at java.base/java.util.concurrent.CompletableFuture.completeAsync(CompletableFuture.java:2789)
	at java.net.http/jdk.internal.net.http.MultiExchange.responseAsync(MultiExchange.java:310)
	at java.net.http/jdk.internal.net.http.HttpClientImpl.sendAsync(HttpClientImpl.java:1015)
	at java.net.http/jdk.internal.net.http.HttpClientImpl.send(HttpClientImpl.java:901)
	at java.net.http/jdk.internal.net.http.HttpClientFacade.send(HttpClientFacade.java:133)
	at org.openqa.selenium.remote.http.jdk.JdkHttpClient.execute0(JdkHttpClient.java:459)
	at org.openqa.selenium.remote.http.AddSeleniumUserAgent.lambda$apply$0(AddSeleniumUserAgent.java:42)
	at org.openqa.selenium.remote.http.Filter.lambda$andFinally$1(Filter.java:55)
	at org.openqa.selenium.remote.http.jdk.JdkHttpClient.lambda$executeAsync$2(JdkHttpClient.java:387)
	at java.base/java.util.concurrent.Executors$RunnableAdapter.call(Executors.java:545)
	at java.base/java.util.concurrent.FutureTask.run(FutureTask.java:328)
	at java.base/java.util.concurrent.ThreadPoolExecutor.runWorker(ThreadPoolExecutor.java:1095)
	at java.base/java.util.concurrent.ThreadPoolExecutor$Worker.run(ThreadPoolExecutor.java:619)
	at java.base/java.lang.Thread.run(Thread.java:1447)
Caused by: java.io.IOException: Error while instrumenting jdk/internal/net/http/common/SequentialScheduler$CompleteRestartableTask with JaCoCo 0.8.11.202310140853/f33756c.
	at org.jacoco.agent.rt.internal_4742761.core.instr.Instrumenter.instrumentError(Instrumenter.java:161)
	at org.jacoco.agent.rt.internal_4742761.core.instr.Instrumenter.instrument(Instrumenter.java:111)
	at org.jacoco.agent.rt.internal_4742761.CoverageTransformer.transform(CoverageTransformer.java:92)
	... 52 more
Caused by: java.lang.IllegalArgumentException: Unsupported class file major version 68
	at org.jacoco.agent.rt.internal_4742761.asm.ClassReader.<init>(ClassReader.java:200)
	at org.jacoco.agent.rt.internal_4742761.asm.ClassReader.<init>(ClassReader.java:180)
	at org.jacoco.agent.rt.internal_4742761.asm.ClassReader.<init>(ClassReader.java:166)
	at org.jacoco.agent.rt.internal_4742761.core.internal.instr.InstrSupport.classReaderFor(InstrSupport.java:280)
	at org.jacoco.agent.rt.internal_4742761.core.instr.Instrumenter.instrument(Instrumenter.java:77)
	at org.jacoco.agent.rt.internal_4742761.core.instr.Instrumenter.instrument(Instrumenter.java:109)
	... 53 more
java.lang.instrument.IllegalClassFormatException: Error while instrumenting jdk/internal/net/http/common/SequentialScheduler$SchedulableTask with JaCoCo 0.8.11.202310140853/f33756c.
	at org.jacoco.agent.rt.internal_4742761.CoverageTransformer.transform(CoverageTransformer.java:94)
	at java.instrument/java.lang.instrument.ClassFileTransformer.transform(ClassFileTransformer.java:257)
	at java.instrument/sun.instrument.TransformerManager.transform(TransformerManager.java:188)
	at java.instrument/sun.instrument.InstrumentationImpl.transform(InstrumentationImpl.java:594)
	at java.base/java.lang.ClassLoader.defineClass2(Native Method)
	at java.base/java.lang.ClassLoader.defineClass(ClassLoader.java:1052)
	at java.base/java.security.SecureClassLoader.defineClass(SecureClassLoader.java:164)
	at java.base/jdk.internal.loader.BuiltinClassLoader.defineClass(BuiltinClassLoader.java:735)
	at java.base/jdk.internal.loader.BuiltinClassLoader.findClassInModuleOrNull(BuiltinClassLoader.java:678)
	at java.base/jdk.internal.loader.BuiltinClassLoader.loadClassOrNull(BuiltinClassLoader.java:604)
	at java.base/jdk.internal.loader.BuiltinClassLoader.loadClass(BuiltinClassLoader.java:578)
	at java.base/java.lang.ClassLoader.loadClass(ClassLoader.java:490)
	at java.net.http/jdk.internal.net.http.common.SequentialScheduler.<init>(SequentialScheduler.java:214)
	at java.net.http/jdk.internal.net.http.common.SequentialScheduler.lockingScheduler(SequentialScheduler.java:369)
	at java.net.http/jdk.internal.net.http.Http1Exchange$Http1Publisher.<init>(Http1Exchange.java:749)
	at java.net.http/jdk.internal.net.http.Http1Exchange.<init>(Http1Exchange.java:85)
	at java.net.http/jdk.internal.net.http.ExchangeImpl.createHttp1Exchange(ExchangeImpl.java:176)
	at java.net.http/jdk.internal.net.http.ExchangeImpl.createExchangeImpl(ExchangeImpl.java:159)
	at java.net.http/jdk.internal.net.http.ExchangeImpl.lambda$get$0(ExchangeImpl.java:113)
	at java.base/java.util.concurrent.CompletableFuture.uniHandle(CompletableFuture.java:980)
	at java.base/java.util.concurrent.CompletableFuture.uniHandleStage(CompletableFuture.java:996)
	at java.base/java.util.concurrent.CompletableFuture.handle(CompletableFuture.java:2424)
	at java.net.http/jdk.internal.net.http.ExchangeImpl.get(ExchangeImpl.java:113)
	at java.net.http/jdk.internal.net.http.Exchange.establishExchange(Exchange.java:356)
	at java.net.http/jdk.internal.net.http.Exchange.responseAsyncImpl(Exchange.java:562)
	at java.net.http/jdk.internal.net.http.Exchange.responseAsync(Exchange.java:385)
	at java.net.http/jdk.internal.net.http.MultiExchange.responseAsyncImpl(MultiExchange.java:437)
	at java.net.http/jdk.internal.net.http.MultiExchange.lambda$responseAsync0$0(MultiExchange.java:357)
	at java.base/java.util.concurrent.CompletableFuture$UniCompose.tryFire(CompletableFuture.java:1196)
	at java.base/java.util.concurrent.CompletableFuture.postComplete(CompletableFuture.java:556)
	at java.base/java.util.concurrent.CompletableFuture$AsyncSupply.run(CompletableFuture.java:1819)
	at java.net.http/jdk.internal.net.http.HttpClientImpl$DelegatingExecutor.execute(HttpClientImpl.java:168)
	at java.base/java.util.concurrent.CompletableFuture.completeAsync(CompletableFuture.java:2789)
	at java.net.http/jdk.internal.net.http.MultiExchange.responseAsync(MultiExchange.java:310)
	at java.net.http/jdk.internal.net.http.HttpClientImpl.sendAsync(HttpClientImpl.java:1015)
	at java.net.http/jdk.internal.net.http.HttpClientImpl.send(HttpClientImpl.java:901)
	at java.net.http/jdk.internal.net.http.HttpClientFacade.send(HttpClientFacade.java:133)
	at org.openqa.selenium.remote.http.jdk.JdkHttpClient.execute0(JdkHttpClient.java:459)
	at org.openqa.selenium.remote.http.AddSeleniumUserAgent.lambda$apply$0(AddSeleniumUserAgent.java:42)
	at org.openqa.selenium.remote.http.Filter.lambda$andFinally$1(Filter.java:55)
	at org.openqa.selenium.remote.http.jdk.JdkHttpClient.lambda$executeAsync$2(JdkHttpClient.java:387)
	at java.base/java.util.concurrent.Executors$RunnableAdapter.call(Executors.java:545)
	at java.base/java.util.concurrent.FutureTask.run(FutureTask.java:328)
	at java.base/java.util.concurrent.ThreadPoolExecutor.runWorker(ThreadPoolExecutor.java:1095)
	at java.base/java.util.concurrent.ThreadPoolExecutor$Worker.run(ThreadPoolExecutor.java:619)
	at java.base/java.lang.Thread.run(Thread.java:1447)
Caused by: java.io.IOException: Error while instrumenting jdk/internal/net/http/common/SequentialScheduler$SchedulableTask with JaCoCo 0.8.11.202310140853/f33756c.
	at org.jacoco.agent.rt.internal_4742761.core.instr.Instrumenter.instrumentError(Instrumenter.java:161)
	at org.jacoco.agent.rt.internal_4742761.core.instr.Instrumenter.instrument(Instrumenter.java:111)
	at org.jacoco.agent.rt.internal_4742761.CoverageTransformer.transform(CoverageTransformer.java:92)
	... 45 more
Caused by: java.lang.IllegalArgumentException: Unsupported class file major version 68
	at org.jacoco.agent.rt.internal_4742761.asm.ClassReader.<init>(ClassReader.java:200)
	at org.jacoco.agent.rt.internal_4742761.asm.ClassReader.<init>(ClassReader.java:180)
	at org.jacoco.agent.rt.internal_4742761.asm.ClassReader.<init>(ClassReader.java:166)
	at org.jacoco.agent.rt.internal_4742761.core.internal.instr.InstrSupport.classReaderFor(InstrSupport.java:280)
	at org.jacoco.agent.rt.internal_4742761.core.instr.Instrumenter.instrument(Instrumenter.java:77)
	at org.jacoco.agent.rt.internal_4742761.core.instr.Instrumenter.instrument(Instrumenter.java:109)
	... 46 more
java.lang.instrument.IllegalClassFormatException: Error while instrumenting jdk/internal/net/http/Http1Exchange$State with JaCoCo 0.8.11.202310140853/f33756c.
	at org.jacoco.agent.rt.internal_4742761.CoverageTransformer.transform(CoverageTransformer.java:94)
	at java.instrument/java.lang.instrument.ClassFileTransformer.transform(ClassFileTransformer.java:257)
	at java.instrument/sun.instrument.TransformerManager.transform(TransformerManager.java:188)
	at java.instrument/sun.instrument.InstrumentationImpl.transform(InstrumentationImpl.java:594)
	at java.base/java.lang.ClassLoader.defineClass2(Native Method)
	at java.base/java.lang.ClassLoader.defineClass(ClassLoader.java:1052)
	at java.base/java.security.SecureClassLoader.defineClass(SecureClassLoader.java:164)
	at java.base/jdk.internal.loader.BuiltinClassLoader.defineClass(BuiltinClassLoader.java:735)
	at java.base/jdk.internal.loader.BuiltinClassLoader.findClassInModuleOrNull(BuiltinClassLoader.java:678)
	at java.base/jdk.internal.loader.BuiltinClassLoader.loadClassOrNull(BuiltinClassLoader.java:604)
	at java.base/jdk.internal.loader.BuiltinClassLoader.loadClass(BuiltinClassLoader.java:578)
	at java.base/java.lang.ClassLoader.loadClass(ClassLoader.java:490)
	at java.net.http/jdk.internal.net.http.Http1Exchange.<init>(Http1Exchange.java:104)
	at java.net.http/jdk.internal.net.http.ExchangeImpl.createHttp1Exchange(ExchangeImpl.java:176)
	at java.net.http/jdk.internal.net.http.ExchangeImpl.createExchangeImpl(ExchangeImpl.java:159)
	at java.net.http/jdk.internal.net.http.ExchangeImpl.lambda$get$0(ExchangeImpl.java:113)
	at java.base/java.util.concurrent.CompletableFuture.uniHandle(CompletableFuture.java:980)
	at java.base/java.util.concurrent.CompletableFuture.uniHandleStage(CompletableFuture.java:996)
	at java.base/java.util.concurrent.CompletableFuture.handle(CompletableFuture.java:2424)
	at java.net.http/jdk.internal.net.http.ExchangeImpl.get(ExchangeImpl.java:113)
	at java.net.http/jdk.internal.net.http.Exchange.establishExchange(Exchange.java:356)
	at java.net.http/jdk.internal.net.http.Exchange.responseAsyncImpl(Exchange.java:562)
	at java.net.http/jdk.internal.net.http.Exchange.responseAsync(Exchange.java:385)
	at java.net.http/jdk.internal.net.http.MultiExchange.responseAsyncImpl(MultiExchange.java:437)
	at java.net.http/jdk.internal.net.http.MultiExchange.lambda$responseAsync0$0(MultiExchange.java:357)
	at java.base/java.util.concurrent.CompletableFuture$UniCompose.tryFire(CompletableFuture.java:1196)
	at java.base/java.util.concurrent.CompletableFuture.postComplete(CompletableFuture.java:556)
	at java.base/java.util.concurrent.CompletableFuture$AsyncSupply.run(CompletableFuture.java:1819)
	at java.net.http/jdk.internal.net.http.HttpClientImpl$DelegatingExecutor.execute(HttpClientImpl.java:168)
	at java.base/java.util.concurrent.CompletableFuture.completeAsync(CompletableFuture.java:2789)
	at java.net.http/jdk.internal.net.http.MultiExchange.responseAsync(MultiExchange.java:310)
	at java.net.http/jdk.internal.net.http.HttpClientImpl.sendAsync(HttpClientImpl.java:1015)
	at java.net.http/jdk.internal.net.http.HttpClientImpl.send(HttpClientImpl.java:901)
	at java.net.http/jdk.internal.net.http.HttpClientFacade.send(HttpClientFacade.java:133)
	at org.openqa.selenium.remote.http.jdk.JdkHttpClient.execute0(JdkHttpClient.java:459)
	at org.openqa.selenium.remote.http.AddSeleniumUserAgent.lambda$apply$0(AddSeleniumUserAgent.java:42)
	at org.openqa.selenium.remote.http.Filter.lambda$andFinally$1(Filter.java:55)
	at org.openqa.selenium.remote.http.jdk.JdkHttpClient.lambda$executeAsync$2(JdkHttpClient.java:387)
	at java.base/java.util.concurrent.Executors$RunnableAdapter.call(Executors.java:545)
	at java.base/java.util.concurrent.FutureTask.run(FutureTask.java:328)
	at java.base/java.util.concurrent.ThreadPoolExecutor.runWorker(ThreadPoolExecutor.java:1095)
	at java.base/java.util.concurrent.ThreadPoolExecutor$Worker.run(ThreadPoolExecutor.java:619)
	at java.base/java.lang.Thread.run(Thread.java:1447)
Caused by: java.io.IOException: Error while instrumenting jdk/internal/net/http/Http1Exchange$State with JaCoCo 0.8.11.202310140853/f33756c.
	at org.jacoco.agent.rt.internal_4742761.core.instr.Instrumenter.instrumentError(Instrumenter.java:161)
	at org.jacoco.agent.rt.internal_4742761.core.instr.Instrumenter.instrument(Instrumenter.java:111)
	at org.jacoco.agent.rt.internal_4742761.CoverageTransformer.transform(CoverageTransformer.java:92)
	... 42 more
Caused by: java.lang.IllegalArgumentException: Unsupported class file major version 68
	at org.jacoco.agent.rt.internal_4742761.asm.ClassReader.<init>(ClassReader.java:200)
	at org.jacoco.agent.rt.internal_4742761.asm.ClassReader.<init>(ClassReader.java:180)
	at org.jacoco.agent.rt.internal_4742761.asm.ClassReader.<init>(ClassReader.java:166)
	at org.jacoco.agent.rt.internal_4742761.core.internal.instr.InstrSupport.classReaderFor(InstrSupport.java:280)
	at org.jacoco.agent.rt.internal_4742761.core.instr.Instrumenter.instrument(Instrumenter.java:77)
	at org.jacoco.agent.rt.internal_4742761.core.instr.Instrumenter.instrument(Instrumenter.java:109)
	... 43 more
java.lang.instrument.IllegalClassFormatException: Error while instrumenting jdk/internal/net/http/ConnectionPool$CacheKey with JaCoCo 0.8.11.202310140853/f33756c.
	at org.jacoco.agent.rt.internal_4742761.CoverageTransformer.transform(CoverageTransformer.java:94)
	at java.instrument/java.lang.instrument.ClassFileTransformer.transform(ClassFileTransformer.java:257)
	at java.instrument/sun.instrument.TransformerManager.transform(TransformerManager.java:188)
	at java.instrument/sun.instrument.InstrumentationImpl.transform(InstrumentationImpl.java:594)
	at java.base/java.lang.ClassLoader.defineClass2(Native Method)
	at java.base/java.lang.ClassLoader.defineClass(ClassLoader.java:1052)
	at java.base/java.security.SecureClassLoader.defineClass(SecureClassLoader.java:164)
	at java.base/jdk.internal.loader.BuiltinClassLoader.defineClass(BuiltinClassLoader.java:735)
	at java.base/jdk.internal.loader.BuiltinClassLoader.findClassInModuleOrNull(BuiltinClassLoader.java:678)
	at java.base/jdk.internal.loader.BuiltinClassLoader.loadClassOrNull(BuiltinClassLoader.java:604)
	at java.base/jdk.internal.loader.BuiltinClassLoader.loadClass(BuiltinClassLoader.java:578)
	at java.base/java.lang.ClassLoader.loadClass(ClassLoader.java:490)
	at java.net.http/jdk.internal.net.http.ConnectionPool.getConnection0(ConnectionPool.java:178)
	at java.net.http/jdk.internal.net.http.ConnectionPool.getConnection(ConnectionPool.java:166)
	at java.net.http/jdk.internal.net.http.HttpConnection.getConnection(HttpConnection.java:271)
	at java.net.http/jdk.internal.net.http.Http1Exchange.<init>(Http1Exchange.java:246)
	at java.net.http/jdk.internal.net.http.ExchangeImpl.createHttp1Exchange(ExchangeImpl.java:176)
	at java.net.http/jdk.internal.net.http.ExchangeImpl.createExchangeImpl(ExchangeImpl.java:159)
	at java.net.http/jdk.internal.net.http.ExchangeImpl.lambda$get$0(ExchangeImpl.java:113)
	at java.base/java.util.concurrent.CompletableFuture.uniHandle(CompletableFuture.java:980)
	at java.base/java.util.concurrent.CompletableFuture.uniHandleStage(CompletableFuture.java:996)
	at java.base/java.util.concurrent.CompletableFuture.handle(CompletableFuture.java:2424)
	at java.net.http/jdk.internal.net.http.ExchangeImpl.get(ExchangeImpl.java:113)
	at java.net.http/jdk.internal.net.http.Exchange.establishExchange(Exchange.java:356)
	at java.net.http/jdk.internal.net.http.Exchange.responseAsyncImpl(Exchange.java:562)
	at java.net.http/jdk.internal.net.http.Exchange.responseAsync(Exchange.java:385)
	at java.net.http/jdk.internal.net.http.MultiExchange.responseAsyncImpl(MultiExchange.java:437)
	at java.net.http/jdk.internal.net.http.MultiExchange.lambda$responseAsync0$0(MultiExchange.java:357)
	at java.base/java.util.concurrent.CompletableFuture$UniCompose.tryFire(CompletableFuture.java:1196)
	at java.base/java.util.concurrent.CompletableFuture.postComplete(CompletableFuture.java:556)
	at java.base/java.util.concurrent.CompletableFuture$AsyncSupply.run(CompletableFuture.java:1819)
	at java.net.http/jdk.internal.net.http.HttpClientImpl$DelegatingExecutor.execute(HttpClientImpl.java:168)
	at java.base/java.util.concurrent.CompletableFuture.completeAsync(CompletableFuture.java:2789)
	at java.net.http/jdk.internal.net.http.MultiExchange.responseAsync(MultiExchange.java:310)
	at java.net.http/jdk.internal.net.http.HttpClientImpl.sendAsync(HttpClientImpl.java:1015)
	at java.net.http/jdk.internal.net.http.HttpClientImpl.send(HttpClientImpl.java:901)
	at java.net.http/jdk.internal.net.http.HttpClientFacade.send(HttpClientFacade.java:133)
	at org.openqa.selenium.remote.http.jdk.JdkHttpClient.execute0(JdkHttpClient.java:459)
	at org.openqa.selenium.remote.http.AddSeleniumUserAgent.lambda$apply$0(AddSeleniumUserAgent.java:42)
	at org.openqa.selenium.remote.http.Filter.lambda$andFinally$1(Filter.java:55)
	at org.openqa.selenium.remote.http.jdk.JdkHttpClient.lambda$executeAsync$2(JdkHttpClient.java:387)
	at java.base/java.util.concurrent.Executors$RunnableAdapter.call(Executors.java:545)
	at java.base/java.util.concurrent.FutureTask.run(FutureTask.java:328)
	at java.base/java.util.concurrent.ThreadPoolExecutor.runWorker(ThreadPoolExecutor.java:1095)
	at java.base/java.util.concurrent.ThreadPoolExecutor$Worker.run(ThreadPoolExecutor.java:619)
	at java.base/java.lang.Thread.run(Thread.java:1447)
Caused by: java.io.IOException: Error while instrumenting jdk/internal/net/http/ConnectionPool$CacheKey with JaCoCo 0.8.11.202310140853/f33756c.
	at org.jacoco.agent.rt.internal_4742761.core.instr.Instrumenter.instrumentError(Instrumenter.java:161)
	at org.jacoco.agent.rt.internal_4742761.core.instr.Instrumenter.instrument(Instrumenter.java:111)
	at org.jacoco.agent.rt.internal_4742761.CoverageTransformer.transform(CoverageTransformer.java:92)
	... 45 more
Caused by: java.lang.IllegalArgumentException: Unsupported class file major version 68
	at org.jacoco.agent.rt.internal_4742761.asm.ClassReader.<init>(ClassReader.java:200)
	at org.jacoco.agent.rt.internal_4742761.asm.ClassReader.<init>(ClassReader.java:180)
	at org.jacoco.agent.rt.internal_4742761.asm.ClassReader.<init>(ClassReader.java:166)
	at org.jacoco.agent.rt.internal_4742761.core.internal.instr.InstrSupport.classReaderFor(InstrSupport.java:280)
	at org.jacoco.agent.rt.internal_4742761.core.instr.Instrumenter.instrument(Instrumenter.java:77)
	at org.jacoco.agent.rt.internal_4742761.core.instr.Instrumenter.instrument(Instrumenter.java:109)
	... 46 more
java.lang.instrument.IllegalClassFormatException: Error while instrumenting jdk/internal/net/http/PlainHttpConnection$ConnectTimerEvent with JaCoCo 0.8.11.202310140853/f33756c.
	at org.jacoco.agent.rt.internal_4742761.CoverageTransformer.transform(CoverageTransformer.java:94)
	at java.instrument/java.lang.instrument.ClassFileTransformer.transform(ClassFileTransformer.java:257)
	at java.instrument/sun.instrument.TransformerManager.transform(TransformerManager.java:188)
	at java.instrument/sun.instrument.InstrumentationImpl.transform(InstrumentationImpl.java:594)
	at java.base/java.lang.ClassLoader.defineClass2(Native Method)
	at java.base/java.lang.ClassLoader.defineClass(ClassLoader.java:1052)
	at java.base/java.security.SecureClassLoader.defineClass(SecureClassLoader.java:164)
	at java.base/jdk.internal.loader.BuiltinClassLoader.defineClass(BuiltinClassLoader.java:735)
	at java.base/jdk.internal.loader.BuiltinClassLoader.findClassInModuleOrNull(BuiltinClassLoader.java:678)
	at java.base/jdk.internal.loader.BuiltinClassLoader.loadClassOrNull(BuiltinClassLoader.java:604)
	at java.base/jdk.internal.loader.BuiltinClassLoader.loadClass(BuiltinClassLoader.java:578)
	at java.base/java.lang.ClassLoader.loadClass(ClassLoader.java:490)
	at java.net.http/jdk.internal.net.http.HttpConnection.getPlainConnection(HttpConnection.java:389)
	at java.net.http/jdk.internal.net.http.HttpConnection.getConnection(HttpConnection.java:279)
	at java.net.http/jdk.internal.net.http.Http1Exchange.<init>(Http1Exchange.java:246)
	at java.net.http/jdk.internal.net.http.ExchangeImpl.createHttp1Exchange(ExchangeImpl.java:176)
	at java.net.http/jdk.internal.net.http.ExchangeImpl.createExchangeImpl(ExchangeImpl.java:159)
	at java.net.http/jdk.internal.net.http.ExchangeImpl.lambda$get$0(ExchangeImpl.java:113)
	at java.base/java.util.concurrent.CompletableFuture.uniHandle(CompletableFuture.java:980)
	at java.base/java.util.concurrent.CompletableFuture.uniHandleStage(CompletableFuture.java:996)
	at java.base/java.util.concurrent.CompletableFuture.handle(CompletableFuture.java:2424)
	at java.net.http/jdk.internal.net.http.ExchangeImpl.get(ExchangeImpl.java:113)
	at java.net.http/jdk.internal.net.http.Exchange.establishExchange(Exchange.java:356)
	at java.net.http/jdk.internal.net.http.Exchange.responseAsyncImpl(Exchange.java:562)
	at java.net.http/jdk.internal.net.http.Exchange.responseAsync(Exchange.java:385)
	at java.net.http/jdk.internal.net.http.MultiExchange.responseAsyncImpl(MultiExchange.java:437)
	at java.net.http/jdk.internal.net.http.MultiExchange.lambda$responseAsync0$0(MultiExchange.java:357)
	at java.base/java.util.concurrent.CompletableFuture$UniCompose.tryFire(CompletableFuture.java:1196)
	at java.base/java.util.concurrent.CompletableFuture.postComplete(CompletableFuture.java:556)
	at java.base/java.util.concurrent.CompletableFuture$AsyncSupply.run(CompletableFuture.java:1819)
	at java.net.http/jdk.internal.net.http.HttpClientImpl$DelegatingExecutor.execute(HttpClientImpl.java:168)
	at java.base/java.util.concurrent.CompletableFuture.completeAsync(CompletableFuture.java:2789)
	at java.net.http/jdk.internal.net.http.MultiExchange.responseAsync(MultiExchange.java:310)
	at java.net.http/jdk.internal.net.http.HttpClientImpl.sendAsync(HttpClientImpl.java:1015)
	at java.net.http/jdk.internal.net.http.HttpClientImpl.send(HttpClientImpl.java:901)
	at java.net.http/jdk.internal.net.http.HttpClientFacade.send(HttpClientFacade.java:133)
	at org.openqa.selenium.remote.http.jdk.JdkHttpClient.execute0(JdkHttpClient.java:459)
	at org.openqa.selenium.remote.http.AddSeleniumUserAgent.lambda$apply$0(AddSeleniumUserAgent.java:42)
	at org.openqa.selenium.remote.http.Filter.lambda$andFinally$1(Filter.java:55)
	at org.openqa.selenium.remote.http.jdk.JdkHttpClient.lambda$executeAsync$2(JdkHttpClient.java:387)
	at java.base/java.util.concurrent.Executors$RunnableAdapter.call(Executors.java:545)
	at java.base/java.util.concurrent.FutureTask.run(FutureTask.java:328)
	at java.base/java.util.concurrent.ThreadPoolExecutor.runWorker(ThreadPoolExecutor.java:1095)
	at java.base/java.util.concurrent.ThreadPoolExecutor$Worker.run(ThreadPoolExecutor.java:619)
	at java.base/java.lang.Thread.run(Thread.java:1447)
Caused by: java.io.IOException: Error while instrumenting jdk/internal/net/http/PlainHttpConnection$ConnectTimerEvent with JaCoCo 0.8.11.202310140853/f33756c.
	at org.jacoco.agent.rt.internal_4742761.core.instr.Instrumenter.instrumentError(Instrumenter.java:161)
	at org.jacoco.agent.rt.internal_4742761.core.instr.Instrumenter.instrument(Instrumenter.java:111)
	at org.jacoco.agent.rt.internal_4742761.CoverageTransformer.transform(CoverageTransformer.java:92)
	... 44 more
Caused by: java.lang.IllegalArgumentException: Unsupported class file major version 68
	at org.jacoco.agent.rt.internal_4742761.asm.ClassReader.<init>(ClassReader.java:200)
	at org.jacoco.agent.rt.internal_4742761.asm.ClassReader.<init>(ClassReader.java:180)
	at org.jacoco.agent.rt.internal_4742761.asm.ClassReader.<init>(ClassReader.java:166)
	at org.jacoco.agent.rt.internal_4742761.core.internal.instr.InstrSupport.classReaderFor(InstrSupport.java:280)
	at org.jacoco.agent.rt.internal_4742761.core.instr.Instrumenter.instrument(Instrumenter.java:77)
	at org.jacoco.agent.rt.internal_4742761.core.instr.Instrumenter.instrument(Instrumenter.java:109)
	... 45 more
java.lang.instrument.IllegalClassFormatException: Error while instrumenting jdk/internal/net/http/HttpConnection$HttpPublisher with JaCoCo 0.8.11.202310140853/f33756c.
	at org.jacoco.agent.rt.internal_4742761.CoverageTransformer.transform(CoverageTransformer.java:94)
	at java.instrument/java.lang.instrument.ClassFileTransformer.transform(ClassFileTransformer.java:257)
	at java.instrument/sun.instrument.TransformerManager.transform(TransformerManager.java:188)
	at java.instrument/sun.instrument.InstrumentationImpl.transform(InstrumentationImpl.java:594)
	at java.base/java.lang.ClassLoader.defineClass2(Native Method)
	at java.base/java.lang.ClassLoader.defineClass(ClassLoader.java:1052)
	at java.base/java.security.SecureClassLoader.defineClass(SecureClassLoader.java:164)
	at java.base/jdk.internal.loader.BuiltinClassLoader.defineClass(BuiltinClassLoader.java:735)
	at java.base/jdk.internal.loader.BuiltinClassLoader.findClassInModuleOrNull(BuiltinClassLoader.java:678)
	at java.base/jdk.internal.loader.BuiltinClassLoader.loadClassOrNull(BuiltinClassLoader.java:604)
	at java.base/jdk.internal.loader.BuiltinClassLoader.loadClass(BuiltinClassLoader.java:578)
	at java.base/java.lang.ClassLoader.loadClass(ClassLoader.java:490)
	at java.net.http/jdk.internal.net.http.HttpConnection.getPlainConnection(HttpConnection.java:389)
	at java.net.http/jdk.internal.net.http.HttpConnection.getConnection(HttpConnection.java:279)
	at java.net.http/jdk.internal.net.http.Http1Exchange.<init>(Http1Exchange.java:246)
	at java.net.http/jdk.internal.net.http.ExchangeImpl.createHttp1Exchange(ExchangeImpl.java:176)
	at java.net.http/jdk.internal.net.http.ExchangeImpl.createExchangeImpl(ExchangeImpl.java:159)
	at java.net.http/jdk.internal.net.http.ExchangeImpl.lambda$get$0(ExchangeImpl.java:113)
	at java.base/java.util.concurrent.CompletableFuture.uniHandle(CompletableFuture.java:980)
	at java.base/java.util.concurrent.CompletableFuture.uniHandleStage(CompletableFuture.java:996)
	at java.base/java.util.concurrent.CompletableFuture.handle(CompletableFuture.java:2424)
	at java.net.http/jdk.internal.net.http.ExchangeImpl.get(ExchangeImpl.java:113)
	at java.net.http/jdk.internal.net.http.Exchange.establishExchange(Exchange.java:356)
	at java.net.http/jdk.internal.net.http.Exchange.responseAsyncImpl(Exchange.java:562)
	at java.net.http/jdk.internal.net.http.Exchange.responseAsync(Exchange.java:385)
	at java.net.http/jdk.internal.net.http.MultiExchange.responseAsyncImpl(MultiExchange.java:437)
	at java.net.http/jdk.internal.net.http.MultiExchange.lambda$responseAsync0$0(MultiExchange.java:357)
	at java.base/java.util.concurrent.CompletableFuture$UniCompose.tryFire(CompletableFuture.java:1196)
	at java.base/java.util.concurrent.CompletableFuture.postComplete(CompletableFuture.java:556)
	at java.base/java.util.concurrent.CompletableFuture$AsyncSupply.run(CompletableFuture.java:1819)
	at java.net.http/jdk.internal.net.http.HttpClientImpl$DelegatingExecutor.execute(HttpClientImpl.java:168)
	at java.base/java.util.concurrent.CompletableFuture.completeAsync(CompletableFuture.java:2789)
	at java.net.http/jdk.internal.net.http.MultiExchange.responseAsync(MultiExchange.java:310)
	at java.net.http/jdk.internal.net.http.HttpClientImpl.sendAsync(HttpClientImpl.java:1015)
	at java.net.http/jdk.internal.net.http.HttpClientImpl.send(HttpClientImpl.java:901)
	at java.net.http/jdk.internal.net.http.HttpClientFacade.send(HttpClientFacade.java:133)
	at org.openqa.selenium.remote.http.jdk.JdkHttpClient.execute0(JdkHttpClient.java:459)
	at org.openqa.selenium.remote.http.AddSeleniumUserAgent.lambda$apply$0(AddSeleniumUserAgent.java:42)
	at org.openqa.selenium.remote.http.Filter.lambda$andFinally$1(Filter.java:55)
	at org.openqa.selenium.remote.http.jdk.JdkHttpClient.lambda$executeAsync$2(JdkHttpClient.java:387)
	at java.base/java.util.concurrent.Executors$RunnableAdapter.call(Executors.java:545)
	at java.base/java.util.concurrent.FutureTask.run(FutureTask.java:328)
	at java.base/java.util.concurrent.ThreadPoolExecutor.runWorker(ThreadPoolExecutor.java:1095)
	at java.base/java.util.concurrent.ThreadPoolExecutor$Worker.run(ThreadPoolExecutor.java:619)
	at java.base/java.lang.Thread.run(Thread.java:1447)
Caused by: java.io.IOException: Error while instrumenting jdk/internal/net/http/HttpConnection$HttpPublisher with JaCoCo 0.8.11.202310140853/f33756c.
	at org.jacoco.agent.rt.internal_4742761.core.instr.Instrumenter.instrumentError(Instrumenter.java:161)
	at org.jacoco.agent.rt.internal_4742761.core.instr.Instrumenter.instrument(Instrumenter.java:111)
	at org.jacoco.agent.rt.internal_4742761.CoverageTransformer.transform(CoverageTransformer.java:92)
	... 44 more
Caused by: java.lang.IllegalArgumentException: Unsupported class file major version 68
	at org.jacoco.agent.rt.internal_4742761.asm.ClassReader.<init>(ClassReader.java:200)
	at org.jacoco.agent.rt.internal_4742761.asm.ClassReader.<init>(ClassReader.java:180)
	at org.jacoco.agent.rt.internal_4742761.asm.ClassReader.<init>(ClassReader.java:166)
	at org.jacoco.agent.rt.internal_4742761.core.internal.instr.InstrSupport.classReaderFor(InstrSupport.java:280)
	at org.jacoco.agent.rt.internal_4742761.core.instr.Instrumenter.instrument(Instrumenter.java:77)
	at org.jacoco.agent.rt.internal_4742761.core.instr.Instrumenter.instrument(Instrumenter.java:109)
	... 45 more
java.lang.instrument.IllegalClassFormatException: Error while instrumenting jdk/internal/net/http/common/FlowTube with JaCoCo 0.8.11.202310140853/f33756c.
	at org.jacoco.agent.rt.internal_4742761.CoverageTransformer.transform(CoverageTransformer.java:94)
	at java.instrument/java.lang.instrument.ClassFileTransformer.transform(ClassFileTransformer.java:257)
	at java.instrument/sun.instrument.TransformerManager.transform(TransformerManager.java:188)
	at java.instrument/sun.instrument.InstrumentationImpl.transform(InstrumentationImpl.java:594)
	at java.base/java.lang.ClassLoader.defineClass2(Native Method)
	at java.base/java.lang.ClassLoader.defineClass(ClassLoader.java:1052)
	at java.base/java.security.SecureClassLoader.defineClass(SecureClassLoader.java:164)
	at java.base/jdk.internal.loader.BuiltinClassLoader.defineClass(BuiltinClassLoader.java:735)
	at java.base/jdk.internal.loader.BuiltinClassLoader.findClassInModuleOrNull(BuiltinClassLoader.java:678)
	at java.base/jdk.internal.loader.BuiltinClassLoader.loadClassOrNull(BuiltinClassLoader.java:604)
	at java.base/jdk.internal.loader.BuiltinClassLoader.loadClass(BuiltinClassLoader.java:578)
	at java.base/java.lang.ClassLoader.loadClass(ClassLoader.java:490)
	at java.net.http/jdk.internal.net.http.HttpConnection.getPlainConnection(HttpConnection.java:389)
	at java.net.http/jdk.internal.net.http.HttpConnection.getConnection(HttpConnection.java:279)
	at java.net.http/jdk.internal.net.http.Http1Exchange.<init>(Http1Exchange.java:246)
	at java.net.http/jdk.internal.net.http.ExchangeImpl.createHttp1Exchange(ExchangeImpl.java:176)
	at java.net.http/jdk.internal.net.http.ExchangeImpl.createExchangeImpl(ExchangeImpl.java:159)
	at java.net.http/jdk.internal.net.http.ExchangeImpl.lambda$get$0(ExchangeImpl.java:113)
	at java.base/java.util.concurrent.CompletableFuture.uniHandle(CompletableFuture.java:980)
	at java.base/java.util.concurrent.CompletableFuture.uniHandleStage(CompletableFuture.java:996)
	at java.base/java.util.concurrent.CompletableFuture.handle(CompletableFuture.java:2424)
	at java.net.http/jdk.internal.net.http.ExchangeImpl.get(ExchangeImpl.java:113)
	at java.net.http/jdk.internal.net.http.Exchange.establishExchange(Exchange.java:356)
	at java.net.http/jdk.internal.net.http.Exchange.responseAsyncImpl(Exchange.java:562)
	at java.net.http/jdk.internal.net.http.Exchange.responseAsync(Exchange.java:385)
	at java.net.http/jdk.internal.net.http.MultiExchange.responseAsyncImpl(MultiExchange.java:437)
	at java.net.http/jdk.internal.net.http.MultiExchange.lambda$responseAsync0$0(MultiExchange.java:357)
	at java.base/java.util.concurrent.CompletableFuture$UniCompose.tryFire(CompletableFuture.java:1196)
	at java.base/java.util.concurrent.CompletableFuture.postComplete(CompletableFuture.java:556)
	at java.base/java.util.concurrent.CompletableFuture$AsyncSupply.run(CompletableFuture.java:1819)
	at java.net.http/jdk.internal.net.http.HttpClientImpl$DelegatingExecutor.execute(HttpClientImpl.java:168)
	at java.base/java.util.concurrent.CompletableFuture.completeAsync(CompletableFuture.java:2789)
	at java.net.http/jdk.internal.net.http.MultiExchange.responseAsync(MultiExchange.java:310)
	at java.net.http/jdk.internal.net.http.HttpClientImpl.sendAsync(HttpClientImpl.java:1015)
	at java.net.http/jdk.internal.net.http.HttpClientImpl.send(HttpClientImpl.java:901)
	at java.net.http/jdk.internal.net.http.HttpClientFacade.send(HttpClientFacade.java:133)
	at org.openqa.selenium.remote.http.jdk.JdkHttpClient.execute0(JdkHttpClient.java:459)
	at org.openqa.selenium.remote.http.AddSeleniumUserAgent.lambda$apply$0(AddSeleniumUserAgent.java:42)
	at org.openqa.selenium.remote.http.Filter.lambda$andFinally$1(Filter.java:55)
	at org.openqa.selenium.remote.http.jdk.JdkHttpClient.lambda$executeAsync$2(JdkHttpClient.java:387)
	at java.base/java.util.concurrent.Executors$RunnableAdapter.call(Executors.java:545)
	at java.base/java.util.concurrent.FutureTask.run(FutureTask.java:328)
	at java.base/java.util.concurrent.ThreadPoolExecutor.runWorker(ThreadPoolExecutor.java:1095)
	at java.base/java.util.concurrent.ThreadPoolExecutor$Worker.run(ThreadPoolExecutor.java:619)
	at java.base/java.lang.Thread.run(Thread.java:1447)
Caused by: java.io.IOException: Error while instrumenting jdk/internal/net/http/common/FlowTube with JaCoCo 0.8.11.202310140853/f33756c.
	at org.jacoco.agent.rt.internal_4742761.core.instr.Instrumenter.instrumentError(Instrumenter.java:161)
	at org.jacoco.agent.rt.internal_4742761.core.instr.Instrumenter.instrument(Instrumenter.java:111)
	at org.jacoco.agent.rt.internal_4742761.CoverageTransformer.transform(CoverageTransformer.java:92)
	... 44 more
Caused by: java.lang.IllegalArgumentException: Unsupported class file major version 68
	at org.jacoco.agent.rt.internal_4742761.asm.ClassReader.<init>(ClassReader.java:200)
	at org.jacoco.agent.rt.internal_4742761.asm.ClassReader.<init>(ClassReader.java:180)
	at org.jacoco.agent.rt.internal_4742761.asm.ClassReader.<init>(ClassReader.java:166)
	at org.jacoco.agent.rt.internal_4742761.core.internal.instr.InstrSupport.classReaderFor(InstrSupport.java:280)
	at org.jacoco.agent.rt.internal_4742761.core.instr.Instrumenter.instrument(Instrumenter.java:77)
	at org.jacoco.agent.rt.internal_4742761.core.instr.Instrumenter.instrument(Instrumenter.java:109)
	... 45 more
java.lang.instrument.IllegalClassFormatException: Error while instrumenting jdk/internal/net/http/AsyncEvent with JaCoCo 0.8.11.202310140853/f33756c.
	at org.jacoco.agent.rt.internal_4742761.CoverageTransformer.transform(CoverageTransformer.java:94)
	at java.instrument/java.lang.instrument.ClassFileTransformer.transform(ClassFileTransformer.java:257)
	at java.instrument/sun.instrument.TransformerManager.transform(TransformerManager.java:188)
	at java.instrument/sun.instrument.InstrumentationImpl.transform(InstrumentationImpl.java:594)
	at java.base/java.lang.ClassLoader.defineClass2(Native Method)
	at java.base/java.lang.ClassLoader.defineClass(ClassLoader.java:1052)
	at java.base/java.security.SecureClassLoader.defineClass(SecureClassLoader.java:164)
	at java.base/jdk.internal.loader.BuiltinClassLoader.defineClass(BuiltinClassLoader.java:735)
	at java.base/jdk.internal.loader.BuiltinClassLoader.findClassInModuleOrNull(BuiltinClassLoader.java:678)
	at java.base/jdk.internal.loader.BuiltinClassLoader.loadClassOrNull(BuiltinClassLoader.java:604)
	at java.base/jdk.internal.loader.BuiltinClassLoader.loadClass(BuiltinClassLoader.java:578)
	at java.base/java.lang.ClassLoader.loadClass(ClassLoader.java:490)
	at java.net.http/jdk.internal.net.http.HttpConnection.getPlainConnection(HttpConnection.java:389)
	at java.net.http/jdk.internal.net.http.HttpConnection.getConnection(HttpConnection.java:279)
	at java.net.http/jdk.internal.net.http.Http1Exchange.<init>(Http1Exchange.java:246)
	at java.net.http/jdk.internal.net.http.ExchangeImpl.createHttp1Exchange(ExchangeImpl.java:176)
	at java.net.http/jdk.internal.net.http.ExchangeImpl.createExchangeImpl(ExchangeImpl.java:159)
	at java.net.http/jdk.internal.net.http.ExchangeImpl.lambda$get$0(ExchangeImpl.java:113)
	at java.base/java.util.concurrent.CompletableFuture.uniHandle(CompletableFuture.java:980)
	at java.base/java.util.concurrent.CompletableFuture.uniHandleStage(CompletableFuture.java:996)
	at java.base/java.util.concurrent.CompletableFuture.handle(CompletableFuture.java:2424)
	at java.net.http/jdk.internal.net.http.ExchangeImpl.get(ExchangeImpl.java:113)
	at java.net.http/jdk.internal.net.http.Exchange.establishExchange(Exchange.java:356)
	at java.net.http/jdk.internal.net.http.Exchange.responseAsyncImpl(Exchange.java:562)
	at java.net.http/jdk.internal.net.http.Exchange.responseAsync(Exchange.java:385)
	at java.net.http/jdk.internal.net.http.MultiExchange.responseAsyncImpl(MultiExchange.java:437)
	at java.net.http/jdk.internal.net.http.MultiExchange.lambda$responseAsync0$0(MultiExchange.java:357)
	at java.base/java.util.concurrent.CompletableFuture$UniCompose.tryFire(CompletableFuture.java:1196)
	at java.base/java.util.concurrent.CompletableFuture.postComplete(CompletableFuture.java:556)
	at java.base/java.util.concurrent.CompletableFuture$AsyncSupply.run(CompletableFuture.java:1819)
	at java.net.http/jdk.internal.net.http.HttpClientImpl$DelegatingExecutor.execute(HttpClientImpl.java:168)
	at java.base/java.util.concurrent.CompletableFuture.completeAsync(CompletableFuture.java:2789)
	at java.net.http/jdk.internal.net.http.MultiExchange.responseAsync(MultiExchange.java:310)
	at java.net.http/jdk.internal.net.http.HttpClientImpl.sendAsync(HttpClientImpl.java:1015)
	at java.net.http/jdk.internal.net.http.HttpClientImpl.send(HttpClientImpl.java:901)
	at java.net.http/jdk.internal.net.http.HttpClientFacade.send(HttpClientFacade.java:133)
	at org.openqa.selenium.remote.http.jdk.JdkHttpClient.execute0(JdkHttpClient.java:459)
	at org.openqa.selenium.remote.http.AddSeleniumUserAgent.lambda$apply$0(AddSeleniumUserAgent.java:42)
	at org.openqa.selenium.remote.http.Filter.lambda$andFinally$1(Filter.java:55)
	at org.openqa.selenium.remote.http.jdk.JdkHttpClient.lambda$executeAsync$2(JdkHttpClient.java:387)
	at java.base/java.util.concurrent.Executors$RunnableAdapter.call(Executors.java:545)
	at java.base/java.util.concurrent.FutureTask.run(FutureTask.java:328)
	at java.base/java.util.concurrent.ThreadPoolExecutor.runWorker(ThreadPoolExecutor.java:1095)
	at java.base/java.util.concurrent.ThreadPoolExecutor$Worker.run(ThreadPoolExecutor.java:619)
	at java.base/java.lang.Thread.run(Thread.java:1447)
Caused by: java.io.IOException: Error while instrumenting jdk/internal/net/http/AsyncEvent with JaCoCo 0.8.11.202310140853/f33756c.
	at org.jacoco.agent.rt.internal_4742761.core.instr.Instrumenter.instrumentError(Instrumenter.java:161)
	at org.jacoco.agent.rt.internal_4742761.core.instr.Instrumenter.instrument(Instrumenter.java:111)
	at org.jacoco.agent.rt.internal_4742761.CoverageTransformer.transform(CoverageTransformer.java:92)
	... 44 more
Caused by: java.lang.IllegalArgumentException: Unsupported class file major version 68
	at org.jacoco.agent.rt.internal_4742761.asm.ClassReader.<init>(ClassReader.java:200)
	at org.jacoco.agent.rt.internal_4742761.asm.ClassReader.<init>(ClassReader.java:180)
	at org.jacoco.agent.rt.internal_4742761.asm.ClassReader.<init>(ClassReader.java:166)
	at org.jacoco.agent.rt.internal_4742761.core.internal.instr.InstrSupport.classReaderFor(InstrSupport.java:280)
	at org.jacoco.agent.rt.internal_4742761.core.instr.Instrumenter.instrument(Instrumenter.java:77)
	at org.jacoco.agent.rt.internal_4742761.core.instr.Instrumenter.instrument(Instrumenter.java:109)
	... 45 more
java.lang.instrument.IllegalClassFormatException: Error while instrumenting jdk/internal/net/http/PlainHttpConnection$ConnectEvent with JaCoCo 0.8.11.202310140853/f33756c.
	at org.jacoco.agent.rt.internal_4742761.CoverageTransformer.transform(CoverageTransformer.java:94)
	at java.instrument/java.lang.instrument.ClassFileTransformer.transform(ClassFileTransformer.java:257)
	at java.instrument/sun.instrument.TransformerManager.transform(TransformerManager.java:188)
	at java.instrument/sun.instrument.InstrumentationImpl.transform(InstrumentationImpl.java:594)
	at java.base/java.lang.ClassLoader.defineClass2(Native Method)
	at java.base/java.lang.ClassLoader.defineClass(ClassLoader.java:1052)
	at java.base/java.security.SecureClassLoader.defineClass(SecureClassLoader.java:164)
	at java.base/jdk.internal.loader.BuiltinClassLoader.defineClass(BuiltinClassLoader.java:735)
	at java.base/jdk.internal.loader.BuiltinClassLoader.findClassInModuleOrNull(BuiltinClassLoader.java:678)
	at java.base/jdk.internal.loader.BuiltinClassLoader.loadClassOrNull(BuiltinClassLoader.java:604)
	at java.base/jdk.internal.loader.BuiltinClassLoader.loadClass(BuiltinClassLoader.java:578)
	at java.base/java.lang.ClassLoader.loadClass(ClassLoader.java:490)
	at java.net.http/jdk.internal.net.http.HttpConnection.getPlainConnection(HttpConnection.java:389)
	at java.net.http/jdk.internal.net.http.HttpConnection.getConnection(HttpConnection.java:279)
	at java.net.http/jdk.internal.net.http.Http1Exchange.<init>(Http1Exchange.java:246)
	at java.net.http/jdk.internal.net.http.ExchangeImpl.createHttp1Exchange(ExchangeImpl.java:176)
	at java.net.http/jdk.internal.net.http.ExchangeImpl.createExchangeImpl(ExchangeImpl.java:159)
	at java.net.http/jdk.internal.net.http.ExchangeImpl.lambda$get$0(ExchangeImpl.java:113)
	at java.base/java.util.concurrent.CompletableFuture.uniHandle(CompletableFuture.java:980)
	at java.base/java.util.concurrent.CompletableFuture.uniHandleStage(CompletableFuture.java:996)
	at java.base/java.util.concurrent.CompletableFuture.handle(CompletableFuture.java:2424)
	at java.net.http/jdk.internal.net.http.ExchangeImpl.get(ExchangeImpl.java:113)
	at java.net.http/jdk.internal.net.http.Exchange.establishExchange(Exchange.java:356)
	at java.net.http/jdk.internal.net.http.Exchange.responseAsyncImpl(Exchange.java:562)
	at java.net.http/jdk.internal.net.http.Exchange.responseAsync(Exchange.java:385)
	at java.net.http/jdk.internal.net.http.MultiExchange.responseAsyncImpl(MultiExchange.java:437)
	at java.net.http/jdk.internal.net.http.MultiExchange.lambda$responseAsync0$0(MultiExchange.java:357)
	at java.base/java.util.concurrent.CompletableFuture$UniCompose.tryFire(CompletableFuture.java:1196)
	at java.base/java.util.concurrent.CompletableFuture.postComplete(CompletableFuture.java:556)
	at java.base/java.util.concurrent.CompletableFuture$AsyncSupply.run(CompletableFuture.java:1819)
	at java.net.http/jdk.internal.net.http.HttpClientImpl$DelegatingExecutor.execute(HttpClientImpl.java:168)
	at java.base/java.util.concurrent.CompletableFuture.completeAsync(CompletableFuture.java:2789)
	at java.net.http/jdk.internal.net.http.MultiExchange.responseAsync(MultiExchange.java:310)
	at java.net.http/jdk.internal.net.http.HttpClientImpl.sendAsync(HttpClientImpl.java:1015)
	at java.net.http/jdk.internal.net.http.HttpClientImpl.send(HttpClientImpl.java:901)
	at java.net.http/jdk.internal.net.http.HttpClientFacade.send(HttpClientFacade.java:133)
	at org.openqa.selenium.remote.http.jdk.JdkHttpClient.execute0(JdkHttpClient.java:459)
	at org.openqa.selenium.remote.http.AddSeleniumUserAgent.lambda$apply$0(AddSeleniumUserAgent.java:42)
	at org.openqa.selenium.remote.http.Filter.lambda$andFinally$1(Filter.java:55)
	at org.openqa.selenium.remote.http.jdk.JdkHttpClient.lambda$executeAsync$2(JdkHttpClient.java:387)
	at java.base/java.util.concurrent.Executors$RunnableAdapter.call(Executors.java:545)
	at java.base/java.util.concurrent.FutureTask.run(FutureTask.java:328)
	at java.base/java.util.concurrent.ThreadPoolExecutor.runWorker(ThreadPoolExecutor.java:1095)
	at java.base/java.util.concurrent.ThreadPoolExecutor$Worker.run(ThreadPoolExecutor.java:619)
	at java.base/java.lang.Thread.run(Thread.java:1447)
Caused by: java.io.IOException: Error while instrumenting jdk/internal/net/http/PlainHttpConnection$ConnectEvent with JaCoCo 0.8.11.202310140853/f33756c.
	at org.jacoco.agent.rt.internal_4742761.core.instr.Instrumenter.instrumentError(Instrumenter.java:161)
	at org.jacoco.agent.rt.internal_4742761.core.instr.Instrumenter.instrument(Instrumenter.java:111)
	at org.jacoco.agent.rt.internal_4742761.CoverageTransformer.transform(CoverageTransformer.java:92)
	... 44 more
Caused by: java.lang.IllegalArgumentException: Unsupported class file major version 68
	at org.jacoco.agent.rt.internal_4742761.asm.ClassReader.<init>(ClassReader.java:200)
	at org.jacoco.agent.rt.internal_4742761.asm.ClassReader.<init>(ClassReader.java:180)
	at org.jacoco.agent.rt.internal_4742761.asm.ClassReader.<init>(ClassReader.java:166)
	at org.jacoco.agent.rt.internal_4742761.core.internal.instr.InstrSupport.classReaderFor(InstrSupport.java:280)
	at org.jacoco.agent.rt.internal_4742761.core.instr.Instrumenter.instrument(Instrumenter.java:77)
	at org.jacoco.agent.rt.internal_4742761.core.instr.Instrumenter.instrument(Instrumenter.java:109)
	... 45 more
java.lang.instrument.IllegalClassFormatException: Error while instrumenting jdk/internal/net/http/HttpConnection$TrailingOperations with JaCoCo 0.8.11.202310140853/f33756c.
	at org.jacoco.agent.rt.internal_4742761.CoverageTransformer.transform(CoverageTransformer.java:94)
	at java.instrument/java.lang.instrument.ClassFileTransformer.transform(ClassFileTransformer.java:257)
	at java.instrument/sun.instrument.TransformerManager.transform(TransformerManager.java:188)
	at java.instrument/sun.instrument.InstrumentationImpl.transform(InstrumentationImpl.java:594)
	at java.base/java.lang.ClassLoader.defineClass2(Native Method)
	at java.base/java.lang.ClassLoader.defineClass(ClassLoader.java:1052)
	at java.base/java.security.SecureClassLoader.defineClass(SecureClassLoader.java:164)
	at java.base/jdk.internal.loader.BuiltinClassLoader.defineClass(BuiltinClassLoader.java:735)
	at java.base/jdk.internal.loader.BuiltinClassLoader.findClassInModuleOrNull(BuiltinClassLoader.java:678)
	at java.base/jdk.internal.loader.BuiltinClassLoader.loadClassOrNull(BuiltinClassLoader.java:604)
	at java.base/jdk.internal.loader.BuiltinClassLoader.loadClass(BuiltinClassLoader.java:578)
	at java.base/java.lang.ClassLoader.loadClass(ClassLoader.java:490)
	at java.net.http/jdk.internal.net.http.HttpConnection.<init>(HttpConnection.java:88)
	at java.net.http/jdk.internal.net.http.PlainHttpConnection.<init>(PlainHttpConnection.java:305)
	at java.net.http/jdk.internal.net.http.HttpConnection.getPlainConnection(HttpConnection.java:389)
	at java.net.http/jdk.internal.net.http.HttpConnection.getConnection(HttpConnection.java:279)
	at java.net.http/jdk.internal.net.http.Http1Exchange.<init>(Http1Exchange.java:246)
	at java.net.http/jdk.internal.net.http.ExchangeImpl.createHttp1Exchange(ExchangeImpl.java:176)
	at java.net.http/jdk.internal.net.http.ExchangeImpl.createExchangeImpl(ExchangeImpl.java:159)
	at java.net.http/jdk.internal.net.http.ExchangeImpl.lambda$get$0(ExchangeImpl.java:113)
	at java.base/java.util.concurrent.CompletableFuture.uniHandle(CompletableFuture.java:980)
	at java.base/java.util.concurrent.CompletableFuture.uniHandleStage(CompletableFuture.java:996)
	at java.base/java.util.concurrent.CompletableFuture.handle(CompletableFuture.java:2424)
	at java.net.http/jdk.internal.net.http.ExchangeImpl.get(ExchangeImpl.java:113)
	at java.net.http/jdk.internal.net.http.Exchange.establishExchange(Exchange.java:356)
	at java.net.http/jdk.internal.net.http.Exchange.responseAsyncImpl(Exchange.java:562)
	at java.net.http/jdk.internal.net.http.Exchange.responseAsync(Exchange.java:385)
	at java.net.http/jdk.internal.net.http.MultiExchange.responseAsyncImpl(MultiExchange.java:437)
	at java.net.http/jdk.internal.net.http.MultiExchange.lambda$responseAsync0$0(MultiExchange.java:357)
	at java.base/java.util.concurrent.CompletableFuture$UniCompose.tryFire(CompletableFuture.java:1196)
	at java.base/java.util.concurrent.CompletableFuture.postComplete(CompletableFuture.java:556)
	at java.base/java.util.concurrent.CompletableFuture$AsyncSupply.run(CompletableFuture.java:1819)
	at java.net.http/jdk.internal.net.http.HttpClientImpl$DelegatingExecutor.execute(HttpClientImpl.java:168)
	at java.base/java.util.concurrent.CompletableFuture.completeAsync(CompletableFuture.java:2789)
	at java.net.http/jdk.internal.net.http.MultiExchange.responseAsync(MultiExchange.java:310)
	at java.net.http/jdk.internal.net.http.HttpClientImpl.sendAsync(HttpClientImpl.java:1015)
	at java.net.http/jdk.internal.net.http.HttpClientImpl.send(HttpClientImpl.java:901)
	at java.net.http/jdk.internal.net.http.HttpClientFacade.send(HttpClientFacade.java:133)
	at org.openqa.selenium.remote.http.jdk.JdkHttpClient.execute0(JdkHttpClient.java:459)
	at org.openqa.selenium.remote.http.AddSeleniumUserAgent.lambda$apply$0(AddSeleniumUserAgent.java:42)
	at org.openqa.selenium.remote.http.Filter.lambda$andFinally$1(Filter.java:55)
	at org.openqa.selenium.remote.http.jdk.JdkHttpClient.lambda$executeAsync$2(JdkHttpClient.java:387)
	at java.base/java.util.concurrent.Executors$RunnableAdapter.call(Executors.java:545)
	at java.base/java.util.concurrent.FutureTask.run(FutureTask.java:328)
	at java.base/java.util.concurrent.ThreadPoolExecutor.runWorker(ThreadPoolExecutor.java:1095)
	at java.base/java.util.concurrent.ThreadPoolExecutor$Worker.run(ThreadPoolExecutor.java:619)
	at java.base/java.lang.Thread.run(Thread.java:1447)
Caused by: java.io.IOException: Error while instrumenting jdk/internal/net/http/HttpConnection$TrailingOperations with JaCoCo 0.8.11.202310140853/f33756c.
	at org.jacoco.agent.rt.internal_4742761.core.instr.Instrumenter.instrumentError(Instrumenter.java:161)
	at org.jacoco.agent.rt.internal_4742761.core.instr.Instrumenter.instrument(Instrumenter.java:111)
	at org.jacoco.agent.rt.internal_4742761.CoverageTransformer.transform(CoverageTransformer.java:92)
	... 46 more
Caused by: java.lang.IllegalArgumentException: Unsupported class file major version 68
	at org.jacoco.agent.rt.internal_4742761.asm.ClassReader.<init>(ClassReader.java:200)
	at org.jacoco.agent.rt.internal_4742761.asm.ClassReader.<init>(ClassReader.java:180)
	at org.jacoco.agent.rt.internal_4742761.asm.ClassReader.<init>(ClassReader.java:166)
	at org.jacoco.agent.rt.internal_4742761.core.internal.instr.InstrSupport.classReaderFor(InstrSupport.java:280)
	at org.jacoco.agent.rt.internal_4742761.core.instr.Instrumenter.instrument(Instrumenter.java:77)
	at org.jacoco.agent.rt.internal_4742761.core.instr.Instrumenter.instrument(Instrumenter.java:109)
	... 47 more
java.lang.instrument.IllegalClassFormatException: Error while instrumenting jdk/internal/net/http/HttpConnection$PlainHttpPublisher with JaCoCo 0.8.11.202310140853/f33756c.
	at org.jacoco.agent.rt.internal_4742761.CoverageTransformer.transform(CoverageTransformer.java:94)
	at java.instrument/java.lang.instrument.ClassFileTransformer.transform(ClassFileTransformer.java:257)
	at java.instrument/sun.instrument.TransformerManager.transform(TransformerManager.java:188)
	at java.instrument/sun.instrument.InstrumentationImpl.transform(InstrumentationImpl.java:594)
	at java.base/java.lang.ClassLoader.defineClass2(Native Method)
	at java.base/java.lang.ClassLoader.defineClass(ClassLoader.java:1052)
	at java.base/java.security.SecureClassLoader.defineClass(SecureClassLoader.java:164)
	at java.base/jdk.internal.loader.BuiltinClassLoader.defineClass(BuiltinClassLoader.java:735)
	at java.base/jdk.internal.loader.BuiltinClassLoader.findClassInModuleOrNull(BuiltinClassLoader.java:678)
	at java.base/jdk.internal.loader.BuiltinClassLoader.loadClassOrNull(BuiltinClassLoader.java:604)
	at java.base/jdk.internal.loader.BuiltinClassLoader.loadClass(BuiltinClassLoader.java:578)
	at java.base/java.lang.ClassLoader.loadClass(ClassLoader.java:490)
	at java.net.http/jdk.internal.net.http.PlainHttpConnection.<init>(PlainHttpConnection.java:55)
	at java.net.http/jdk.internal.net.http.HttpConnection.getPlainConnection(HttpConnection.java:389)
	at java.net.http/jdk.internal.net.http.HttpConnection.getConnection(HttpConnection.java:279)
	at java.net.http/jdk.internal.net.http.Http1Exchange.<init>(Http1Exchange.java:246)
	at java.net.http/jdk.internal.net.http.ExchangeImpl.createHttp1Exchange(ExchangeImpl.java:176)
	at java.net.http/jdk.internal.net.http.ExchangeImpl.createExchangeImpl(ExchangeImpl.java:159)
	at java.net.http/jdk.internal.net.http.ExchangeImpl.lambda$get$0(ExchangeImpl.java:113)
	at java.base/java.util.concurrent.CompletableFuture.uniHandle(CompletableFuture.java:980)
	at java.base/java.util.concurrent.CompletableFuture.uniHandleStage(CompletableFuture.java:996)
	at java.base/java.util.concurrent.CompletableFuture.handle(CompletableFuture.java:2424)
	at java.net.http/jdk.internal.net.http.ExchangeImpl.get(ExchangeImpl.java:113)
	at java.net.http/jdk.internal.net.http.Exchange.establishExchange(Exchange.java:356)
	at java.net.http/jdk.internal.net.http.Exchange.responseAsyncImpl(Exchange.java:562)
	at java.net.http/jdk.internal.net.http.Exchange.responseAsync(Exchange.java:385)
	at java.net.http/jdk.internal.net.http.MultiExchange.responseAsyncImpl(MultiExchange.java:437)
	at java.net.http/jdk.internal.net.http.MultiExchange.lambda$responseAsync0$0(MultiExchange.java:357)
	at java.base/java.util.concurrent.CompletableFuture$UniCompose.tryFire(CompletableFuture.java:1196)
	at java.base/java.util.concurrent.CompletableFuture.postComplete(CompletableFuture.java:556)
	at java.base/java.util.concurrent.CompletableFuture$AsyncSupply.run(CompletableFuture.java:1819)
	at java.net.http/jdk.internal.net.http.HttpClientImpl$DelegatingExecutor.execute(HttpClientImpl.java:168)
	at java.base/java.util.concurrent.CompletableFuture.completeAsync(CompletableFuture.java:2789)
	at java.net.http/jdk.internal.net.http.MultiExchange.responseAsync(MultiExchange.java:310)
	at java.net.http/jdk.internal.net.http.HttpClientImpl.sendAsync(HttpClientImpl.java:1015)
	at java.net.http/jdk.internal.net.http.HttpClientImpl.send(HttpClientImpl.java:901)
	at java.net.http/jdk.internal.net.http.HttpClientFacade.send(HttpClientFacade.java:133)
	at org.openqa.selenium.remote.http.jdk.JdkHttpClient.execute0(JdkHttpClient.java:459)
	at org.openqa.selenium.remote.http.AddSeleniumUserAgent.lambda$apply$0(AddSeleniumUserAgent.java:42)
	at org.openqa.selenium.remote.http.Filter.lambda$andFinally$1(Filter.java:55)
	at org.openqa.selenium.remote.http.jdk.JdkHttpClient.lambda$executeAsync$2(JdkHttpClient.java:387)
	at java.base/java.util.concurrent.Executors$RunnableAdapter.call(Executors.java:545)
	at java.base/java.util.concurrent.FutureTask.run(FutureTask.java:328)
	at java.base/java.util.concurrent.ThreadPoolExecutor.runWorker(ThreadPoolExecutor.java:1095)
	at java.base/java.util.concurrent.ThreadPoolExecutor$Worker.run(ThreadPoolExecutor.java:619)
	at java.base/java.lang.Thread.run(Thread.java:1447)
Caused by: java.io.IOException: Error while instrumenting jdk/internal/net/http/HttpConnection$PlainHttpPublisher with JaCoCo 0.8.11.202310140853/f33756c.
	at org.jacoco.agent.rt.internal_4742761.core.instr.Instrumenter.instrumentError(Instrumenter.java:161)
	at org.jacoco.agent.rt.internal_4742761.core.instr.Instrumenter.instrument(Instrumenter.java:111)
	at org.jacoco.agent.rt.internal_4742761.CoverageTransformer.transform(CoverageTransformer.java:92)
	... 45 more
Caused by: java.lang.IllegalArgumentException: Unsupported class file major version 68
	at org.jacoco.agent.rt.internal_4742761.asm.ClassReader.<init>(ClassReader.java:200)
	at org.jacoco.agent.rt.internal_4742761.asm.ClassReader.<init>(ClassReader.java:180)
	at org.jacoco.agent.rt.internal_4742761.asm.ClassReader.<init>(ClassReader.java:166)
	at org.jacoco.agent.rt.internal_4742761.core.internal.instr.InstrSupport.classReaderFor(InstrSupport.java:280)
	at org.jacoco.agent.rt.internal_4742761.core.instr.Instrumenter.instrument(Instrumenter.java:77)
	at org.jacoco.agent.rt.internal_4742761.core.instr.Instrumenter.instrument(Instrumenter.java:109)
	... 46 more
java.lang.instrument.IllegalClassFormatException: Error while instrumenting jdk/internal/net/http/SocketTube with JaCoCo 0.8.11.202310140853/f33756c.
	at org.jacoco.agent.rt.internal_4742761.CoverageTransformer.transform(CoverageTransformer.java:94)
	at java.instrument/java.lang.instrument.ClassFileTransformer.transform(ClassFileTransformer.java:257)
	at java.instrument/sun.instrument.TransformerManager.transform(TransformerManager.java:188)
	at java.instrument/sun.instrument.InstrumentationImpl.transform(InstrumentationImpl.java:594)
	at java.base/java.lang.ClassLoader.defineClass2(Native Method)
	at java.base/java.lang.ClassLoader.defineClass(ClassLoader.java:1052)
	at java.base/java.security.SecureClassLoader.defineClass(SecureClassLoader.java:164)
	at java.base/jdk.internal.loader.BuiltinClassLoader.defineClass(BuiltinClassLoader.java:735)
	at java.base/jdk.internal.loader.BuiltinClassLoader.findClassInModuleOrNull(BuiltinClassLoader.java:678)
	at java.base/jdk.internal.loader.BuiltinClassLoader.loadClassOrNull(BuiltinClassLoader.java:604)
	at java.base/jdk.internal.loader.BuiltinClassLoader.loadClass(BuiltinClassLoader.java:578)
	at java.base/java.lang.ClassLoader.loadClass(ClassLoader.java:490)
	at java.net.http/jdk.internal.net.http.PlainHttpConnection.<init>(PlainHttpConnection.java:329)
	at java.net.http/jdk.internal.net.http.HttpConnection.getPlainConnection(HttpConnection.java:389)
	at java.net.http/jdk.internal.net.http.HttpConnection.getConnection(HttpConnection.java:279)
	at java.net.http/jdk.internal.net.http.Http1Exchange.<init>(Http1Exchange.java:246)
	at java.net.http/jdk.internal.net.http.ExchangeImpl.createHttp1Exchange(ExchangeImpl.java:176)
	at java.net.http/jdk.internal.net.http.ExchangeImpl.createExchangeImpl(ExchangeImpl.java:159)
	at java.net.http/jdk.internal.net.http.ExchangeImpl.lambda$get$0(ExchangeImpl.java:113)
	at java.base/java.util.concurrent.CompletableFuture.uniHandle(CompletableFuture.java:980)
	at java.base/java.util.concurrent.CompletableFuture.uniHandleStage(CompletableFuture.java:996)
	at java.base/java.util.concurrent.CompletableFuture.handle(CompletableFuture.java:2424)
	at java.net.http/jdk.internal.net.http.ExchangeImpl.get(ExchangeImpl.java:113)
	at java.net.http/jdk.internal.net.http.Exchange.establishExchange(Exchange.java:356)
	at java.net.http/jdk.internal.net.http.Exchange.responseAsyncImpl(Exchange.java:562)
	at java.net.http/jdk.internal.net.http.Exchange.responseAsync(Exchange.java:385)
	at java.net.http/jdk.internal.net.http.MultiExchange.responseAsyncImpl(MultiExchange.java:437)
	at java.net.http/jdk.internal.net.http.MultiExchange.lambda$responseAsync0$0(MultiExchange.java:357)
	at java.base/java.util.concurrent.CompletableFuture$UniCompose.tryFire(CompletableFuture.java:1196)
	at java.base/java.util.concurrent.CompletableFuture.postComplete(CompletableFuture.java:556)
	at java.base/java.util.concurrent.CompletableFuture$AsyncSupply.run(CompletableFuture.java:1819)
	at java.net.http/jdk.internal.net.http.HttpClientImpl$DelegatingExecutor.execute(HttpClientImpl.java:168)
	at java.base/java.util.concurrent.CompletableFuture.completeAsync(CompletableFuture.java:2789)
	at java.net.http/jdk.internal.net.http.MultiExchange.responseAsync(MultiExchange.java:310)
	at java.net.http/jdk.internal.net.http.HttpClientImpl.sendAsync(HttpClientImpl.java:1015)
	at java.net.http/jdk.internal.net.http.HttpClientImpl.send(HttpClientImpl.java:901)
	at java.net.http/jdk.internal.net.http.HttpClientFacade.send(HttpClientFacade.java:133)
	at org.openqa.selenium.remote.http.jdk.JdkHttpClient.execute0(JdkHttpClient.java:459)
	at org.openqa.selenium.remote.http.AddSeleniumUserAgent.lambda$apply$0(AddSeleniumUserAgent.java:42)
	at org.openqa.selenium.remote.http.Filter.lambda$andFinally$1(Filter.java:55)
	at org.openqa.selenium.remote.http.jdk.JdkHttpClient.lambda$executeAsync$2(JdkHttpClient.java:387)
	at java.base/java.util.concurrent.Executors$RunnableAdapter.call(Executors.java:545)
	at java.base/java.util.concurrent.FutureTask.run(FutureTask.java:328)
	at java.base/java.util.concurrent.ThreadPoolExecutor.runWorker(ThreadPoolExecutor.java:1095)
	at java.base/java.util.concurrent.ThreadPoolExecutor$Worker.run(ThreadPoolExecutor.java:619)
	at java.base/java.lang.Thread.run(Thread.java:1447)
Caused by: java.io.IOException: Error while instrumenting jdk/internal/net/http/SocketTube with JaCoCo 0.8.11.202310140853/f33756c.
	at org.jacoco.agent.rt.internal_4742761.core.instr.Instrumenter.instrumentError(Instrumenter.java:161)
	at org.jacoco.agent.rt.internal_4742761.core.instr.Instrumenter.instrument(Instrumenter.java:111)
	at org.jacoco.agent.rt.internal_4742761.CoverageTransformer.transform(CoverageTransformer.java:92)
	... 45 more
Caused by: java.lang.IllegalArgumentException: Unsupported class file major version 68
	at org.jacoco.agent.rt.internal_4742761.asm.ClassReader.<init>(ClassReader.java:200)
	at org.jacoco.agent.rt.internal_4742761.asm.ClassReader.<init>(ClassReader.java:180)
	at org.jacoco.agent.rt.internal_4742761.asm.ClassReader.<init>(ClassReader.java:166)
	at org.jacoco.agent.rt.internal_4742761.core.internal.instr.InstrSupport.classReaderFor(InstrSupport.java:280)
	at org.jacoco.agent.rt.internal_4742761.core.instr.Instrumenter.instrument(Instrumenter.java:77)
	at org.jacoco.agent.rt.internal_4742761.core.instr.Instrumenter.instrument(Instrumenter.java:109)
	... 46 more
java.lang.instrument.IllegalClassFormatException: Error while instrumenting jdk/internal/net/http/SocketTube$SocketFlowEvent with JaCoCo 0.8.11.202310140853/f33756c.
	at org.jacoco.agent.rt.internal_4742761.CoverageTransformer.transform(CoverageTransformer.java:94)
	at java.instrument/java.lang.instrument.ClassFileTransformer.transform(ClassFileTransformer.java:257)
	at java.instrument/sun.instrument.TransformerManager.transform(TransformerManager.java:188)
	at java.instrument/sun.instrument.InstrumentationImpl.transform(InstrumentationImpl.java:594)
	at java.base/java.lang.ClassLoader.defineClass2(Native Method)
	at java.base/java.lang.ClassLoader.defineClass(ClassLoader.java:1052)
	at java.base/java.security.SecureClassLoader.defineClass(SecureClassLoader.java:164)
	at java.base/jdk.internal.loader.BuiltinClassLoader.defineClass(BuiltinClassLoader.java:735)
	at java.base/jdk.internal.loader.BuiltinClassLoader.findClassInModuleOrNull(BuiltinClassLoader.java:678)
	at java.base/jdk.internal.loader.BuiltinClassLoader.loadClassOrNull(BuiltinClassLoader.java:604)
	at java.base/jdk.internal.loader.BuiltinClassLoader.loadClass(BuiltinClassLoader.java:578)
	at java.base/java.lang.ClassLoader.loadClass(ClassLoader.java:490)
	at java.net.http/jdk.internal.net.http.PlainHttpConnection.<init>(PlainHttpConnection.java:329)
	at java.net.http/jdk.internal.net.http.HttpConnection.getPlainConnection(HttpConnection.java:389)
	at java.net.http/jdk.internal.net.http.HttpConnection.getConnection(HttpConnection.java:279)
	at java.net.http/jdk.internal.net.http.Http1Exchange.<init>(Http1Exchange.java:246)
	at java.net.http/jdk.internal.net.http.ExchangeImpl.createHttp1Exchange(ExchangeImpl.java:176)
	at java.net.http/jdk.internal.net.http.ExchangeImpl.createExchangeImpl(ExchangeImpl.java:159)
	at java.net.http/jdk.internal.net.http.ExchangeImpl.lambda$get$0(ExchangeImpl.java:113)
	at java.base/java.util.concurrent.CompletableFuture.uniHandle(CompletableFuture.java:980)
	at java.base/java.util.concurrent.CompletableFuture.uniHandleStage(CompletableFuture.java:996)
	at java.base/java.util.concurrent.CompletableFuture.handle(CompletableFuture.java:2424)
	at java.net.http/jdk.internal.net.http.ExchangeImpl.get(ExchangeImpl.java:113)
	at java.net.http/jdk.internal.net.http.Exchange.establishExchange(Exchange.java:356)
	at java.net.http/jdk.internal.net.http.Exchange.responseAsyncImpl(Exchange.java:562)
	at java.net.http/jdk.internal.net.http.Exchange.responseAsync(Exchange.java:385)
	at java.net.http/jdk.internal.net.http.MultiExchange.responseAsyncImpl(MultiExchange.java:437)
	at java.net.http/jdk.internal.net.http.MultiExchange.lambda$responseAsync0$0(MultiExchange.java:357)
	at java.base/java.util.concurrent.CompletableFuture$UniCompose.tryFire(CompletableFuture.java:1196)
	at java.base/java.util.concurrent.CompletableFuture.postComplete(CompletableFuture.java:556)
	at java.base/java.util.concurrent.CompletableFuture$AsyncSupply.run(CompletableFuture.java:1819)
	at java.net.http/jdk.internal.net.http.HttpClientImpl$DelegatingExecutor.execute(HttpClientImpl.java:168)
	at java.base/java.util.concurrent.CompletableFuture.completeAsync(CompletableFuture.java:2789)
	at java.net.http/jdk.internal.net.http.MultiExchange.responseAsync(MultiExchange.java:310)
	at java.net.http/jdk.internal.net.http.HttpClientImpl.sendAsync(HttpClientImpl.java:1015)
	at java.net.http/jdk.internal.net.http.HttpClientImpl.send(HttpClientImpl.java:901)
	at java.net.http/jdk.internal.net.http.HttpClientFacade.send(HttpClientFacade.java:133)
	at org.openqa.selenium.remote.http.jdk.JdkHttpClient.execute0(JdkHttpClient.java:459)
	at org.openqa.selenium.remote.http.AddSeleniumUserAgent.lambda$apply$0(AddSeleniumUserAgent.java:42)
	at org.openqa.selenium.remote.http.Filter.lambda$andFinally$1(Filter.java:55)
	at org.openqa.selenium.remote.http.jdk.JdkHttpClient.lambda$executeAsync$2(JdkHttpClient.java:387)
	at java.base/java.util.concurrent.Executors$RunnableAdapter.call(Executors.java:545)
	at java.base/java.util.concurrent.FutureTask.run(FutureTask.java:328)
	at java.base/java.util.concurrent.ThreadPoolExecutor.runWorker(ThreadPoolExecutor.java:1095)
	at java.base/java.util.concurrent.ThreadPoolExecutor$Worker.run(ThreadPoolExecutor.java:619)
	at java.base/java.lang.Thread.run(Thread.java:1447)
Caused by: java.io.IOException: Error while instrumenting jdk/internal/net/http/SocketTube$SocketFlowEvent with JaCoCo 0.8.11.202310140853/f33756c.
	at org.jacoco.agent.rt.internal_4742761.core.instr.Instrumenter.instrumentError(Instrumenter.java:161)
	at org.jacoco.agent.rt.internal_4742761.core.instr.Instrumenter.instrument(Instrumenter.java:111)
	at org.jacoco.agent.rt.internal_4742761.CoverageTransformer.transform(CoverageTransformer.java:92)
	... 45 more
Caused by: java.lang.IllegalArgumentException: Unsupported class file major version 68
	at org.jacoco.agent.rt.internal_4742761.asm.ClassReader.<init>(ClassReader.java:200)
	at org.jacoco.agent.rt.internal_4742761.asm.ClassReader.<init>(ClassReader.java:180)
	at org.jacoco.agent.rt.internal_4742761.asm.ClassReader.<init>(ClassReader.java:166)
	at org.jacoco.agent.rt.internal_4742761.core.internal.instr.InstrSupport.classReaderFor(InstrSupport.java:280)
	at org.jacoco.agent.rt.internal_4742761.core.instr.Instrumenter.instrument(Instrumenter.java:77)
	at org.jacoco.agent.rt.internal_4742761.core.instr.Instrumenter.instrument(Instrumenter.java:109)
	... 46 more
java.lang.instrument.IllegalClassFormatException: Error while instrumenting jdk/internal/net/http/SocketTube$SliceBufferSource with JaCoCo 0.8.11.202310140853/f33756c.
	at org.jacoco.agent.rt.internal_4742761.CoverageTransformer.transform(CoverageTransformer.java:94)
	at java.instrument/java.lang.instrument.ClassFileTransformer.transform(ClassFileTransformer.java:257)
	at java.instrument/sun.instrument.TransformerManager.transform(TransformerManager.java:188)
	at java.instrument/sun.instrument.InstrumentationImpl.transform(InstrumentationImpl.java:594)
	at java.base/java.lang.ClassLoader.defineClass2(Native Method)
	at java.base/java.lang.ClassLoader.defineClass(ClassLoader.java:1052)
	at java.base/java.security.SecureClassLoader.defineClass(SecureClassLoader.java:164)
	at java.base/jdk.internal.loader.BuiltinClassLoader.defineClass(BuiltinClassLoader.java:735)
	at java.base/jdk.internal.loader.BuiltinClassLoader.findClassInModuleOrNull(BuiltinClassLoader.java:678)
	at java.base/jdk.internal.loader.BuiltinClassLoader.loadClassOrNull(BuiltinClassLoader.java:604)
	at java.base/jdk.internal.loader.BuiltinClassLoader.loadClass(BuiltinClassLoader.java:578)
	at java.base/java.lang.ClassLoader.loadClass(ClassLoader.java:490)
	at java.net.http/jdk.internal.net.http.SocketTube.<init>(SocketTube.java:77)
	at java.net.http/jdk.internal.net.http.PlainHttpConnection.<init>(PlainHttpConnection.java:329)
	at java.net.http/jdk.internal.net.http.HttpConnection.getPlainConnection(HttpConnection.java:389)
	at java.net.http/jdk.internal.net.http.HttpConnection.getConnection(HttpConnection.java:279)
	at java.net.http/jdk.internal.net.http.Http1Exchange.<init>(Http1Exchange.java:246)
	at java.net.http/jdk.internal.net.http.ExchangeImpl.createHttp1Exchange(ExchangeImpl.java:176)
	at java.net.http/jdk.internal.net.http.ExchangeImpl.createExchangeImpl(ExchangeImpl.java:159)
	at java.net.http/jdk.internal.net.http.ExchangeImpl.lambda$get$0(ExchangeImpl.java:113)
	at java.base/java.util.concurrent.CompletableFuture.uniHandle(CompletableFuture.java:980)
	at java.base/java.util.concurrent.CompletableFuture.uniHandleStage(CompletableFuture.java:996)
	at java.base/java.util.concurrent.CompletableFuture.handle(CompletableFuture.java:2424)
	at java.net.http/jdk.internal.net.http.ExchangeImpl.get(ExchangeImpl.java:113)
	at java.net.http/jdk.internal.net.http.Exchange.establishExchange(Exchange.java:356)
	at java.net.http/jdk.internal.net.http.Exchange.responseAsyncImpl(Exchange.java:562)
	at java.net.http/jdk.internal.net.http.Exchange.responseAsync(Exchange.java:385)
	at java.net.http/jdk.internal.net.http.MultiExchange.responseAsyncImpl(MultiExchange.java:437)
	at java.net.http/jdk.internal.net.http.MultiExchange.lambda$responseAsync0$0(MultiExchange.java:357)
	at java.base/java.util.concurrent.CompletableFuture$UniCompose.tryFire(CompletableFuture.java:1196)
	at java.base/java.util.concurrent.CompletableFuture.postComplete(CompletableFuture.java:556)
	at java.base/java.util.concurrent.CompletableFuture$AsyncSupply.run(CompletableFuture.java:1819)
	at java.net.http/jdk.internal.net.http.HttpClientImpl$DelegatingExecutor.execute(HttpClientImpl.java:168)
	at java.base/java.util.concurrent.CompletableFuture.completeAsync(CompletableFuture.java:2789)
	at java.net.http/jdk.internal.net.http.MultiExchange.responseAsync(MultiExchange.java:310)
	at java.net.http/jdk.internal.net.http.HttpClientImpl.sendAsync(HttpClientImpl.java:1015)
	at java.net.http/jdk.internal.net.http.HttpClientImpl.send(HttpClientImpl.java:901)
	at java.net.http/jdk.internal.net.http.HttpClientFacade.send(HttpClientFacade.java:133)
	at org.openqa.selenium.remote.http.jdk.JdkHttpClient.execute0(JdkHttpClient.java:459)
	at org.openqa.selenium.remote.http.AddSeleniumUserAgent.lambda$apply$0(AddSeleniumUserAgent.java:42)
	at org.openqa.selenium.remote.http.Filter.lambda$andFinally$1(Filter.java:55)
	at org.openqa.selenium.remote.http.jdk.JdkHttpClient.lambda$executeAsync$2(JdkHttpClient.java:387)
	at java.base/java.util.concurrent.Executors$RunnableAdapter.call(Executors.java:545)
	at java.base/java.util.concurrent.FutureTask.run(FutureTask.java:328)
	at java.base/java.util.concurrent.ThreadPoolExecutor.runWorker(ThreadPoolExecutor.java:1095)
	at java.base/java.util.concurrent.ThreadPoolExecutor$Worker.run(ThreadPoolExecutor.java:619)
	at java.base/java.lang.Thread.run(Thread.java:1447)
Caused by: java.io.IOException: Error while instrumenting jdk/internal/net/http/SocketTube$SliceBufferSource with JaCoCo 0.8.11.202310140853/f33756c.
	at org.jacoco.agent.rt.internal_4742761.core.instr.Instrumenter.instrumentError(Instrumenter.java:161)
	at org.jacoco.agent.rt.internal_4742761.core.instr.Instrumenter.instrument(Instrumenter.java:111)
	at org.jacoco.agent.rt.internal_4742761.CoverageTransformer.transform(CoverageTransformer.java:92)
	... 46 more
Caused by: java.lang.IllegalArgumentException: Unsupported class file major version 68
	at org.jacoco.agent.rt.internal_4742761.asm.ClassReader.<init>(ClassReader.java:200)
	at org.jacoco.agent.rt.internal_4742761.asm.ClassReader.<init>(ClassReader.java:180)
	at org.jacoco.agent.rt.internal_4742761.asm.ClassReader.<init>(ClassReader.java:166)
	at org.jacoco.agent.rt.internal_4742761.core.internal.instr.InstrSupport.classReaderFor(InstrSupport.java:280)
	at org.jacoco.agent.rt.internal_4742761.core.instr.Instrumenter.instrument(Instrumenter.java:77)
	at org.jacoco.agent.rt.internal_4742761.core.instr.Instrumenter.instrument(Instrumenter.java:109)
	... 47 more
java.lang.instrument.IllegalClassFormatException: Error while instrumenting jdk/internal/net/http/SocketTube$BufferSource with JaCoCo 0.8.11.202310140853/f33756c.
	at org.jacoco.agent.rt.internal_4742761.CoverageTransformer.transform(CoverageTransformer.java:94)
	at java.instrument/java.lang.instrument.ClassFileTransformer.transform(ClassFileTransformer.java:257)
	at java.instrument/sun.instrument.TransformerManager.transform(TransformerManager.java:188)
	at java.instrument/sun.instrument.InstrumentationImpl.transform(InstrumentationImpl.java:594)
	at java.base/java.lang.ClassLoader.defineClass2(Native Method)
	at java.base/java.lang.ClassLoader.defineClass(ClassLoader.java:1052)
	at java.base/java.security.SecureClassLoader.defineClass(SecureClassLoader.java:164)
	at java.base/jdk.internal.loader.BuiltinClassLoader.defineClass(BuiltinClassLoader.java:735)
	at java.base/jdk.internal.loader.BuiltinClassLoader.findClassInModuleOrNull(BuiltinClassLoader.java:678)
	at java.base/jdk.internal.loader.BuiltinClassLoader.loadClassOrNull(BuiltinClassLoader.java:604)
	at java.base/jdk.internal.loader.BuiltinClassLoader.loadClass(BuiltinClassLoader.java:578)
	at java.base/java.lang.ClassLoader.loadClass(ClassLoader.java:490)
	at java.base/java.lang.ClassLoader.defineClass2(Native Method)
	at java.base/java.lang.ClassLoader.defineClass(ClassLoader.java:1052)
	at java.base/java.security.SecureClassLoader.defineClass(SecureClassLoader.java:164)
	at java.base/jdk.internal.loader.BuiltinClassLoader.defineClass(BuiltinClassLoader.java:735)
	at java.base/jdk.internal.loader.BuiltinClassLoader.findClassInModuleOrNull(BuiltinClassLoader.java:678)
	at java.base/jdk.internal.loader.BuiltinClassLoader.loadClassOrNull(BuiltinClassLoader.java:604)
	at java.base/jdk.internal.loader.BuiltinClassLoader.loadClass(BuiltinClassLoader.java:578)
	at java.base/java.lang.ClassLoader.loadClass(ClassLoader.java:490)
	at java.net.http/jdk.internal.net.http.SocketTube.<init>(SocketTube.java:77)
	at java.net.http/jdk.internal.net.http.PlainHttpConnection.<init>(PlainHttpConnection.java:329)
	at java.net.http/jdk.internal.net.http.HttpConnection.getPlainConnection(HttpConnection.java:389)
	at java.net.http/jdk.internal.net.http.HttpConnection.getConnection(HttpConnection.java:279)
	at java.net.http/jdk.internal.net.http.Http1Exchange.<init>(Http1Exchange.java:246)
	at java.net.http/jdk.internal.net.http.ExchangeImpl.createHttp1Exchange(ExchangeImpl.java:176)
	at java.net.http/jdk.internal.net.http.ExchangeImpl.createExchangeImpl(ExchangeImpl.java:159)
	at java.net.http/jdk.internal.net.http.ExchangeImpl.lambda$get$0(ExchangeImpl.java:113)
	at java.base/java.util.concurrent.CompletableFuture.uniHandle(CompletableFuture.java:980)
	at java.base/java.util.concurrent.CompletableFuture.uniHandleStage(CompletableFuture.java:996)
	at java.base/java.util.concurrent.CompletableFuture.handle(CompletableFuture.java:2424)
	at java.net.http/jdk.internal.net.http.ExchangeImpl.get(ExchangeImpl.java:113)
	at java.net.http/jdk.internal.net.http.Exchange.establishExchange(Exchange.java:356)
	at java.net.http/jdk.internal.net.http.Exchange.responseAsyncImpl(Exchange.java:562)
	at java.net.http/jdk.internal.net.http.Exchange.responseAsync(Exchange.java:385)
	at java.net.http/jdk.internal.net.http.MultiExchange.responseAsyncImpl(MultiExchange.java:437)
	at java.net.http/jdk.internal.net.http.MultiExchange.lambda$responseAsync0$0(MultiExchange.java:357)
	at java.base/java.util.concurrent.CompletableFuture$UniCompose.tryFire(CompletableFuture.java:1196)
	at java.base/java.util.concurrent.CompletableFuture.postComplete(CompletableFuture.java:556)
	at java.base/java.util.concurrent.CompletableFuture$AsyncSupply.run(CompletableFuture.java:1819)
	at java.net.http/jdk.internal.net.http.HttpClientImpl$DelegatingExecutor.execute(HttpClientImpl.java:168)
	at java.base/java.util.concurrent.CompletableFuture.completeAsync(CompletableFuture.java:2789)
	at java.net.http/jdk.internal.net.http.MultiExchange.responseAsync(MultiExchange.java:310)
	at java.net.http/jdk.internal.net.http.HttpClientImpl.sendAsync(HttpClientImpl.java:1015)
	at java.net.http/jdk.internal.net.http.HttpClientImpl.send(HttpClientImpl.java:901)
	at java.net.http/jdk.internal.net.http.HttpClientFacade.send(HttpClientFacade.java:133)
	at org.openqa.selenium.remote.http.jdk.JdkHttpClient.execute0(JdkHttpClient.java:459)
	at org.openqa.selenium.remote.http.AddSeleniumUserAgent.lambda$apply$0(AddSeleniumUserAgent.java:42)
	at org.openqa.selenium.remote.http.Filter.lambda$andFinally$1(Filter.java:55)
	at org.openqa.selenium.remote.http.jdk.JdkHttpClient.lambda$executeAsync$2(JdkHttpClient.java:387)
	at java.base/java.util.concurrent.Executors$RunnableAdapter.call(Executors.java:545)
	at java.base/java.util.concurrent.FutureTask.run(FutureTask.java:328)
	at java.base/java.util.concurrent.ThreadPoolExecutor.runWorker(ThreadPoolExecutor.java:1095)
	at java.base/java.util.concurrent.ThreadPoolExecutor$Worker.run(ThreadPoolExecutor.java:619)
	at java.base/java.lang.Thread.run(Thread.java:1447)
Caused by: java.io.IOException: Error while instrumenting jdk/internal/net/http/SocketTube$BufferSource with JaCoCo 0.8.11.202310140853/f33756c.
	at org.jacoco.agent.rt.internal_4742761.core.instr.Instrumenter.instrumentError(Instrumenter.java:161)
	at org.jacoco.agent.rt.internal_4742761.core.instr.Instrumenter.instrument(Instrumenter.java:111)
	at org.jacoco.agent.rt.internal_4742761.CoverageTransformer.transform(CoverageTransformer.java:92)
	... 54 more
Caused by: java.lang.IllegalArgumentException: Unsupported class file major version 68
	at org.jacoco.agent.rt.internal_4742761.asm.ClassReader.<init>(ClassReader.java:200)
	at org.jacoco.agent.rt.internal_4742761.asm.ClassReader.<init>(ClassReader.java:180)
	at org.jacoco.agent.rt.internal_4742761.asm.ClassReader.<init>(ClassReader.java:166)
	at org.jacoco.agent.rt.internal_4742761.core.internal.instr.InstrSupport.classReaderFor(InstrSupport.java:280)
	at org.jacoco.agent.rt.internal_4742761.core.instr.Instrumenter.instrument(Instrumenter.java:77)
	at org.jacoco.agent.rt.internal_4742761.core.instr.Instrumenter.instrument(Instrumenter.java:109)
	... 55 more
java.lang.instrument.IllegalClassFormatException: Error while instrumenting jdk/internal/net/http/SocketTube$InternalReadPublisher with JaCoCo 0.8.11.202310140853/f33756c.
	at org.jacoco.agent.rt.internal_4742761.CoverageTransformer.transform(CoverageTransformer.java:94)
	at java.instrument/java.lang.instrument.ClassFileTransformer.transform(ClassFileTransformer.java:257)
	at java.instrument/sun.instrument.TransformerManager.transform(TransformerManager.java:188)
	at java.instrument/sun.instrument.InstrumentationImpl.transform(InstrumentationImpl.java:594)
	at java.base/java.lang.ClassLoader.defineClass2(Native Method)
	at java.base/java.lang.ClassLoader.defineClass(ClassLoader.java:1052)
	at java.base/java.security.SecureClassLoader.defineClass(SecureClassLoader.java:164)
	at java.base/jdk.internal.loader.BuiltinClassLoader.defineClass(BuiltinClassLoader.java:735)
	at java.base/jdk.internal.loader.BuiltinClassLoader.findClassInModuleOrNull(BuiltinClassLoader.java:678)
	at java.base/jdk.internal.loader.BuiltinClassLoader.loadClassOrNull(BuiltinClassLoader.java:604)
	at java.base/jdk.internal.loader.BuiltinClassLoader.loadClass(BuiltinClassLoader.java:578)
	at java.base/java.lang.ClassLoader.loadClass(ClassLoader.java:490)
	at java.net.http/jdk.internal.net.http.SocketTube.<init>(SocketTube.java:79)
	at java.net.http/jdk.internal.net.http.PlainHttpConnection.<init>(PlainHttpConnection.java:329)
	at java.net.http/jdk.internal.net.http.HttpConnection.getPlainConnection(HttpConnection.java:389)
	at java.net.http/jdk.internal.net.http.HttpConnection.getConnection(HttpConnection.java:279)
	at java.net.http/jdk.internal.net.http.Http1Exchange.<init>(Http1Exchange.java:246)
	at java.net.http/jdk.internal.net.http.ExchangeImpl.createHttp1Exchange(ExchangeImpl.java:176)
	at java.net.http/jdk.internal.net.http.ExchangeImpl.createExchangeImpl(ExchangeImpl.java:159)
	at java.net.http/jdk.internal.net.http.ExchangeImpl.lambda$get$0(ExchangeImpl.java:113)
	at java.base/java.util.concurrent.CompletableFuture.uniHandle(CompletableFuture.java:980)
	at java.base/java.util.concurrent.CompletableFuture.uniHandleStage(CompletableFuture.java:996)
	at java.base/java.util.concurrent.CompletableFuture.handle(CompletableFuture.java:2424)
	at java.net.http/jdk.internal.net.http.ExchangeImpl.get(ExchangeImpl.java:113)
	at java.net.http/jdk.internal.net.http.Exchange.establishExchange(Exchange.java:356)
	at java.net.http/jdk.internal.net.http.Exchange.responseAsyncImpl(Exchange.java:562)
	at java.net.http/jdk.internal.net.http.Exchange.responseAsync(Exchange.java:385)
	at java.net.http/jdk.internal.net.http.MultiExchange.responseAsyncImpl(MultiExchange.java:437)
	at java.net.http/jdk.internal.net.http.MultiExchange.lambda$responseAsync0$0(MultiExchange.java:357)
	at java.base/java.util.concurrent.CompletableFuture$UniCompose.tryFire(CompletableFuture.java:1196)
	at java.base/java.util.concurrent.CompletableFuture.postComplete(CompletableFuture.java:556)
	at java.base/java.util.concurrent.CompletableFuture$AsyncSupply.run(CompletableFuture.java:1819)
	at java.net.http/jdk.internal.net.http.HttpClientImpl$DelegatingExecutor.execute(HttpClientImpl.java:168)
	at java.base/java.util.concurrent.CompletableFuture.completeAsync(CompletableFuture.java:2789)
	at java.net.http/jdk.internal.net.http.MultiExchange.responseAsync(MultiExchange.java:310)
	at java.net.http/jdk.internal.net.http.HttpClientImpl.sendAsync(HttpClientImpl.java:1015)
	at java.net.http/jdk.internal.net.http.HttpClientImpl.send(HttpClientImpl.java:901)
	at java.net.http/jdk.internal.net.http.HttpClientFacade.send(HttpClientFacade.java:133)
	at org.openqa.selenium.remote.http.jdk.JdkHttpClient.execute0(JdkHttpClient.java:459)
	at org.openqa.selenium.remote.http.AddSeleniumUserAgent.lambda$apply$0(AddSeleniumUserAgent.java:42)
	at org.openqa.selenium.remote.http.Filter.lambda$andFinally$1(Filter.java:55)
	at org.openqa.selenium.remote.http.jdk.JdkHttpClient.lambda$executeAsync$2(JdkHttpClient.java:387)
	at java.base/java.util.concurrent.Executors$RunnableAdapter.call(Executors.java:545)
	at java.base/java.util.concurrent.FutureTask.run(FutureTask.java:328)
	at java.base/java.util.concurrent.ThreadPoolExecutor.runWorker(ThreadPoolExecutor.java:1095)
	at java.base/java.util.concurrent.ThreadPoolExecutor$Worker.run(ThreadPoolExecutor.java:619)
	at java.base/java.lang.Thread.run(Thread.java:1447)
Caused by: java.io.IOException: Error while instrumenting jdk/internal/net/http/SocketTube$InternalReadPublisher with JaCoCo 0.8.11.202310140853/f33756c.
	at org.jacoco.agent.rt.internal_4742761.core.instr.Instrumenter.instrumentError(Instrumenter.java:161)
	at org.jacoco.agent.rt.internal_4742761.core.instr.Instrumenter.instrument(Instrumenter.java:111)
	at org.jacoco.agent.rt.internal_4742761.CoverageTransformer.transform(CoverageTransformer.java:92)
	... 46 more
Caused by: java.lang.IllegalArgumentException: Unsupported class file major version 68
	at org.jacoco.agent.rt.internal_4742761.asm.ClassReader.<init>(ClassReader.java:200)
	at org.jacoco.agent.rt.internal_4742761.asm.ClassReader.<init>(ClassReader.java:180)
	at org.jacoco.agent.rt.internal_4742761.asm.ClassReader.<init>(ClassReader.java:166)
	at org.jacoco.agent.rt.internal_4742761.core.internal.instr.InstrSupport.classReaderFor(InstrSupport.java:280)
	at org.jacoco.agent.rt.internal_4742761.core.instr.Instrumenter.instrument(Instrumenter.java:77)
	at org.jacoco.agent.rt.internal_4742761.core.instr.Instrumenter.instrument(Instrumenter.java:109)
	... 47 more
java.lang.instrument.IllegalClassFormatException: Error while instrumenting jdk/internal/net/http/SocketTube$InternalReadPublisher$InternalReadSubscription with JaCoCo 0.8.11.202310140853/f33756c.
	at org.jacoco.agent.rt.internal_4742761.CoverageTransformer.transform(CoverageTransformer.java:94)
	at java.instrument/java.lang.instrument.ClassFileTransformer.transform(ClassFileTransformer.java:257)
	at java.instrument/sun.instrument.TransformerManager.transform(TransformerManager.java:188)
	at java.instrument/sun.instrument.InstrumentationImpl.transform(InstrumentationImpl.java:594)
	at java.base/java.lang.ClassLoader.defineClass2(Native Method)
	at java.base/java.lang.ClassLoader.defineClass(ClassLoader.java:1052)
	at java.base/java.security.SecureClassLoader.defineClass(SecureClassLoader.java:164)
	at java.base/jdk.internal.loader.BuiltinClassLoader.defineClass(BuiltinClassLoader.java:735)
	at java.base/jdk.internal.loader.BuiltinClassLoader.findClassInModuleOrNull(BuiltinClassLoader.java:678)
	at java.base/jdk.internal.loader.BuiltinClassLoader.loadClassOrNull(BuiltinClassLoader.java:604)
	at java.base/jdk.internal.loader.BuiltinClassLoader.loadClass(BuiltinClassLoader.java:578)
	at java.base/java.lang.ClassLoader.loadClass(ClassLoader.java:490)
	at java.net.http/jdk.internal.net.http.SocketTube$InternalReadPublisher.<init>(SocketTube.java:559)
	at java.net.http/jdk.internal.net.http.SocketTube.<init>(SocketTube.java:79)
	at java.net.http/jdk.internal.net.http.PlainHttpConnection.<init>(PlainHttpConnection.java:329)
	at java.net.http/jdk.internal.net.http.HttpConnection.getPlainConnection(HttpConnection.java:389)
	at java.net.http/jdk.internal.net.http.HttpConnection.getConnection(HttpConnection.java:279)
	at java.net.http/jdk.internal.net.http.Http1Exchange.<init>(Http1Exchange.java:246)
	at java.net.http/jdk.internal.net.http.ExchangeImpl.createHttp1Exchange(ExchangeImpl.java:176)
	at java.net.http/jdk.internal.net.http.ExchangeImpl.createExchangeImpl(ExchangeImpl.java:159)
	at java.net.http/jdk.internal.net.http.ExchangeImpl.lambda$get$0(ExchangeImpl.java:113)
	at java.base/java.util.concurrent.CompletableFuture.uniHandle(CompletableFuture.java:980)
	at java.base/java.util.concurrent.CompletableFuture.uniHandleStage(CompletableFuture.java:996)
	at java.base/java.util.concurrent.CompletableFuture.handle(CompletableFuture.java:2424)
	at java.net.http/jdk.internal.net.http.ExchangeImpl.get(ExchangeImpl.java:113)
	at java.net.http/jdk.internal.net.http.Exchange.establishExchange(Exchange.java:356)
	at java.net.http/jdk.internal.net.http.Exchange.responseAsyncImpl(Exchange.java:562)
	at java.net.http/jdk.internal.net.http.Exchange.responseAsync(Exchange.java:385)
	at java.net.http/jdk.internal.net.http.MultiExchange.responseAsyncImpl(MultiExchange.java:437)
	at java.net.http/jdk.internal.net.http.MultiExchange.lambda$responseAsync0$0(MultiExchange.java:357)
	at java.base/java.util.concurrent.CompletableFuture$UniCompose.tryFire(CompletableFuture.java:1196)
	at java.base/java.util.concurrent.CompletableFuture.postComplete(CompletableFuture.java:556)
	at java.base/java.util.concurrent.CompletableFuture$AsyncSupply.run(CompletableFuture.java:1819)
	at java.net.http/jdk.internal.net.http.HttpClientImpl$DelegatingExecutor.execute(HttpClientImpl.java:168)
	at java.base/java.util.concurrent.CompletableFuture.completeAsync(CompletableFuture.java:2789)
	at java.net.http/jdk.internal.net.http.MultiExchange.responseAsync(MultiExchange.java:310)
	at java.net.http/jdk.internal.net.http.HttpClientImpl.sendAsync(HttpClientImpl.java:1015)
	at java.net.http/jdk.internal.net.http.HttpClientImpl.send(HttpClientImpl.java:901)
	at java.net.http/jdk.internal.net.http.HttpClientFacade.send(HttpClientFacade.java:133)
	at org.openqa.selenium.remote.http.jdk.JdkHttpClient.execute0(JdkHttpClient.java:459)
	at org.openqa.selenium.remote.http.AddSeleniumUserAgent.lambda$apply$0(AddSeleniumUserAgent.java:42)
	at org.openqa.selenium.remote.http.Filter.lambda$andFinally$1(Filter.java:55)
	at org.openqa.selenium.remote.http.jdk.JdkHttpClient.lambda$executeAsync$2(JdkHttpClient.java:387)
	at java.base/java.util.concurrent.Executors$RunnableAdapter.call(Executors.java:545)
	at java.base/java.util.concurrent.FutureTask.run(FutureTask.java:328)
	at java.base/java.util.concurrent.ThreadPoolExecutor.runWorker(ThreadPoolExecutor.java:1095)
	at java.base/java.util.concurrent.ThreadPoolExecutor$Worker.run(ThreadPoolExecutor.java:619)
	at java.base/java.lang.Thread.run(Thread.java:1447)
Caused by: java.io.IOException: Error while instrumenting jdk/internal/net/http/SocketTube$InternalReadPublisher$InternalReadSubscription with JaCoCo 0.8.11.202310140853/f33756c.
	at org.jacoco.agent.rt.internal_4742761.core.instr.Instrumenter.instrumentError(Instrumenter.java:161)
	at org.jacoco.agent.rt.internal_4742761.core.instr.Instrumenter.instrument(Instrumenter.java:111)
	at org.jacoco.agent.rt.internal_4742761.CoverageTransformer.transform(CoverageTransformer.java:92)
	... 47 more
Caused by: java.lang.IllegalArgumentException: Unsupported class file major version 68
	at org.jacoco.agent.rt.internal_4742761.asm.ClassReader.<init>(ClassReader.java:200)
	at org.jacoco.agent.rt.internal_4742761.asm.ClassReader.<init>(ClassReader.java:180)
	at org.jacoco.agent.rt.internal_4742761.asm.ClassReader.<init>(ClassReader.java:166)
	at org.jacoco.agent.rt.internal_4742761.core.internal.instr.InstrSupport.classReaderFor(InstrSupport.java:280)
	at org.jacoco.agent.rt.internal_4742761.core.instr.Instrumenter.instrument(Instrumenter.java:77)
	at org.jacoco.agent.rt.internal_4742761.core.instr.Instrumenter.instrument(Instrumenter.java:109)
	... 48 more
java.lang.instrument.IllegalClassFormatException: Error while instrumenting jdk/internal/net/http/AsyncTriggerEvent with JaCoCo 0.8.11.202310140853/f33756c.
	at org.jacoco.agent.rt.internal_4742761.CoverageTransformer.transform(CoverageTransformer.java:94)
	at java.instrument/java.lang.instrument.ClassFileTransformer.transform(ClassFileTransformer.java:257)
	at java.instrument/sun.instrument.TransformerManager.transform(TransformerManager.java:188)
	at java.instrument/sun.instrument.InstrumentationImpl.transform(InstrumentationImpl.java:594)
	at java.base/java.lang.ClassLoader.defineClass2(Native Method)
	at java.base/java.lang.ClassLoader.defineClass(ClassLoader.java:1052)
	at java.base/java.security.SecureClassLoader.defineClass(SecureClassLoader.java:164)
	at java.base/jdk.internal.loader.BuiltinClassLoader.defineClass(BuiltinClassLoader.java:735)
	at java.base/jdk.internal.loader.BuiltinClassLoader.findClassInModuleOrNull(BuiltinClassLoader.java:678)
	at java.base/jdk.internal.loader.BuiltinClassLoader.loadClassOrNull(BuiltinClassLoader.java:604)
	at java.base/jdk.internal.loader.BuiltinClassLoader.loadClass(BuiltinClassLoader.java:578)
	at java.base/java.lang.ClassLoader.loadClass(ClassLoader.java:490)
	at java.net.http/jdk.internal.net.http.SocketTube$InternalReadPublisher.<init>(SocketTube.java:559)
	at java.net.http/jdk.internal.net.http.SocketTube.<init>(SocketTube.java:79)
	at java.net.http/jdk.internal.net.http.PlainHttpConnection.<init>(PlainHttpConnection.java:329)
	at java.net.http/jdk.internal.net.http.HttpConnection.getPlainConnection(HttpConnection.java:389)
	at java.net.http/jdk.internal.net.http.HttpConnection.getConnection(HttpConnection.java:279)
	at java.net.http/jdk.internal.net.http.Http1Exchange.<init>(Http1Exchange.java:246)
	at java.net.http/jdk.internal.net.http.ExchangeImpl.createHttp1Exchange(ExchangeImpl.java:176)
	at java.net.http/jdk.internal.net.http.ExchangeImpl.createExchangeImpl(ExchangeImpl.java:159)
	at java.net.http/jdk.internal.net.http.ExchangeImpl.lambda$get$0(ExchangeImpl.java:113)
	at java.base/java.util.concurrent.CompletableFuture.uniHandle(CompletableFuture.java:980)
	at java.base/java.util.concurrent.CompletableFuture.uniHandleStage(CompletableFuture.java:996)
	at java.base/java.util.concurrent.CompletableFuture.handle(CompletableFuture.java:2424)
	at java.net.http/jdk.internal.net.http.ExchangeImpl.get(ExchangeImpl.java:113)
	at java.net.http/jdk.internal.net.http.Exchange.establishExchange(Exchange.java:356)
	at java.net.http/jdk.internal.net.http.Exchange.responseAsyncImpl(Exchange.java:562)
	at java.net.http/jdk.internal.net.http.Exchange.responseAsync(Exchange.java:385)
	at java.net.http/jdk.internal.net.http.MultiExchange.responseAsyncImpl(MultiExchange.java:437)
	at java.net.http/jdk.internal.net.http.MultiExchange.lambda$responseAsync0$0(MultiExchange.java:357)
	at java.base/java.util.concurrent.CompletableFuture$UniCompose.tryFire(CompletableFuture.java:1196)
	at java.base/java.util.concurrent.CompletableFuture.postComplete(CompletableFuture.java:556)
	at java.base/java.util.concurrent.CompletableFuture$AsyncSupply.run(CompletableFuture.java:1819)
	at java.net.http/jdk.internal.net.http.HttpClientImpl$DelegatingExecutor.execute(HttpClientImpl.java:168)
	at java.base/java.util.concurrent.CompletableFuture.completeAsync(CompletableFuture.java:2789)
	at java.net.http/jdk.internal.net.http.MultiExchange.responseAsync(MultiExchange.java:310)
	at java.net.http/jdk.internal.net.http.HttpClientImpl.sendAsync(HttpClientImpl.java:1015)
	at java.net.http/jdk.internal.net.http.HttpClientImpl.send(HttpClientImpl.java:901)
	at java.net.http/jdk.internal.net.http.HttpClientFacade.send(HttpClientFacade.java:133)
	at org.openqa.selenium.remote.http.jdk.JdkHttpClient.execute0(JdkHttpClient.java:459)
	at org.openqa.selenium.remote.http.AddSeleniumUserAgent.lambda$apply$0(AddSeleniumUserAgent.java:42)
	at org.openqa.selenium.remote.http.Filter.lambda$andFinally$1(Filter.java:55)
	at org.openqa.selenium.remote.http.jdk.JdkHttpClient.lambda$executeAsync$2(JdkHttpClient.java:387)
	at java.base/java.util.concurrent.Executors$RunnableAdapter.call(Executors.java:545)
	at java.base/java.util.concurrent.FutureTask.run(FutureTask.java:328)
	at java.base/java.util.concurrent.ThreadPoolExecutor.runWorker(ThreadPoolExecutor.java:1095)
	at java.base/java.util.concurrent.ThreadPoolExecutor$Worker.run(ThreadPoolExecutor.java:619)
	at java.base/java.lang.Thread.run(Thread.java:1447)
Caused by: java.io.IOException: Error while instrumenting jdk/internal/net/http/AsyncTriggerEvent with JaCoCo 0.8.11.202310140853/f33756c.
	at org.jacoco.agent.rt.internal_4742761.core.instr.Instrumenter.instrumentError(Instrumenter.java:161)
	at org.jacoco.agent.rt.internal_4742761.core.instr.Instrumenter.instrument(Instrumenter.java:111)
	at org.jacoco.agent.rt.internal_4742761.CoverageTransformer.transform(CoverageTransformer.java:92)
	... 47 more
Caused by: java.lang.IllegalArgumentException: Unsupported class file major version 68
	at org.jacoco.agent.rt.internal_4742761.asm.ClassReader.<init>(ClassReader.java:200)
	at org.jacoco.agent.rt.internal_4742761.asm.ClassReader.<init>(ClassReader.java:180)
	at org.jacoco.agent.rt.internal_4742761.asm.ClassReader.<init>(ClassReader.java:166)
	at org.jacoco.agent.rt.internal_4742761.core.internal.instr.InstrSupport.classReaderFor(InstrSupport.java:280)
	at org.jacoco.agent.rt.internal_4742761.core.instr.Instrumenter.instrument(Instrumenter.java:77)
	at org.jacoco.agent.rt.internal_4742761.core.instr.Instrumenter.instrument(Instrumenter.java:109)
	... 48 more
java.lang.instrument.IllegalClassFormatException: Error while instrumenting jdk/internal/net/http/SocketTube$InternalReadPublisher$ReadEvent with JaCoCo 0.8.11.202310140853/f33756c.
	at org.jacoco.agent.rt.internal_4742761.CoverageTransformer.transform(CoverageTransformer.java:94)
	at java.instrument/java.lang.instrument.ClassFileTransformer.transform(ClassFileTransformer.java:257)
	at java.instrument/sun.instrument.TransformerManager.transform(TransformerManager.java:188)
	at java.instrument/sun.instrument.InstrumentationImpl.transform(InstrumentationImpl.java:594)
	at java.base/java.lang.ClassLoader.defineClass2(Native Method)
	at java.base/java.lang.ClassLoader.defineClass(ClassLoader.java:1052)
	at java.base/java.security.SecureClassLoader.defineClass(SecureClassLoader.java:164)
	at java.base/jdk.internal.loader.BuiltinClassLoader.defineClass(BuiltinClassLoader.java:735)
	at java.base/jdk.internal.loader.BuiltinClassLoader.findClassInModuleOrNull(BuiltinClassLoader.java:678)
	at java.base/jdk.internal.loader.BuiltinClassLoader.loadClassOrNull(BuiltinClassLoader.java:604)
	at java.base/jdk.internal.loader.BuiltinClassLoader.loadClass(BuiltinClassLoader.java:578)
	at java.base/java.lang.ClassLoader.loadClass(ClassLoader.java:490)
	at java.net.http/jdk.internal.net.http.SocketTube$InternalReadPublisher.<init>(SocketTube.java:559)
	at java.net.http/jdk.internal.net.http.SocketTube.<init>(SocketTube.java:79)
	at java.net.http/jdk.internal.net.http.PlainHttpConnection.<init>(PlainHttpConnection.java:329)
	at java.net.http/jdk.internal.net.http.HttpConnection.getPlainConnection(HttpConnection.java:389)
	at java.net.http/jdk.internal.net.http.HttpConnection.getConnection(HttpConnection.java:279)
	at java.net.http/jdk.internal.net.http.Http1Exchange.<init>(Http1Exchange.java:246)
	at java.net.http/jdk.internal.net.http.ExchangeImpl.createHttp1Exchange(ExchangeImpl.java:176)
	at java.net.http/jdk.internal.net.http.ExchangeImpl.createExchangeImpl(ExchangeImpl.java:159)
	at java.net.http/jdk.internal.net.http.ExchangeImpl.lambda$get$0(ExchangeImpl.java:113)
	at java.base/java.util.concurrent.CompletableFuture.uniHandle(CompletableFuture.java:980)
	at java.base/java.util.concurrent.CompletableFuture.uniHandleStage(CompletableFuture.java:996)
	at java.base/java.util.concurrent.CompletableFuture.handle(CompletableFuture.java:2424)
	at java.net.http/jdk.internal.net.http.ExchangeImpl.get(ExchangeImpl.java:113)
	at java.net.http/jdk.internal.net.http.Exchange.establishExchange(Exchange.java:356)
	at java.net.http/jdk.internal.net.http.Exchange.responseAsyncImpl(Exchange.java:562)
	at java.net.http/jdk.internal.net.http.Exchange.responseAsync(Exchange.java:385)
	at java.net.http/jdk.internal.net.http.MultiExchange.responseAsyncImpl(MultiExchange.java:437)
	at java.net.http/jdk.internal.net.http.MultiExchange.lambda$responseAsync0$0(MultiExchange.java:357)
	at java.base/java.util.concurrent.CompletableFuture$UniCompose.tryFire(CompletableFuture.java:1196)
	at java.base/java.util.concurrent.CompletableFuture.postComplete(CompletableFuture.java:556)
	at java.base/java.util.concurrent.CompletableFuture$AsyncSupply.run(CompletableFuture.java:1819)
	at java.net.http/jdk.internal.net.http.HttpClientImpl$DelegatingExecutor.execute(HttpClientImpl.java:168)
	at java.base/java.util.concurrent.CompletableFuture.completeAsync(CompletableFuture.java:2789)
	at java.net.http/jdk.internal.net.http.MultiExchange.responseAsync(MultiExchange.java:310)
	at java.net.http/jdk.internal.net.http.HttpClientImpl.sendAsync(HttpClientImpl.java:1015)
	at java.net.http/jdk.internal.net.http.HttpClientImpl.send(HttpClientImpl.java:901)
	at java.net.http/jdk.internal.net.http.HttpClientFacade.send(HttpClientFacade.java:133)
	at org.openqa.selenium.remote.http.jdk.JdkHttpClient.execute0(JdkHttpClient.java:459)
	at org.openqa.selenium.remote.http.AddSeleniumUserAgent.lambda$apply$0(AddSeleniumUserAgent.java:42)
	at org.openqa.selenium.remote.http.Filter.lambda$andFinally$1(Filter.java:55)
	at org.openqa.selenium.remote.http.jdk.JdkHttpClient.lambda$executeAsync$2(JdkHttpClient.java:387)
	at java.base/java.util.concurrent.Executors$RunnableAdapter.call(Executors.java:545)
	at java.base/java.util.concurrent.FutureTask.run(FutureTask.java:328)
	at java.base/java.util.concurrent.ThreadPoolExecutor.runWorker(ThreadPoolExecutor.java:1095)
	at java.base/java.util.concurrent.ThreadPoolExecutor$Worker.run(ThreadPoolExecutor.java:619)
	at java.base/java.lang.Thread.run(Thread.java:1447)
Caused by: java.io.IOException: Error while instrumenting jdk/internal/net/http/SocketTube$InternalReadPublisher$ReadEvent with JaCoCo 0.8.11.202310140853/f33756c.
	at org.jacoco.agent.rt.internal_4742761.core.instr.Instrumenter.instrumentError(Instrumenter.java:161)
	at org.jacoco.agent.rt.internal_4742761.core.instr.Instrumenter.instrument(Instrumenter.java:111)
	at org.jacoco.agent.rt.internal_4742761.CoverageTransformer.transform(CoverageTransformer.java:92)
	... 47 more
Caused by: java.lang.IllegalArgumentException: Unsupported class file major version 68
	at org.jacoco.agent.rt.internal_4742761.asm.ClassReader.<init>(ClassReader.java:200)
	at org.jacoco.agent.rt.internal_4742761.asm.ClassReader.<init>(ClassReader.java:180)
	at org.jacoco.agent.rt.internal_4742761.asm.ClassReader.<init>(ClassReader.java:166)
	at org.jacoco.agent.rt.internal_4742761.core.internal.instr.InstrSupport.classReaderFor(InstrSupport.java:280)
	at org.jacoco.agent.rt.internal_4742761.core.instr.Instrumenter.instrument(Instrumenter.java:77)
	at org.jacoco.agent.rt.internal_4742761.core.instr.Instrumenter.instrument(Instrumenter.java:109)
	... 48 more
java.lang.instrument.IllegalClassFormatException: Error while instrumenting jdk/internal/net/http/SocketTube$SocketFlowTask with JaCoCo 0.8.11.202310140853/f33756c.
	at org.jacoco.agent.rt.internal_4742761.CoverageTransformer.transform(CoverageTransformer.java:94)
	at java.instrument/java.lang.instrument.ClassFileTransformer.transform(ClassFileTransformer.java:257)
	at java.instrument/sun.instrument.TransformerManager.transform(TransformerManager.java:188)
	at java.instrument/sun.instrument.InstrumentationImpl.transform(InstrumentationImpl.java:594)
	at java.base/java.lang.ClassLoader.defineClass2(Native Method)
	at java.base/java.lang.ClassLoader.defineClass(ClassLoader.java:1052)
	at java.base/java.security.SecureClassLoader.defineClass(SecureClassLoader.java:164)
	at java.base/jdk.internal.loader.BuiltinClassLoader.defineClass(BuiltinClassLoader.java:735)
	at java.base/jdk.internal.loader.BuiltinClassLoader.findClassInModuleOrNull(BuiltinClassLoader.java:678)
	at java.base/jdk.internal.loader.BuiltinClassLoader.loadClassOrNull(BuiltinClassLoader.java:604)
	at java.base/jdk.internal.loader.BuiltinClassLoader.loadClass(BuiltinClassLoader.java:578)
	at java.base/java.lang.ClassLoader.loadClass(ClassLoader.java:490)
	at java.net.http/jdk.internal.net.http.SocketTube$InternalReadPublisher$InternalReadSubscription.<init>(SocketTube.java:706)
	at java.net.http/jdk.internal.net.http.SocketTube$InternalReadPublisher.<init>(SocketTube.java:559)
	at java.net.http/jdk.internal.net.http.SocketTube.<init>(SocketTube.java:79)
	at java.net.http/jdk.internal.net.http.PlainHttpConnection.<init>(PlainHttpConnection.java:329)
	at java.net.http/jdk.internal.net.http.HttpConnection.getPlainConnection(HttpConnection.java:389)
	at java.net.http/jdk.internal.net.http.HttpConnection.getConnection(HttpConnection.java:279)
	at java.net.http/jdk.internal.net.http.Http1Exchange.<init>(Http1Exchange.java:246)
	at java.net.http/jdk.internal.net.http.ExchangeImpl.createHttp1Exchange(ExchangeImpl.java:176)
	at java.net.http/jdk.internal.net.http.ExchangeImpl.createExchangeImpl(ExchangeImpl.java:159)
	at java.net.http/jdk.internal.net.http.ExchangeImpl.lambda$get$0(ExchangeImpl.java:113)
	at java.base/java.util.concurrent.CompletableFuture.uniHandle(CompletableFuture.java:980)
	at java.base/java.util.concurrent.CompletableFuture.uniHandleStage(CompletableFuture.java:996)
	at java.base/java.util.concurrent.CompletableFuture.handle(CompletableFuture.java:2424)
	at java.net.http/jdk.internal.net.http.ExchangeImpl.get(ExchangeImpl.java:113)
	at java.net.http/jdk.internal.net.http.Exchange.establishExchange(Exchange.java:356)
	at java.net.http/jdk.internal.net.http.Exchange.responseAsyncImpl(Exchange.java:562)
	at java.net.http/jdk.internal.net.http.Exchange.responseAsync(Exchange.java:385)
	at java.net.http/jdk.internal.net.http.MultiExchange.responseAsyncImpl(MultiExchange.java:437)
	at java.net.http/jdk.internal.net.http.MultiExchange.lambda$responseAsync0$0(MultiExchange.java:357)
	at java.base/java.util.concurrent.CompletableFuture$UniCompose.tryFire(CompletableFuture.java:1196)
	at java.base/java.util.concurrent.CompletableFuture.postComplete(CompletableFuture.java:556)
	at java.base/java.util.concurrent.CompletableFuture$AsyncSupply.run(CompletableFuture.java:1819)
	at java.net.http/jdk.internal.net.http.HttpClientImpl$DelegatingExecutor.execute(HttpClientImpl.java:168)
	at java.base/java.util.concurrent.CompletableFuture.completeAsync(CompletableFuture.java:2789)
	at java.net.http/jdk.internal.net.http.MultiExchange.responseAsync(MultiExchange.java:310)
	at java.net.http/jdk.internal.net.http.HttpClientImpl.sendAsync(HttpClientImpl.java:1015)
	at java.net.http/jdk.internal.net.http.HttpClientImpl.send(HttpClientImpl.java:901)
	at java.net.http/jdk.internal.net.http.HttpClientFacade.send(HttpClientFacade.java:133)
	at org.openqa.selenium.remote.http.jdk.JdkHttpClient.execute0(JdkHttpClient.java:459)
	at org.openqa.selenium.remote.http.AddSeleniumUserAgent.lambda$apply$0(AddSeleniumUserAgent.java:42)
	at org.openqa.selenium.remote.http.Filter.lambda$andFinally$1(Filter.java:55)
	at org.openqa.selenium.remote.http.jdk.JdkHttpClient.lambda$executeAsync$2(JdkHttpClient.java:387)
	at java.base/java.util.concurrent.Executors$RunnableAdapter.call(Executors.java:545)
	at java.base/java.util.concurrent.FutureTask.run(FutureTask.java:328)
	at java.base/java.util.concurrent.ThreadPoolExecutor.runWorker(ThreadPoolExecutor.java:1095)
	at java.base/java.util.concurrent.ThreadPoolExecutor$Worker.run(ThreadPoolExecutor.java:619)
	at java.base/java.lang.Thread.run(Thread.java:1447)
Caused by: java.io.IOException: Error while instrumenting jdk/internal/net/http/SocketTube$SocketFlowTask with JaCoCo 0.8.11.202310140853/f33756c.
	at org.jacoco.agent.rt.internal_4742761.core.instr.Instrumenter.instrumentError(Instrumenter.java:161)
	at org.jacoco.agent.rt.internal_4742761.core.instr.Instrumenter.instrument(Instrumenter.java:111)
	at org.jacoco.agent.rt.internal_4742761.CoverageTransformer.transform(CoverageTransformer.java:92)
	... 48 more
Caused by: java.lang.IllegalArgumentException: Unsupported class file major version 68
	at org.jacoco.agent.rt.internal_4742761.asm.ClassReader.<init>(ClassReader.java:200)
	at org.jacoco.agent.rt.internal_4742761.asm.ClassReader.<init>(ClassReader.java:180)
	at org.jacoco.agent.rt.internal_4742761.asm.ClassReader.<init>(ClassReader.java:166)
	at org.jacoco.agent.rt.internal_4742761.core.internal.instr.InstrSupport.classReaderFor(InstrSupport.java:280)
	at org.jacoco.agent.rt.internal_4742761.core.instr.Instrumenter.instrument(Instrumenter.java:77)
	at org.jacoco.agent.rt.internal_4742761.core.instr.Instrumenter.instrument(Instrumenter.java:109)
	... 49 more
java.lang.instrument.IllegalClassFormatException: Error while instrumenting jdk/internal/net/http/SocketTube$InternalWriteSubscriber with JaCoCo 0.8.11.202310140853/f33756c.
	at org.jacoco.agent.rt.internal_4742761.CoverageTransformer.transform(CoverageTransformer.java:94)
	at java.instrument/java.lang.instrument.ClassFileTransformer.transform(ClassFileTransformer.java:257)
	at java.instrument/sun.instrument.TransformerManager.transform(TransformerManager.java:188)
	at java.instrument/sun.instrument.InstrumentationImpl.transform(InstrumentationImpl.java:594)
	at java.base/java.lang.ClassLoader.defineClass2(Native Method)
	at java.base/java.lang.ClassLoader.defineClass(ClassLoader.java:1052)
	at java.base/java.security.SecureClassLoader.defineClass(SecureClassLoader.java:164)
	at java.base/jdk.internal.loader.BuiltinClassLoader.defineClass(BuiltinClassLoader.java:735)
	at java.base/jdk.internal.loader.BuiltinClassLoader.findClassInModuleOrNull(BuiltinClassLoader.java:678)
	at java.base/jdk.internal.loader.BuiltinClassLoader.loadClassOrNull(BuiltinClassLoader.java:604)
	at java.base/jdk.internal.loader.BuiltinClassLoader.loadClass(BuiltinClassLoader.java:578)
	at java.base/java.lang.ClassLoader.loadClass(ClassLoader.java:490)
	at java.net.http/jdk.internal.net.http.SocketTube.<init>(SocketTube.java:80)
	at java.net.http/jdk.internal.net.http.PlainHttpConnection.<init>(PlainHttpConnection.java:329)
	at java.net.http/jdk.internal.net.http.HttpConnection.getPlainConnection(HttpConnection.java:389)
	at java.net.http/jdk.internal.net.http.HttpConnection.getConnection(HttpConnection.java:279)
	at java.net.http/jdk.internal.net.http.Http1Exchange.<init>(Http1Exchange.java:246)
	at java.net.http/jdk.internal.net.http.ExchangeImpl.createHttp1Exchange(ExchangeImpl.java:176)
	at java.net.http/jdk.internal.net.http.ExchangeImpl.createExchangeImpl(ExchangeImpl.java:159)
	at java.net.http/jdk.internal.net.http.ExchangeImpl.lambda$get$0(ExchangeImpl.java:113)
	at java.base/java.util.concurrent.CompletableFuture.uniHandle(CompletableFuture.java:980)
	at java.base/java.util.concurrent.CompletableFuture.uniHandleStage(CompletableFuture.java:996)
	at java.base/java.util.concurrent.CompletableFuture.handle(CompletableFuture.java:2424)
	at java.net.http/jdk.internal.net.http.ExchangeImpl.get(ExchangeImpl.java:113)
	at java.net.http/jdk.internal.net.http.Exchange.establishExchange(Exchange.java:356)
	at java.net.http/jdk.internal.net.http.Exchange.responseAsyncImpl(Exchange.java:562)
	at java.net.http/jdk.internal.net.http.Exchange.responseAsync(Exchange.java:385)
	at java.net.http/jdk.internal.net.http.MultiExchange.responseAsyncImpl(MultiExchange.java:437)
	at java.net.http/jdk.internal.net.http.MultiExchange.lambda$responseAsync0$0(MultiExchange.java:357)
	at java.base/java.util.concurrent.CompletableFuture$UniCompose.tryFire(CompletableFuture.java:1196)
	at java.base/java.util.concurrent.CompletableFuture.postComplete(CompletableFuture.java:556)
	at java.base/java.util.concurrent.CompletableFuture$AsyncSupply.run(CompletableFuture.java:1819)
	at java.net.http/jdk.internal.net.http.HttpClientImpl$DelegatingExecutor.execute(HttpClientImpl.java:168)
	at java.base/java.util.concurrent.CompletableFuture.completeAsync(CompletableFuture.java:2789)
	at java.net.http/jdk.internal.net.http.MultiExchange.responseAsync(MultiExchange.java:310)
	at java.net.http/jdk.internal.net.http.HttpClientImpl.sendAsync(HttpClientImpl.java:1015)
	at java.net.http/jdk.internal.net.http.HttpClientImpl.send(HttpClientImpl.java:901)
	at java.net.http/jdk.internal.net.http.HttpClientFacade.send(HttpClientFacade.java:133)
	at org.openqa.selenium.remote.http.jdk.JdkHttpClient.execute0(JdkHttpClient.java:459)
	at org.openqa.selenium.remote.http.AddSeleniumUserAgent.lambda$apply$0(AddSeleniumUserAgent.java:42)
	at org.openqa.selenium.remote.http.Filter.lambda$andFinally$1(Filter.java:55)
	at org.openqa.selenium.remote.http.jdk.JdkHttpClient.lambda$executeAsync$2(JdkHttpClient.java:387)
	at java.base/java.util.concurrent.Executors$RunnableAdapter.call(Executors.java:545)
	at java.base/java.util.concurrent.FutureTask.run(FutureTask.java:328)
	at java.base/java.util.concurrent.ThreadPoolExecutor.runWorker(ThreadPoolExecutor.java:1095)
	at java.base/java.util.concurrent.ThreadPoolExecutor$Worker.run(ThreadPoolExecutor.java:619)
	at java.base/java.lang.Thread.run(Thread.java:1447)
Caused by: java.io.IOException: Error while instrumenting jdk/internal/net/http/SocketTube$InternalWriteSubscriber with JaCoCo 0.8.11.202310140853/f33756c.
	at org.jacoco.agent.rt.internal_4742761.core.instr.Instrumenter.instrumentError(Instrumenter.java:161)
	at org.jacoco.agent.rt.internal_4742761.core.instr.Instrumenter.instrument(Instrumenter.java:111)
	at org.jacoco.agent.rt.internal_4742761.CoverageTransformer.transform(CoverageTransformer.java:92)
	... 46 more
Caused by: java.lang.IllegalArgumentException: Unsupported class file major version 68
	at org.jacoco.agent.rt.internal_4742761.asm.ClassReader.<init>(ClassReader.java:200)
	at org.jacoco.agent.rt.internal_4742761.asm.ClassReader.<init>(ClassReader.java:180)
	at org.jacoco.agent.rt.internal_4742761.asm.ClassReader.<init>(ClassReader.java:166)
	at org.jacoco.agent.rt.internal_4742761.core.internal.instr.InstrSupport.classReaderFor(InstrSupport.java:280)
	at org.jacoco.agent.rt.internal_4742761.core.instr.Instrumenter.instrument(Instrumenter.java:77)
	at org.jacoco.agent.rt.internal_4742761.core.instr.Instrumenter.instrument(Instrumenter.java:109)
	... 47 more
java.lang.instrument.IllegalClassFormatException: Error while instrumenting jdk/internal/net/http/SocketTube$InternalWriteSubscriber$WriteEvent with JaCoCo 0.8.11.202310140853/f33756c.
	at org.jacoco.agent.rt.internal_4742761.CoverageTransformer.transform(CoverageTransformer.java:94)
	at java.instrument/java.lang.instrument.ClassFileTransformer.transform(ClassFileTransformer.java:257)
	at java.instrument/sun.instrument.TransformerManager.transform(TransformerManager.java:188)
	at java.instrument/sun.instrument.InstrumentationImpl.transform(InstrumentationImpl.java:594)
	at java.base/java.lang.ClassLoader.defineClass2(Native Method)
	at java.base/java.lang.ClassLoader.defineClass(ClassLoader.java:1052)
	at java.base/java.security.SecureClassLoader.defineClass(SecureClassLoader.java:164)
	at java.base/jdk.internal.loader.BuiltinClassLoader.defineClass(BuiltinClassLoader.java:735)
	at java.base/jdk.internal.loader.BuiltinClassLoader.findClassInModuleOrNull(BuiltinClassLoader.java:678)
	at java.base/jdk.internal.loader.BuiltinClassLoader.loadClassOrNull(BuiltinClassLoader.java:604)
	at java.base/jdk.internal.loader.BuiltinClassLoader.loadClass(BuiltinClassLoader.java:578)
	at java.base/java.lang.ClassLoader.loadClass(ClassLoader.java:490)
	at java.net.http/jdk.internal.net.http.SocketTube.<init>(SocketTube.java:80)
	at java.net.http/jdk.internal.net.http.PlainHttpConnection.<init>(PlainHttpConnection.java:329)
	at java.net.http/jdk.internal.net.http.HttpConnection.getPlainConnection(HttpConnection.java:389)
	at java.net.http/jdk.internal.net.http.HttpConnection.getConnection(HttpConnection.java:279)
	at java.net.http/jdk.internal.net.http.Http1Exchange.<init>(Http1Exchange.java:246)
	at java.net.http/jdk.internal.net.http.ExchangeImpl.createHttp1Exchange(ExchangeImpl.java:176)
	at java.net.http/jdk.internal.net.http.ExchangeImpl.createExchangeImpl(ExchangeImpl.java:159)
	at java.net.http/jdk.internal.net.http.ExchangeImpl.lambda$get$0(ExchangeImpl.java:113)
	at java.base/java.util.concurrent.CompletableFuture.uniHandle(CompletableFuture.java:980)
	at java.base/java.util.concurrent.CompletableFuture.uniHandleStage(CompletableFuture.java:996)
	at java.base/java.util.concurrent.CompletableFuture.handle(CompletableFuture.java:2424)
	at java.net.http/jdk.internal.net.http.ExchangeImpl.get(ExchangeImpl.java:113)
	at java.net.http/jdk.internal.net.http.Exchange.establishExchange(Exchange.java:356)
	at java.net.http/jdk.internal.net.http.Exchange.responseAsyncImpl(Exchange.java:562)
	at java.net.http/jdk.internal.net.http.Exchange.responseAsync(Exchange.java:385)
	at java.net.http/jdk.internal.net.http.MultiExchange.responseAsyncImpl(MultiExchange.java:437)
	at java.net.http/jdk.internal.net.http.MultiExchange.lambda$responseAsync0$0(MultiExchange.java:357)
	at java.base/java.util.concurrent.CompletableFuture$UniCompose.tryFire(CompletableFuture.java:1196)
	at java.base/java.util.concurrent.CompletableFuture.postComplete(CompletableFuture.java:556)
	at java.base/java.util.concurrent.CompletableFuture$AsyncSupply.run(CompletableFuture.java:1819)
	at java.net.http/jdk.internal.net.http.HttpClientImpl$DelegatingExecutor.execute(HttpClientImpl.java:168)
	at java.base/java.util.concurrent.CompletableFuture.completeAsync(CompletableFuture.java:2789)
	at java.net.http/jdk.internal.net.http.MultiExchange.responseAsync(MultiExchange.java:310)
	at java.net.http/jdk.internal.net.http.HttpClientImpl.sendAsync(HttpClientImpl.java:1015)
	at java.net.http/jdk.internal.net.http.HttpClientImpl.send(HttpClientImpl.java:901)
	at java.net.http/jdk.internal.net.http.HttpClientFacade.send(HttpClientFacade.java:133)
	at org.openqa.selenium.remote.http.jdk.JdkHttpClient.execute0(JdkHttpClient.java:459)
	at org.openqa.selenium.remote.http.AddSeleniumUserAgent.lambda$apply$0(AddSeleniumUserAgent.java:42)
	at org.openqa.selenium.remote.http.Filter.lambda$andFinally$1(Filter.java:55)
	at org.openqa.selenium.remote.http.jdk.JdkHttpClient.lambda$executeAsync$2(JdkHttpClient.java:387)
	at java.base/java.util.concurrent.Executors$RunnableAdapter.call(Executors.java:545)
	at java.base/java.util.concurrent.FutureTask.run(FutureTask.java:328)
	at java.base/java.util.concurrent.ThreadPoolExecutor.runWorker(ThreadPoolExecutor.java:1095)
	at java.base/java.util.concurrent.ThreadPoolExecutor$Worker.run(ThreadPoolExecutor.java:619)
	at java.base/java.lang.Thread.run(Thread.java:1447)
Caused by: java.io.IOException: Error while instrumenting jdk/internal/net/http/SocketTube$InternalWriteSubscriber$WriteEvent with JaCoCo 0.8.11.202310140853/f33756c.
	at org.jacoco.agent.rt.internal_4742761.core.instr.Instrumenter.instrumentError(Instrumenter.java:161)
	at org.jacoco.agent.rt.internal_4742761.core.instr.Instrumenter.instrument(Instrumenter.java:111)
	at org.jacoco.agent.rt.internal_4742761.CoverageTransformer.transform(CoverageTransformer.java:92)
	... 46 more
Caused by: java.lang.IllegalArgumentException: Unsupported class file major version 68
	at org.jacoco.agent.rt.internal_4742761.asm.ClassReader.<init>(ClassReader.java:200)
	at org.jacoco.agent.rt.internal_4742761.asm.ClassReader.<init>(ClassReader.java:180)
	at org.jacoco.agent.rt.internal_4742761.asm.ClassReader.<init>(ClassReader.java:166)
	at org.jacoco.agent.rt.internal_4742761.core.internal.instr.InstrSupport.classReaderFor(InstrSupport.java:280)
	at org.jacoco.agent.rt.internal_4742761.core.instr.Instrumenter.instrument(Instrumenter.java:77)
	at org.jacoco.agent.rt.internal_4742761.core.instr.Instrumenter.instrument(Instrumenter.java:109)
	... 47 more
java.lang.instrument.IllegalClassFormatException: Error while instrumenting jdk/internal/net/http/Http1Request with JaCoCo 0.8.11.202310140853/f33756c.
	at org.jacoco.agent.rt.internal_4742761.CoverageTransformer.transform(CoverageTransformer.java:94)
	at java.instrument/java.lang.instrument.ClassFileTransformer.transform(ClassFileTransformer.java:257)
	at java.instrument/sun.instrument.TransformerManager.transform(TransformerManager.java:188)
	at java.instrument/sun.instrument.InstrumentationImpl.transform(InstrumentationImpl.java:594)
	at java.base/java.lang.ClassLoader.defineClass2(Native Method)
	at java.base/java.lang.ClassLoader.defineClass(ClassLoader.java:1052)
	at java.base/java.security.SecureClassLoader.defineClass(SecureClassLoader.java:164)
	at java.base/jdk.internal.loader.BuiltinClassLoader.defineClass(BuiltinClassLoader.java:735)
	at java.base/jdk.internal.loader.BuiltinClassLoader.findClassInModuleOrNull(BuiltinClassLoader.java:678)
	at java.base/jdk.internal.loader.BuiltinClassLoader.loadClassOrNull(BuiltinClassLoader.java:604)
	at java.base/jdk.internal.loader.BuiltinClassLoader.loadClass(BuiltinClassLoader.java:578)
	at java.base/java.lang.ClassLoader.loadClass(ClassLoader.java:490)
	at java.net.http/jdk.internal.net.http.Http1Exchange.<init>(Http1Exchange.java:248)
	at java.net.http/jdk.internal.net.http.ExchangeImpl.createHttp1Exchange(ExchangeImpl.java:176)
	at java.net.http/jdk.internal.net.http.ExchangeImpl.createExchangeImpl(ExchangeImpl.java:159)
	at java.net.http/jdk.internal.net.http.ExchangeImpl.lambda$get$0(ExchangeImpl.java:113)
	at java.base/java.util.concurrent.CompletableFuture.uniHandle(CompletableFuture.java:980)
	at java.base/java.util.concurrent.CompletableFuture.uniHandleStage(CompletableFuture.java:996)
	at java.base/java.util.concurrent.CompletableFuture.handle(CompletableFuture.java:2424)
	at java.net.http/jdk.internal.net.http.ExchangeImpl.get(ExchangeImpl.java:113)
	at java.net.http/jdk.internal.net.http.Exchange.establishExchange(Exchange.java:356)
	at java.net.http/jdk.internal.net.http.Exchange.responseAsyncImpl(Exchange.java:562)
	at java.net.http/jdk.internal.net.http.Exchange.responseAsync(Exchange.java:385)
	at java.net.http/jdk.internal.net.http.MultiExchange.responseAsyncImpl(MultiExchange.java:437)
	at java.net.http/jdk.internal.net.http.MultiExchange.lambda$responseAsync0$0(MultiExchange.java:357)
	at java.base/java.util.concurrent.CompletableFuture$UniCompose.tryFire(CompletableFuture.java:1196)
	at java.base/java.util.concurrent.CompletableFuture.postComplete(CompletableFuture.java:556)
	at java.base/java.util.concurrent.CompletableFuture$AsyncSupply.run(CompletableFuture.java:1819)
	at java.net.http/jdk.internal.net.http.HttpClientImpl$DelegatingExecutor.execute(HttpClientImpl.java:168)
	at java.base/java.util.concurrent.CompletableFuture.completeAsync(CompletableFuture.java:2789)
	at java.net.http/jdk.internal.net.http.MultiExchange.responseAsync(MultiExchange.java:310)
	at java.net.http/jdk.internal.net.http.HttpClientImpl.sendAsync(HttpClientImpl.java:1015)
	at java.net.http/jdk.internal.net.http.HttpClientImpl.send(HttpClientImpl.java:901)
	at java.net.http/jdk.internal.net.http.HttpClientFacade.send(HttpClientFacade.java:133)
	at org.openqa.selenium.remote.http.jdk.JdkHttpClient.execute0(JdkHttpClient.java:459)
	at org.openqa.selenium.remote.http.AddSeleniumUserAgent.lambda$apply$0(AddSeleniumUserAgent.java:42)
	at org.openqa.selenium.remote.http.Filter.lambda$andFinally$1(Filter.java:55)
	at org.openqa.selenium.remote.http.jdk.JdkHttpClient.lambda$executeAsync$2(JdkHttpClient.java:387)
	at java.base/java.util.concurrent.Executors$RunnableAdapter.call(Executors.java:545)
	at java.base/java.util.concurrent.FutureTask.run(FutureTask.java:328)
	at java.base/java.util.concurrent.ThreadPoolExecutor.runWorker(ThreadPoolExecutor.java:1095)
	at java.base/java.util.concurrent.ThreadPoolExecutor$Worker.run(ThreadPoolExecutor.java:619)
	at java.base/java.lang.Thread.run(Thread.java:1447)
Caused by: java.io.IOException: Error while instrumenting jdk/internal/net/http/Http1Request with JaCoCo 0.8.11.202310140853/f33756c.
	at org.jacoco.agent.rt.internal_4742761.core.instr.Instrumenter.instrumentError(Instrumenter.java:161)
	at org.jacoco.agent.rt.internal_4742761.core.instr.Instrumenter.instrument(Instrumenter.java:111)
	at org.jacoco.agent.rt.internal_4742761.CoverageTransformer.transform(CoverageTransformer.java:92)
	... 42 more
Caused by: java.lang.IllegalArgumentException: Unsupported class file major version 68
	at org.jacoco.agent.rt.internal_4742761.asm.ClassReader.<init>(ClassReader.java:200)
	at org.jacoco.agent.rt.internal_4742761.asm.ClassReader.<init>(ClassReader.java:180)
	at org.jacoco.agent.rt.internal_4742761.asm.ClassReader.<init>(ClassReader.java:166)
	at org.jacoco.agent.rt.internal_4742761.core.internal.instr.InstrSupport.classReaderFor(InstrSupport.java:280)
	at org.jacoco.agent.rt.internal_4742761.core.instr.Instrumenter.instrument(Instrumenter.java:77)
	at org.jacoco.agent.rt.internal_4742761.core.instr.Instrumenter.instrument(Instrumenter.java:109)
	... 43 more
java.lang.instrument.IllegalClassFormatException: Error while instrumenting jdk/internal/net/http/Http1Exchange$Http1RequestBodySubscriber with JaCoCo 0.8.11.202310140853/f33756c.
	at org.jacoco.agent.rt.internal_4742761.CoverageTransformer.transform(CoverageTransformer.java:94)
	at java.instrument/java.lang.instrument.ClassFileTransformer.transform(ClassFileTransformer.java:257)
	at java.instrument/sun.instrument.TransformerManager.transform(TransformerManager.java:188)
	at java.instrument/sun.instrument.InstrumentationImpl.transform(InstrumentationImpl.java:594)
	at java.base/java.lang.ClassLoader.defineClass2(Native Method)
	at java.base/java.lang.ClassLoader.defineClass(ClassLoader.java:1052)
	at java.base/java.security.SecureClassLoader.defineClass(SecureClassLoader.java:164)
	at java.base/jdk.internal.loader.BuiltinClassLoader.defineClass(BuiltinClassLoader.java:735)
	at java.base/jdk.internal.loader.BuiltinClassLoader.findClassInModuleOrNull(BuiltinClassLoader.java:678)
	at java.base/jdk.internal.loader.BuiltinClassLoader.loadClassOrNull(BuiltinClassLoader.java:604)
	at java.base/jdk.internal.loader.BuiltinClassLoader.loadClass(BuiltinClassLoader.java:578)
	at java.base/java.lang.ClassLoader.loadClass(ClassLoader.java:490)
	at java.net.http/jdk.internal.net.http.Http1Exchange.<init>(Http1Exchange.java:248)
	at java.net.http/jdk.internal.net.http.ExchangeImpl.createHttp1Exchange(ExchangeImpl.java:176)
	at java.net.http/jdk.internal.net.http.ExchangeImpl.createExchangeImpl(ExchangeImpl.java:159)
	at java.net.http/jdk.internal.net.http.ExchangeImpl.lambda$get$0(ExchangeImpl.java:113)
	at java.base/java.util.concurrent.CompletableFuture.uniHandle(CompletableFuture.java:980)
	at java.base/java.util.concurrent.CompletableFuture.uniHandleStage(CompletableFuture.java:996)
	at java.base/java.util.concurrent.CompletableFuture.handle(CompletableFuture.java:2424)
	at java.net.http/jdk.internal.net.http.ExchangeImpl.get(ExchangeImpl.java:113)
	at java.net.http/jdk.internal.net.http.Exchange.establishExchange(Exchange.java:356)
	at java.net.http/jdk.internal.net.http.Exchange.responseAsyncImpl(Exchange.java:562)
	at java.net.http/jdk.internal.net.http.Exchange.responseAsync(Exchange.java:385)
	at java.net.http/jdk.internal.net.http.MultiExchange.responseAsyncImpl(MultiExchange.java:437)
	at java.net.http/jdk.internal.net.http.MultiExchange.lambda$responseAsync0$0(MultiExchange.java:357)
	at java.base/java.util.concurrent.CompletableFuture$UniCompose.tryFire(CompletableFuture.java:1196)
	at java.base/java.util.concurrent.CompletableFuture.postComplete(CompletableFuture.java:556)
	at java.base/java.util.concurrent.CompletableFuture$AsyncSupply.run(CompletableFuture.java:1819)
	at java.net.http/jdk.internal.net.http.HttpClientImpl$DelegatingExecutor.execute(HttpClientImpl.java:168)
	at java.base/java.util.concurrent.CompletableFuture.completeAsync(CompletableFuture.java:2789)
	at java.net.http/jdk.internal.net.http.MultiExchange.responseAsync(MultiExchange.java:310)
	at java.net.http/jdk.internal.net.http.HttpClientImpl.sendAsync(HttpClientImpl.java:1015)
	at java.net.http/jdk.internal.net.http.HttpClientImpl.send(HttpClientImpl.java:901)
	at java.net.http/jdk.internal.net.http.HttpClientFacade.send(HttpClientFacade.java:133)
	at org.openqa.selenium.remote.http.jdk.JdkHttpClient.execute0(JdkHttpClient.java:459)
	at org.openqa.selenium.remote.http.AddSeleniumUserAgent.lambda$apply$0(AddSeleniumUserAgent.java:42)
	at org.openqa.selenium.remote.http.Filter.lambda$andFinally$1(Filter.java:55)
	at org.openqa.selenium.remote.http.jdk.JdkHttpClient.lambda$executeAsync$2(JdkHttpClient.java:387)
	at java.base/java.util.concurrent.Executors$RunnableAdapter.call(Executors.java:545)
	at java.base/java.util.concurrent.FutureTask.run(FutureTask.java:328)
	at java.base/java.util.concurrent.ThreadPoolExecutor.runWorker(ThreadPoolExecutor.java:1095)
	at java.base/java.util.concurrent.ThreadPoolExecutor$Worker.run(ThreadPoolExecutor.java:619)
	at java.base/java.lang.Thread.run(Thread.java:1447)
Caused by: java.io.IOException: Error while instrumenting jdk/internal/net/http/Http1Exchange$Http1RequestBodySubscriber with JaCoCo 0.8.11.202310140853/f33756c.
	at org.jacoco.agent.rt.internal_4742761.core.instr.Instrumenter.instrumentError(Instrumenter.java:161)
	at org.jacoco.agent.rt.internal_4742761.core.instr.Instrumenter.instrument(Instrumenter.java:111)
	at org.jacoco.agent.rt.internal_4742761.CoverageTransformer.transform(CoverageTransformer.java:92)
	... 42 more
Caused by: java.lang.IllegalArgumentException: Unsupported class file major version 68
	at org.jacoco.agent.rt.internal_4742761.asm.ClassReader.<init>(ClassReader.java:200)
	at org.jacoco.agent.rt.internal_4742761.asm.ClassReader.<init>(ClassReader.java:180)
	at org.jacoco.agent.rt.internal_4742761.asm.ClassReader.<init>(ClassReader.java:166)
	at org.jacoco.agent.rt.internal_4742761.core.internal.instr.InstrSupport.classReaderFor(InstrSupport.java:280)
	at org.jacoco.agent.rt.internal_4742761.core.instr.Instrumenter.instrument(Instrumenter.java:77)
	at org.jacoco.agent.rt.internal_4742761.core.instr.Instrumenter.instrument(Instrumenter.java:109)
	... 43 more
java.lang.instrument.IllegalClassFormatException: Error while instrumenting jdk/internal/net/http/Http1Request$StreamSubscriber with JaCoCo 0.8.11.202310140853/f33756c.
	at org.jacoco.agent.rt.internal_4742761.CoverageTransformer.transform(CoverageTransformer.java:94)
	at java.instrument/java.lang.instrument.ClassFileTransformer.transform(ClassFileTransformer.java:257)
	at java.instrument/sun.instrument.TransformerManager.transform(TransformerManager.java:188)
	at java.instrument/sun.instrument.InstrumentationImpl.transform(InstrumentationImpl.java:594)
	at java.base/java.lang.ClassLoader.defineClass2(Native Method)
	at java.base/java.lang.ClassLoader.defineClass(ClassLoader.java:1052)
	at java.base/java.security.SecureClassLoader.defineClass(SecureClassLoader.java:164)
	at java.base/jdk.internal.loader.BuiltinClassLoader.defineClass(BuiltinClassLoader.java:735)
	at java.base/jdk.internal.loader.BuiltinClassLoader.findClassInModuleOrNull(BuiltinClassLoader.java:678)
	at java.base/jdk.internal.loader.BuiltinClassLoader.loadClassOrNull(BuiltinClassLoader.java:604)
	at java.base/jdk.internal.loader.BuiltinClassLoader.loadClass(BuiltinClassLoader.java:578)
	at java.base/java.lang.ClassLoader.loadClass(ClassLoader.java:490)
	at java.net.http/jdk.internal.net.http.Http1Exchange.<init>(Http1Exchange.java:248)
	at java.net.http/jdk.internal.net.http.ExchangeImpl.createHttp1Exchange(ExchangeImpl.java:176)
	at java.net.http/jdk.internal.net.http.ExchangeImpl.createExchangeImpl(ExchangeImpl.java:159)
	at java.net.http/jdk.internal.net.http.ExchangeImpl.lambda$get$0(ExchangeImpl.java:113)
	at java.base/java.util.concurrent.CompletableFuture.uniHandle(CompletableFuture.java:980)
	at java.base/java.util.concurrent.CompletableFuture.uniHandleStage(CompletableFuture.java:996)
	at java.base/java.util.concurrent.CompletableFuture.handle(CompletableFuture.java:2424)
	at java.net.http/jdk.internal.net.http.ExchangeImpl.get(ExchangeImpl.java:113)
	at java.net.http/jdk.internal.net.http.Exchange.establishExchange(Exchange.java:356)
	at java.net.http/jdk.internal.net.http.Exchange.responseAsyncImpl(Exchange.java:562)
	at java.net.http/jdk.internal.net.http.Exchange.responseAsync(Exchange.java:385)
	at java.net.http/jdk.internal.net.http.MultiExchange.responseAsyncImpl(MultiExchange.java:437)
	at java.net.http/jdk.internal.net.http.MultiExchange.lambda$responseAsync0$0(MultiExchange.java:357)
	at java.base/java.util.concurrent.CompletableFuture$UniCompose.tryFire(CompletableFuture.java:1196)
	at java.base/java.util.concurrent.CompletableFuture.postComplete(CompletableFuture.java:556)
	at java.base/java.util.concurrent.CompletableFuture$AsyncSupply.run(CompletableFuture.java:1819)
	at java.net.http/jdk.internal.net.http.HttpClientImpl$DelegatingExecutor.execute(HttpClientImpl.java:168)
	at java.base/java.util.concurrent.CompletableFuture.completeAsync(CompletableFuture.java:2789)
	at java.net.http/jdk.internal.net.http.MultiExchange.responseAsync(MultiExchange.java:310)
	at java.net.http/jdk.internal.net.http.HttpClientImpl.sendAsync(HttpClientImpl.java:1015)
	at java.net.http/jdk.internal.net.http.HttpClientImpl.send(HttpClientImpl.java:901)
	at java.net.http/jdk.internal.net.http.HttpClientFacade.send(HttpClientFacade.java:133)
	at org.openqa.selenium.remote.http.jdk.JdkHttpClient.execute0(JdkHttpClient.java:459)
	at org.openqa.selenium.remote.http.AddSeleniumUserAgent.lambda$apply$0(AddSeleniumUserAgent.java:42)
	at org.openqa.selenium.remote.http.Filter.lambda$andFinally$1(Filter.java:55)
	at org.openqa.selenium.remote.http.jdk.JdkHttpClient.lambda$executeAsync$2(JdkHttpClient.java:387)
	at java.base/java.util.concurrent.Executors$RunnableAdapter.call(Executors.java:545)
	at java.base/java.util.concurrent.FutureTask.run(FutureTask.java:328)
	at java.base/java.util.concurrent.ThreadPoolExecutor.runWorker(ThreadPoolExecutor.java:1095)
	at java.base/java.util.concurrent.ThreadPoolExecutor$Worker.run(ThreadPoolExecutor.java:619)
	at java.base/java.lang.Thread.run(Thread.java:1447)
Caused by: java.io.IOException: Error while instrumenting jdk/internal/net/http/Http1Request$StreamSubscriber with JaCoCo 0.8.11.202310140853/f33756c.
	at org.jacoco.agent.rt.internal_4742761.core.instr.Instrumenter.instrumentError(Instrumenter.java:161)
	at org.jacoco.agent.rt.internal_4742761.core.instr.Instrumenter.instrument(Instrumenter.java:111)
	at org.jacoco.agent.rt.internal_4742761.CoverageTransformer.transform(CoverageTransformer.java:92)
	... 42 more
Caused by: java.lang.IllegalArgumentException: Unsupported class file major version 68
	at org.jacoco.agent.rt.internal_4742761.asm.ClassReader.<init>(ClassReader.java:200)
	at org.jacoco.agent.rt.internal_4742761.asm.ClassReader.<init>(ClassReader.java:180)
	at org.jacoco.agent.rt.internal_4742761.asm.ClassReader.<init>(ClassReader.java:166)
	at org.jacoco.agent.rt.internal_4742761.core.internal.instr.InstrSupport.classReaderFor(InstrSupport.java:280)
	at org.jacoco.agent.rt.internal_4742761.core.instr.Instrumenter.instrument(Instrumenter.java:77)
	at org.jacoco.agent.rt.internal_4742761.core.instr.Instrumenter.instrument(Instrumenter.java:109)
	... 43 more
java.lang.instrument.IllegalClassFormatException: Error while instrumenting jdk/internal/net/http/Http1Request$FixedContentSubscriber with JaCoCo 0.8.11.202310140853/f33756c.
	at org.jacoco.agent.rt.internal_4742761.CoverageTransformer.transform(CoverageTransformer.java:94)
	at java.instrument/java.lang.instrument.ClassFileTransformer.transform(ClassFileTransformer.java:257)
	at java.instrument/sun.instrument.TransformerManager.transform(TransformerManager.java:188)
	at java.instrument/sun.instrument.InstrumentationImpl.transform(InstrumentationImpl.java:594)
	at java.base/java.lang.ClassLoader.defineClass2(Native Method)
	at java.base/java.lang.ClassLoader.defineClass(ClassLoader.java:1052)
	at java.base/java.security.SecureClassLoader.defineClass(SecureClassLoader.java:164)
	at java.base/jdk.internal.loader.BuiltinClassLoader.defineClass(BuiltinClassLoader.java:735)
	at java.base/jdk.internal.loader.BuiltinClassLoader.findClassInModuleOrNull(BuiltinClassLoader.java:678)
	at java.base/jdk.internal.loader.BuiltinClassLoader.loadClassOrNull(BuiltinClassLoader.java:604)
	at java.base/jdk.internal.loader.BuiltinClassLoader.loadClass(BuiltinClassLoader.java:578)
	at java.base/java.lang.ClassLoader.loadClass(ClassLoader.java:490)
	at java.net.http/jdk.internal.net.http.Http1Exchange.<init>(Http1Exchange.java:248)
	at java.net.http/jdk.internal.net.http.ExchangeImpl.createHttp1Exchange(ExchangeImpl.java:176)
	at java.net.http/jdk.internal.net.http.ExchangeImpl.createExchangeImpl(ExchangeImpl.java:159)
	at java.net.http/jdk.internal.net.http.ExchangeImpl.lambda$get$0(ExchangeImpl.java:113)
	at java.base/java.util.concurrent.CompletableFuture.uniHandle(CompletableFuture.java:980)
	at java.base/java.util.concurrent.CompletableFuture.uniHandleStage(CompletableFuture.java:996)
	at java.base/java.util.concurrent.CompletableFuture.handle(CompletableFuture.java:2424)
	at java.net.http/jdk.internal.net.http.ExchangeImpl.get(ExchangeImpl.java:113)
	at java.net.http/jdk.internal.net.http.Exchange.establishExchange(Exchange.java:356)
	at java.net.http/jdk.internal.net.http.Exchange.responseAsyncImpl(Exchange.java:562)
	at java.net.http/jdk.internal.net.http.Exchange.responseAsync(Exchange.java:385)
	at java.net.http/jdk.internal.net.http.MultiExchange.responseAsyncImpl(MultiExchange.java:437)
	at java.net.http/jdk.internal.net.http.MultiExchange.lambda$responseAsync0$0(MultiExchange.java:357)
	at java.base/java.util.concurrent.CompletableFuture$UniCompose.tryFire(CompletableFuture.java:1196)
	at java.base/java.util.concurrent.CompletableFuture.postComplete(CompletableFuture.java:556)
	at java.base/java.util.concurrent.CompletableFuture$AsyncSupply.run(CompletableFuture.java:1819)
	at java.net.http/jdk.internal.net.http.HttpClientImpl$DelegatingExecutor.execute(HttpClientImpl.java:168)
	at java.base/java.util.concurrent.CompletableFuture.completeAsync(CompletableFuture.java:2789)
	at java.net.http/jdk.internal.net.http.MultiExchange.responseAsync(MultiExchange.java:310)
	at java.net.http/jdk.internal.net.http.HttpClientImpl.sendAsync(HttpClientImpl.java:1015)
	at java.net.http/jdk.internal.net.http.HttpClientImpl.send(HttpClientImpl.java:901)
	at java.net.http/jdk.internal.net.http.HttpClientFacade.send(HttpClientFacade.java:133)
	at org.openqa.selenium.remote.http.jdk.JdkHttpClient.execute0(JdkHttpClient.java:459)
	at org.openqa.selenium.remote.http.AddSeleniumUserAgent.lambda$apply$0(AddSeleniumUserAgent.java:42)
	at org.openqa.selenium.remote.http.Filter.lambda$andFinally$1(Filter.java:55)
	at org.openqa.selenium.remote.http.jdk.JdkHttpClient.lambda$executeAsync$2(JdkHttpClient.java:387)
	at java.base/java.util.concurrent.Executors$RunnableAdapter.call(Executors.java:545)
	at java.base/java.util.concurrent.FutureTask.run(FutureTask.java:328)
	at java.base/java.util.concurrent.ThreadPoolExecutor.runWorker(ThreadPoolExecutor.java:1095)
	at java.base/java.util.concurrent.ThreadPoolExecutor$Worker.run(ThreadPoolExecutor.java:619)
	at java.base/java.lang.Thread.run(Thread.java:1447)
Caused by: java.io.IOException: Error while instrumenting jdk/internal/net/http/Http1Request$FixedContentSubscriber with JaCoCo 0.8.11.202310140853/f33756c.
	at org.jacoco.agent.rt.internal_4742761.core.instr.Instrumenter.instrumentError(Instrumenter.java:161)
	at org.jacoco.agent.rt.internal_4742761.core.instr.Instrumenter.instrument(Instrumenter.java:111)
	at org.jacoco.agent.rt.internal_4742761.CoverageTransformer.transform(CoverageTransformer.java:92)
	... 42 more
Caused by: java.lang.IllegalArgumentException: Unsupported class file major version 68
	at org.jacoco.agent.rt.internal_4742761.asm.ClassReader.<init>(ClassReader.java:200)
	at org.jacoco.agent.rt.internal_4742761.asm.ClassReader.<init>(ClassReader.java:180)
	at org.jacoco.agent.rt.internal_4742761.asm.ClassReader.<init>(ClassReader.java:166)
	at org.jacoco.agent.rt.internal_4742761.core.internal.instr.InstrSupport.classReaderFor(InstrSupport.java:280)
	at org.jacoco.agent.rt.internal_4742761.core.instr.Instrumenter.instrument(Instrumenter.java:77)
	at org.jacoco.agent.rt.internal_4742761.core.instr.Instrumenter.instrument(Instrumenter.java:109)
	... 43 more
java.lang.instrument.IllegalClassFormatException: Error while instrumenting jdk/internal/net/http/Http1AsyncReceiver with JaCoCo 0.8.11.202310140853/f33756c.
	at org.jacoco.agent.rt.internal_4742761.CoverageTransformer.transform(CoverageTransformer.java:94)
	at java.instrument/java.lang.instrument.ClassFileTransformer.transform(ClassFileTransformer.java:257)
	at java.instrument/sun.instrument.TransformerManager.transform(TransformerManager.java:188)
	at java.instrument/sun.instrument.InstrumentationImpl.transform(InstrumentationImpl.java:594)
	at java.base/java.lang.ClassLoader.defineClass2(Native Method)
	at java.base/java.lang.ClassLoader.defineClass(ClassLoader.java:1052)
	at java.base/java.security.SecureClassLoader.defineClass(SecureClassLoader.java:164)
	at java.base/jdk.internal.loader.BuiltinClassLoader.defineClass(BuiltinClassLoader.java:735)
	at java.base/jdk.internal.loader.BuiltinClassLoader.findClassInModuleOrNull(BuiltinClassLoader.java:678)
	at java.base/jdk.internal.loader.BuiltinClassLoader.loadClassOrNull(BuiltinClassLoader.java:604)
	at java.base/jdk.internal.loader.BuiltinClassLoader.loadClass(BuiltinClassLoader.java:578)
	at java.base/java.lang.ClassLoader.loadClass(ClassLoader.java:490)
	at java.net.http/jdk.internal.net.http.Http1Exchange.<init>(Http1Exchange.java:249)
	at java.net.http/jdk.internal.net.http.ExchangeImpl.createHttp1Exchange(ExchangeImpl.java:176)
	at java.net.http/jdk.internal.net.http.ExchangeImpl.createExchangeImpl(ExchangeImpl.java:159)
	at java.net.http/jdk.internal.net.http.ExchangeImpl.lambda$get$0(ExchangeImpl.java:113)
	at java.base/java.util.concurrent.CompletableFuture.uniHandle(CompletableFuture.java:980)
	at java.base/java.util.concurrent.CompletableFuture.uniHandleStage(CompletableFuture.java:996)
	at java.base/java.util.concurrent.CompletableFuture.handle(CompletableFuture.java:2424)
	at java.net.http/jdk.internal.net.http.ExchangeImpl.get(ExchangeImpl.java:113)
	at java.net.http/jdk.internal.net.http.Exchange.establishExchange(Exchange.java:356)
	at java.net.http/jdk.internal.net.http.Exchange.responseAsyncImpl(Exchange.java:562)
	at java.net.http/jdk.internal.net.http.Exchange.responseAsync(Exchange.java:385)
	at java.net.http/jdk.internal.net.http.MultiExchange.responseAsyncImpl(MultiExchange.java:437)
	at java.net.http/jdk.internal.net.http.MultiExchange.lambda$responseAsync0$0(MultiExchange.java:357)
	at java.base/java.util.concurrent.CompletableFuture$UniCompose.tryFire(CompletableFuture.java:1196)
	at java.base/java.util.concurrent.CompletableFuture.postComplete(CompletableFuture.java:556)
	at java.base/java.util.concurrent.CompletableFuture$AsyncSupply.run(CompletableFuture.java:1819)
	at java.net.http/jdk.internal.net.http.HttpClientImpl$DelegatingExecutor.execute(HttpClientImpl.java:168)
	at java.base/java.util.concurrent.CompletableFuture.completeAsync(CompletableFuture.java:2789)
	at java.net.http/jdk.internal.net.http.MultiExchange.responseAsync(MultiExchange.java:310)
	at java.net.http/jdk.internal.net.http.HttpClientImpl.sendAsync(HttpClientImpl.java:1015)
	at java.net.http/jdk.internal.net.http.HttpClientImpl.send(HttpClientImpl.java:901)
	at java.net.http/jdk.internal.net.http.HttpClientFacade.send(HttpClientFacade.java:133)
	at org.openqa.selenium.remote.http.jdk.JdkHttpClient.execute0(JdkHttpClient.java:459)
	at org.openqa.selenium.remote.http.AddSeleniumUserAgent.lambda$apply$0(AddSeleniumUserAgent.java:42)
	at org.openqa.selenium.remote.http.Filter.lambda$andFinally$1(Filter.java:55)
	at org.openqa.selenium.remote.http.jdk.JdkHttpClient.lambda$executeAsync$2(JdkHttpClient.java:387)
	at java.base/java.util.concurrent.Executors$RunnableAdapter.call(Executors.java:545)
	at java.base/java.util.concurrent.FutureTask.run(FutureTask.java:328)
	at java.base/java.util.concurrent.ThreadPoolExecutor.runWorker(ThreadPoolExecutor.java:1095)
	at java.base/java.util.concurrent.ThreadPoolExecutor$Worker.run(ThreadPoolExecutor.java:619)
	at java.base/java.lang.Thread.run(Thread.java:1447)
Caused by: java.io.IOException: Error while instrumenting jdk/internal/net/http/Http1AsyncReceiver with JaCoCo 0.8.11.202310140853/f33756c.
	at org.jacoco.agent.rt.internal_4742761.core.instr.Instrumenter.instrumentError(Instrumenter.java:161)
	at org.jacoco.agent.rt.internal_4742761.core.instr.Instrumenter.instrument(Instrumenter.java:111)
	at org.jacoco.agent.rt.internal_4742761.CoverageTransformer.transform(CoverageTransformer.java:92)
	... 42 more
Caused by: java.lang.IllegalArgumentException: Unsupported class file major version 68
	at org.jacoco.agent.rt.internal_4742761.asm.ClassReader.<init>(ClassReader.java:200)
	at org.jacoco.agent.rt.internal_4742761.asm.ClassReader.<init>(ClassReader.java:180)
	at org.jacoco.agent.rt.internal_4742761.asm.ClassReader.<init>(ClassReader.java:166)
	at org.jacoco.agent.rt.internal_4742761.core.internal.instr.InstrSupport.classReaderFor(InstrSupport.java:280)
	at org.jacoco.agent.rt.internal_4742761.core.instr.Instrumenter.instrument(Instrumenter.java:77)
	at org.jacoco.agent.rt.internal_4742761.core.instr.Instrumenter.instrument(Instrumenter.java:109)
	... 43 more
java.lang.instrument.IllegalClassFormatException: Error while instrumenting jdk/internal/net/http/AbstractSubscription with JaCoCo 0.8.11.202310140853/f33756c.
	at org.jacoco.agent.rt.internal_4742761.CoverageTransformer.transform(CoverageTransformer.java:94)
	at java.instrument/java.lang.instrument.ClassFileTransformer.transform(ClassFileTransformer.java:257)
	at java.instrument/sun.instrument.TransformerManager.transform(TransformerManager.java:188)
	at java.instrument/sun.instrument.InstrumentationImpl.transform(InstrumentationImpl.java:594)
	at java.base/java.lang.ClassLoader.defineClass2(Native Method)
	at java.base/java.lang.ClassLoader.defineClass(ClassLoader.java:1052)
	at java.base/java.security.SecureClassLoader.defineClass(SecureClassLoader.java:164)
	at java.base/jdk.internal.loader.BuiltinClassLoader.defineClass(BuiltinClassLoader.java:735)
	at java.base/jdk.internal.loader.BuiltinClassLoader.findClassInModuleOrNull(BuiltinClassLoader.java:678)
	at java.base/jdk.internal.loader.BuiltinClassLoader.loadClassOrNull(BuiltinClassLoader.java:604)
	at java.base/jdk.internal.loader.BuiltinClassLoader.loadClass(BuiltinClassLoader.java:578)
	at java.base/java.lang.ClassLoader.loadClass(ClassLoader.java:490)
	at java.net.http/jdk.internal.net.http.Http1Exchange.<init>(Http1Exchange.java:249)
	at java.net.http/jdk.internal.net.http.ExchangeImpl.createHttp1Exchange(ExchangeImpl.java:176)
	at java.net.http/jdk.internal.net.http.ExchangeImpl.createExchangeImpl(ExchangeImpl.java:159)
	at java.net.http/jdk.internal.net.http.ExchangeImpl.lambda$get$0(ExchangeImpl.java:113)
	at java.base/java.util.concurrent.CompletableFuture.uniHandle(CompletableFuture.java:980)
	at java.base/java.util.concurrent.CompletableFuture.uniHandleStage(CompletableFuture.java:996)
	at java.base/java.util.concurrent.CompletableFuture.handle(CompletableFuture.java:2424)
	at java.net.http/jdk.internal.net.http.ExchangeImpl.get(ExchangeImpl.java:113)
	at java.net.http/jdk.internal.net.http.Exchange.establishExchange(Exchange.java:356)
	at java.net.http/jdk.internal.net.http.Exchange.responseAsyncImpl(Exchange.java:562)
	at java.net.http/jdk.internal.net.http.Exchange.responseAsync(Exchange.java:385)
	at java.net.http/jdk.internal.net.http.MultiExchange.responseAsyncImpl(MultiExchange.java:437)
	at java.net.http/jdk.internal.net.http.MultiExchange.lambda$responseAsync0$0(MultiExchange.java:357)
	at java.base/java.util.concurrent.CompletableFuture$UniCompose.tryFire(CompletableFuture.java:1196)
	at java.base/java.util.concurrent.CompletableFuture.postComplete(CompletableFuture.java:556)
	at java.base/java.util.concurrent.CompletableFuture$AsyncSupply.run(CompletableFuture.java:1819)
	at java.net.http/jdk.internal.net.http.HttpClientImpl$DelegatingExecutor.execute(HttpClientImpl.java:168)
	at java.base/java.util.concurrent.CompletableFuture.completeAsync(CompletableFuture.java:2789)
	at java.net.http/jdk.internal.net.http.MultiExchange.responseAsync(MultiExchange.java:310)
	at java.net.http/jdk.internal.net.http.HttpClientImpl.sendAsync(HttpClientImpl.java:1015)
	at java.net.http/jdk.internal.net.http.HttpClientImpl.send(HttpClientImpl.java:901)
	at java.net.http/jdk.internal.net.http.HttpClientFacade.send(HttpClientFacade.java:133)
	at org.openqa.selenium.remote.http.jdk.JdkHttpClient.execute0(JdkHttpClient.java:459)
	at org.openqa.selenium.remote.http.AddSeleniumUserAgent.lambda$apply$0(AddSeleniumUserAgent.java:42)
	at org.openqa.selenium.remote.http.Filter.lambda$andFinally$1(Filter.java:55)
	at org.openqa.selenium.remote.http.jdk.JdkHttpClient.lambda$executeAsync$2(JdkHttpClient.java:387)
	at java.base/java.util.concurrent.Executors$RunnableAdapter.call(Executors.java:545)
	at java.base/java.util.concurrent.FutureTask.run(FutureTask.java:328)
	at java.base/java.util.concurrent.ThreadPoolExecutor.runWorker(ThreadPoolExecutor.java:1095)
	at java.base/java.util.concurrent.ThreadPoolExecutor$Worker.run(ThreadPoolExecutor.java:619)
	at java.base/java.lang.Thread.run(Thread.java:1447)
Caused by: java.io.IOException: Error while instrumenting jdk/internal/net/http/AbstractSubscription with JaCoCo 0.8.11.202310140853/f33756c.
	at org.jacoco.agent.rt.internal_4742761.core.instr.Instrumenter.instrumentError(Instrumenter.java:161)
	at org.jacoco.agent.rt.internal_4742761.core.instr.Instrumenter.instrument(Instrumenter.java:111)
	at org.jacoco.agent.rt.internal_4742761.CoverageTransformer.transform(CoverageTransformer.java:92)
	... 42 more
Caused by: java.lang.IllegalArgumentException: Unsupported class file major version 68
	at org.jacoco.agent.rt.internal_4742761.asm.ClassReader.<init>(ClassReader.java:200)
	at org.jacoco.agent.rt.internal_4742761.asm.ClassReader.<init>(ClassReader.java:180)
	at org.jacoco.agent.rt.internal_4742761.asm.ClassReader.<init>(ClassReader.java:166)
	at org.jacoco.agent.rt.internal_4742761.core.internal.instr.InstrSupport.classReaderFor(InstrSupport.java:280)
	at org.jacoco.agent.rt.internal_4742761.core.instr.Instrumenter.instrument(Instrumenter.java:77)
	at org.jacoco.agent.rt.internal_4742761.core.instr.Instrumenter.instrument(Instrumenter.java:109)
	... 43 more
java.lang.instrument.IllegalClassFormatException: Error while instrumenting jdk/internal/net/http/Http1AsyncReceiver$Http1AsyncDelegateSubscription with JaCoCo 0.8.11.202310140853/f33756c.
	at org.jacoco.agent.rt.internal_4742761.CoverageTransformer.transform(CoverageTransformer.java:94)
	at java.instrument/java.lang.instrument.ClassFileTransformer.transform(ClassFileTransformer.java:257)
	at java.instrument/sun.instrument.TransformerManager.transform(TransformerManager.java:188)
	at java.instrument/sun.instrument.InstrumentationImpl.transform(InstrumentationImpl.java:594)
	at java.base/java.lang.ClassLoader.defineClass2(Native Method)
	at java.base/java.lang.ClassLoader.defineClass(ClassLoader.java:1052)
	at java.base/java.security.SecureClassLoader.defineClass(SecureClassLoader.java:164)
	at java.base/jdk.internal.loader.BuiltinClassLoader.defineClass(BuiltinClassLoader.java:735)
	at java.base/jdk.internal.loader.BuiltinClassLoader.findClassInModuleOrNull(BuiltinClassLoader.java:678)
	at java.base/jdk.internal.loader.BuiltinClassLoader.loadClassOrNull(BuiltinClassLoader.java:604)
	at java.base/jdk.internal.loader.BuiltinClassLoader.loadClass(BuiltinClassLoader.java:578)
	at java.base/java.lang.ClassLoader.loadClass(ClassLoader.java:490)
	at java.net.http/jdk.internal.net.http.Http1Exchange.<init>(Http1Exchange.java:249)
	at java.net.http/jdk.internal.net.http.ExchangeImpl.createHttp1Exchange(ExchangeImpl.java:176)
	at java.net.http/jdk.internal.net.http.ExchangeImpl.createExchangeImpl(ExchangeImpl.java:159)
	at java.net.http/jdk.internal.net.http.ExchangeImpl.lambda$get$0(ExchangeImpl.java:113)
	at java.base/java.util.concurrent.CompletableFuture.uniHandle(CompletableFuture.java:980)
	at java.base/java.util.concurrent.CompletableFuture.uniHandleStage(CompletableFuture.java:996)
	at java.base/java.util.concurrent.CompletableFuture.handle(CompletableFuture.java:2424)
	at java.net.http/jdk.internal.net.http.ExchangeImpl.get(ExchangeImpl.java:113)
	at java.net.http/jdk.internal.net.http.Exchange.establishExchange(Exchange.java:356)
	at java.net.http/jdk.internal.net.http.Exchange.responseAsyncImpl(Exchange.java:562)
	at java.net.http/jdk.internal.net.http.Exchange.responseAsync(Exchange.java:385)
	at java.net.http/jdk.internal.net.http.MultiExchange.responseAsyncImpl(MultiExchange.java:437)
	at java.net.http/jdk.internal.net.http.MultiExchange.lambda$responseAsync0$0(MultiExchange.java:357)
	at java.base/java.util.concurrent.CompletableFuture$UniCompose.tryFire(CompletableFuture.java:1196)
	at java.base/java.util.concurrent.CompletableFuture.postComplete(CompletableFuture.java:556)
	at java.base/java.util.concurrent.CompletableFuture$AsyncSupply.run(CompletableFuture.java:1819)
	at java.net.http/jdk.internal.net.http.HttpClientImpl$DelegatingExecutor.execute(HttpClientImpl.java:168)
	at java.base/java.util.concurrent.CompletableFuture.completeAsync(CompletableFuture.java:2789)
	at java.net.http/jdk.internal.net.http.MultiExchange.responseAsync(MultiExchange.java:310)
	at java.net.http/jdk.internal.net.http.HttpClientImpl.sendAsync(HttpClientImpl.java:1015)
	at java.net.http/jdk.internal.net.http.HttpClientImpl.send(HttpClientImpl.java:901)
	at java.net.http/jdk.internal.net.http.HttpClientFacade.send(HttpClientFacade.java:133)
	at org.openqa.selenium.remote.http.jdk.JdkHttpClient.execute0(JdkHttpClient.java:459)
	at org.openqa.selenium.remote.http.AddSeleniumUserAgent.lambda$apply$0(AddSeleniumUserAgent.java:42)
	at org.openqa.selenium.remote.http.Filter.lambda$andFinally$1(Filter.java:55)
	at org.openqa.selenium.remote.http.jdk.JdkHttpClient.lambda$executeAsync$2(JdkHttpClient.java:387)
	at java.base/java.util.concurrent.Executors$RunnableAdapter.call(Executors.java:545)
	at java.base/java.util.concurrent.FutureTask.run(FutureTask.java:328)
	at java.base/java.util.concurrent.ThreadPoolExecutor.runWorker(ThreadPoolExecutor.java:1095)
	at java.base/java.util.concurrent.ThreadPoolExecutor$Worker.run(ThreadPoolExecutor.java:619)
	at java.base/java.lang.Thread.run(Thread.java:1447)
Caused by: java.io.IOException: Error while instrumenting jdk/internal/net/http/Http1AsyncReceiver$Http1AsyncDelegateSubscription with JaCoCo 0.8.11.202310140853/f33756c.
	at org.jacoco.agent.rt.internal_4742761.core.instr.Instrumenter.instrumentError(Instrumenter.java:161)
	at org.jacoco.agent.rt.internal_4742761.core.instr.Instrumenter.instrument(Instrumenter.java:111)
	at org.jacoco.agent.rt.internal_4742761.CoverageTransformer.transform(CoverageTransformer.java:92)
	... 42 more
Caused by: java.lang.IllegalArgumentException: Unsupported class file major version 68
	at org.jacoco.agent.rt.internal_4742761.asm.ClassReader.<init>(ClassReader.java:200)
	at org.jacoco.agent.rt.internal_4742761.asm.ClassReader.<init>(ClassReader.java:180)
	at org.jacoco.agent.rt.internal_4742761.asm.ClassReader.<init>(ClassReader.java:166)
	at org.jacoco.agent.rt.internal_4742761.core.internal.instr.InstrSupport.classReaderFor(InstrSupport.java:280)
	at org.jacoco.agent.rt.internal_4742761.core.instr.Instrumenter.instrument(Instrumenter.java:77)
	at org.jacoco.agent.rt.internal_4742761.core.instr.Instrumenter.instrument(Instrumenter.java:109)
	... 43 more
java.lang.instrument.IllegalClassFormatException: Error while instrumenting jdk/internal/net/http/Http1AsyncReceiver$Http1TubeSubscriber with JaCoCo 0.8.11.202310140853/f33756c.
	at org.jacoco.agent.rt.internal_4742761.CoverageTransformer.transform(CoverageTransformer.java:94)
	at java.instrument/java.lang.instrument.ClassFileTransformer.transform(ClassFileTransformer.java:257)
	at java.instrument/sun.instrument.TransformerManager.transform(TransformerManager.java:188)
	at java.instrument/sun.instrument.InstrumentationImpl.transform(InstrumentationImpl.java:594)
	at java.base/java.lang.ClassLoader.defineClass2(Native Method)
	at java.base/java.lang.ClassLoader.defineClass(ClassLoader.java:1052)
	at java.base/java.security.SecureClassLoader.defineClass(SecureClassLoader.java:164)
	at java.base/jdk.internal.loader.BuiltinClassLoader.defineClass(BuiltinClassLoader.java:735)
	at java.base/jdk.internal.loader.BuiltinClassLoader.findClassInModuleOrNull(BuiltinClassLoader.java:678)
	at java.base/jdk.internal.loader.BuiltinClassLoader.loadClassOrNull(BuiltinClassLoader.java:604)
	at java.base/jdk.internal.loader.BuiltinClassLoader.loadClass(BuiltinClassLoader.java:578)
	at java.base/java.lang.ClassLoader.loadClass(ClassLoader.java:490)
	at java.net.http/jdk.internal.net.http.Http1AsyncReceiver.<init>(Http1AsyncReceiver.java:173)
	at java.net.http/jdk.internal.net.http.Http1Exchange.<init>(Http1Exchange.java:249)
	at java.net.http/jdk.internal.net.http.ExchangeImpl.createHttp1Exchange(ExchangeImpl.java:176)
	at java.net.http/jdk.internal.net.http.ExchangeImpl.createExchangeImpl(ExchangeImpl.java:159)
	at java.net.http/jdk.internal.net.http.ExchangeImpl.lambda$get$0(ExchangeImpl.java:113)
	at java.base/java.util.concurrent.CompletableFuture.uniHandle(CompletableFuture.java:980)
	at java.base/java.util.concurrent.CompletableFuture.uniHandleStage(CompletableFuture.java:996)
	at java.base/java.util.concurrent.CompletableFuture.handle(CompletableFuture.java:2424)
	at java.net.http/jdk.internal.net.http.ExchangeImpl.get(ExchangeImpl.java:113)
	at java.net.http/jdk.internal.net.http.Exchange.establishExchange(Exchange.java:356)
	at java.net.http/jdk.internal.net.http.Exchange.responseAsyncImpl(Exchange.java:562)
	at java.net.http/jdk.internal.net.http.Exchange.responseAsync(Exchange.java:385)
	at java.net.http/jdk.internal.net.http.MultiExchange.responseAsyncImpl(MultiExchange.java:437)
	at java.net.http/jdk.internal.net.http.MultiExchange.lambda$responseAsync0$0(MultiExchange.java:357)
	at java.base/java.util.concurrent.CompletableFuture$UniCompose.tryFire(CompletableFuture.java:1196)
	at java.base/java.util.concurrent.CompletableFuture.postComplete(CompletableFuture.java:556)
	at java.base/java.util.concurrent.CompletableFuture$AsyncSupply.run(CompletableFuture.java:1819)
	at java.net.http/jdk.internal.net.http.HttpClientImpl$DelegatingExecutor.execute(HttpClientImpl.java:168)
	at java.base/java.util.concurrent.CompletableFuture.completeAsync(CompletableFuture.java:2789)
	at java.net.http/jdk.internal.net.http.MultiExchange.responseAsync(MultiExchange.java:310)
	at java.net.http/jdk.internal.net.http.HttpClientImpl.sendAsync(HttpClientImpl.java:1015)
	at java.net.http/jdk.internal.net.http.HttpClientImpl.send(HttpClientImpl.java:901)
	at java.net.http/jdk.internal.net.http.HttpClientFacade.send(HttpClientFacade.java:133)
	at org.openqa.selenium.remote.http.jdk.JdkHttpClient.execute0(JdkHttpClient.java:459)
	at org.openqa.selenium.remote.http.AddSeleniumUserAgent.lambda$apply$0(AddSeleniumUserAgent.java:42)
	at org.openqa.selenium.remote.http.Filter.lambda$andFinally$1(Filter.java:55)
	at org.openqa.selenium.remote.http.jdk.JdkHttpClient.lambda$executeAsync$2(JdkHttpClient.java:387)
	at java.base/java.util.concurrent.Executors$RunnableAdapter.call(Executors.java:545)
	at java.base/java.util.concurrent.FutureTask.run(FutureTask.java:328)
	at java.base/java.util.concurrent.ThreadPoolExecutor.runWorker(ThreadPoolExecutor.java:1095)
	at java.base/java.util.concurrent.ThreadPoolExecutor$Worker.run(ThreadPoolExecutor.java:619)
	at java.base/java.lang.Thread.run(Thread.java:1447)
Caused by: java.io.IOException: Error while instrumenting jdk/internal/net/http/Http1AsyncReceiver$Http1TubeSubscriber with JaCoCo 0.8.11.202310140853/f33756c.
	at org.jacoco.agent.rt.internal_4742761.core.instr.Instrumenter.instrumentError(Instrumenter.java:161)
	at org.jacoco.agent.rt.internal_4742761.core.instr.Instrumenter.instrument(Instrumenter.java:111)
	at org.jacoco.agent.rt.internal_4742761.CoverageTransformer.transform(CoverageTransformer.java:92)
	... 43 more
Caused by: java.lang.IllegalArgumentException: Unsupported class file major version 68
	at org.jacoco.agent.rt.internal_4742761.asm.ClassReader.<init>(ClassReader.java:200)
	at org.jacoco.agent.rt.internal_4742761.asm.ClassReader.<init>(ClassReader.java:180)
	at org.jacoco.agent.rt.internal_4742761.asm.ClassReader.<init>(ClassReader.java:166)
	at org.jacoco.agent.rt.internal_4742761.core.internal.instr.InstrSupport.classReaderFor(InstrSupport.java:280)
	at org.jacoco.agent.rt.internal_4742761.core.instr.Instrumenter.instrument(Instrumenter.java:77)
	at org.jacoco.agent.rt.internal_4742761.core.instr.Instrumenter.instrument(Instrumenter.java:109)
	... 44 more
java.lang.instrument.IllegalClassFormatException: Error while instrumenting jdk/internal/net/http/Http1Response with JaCoCo 0.8.11.202310140853/f33756c.
	at org.jacoco.agent.rt.internal_4742761.CoverageTransformer.transform(CoverageTransformer.java:94)
	at java.instrument/java.lang.instrument.ClassFileTransformer.transform(ClassFileTransformer.java:257)
	at java.instrument/sun.instrument.TransformerManager.transform(TransformerManager.java:188)
	at java.instrument/sun.instrument.InstrumentationImpl.transform(InstrumentationImpl.java:594)
	at java.base/java.lang.ClassLoader.defineClass2(Native Method)
	at java.base/java.lang.ClassLoader.defineClass(ClassLoader.java:1052)
	at java.base/java.security.SecureClassLoader.defineClass(SecureClassLoader.java:164)
	at java.base/jdk.internal.loader.BuiltinClassLoader.defineClass(BuiltinClassLoader.java:735)
	at java.base/jdk.internal.loader.BuiltinClassLoader.findClassInModuleOrNull(BuiltinClassLoader.java:678)
	at java.base/jdk.internal.loader.BuiltinClassLoader.loadClassOrNull(BuiltinClassLoader.java:604)
	at java.base/jdk.internal.loader.BuiltinClassLoader.loadClass(BuiltinClassLoader.java:578)
	at java.base/java.lang.ClassLoader.loadClass(ClassLoader.java:490)
	at java.net.http/jdk.internal.net.http.Http1Exchange.sendHeadersAsync(Http1Exchange.java:304)
	at java.net.http/jdk.internal.net.http.Exchange.lambda$responseAsyncImpl$0(Exchange.java:559)
	at java.net.http/jdk.internal.net.http.Exchange.checkFor407(Exchange.java:408)
	at java.net.http/jdk.internal.net.http.Exchange.lambda$responseAsyncImpl$2(Exchange.java:563)
	at java.base/java.util.concurrent.CompletableFuture.uniHandle(CompletableFuture.java:980)
	at java.base/java.util.concurrent.CompletableFuture.uniHandleStage(CompletableFuture.java:996)
	at java.base/java.util.concurrent.CompletableFuture.handle(CompletableFuture.java:2424)
	at java.net.http/jdk.internal.net.http.Exchange.responseAsyncImpl(Exchange.java:563)
	at java.net.http/jdk.internal.net.http.Exchange.responseAsync(Exchange.java:385)
	at java.net.http/jdk.internal.net.http.MultiExchange.responseAsyncImpl(MultiExchange.java:437)
	at java.net.http/jdk.internal.net.http.MultiExchange.lambda$responseAsync0$0(MultiExchange.java:357)
	at java.base/java.util.concurrent.CompletableFuture$UniCompose.tryFire(CompletableFuture.java:1196)
	at java.base/java.util.concurrent.CompletableFuture.postComplete(CompletableFuture.java:556)
	at java.base/java.util.concurrent.CompletableFuture$AsyncSupply.run(CompletableFuture.java:1819)
	at java.net.http/jdk.internal.net.http.HttpClientImpl$DelegatingExecutor.execute(HttpClientImpl.java:168)
	at java.base/java.util.concurrent.CompletableFuture.completeAsync(CompletableFuture.java:2789)
	at java.net.http/jdk.internal.net.http.MultiExchange.responseAsync(MultiExchange.java:310)
	at java.net.http/jdk.internal.net.http.HttpClientImpl.sendAsync(HttpClientImpl.java:1015)
	at java.net.http/jdk.internal.net.http.HttpClientImpl.send(HttpClientImpl.java:901)
	at java.net.http/jdk.internal.net.http.HttpClientFacade.send(HttpClientFacade.java:133)
	at org.openqa.selenium.remote.http.jdk.JdkHttpClient.execute0(JdkHttpClient.java:459)
	at org.openqa.selenium.remote.http.AddSeleniumUserAgent.lambda$apply$0(AddSeleniumUserAgent.java:42)
	at org.openqa.selenium.remote.http.Filter.lambda$andFinally$1(Filter.java:55)
	at org.openqa.selenium.remote.http.jdk.JdkHttpClient.lambda$executeAsync$2(JdkHttpClient.java:387)
	at java.base/java.util.concurrent.Executors$RunnableAdapter.call(Executors.java:545)
	at java.base/java.util.concurrent.FutureTask.run(FutureTask.java:328)
	at java.base/java.util.concurrent.ThreadPoolExecutor.runWorker(ThreadPoolExecutor.java:1095)
	at java.base/java.util.concurrent.ThreadPoolExecutor$Worker.run(ThreadPoolExecutor.java:619)
	at java.base/java.lang.Thread.run(Thread.java:1447)
Caused by: java.io.IOException: Error while instrumenting jdk/internal/net/http/Http1Response with JaCoCo 0.8.11.202310140853/f33756c.
	at org.jacoco.agent.rt.internal_4742761.core.instr.Instrumenter.instrumentError(Instrumenter.java:161)
	at org.jacoco.agent.rt.internal_4742761.core.instr.Instrumenter.instrument(Instrumenter.java:111)
	at org.jacoco.agent.rt.internal_4742761.CoverageTransformer.transform(CoverageTransformer.java:92)
	... 40 more
Caused by: java.lang.IllegalArgumentException: Unsupported class file major version 68
	at org.jacoco.agent.rt.internal_4742761.asm.ClassReader.<init>(ClassReader.java:200)
	at org.jacoco.agent.rt.internal_4742761.asm.ClassReader.<init>(ClassReader.java:180)
	at org.jacoco.agent.rt.internal_4742761.asm.ClassReader.<init>(ClassReader.java:166)
	at org.jacoco.agent.rt.internal_4742761.core.internal.instr.InstrSupport.classReaderFor(InstrSupport.java:280)
	at org.jacoco.agent.rt.internal_4742761.core.instr.Instrumenter.instrument(Instrumenter.java:77)
	at org.jacoco.agent.rt.internal_4742761.core.instr.Instrumenter.instrument(Instrumenter.java:109)
	... 41 more
java.lang.instrument.IllegalClassFormatException: Error while instrumenting jdk/internal/net/http/Http1AsyncReceiver$Http1AsyncDelegate with JaCoCo 0.8.11.202310140853/f33756c.
	at org.jacoco.agent.rt.internal_4742761.CoverageTransformer.transform(CoverageTransformer.java:94)
	at java.instrument/java.lang.instrument.ClassFileTransformer.transform(ClassFileTransformer.java:257)
	at java.instrument/sun.instrument.TransformerManager.transform(TransformerManager.java:188)
	at java.instrument/sun.instrument.InstrumentationImpl.transform(InstrumentationImpl.java:594)
	at java.base/java.lang.ClassLoader.defineClass2(Native Method)
	at java.base/java.lang.ClassLoader.defineClass(ClassLoader.java:1052)
	at java.base/java.security.SecureClassLoader.defineClass(SecureClassLoader.java:164)
	at java.base/jdk.internal.loader.BuiltinClassLoader.defineClass(BuiltinClassLoader.java:735)
	at java.base/jdk.internal.loader.BuiltinClassLoader.findClassInModuleOrNull(BuiltinClassLoader.java:678)
	at java.base/jdk.internal.loader.BuiltinClassLoader.loadClassOrNull(BuiltinClassLoader.java:604)
	at java.base/jdk.internal.loader.BuiltinClassLoader.loadClass(BuiltinClassLoader.java:578)
	at java.base/java.lang.ClassLoader.loadClass(ClassLoader.java:490)
	at java.net.http/jdk.internal.net.http.Http1Exchange.sendHeadersAsync(Http1Exchange.java:304)
	at java.net.http/jdk.internal.net.http.Exchange.lambda$responseAsyncImpl$0(Exchange.java:559)
	at java.net.http/jdk.internal.net.http.Exchange.checkFor407(Exchange.java:408)
	at java.net.http/jdk.internal.net.http.Exchange.lambda$responseAsyncImpl$2(Exchange.java:563)
	at java.base/java.util.concurrent.CompletableFuture.uniHandle(CompletableFuture.java:980)
	at java.base/java.util.concurrent.CompletableFuture.uniHandleStage(CompletableFuture.java:996)
	at java.base/java.util.concurrent.CompletableFuture.handle(CompletableFuture.java:2424)
	at java.net.http/jdk.internal.net.http.Exchange.responseAsyncImpl(Exchange.java:563)
	at java.net.http/jdk.internal.net.http.Exchange.responseAsync(Exchange.java:385)
	at java.net.http/jdk.internal.net.http.MultiExchange.responseAsyncImpl(MultiExchange.java:437)
	at java.net.http/jdk.internal.net.http.MultiExchange.lambda$responseAsync0$0(MultiExchange.java:357)
	at java.base/java.util.concurrent.CompletableFuture$UniCompose.tryFire(CompletableFuture.java:1196)
	at java.base/java.util.concurrent.CompletableFuture.postComplete(CompletableFuture.java:556)
	at java.base/java.util.concurrent.CompletableFuture$AsyncSupply.run(CompletableFuture.java:1819)
	at java.net.http/jdk.internal.net.http.HttpClientImpl$DelegatingExecutor.execute(HttpClientImpl.java:168)
	at java.base/java.util.concurrent.CompletableFuture.completeAsync(CompletableFuture.java:2789)
	at java.net.http/jdk.internal.net.http.MultiExchange.responseAsync(MultiExchange.java:310)
	at java.net.http/jdk.internal.net.http.HttpClientImpl.sendAsync(HttpClientImpl.java:1015)
	at java.net.http/jdk.internal.net.http.HttpClientImpl.send(HttpClientImpl.java:901)
	at java.net.http/jdk.internal.net.http.HttpClientFacade.send(HttpClientFacade.java:133)
	at org.openqa.selenium.remote.http.jdk.JdkHttpClient.execute0(JdkHttpClient.java:459)
	at org.openqa.selenium.remote.http.AddSeleniumUserAgent.lambda$apply$0(AddSeleniumUserAgent.java:42)
	at org.openqa.selenium.remote.http.Filter.lambda$andFinally$1(Filter.java:55)
	at org.openqa.selenium.remote.http.jdk.JdkHttpClient.lambda$executeAsync$2(JdkHttpClient.java:387)
	at java.base/java.util.concurrent.Executors$RunnableAdapter.call(Executors.java:545)
	at java.base/java.util.concurrent.FutureTask.run(FutureTask.java:328)
	at java.base/java.util.concurrent.ThreadPoolExecutor.runWorker(ThreadPoolExecutor.java:1095)
	at java.base/java.util.concurrent.ThreadPoolExecutor$Worker.run(ThreadPoolExecutor.java:619)
	at java.base/java.lang.Thread.run(Thread.java:1447)
Caused by: java.io.IOException: Error while instrumenting jdk/internal/net/http/Http1AsyncReceiver$Http1AsyncDelegate with JaCoCo 0.8.11.202310140853/f33756c.
	at org.jacoco.agent.rt.internal_4742761.core.instr.Instrumenter.instrumentError(Instrumenter.java:161)
	at org.jacoco.agent.rt.internal_4742761.core.instr.Instrumenter.instrument(Instrumenter.java:111)
	at org.jacoco.agent.rt.internal_4742761.CoverageTransformer.transform(CoverageTransformer.java:92)
	... 40 more
Caused by: java.lang.IllegalArgumentException: Unsupported class file major version 68
	at org.jacoco.agent.rt.internal_4742761.asm.ClassReader.<init>(ClassReader.java:200)
	at org.jacoco.agent.rt.internal_4742761.asm.ClassReader.<init>(ClassReader.java:180)
	at org.jacoco.agent.rt.internal_4742761.asm.ClassReader.<init>(ClassReader.java:166)
	at org.jacoco.agent.rt.internal_4742761.core.internal.instr.InstrSupport.classReaderFor(InstrSupport.java:280)
	at org.jacoco.agent.rt.internal_4742761.core.instr.Instrumenter.instrument(Instrumenter.java:77)
	at org.jacoco.agent.rt.internal_4742761.core.instr.Instrumenter.instrument(Instrumenter.java:109)
	... 41 more
java.lang.instrument.IllegalClassFormatException: Error while instrumenting jdk/internal/net/http/Http1Response$Receiver with JaCoCo 0.8.11.202310140853/f33756c.
	at org.jacoco.agent.rt.internal_4742761.CoverageTransformer.transform(CoverageTransformer.java:94)
	at java.instrument/java.lang.instrument.ClassFileTransformer.transform(ClassFileTransformer.java:257)
	at java.instrument/sun.instrument.TransformerManager.transform(TransformerManager.java:188)
	at java.instrument/sun.instrument.InstrumentationImpl.transform(InstrumentationImpl.java:594)
	at java.base/java.lang.ClassLoader.defineClass2(Native Method)
	at java.base/java.lang.ClassLoader.defineClass(ClassLoader.java:1052)
	at java.base/java.security.SecureClassLoader.defineClass(SecureClassLoader.java:164)
	at java.base/jdk.internal.loader.BuiltinClassLoader.defineClass(BuiltinClassLoader.java:735)
	at java.base/jdk.internal.loader.BuiltinClassLoader.findClassInModuleOrNull(BuiltinClassLoader.java:678)
	at java.base/jdk.internal.loader.BuiltinClassLoader.loadClassOrNull(BuiltinClassLoader.java:604)
	at java.base/jdk.internal.loader.BuiltinClassLoader.loadClass(BuiltinClassLoader.java:578)
	at java.base/java.lang.ClassLoader.loadClass(ClassLoader.java:490)
	at java.net.http/jdk.internal.net.http.Http1Exchange.sendHeadersAsync(Http1Exchange.java:304)
	at java.net.http/jdk.internal.net.http.Exchange.lambda$responseAsyncImpl$0(Exchange.java:559)
	at java.net.http/jdk.internal.net.http.Exchange.checkFor407(Exchange.java:408)
	at java.net.http/jdk.internal.net.http.Exchange.lambda$responseAsyncImpl$2(Exchange.java:563)
	at java.base/java.util.concurrent.CompletableFuture.uniHandle(CompletableFuture.java:980)
	at java.base/java.util.concurrent.CompletableFuture.uniHandleStage(CompletableFuture.java:996)
	at java.base/java.util.concurrent.CompletableFuture.handle(CompletableFuture.java:2424)
	at java.net.http/jdk.internal.net.http.Exchange.responseAsyncImpl(Exchange.java:563)
	at java.net.http/jdk.internal.net.http.Exchange.responseAsync(Exchange.java:385)
	at java.net.http/jdk.internal.net.http.MultiExchange.responseAsyncImpl(MultiExchange.java:437)
	at java.net.http/jdk.internal.net.http.MultiExchange.lambda$responseAsync0$0(MultiExchange.java:357)
	at java.base/java.util.concurrent.CompletableFuture$UniCompose.tryFire(CompletableFuture.java:1196)
	at java.base/java.util.concurrent.CompletableFuture.postComplete(CompletableFuture.java:556)
	at java.base/java.util.concurrent.CompletableFuture$AsyncSupply.run(CompletableFuture.java:1819)
	at java.net.http/jdk.internal.net.http.HttpClientImpl$DelegatingExecutor.execute(HttpClientImpl.java:168)
	at java.base/java.util.concurrent.CompletableFuture.completeAsync(CompletableFuture.java:2789)
	at java.net.http/jdk.internal.net.http.MultiExchange.responseAsync(MultiExchange.java:310)
	at java.net.http/jdk.internal.net.http.HttpClientImpl.sendAsync(HttpClientImpl.java:1015)
	at java.net.http/jdk.internal.net.http.HttpClientImpl.send(HttpClientImpl.java:901)
	at java.net.http/jdk.internal.net.http.HttpClientFacade.send(HttpClientFacade.java:133)
	at org.openqa.selenium.remote.http.jdk.JdkHttpClient.execute0(JdkHttpClient.java:459)
	at org.openqa.selenium.remote.http.AddSeleniumUserAgent.lambda$apply$0(AddSeleniumUserAgent.java:42)
	at org.openqa.selenium.remote.http.Filter.lambda$andFinally$1(Filter.java:55)
	at org.openqa.selenium.remote.http.jdk.JdkHttpClient.lambda$executeAsync$2(JdkHttpClient.java:387)
	at java.base/java.util.concurrent.Executors$RunnableAdapter.call(Executors.java:545)
	at java.base/java.util.concurrent.FutureTask.run(FutureTask.java:328)
	at java.base/java.util.concurrent.ThreadPoolExecutor.runWorker(ThreadPoolExecutor.java:1095)
	at java.base/java.util.concurrent.ThreadPoolExecutor$Worker.run(ThreadPoolExecutor.java:619)
	at java.base/java.lang.Thread.run(Thread.java:1447)
Caused by: java.io.IOException: Error while instrumenting jdk/internal/net/http/Http1Response$Receiver with JaCoCo 0.8.11.202310140853/f33756c.
	at org.jacoco.agent.rt.internal_4742761.core.instr.Instrumenter.instrumentError(Instrumenter.java:161)
	at org.jacoco.agent.rt.internal_4742761.core.instr.Instrumenter.instrument(Instrumenter.java:111)
	at org.jacoco.agent.rt.internal_4742761.CoverageTransformer.transform(CoverageTransformer.java:92)
	... 40 more
Caused by: java.lang.IllegalArgumentException: Unsupported class file major version 68
	at org.jacoco.agent.rt.internal_4742761.asm.ClassReader.<init>(ClassReader.java:200)
	at org.jacoco.agent.rt.internal_4742761.asm.ClassReader.<init>(ClassReader.java:180)
	at org.jacoco.agent.rt.internal_4742761.asm.ClassReader.<init>(ClassReader.java:166)
	at org.jacoco.agent.rt.internal_4742761.core.internal.instr.InstrSupport.classReaderFor(InstrSupport.java:280)
	at org.jacoco.agent.rt.internal_4742761.core.instr.Instrumenter.instrument(Instrumenter.java:77)
	at org.jacoco.agent.rt.internal_4742761.core.instr.Instrumenter.instrument(Instrumenter.java:109)
	... 41 more
java.lang.instrument.IllegalClassFormatException: Error while instrumenting jdk/internal/net/http/Http1Response$HeadersReader with JaCoCo 0.8.11.202310140853/f33756c.
	at org.jacoco.agent.rt.internal_4742761.CoverageTransformer.transform(CoverageTransformer.java:94)
	at java.instrument/java.lang.instrument.ClassFileTransformer.transform(ClassFileTransformer.java:257)
	at java.instrument/sun.instrument.TransformerManager.transform(TransformerManager.java:188)
	at java.instrument/sun.instrument.InstrumentationImpl.transform(InstrumentationImpl.java:594)
	at java.base/java.lang.ClassLoader.defineClass2(Native Method)
	at java.base/java.lang.ClassLoader.defineClass(ClassLoader.java:1052)
	at java.base/java.security.SecureClassLoader.defineClass(SecureClassLoader.java:164)
	at java.base/jdk.internal.loader.BuiltinClassLoader.defineClass(BuiltinClassLoader.java:735)
	at java.base/jdk.internal.loader.BuiltinClassLoader.findClassInModuleOrNull(BuiltinClassLoader.java:678)
	at java.base/jdk.internal.loader.BuiltinClassLoader.loadClassOrNull(BuiltinClassLoader.java:604)
	at java.base/jdk.internal.loader.BuiltinClassLoader.loadClass(BuiltinClassLoader.java:578)
	at java.base/java.lang.ClassLoader.loadClass(ClassLoader.java:490)
	at java.net.http/jdk.internal.net.http.Http1Exchange.sendHeadersAsync(Http1Exchange.java:304)
	at java.net.http/jdk.internal.net.http.Exchange.lambda$responseAsyncImpl$0(Exchange.java:559)
	at java.net.http/jdk.internal.net.http.Exchange.checkFor407(Exchange.java:408)
	at java.net.http/jdk.internal.net.http.Exchange.lambda$responseAsyncImpl$2(Exchange.java:563)
	at java.base/java.util.concurrent.CompletableFuture.uniHandle(CompletableFuture.java:980)
	at java.base/java.util.concurrent.CompletableFuture.uniHandleStage(CompletableFuture.java:996)
	at java.base/java.util.concurrent.CompletableFuture.handle(CompletableFuture.java:2424)
	at java.net.http/jdk.internal.net.http.Exchange.responseAsyncImpl(Exchange.java:563)
	at java.net.http/jdk.internal.net.http.Exchange.responseAsync(Exchange.java:385)
	at java.net.http/jdk.internal.net.http.MultiExchange.responseAsyncImpl(MultiExchange.java:437)
	at java.net.http/jdk.internal.net.http.MultiExchange.lambda$responseAsync0$0(MultiExchange.java:357)
	at java.base/java.util.concurrent.CompletableFuture$UniCompose.tryFire(CompletableFuture.java:1196)
	at java.base/java.util.concurrent.CompletableFuture.postComplete(CompletableFuture.java:556)
	at java.base/java.util.concurrent.CompletableFuture$AsyncSupply.run(CompletableFuture.java:1819)
	at java.net.http/jdk.internal.net.http.HttpClientImpl$DelegatingExecutor.execute(HttpClientImpl.java:168)
	at java.base/java.util.concurrent.CompletableFuture.completeAsync(CompletableFuture.java:2789)
	at java.net.http/jdk.internal.net.http.MultiExchange.responseAsync(MultiExchange.java:310)
	at java.net.http/jdk.internal.net.http.HttpClientImpl.sendAsync(HttpClientImpl.java:1015)
	at java.net.http/jdk.internal.net.http.HttpClientImpl.send(HttpClientImpl.java:901)
	at java.net.http/jdk.internal.net.http.HttpClientFacade.send(HttpClientFacade.java:133)
	at org.openqa.selenium.remote.http.jdk.JdkHttpClient.execute0(JdkHttpClient.java:459)
	at org.openqa.selenium.remote.http.AddSeleniumUserAgent.lambda$apply$0(AddSeleniumUserAgent.java:42)
	at org.openqa.selenium.remote.http.Filter.lambda$andFinally$1(Filter.java:55)
	at org.openqa.selenium.remote.http.jdk.JdkHttpClient.lambda$executeAsync$2(JdkHttpClient.java:387)
	at java.base/java.util.concurrent.Executors$RunnableAdapter.call(Executors.java:545)
	at java.base/java.util.concurrent.FutureTask.run(FutureTask.java:328)
	at java.base/java.util.concurrent.ThreadPoolExecutor.runWorker(ThreadPoolExecutor.java:1095)
	at java.base/java.util.concurrent.ThreadPoolExecutor$Worker.run(ThreadPoolExecutor.java:619)
	at java.base/java.lang.Thread.run(Thread.java:1447)
Caused by: java.io.IOException: Error while instrumenting jdk/internal/net/http/Http1Response$HeadersReader with JaCoCo 0.8.11.202310140853/f33756c.
	at org.jacoco.agent.rt.internal_4742761.core.instr.Instrumenter.instrumentError(Instrumenter.java:161)
	at org.jacoco.agent.rt.internal_4742761.core.instr.Instrumenter.instrument(Instrumenter.java:111)
	at org.jacoco.agent.rt.internal_4742761.CoverageTransformer.transform(CoverageTransformer.java:92)
	... 40 more
Caused by: java.lang.IllegalArgumentException: Unsupported class file major version 68
	at org.jacoco.agent.rt.internal_4742761.asm.ClassReader.<init>(ClassReader.java:200)
	at org.jacoco.agent.rt.internal_4742761.asm.ClassReader.<init>(ClassReader.java:180)
	at org.jacoco.agent.rt.internal_4742761.asm.ClassReader.<init>(ClassReader.java:166)
	at org.jacoco.agent.rt.internal_4742761.core.internal.instr.InstrSupport.classReaderFor(InstrSupport.java:280)
	at org.jacoco.agent.rt.internal_4742761.core.instr.Instrumenter.instrument(Instrumenter.java:77)
	at org.jacoco.agent.rt.internal_4742761.core.instr.Instrumenter.instrument(Instrumenter.java:109)
	... 41 more
java.lang.instrument.IllegalClassFormatException: Error while instrumenting jdk/internal/net/http/Http1Response$BodyReader with JaCoCo 0.8.11.202310140853/f33756c.
	at org.jacoco.agent.rt.internal_4742761.CoverageTransformer.transform(CoverageTransformer.java:94)
	at java.instrument/java.lang.instrument.ClassFileTransformer.transform(ClassFileTransformer.java:257)
	at java.instrument/sun.instrument.TransformerManager.transform(TransformerManager.java:188)
	at java.instrument/sun.instrument.InstrumentationImpl.transform(InstrumentationImpl.java:594)
	at java.base/java.lang.ClassLoader.defineClass2(Native Method)
	at java.base/java.lang.ClassLoader.defineClass(ClassLoader.java:1052)
	at java.base/java.security.SecureClassLoader.defineClass(SecureClassLoader.java:164)
	at java.base/jdk.internal.loader.BuiltinClassLoader.defineClass(BuiltinClassLoader.java:735)
	at java.base/jdk.internal.loader.BuiltinClassLoader.findClassInModuleOrNull(BuiltinClassLoader.java:678)
	at java.base/jdk.internal.loader.BuiltinClassLoader.loadClassOrNull(BuiltinClassLoader.java:604)
	at java.base/jdk.internal.loader.BuiltinClassLoader.loadClass(BuiltinClassLoader.java:578)
	at java.base/java.lang.ClassLoader.loadClass(ClassLoader.java:490)
	at java.net.http/jdk.internal.net.http.Http1Exchange.sendHeadersAsync(Http1Exchange.java:304)
	at java.net.http/jdk.internal.net.http.Exchange.lambda$responseAsyncImpl$0(Exchange.java:559)
	at java.net.http/jdk.internal.net.http.Exchange.checkFor407(Exchange.java:408)
	at java.net.http/jdk.internal.net.http.Exchange.lambda$responseAsyncImpl$2(Exchange.java:563)
	at java.base/java.util.concurrent.CompletableFuture.uniHandle(CompletableFuture.java:980)
	at java.base/java.util.concurrent.CompletableFuture.uniHandleStage(CompletableFuture.java:996)
	at java.base/java.util.concurrent.CompletableFuture.handle(CompletableFuture.java:2424)
	at java.net.http/jdk.internal.net.http.Exchange.responseAsyncImpl(Exchange.java:563)
	at java.net.http/jdk.internal.net.http.Exchange.responseAsync(Exchange.java:385)
	at java.net.http/jdk.internal.net.http.MultiExchange.responseAsyncImpl(MultiExchange.java:437)
	at java.net.http/jdk.internal.net.http.MultiExchange.lambda$responseAsync0$0(MultiExchange.java:357)
	at java.base/java.util.concurrent.CompletableFuture$UniCompose.tryFire(CompletableFuture.java:1196)
	at java.base/java.util.concurrent.CompletableFuture.postComplete(CompletableFuture.java:556)
	at java.base/java.util.concurrent.CompletableFuture$AsyncSupply.run(CompletableFuture.java:1819)
	at java.net.http/jdk.internal.net.http.HttpClientImpl$DelegatingExecutor.execute(HttpClientImpl.java:168)
	at java.base/java.util.concurrent.CompletableFuture.completeAsync(CompletableFuture.java:2789)
	at java.net.http/jdk.internal.net.http.MultiExchange.responseAsync(MultiExchange.java:310)
	at java.net.http/jdk.internal.net.http.HttpClientImpl.sendAsync(HttpClientImpl.java:1015)
	at java.net.http/jdk.internal.net.http.HttpClientImpl.send(HttpClientImpl.java:901)
	at java.net.http/jdk.internal.net.http.HttpClientFacade.send(HttpClientFacade.java:133)
	at org.openqa.selenium.remote.http.jdk.JdkHttpClient.execute0(JdkHttpClient.java:459)
	at org.openqa.selenium.remote.http.AddSeleniumUserAgent.lambda$apply$0(AddSeleniumUserAgent.java:42)
	at org.openqa.selenium.remote.http.Filter.lambda$andFinally$1(Filter.java:55)
	at org.openqa.selenium.remote.http.jdk.JdkHttpClient.lambda$executeAsync$2(JdkHttpClient.java:387)
	at java.base/java.util.concurrent.Executors$RunnableAdapter.call(Executors.java:545)
	at java.base/java.util.concurrent.FutureTask.run(FutureTask.java:328)
	at java.base/java.util.concurrent.ThreadPoolExecutor.runWorker(ThreadPoolExecutor.java:1095)
	at java.base/java.util.concurrent.ThreadPoolExecutor$Worker.run(ThreadPoolExecutor.java:619)
	at java.base/java.lang.Thread.run(Thread.java:1447)
Caused by: java.io.IOException: Error while instrumenting jdk/internal/net/http/Http1Response$BodyReader with JaCoCo 0.8.11.202310140853/f33756c.
	at org.jacoco.agent.rt.internal_4742761.core.instr.Instrumenter.instrumentError(Instrumenter.java:161)
	at org.jacoco.agent.rt.internal_4742761.core.instr.Instrumenter.instrument(Instrumenter.java:111)
	at org.jacoco.agent.rt.internal_4742761.CoverageTransformer.transform(CoverageTransformer.java:92)
	... 40 more
Caused by: java.lang.IllegalArgumentException: Unsupported class file major version 68
	at org.jacoco.agent.rt.internal_4742761.asm.ClassReader.<init>(ClassReader.java:200)
	at org.jacoco.agent.rt.internal_4742761.asm.ClassReader.<init>(ClassReader.java:180)
	at org.jacoco.agent.rt.internal_4742761.asm.ClassReader.<init>(ClassReader.java:166)
	at org.jacoco.agent.rt.internal_4742761.core.internal.instr.InstrSupport.classReaderFor(InstrSupport.java:280)
	at org.jacoco.agent.rt.internal_4742761.core.instr.Instrumenter.instrument(Instrumenter.java:77)
	at org.jacoco.agent.rt.internal_4742761.core.instr.Instrumenter.instrument(Instrumenter.java:109)
	... 41 more
java.lang.instrument.IllegalClassFormatException: Error while instrumenting jdk/internal/net/http/Http1Response$State with JaCoCo 0.8.11.202310140853/f33756c.
	at org.jacoco.agent.rt.internal_4742761.CoverageTransformer.transform(CoverageTransformer.java:94)
	at java.instrument/java.lang.instrument.ClassFileTransformer.transform(ClassFileTransformer.java:257)
	at java.instrument/sun.instrument.TransformerManager.transform(TransformerManager.java:188)
	at java.instrument/sun.instrument.InstrumentationImpl.transform(InstrumentationImpl.java:594)
	at java.base/java.lang.ClassLoader.defineClass2(Native Method)
	at java.base/java.lang.ClassLoader.defineClass(ClassLoader.java:1052)
	at java.base/java.security.SecureClassLoader.defineClass(SecureClassLoader.java:164)
	at java.base/jdk.internal.loader.BuiltinClassLoader.defineClass(BuiltinClassLoader.java:735)
	at java.base/jdk.internal.loader.BuiltinClassLoader.findClassInModuleOrNull(BuiltinClassLoader.java:678)
	at java.base/jdk.internal.loader.BuiltinClassLoader.loadClassOrNull(BuiltinClassLoader.java:604)
	at java.base/jdk.internal.loader.BuiltinClassLoader.loadClass(BuiltinClassLoader.java:578)
	at java.base/java.lang.ClassLoader.loadClass(ClassLoader.java:490)
	at java.net.http/jdk.internal.net.http.Http1Response.<init>(Http1Response.java:77)
	at java.net.http/jdk.internal.net.http.Http1Exchange.sendHeadersAsync(Http1Exchange.java:304)
	at java.net.http/jdk.internal.net.http.Exchange.lambda$responseAsyncImpl$0(Exchange.java:559)
	at java.net.http/jdk.internal.net.http.Exchange.checkFor407(Exchange.java:408)
	at java.net.http/jdk.internal.net.http.Exchange.lambda$responseAsyncImpl$2(Exchange.java:563)
	at java.base/java.util.concurrent.CompletableFuture.uniHandle(CompletableFuture.java:980)
	at java.base/java.util.concurrent.CompletableFuture.uniHandleStage(CompletableFuture.java:996)
	at java.base/java.util.concurrent.CompletableFuture.handle(CompletableFuture.java:2424)
	at java.net.http/jdk.internal.net.http.Exchange.responseAsyncImpl(Exchange.java:563)
	at java.net.http/jdk.internal.net.http.Exchange.responseAsync(Exchange.java:385)
	at java.net.http/jdk.internal.net.http.MultiExchange.responseAsyncImpl(MultiExchange.java:437)
	at java.net.http/jdk.internal.net.http.MultiExchange.lambda$responseAsync0$0(MultiExchange.java:357)
	at java.base/java.util.concurrent.CompletableFuture$UniCompose.tryFire(CompletableFuture.java:1196)
	at java.base/java.util.concurrent.CompletableFuture.postComplete(CompletableFuture.java:556)
	at java.base/java.util.concurrent.CompletableFuture$AsyncSupply.run(CompletableFuture.java:1819)
	at java.net.http/jdk.internal.net.http.HttpClientImpl$DelegatingExecutor.execute(HttpClientImpl.java:168)
	at java.base/java.util.concurrent.CompletableFuture.completeAsync(CompletableFuture.java:2789)
	at java.net.http/jdk.internal.net.http.MultiExchange.responseAsync(MultiExchange.java:310)
	at java.net.http/jdk.internal.net.http.HttpClientImpl.sendAsync(HttpClientImpl.java:1015)
	at java.net.http/jdk.internal.net.http.HttpClientImpl.send(HttpClientImpl.java:901)
	at java.net.http/jdk.internal.net.http.HttpClientFacade.send(HttpClientFacade.java:133)
	at org.openqa.selenium.remote.http.jdk.JdkHttpClient.execute0(JdkHttpClient.java:459)
	at org.openqa.selenium.remote.http.AddSeleniumUserAgent.lambda$apply$0(AddSeleniumUserAgent.java:42)
	at org.openqa.selenium.remote.http.Filter.lambda$andFinally$1(Filter.java:55)
	at org.openqa.selenium.remote.http.jdk.JdkHttpClient.lambda$executeAsync$2(JdkHttpClient.java:387)
	at java.base/java.util.concurrent.Executors$RunnableAdapter.call(Executors.java:545)
	at java.base/java.util.concurrent.FutureTask.run(FutureTask.java:328)
	at java.base/java.util.concurrent.ThreadPoolExecutor.runWorker(ThreadPoolExecutor.java:1095)
	at java.base/java.util.concurrent.ThreadPoolExecutor$Worker.run(ThreadPoolExecutor.java:619)
	at java.base/java.lang.Thread.run(Thread.java:1447)
Caused by: java.io.IOException: Error while instrumenting jdk/internal/net/http/Http1Response$State with JaCoCo 0.8.11.202310140853/f33756c.
	at org.jacoco.agent.rt.internal_4742761.core.instr.Instrumenter.instrumentError(Instrumenter.java:161)
	at org.jacoco.agent.rt.internal_4742761.core.instr.Instrumenter.instrument(Instrumenter.java:111)
	at org.jacoco.agent.rt.internal_4742761.CoverageTransformer.transform(CoverageTransformer.java:92)
	... 41 more
Caused by: java.lang.IllegalArgumentException: Unsupported class file major version 68
	at org.jacoco.agent.rt.internal_4742761.asm.ClassReader.<init>(ClassReader.java:200)
	at org.jacoco.agent.rt.internal_4742761.asm.ClassReader.<init>(ClassReader.java:180)
	at org.jacoco.agent.rt.internal_4742761.asm.ClassReader.<init>(ClassReader.java:166)
	at org.jacoco.agent.rt.internal_4742761.core.internal.instr.InstrSupport.classReaderFor(InstrSupport.java:280)
	at org.jacoco.agent.rt.internal_4742761.core.instr.Instrumenter.instrument(Instrumenter.java:77)
	at org.jacoco.agent.rt.internal_4742761.core.instr.Instrumenter.instrument(Instrumenter.java:109)
	... 42 more
java.lang.instrument.IllegalClassFormatException: Error while instrumenting jdk/internal/net/http/Http1HeaderParser with JaCoCo 0.8.11.202310140853/f33756c.
	at org.jacoco.agent.rt.internal_4742761.CoverageTransformer.transform(CoverageTransformer.java:94)
	at java.instrument/java.lang.instrument.ClassFileTransformer.transform(ClassFileTransformer.java:257)
	at java.instrument/sun.instrument.TransformerManager.transform(TransformerManager.java:188)
	at java.instrument/sun.instrument.InstrumentationImpl.transform(InstrumentationImpl.java:594)
	at java.base/java.lang.ClassLoader.defineClass2(Native Method)
	at java.base/java.lang.ClassLoader.defineClass(ClassLoader.java:1052)
	at java.base/java.security.SecureClassLoader.defineClass(SecureClassLoader.java:164)
	at java.base/jdk.internal.loader.BuiltinClassLoader.defineClass(BuiltinClassLoader.java:735)
	at java.base/jdk.internal.loader.BuiltinClassLoader.findClassInModuleOrNull(BuiltinClassLoader.java:678)
	at java.base/jdk.internal.loader.BuiltinClassLoader.loadClassOrNull(BuiltinClassLoader.java:604)
	at java.base/jdk.internal.loader.BuiltinClassLoader.loadClass(BuiltinClassLoader.java:578)
	at java.base/java.lang.ClassLoader.loadClass(ClassLoader.java:490)
	at java.net.http/jdk.internal.net.http.Http1Response.<init>(Http1Response.java:95)
	at java.net.http/jdk.internal.net.http.Http1Exchange.sendHeadersAsync(Http1Exchange.java:304)
	at java.net.http/jdk.internal.net.http.Exchange.lambda$responseAsyncImpl$0(Exchange.java:559)
	at java.net.http/jdk.internal.net.http.Exchange.checkFor407(Exchange.java:408)
	at java.net.http/jdk.internal.net.http.Exchange.lambda$responseAsyncImpl$2(Exchange.java:563)
	at java.base/java.util.concurrent.CompletableFuture.uniHandle(CompletableFuture.java:980)
	at java.base/java.util.concurrent.CompletableFuture.uniHandleStage(CompletableFuture.java:996)
	at java.base/java.util.concurrent.CompletableFuture.handle(CompletableFuture.java:2424)
	at java.net.http/jdk.internal.net.http.Exchange.responseAsyncImpl(Exchange.java:563)
	at java.net.http/jdk.internal.net.http.Exchange.responseAsync(Exchange.java:385)
	at java.net.http/jdk.internal.net.http.MultiExchange.responseAsyncImpl(MultiExchange.java:437)
	at java.net.http/jdk.internal.net.http.MultiExchange.lambda$responseAsync0$0(MultiExchange.java:357)
	at java.base/java.util.concurrent.CompletableFuture$UniCompose.tryFire(CompletableFuture.java:1196)
	at java.base/java.util.concurrent.CompletableFuture.postComplete(CompletableFuture.java:556)
	at java.base/java.util.concurrent.CompletableFuture$AsyncSupply.run(CompletableFuture.java:1819)
	at java.net.http/jdk.internal.net.http.HttpClientImpl$DelegatingExecutor.execute(HttpClientImpl.java:168)
	at java.base/java.util.concurrent.CompletableFuture.completeAsync(CompletableFuture.java:2789)
	at java.net.http/jdk.internal.net.http.MultiExchange.responseAsync(MultiExchange.java:310)
	at java.net.http/jdk.internal.net.http.HttpClientImpl.sendAsync(HttpClientImpl.java:1015)
	at java.net.http/jdk.internal.net.http.HttpClientImpl.send(HttpClientImpl.java:901)
	at java.net.http/jdk.internal.net.http.HttpClientFacade.send(HttpClientFacade.java:133)
	at org.openqa.selenium.remote.http.jdk.JdkHttpClient.execute0(JdkHttpClient.java:459)
	at org.openqa.selenium.remote.http.AddSeleniumUserAgent.lambda$apply$0(AddSeleniumUserAgent.java:42)
	at org.openqa.selenium.remote.http.Filter.lambda$andFinally$1(Filter.java:55)
	at org.openqa.selenium.remote.http.jdk.JdkHttpClient.lambda$executeAsync$2(JdkHttpClient.java:387)
	at java.base/java.util.concurrent.Executors$RunnableAdapter.call(Executors.java:545)
	at java.base/java.util.concurrent.FutureTask.run(FutureTask.java:328)
	at java.base/java.util.concurrent.ThreadPoolExecutor.runWorker(ThreadPoolExecutor.java:1095)
	at java.base/java.util.concurrent.ThreadPoolExecutor$Worker.run(ThreadPoolExecutor.java:619)
	at java.base/java.lang.Thread.run(Thread.java:1447)
Caused by: java.io.IOException: Error while instrumenting jdk/internal/net/http/Http1HeaderParser with JaCoCo 0.8.11.202310140853/f33756c.
	at org.jacoco.agent.rt.internal_4742761.core.instr.Instrumenter.instrumentError(Instrumenter.java:161)
	at org.jacoco.agent.rt.internal_4742761.core.instr.Instrumenter.instrument(Instrumenter.java:111)
	at org.jacoco.agent.rt.internal_4742761.CoverageTransformer.transform(CoverageTransformer.java:92)
	... 41 more
Caused by: java.lang.IllegalArgumentException: Unsupported class file major version 68
	at org.jacoco.agent.rt.internal_4742761.asm.ClassReader.<init>(ClassReader.java:200)
	at org.jacoco.agent.rt.internal_4742761.asm.ClassReader.<init>(ClassReader.java:180)
	at org.jacoco.agent.rt.internal_4742761.asm.ClassReader.<init>(ClassReader.java:166)
	at org.jacoco.agent.rt.internal_4742761.core.internal.instr.InstrSupport.classReaderFor(InstrSupport.java:280)
	at org.jacoco.agent.rt.internal_4742761.core.instr.Instrumenter.instrument(Instrumenter.java:77)
	at org.jacoco.agent.rt.internal_4742761.core.instr.Instrumenter.instrument(Instrumenter.java:109)
	... 42 more
java.lang.instrument.IllegalClassFormatException: Error while instrumenting jdk/internal/net/http/Http1HeaderParser$State with JaCoCo 0.8.11.202310140853/f33756c.
	at org.jacoco.agent.rt.internal_4742761.CoverageTransformer.transform(CoverageTransformer.java:94)
	at java.instrument/java.lang.instrument.ClassFileTransformer.transform(ClassFileTransformer.java:257)
	at java.instrument/sun.instrument.TransformerManager.transform(TransformerManager.java:188)
	at java.instrument/sun.instrument.InstrumentationImpl.transform(InstrumentationImpl.java:594)
	at java.base/java.lang.ClassLoader.defineClass2(Native Method)
	at java.base/java.lang.ClassLoader.defineClass(ClassLoader.java:1052)
	at java.base/java.security.SecureClassLoader.defineClass(SecureClassLoader.java:164)
	at java.base/jdk.internal.loader.BuiltinClassLoader.defineClass(BuiltinClassLoader.java:735)
	at java.base/jdk.internal.loader.BuiltinClassLoader.findClassInModuleOrNull(BuiltinClassLoader.java:678)
	at java.base/jdk.internal.loader.BuiltinClassLoader.loadClassOrNull(BuiltinClassLoader.java:604)
	at java.base/jdk.internal.loader.BuiltinClassLoader.loadClass(BuiltinClassLoader.java:578)
	at java.base/java.lang.ClassLoader.loadClass(ClassLoader.java:490)
	at java.net.http/jdk.internal.net.http.Http1HeaderParser.<init>(Http1HeaderParser.java:78)
	at java.net.http/jdk.internal.net.http.Http1Response.<init>(Http1Response.java:95)
	at java.net.http/jdk.internal.net.http.Http1Exchange.sendHeadersAsync(Http1Exchange.java:304)
	at java.net.http/jdk.internal.net.http.Exchange.lambda$responseAsyncImpl$0(Exchange.java:559)
	at java.net.http/jdk.internal.net.http.Exchange.checkFor407(Exchange.java:408)
	at java.net.http/jdk.internal.net.http.Exchange.lambda$responseAsyncImpl$2(Exchange.java:563)
	at java.base/java.util.concurrent.CompletableFuture.uniHandle(CompletableFuture.java:980)
	at java.base/java.util.concurrent.CompletableFuture.uniHandleStage(CompletableFuture.java:996)
	at java.base/java.util.concurrent.CompletableFuture.handle(CompletableFuture.java:2424)
	at java.net.http/jdk.internal.net.http.Exchange.responseAsyncImpl(Exchange.java:563)
	at java.net.http/jdk.internal.net.http.Exchange.responseAsync(Exchange.java:385)
	at java.net.http/jdk.internal.net.http.MultiExchange.responseAsyncImpl(MultiExchange.java:437)
	at java.net.http/jdk.internal.net.http.MultiExchange.lambda$responseAsync0$0(MultiExchange.java:357)
	at java.base/java.util.concurrent.CompletableFuture$UniCompose.tryFire(CompletableFuture.java:1196)
	at java.base/java.util.concurrent.CompletableFuture.postComplete(CompletableFuture.java:556)
	at java.base/java.util.concurrent.CompletableFuture$AsyncSupply.run(CompletableFuture.java:1819)
	at java.net.http/jdk.internal.net.http.HttpClientImpl$DelegatingExecutor.execute(HttpClientImpl.java:168)
	at java.base/java.util.concurrent.CompletableFuture.completeAsync(CompletableFuture.java:2789)
	at java.net.http/jdk.internal.net.http.MultiExchange.responseAsync(MultiExchange.java:310)
	at java.net.http/jdk.internal.net.http.HttpClientImpl.sendAsync(HttpClientImpl.java:1015)
	at java.net.http/jdk.internal.net.http.HttpClientImpl.send(HttpClientImpl.java:901)
	at java.net.http/jdk.internal.net.http.HttpClientFacade.send(HttpClientFacade.java:133)
	at org.openqa.selenium.remote.http.jdk.JdkHttpClient.execute0(JdkHttpClient.java:459)
	at org.openqa.selenium.remote.http.AddSeleniumUserAgent.lambda$apply$0(AddSeleniumUserAgent.java:42)
	at org.openqa.selenium.remote.http.Filter.lambda$andFinally$1(Filter.java:55)
	at org.openqa.selenium.remote.http.jdk.JdkHttpClient.lambda$executeAsync$2(JdkHttpClient.java:387)
	at java.base/java.util.concurrent.Executors$RunnableAdapter.call(Executors.java:545)
	at java.base/java.util.concurrent.FutureTask.run(FutureTask.java:328)
	at java.base/java.util.concurrent.ThreadPoolExecutor.runWorker(ThreadPoolExecutor.java:1095)
	at java.base/java.util.concurrent.ThreadPoolExecutor$Worker.run(ThreadPoolExecutor.java:619)
	at java.base/java.lang.Thread.run(Thread.java:1447)
Caused by: java.io.IOException: Error while instrumenting jdk/internal/net/http/Http1HeaderParser$State with JaCoCo 0.8.11.202310140853/f33756c.
	at org.jacoco.agent.rt.internal_4742761.core.instr.Instrumenter.instrumentError(Instrumenter.java:161)
	at org.jacoco.agent.rt.internal_4742761.core.instr.Instrumenter.instrument(Instrumenter.java:111)
	at org.jacoco.agent.rt.internal_4742761.CoverageTransformer.transform(CoverageTransformer.java:92)
	... 42 more
Caused by: java.lang.IllegalArgumentException: Unsupported class file major version 68
	at org.jacoco.agent.rt.internal_4742761.asm.ClassReader.<init>(ClassReader.java:200)
	at org.jacoco.agent.rt.internal_4742761.asm.ClassReader.<init>(ClassReader.java:180)
	at org.jacoco.agent.rt.internal_4742761.asm.ClassReader.<init>(ClassReader.java:166)
	at org.jacoco.agent.rt.internal_4742761.core.internal.instr.InstrSupport.classReaderFor(InstrSupport.java:280)
	at org.jacoco.agent.rt.internal_4742761.core.instr.Instrumenter.instrument(Instrumenter.java:77)
	at org.jacoco.agent.rt.internal_4742761.core.instr.Instrumenter.instrument(Instrumenter.java:109)
	... 43 more
java.lang.instrument.IllegalClassFormatException: Error while instrumenting jdk/internal/net/http/HttpClientImpl$SelectorAttachment with JaCoCo 0.8.11.202310140853/f33756c.
	at org.jacoco.agent.rt.internal_4742761.CoverageTransformer.transform(CoverageTransformer.java:94)
	at java.instrument/java.lang.instrument.ClassFileTransformer.transform(ClassFileTransformer.java:257)
	at java.instrument/sun.instrument.TransformerManager.transform(TransformerManager.java:188)
	at java.instrument/sun.instrument.InstrumentationImpl.transform(InstrumentationImpl.java:594)
	at java.base/java.lang.ClassLoader.defineClass2(Native Method)
	at java.base/java.lang.ClassLoader.defineClass(ClassLoader.java:1052)
	at java.base/java.security.SecureClassLoader.defineClass(SecureClassLoader.java:164)
	at java.base/jdk.internal.loader.BuiltinClassLoader.defineClass(BuiltinClassLoader.java:735)
	at java.base/jdk.internal.loader.BuiltinClassLoader.findClassInModuleOrNull(BuiltinClassLoader.java:678)
	at java.base/jdk.internal.loader.BuiltinClassLoader.loadClassOrNull(BuiltinClassLoader.java:604)
	at java.base/jdk.internal.loader.BuiltinClassLoader.loadClass(BuiltinClassLoader.java:578)
	at java.base/java.lang.ClassLoader.loadClass(ClassLoader.java:490)
	at java.net.http/jdk.internal.net.http.HttpClientImpl$SelectorManager.run(HttpClientImpl.java:1255)
Caused by: java.io.IOException: Error while instrumenting jdk/internal/net/http/HttpClientImpl$SelectorAttachment with JaCoCo 0.8.11.202310140853/f33756c.
	at org.jacoco.agent.rt.internal_4742761.core.instr.Instrumenter.instrumentError(Instrumenter.java:161)
	at org.jacoco.agent.rt.internal_4742761.core.instr.Instrumenter.instrument(Instrumenter.java:111)
	at org.jacoco.agent.rt.internal_4742761.CoverageTransformer.transform(CoverageTransformer.java:92)
	... 12 more
Caused by: java.lang.IllegalArgumentException: Unsupported class file major version 68
	at org.jacoco.agent.rt.internal_4742761.asm.ClassReader.<init>(ClassReader.java:200)
	at org.jacoco.agent.rt.internal_4742761.asm.ClassReader.<init>(ClassReader.java:180)
	at org.jacoco.agent.rt.internal_4742761.asm.ClassReader.<init>(ClassReader.java:166)
	at org.jacoco.agent.rt.internal_4742761.core.internal.instr.InstrSupport.classReaderFor(InstrSupport.java:280)
	at org.jacoco.agent.rt.internal_4742761.core.instr.Instrumenter.instrument(Instrumenter.java:77)
	at org.jacoco.agent.rt.internal_4742761.core.instr.Instrumenter.instrument(Instrumenter.java:109)
	... 13 more
java.lang.instrument.IllegalClassFormatException: Error while instrumenting jdk/internal/net/http/PlainHttpConnection$ConnectState with JaCoCo 0.8.11.202310140853/f33756c.
	at org.jacoco.agent.rt.internal_4742761.CoverageTransformer.transform(CoverageTransformer.java:94)
	at java.instrument/java.lang.instrument.ClassFileTransformer.transform(ClassFileTransformer.java:257)
	at java.instrument/sun.instrument.TransformerManager.transform(TransformerManager.java:188)
	at java.instrument/sun.instrument.InstrumentationImpl.transform(InstrumentationImpl.java:594)
	at java.base/java.lang.ClassLoader.defineClass2(Native Method)
	at java.base/java.lang.ClassLoader.defineClass(ClassLoader.java:1052)
	at java.base/java.security.SecureClassLoader.defineClass(SecureClassLoader.java:164)
	at java.base/jdk.internal.loader.BuiltinClassLoader.defineClass(BuiltinClassLoader.java:735)
	at java.base/jdk.internal.loader.BuiltinClassLoader.findClassInModuleOrNull(BuiltinClassLoader.java:678)
	at java.base/jdk.internal.loader.BuiltinClassLoader.loadClassOrNull(BuiltinClassLoader.java:604)
	at java.base/jdk.internal.loader.BuiltinClassLoader.loadClass(BuiltinClassLoader.java:578)
	at java.base/java.lang.ClassLoader.loadClass(ClassLoader.java:490)
	at java.net.http/jdk.internal.net.http.PlainHttpConnection.connectAsync(PlainHttpConnection.java:226)
	at java.net.http/jdk.internal.net.http.Http1Exchange.sendHeadersAsync(Http1Exchange.java:312)
	at java.net.http/jdk.internal.net.http.Exchange.lambda$responseAsyncImpl$0(Exchange.java:559)
	at java.net.http/jdk.internal.net.http.Exchange.checkFor407(Exchange.java:408)
	at java.net.http/jdk.internal.net.http.Exchange.lambda$responseAsyncImpl$2(Exchange.java:563)
	at java.base/java.util.concurrent.CompletableFuture.uniHandle(CompletableFuture.java:980)
	at java.base/java.util.concurrent.CompletableFuture.uniHandleStage(CompletableFuture.java:996)
	at java.base/java.util.concurrent.CompletableFuture.handle(CompletableFuture.java:2424)
	at java.net.http/jdk.internal.net.http.Exchange.responseAsyncImpl(Exchange.java:563)
	at java.net.http/jdk.internal.net.http.Exchange.responseAsync(Exchange.java:385)
	at java.net.http/jdk.internal.net.http.MultiExchange.responseAsyncImpl(MultiExchange.java:437)
	at java.net.http/jdk.internal.net.http.MultiExchange.lambda$responseAsync0$0(MultiExchange.java:357)
	at java.base/java.util.concurrent.CompletableFuture$UniCompose.tryFire(CompletableFuture.java:1196)
	at java.base/java.util.concurrent.CompletableFuture.postComplete(CompletableFuture.java:556)
	at java.base/java.util.concurrent.CompletableFuture$AsyncSupply.run(CompletableFuture.java:1819)
	at java.net.http/jdk.internal.net.http.HttpClientImpl$DelegatingExecutor.execute(HttpClientImpl.java:168)
	at java.base/java.util.concurrent.CompletableFuture.completeAsync(CompletableFuture.java:2789)
	at java.net.http/jdk.internal.net.http.MultiExchange.responseAsync(MultiExchange.java:310)
	at java.net.http/jdk.internal.net.http.HttpClientImpl.sendAsync(HttpClientImpl.java:1015)
	at java.net.http/jdk.internal.net.http.HttpClientImpl.send(HttpClientImpl.java:901)
	at java.net.http/jdk.internal.net.http.HttpClientFacade.send(HttpClientFacade.java:133)
	at org.openqa.selenium.remote.http.jdk.JdkHttpClient.execute0(JdkHttpClient.java:459)
	at org.openqa.selenium.remote.http.AddSeleniumUserAgent.lambda$apply$0(AddSeleniumUserAgent.java:42)
	at org.openqa.selenium.remote.http.Filter.lambda$andFinally$1(Filter.java:55)
	at org.openqa.selenium.remote.http.jdk.JdkHttpClient.lambda$executeAsync$2(JdkHttpClient.java:387)
	at java.base/java.util.concurrent.Executors$RunnableAdapter.call(Executors.java:545)
	at java.base/java.util.concurrent.FutureTask.run(FutureTask.java:328)
	at java.base/java.util.concurrent.ThreadPoolExecutor.runWorker(ThreadPoolExecutor.java:1095)
	at java.base/java.util.concurrent.ThreadPoolExecutor$Worker.run(ThreadPoolExecutor.java:619)
	at java.base/java.lang.Thread.run(Thread.java:1447)
Caused by: java.io.IOException: Error while instrumenting jdk/internal/net/http/PlainHttpConnection$ConnectState with JaCoCo 0.8.11.202310140853/f33756c.
	at org.jacoco.agent.rt.internal_4742761.core.instr.Instrumenter.instrumentError(Instrumenter.java:161)
	at org.jacoco.agent.rt.internal_4742761.core.instr.Instrumenter.instrument(Instrumenter.java:111)
	at org.jacoco.agent.rt.internal_4742761.CoverageTransformer.transform(CoverageTransformer.java:92)
	... 41 more
Caused by: java.lang.IllegalArgumentException: Unsupported class file major version 68
	at org.jacoco.agent.rt.internal_4742761.asm.ClassReader.<init>(ClassReader.java:200)
	at org.jacoco.agent.rt.internal_4742761.asm.ClassReader.<init>(ClassReader.java:180)
	at org.jacoco.agent.rt.internal_4742761.asm.ClassReader.<init>(ClassReader.java:166)
	at org.jacoco.agent.rt.internal_4742761.core.internal.instr.InstrSupport.classReaderFor(InstrSupport.java:280)
	at org.jacoco.agent.rt.internal_4742761.core.instr.Instrumenter.instrument(Instrumenter.java:77)
	at org.jacoco.agent.rt.internal_4742761.core.instr.Instrumenter.instrument(Instrumenter.java:109)
	... 42 more
java.lang.instrument.IllegalClassFormatException: Error while instrumenting jdk/internal/net/http/common/Pair with JaCoCo 0.8.11.202310140853/f33756c.
	at org.jacoco.agent.rt.internal_4742761.CoverageTransformer.transform(CoverageTransformer.java:94)
	at java.instrument/java.lang.instrument.ClassFileTransformer.transform(ClassFileTransformer.java:257)
	at java.instrument/sun.instrument.TransformerManager.transform(TransformerManager.java:188)
	at java.instrument/sun.instrument.InstrumentationImpl.transform(InstrumentationImpl.java:594)
	at java.base/java.lang.ClassLoader.defineClass2(Native Method)
	at java.base/java.lang.ClassLoader.defineClass(ClassLoader.java:1052)
	at java.base/java.security.SecureClassLoader.defineClass(SecureClassLoader.java:164)
	at java.base/jdk.internal.loader.BuiltinClassLoader.defineClass(BuiltinClassLoader.java:735)
	at java.base/jdk.internal.loader.BuiltinClassLoader.findClassInModuleOrNull(BuiltinClassLoader.java:678)
	at java.base/jdk.internal.loader.BuiltinClassLoader.loadClassOrNull(BuiltinClassLoader.java:604)
	at java.base/jdk.internal.loader.BuiltinClassLoader.loadClass(BuiltinClassLoader.java:578)
	at java.base/java.lang.ClassLoader.loadClass(ClassLoader.java:490)
	at java.net.http/jdk.internal.net.http.HttpClientImpl$SelectorManager.run(HttpClientImpl.java:1388)
Caused by: java.io.IOException: Error while instrumenting jdk/internal/net/http/common/Pair with JaCoCo 0.8.11.202310140853/f33756c.
	at org.jacoco.agent.rt.internal_4742761.core.instr.Instrumenter.instrumentError(Instrumenter.java:161)
	at org.jacoco.agent.rt.internal_4742761.core.instr.Instrumenter.instrument(Instrumenter.java:111)
	at org.jacoco.agent.rt.internal_4742761.CoverageTransformer.transform(CoverageTransformer.java:92)
	... 12 more
Caused by: java.lang.IllegalArgumentException: Unsupported class file major version 68
	at org.jacoco.agent.rt.internal_4742761.asm.ClassReader.<init>(ClassReader.java:200)
	at org.jacoco.agent.rt.internal_4742761.asm.ClassReader.<init>(ClassReader.java:180)
	at org.jacoco.agent.rt.internal_4742761.asm.ClassReader.<init>(ClassReader.java:166)
	at org.jacoco.agent.rt.internal_4742761.core.internal.instr.InstrSupport.classReaderFor(InstrSupport.java:280)
	at org.jacoco.agent.rt.internal_4742761.core.instr.Instrumenter.instrument(Instrumenter.java:77)
	at org.jacoco.agent.rt.internal_4742761.core.instr.Instrumenter.instrument(Instrumenter.java:109)
	... 13 more
java.lang.instrument.IllegalClassFormatException: Error while instrumenting jdk/internal/net/http/HttpClientImpl$PendingRequest with JaCoCo 0.8.11.202310140853/f33756c.
	at org.jacoco.agent.rt.internal_4742761.CoverageTransformer.transform(CoverageTransformer.java:94)
	at java.instrument/java.lang.instrument.ClassFileTransformer.transform(ClassFileTransformer.java:257)
	at java.instrument/sun.instrument.TransformerManager.transform(TransformerManager.java:188)
	at java.instrument/sun.instrument.InstrumentationImpl.transform(InstrumentationImpl.java:594)
	at java.base/java.lang.ClassLoader.defineClass2(Native Method)
	at java.base/java.lang.ClassLoader.defineClass(ClassLoader.java:1052)
	at java.base/java.security.SecureClassLoader.defineClass(SecureClassLoader.java:164)
	at java.base/jdk.internal.loader.BuiltinClassLoader.defineClass(BuiltinClassLoader.java:735)
	at java.base/jdk.internal.loader.BuiltinClassLoader.findClassInModuleOrNull(BuiltinClassLoader.java:678)
	at java.base/jdk.internal.loader.BuiltinClassLoader.loadClassOrNull(BuiltinClassLoader.java:604)
	at java.base/jdk.internal.loader.BuiltinClassLoader.loadClass(BuiltinClassLoader.java:578)
	at java.base/java.lang.ClassLoader.loadClass(ClassLoader.java:490)
	at java.net.http/jdk.internal.net.http.HttpClientImpl.sendAsync(HttpClientImpl.java:1024)
	at java.net.http/jdk.internal.net.http.HttpClientImpl.send(HttpClientImpl.java:901)
	at java.net.http/jdk.internal.net.http.HttpClientFacade.send(HttpClientFacade.java:133)
	at org.openqa.selenium.remote.http.jdk.JdkHttpClient.execute0(JdkHttpClient.java:459)
	at org.openqa.selenium.remote.http.AddSeleniumUserAgent.lambda$apply$0(AddSeleniumUserAgent.java:42)
	at org.openqa.selenium.remote.http.Filter.lambda$andFinally$1(Filter.java:55)
	at org.openqa.selenium.remote.http.jdk.JdkHttpClient.lambda$executeAsync$2(JdkHttpClient.java:387)
	at java.base/java.util.concurrent.Executors$RunnableAdapter.call(Executors.java:545)
	at java.base/java.util.concurrent.FutureTask.run(FutureTask.java:328)
	at java.base/java.util.concurrent.ThreadPoolExecutor.runWorker(ThreadPoolExecutor.java:1095)
	at java.base/java.util.concurrent.ThreadPoolExecutor$Worker.run(ThreadPoolExecutor.java:619)
	at java.base/java.lang.Thread.run(Thread.java:1447)
Caused by: java.io.IOException: Error while instrumenting jdk/internal/net/http/HttpClientImpl$PendingRequest with JaCoCo 0.8.11.202310140853/f33756c.
	at org.jacoco.agent.rt.internal_4742761.core.instr.Instrumenter.instrumentError(Instrumenter.java:161)
	at org.jacoco.agent.rt.internal_4742761.core.instr.Instrumenter.instrument(Instrumenter.java:111)
	at org.jacoco.agent.rt.internal_4742761.CoverageTransformer.transform(CoverageTransformer.java:92)
	... 23 more
Caused by: java.lang.IllegalArgumentException: Unsupported class file major version 68
	at org.jacoco.agent.rt.internal_4742761.asm.ClassReader.<init>(ClassReader.java:200)
	at org.jacoco.agent.rt.internal_4742761.asm.ClassReader.<init>(ClassReader.java:180)
	at org.jacoco.agent.rt.internal_4742761.asm.ClassReader.<init>(ClassReader.java:166)
	at org.jacoco.agent.rt.internal_4742761.core.internal.instr.InstrSupport.classReaderFor(InstrSupport.java:280)
	at org.jacoco.agent.rt.internal_4742761.core.instr.Instrumenter.instrument(Instrumenter.java:77)
	at org.jacoco.agent.rt.internal_4742761.core.instr.Instrumenter.instrument(Instrumenter.java:109)
	... 24 more
java.lang.instrument.IllegalClassFormatException: Error while instrumenting jdk/internal/net/http/SocketTube$InternalReadPublisher$ReadSubscription with JaCoCo 0.8.11.202310140853/f33756c.
	at org.jacoco.agent.rt.internal_4742761.CoverageTransformer.transform(CoverageTransformer.java:94)
	at java.instrument/java.lang.instrument.ClassFileTransformer.transform(ClassFileTransformer.java:257)
	at java.instrument/sun.instrument.TransformerManager.transform(TransformerManager.java:188)
	at java.instrument/sun.instrument.InstrumentationImpl.transform(InstrumentationImpl.java:594)
	at java.base/java.lang.ClassLoader.defineClass2(Native Method)
	at java.base/java.lang.ClassLoader.defineClass(ClassLoader.java:1052)
	at java.base/java.security.SecureClassLoader.defineClass(SecureClassLoader.java:164)
	at java.base/jdk.internal.loader.BuiltinClassLoader.defineClass(BuiltinClassLoader.java:735)
	at java.base/jdk.internal.loader.BuiltinClassLoader.findClassInModuleOrNull(BuiltinClassLoader.java:678)
	at java.base/jdk.internal.loader.BuiltinClassLoader.loadClassOrNull(BuiltinClassLoader.java:604)
	at java.base/jdk.internal.loader.BuiltinClassLoader.loadClass(BuiltinClassLoader.java:578)
	at java.base/java.lang.ClassLoader.loadClass(ClassLoader.java:490)
	at java.net.http/jdk.internal.net.http.SocketTube$InternalReadPublisher.subscribe(SocketTube.java:584)
	at java.net.http/jdk.internal.net.http.SocketTube.subscribe(SocketTube.java:114)
	at java.net.http/jdk.internal.net.http.SocketTube.connectFlows(SocketTube.java:1335)
	at java.net.http/jdk.internal.net.http.Http1Exchange.connectFlows(Http1Exchange.java:263)
	at java.net.http/jdk.internal.net.http.Http1Exchange.lambda$sendHeadersAsync$2(Http1Exchange.java:348)
	at java.base/java.util.concurrent.CompletableFuture$UniCompose.tryFire(CompletableFuture.java:1196)
	at java.base/java.util.concurrent.CompletableFuture.postComplete(CompletableFuture.java:556)
	at java.base/java.util.concurrent.CompletableFuture$AsyncSupply.run(CompletableFuture.java:1819)
	at java.base/java.util.concurrent.ThreadPoolExecutor.runWorker(ThreadPoolExecutor.java:1095)
	at java.base/java.util.concurrent.ThreadPoolExecutor$Worker.run(ThreadPoolExecutor.java:619)
	at java.base/java.lang.Thread.run(Thread.java:1447)
Caused by: java.io.IOException: Error while instrumenting jdk/internal/net/http/SocketTube$InternalReadPublisher$ReadSubscription with JaCoCo 0.8.11.202310140853/f33756c.
	at org.jacoco.agent.rt.internal_4742761.core.instr.Instrumenter.instrumentError(Instrumenter.java:161)
	at org.jacoco.agent.rt.internal_4742761.core.instr.Instrumenter.instrument(Instrumenter.java:111)
	at org.jacoco.agent.rt.internal_4742761.CoverageTransformer.transform(CoverageTransformer.java:92)
	... 22 more
Caused by: java.lang.IllegalArgumentException: Unsupported class file major version 68
	at org.jacoco.agent.rt.internal_4742761.asm.ClassReader.<init>(ClassReader.java:200)
	at org.jacoco.agent.rt.internal_4742761.asm.ClassReader.<init>(ClassReader.java:180)
	at org.jacoco.agent.rt.internal_4742761.asm.ClassReader.<init>(ClassReader.java:166)
	at org.jacoco.agent.rt.internal_4742761.core.internal.instr.InstrSupport.classReaderFor(InstrSupport.java:280)
	at org.jacoco.agent.rt.internal_4742761.core.instr.Instrumenter.instrument(Instrumenter.java:77)
	at org.jacoco.agent.rt.internal_4742761.core.instr.Instrumenter.instrument(Instrumenter.java:109)
	... 23 more
java.lang.instrument.IllegalClassFormatException: Error while instrumenting jdk/internal/net/http/SocketTube$InternalWriteSubscriber$WriteSubscription with JaCoCo 0.8.11.202310140853/f33756c.
	at org.jacoco.agent.rt.internal_4742761.CoverageTransformer.transform(CoverageTransformer.java:94)
	at java.instrument/java.lang.instrument.ClassFileTransformer.transform(ClassFileTransformer.java:257)
	at java.instrument/sun.instrument.TransformerManager.transform(TransformerManager.java:188)
	at java.instrument/sun.instrument.InstrumentationImpl.transform(InstrumentationImpl.java:594)
	at java.base/java.lang.ClassLoader.defineClass2(Native Method)
	at java.base/java.lang.ClassLoader.defineClass(ClassLoader.java:1052)
	at java.base/java.security.SecureClassLoader.defineClass(SecureClassLoader.java:164)
	at java.base/jdk.internal.loader.BuiltinClassLoader.defineClass(BuiltinClassLoader.java:735)
	at java.base/jdk.internal.loader.BuiltinClassLoader.findClassInModuleOrNull(BuiltinClassLoader.java:678)
	at java.base/jdk.internal.loader.BuiltinClassLoader.loadClassOrNull(BuiltinClassLoader.java:604)
	at java.base/jdk.internal.loader.BuiltinClassLoader.loadClass(BuiltinClassLoader.java:578)
	at java.base/java.lang.ClassLoader.loadClass(ClassLoader.java:490)
	at java.net.http/jdk.internal.net.http.SocketTube$InternalWriteSubscriber.onSubscribe(SocketTube.java:300)
	at java.net.http/jdk.internal.net.http.SocketTube.onSubscribe(SocketTube.java:131)
	at java.net.http/jdk.internal.net.http.Http1Exchange$Http1Publisher.subscribe(Http1Exchange.java:759)
	at java.net.http/jdk.internal.net.http.SocketTube.connectFlows(SocketTube.java:1336)
	at java.net.http/jdk.internal.net.http.Http1Exchange.connectFlows(Http1Exchange.java:263)
	at java.net.http/jdk.internal.net.http.Http1Exchange.lambda$sendHeadersAsync$2(Http1Exchange.java:348)
	at java.base/java.util.concurrent.CompletableFuture$UniCompose.tryFire(CompletableFuture.java:1196)
	at java.base/java.util.concurrent.CompletableFuture.postComplete(CompletableFuture.java:556)
	at java.base/java.util.concurrent.CompletableFuture$AsyncSupply.run(CompletableFuture.java:1819)
	at java.base/java.util.concurrent.ThreadPoolExecutor.runWorker(ThreadPoolExecutor.java:1095)
	at java.base/java.util.concurrent.ThreadPoolExecutor$Worker.run(ThreadPoolExecutor.java:619)
	at java.base/java.lang.Thread.run(Thread.java:1447)
Caused by: java.io.IOException: Error while instrumenting jdk/internal/net/http/SocketTube$InternalWriteSubscriber$WriteSubscription with JaCoCo 0.8.11.202310140853/f33756c.
	at org.jacoco.agent.rt.internal_4742761.core.instr.Instrumenter.instrumentError(Instrumenter.java:161)
	at org.jacoco.agent.rt.internal_4742761.core.instr.Instrumenter.instrument(Instrumenter.java:111)
	at org.jacoco.agent.rt.internal_4742761.CoverageTransformer.transform(CoverageTransformer.java:92)
	... 23 more
Caused by: java.lang.IllegalArgumentException: Unsupported class file major version 68
	at org.jacoco.agent.rt.internal_4742761.asm.ClassReader.<init>(ClassReader.java:200)
	at org.jacoco.agent.rt.internal_4742761.asm.ClassReader.<init>(ClassReader.java:180)
	at org.jacoco.agent.rt.internal_4742761.asm.ClassReader.<init>(ClassReader.java:166)
	at org.jacoco.agent.rt.internal_4742761.core.internal.instr.InstrSupport.classReaderFor(InstrSupport.java:280)
	at org.jacoco.agent.rt.internal_4742761.core.instr.Instrumenter.instrument(Instrumenter.java:77)
	at org.jacoco.agent.rt.internal_4742761.core.instr.Instrumenter.instrument(Instrumenter.java:109)
	... 24 more
java.lang.instrument.IllegalClassFormatException: Error while instrumenting jdk/internal/net/http/Http1Exchange$DataPair with JaCoCo 0.8.11.202310140853/f33756c.
	at org.jacoco.agent.rt.internal_4742761.CoverageTransformer.transform(CoverageTransformer.java:94)
	at java.instrument/java.lang.instrument.ClassFileTransformer.transform(ClassFileTransformer.java:257)
	at java.instrument/sun.instrument.TransformerManager.transform(TransformerManager.java:188)
	at java.instrument/sun.instrument.InstrumentationImpl.transform(InstrumentationImpl.java:594)
	at java.base/java.lang.ClassLoader.defineClass2(Native Method)
	at java.base/java.lang.ClassLoader.defineClass(ClassLoader.java:1052)
	at java.base/java.security.SecureClassLoader.defineClass(SecureClassLoader.java:164)
	at java.base/jdk.internal.loader.BuiltinClassLoader.defineClass(BuiltinClassLoader.java:735)
	at java.base/jdk.internal.loader.BuiltinClassLoader.findClassInModuleOrNull(BuiltinClassLoader.java:678)
	at java.base/jdk.internal.loader.BuiltinClassLoader.loadClassOrNull(BuiltinClassLoader.java:604)
	at java.base/jdk.internal.loader.BuiltinClassLoader.loadClass(BuiltinClassLoader.java:578)
	at java.base/java.lang.ClassLoader.loadClass(ClassLoader.java:490)
	at java.net.http/jdk.internal.net.http.Http1Exchange.appendToOutgoing(Http1Exchange.java:631)
	at java.net.http/jdk.internal.net.http.Http1Exchange.lambda$sendHeadersAsync$2(Http1Exchange.java:355)
	at java.base/java.util.concurrent.CompletableFuture$UniCompose.tryFire(CompletableFuture.java:1196)
	at java.base/java.util.concurrent.CompletableFuture.postComplete(CompletableFuture.java:556)
	at java.base/java.util.concurrent.CompletableFuture$AsyncSupply.run(CompletableFuture.java:1819)
	at java.base/java.util.concurrent.ThreadPoolExecutor.runWorker(ThreadPoolExecutor.java:1095)
	at java.base/java.util.concurrent.ThreadPoolExecutor$Worker.run(ThreadPoolExecutor.java:619)
	at java.base/java.lang.Thread.run(Thread.java:1447)
Caused by: java.io.IOException: Error while instrumenting jdk/internal/net/http/Http1Exchange$DataPair with JaCoCo 0.8.11.202310140853/f33756c.
	at org.jacoco.agent.rt.internal_4742761.core.instr.Instrumenter.instrumentError(Instrumenter.java:161)
	at org.jacoco.agent.rt.internal_4742761.core.instr.Instrumenter.instrument(Instrumenter.java:111)
	at org.jacoco.agent.rt.internal_4742761.CoverageTransformer.transform(CoverageTransformer.java:92)
	... 19 more
Caused by: java.lang.IllegalArgumentException: Unsupported class file major version 68
	at org.jacoco.agent.rt.internal_4742761.asm.ClassReader.<init>(ClassReader.java:200)
	at org.jacoco.agent.rt.internal_4742761.asm.ClassReader.<init>(ClassReader.java:180)
	at org.jacoco.agent.rt.internal_4742761.asm.ClassReader.<init>(ClassReader.java:166)
	at org.jacoco.agent.rt.internal_4742761.core.internal.instr.InstrSupport.classReaderFor(InstrSupport.java:280)
	at org.jacoco.agent.rt.internal_4742761.core.instr.Instrumenter.instrument(Instrumenter.java:77)
	at org.jacoco.agent.rt.internal_4742761.core.instr.Instrumenter.instrument(Instrumenter.java:109)
	... 20 more
java.lang.instrument.IllegalClassFormatException: Error while instrumenting jdk/internal/net/http/Http1Exchange$Http1RequestBodySubscriber$1 with JaCoCo 0.8.11.202310140853/f33756c.
	at org.jacoco.agent.rt.internal_4742761.CoverageTransformer.transform(CoverageTransformer.java:94)
	at java.instrument/java.lang.instrument.ClassFileTransformer.transform(ClassFileTransformer.java:257)
	at java.instrument/sun.instrument.TransformerManager.transform(TransformerManager.java:188)
	at java.instrument/sun.instrument.InstrumentationImpl.transform(InstrumentationImpl.java:594)
	at java.base/java.lang.ClassLoader.defineClass2(Native Method)
	at java.base/java.lang.ClassLoader.defineClass(ClassLoader.java:1052)
	at java.base/java.security.SecureClassLoader.defineClass(SecureClassLoader.java:164)
	at java.base/jdk.internal.loader.BuiltinClassLoader.defineClass(BuiltinClassLoader.java:735)
	at java.base/jdk.internal.loader.BuiltinClassLoader.findClassInModuleOrNull(BuiltinClassLoader.java:678)
	at java.base/jdk.internal.loader.BuiltinClassLoader.loadClassOrNull(BuiltinClassLoader.java:604)
	at java.base/jdk.internal.loader.BuiltinClassLoader.loadClass(BuiltinClassLoader.java:578)
	at java.base/java.lang.ClassLoader.loadClass(ClassLoader.java:490)
	at java.net.http/jdk.internal.net.http.Http1Exchange$Http1Publisher$WriteTask.run(Http1Exchange.java:831)
	at java.net.http/jdk.internal.net.http.common.SequentialScheduler$LockingRestartableTask.run(SequentialScheduler.java:182)
	at java.net.http/jdk.internal.net.http.common.SequentialScheduler$CompleteRestartableTask.run(SequentialScheduler.java:149)
	at java.net.http/jdk.internal.net.http.common.SequentialScheduler$SchedulableTask.run(SequentialScheduler.java:207)
	at java.net.http/jdk.internal.net.http.common.SequentialScheduler.runOrSchedule(SequentialScheduler.java:280)
	at java.net.http/jdk.internal.net.http.common.SequentialScheduler.runOrSchedule(SequentialScheduler.java:233)
	at java.net.http/jdk.internal.net.http.Http1Exchange.appendToOutgoing(Http1Exchange.java:637)
	at java.net.http/jdk.internal.net.http.Http1Exchange.appendToOutgoing(Http1Exchange.java:631)
	at java.net.http/jdk.internal.net.http.Http1Exchange.lambda$sendHeadersAsync$2(Http1Exchange.java:355)
	at java.base/java.util.concurrent.CompletableFuture$UniCompose.tryFire(CompletableFuture.java:1196)
	at java.base/java.util.concurrent.CompletableFuture.postComplete(CompletableFuture.java:556)
	at java.base/java.util.concurrent.CompletableFuture$AsyncSupply.run(CompletableFuture.java:1819)
	at java.base/java.util.concurrent.ThreadPoolExecutor.runWorker(ThreadPoolExecutor.java:1095)
	at java.base/java.util.concurrent.ThreadPoolExecutor$Worker.run(ThreadPoolExecutor.java:619)
	at java.base/java.lang.Thread.run(Thread.java:1447)
Caused by: java.io.IOException: Error while instrumenting jdk/internal/net/http/Http1Exchange$Http1RequestBodySubscriber$1 with JaCoCo 0.8.11.202310140853/f33756c.
	at org.jacoco.agent.rt.internal_4742761.core.instr.Instrumenter.instrumentError(Instrumenter.java:161)
	at org.jacoco.agent.rt.internal_4742761.core.instr.Instrumenter.instrument(Instrumenter.java:111)
	at org.jacoco.agent.rt.internal_4742761.CoverageTransformer.transform(CoverageTransformer.java:92)
	... 26 more
Caused by: java.lang.IllegalArgumentException: Unsupported class file major version 68
	at org.jacoco.agent.rt.internal_4742761.asm.ClassReader.<init>(ClassReader.java:200)
	at org.jacoco.agent.rt.internal_4742761.asm.ClassReader.<init>(ClassReader.java:180)
	at org.jacoco.agent.rt.internal_4742761.asm.ClassReader.<init>(ClassReader.java:166)
	at org.jacoco.agent.rt.internal_4742761.core.internal.instr.InstrSupport.classReaderFor(InstrSupport.java:280)
	at org.jacoco.agent.rt.internal_4742761.core.instr.Instrumenter.instrument(Instrumenter.java:77)
	at org.jacoco.agent.rt.internal_4742761.core.instr.Instrumenter.instrument(Instrumenter.java:109)
	... 27 more
java.lang.instrument.IllegalClassFormatException: Error while instrumenting jdk/internal/net/http/PullPublisher with JaCoCo 0.8.11.202310140853/f33756c.
	at org.jacoco.agent.rt.internal_4742761.CoverageTransformer.transform(CoverageTransformer.java:94)
	at java.instrument/java.lang.instrument.ClassFileTransformer.transform(ClassFileTransformer.java:257)
	at java.instrument/sun.instrument.TransformerManager.transform(TransformerManager.java:188)
	at java.instrument/sun.instrument.InstrumentationImpl.transform(InstrumentationImpl.java:594)
	at java.base/java.lang.ClassLoader.defineClass2(Native Method)
	at java.base/java.lang.ClassLoader.defineClass(ClassLoader.java:1052)
	at java.base/java.security.SecureClassLoader.defineClass(SecureClassLoader.java:164)
	at java.base/jdk.internal.loader.BuiltinClassLoader.defineClass(BuiltinClassLoader.java:735)
	at java.base/jdk.internal.loader.BuiltinClassLoader.findClassInModuleOrNull(BuiltinClassLoader.java:678)
	at java.base/jdk.internal.loader.BuiltinClassLoader.loadClassOrNull(BuiltinClassLoader.java:604)
	at java.base/jdk.internal.loader.BuiltinClassLoader.loadClass(BuiltinClassLoader.java:578)
	at java.base/java.lang.ClassLoader.loadClass(ClassLoader.java:490)
	at java.net.http/jdk.internal.net.http.RequestPublishers$InputStreamPublisher.subscribe(RequestPublishers.java:428)
	at java.net.http/jdk.internal.net.http.RequestPublishers$PublisherAdapter.subscribe(RequestPublishers.java:461)
	at java.net.http/jdk.internal.net.http.Http1Request.continueRequest(Http1Request.java:328)
	at java.net.http/jdk.internal.net.http.Http1Exchange.sendBodyAsync(Http1Exchange.java:394)
	at java.net.http/jdk.internal.net.http.Exchange.sendRequestBody(Exchange.java:474)
	at java.net.http/jdk.internal.net.http.Exchange.checkFor407(Exchange.java:408)
	at java.net.http/jdk.internal.net.http.Exchange.lambda$responseAsyncImpl$1(Exchange.java:560)
	at java.base/java.util.concurrent.CompletableFuture.uniHandle(CompletableFuture.java:980)
	at java.base/java.util.concurrent.CompletableFuture$UniHandle.tryFire(CompletableFuture.java:957)
	at java.base/java.util.concurrent.CompletableFuture.postComplete(CompletableFuture.java:556)
	at java.base/java.util.concurrent.CompletableFuture$AsyncSupply.run(CompletableFuture.java:1819)
	at java.base/java.util.concurrent.ThreadPoolExecutor.runWorker(ThreadPoolExecutor.java:1095)
	at java.base/java.util.concurrent.ThreadPoolExecutor$Worker.run(ThreadPoolExecutor.java:619)
	at java.base/java.lang.Thread.run(Thread.java:1447)
Caused by: java.io.IOException: Error while instrumenting jdk/internal/net/http/PullPublisher with JaCoCo 0.8.11.202310140853/f33756c.
	at org.jacoco.agent.rt.internal_4742761.core.instr.Instrumenter.instrumentError(Instrumenter.java:161)
	at org.jacoco.agent.rt.internal_4742761.core.instr.Instrumenter.instrument(Instrumenter.java:111)
	at org.jacoco.agent.rt.internal_4742761.CoverageTransformer.transform(CoverageTransformer.java:92)
	... 25 more
Caused by: java.lang.IllegalArgumentException: Unsupported class file major version 68
	at org.jacoco.agent.rt.internal_4742761.asm.ClassReader.<init>(ClassReader.java:200)
	at org.jacoco.agent.rt.internal_4742761.asm.ClassReader.<init>(ClassReader.java:180)
	at org.jacoco.agent.rt.internal_4742761.asm.ClassReader.<init>(ClassReader.java:166)
	at org.jacoco.agent.rt.internal_4742761.core.internal.instr.InstrSupport.classReaderFor(InstrSupport.java:280)
	at org.jacoco.agent.rt.internal_4742761.core.instr.Instrumenter.instrument(Instrumenter.java:77)
	at org.jacoco.agent.rt.internal_4742761.core.instr.Instrumenter.instrument(Instrumenter.java:109)
	... 26 more
java.lang.instrument.IllegalClassFormatException: Error while instrumenting jdk/internal/net/http/RequestPublishers with JaCoCo 0.8.11.202310140853/f33756c.
	at org.jacoco.agent.rt.internal_4742761.CoverageTransformer.transform(CoverageTransformer.java:94)
	at java.instrument/java.lang.instrument.ClassFileTransformer.transform(ClassFileTransformer.java:257)
	at java.instrument/sun.instrument.TransformerManager.transform(TransformerManager.java:188)
	at java.instrument/sun.instrument.InstrumentationImpl.transform(InstrumentationImpl.java:594)
	at java.base/java.lang.ClassLoader.defineClass2(Native Method)
	at java.base/java.lang.ClassLoader.defineClass(ClassLoader.java:1052)
	at java.base/java.security.SecureClassLoader.defineClass(SecureClassLoader.java:164)
	at java.base/jdk.internal.loader.BuiltinClassLoader.defineClass(BuiltinClassLoader.java:735)
	at java.base/jdk.internal.loader.BuiltinClassLoader.findClassInModuleOrNull(BuiltinClassLoader.java:678)
	at java.base/jdk.internal.loader.BuiltinClassLoader.loadClassOrNull(BuiltinClassLoader.java:604)
	at java.base/jdk.internal.loader.BuiltinClassLoader.loadClass(BuiltinClassLoader.java:578)
	at java.base/java.lang.ClassLoader.loadClass(ClassLoader.java:490)
	at java.base/java.lang.ClassLoader.defineClass0(Native Method)
	at java.base/java.lang.System$1.defineClass(System.java:2025)
	at java.base/java.lang.invoke.MethodHandles$Lookup$ClassDefiner.defineClass(MethodHandles.java:2355)
	at java.base/java.lang.invoke.InnerClassLambdaMetafactory.generateInnerClass(InnerClassLambdaMetafactory.java:355)
	at java.base/java.lang.invoke.InnerClassLambdaMetafactory.spinInnerClass(InnerClassLambdaMetafactory.java:282)
	at java.base/java.lang.invoke.InnerClassLambdaMetafactory.buildCallSite(InnerClassLambdaMetafactory.java:214)
	at java.base/java.lang.invoke.LambdaMetafactory.metafactory(LambdaMetafactory.java:354)
	at java.base/java.lang.invoke.BootstrapMethodInvoker.invoke(BootstrapMethodInvoker.java:134)
	at java.base/java.lang.invoke.CallSite.makeSite(CallSite.java:310)
	at java.base/java.lang.invoke.MethodHandleNatives.linkCallSiteImpl(MethodHandleNatives.java:250)
	at java.base/java.lang.invoke.MethodHandleNatives.linkCallSite(MethodHandleNatives.java:240)
	at java.net.http/jdk.internal.net.http.RequestPublishers$InputStreamPublisher.iterableOf(RequestPublishers.java:434)
	at java.net.http/jdk.internal.net.http.RequestPublishers$InputStreamPublisher.subscribe(RequestPublishers.java:428)
	at java.net.http/jdk.internal.net.http.RequestPublishers$PublisherAdapter.subscribe(RequestPublishers.java:461)
	at java.net.http/jdk.internal.net.http.Http1Request.continueRequest(Http1Request.java:328)
	at java.net.http/jdk.internal.net.http.Http1Exchange.sendBodyAsync(Http1Exchange.java:394)
	at java.net.http/jdk.internal.net.http.Exchange.sendRequestBody(Exchange.java:474)
	at java.net.http/jdk.internal.net.http.Exchange.checkFor407(Exchange.java:408)
	at java.net.http/jdk.internal.net.http.Exchange.lambda$responseAsyncImpl$1(Exchange.java:560)
	at java.base/java.util.concurrent.CompletableFuture.uniHandle(CompletableFuture.java:980)
	at java.base/java.util.concurrent.CompletableFuture$UniHandle.tryFire(CompletableFuture.java:957)
	at java.base/java.util.concurrent.CompletableFuture.postComplete(CompletableFuture.java:556)
	at java.base/java.util.concurrent.CompletableFuture$AsyncSupply.run(CompletableFuture.java:1819)
	at java.base/java.util.concurrent.ThreadPoolExecutor.runWorker(ThreadPoolExecutor.java:1095)
	at java.base/java.util.concurrent.ThreadPoolExecutor$Worker.run(ThreadPoolExecutor.java:619)
	at java.base/java.lang.Thread.run(Thread.java:1447)
Caused by: java.io.IOException: Error while instrumenting jdk/internal/net/http/RequestPublishers with JaCoCo 0.8.11.202310140853/f33756c.
	at org.jacoco.agent.rt.internal_4742761.core.instr.Instrumenter.instrumentError(Instrumenter.java:161)
	at org.jacoco.agent.rt.internal_4742761.core.instr.Instrumenter.instrument(Instrumenter.java:111)
	at org.jacoco.agent.rt.internal_4742761.CoverageTransformer.transform(CoverageTransformer.java:92)
	... 37 more
Caused by: java.lang.IllegalArgumentException: Unsupported class file major version 68
	at org.jacoco.agent.rt.internal_4742761.asm.ClassReader.<init>(ClassReader.java:200)
	at org.jacoco.agent.rt.internal_4742761.asm.ClassReader.<init>(ClassReader.java:180)
	at org.jacoco.agent.rt.internal_4742761.asm.ClassReader.<init>(ClassReader.java:166)
	at org.jacoco.agent.rt.internal_4742761.core.internal.instr.InstrSupport.classReaderFor(InstrSupport.java:280)
	at org.jacoco.agent.rt.internal_4742761.core.instr.Instrumenter.instrument(Instrumenter.java:77)
	at org.jacoco.agent.rt.internal_4742761.core.instr.Instrumenter.instrument(Instrumenter.java:109)
	... 38 more
java.lang.instrument.IllegalClassFormatException: Error while instrumenting jdk/internal/net/http/PullPublisher$Subscription with JaCoCo 0.8.11.202310140853/f33756c.
	at org.jacoco.agent.rt.internal_4742761.CoverageTransformer.transform(CoverageTransformer.java:94)
	at java.instrument/java.lang.instrument.ClassFileTransformer.transform(ClassFileTransformer.java:257)
	at java.instrument/sun.instrument.TransformerManager.transform(TransformerManager.java:188)
	at java.instrument/sun.instrument.InstrumentationImpl.transform(InstrumentationImpl.java:594)
	at java.base/java.lang.ClassLoader.defineClass2(Native Method)
	at java.base/java.lang.ClassLoader.defineClass(ClassLoader.java:1052)
	at java.base/java.security.SecureClassLoader.defineClass(SecureClassLoader.java:164)
	at java.base/jdk.internal.loader.BuiltinClassLoader.defineClass(BuiltinClassLoader.java:735)
	at java.base/jdk.internal.loader.BuiltinClassLoader.findClassInModuleOrNull(BuiltinClassLoader.java:678)
	at java.base/jdk.internal.loader.BuiltinClassLoader.loadClassOrNull(BuiltinClassLoader.java:604)
	at java.base/jdk.internal.loader.BuiltinClassLoader.loadClass(BuiltinClassLoader.java:578)
	at java.base/java.lang.ClassLoader.loadClass(ClassLoader.java:490)
	at java.net.http/jdk.internal.net.http.PullPublisher.subscribe(PullPublisher.java:63)
	at java.net.http/jdk.internal.net.http.RequestPublishers$InputStreamPublisher.subscribe(RequestPublishers.java:430)
	at java.net.http/jdk.internal.net.http.RequestPublishers$PublisherAdapter.subscribe(RequestPublishers.java:461)
	at java.net.http/jdk.internal.net.http.Http1Request.continueRequest(Http1Request.java:328)
	at java.net.http/jdk.internal.net.http.Http1Exchange.sendBodyAsync(Http1Exchange.java:394)
	at java.net.http/jdk.internal.net.http.Exchange.sendRequestBody(Exchange.java:474)
	at java.net.http/jdk.internal.net.http.Exchange.checkFor407(Exchange.java:408)
	at java.net.http/jdk.internal.net.http.Exchange.lambda$responseAsyncImpl$1(Exchange.java:560)
	at java.base/java.util.concurrent.CompletableFuture.uniHandle(CompletableFuture.java:980)
	at java.base/java.util.concurrent.CompletableFuture$UniHandle.tryFire(CompletableFuture.java:957)
	at java.base/java.util.concurrent.CompletableFuture.postComplete(CompletableFuture.java:556)
	at java.base/java.util.concurrent.CompletableFuture$AsyncSupply.run(CompletableFuture.java:1819)
	at java.base/java.util.concurrent.ThreadPoolExecutor.runWorker(ThreadPoolExecutor.java:1095)
	at java.base/java.util.concurrent.ThreadPoolExecutor$Worker.run(ThreadPoolExecutor.java:619)
	at java.base/java.lang.Thread.run(Thread.java:1447)
Caused by: java.io.IOException: Error while instrumenting jdk/internal/net/http/PullPublisher$Subscription with JaCoCo 0.8.11.202310140853/f33756c.
	at org.jacoco.agent.rt.internal_4742761.core.instr.Instrumenter.instrumentError(Instrumenter.java:161)
	at org.jacoco.agent.rt.internal_4742761.core.instr.Instrumenter.instrument(Instrumenter.java:111)
	at org.jacoco.agent.rt.internal_4742761.CoverageTransformer.transform(CoverageTransformer.java:92)
	... 26 more
Caused by: java.lang.IllegalArgumentException: Unsupported class file major version 68
	at org.jacoco.agent.rt.internal_4742761.asm.ClassReader.<init>(ClassReader.java:200)
	at org.jacoco.agent.rt.internal_4742761.asm.ClassReader.<init>(ClassReader.java:180)
	at org.jacoco.agent.rt.internal_4742761.asm.ClassReader.<init>(ClassReader.java:166)
	at org.jacoco.agent.rt.internal_4742761.core.internal.instr.InstrSupport.classReaderFor(InstrSupport.java:280)
	at org.jacoco.agent.rt.internal_4742761.core.instr.Instrumenter.instrument(Instrumenter.java:77)
	at org.jacoco.agent.rt.internal_4742761.core.instr.Instrumenter.instrument(Instrumenter.java:109)
	... 27 more
java.lang.instrument.IllegalClassFormatException: Error while instrumenting jdk/internal/net/http/RequestPublishers$StreamIterator with JaCoCo 0.8.11.202310140853/f33756c.
	at org.jacoco.agent.rt.internal_4742761.CoverageTransformer.transform(CoverageTransformer.java:94)
	at java.instrument/java.lang.instrument.ClassFileTransformer.transform(ClassFileTransformer.java:257)
	at java.instrument/sun.instrument.TransformerManager.transform(TransformerManager.java:188)
	at java.instrument/sun.instrument.InstrumentationImpl.transform(InstrumentationImpl.java:594)
	at java.base/java.lang.ClassLoader.defineClass2(Native Method)
	at java.base/java.lang.ClassLoader.defineClass(ClassLoader.java:1052)
	at java.base/java.security.SecureClassLoader.defineClass(SecureClassLoader.java:164)
	at java.base/jdk.internal.loader.BuiltinClassLoader.defineClass(BuiltinClassLoader.java:735)
	at java.base/jdk.internal.loader.BuiltinClassLoader.findClassInModuleOrNull(BuiltinClassLoader.java:678)
	at java.base/jdk.internal.loader.BuiltinClassLoader.loadClassOrNull(BuiltinClassLoader.java:604)
	at java.base/jdk.internal.loader.BuiltinClassLoader.loadClass(BuiltinClassLoader.java:578)
	at java.base/java.lang.ClassLoader.loadClass(ClassLoader.java:490)
	at java.net.http/jdk.internal.net.http.RequestPublishers$InputStreamPublisher.lambda$iterableOf$0(RequestPublishers.java:434)
	at java.net.http/jdk.internal.net.http.PullPublisher.subscribe(PullPublisher.java:63)
	at java.net.http/jdk.internal.net.http.RequestPublishers$InputStreamPublisher.subscribe(RequestPublishers.java:430)
	at java.net.http/jdk.internal.net.http.RequestPublishers$PublisherAdapter.subscribe(RequestPublishers.java:461)
	at java.net.http/jdk.internal.net.http.Http1Request.continueRequest(Http1Request.java:328)
	at java.net.http/jdk.internal.net.http.Http1Exchange.sendBodyAsync(Http1Exchange.java:394)
	at java.net.http/jdk.internal.net.http.Exchange.sendRequestBody(Exchange.java:474)
	at java.net.http/jdk.internal.net.http.Exchange.checkFor407(Exchange.java:408)
	at java.net.http/jdk.internal.net.http.Exchange.lambda$responseAsyncImpl$1(Exchange.java:560)
	at java.base/java.util.concurrent.CompletableFuture.uniHandle(CompletableFuture.java:980)
	at java.base/java.util.concurrent.CompletableFuture$UniHandle.tryFire(CompletableFuture.java:957)
	at java.base/java.util.concurrent.CompletableFuture.postComplete(CompletableFuture.java:556)
	at java.base/java.util.concurrent.CompletableFuture$AsyncSupply.run(CompletableFuture.java:1819)
	at java.base/java.util.concurrent.ThreadPoolExecutor.runWorker(ThreadPoolExecutor.java:1095)
	at java.base/java.util.concurrent.ThreadPoolExecutor$Worker.run(ThreadPoolExecutor.java:619)
	at java.base/java.lang.Thread.run(Thread.java:1447)
Caused by: java.io.IOException: Error while instrumenting jdk/internal/net/http/RequestPublishers$StreamIterator with JaCoCo 0.8.11.202310140853/f33756c.
	at org.jacoco.agent.rt.internal_4742761.core.instr.Instrumenter.instrumentError(Instrumenter.java:161)
	at org.jacoco.agent.rt.internal_4742761.core.instr.Instrumenter.instrument(Instrumenter.java:111)
	at org.jacoco.agent.rt.internal_4742761.CoverageTransformer.transform(CoverageTransformer.java:92)
	... 27 more
Caused by: java.lang.IllegalArgumentException: Unsupported class file major version 68
	at org.jacoco.agent.rt.internal_4742761.asm.ClassReader.<init>(ClassReader.java:200)
	at org.jacoco.agent.rt.internal_4742761.asm.ClassReader.<init>(ClassReader.java:180)
	at org.jacoco.agent.rt.internal_4742761.asm.ClassReader.<init>(ClassReader.java:166)
	at org.jacoco.agent.rt.internal_4742761.core.internal.instr.InstrSupport.classReaderFor(InstrSupport.java:280)
	at org.jacoco.agent.rt.internal_4742761.core.instr.Instrumenter.instrument(Instrumenter.java:77)
	at org.jacoco.agent.rt.internal_4742761.core.instr.Instrumenter.instrument(Instrumenter.java:109)
	... 28 more
java.lang.instrument.IllegalClassFormatException: Error while instrumenting jdk/internal/net/http/PullPublisher$Subscription$PullTask with JaCoCo 0.8.11.202310140853/f33756c.
	at org.jacoco.agent.rt.internal_4742761.CoverageTransformer.transform(CoverageTransformer.java:94)
	at java.instrument/java.lang.instrument.ClassFileTransformer.transform(ClassFileTransformer.java:257)
	at java.instrument/sun.instrument.TransformerManager.transform(TransformerManager.java:188)
	at java.instrument/sun.instrument.InstrumentationImpl.transform(InstrumentationImpl.java:594)
	at java.base/java.lang.ClassLoader.defineClass2(Native Method)
	at java.base/java.lang.ClassLoader.defineClass(ClassLoader.java:1052)
	at java.base/java.security.SecureClassLoader.defineClass(SecureClassLoader.java:164)
	at java.base/jdk.internal.loader.BuiltinClassLoader.defineClass(BuiltinClassLoader.java:735)
	at java.base/jdk.internal.loader.BuiltinClassLoader.findClassInModuleOrNull(BuiltinClassLoader.java:678)
	at java.base/jdk.internal.loader.BuiltinClassLoader.loadClassOrNull(BuiltinClassLoader.java:604)
	at java.base/jdk.internal.loader.BuiltinClassLoader.loadClass(BuiltinClassLoader.java:578)
	at java.base/java.lang.ClassLoader.loadClass(ClassLoader.java:490)
	at java.net.http/jdk.internal.net.http.PullPublisher$Subscription.<init>(PullPublisher.java:79)
	at java.net.http/jdk.internal.net.http.PullPublisher.subscribe(PullPublisher.java:63)
	at java.net.http/jdk.internal.net.http.RequestPublishers$InputStreamPublisher.subscribe(RequestPublishers.java:430)
	at java.net.http/jdk.internal.net.http.RequestPublishers$PublisherAdapter.subscribe(RequestPublishers.java:461)
	at java.net.http/jdk.internal.net.http.Http1Request.continueRequest(Http1Request.java:328)
	at java.net.http/jdk.internal.net.http.Http1Exchange.sendBodyAsync(Http1Exchange.java:394)
	at java.net.http/jdk.internal.net.http.Exchange.sendRequestBody(Exchange.java:474)
	at java.net.http/jdk.internal.net.http.Exchange.checkFor407(Exchange.java:408)
	at java.net.http/jdk.internal.net.http.Exchange.lambda$responseAsyncImpl$1(Exchange.java:560)
	at java.base/java.util.concurrent.CompletableFuture.uniHandle(CompletableFuture.java:980)
	at java.base/java.util.concurrent.CompletableFuture$UniHandle.tryFire(CompletableFuture.java:957)
	at java.base/java.util.concurrent.CompletableFuture.postComplete(CompletableFuture.java:556)
	at java.base/java.util.concurrent.CompletableFuture$AsyncSupply.run(CompletableFuture.java:1819)
	at java.base/java.util.concurrent.ThreadPoolExecutor.runWorker(ThreadPoolExecutor.java:1095)
	at java.base/java.util.concurrent.ThreadPoolExecutor$Worker.run(ThreadPoolExecutor.java:619)
	at java.base/java.lang.Thread.run(Thread.java:1447)
Caused by: java.io.IOException: Error while instrumenting jdk/internal/net/http/PullPublisher$Subscription$PullTask with JaCoCo 0.8.11.202310140853/f33756c.
	at org.jacoco.agent.rt.internal_4742761.core.instr.Instrumenter.instrumentError(Instrumenter.java:161)
	at org.jacoco.agent.rt.internal_4742761.core.instr.Instrumenter.instrument(Instrumenter.java:111)
	at org.jacoco.agent.rt.internal_4742761.CoverageTransformer.transform(CoverageTransformer.java:92)
	... 27 more
Caused by: java.lang.IllegalArgumentException: Unsupported class file major version 68
	at org.jacoco.agent.rt.internal_4742761.asm.ClassReader.<init>(ClassReader.java:200)
	at org.jacoco.agent.rt.internal_4742761.asm.ClassReader.<init>(ClassReader.java:180)
	at org.jacoco.agent.rt.internal_4742761.asm.ClassReader.<init>(ClassReader.java:166)
	at org.jacoco.agent.rt.internal_4742761.core.internal.instr.InstrSupport.classReaderFor(InstrSupport.java:280)
	at org.jacoco.agent.rt.internal_4742761.core.instr.Instrumenter.instrument(Instrumenter.java:77)
	at org.jacoco.agent.rt.internal_4742761.core.instr.Instrumenter.instrument(Instrumenter.java:109)
	... 28 more
java.lang.instrument.IllegalClassFormatException: Error while instrumenting jdk/internal/net/http/ResponseInfoImpl with JaCoCo 0.8.11.202310140853/f33756c.
	at org.jacoco.agent.rt.internal_4742761.CoverageTransformer.transform(CoverageTransformer.java:94)
	at java.instrument/java.lang.instrument.ClassFileTransformer.transform(ClassFileTransformer.java:257)
	at java.instrument/sun.instrument.TransformerManager.transform(TransformerManager.java:188)
	at java.instrument/sun.instrument.InstrumentationImpl.transform(InstrumentationImpl.java:594)
	at java.base/java.lang.ClassLoader.defineClass2(Native Method)
	at java.base/java.lang.ClassLoader.defineClass(ClassLoader.java:1052)
	at java.base/java.security.SecureClassLoader.defineClass(SecureClassLoader.java:164)
	at java.base/jdk.internal.loader.BuiltinClassLoader.defineClass(BuiltinClassLoader.java:735)
	at java.base/jdk.internal.loader.BuiltinClassLoader.findClassInModuleOrNull(BuiltinClassLoader.java:678)
	at java.base/jdk.internal.loader.BuiltinClassLoader.loadClassOrNull(BuiltinClassLoader.java:604)
	at java.base/jdk.internal.loader.BuiltinClassLoader.loadClass(BuiltinClassLoader.java:578)
	at java.base/java.lang.ClassLoader.loadClass(ClassLoader.java:490)
	at java.net.http/jdk.internal.net.http.Http1Exchange.readBodyAsync(Http1Exchange.java:449)
	at java.net.http/jdk.internal.net.http.Exchange.readBodyAsync(Exchange.java:190)
	at java.net.http/jdk.internal.net.http.MultiExchange.lambda$responseAsync0$1(MultiExchange.java:369)
	at java.base/java.util.concurrent.CompletableFuture$UniCompose.tryFire(CompletableFuture.java:1196)
	at java.base/java.util.concurrent.CompletableFuture.postComplete(CompletableFuture.java:556)
	at java.base/java.util.concurrent.CompletableFuture.postFire(CompletableFuture.java:660)
	at java.base/java.util.concurrent.CompletableFuture$UniApply.tryFire(CompletableFuture.java:699)
	at java.base/java.util.concurrent.CompletableFuture$Completion.run(CompletableFuture.java:528)
	at java.net.http/jdk.internal.net.http.HttpClientImpl$DelegatingExecutor.execute(HttpClientImpl.java:168)
	at java.base/java.util.concurrent.CompletableFuture$UniCompletion.claim(CompletableFuture.java:618)
	at java.base/java.util.concurrent.CompletableFuture$UniApply.tryFire(CompletableFuture.java:688)
	at java.base/java.util.concurrent.CompletableFuture.postComplete(CompletableFuture.java:556)
	at java.base/java.util.concurrent.CompletableFuture.complete(CompletableFuture.java:2231)
	at java.net.http/jdk.internal.net.http.Http1Response$HeadersReader.handle(Http1Response.java:610)
	at java.net.http/jdk.internal.net.http.Http1Response$HeadersReader.handle(Http1Response.java:536)
	at java.net.http/jdk.internal.net.http.Http1Response$Receiver.accept(Http1Response.java:527)
	at java.net.http/jdk.internal.net.http.Http1Response$HeadersReader.tryAsyncReceive(Http1Response.java:583)
	at java.net.http/jdk.internal.net.http.Http1AsyncReceiver.flush(Http1AsyncReceiver.java:233)
	at java.net.http/jdk.internal.net.http.common.SequentialScheduler$LockingRestartableTask.run(SequentialScheduler.java:182)
	at java.net.http/jdk.internal.net.http.common.SequentialScheduler$CompleteRestartableTask.run(SequentialScheduler.java:149)
	at java.net.http/jdk.internal.net.http.common.SequentialScheduler$SchedulableTask.run(SequentialScheduler.java:207)
	at java.base/java.util.concurrent.ThreadPoolExecutor.runWorker(ThreadPoolExecutor.java:1095)
	at java.base/java.util.concurrent.ThreadPoolExecutor$Worker.run(ThreadPoolExecutor.java:619)
	at java.base/java.lang.Thread.run(Thread.java:1447)
Caused by: java.io.IOException: Error while instrumenting jdk/internal/net/http/ResponseInfoImpl with JaCoCo 0.8.11.202310140853/f33756c.
	at org.jacoco.agent.rt.internal_4742761.core.instr.Instrumenter.instrumentError(Instrumenter.java:161)
	at org.jacoco.agent.rt.internal_4742761.core.instr.Instrumenter.instrument(Instrumenter.java:111)
	at org.jacoco.agent.rt.internal_4742761.CoverageTransformer.transform(CoverageTransformer.java:92)
	... 35 more
Caused by: java.lang.IllegalArgumentException: Unsupported class file major version 68
	at org.jacoco.agent.rt.internal_4742761.asm.ClassReader.<init>(ClassReader.java:200)
	at org.jacoco.agent.rt.internal_4742761.asm.ClassReader.<init>(ClassReader.java:180)
	at org.jacoco.agent.rt.internal_4742761.asm.ClassReader.<init>(ClassReader.java:166)
	at org.jacoco.agent.rt.internal_4742761.core.internal.instr.InstrSupport.classReaderFor(InstrSupport.java:280)
	at org.jacoco.agent.rt.internal_4742761.core.instr.Instrumenter.instrument(Instrumenter.java:77)
	at org.jacoco.agent.rt.internal_4742761.core.instr.Instrumenter.instrument(Instrumenter.java:109)
	... 36 more
java.lang.instrument.IllegalClassFormatException: Error while instrumenting java/net/http/HttpResponse$BodySubscribers with JaCoCo 0.8.11.202310140853/f33756c.
	at org.jacoco.agent.rt.internal_4742761.CoverageTransformer.transform(CoverageTransformer.java:94)
	at java.instrument/java.lang.instrument.ClassFileTransformer.transform(ClassFileTransformer.java:257)
	at java.instrument/sun.instrument.TransformerManager.transform(TransformerManager.java:188)
	at java.instrument/sun.instrument.InstrumentationImpl.transform(InstrumentationImpl.java:594)
	at java.base/java.lang.ClassLoader.defineClass2(Native Method)
	at java.base/java.lang.ClassLoader.defineClass(ClassLoader.java:1052)
	at java.base/java.security.SecureClassLoader.defineClass(SecureClassLoader.java:164)
	at java.base/jdk.internal.loader.BuiltinClassLoader.defineClass(BuiltinClassLoader.java:735)
	at java.base/jdk.internal.loader.BuiltinClassLoader.findClassInModuleOrNull(BuiltinClassLoader.java:678)
	at java.base/jdk.internal.loader.BuiltinClassLoader.loadClassOrNull(BuiltinClassLoader.java:604)
	at java.base/jdk.internal.loader.BuiltinClassLoader.loadClass(BuiltinClassLoader.java:578)
	at java.base/java.lang.ClassLoader.loadClass(ClassLoader.java:490)
	at java.net.http/java.net.http.HttpResponse$BodyHandlers.lambda$ofByteArray$0(HttpResponse.java:676)
	at java.net.http/jdk.internal.net.http.Http1Exchange.createResponseSubscriber(Http1Exchange.java:460)
	at java.net.http/jdk.internal.net.http.Http1Exchange.readBodyAsync(Http1Exchange.java:451)
	at java.net.http/jdk.internal.net.http.Exchange.readBodyAsync(Exchange.java:190)
	at java.net.http/jdk.internal.net.http.MultiExchange.lambda$responseAsync0$1(MultiExchange.java:369)
	at java.base/java.util.concurrent.CompletableFuture$UniCompose.tryFire(CompletableFuture.java:1196)
	at java.base/java.util.concurrent.CompletableFuture.postComplete(CompletableFuture.java:556)
	at java.base/java.util.concurrent.CompletableFuture.postFire(CompletableFuture.java:660)
	at java.base/java.util.concurrent.CompletableFuture$UniApply.tryFire(CompletableFuture.java:699)
	at java.base/java.util.concurrent.CompletableFuture$Completion.run(CompletableFuture.java:528)
	at java.net.http/jdk.internal.net.http.HttpClientImpl$DelegatingExecutor.execute(HttpClientImpl.java:168)
	at java.base/java.util.concurrent.CompletableFuture$UniCompletion.claim(CompletableFuture.java:618)
	at java.base/java.util.concurrent.CompletableFuture$UniApply.tryFire(CompletableFuture.java:688)
	at java.base/java.util.concurrent.CompletableFuture.postComplete(CompletableFuture.java:556)
	at java.base/java.util.concurrent.CompletableFuture.complete(CompletableFuture.java:2231)
	at java.net.http/jdk.internal.net.http.Http1Response$HeadersReader.handle(Http1Response.java:610)
	at java.net.http/jdk.internal.net.http.Http1Response$HeadersReader.handle(Http1Response.java:536)
	at java.net.http/jdk.internal.net.http.Http1Response$Receiver.accept(Http1Response.java:527)
	at java.net.http/jdk.internal.net.http.Http1Response$HeadersReader.tryAsyncReceive(Http1Response.java:583)
	at java.net.http/jdk.internal.net.http.Http1AsyncReceiver.flush(Http1AsyncReceiver.java:233)
	at java.net.http/jdk.internal.net.http.common.SequentialScheduler$LockingRestartableTask.run(SequentialScheduler.java:182)
	at java.net.http/jdk.internal.net.http.common.SequentialScheduler$CompleteRestartableTask.run(SequentialScheduler.java:149)
	at java.net.http/jdk.internal.net.http.common.SequentialScheduler$SchedulableTask.run(SequentialScheduler.java:207)
	at java.base/java.util.concurrent.ThreadPoolExecutor.runWorker(ThreadPoolExecutor.java:1095)
	at java.base/java.util.concurrent.ThreadPoolExecutor$Worker.run(ThreadPoolExecutor.java:619)
	at java.base/java.lang.Thread.run(Thread.java:1447)
Caused by: java.io.IOException: Error while instrumenting java/net/http/HttpResponse$BodySubscribers with JaCoCo 0.8.11.202310140853/f33756c.
	at org.jacoco.agent.rt.internal_4742761.core.instr.Instrumenter.instrumentError(Instrumenter.java:161)
	at org.jacoco.agent.rt.internal_4742761.core.instr.Instrumenter.instrument(Instrumenter.java:111)
	at org.jacoco.agent.rt.internal_4742761.CoverageTransformer.transform(CoverageTransformer.java:92)
	... 37 more
Caused by: java.lang.IllegalArgumentException: Unsupported class file major version 68
	at org.jacoco.agent.rt.internal_4742761.asm.ClassReader.<init>(ClassReader.java:200)
	at org.jacoco.agent.rt.internal_4742761.asm.ClassReader.<init>(ClassReader.java:180)
	at org.jacoco.agent.rt.internal_4742761.asm.ClassReader.<init>(ClassReader.java:166)
	at org.jacoco.agent.rt.internal_4742761.core.internal.instr.InstrSupport.classReaderFor(InstrSupport.java:280)
	at org.jacoco.agent.rt.internal_4742761.core.instr.Instrumenter.instrument(Instrumenter.java:77)
	at org.jacoco.agent.rt.internal_4742761.core.instr.Instrumenter.instrument(Instrumenter.java:109)
	... 38 more
java.lang.instrument.IllegalClassFormatException: Error while instrumenting jdk/internal/net/http/ResponseSubscribers$ByteArraySubscriber with JaCoCo 0.8.11.202310140853/f33756c.
	at org.jacoco.agent.rt.internal_4742761.CoverageTransformer.transform(CoverageTransformer.java:94)
	at java.instrument/java.lang.instrument.ClassFileTransformer.transform(ClassFileTransformer.java:257)
	at java.instrument/sun.instrument.TransformerManager.transform(TransformerManager.java:188)
	at java.instrument/sun.instrument.InstrumentationImpl.transform(InstrumentationImpl.java:594)
	at java.base/java.lang.ClassLoader.defineClass2(Native Method)
	at java.base/java.lang.ClassLoader.defineClass(ClassLoader.java:1052)
	at java.base/java.security.SecureClassLoader.defineClass(SecureClassLoader.java:164)
	at java.base/jdk.internal.loader.BuiltinClassLoader.defineClass(BuiltinClassLoader.java:735)
	at java.base/jdk.internal.loader.BuiltinClassLoader.findClassInModuleOrNull(BuiltinClassLoader.java:678)
	at java.base/jdk.internal.loader.BuiltinClassLoader.loadClassOrNull(BuiltinClassLoader.java:604)
	at java.base/jdk.internal.loader.BuiltinClassLoader.loadClass(BuiltinClassLoader.java:578)
	at java.base/java.lang.ClassLoader.loadClass(ClassLoader.java:490)
	at java.net.http/java.net.http.HttpResponse$BodySubscribers.ofByteArray(HttpResponse.java:1084)
	at java.net.http/java.net.http.HttpResponse$BodyHandlers.lambda$ofByteArray$0(HttpResponse.java:676)
	at java.net.http/jdk.internal.net.http.Http1Exchange.createResponseSubscriber(Http1Exchange.java:460)
	at java.net.http/jdk.internal.net.http.Http1Exchange.readBodyAsync(Http1Exchange.java:451)
	at java.net.http/jdk.internal.net.http.Exchange.readBodyAsync(Exchange.java:190)
	at java.net.http/jdk.internal.net.http.MultiExchange.lambda$responseAsync0$1(MultiExchange.java:369)
	at java.base/java.util.concurrent.CompletableFuture$UniCompose.tryFire(CompletableFuture.java:1196)
	at java.base/java.util.concurrent.CompletableFuture.postComplete(CompletableFuture.java:556)
	at java.base/java.util.concurrent.CompletableFuture.postFire(CompletableFuture.java:660)
	at java.base/java.util.concurrent.CompletableFuture$UniApply.tryFire(CompletableFuture.java:699)
	at java.base/java.util.concurrent.CompletableFuture$Completion.run(CompletableFuture.java:528)
	at java.net.http/jdk.internal.net.http.HttpClientImpl$DelegatingExecutor.execute(HttpClientImpl.java:168)
	at java.base/java.util.concurrent.CompletableFuture$UniCompletion.claim(CompletableFuture.java:618)
	at java.base/java.util.concurrent.CompletableFuture$UniApply.tryFire(CompletableFuture.java:688)
	at java.base/java.util.concurrent.CompletableFuture.postComplete(CompletableFuture.java:556)
	at java.base/java.util.concurrent.CompletableFuture.complete(CompletableFuture.java:2231)
	at java.net.http/jdk.internal.net.http.Http1Response$HeadersReader.handle(Http1Response.java:610)
	at java.net.http/jdk.internal.net.http.Http1Response$HeadersReader.handle(Http1Response.java:536)
	at java.net.http/jdk.internal.net.http.Http1Response$Receiver.accept(Http1Response.java:527)
	at java.net.http/jdk.internal.net.http.Http1Response$HeadersReader.tryAsyncReceive(Http1Response.java:583)
	at java.net.http/jdk.internal.net.http.Http1AsyncReceiver.flush(Http1AsyncReceiver.java:233)
	at java.net.http/jdk.internal.net.http.common.SequentialScheduler$LockingRestartableTask.run(SequentialScheduler.java:182)
	at java.net.http/jdk.internal.net.http.common.SequentialScheduler$CompleteRestartableTask.run(SequentialScheduler.java:149)
	at java.net.http/jdk.internal.net.http.common.SequentialScheduler$SchedulableTask.run(SequentialScheduler.java:207)
	at java.base/java.util.concurrent.ThreadPoolExecutor.runWorker(ThreadPoolExecutor.java:1095)
	at java.base/java.util.concurrent.ThreadPoolExecutor$Worker.run(ThreadPoolExecutor.java:619)
	at java.base/java.lang.Thread.run(Thread.java:1447)
Caused by: java.io.IOException: Error while instrumenting jdk/internal/net/http/ResponseSubscribers$ByteArraySubscriber with JaCoCo 0.8.11.202310140853/f33756c.
	at org.jacoco.agent.rt.internal_4742761.core.instr.Instrumenter.instrumentError(Instrumenter.java:161)
	at org.jacoco.agent.rt.internal_4742761.core.instr.Instrumenter.instrument(Instrumenter.java:111)
	at org.jacoco.agent.rt.internal_4742761.CoverageTransformer.transform(CoverageTransformer.java:92)
	... 38 more
Caused by: java.lang.IllegalArgumentException: Unsupported class file major version 68
	at org.jacoco.agent.rt.internal_4742761.asm.ClassReader.<init>(ClassReader.java:200)
	at org.jacoco.agent.rt.internal_4742761.asm.ClassReader.<init>(ClassReader.java:180)
	at org.jacoco.agent.rt.internal_4742761.asm.ClassReader.<init>(ClassReader.java:166)
	at org.jacoco.agent.rt.internal_4742761.core.internal.instr.InstrSupport.classReaderFor(InstrSupport.java:280)
	at org.jacoco.agent.rt.internal_4742761.core.instr.Instrumenter.instrument(Instrumenter.java:77)
	at org.jacoco.agent.rt.internal_4742761.core.instr.Instrumenter.instrument(Instrumenter.java:109)
	... 39 more
java.lang.instrument.IllegalClassFormatException: Error while instrumenting jdk/internal/net/http/ResponseSubscribers with JaCoCo 0.8.11.202310140853/f33756c.
	at org.jacoco.agent.rt.internal_4742761.CoverageTransformer.transform(CoverageTransformer.java:94)
	at java.instrument/java.lang.instrument.ClassFileTransformer.transform(ClassFileTransformer.java:257)
	at java.instrument/sun.instrument.TransformerManager.transform(TransformerManager.java:188)
	at java.instrument/sun.instrument.InstrumentationImpl.transform(InstrumentationImpl.java:594)
	at java.base/java.lang.ClassLoader.defineClass2(Native Method)
	at java.base/java.lang.ClassLoader.defineClass(ClassLoader.java:1052)
	at java.base/java.security.SecureClassLoader.defineClass(SecureClassLoader.java:164)
	at java.base/jdk.internal.loader.BuiltinClassLoader.defineClass(BuiltinClassLoader.java:735)
	at java.base/jdk.internal.loader.BuiltinClassLoader.findClassInModuleOrNull(BuiltinClassLoader.java:678)
	at java.base/jdk.internal.loader.BuiltinClassLoader.loadClassOrNull(BuiltinClassLoader.java:604)
	at java.base/jdk.internal.loader.BuiltinClassLoader.loadClass(BuiltinClassLoader.java:578)
	at java.base/java.lang.ClassLoader.loadClass(ClassLoader.java:490)
	at java.net.http/jdk.internal.net.http.ResponseSubscribers$ByteArraySubscriber.<clinit>(ResponseSubscribers.java:242)
	at java.net.http/java.net.http.HttpResponse$BodySubscribers.ofByteArray(HttpResponse.java:1084)
	at java.net.http/java.net.http.HttpResponse$BodyHandlers.lambda$ofByteArray$0(HttpResponse.java:676)
	at java.net.http/jdk.internal.net.http.Http1Exchange.createResponseSubscriber(Http1Exchange.java:460)
	at java.net.http/jdk.internal.net.http.Http1Exchange.readBodyAsync(Http1Exchange.java:451)
	at java.net.http/jdk.internal.net.http.Exchange.readBodyAsync(Exchange.java:190)
	at java.net.http/jdk.internal.net.http.MultiExchange.lambda$responseAsync0$1(MultiExchange.java:369)
	at java.base/java.util.concurrent.CompletableFuture$UniCompose.tryFire(CompletableFuture.java:1196)
	at java.base/java.util.concurrent.CompletableFuture.postComplete(CompletableFuture.java:556)
	at java.base/java.util.concurrent.CompletableFuture.postFire(CompletableFuture.java:660)
	at java.base/java.util.concurrent.CompletableFuture$UniApply.tryFire(CompletableFuture.java:699)
	at java.base/java.util.concurrent.CompletableFuture$Completion.run(CompletableFuture.java:528)
	at java.net.http/jdk.internal.net.http.HttpClientImpl$DelegatingExecutor.execute(HttpClientImpl.java:168)
	at java.base/java.util.concurrent.CompletableFuture$UniCompletion.claim(CompletableFuture.java:618)
	at java.base/java.util.concurrent.CompletableFuture$UniApply.tryFire(CompletableFuture.java:688)
	at java.base/java.util.concurrent.CompletableFuture.postComplete(CompletableFuture.java:556)
	at java.base/java.util.concurrent.CompletableFuture.complete(CompletableFuture.java:2231)
	at java.net.http/jdk.internal.net.http.Http1Response$HeadersReader.handle(Http1Response.java:610)
	at java.net.http/jdk.internal.net.http.Http1Response$HeadersReader.handle(Http1Response.java:536)
	at java.net.http/jdk.internal.net.http.Http1Response$Receiver.accept(Http1Response.java:527)
	at java.net.http/jdk.internal.net.http.Http1Response$HeadersReader.tryAsyncReceive(Http1Response.java:583)
	at java.net.http/jdk.internal.net.http.Http1AsyncReceiver.flush(Http1AsyncReceiver.java:233)
	at java.net.http/jdk.internal.net.http.common.SequentialScheduler$LockingRestartableTask.run(SequentialScheduler.java:182)
	at java.net.http/jdk.internal.net.http.common.SequentialScheduler$CompleteRestartableTask.run(SequentialScheduler.java:149)
	at java.net.http/jdk.internal.net.http.common.SequentialScheduler$SchedulableTask.run(SequentialScheduler.java:207)
	at java.base/java.util.concurrent.ThreadPoolExecutor.runWorker(ThreadPoolExecutor.java:1095)
	at java.base/java.util.concurrent.ThreadPoolExecutor$Worker.run(ThreadPoolExecutor.java:619)
	at java.base/java.lang.Thread.run(Thread.java:1447)
Caused by: java.io.IOException: Error while instrumenting jdk/internal/net/http/ResponseSubscribers with JaCoCo 0.8.11.202310140853/f33756c.
	at org.jacoco.agent.rt.internal_4742761.core.instr.Instrumenter.instrumentError(Instrumenter.java:161)
	at org.jacoco.agent.rt.internal_4742761.core.instr.Instrumenter.instrument(Instrumenter.java:111)
	at org.jacoco.agent.rt.internal_4742761.CoverageTransformer.transform(CoverageTransformer.java:92)
	... 39 more
Caused by: java.lang.IllegalArgumentException: Unsupported class file major version 68
	at org.jacoco.agent.rt.internal_4742761.asm.ClassReader.<init>(ClassReader.java:200)
	at org.jacoco.agent.rt.internal_4742761.asm.ClassReader.<init>(ClassReader.java:180)
	at org.jacoco.agent.rt.internal_4742761.asm.ClassReader.<init>(ClassReader.java:166)
	at org.jacoco.agent.rt.internal_4742761.core.internal.instr.InstrSupport.classReaderFor(InstrSupport.java:280)
	at org.jacoco.agent.rt.internal_4742761.core.instr.Instrumenter.instrument(Instrumenter.java:77)
	at org.jacoco.agent.rt.internal_4742761.core.instr.Instrumenter.instrument(Instrumenter.java:109)
	... 40 more
java.lang.instrument.IllegalClassFormatException: Error while instrumenting jdk/internal/net/http/Http1Response$ClientRefCountTracker with JaCoCo 0.8.11.202310140853/f33756c.
	at org.jacoco.agent.rt.internal_4742761.CoverageTransformer.transform(CoverageTransformer.java:94)
	at java.instrument/java.lang.instrument.ClassFileTransformer.transform(ClassFileTransformer.java:257)
	at java.instrument/sun.instrument.TransformerManager.transform(TransformerManager.java:188)
	at java.instrument/sun.instrument.InstrumentationImpl.transform(InstrumentationImpl.java:594)
	at java.base/java.lang.ClassLoader.defineClass2(Native Method)
	at java.base/java.lang.ClassLoader.defineClass(ClassLoader.java:1052)
	at java.base/java.security.SecureClassLoader.defineClass(SecureClassLoader.java:164)
	at java.base/jdk.internal.loader.BuiltinClassLoader.defineClass(BuiltinClassLoader.java:735)
	at java.base/jdk.internal.loader.BuiltinClassLoader.findClassInModuleOrNull(BuiltinClassLoader.java:678)
	at java.base/jdk.internal.loader.BuiltinClassLoader.loadClassOrNull(BuiltinClassLoader.java:604)
	at java.base/jdk.internal.loader.BuiltinClassLoader.loadClass(BuiltinClassLoader.java:578)
	at java.base/java.lang.ClassLoader.loadClass(ClassLoader.java:490)
	at java.net.http/jdk.internal.net.http.Http1Response.readBody(Http1Response.java:320)
	at java.net.http/jdk.internal.net.http.Http1Exchange.readBodyAsync(Http1Exchange.java:452)
	at java.net.http/jdk.internal.net.http.Exchange.readBodyAsync(Exchange.java:190)
	at java.net.http/jdk.internal.net.http.MultiExchange.lambda$responseAsync0$1(MultiExchange.java:369)
	at java.base/java.util.concurrent.CompletableFuture$UniCompose.tryFire(CompletableFuture.java:1196)
	at java.base/java.util.concurrent.CompletableFuture.postComplete(CompletableFuture.java:556)
	at java.base/java.util.concurrent.CompletableFuture.postFire(CompletableFuture.java:660)
	at java.base/java.util.concurrent.CompletableFuture$UniApply.tryFire(CompletableFuture.java:699)
	at java.base/java.util.concurrent.CompletableFuture$Completion.run(CompletableFuture.java:528)
	at java.net.http/jdk.internal.net.http.HttpClientImpl$DelegatingExecutor.execute(HttpClientImpl.java:168)
	at java.base/java.util.concurrent.CompletableFuture$UniCompletion.claim(CompletableFuture.java:618)
	at java.base/java.util.concurrent.CompletableFuture$UniApply.tryFire(CompletableFuture.java:688)
	at java.base/java.util.concurrent.CompletableFuture.postComplete(CompletableFuture.java:556)
	at java.base/java.util.concurrent.CompletableFuture.complete(CompletableFuture.java:2231)
	at java.net.http/jdk.internal.net.http.Http1Response$HeadersReader.handle(Http1Response.java:610)
	at java.net.http/jdk.internal.net.http.Http1Response$HeadersReader.handle(Http1Response.java:536)
	at java.net.http/jdk.internal.net.http.Http1Response$Receiver.accept(Http1Response.java:527)
	at java.net.http/jdk.internal.net.http.Http1Response$HeadersReader.tryAsyncReceive(Http1Response.java:583)
	at java.net.http/jdk.internal.net.http.Http1AsyncReceiver.flush(Http1AsyncReceiver.java:233)
	at java.net.http/jdk.internal.net.http.common.SequentialScheduler$LockingRestartableTask.run(SequentialScheduler.java:182)
	at java.net.http/jdk.internal.net.http.common.SequentialScheduler$CompleteRestartableTask.run(SequentialScheduler.java:149)
	at java.net.http/jdk.internal.net.http.common.SequentialScheduler$SchedulableTask.run(SequentialScheduler.java:207)
	at java.base/java.util.concurrent.ThreadPoolExecutor.runWorker(ThreadPoolExecutor.java:1095)
	at java.base/java.util.concurrent.ThreadPoolExecutor$Worker.run(ThreadPoolExecutor.java:619)
	at java.base/java.lang.Thread.run(Thread.java:1447)
Caused by: java.io.IOException: Error while instrumenting jdk/internal/net/http/Http1Response$ClientRefCountTracker with JaCoCo 0.8.11.202310140853/f33756c.
	at org.jacoco.agent.rt.internal_4742761.core.instr.Instrumenter.instrumentError(Instrumenter.java:161)
	at org.jacoco.agent.rt.internal_4742761.core.instr.Instrumenter.instrument(Instrumenter.java:111)
	at org.jacoco.agent.rt.internal_4742761.CoverageTransformer.transform(CoverageTransformer.java:92)
	... 36 more
Caused by: java.lang.IllegalArgumentException: Unsupported class file major version 68
	at org.jacoco.agent.rt.internal_4742761.asm.ClassReader.<init>(ClassReader.java:200)
	at org.jacoco.agent.rt.internal_4742761.asm.ClassReader.<init>(ClassReader.java:180)
	at org.jacoco.agent.rt.internal_4742761.asm.ClassReader.<init>(ClassReader.java:166)
	at org.jacoco.agent.rt.internal_4742761.core.internal.instr.InstrSupport.classReaderFor(InstrSupport.java:280)
	at org.jacoco.agent.rt.internal_4742761.core.instr.Instrumenter.instrument(Instrumenter.java:77)
	at org.jacoco.agent.rt.internal_4742761.core.instr.Instrumenter.instrument(Instrumenter.java:109)
	... 37 more
java.lang.instrument.IllegalClassFormatException: Error while instrumenting jdk/internal/net/http/ResponseContent with JaCoCo 0.8.11.202310140853/f33756c.
	at org.jacoco.agent.rt.internal_4742761.CoverageTransformer.transform(CoverageTransformer.java:94)
	at java.instrument/java.lang.instrument.ClassFileTransformer.transform(ClassFileTransformer.java:257)
	at java.instrument/sun.instrument.TransformerManager.transform(TransformerManager.java:188)
	at java.instrument/sun.instrument.InstrumentationImpl.transform(InstrumentationImpl.java:594)
	at java.base/java.lang.ClassLoader.defineClass2(Native Method)
	at java.base/java.lang.ClassLoader.defineClass(ClassLoader.java:1052)
	at java.base/java.security.SecureClassLoader.defineClass(SecureClassLoader.java:164)
	at java.base/jdk.internal.loader.BuiltinClassLoader.defineClass(BuiltinClassLoader.java:735)
	at java.base/jdk.internal.loader.BuiltinClassLoader.findClassInModuleOrNull(BuiltinClassLoader.java:678)
	at java.base/jdk.internal.loader.BuiltinClassLoader.loadClassOrNull(BuiltinClassLoader.java:604)
	at java.base/jdk.internal.loader.BuiltinClassLoader.loadClass(BuiltinClassLoader.java:578)
	at java.base/java.lang.ClassLoader.loadClass(ClassLoader.java:490)
	at java.net.http/jdk.internal.net.http.Http1Response.lambda$readBody$0(Http1Response.java:328)
	at java.net.http/jdk.internal.net.http.HttpClientImpl$DelegatingExecutor.execute(HttpClientImpl.java:168)
	at java.net.http/jdk.internal.net.http.Http1Response.readBody(Http1Response.java:325)
	at java.net.http/jdk.internal.net.http.Http1Exchange.readBodyAsync(Http1Exchange.java:452)
	at java.net.http/jdk.internal.net.http.Exchange.readBodyAsync(Exchange.java:190)
	at java.net.http/jdk.internal.net.http.MultiExchange.lambda$responseAsync0$1(MultiExchange.java:369)
	at java.base/java.util.concurrent.CompletableFuture$UniCompose.tryFire(CompletableFuture.java:1196)
	at java.base/java.util.concurrent.CompletableFuture.postComplete(CompletableFuture.java:556)
	at java.base/java.util.concurrent.CompletableFuture.postFire(CompletableFuture.java:660)
	at java.base/java.util.concurrent.CompletableFuture$UniApply.tryFire(CompletableFuture.java:699)
	at java.base/java.util.concurrent.CompletableFuture$Completion.run(CompletableFuture.java:528)
	at java.net.http/jdk.internal.net.http.HttpClientImpl$DelegatingExecutor.execute(HttpClientImpl.java:168)
	at java.base/java.util.concurrent.CompletableFuture$UniCompletion.claim(CompletableFuture.java:618)
	at java.base/java.util.concurrent.CompletableFuture$UniApply.tryFire(CompletableFuture.java:688)
	at java.base/java.util.concurrent.CompletableFuture.postComplete(CompletableFuture.java:556)
	at java.base/java.util.concurrent.CompletableFuture.complete(CompletableFuture.java:2231)
	at java.net.http/jdk.internal.net.http.Http1Response$HeadersReader.handle(Http1Response.java:610)
	at java.net.http/jdk.internal.net.http.Http1Response$HeadersReader.handle(Http1Response.java:536)
	at java.net.http/jdk.internal.net.http.Http1Response$Receiver.accept(Http1Response.java:527)
	at java.net.http/jdk.internal.net.http.Http1Response$HeadersReader.tryAsyncReceive(Http1Response.java:583)
	at java.net.http/jdk.internal.net.http.Http1AsyncReceiver.flush(Http1AsyncReceiver.java:233)
	at java.net.http/jdk.internal.net.http.common.SequentialScheduler$LockingRestartableTask.run(SequentialScheduler.java:182)
	at java.net.http/jdk.internal.net.http.common.SequentialScheduler$CompleteRestartableTask.run(SequentialScheduler.java:149)
	at java.net.http/jdk.internal.net.http.common.SequentialScheduler$SchedulableTask.run(SequentialScheduler.java:207)
	at java.base/java.util.concurrent.ThreadPoolExecutor.runWorker(ThreadPoolExecutor.java:1095)
	at java.base/java.util.concurrent.ThreadPoolExecutor$Worker.run(ThreadPoolExecutor.java:619)
	at java.base/java.lang.Thread.run(Thread.java:1447)
Caused by: java.io.IOException: Error while instrumenting jdk/internal/net/http/ResponseContent with JaCoCo 0.8.11.202310140853/f33756c.
	at org.jacoco.agent.rt.internal_4742761.core.instr.Instrumenter.instrumentError(Instrumenter.java:161)
	at org.jacoco.agent.rt.internal_4742761.core.instr.Instrumenter.instrument(Instrumenter.java:111)
	at org.jacoco.agent.rt.internal_4742761.CoverageTransformer.transform(CoverageTransformer.java:92)
	... 38 more
Caused by: java.lang.IllegalArgumentException: Unsupported class file major version 68
	at org.jacoco.agent.rt.internal_4742761.asm.ClassReader.<init>(ClassReader.java:200)
	at org.jacoco.agent.rt.internal_4742761.asm.ClassReader.<init>(ClassReader.java:180)
	at org.jacoco.agent.rt.internal_4742761.asm.ClassReader.<init>(ClassReader.java:166)
	at org.jacoco.agent.rt.internal_4742761.core.internal.instr.InstrSupport.classReaderFor(InstrSupport.java:280)
	at org.jacoco.agent.rt.internal_4742761.core.instr.Instrumenter.instrument(Instrumenter.java:77)
	at org.jacoco.agent.rt.internal_4742761.core.instr.Instrumenter.instrument(Instrumenter.java:109)
	... 39 more
java.lang.instrument.IllegalClassFormatException: Error while instrumenting jdk/internal/net/http/ResponseContent$BodyParser with JaCoCo 0.8.11.202310140853/f33756c.
	at org.jacoco.agent.rt.internal_4742761.CoverageTransformer.transform(CoverageTransformer.java:94)
	at java.instrument/java.lang.instrument.ClassFileTransformer.transform(ClassFileTransformer.java:257)
	at java.instrument/sun.instrument.TransformerManager.transform(TransformerManager.java:188)
	at java.instrument/sun.instrument.InstrumentationImpl.transform(InstrumentationImpl.java:594)
	at java.base/java.lang.ClassLoader.defineClass2(Native Method)
	at java.base/java.lang.ClassLoader.defineClass(ClassLoader.java:1052)
	at java.base/java.security.SecureClassLoader.defineClass(SecureClassLoader.java:164)
	at java.base/jdk.internal.loader.BuiltinClassLoader.defineClass(BuiltinClassLoader.java:735)
	at java.base/jdk.internal.loader.BuiltinClassLoader.findClassInModuleOrNull(BuiltinClassLoader.java:678)
	at java.base/jdk.internal.loader.BuiltinClassLoader.loadClassOrNull(BuiltinClassLoader.java:604)
	at java.base/jdk.internal.loader.BuiltinClassLoader.loadClass(BuiltinClassLoader.java:578)
	at java.base/java.lang.ClassLoader.loadClass(ClassLoader.java:490)
	at java.net.http/jdk.internal.net.http.Http1Response.lambda$readBody$0(Http1Response.java:328)
	at java.net.http/jdk.internal.net.http.HttpClientImpl$DelegatingExecutor.execute(HttpClientImpl.java:168)
	at java.net.http/jdk.internal.net.http.Http1Response.readBody(Http1Response.java:325)
	at java.net.http/jdk.internal.net.http.Http1Exchange.readBodyAsync(Http1Exchange.java:452)
	at java.net.http/jdk.internal.net.http.Exchange.readBodyAsync(Exchange.java:190)
	at java.net.http/jdk.internal.net.http.MultiExchange.lambda$responseAsync0$1(MultiExchange.java:369)
	at java.base/java.util.concurrent.CompletableFuture$UniCompose.tryFire(CompletableFuture.java:1196)
	at java.base/java.util.concurrent.CompletableFuture.postComplete(CompletableFuture.java:556)
	at java.base/java.util.concurrent.CompletableFuture.postFire(CompletableFuture.java:660)
	at java.base/java.util.concurrent.CompletableFuture$UniApply.tryFire(CompletableFuture.java:699)
	at java.base/java.util.concurrent.CompletableFuture$Completion.run(CompletableFuture.java:528)
	at java.net.http/jdk.internal.net.http.HttpClientImpl$DelegatingExecutor.execute(HttpClientImpl.java:168)
	at java.base/java.util.concurrent.CompletableFuture$UniCompletion.claim(CompletableFuture.java:618)
	at java.base/java.util.concurrent.CompletableFuture$UniApply.tryFire(CompletableFuture.java:688)
	at java.base/java.util.concurrent.CompletableFuture.postComplete(CompletableFuture.java:556)
	at java.base/java.util.concurrent.CompletableFuture.complete(CompletableFuture.java:2231)
	at java.net.http/jdk.internal.net.http.Http1Response$HeadersReader.handle(Http1Response.java:610)
	at java.net.http/jdk.internal.net.http.Http1Response$HeadersReader.handle(Http1Response.java:536)
	at java.net.http/jdk.internal.net.http.Http1Response$Receiver.accept(Http1Response.java:527)
	at java.net.http/jdk.internal.net.http.Http1Response$HeadersReader.tryAsyncReceive(Http1Response.java:583)
	at java.net.http/jdk.internal.net.http.Http1AsyncReceiver.flush(Http1AsyncReceiver.java:233)
	at java.net.http/jdk.internal.net.http.common.SequentialScheduler$LockingRestartableTask.run(SequentialScheduler.java:182)
	at java.net.http/jdk.internal.net.http.common.SequentialScheduler$CompleteRestartableTask.run(SequentialScheduler.java:149)
	at java.net.http/jdk.internal.net.http.common.SequentialScheduler$SchedulableTask.run(SequentialScheduler.java:207)
	at java.base/java.util.concurrent.ThreadPoolExecutor.runWorker(ThreadPoolExecutor.java:1095)
	at java.base/java.util.concurrent.ThreadPoolExecutor$Worker.run(ThreadPoolExecutor.java:619)
	at java.base/java.lang.Thread.run(Thread.java:1447)
Caused by: java.io.IOException: Error while instrumenting jdk/internal/net/http/ResponseContent$BodyParser with JaCoCo 0.8.11.202310140853/f33756c.
	at org.jacoco.agent.rt.internal_4742761.core.instr.Instrumenter.instrumentError(Instrumenter.java:161)
	at org.jacoco.agent.rt.internal_4742761.core.instr.Instrumenter.instrument(Instrumenter.java:111)
	at org.jacoco.agent.rt.internal_4742761.CoverageTransformer.transform(CoverageTransformer.java:92)
	... 38 more
Caused by: java.lang.IllegalArgumentException: Unsupported class file major version 68
	at org.jacoco.agent.rt.internal_4742761.asm.ClassReader.<init>(ClassReader.java:200)
	at org.jacoco.agent.rt.internal_4742761.asm.ClassReader.<init>(ClassReader.java:180)
	at org.jacoco.agent.rt.internal_4742761.asm.ClassReader.<init>(ClassReader.java:166)
	at org.jacoco.agent.rt.internal_4742761.core.internal.instr.InstrSupport.classReaderFor(InstrSupport.java:280)
	at org.jacoco.agent.rt.internal_4742761.core.instr.Instrumenter.instrument(Instrumenter.java:77)
	at org.jacoco.agent.rt.internal_4742761.core.instr.Instrumenter.instrument(Instrumenter.java:109)
	... 39 more
java.lang.instrument.IllegalClassFormatException: Error while instrumenting jdk/internal/net/http/ResponseContent$FixedLengthBodyParser with JaCoCo 0.8.11.202310140853/f33756c.
	at org.jacoco.agent.rt.internal_4742761.CoverageTransformer.transform(CoverageTransformer.java:94)
	at java.instrument/java.lang.instrument.ClassFileTransformer.transform(ClassFileTransformer.java:257)
	at java.instrument/sun.instrument.TransformerManager.transform(TransformerManager.java:188)
	at java.instrument/sun.instrument.InstrumentationImpl.transform(InstrumentationImpl.java:594)
	at java.base/java.lang.ClassLoader.defineClass2(Native Method)
	at java.base/java.lang.ClassLoader.defineClass(ClassLoader.java:1052)
	at java.base/java.security.SecureClassLoader.defineClass(SecureClassLoader.java:164)
	at java.base/jdk.internal.loader.BuiltinClassLoader.defineClass(BuiltinClassLoader.java:735)
	at java.base/jdk.internal.loader.BuiltinClassLoader.findClassInModuleOrNull(BuiltinClassLoader.java:678)
	at java.base/jdk.internal.loader.BuiltinClassLoader.loadClassOrNull(BuiltinClassLoader.java:604)
	at java.base/jdk.internal.loader.BuiltinClassLoader.loadClass(BuiltinClassLoader.java:578)
	at java.base/java.lang.ClassLoader.loadClass(ClassLoader.java:490)
	at java.net.http/jdk.internal.net.http.ResponseContent.getBodyParser(ResponseContent.java:124)
	at java.net.http/jdk.internal.net.http.Http1Response.lambda$readBody$0(Http1Response.java:342)
	at java.net.http/jdk.internal.net.http.HttpClientImpl$DelegatingExecutor.execute(HttpClientImpl.java:168)
	at java.net.http/jdk.internal.net.http.Http1Response.readBody(Http1Response.java:325)
	at java.net.http/jdk.internal.net.http.Http1Exchange.readBodyAsync(Http1Exchange.java:452)
	at java.net.http/jdk.internal.net.http.Exchange.readBodyAsync(Exchange.java:190)
	at java.net.http/jdk.internal.net.http.MultiExchange.lambda$responseAsync0$1(MultiExchange.java:369)
	at java.base/java.util.concurrent.CompletableFuture$UniCompose.tryFire(CompletableFuture.java:1196)
	at java.base/java.util.concurrent.CompletableFuture.postComplete(CompletableFuture.java:556)
	at java.base/java.util.concurrent.CompletableFuture.postFire(CompletableFuture.java:660)
	at java.base/java.util.concurrent.CompletableFuture$UniApply.tryFire(CompletableFuture.java:699)
	at java.base/java.util.concurrent.CompletableFuture$Completion.run(CompletableFuture.java:528)
	at java.net.http/jdk.internal.net.http.HttpClientImpl$DelegatingExecutor.execute(HttpClientImpl.java:168)
	at java.base/java.util.concurrent.CompletableFuture$UniCompletion.claim(CompletableFuture.java:618)
	at java.base/java.util.concurrent.CompletableFuture$UniApply.tryFire(CompletableFuture.java:688)
	at java.base/java.util.concurrent.CompletableFuture.postComplete(CompletableFuture.java:556)
	at java.base/java.util.concurrent.CompletableFuture.complete(CompletableFuture.java:2231)
	at java.net.http/jdk.internal.net.http.Http1Response$HeadersReader.handle(Http1Response.java:610)
	at java.net.http/jdk.internal.net.http.Http1Response$HeadersReader.handle(Http1Response.java:536)
	at java.net.http/jdk.internal.net.http.Http1Response$Receiver.accept(Http1Response.java:527)
	at java.net.http/jdk.internal.net.http.Http1Response$HeadersReader.tryAsyncReceive(Http1Response.java:583)
	at java.net.http/jdk.internal.net.http.Http1AsyncReceiver.flush(Http1AsyncReceiver.java:233)
	at java.net.http/jdk.internal.net.http.common.SequentialScheduler$LockingRestartableTask.run(SequentialScheduler.java:182)
	at java.net.http/jdk.internal.net.http.common.SequentialScheduler$CompleteRestartableTask.run(SequentialScheduler.java:149)
	at java.net.http/jdk.internal.net.http.common.SequentialScheduler$SchedulableTask.run(SequentialScheduler.java:207)
	at java.base/java.util.concurrent.ThreadPoolExecutor.runWorker(ThreadPoolExecutor.java:1095)
	at java.base/java.util.concurrent.ThreadPoolExecutor$Worker.run(ThreadPoolExecutor.java:619)
	at java.base/java.lang.Thread.run(Thread.java:1447)
Caused by: java.io.IOException: Error while instrumenting jdk/internal/net/http/ResponseContent$FixedLengthBodyParser with JaCoCo 0.8.11.202310140853/f33756c.
	at org.jacoco.agent.rt.internal_4742761.core.instr.Instrumenter.instrumentError(Instrumenter.java:161)
	at org.jacoco.agent.rt.internal_4742761.core.instr.Instrumenter.instrument(Instrumenter.java:111)
	at org.jacoco.agent.rt.internal_4742761.CoverageTransformer.transform(CoverageTransformer.java:92)
	... 39 more
Caused by: java.lang.IllegalArgumentException: Unsupported class file major version 68
	at org.jacoco.agent.rt.internal_4742761.asm.ClassReader.<init>(ClassReader.java:200)
	at org.jacoco.agent.rt.internal_4742761.asm.ClassReader.<init>(ClassReader.java:180)
	at org.jacoco.agent.rt.internal_4742761.asm.ClassReader.<init>(ClassReader.java:166)
	at org.jacoco.agent.rt.internal_4742761.core.internal.instr.InstrSupport.classReaderFor(InstrSupport.java:280)
	at org.jacoco.agent.rt.internal_4742761.core.instr.Instrumenter.instrument(Instrumenter.java:77)
	at org.jacoco.agent.rt.internal_4742761.core.instr.Instrumenter.instrument(Instrumenter.java:109)
	... 40 more
java.lang.instrument.IllegalClassFormatException: Error while instrumenting jdk/internal/net/http/common/HttpBodySubscriberWrapper$SubscriptionWrapper with JaCoCo 0.8.11.202310140853/f33756c.
	at org.jacoco.agent.rt.internal_4742761.CoverageTransformer.transform(CoverageTransformer.java:94)
	at java.instrument/java.lang.instrument.ClassFileTransformer.transform(ClassFileTransformer.java:257)
	at java.instrument/sun.instrument.TransformerManager.transform(TransformerManager.java:188)
	at java.instrument/sun.instrument.InstrumentationImpl.transform(InstrumentationImpl.java:594)
	at java.base/java.lang.ClassLoader.defineClass2(Native Method)
	at java.base/java.lang.ClassLoader.defineClass(ClassLoader.java:1052)
	at java.base/java.security.SecureClassLoader.defineClass(SecureClassLoader.java:164)
	at java.base/jdk.internal.loader.BuiltinClassLoader.defineClass(BuiltinClassLoader.java:735)
	at java.base/jdk.internal.loader.BuiltinClassLoader.findClassInModuleOrNull(BuiltinClassLoader.java:678)
	at java.base/jdk.internal.loader.BuiltinClassLoader.loadClassOrNull(BuiltinClassLoader.java:604)
	at java.base/jdk.internal.loader.BuiltinClassLoader.loadClass(BuiltinClassLoader.java:578)
	at java.base/java.lang.ClassLoader.loadClass(ClassLoader.java:490)
	at java.net.http/jdk.internal.net.http.common.HttpBodySubscriberWrapper.onSubscribe(HttpBodySubscriberWrapper.java:371)
	at java.net.http/jdk.internal.net.http.ResponseContent$FixedLengthBodyParser.onSubscribe(ResponseContent.java:562)
	at java.net.http/jdk.internal.net.http.Http1Response$BodyReader.onSubscribe(Http1Response.java:690)
	at java.net.http/jdk.internal.net.http.Http1AsyncReceiver.handlePendingDelegate(Http1AsyncReceiver.java:395)
	at java.net.http/jdk.internal.net.http.Http1AsyncReceiver.flush(Http1AsyncReceiver.java:214)
	at java.net.http/jdk.internal.net.http.common.SequentialScheduler$LockingRestartableTask.run(SequentialScheduler.java:182)
	at java.net.http/jdk.internal.net.http.common.SequentialScheduler$CompleteRestartableTask.run(SequentialScheduler.java:149)
	at java.net.http/jdk.internal.net.http.common.SequentialScheduler$TryEndDeferredCompleter.complete(SequentialScheduler.java:324)
	at java.net.http/jdk.internal.net.http.common.SequentialScheduler$CompleteRestartableTask.run(SequentialScheduler.java:151)
	at java.net.http/jdk.internal.net.http.common.SequentialScheduler$SchedulableTask.run(SequentialScheduler.java:207)
	at java.base/java.util.concurrent.ThreadPoolExecutor.runWorker(ThreadPoolExecutor.java:1095)
	at java.base/java.util.concurrent.ThreadPoolExecutor$Worker.run(ThreadPoolExecutor.java:619)
	at java.base/java.lang.Thread.run(Thread.java:1447)
Caused by: java.io.IOException: Error while instrumenting jdk/internal/net/http/common/HttpBodySubscriberWrapper$SubscriptionWrapper with JaCoCo 0.8.11.202310140853/f33756c.
	at org.jacoco.agent.rt.internal_4742761.core.instr.Instrumenter.instrumentError(Instrumenter.java:161)
	at org.jacoco.agent.rt.internal_4742761.core.instr.Instrumenter.instrument(Instrumenter.java:111)
	at org.jacoco.agent.rt.internal_4742761.CoverageTransformer.transform(CoverageTransformer.java:92)
	... 24 more
Caused by: java.lang.IllegalArgumentException: Unsupported class file major version 68
	at org.jacoco.agent.rt.internal_4742761.asm.ClassReader.<init>(ClassReader.java:200)
	at org.jacoco.agent.rt.internal_4742761.asm.ClassReader.<init>(ClassReader.java:180)
	at org.jacoco.agent.rt.internal_4742761.asm.ClassReader.<init>(ClassReader.java:166)
	at org.jacoco.agent.rt.internal_4742761.core.internal.instr.InstrSupport.classReaderFor(InstrSupport.java:280)
	at org.jacoco.agent.rt.internal_4742761.core.instr.Instrumenter.instrument(Instrumenter.java:77)
	at org.jacoco.agent.rt.internal_4742761.core.instr.Instrumenter.instrument(Instrumenter.java:109)
	... 25 more
java.lang.instrument.IllegalClassFormatException: Error while instrumenting jdk/internal/net/http/ConnectionPool$CleanupTrigger with JaCoCo 0.8.11.202310140853/f33756c.
	at org.jacoco.agent.rt.internal_4742761.CoverageTransformer.transform(CoverageTransformer.java:94)
	at java.instrument/java.lang.instrument.ClassFileTransformer.transform(ClassFileTransformer.java:257)
	at java.instrument/sun.instrument.TransformerManager.transform(TransformerManager.java:188)
	at java.instrument/sun.instrument.InstrumentationImpl.transform(InstrumentationImpl.java:594)
	at java.base/java.lang.ClassLoader.defineClass2(Native Method)
	at java.base/java.lang.ClassLoader.defineClass(ClassLoader.java:1052)
	at java.base/java.security.SecureClassLoader.defineClass(SecureClassLoader.java:164)
	at java.base/jdk.internal.loader.BuiltinClassLoader.defineClass(BuiltinClassLoader.java:735)
	at java.base/jdk.internal.loader.BuiltinClassLoader.findClassInModuleOrNull(BuiltinClassLoader.java:678)
	at java.base/jdk.internal.loader.BuiltinClassLoader.loadClassOrNull(BuiltinClassLoader.java:604)
	at java.base/jdk.internal.loader.BuiltinClassLoader.loadClass(BuiltinClassLoader.java:578)
	at java.base/java.lang.ClassLoader.loadClass(ClassLoader.java:490)
	at java.net.http/jdk.internal.net.http.ConnectionPool.registerCleanupTrigger(ConnectionPool.java:244)
	at java.net.http/jdk.internal.net.http.ConnectionPool.returnToPool(ConnectionPool.java:204)
	at java.net.http/jdk.internal.net.http.ConnectionPool.returnToPool(ConnectionPool.java:190)
	at java.net.http/jdk.internal.net.http.HttpConnection.closeOrReturnToCache(HttpConnection.java:414)
	at java.net.http/jdk.internal.net.http.Http1Response.onFinished(Http1Response.java:436)
	at java.net.http/jdk.internal.net.http.ResponseContent$FixedLengthBodyParser.accept(ResponseContent.java:628)
	at java.net.http/jdk.internal.net.http.ResponseContent$FixedLengthBodyParser.accept(ResponseContent.java:540)
	at java.net.http/jdk.internal.net.http.Http1Response$BodyReader.handle(Http1Response.java:707)
	at java.net.http/jdk.internal.net.http.Http1Response$BodyReader.handle(Http1Response.java:635)
	at java.net.http/jdk.internal.net.http.Http1Response$Receiver.accept(Http1Response.java:527)
	at java.net.http/jdk.internal.net.http.Http1Response$BodyReader.tryAsyncReceive(Http1Response.java:665)
	at java.net.http/jdk.internal.net.http.Http1AsyncReceiver.flush(Http1AsyncReceiver.java:233)
	at java.net.http/jdk.internal.net.http.common.SequentialScheduler$LockingRestartableTask.run(SequentialScheduler.java:182)
	at java.net.http/jdk.internal.net.http.common.SequentialScheduler$CompleteRestartableTask.run(SequentialScheduler.java:149)
	at java.net.http/jdk.internal.net.http.common.SequentialScheduler$TryEndDeferredCompleter.complete(SequentialScheduler.java:324)
	at java.net.http/jdk.internal.net.http.common.SequentialScheduler$CompleteRestartableTask.run(SequentialScheduler.java:151)
	at java.net.http/jdk.internal.net.http.common.SequentialScheduler$SchedulableTask.run(SequentialScheduler.java:207)
	at java.base/java.util.concurrent.ThreadPoolExecutor.runWorker(ThreadPoolExecutor.java:1095)
	at java.base/java.util.concurrent.ThreadPoolExecutor$Worker.run(ThreadPoolExecutor.java:619)
	at java.base/java.lang.Thread.run(Thread.java:1447)
Caused by: java.io.IOException: Error while instrumenting jdk/internal/net/http/ConnectionPool$CleanupTrigger with JaCoCo 0.8.11.202310140853/f33756c.
	at org.jacoco.agent.rt.internal_4742761.core.instr.Instrumenter.instrumentError(Instrumenter.java:161)
	at org.jacoco.agent.rt.internal_4742761.core.instr.Instrumenter.instrument(Instrumenter.java:111)
	at org.jacoco.agent.rt.internal_4742761.CoverageTransformer.transform(CoverageTransformer.java:92)
	... 31 more
Caused by: java.lang.IllegalArgumentException: Unsupported class file major version 68
	at org.jacoco.agent.rt.internal_4742761.asm.ClassReader.<init>(ClassReader.java:200)
	at org.jacoco.agent.rt.internal_4742761.asm.ClassReader.<init>(ClassReader.java:180)
	at org.jacoco.agent.rt.internal_4742761.asm.ClassReader.<init>(ClassReader.java:166)
	at org.jacoco.agent.rt.internal_4742761.core.internal.instr.InstrSupport.classReaderFor(InstrSupport.java:280)
	at org.jacoco.agent.rt.internal_4742761.core.instr.Instrumenter.instrument(Instrumenter.java:77)
	at org.jacoco.agent.rt.internal_4742761.core.instr.Instrumenter.instrument(Instrumenter.java:109)
	... 32 more
java.lang.instrument.IllegalClassFormatException: Error while instrumenting jdk/internal/net/http/ConnectionPool$ExpiryEntry with JaCoCo 0.8.11.202310140853/f33756c.
	at org.jacoco.agent.rt.internal_4742761.CoverageTransformer.transform(CoverageTransformer.java:94)
	at java.instrument/java.lang.instrument.ClassFileTransformer.transform(ClassFileTransformer.java:257)
	at java.instrument/sun.instrument.TransformerManager.transform(TransformerManager.java:188)
	at java.instrument/sun.instrument.InstrumentationImpl.transform(InstrumentationImpl.java:594)
	at java.base/java.lang.ClassLoader.defineClass2(Native Method)
	at java.base/java.lang.ClassLoader.defineClass(ClassLoader.java:1052)
	at java.base/java.security.SecureClassLoader.defineClass(SecureClassLoader.java:164)
	at java.base/jdk.internal.loader.BuiltinClassLoader.defineClass(BuiltinClassLoader.java:735)
	at java.base/jdk.internal.loader.BuiltinClassLoader.findClassInModuleOrNull(BuiltinClassLoader.java:678)
	at java.base/jdk.internal.loader.BuiltinClassLoader.loadClassOrNull(BuiltinClassLoader.java:604)
	at java.base/jdk.internal.loader.BuiltinClassLoader.loadClass(BuiltinClassLoader.java:578)
	at java.base/java.lang.ClassLoader.loadClass(ClassLoader.java:490)
	at java.net.http/jdk.internal.net.http.ConnectionPool$ExpiryList.add(ConnectionPool.java:438)
	at java.net.http/jdk.internal.net.http.ConnectionPool.returnToPool(ConnectionPool.java:226)
	at java.net.http/jdk.internal.net.http.ConnectionPool.returnToPool(ConnectionPool.java:190)
	at java.net.http/jdk.internal.net.http.HttpConnection.closeOrReturnToCache(HttpConnection.java:414)
	at java.net.http/jdk.internal.net.http.Http1Response.onFinished(Http1Response.java:436)
	at java.net.http/jdk.internal.net.http.ResponseContent$FixedLengthBodyParser.accept(ResponseContent.java:628)
	at java.net.http/jdk.internal.net.http.ResponseContent$FixedLengthBodyParser.accept(ResponseContent.java:540)
	at java.net.http/jdk.internal.net.http.Http1Response$BodyReader.handle(Http1Response.java:707)
	at java.net.http/jdk.internal.net.http.Http1Response$BodyReader.handle(Http1Response.java:635)
	at java.net.http/jdk.internal.net.http.Http1Response$Receiver.accept(Http1Response.java:527)
	at java.net.http/jdk.internal.net.http.Http1Response$BodyReader.tryAsyncReceive(Http1Response.java:665)
	at java.net.http/jdk.internal.net.http.Http1AsyncReceiver.flush(Http1AsyncReceiver.java:233)
	at java.net.http/jdk.internal.net.http.common.SequentialScheduler$LockingRestartableTask.run(SequentialScheduler.java:182)
	at java.net.http/jdk.internal.net.http.common.SequentialScheduler$CompleteRestartableTask.run(SequentialScheduler.java:149)
	at java.net.http/jdk.internal.net.http.common.SequentialScheduler$TryEndDeferredCompleter.complete(SequentialScheduler.java:324)
	at java.net.http/jdk.internal.net.http.common.SequentialScheduler$CompleteRestartableTask.run(SequentialScheduler.java:151)
	at java.net.http/jdk.internal.net.http.common.SequentialScheduler$SchedulableTask.run(SequentialScheduler.java:207)
	at java.base/java.util.concurrent.ThreadPoolExecutor.runWorker(ThreadPoolExecutor.java:1095)
	at java.base/java.util.concurrent.ThreadPoolExecutor$Worker.run(ThreadPoolExecutor.java:619)
	at java.base/java.lang.Thread.run(Thread.java:1447)
Caused by: java.io.IOException: Error while instrumenting jdk/internal/net/http/ConnectionPool$ExpiryEntry with JaCoCo 0.8.11.202310140853/f33756c.
	at org.jacoco.agent.rt.internal_4742761.core.instr.Instrumenter.instrumentError(Instrumenter.java:161)
	at org.jacoco.agent.rt.internal_4742761.core.instr.Instrumenter.instrument(Instrumenter.java:111)
	at org.jacoco.agent.rt.internal_4742761.CoverageTransformer.transform(CoverageTransformer.java:92)
	... 31 more
Caused by: java.lang.IllegalArgumentException: Unsupported class file major version 68
	at org.jacoco.agent.rt.internal_4742761.asm.ClassReader.<init>(ClassReader.java:200)
	at org.jacoco.agent.rt.internal_4742761.asm.ClassReader.<init>(ClassReader.java:180)
	at org.jacoco.agent.rt.internal_4742761.asm.ClassReader.<init>(ClassReader.java:166)
	at org.jacoco.agent.rt.internal_4742761.core.internal.instr.InstrSupport.classReaderFor(InstrSupport.java:280)
	at org.jacoco.agent.rt.internal_4742761.core.instr.Instrumenter.instrument(Instrumenter.java:77)
	at org.jacoco.agent.rt.internal_4742761.core.instr.Instrumenter.instrument(Instrumenter.java:109)
	... 32 more
java.lang.instrument.IllegalClassFormatException: Error while instrumenting jdk/internal/net/http/HttpResponseImpl with JaCoCo 0.8.11.202310140853/f33756c.
	at org.jacoco.agent.rt.internal_4742761.CoverageTransformer.transform(CoverageTransformer.java:94)
	at java.instrument/java.lang.instrument.ClassFileTransformer.transform(ClassFileTransformer.java:257)
	at java.instrument/sun.instrument.TransformerManager.transform(TransformerManager.java:188)
	at java.instrument/sun.instrument.InstrumentationImpl.transform(InstrumentationImpl.java:594)
	at java.base/java.lang.ClassLoader.defineClass2(Native Method)
	at java.base/java.lang.ClassLoader.defineClass(ClassLoader.java:1052)
	at java.base/java.security.SecureClassLoader.defineClass(SecureClassLoader.java:164)
	at java.base/jdk.internal.loader.BuiltinClassLoader.defineClass(BuiltinClassLoader.java:735)
	at java.base/jdk.internal.loader.BuiltinClassLoader.findClassInModuleOrNull(BuiltinClassLoader.java:678)
	at java.base/jdk.internal.loader.BuiltinClassLoader.loadClassOrNull(BuiltinClassLoader.java:604)
	at java.base/jdk.internal.loader.BuiltinClassLoader.loadClass(BuiltinClassLoader.java:578)
	at java.base/java.lang.ClassLoader.loadClass(ClassLoader.java:490)
	at java.net.http/jdk.internal.net.http.MultiExchange.lambda$responseAsync0$2(MultiExchange.java:371)
	at java.base/java.util.concurrent.CompletableFuture$UniApply.tryFire(CompletableFuture.java:692)
	at java.base/java.util.concurrent.CompletableFuture.postComplete(CompletableFuture.java:556)
	at java.base/java.util.concurrent.CompletableFuture.complete(CompletableFuture.java:2231)
	at java.net.http/jdk.internal.net.http.ResponseSubscribers.lambda$getBodyAsync$1(ResponseSubscribers.java:1090)
	at java.base/java.util.concurrent.CompletableFuture.uniWhenComplete(CompletableFuture.java:909)
	at java.base/java.util.concurrent.CompletableFuture$UniWhenComplete.tryFire(CompletableFuture.java:887)
	at java.base/java.util.concurrent.CompletableFuture.postComplete(CompletableFuture.java:556)
	at java.base/java.util.concurrent.CompletableFuture.complete(CompletableFuture.java:2231)
	at java.net.http/jdk.internal.net.http.ResponseSubscribers$ByteArraySubscriber.onComplete(ResponseSubscribers.java:295)
	at java.net.http/jdk.internal.net.http.common.HttpBodySubscriberWrapper.complete(HttpBodySubscriberWrapper.java:293)
	at java.net.http/jdk.internal.net.http.common.HttpBodySubscriberWrapper.onComplete(HttpBodySubscriberWrapper.java:401)
	at java.net.http/jdk.internal.net.http.ResponseContent$FixedLengthBodyParser.accept(ResponseContent.java:629)
	at java.net.http/jdk.internal.net.http.ResponseContent$FixedLengthBodyParser.accept(ResponseContent.java:540)
	at java.net.http/jdk.internal.net.http.Http1Response$BodyReader.handle(Http1Response.java:707)
	at java.net.http/jdk.internal.net.http.Http1Response$BodyReader.handle(Http1Response.java:635)
	at java.net.http/jdk.internal.net.http.Http1Response$Receiver.accept(Http1Response.java:527)
	at java.net.http/jdk.internal.net.http.Http1Response$BodyReader.tryAsyncReceive(Http1Response.java:665)
	at java.net.http/jdk.internal.net.http.Http1AsyncReceiver.flush(Http1AsyncReceiver.java:233)
	at java.net.http/jdk.internal.net.http.common.SequentialScheduler$LockingRestartableTask.run(SequentialScheduler.java:182)
	at java.net.http/jdk.internal.net.http.common.SequentialScheduler$CompleteRestartableTask.run(SequentialScheduler.java:149)
	at java.net.http/jdk.internal.net.http.common.SequentialScheduler$TryEndDeferredCompleter.complete(SequentialScheduler.java:324)
	at java.net.http/jdk.internal.net.http.common.SequentialScheduler$CompleteRestartableTask.run(SequentialScheduler.java:151)
	at java.net.http/jdk.internal.net.http.common.SequentialScheduler$SchedulableTask.run(SequentialScheduler.java:207)
	at java.base/java.util.concurrent.ThreadPoolExecutor.runWorker(ThreadPoolExecutor.java:1095)
	at java.base/java.util.concurrent.ThreadPoolExecutor$Worker.run(ThreadPoolExecutor.java:619)
	at java.base/java.lang.Thread.run(Thread.java:1447)
Caused by: java.io.IOException: Error while instrumenting jdk/internal/net/http/HttpResponseImpl with JaCoCo 0.8.11.202310140853/f33756c.
	at org.jacoco.agent.rt.internal_4742761.core.instr.Instrumenter.instrumentError(Instrumenter.java:161)
	at org.jacoco.agent.rt.internal_4742761.core.instr.Instrumenter.instrument(Instrumenter.java:111)
	at org.jacoco.agent.rt.internal_4742761.CoverageTransformer.transform(CoverageTransformer.java:92)
	... 38 more
Caused by: java.lang.IllegalArgumentException: Unsupported class file major version 68
	at org.jacoco.agent.rt.internal_4742761.asm.ClassReader.<init>(ClassReader.java:200)
	at org.jacoco.agent.rt.internal_4742761.asm.ClassReader.<init>(ClassReader.java:180)
	at org.jacoco.agent.rt.internal_4742761.asm.ClassReader.<init>(ClassReader.java:166)
	at org.jacoco.agent.rt.internal_4742761.core.internal.instr.InstrSupport.classReaderFor(InstrSupport.java:280)
	at org.jacoco.agent.rt.internal_4742761.core.instr.Instrumenter.instrument(Instrumenter.java:77)
	at org.jacoco.agent.rt.internal_4742761.core.instr.Instrumenter.instrument(Instrumenter.java:109)
	... 39 more
java.lang.instrument.IllegalClassFormatException: Error while instrumenting jdk/internal/net/http/websocket/RawChannel$Provider with JaCoCo 0.8.11.202310140853/f33756c.
	at org.jacoco.agent.rt.internal_4742761.CoverageTransformer.transform(CoverageTransformer.java:94)
	at java.instrument/java.lang.instrument.ClassFileTransformer.transform(ClassFileTransformer.java:257)
	at java.instrument/sun.instrument.TransformerManager.transform(TransformerManager.java:188)
	at java.instrument/sun.instrument.InstrumentationImpl.transform(InstrumentationImpl.java:594)
	at java.base/java.lang.ClassLoader.defineClass2(Native Method)
	at java.base/java.lang.ClassLoader.defineClass(ClassLoader.java:1052)
	at java.base/java.security.SecureClassLoader.defineClass(SecureClassLoader.java:164)
	at java.base/jdk.internal.loader.BuiltinClassLoader.defineClass(BuiltinClassLoader.java:735)
	at java.base/jdk.internal.loader.BuiltinClassLoader.findClassInModuleOrNull(BuiltinClassLoader.java:678)
	at java.base/jdk.internal.loader.BuiltinClassLoader.loadClassOrNull(BuiltinClassLoader.java:604)
	at java.base/jdk.internal.loader.BuiltinClassLoader.loadClass(BuiltinClassLoader.java:578)
	at java.base/java.lang.ClassLoader.loadClass(ClassLoader.java:490)
	at java.base/java.lang.ClassLoader.defineClass2(Native Method)
	at java.base/java.lang.ClassLoader.defineClass(ClassLoader.java:1052)
	at java.base/java.security.SecureClassLoader.defineClass(SecureClassLoader.java:164)
	at java.base/jdk.internal.loader.BuiltinClassLoader.defineClass(BuiltinClassLoader.java:735)
	at java.base/jdk.internal.loader.BuiltinClassLoader.findClassInModuleOrNull(BuiltinClassLoader.java:678)
	at java.base/jdk.internal.loader.BuiltinClassLoader.loadClassOrNull(BuiltinClassLoader.java:604)
	at java.base/jdk.internal.loader.BuiltinClassLoader.loadClass(BuiltinClassLoader.java:578)
	at java.base/java.lang.ClassLoader.loadClass(ClassLoader.java:490)
	at java.net.http/jdk.internal.net.http.MultiExchange.lambda$responseAsync0$2(MultiExchange.java:371)
	at java.base/java.util.concurrent.CompletableFuture$UniApply.tryFire(CompletableFuture.java:692)
	at java.base/java.util.concurrent.CompletableFuture.postComplete(CompletableFuture.java:556)
	at java.base/java.util.concurrent.CompletableFuture.complete(CompletableFuture.java:2231)
	at java.net.http/jdk.internal.net.http.ResponseSubscribers.lambda$getBodyAsync$1(ResponseSubscribers.java:1090)
	at java.base/java.util.concurrent.CompletableFuture.uniWhenComplete(CompletableFuture.java:909)
	at java.base/java.util.concurrent.CompletableFuture$UniWhenComplete.tryFire(CompletableFuture.java:887)
	at java.base/java.util.concurrent.CompletableFuture.postComplete(CompletableFuture.java:556)
	at java.base/java.util.concurrent.CompletableFuture.complete(CompletableFuture.java:2231)
	at java.net.http/jdk.internal.net.http.ResponseSubscribers$ByteArraySubscriber.onComplete(ResponseSubscribers.java:295)
	at java.net.http/jdk.internal.net.http.common.HttpBodySubscriberWrapper.complete(HttpBodySubscriberWrapper.java:293)
	at java.net.http/jdk.internal.net.http.common.HttpBodySubscriberWrapper.onComplete(HttpBodySubscriberWrapper.java:401)
	at java.net.http/jdk.internal.net.http.ResponseContent$FixedLengthBodyParser.accept(ResponseContent.java:629)
	at java.net.http/jdk.internal.net.http.ResponseContent$FixedLengthBodyParser.accept(ResponseContent.java:540)
	at java.net.http/jdk.internal.net.http.Http1Response$BodyReader.handle(Http1Response.java:707)
	at java.net.http/jdk.internal.net.http.Http1Response$BodyReader.handle(Http1Response.java:635)
	at java.net.http/jdk.internal.net.http.Http1Response$Receiver.accept(Http1Response.java:527)
	at java.net.http/jdk.internal.net.http.Http1Response$BodyReader.tryAsyncReceive(Http1Response.java:665)
	at java.net.http/jdk.internal.net.http.Http1AsyncReceiver.flush(Http1AsyncReceiver.java:233)
	at java.net.http/jdk.internal.net.http.common.SequentialScheduler$LockingRestartableTask.run(SequentialScheduler.java:182)
	at java.net.http/jdk.internal.net.http.common.SequentialScheduler$CompleteRestartableTask.run(SequentialScheduler.java:149)
	at java.net.http/jdk.internal.net.http.common.SequentialScheduler$TryEndDeferredCompleter.complete(SequentialScheduler.java:324)
	at java.net.http/jdk.internal.net.http.common.SequentialScheduler$CompleteRestartableTask.run(SequentialScheduler.java:151)
	at java.net.http/jdk.internal.net.http.common.SequentialScheduler$SchedulableTask.run(SequentialScheduler.java:207)
	at java.base/java.util.concurrent.ThreadPoolExecutor.runWorker(ThreadPoolExecutor.java:1095)
	at java.base/java.util.concurrent.ThreadPoolExecutor$Worker.run(ThreadPoolExecutor.java:619)
	at java.base/java.lang.Thread.run(Thread.java:1447)
Caused by: java.io.IOException: Error while instrumenting jdk/internal/net/http/websocket/RawChannel$Provider with JaCoCo 0.8.11.202310140853/f33756c.
	at org.jacoco.agent.rt.internal_4742761.core.instr.Instrumenter.instrumentError(Instrumenter.java:161)
	at org.jacoco.agent.rt.internal_4742761.core.instr.Instrumenter.instrument(Instrumenter.java:111)
	at org.jacoco.agent.rt.internal_4742761.CoverageTransformer.transform(CoverageTransformer.java:92)
	... 46 more
Caused by: java.lang.IllegalArgumentException: Unsupported class file major version 68
	at org.jacoco.agent.rt.internal_4742761.asm.ClassReader.<init>(ClassReader.java:200)
	at org.jacoco.agent.rt.internal_4742761.asm.ClassReader.<init>(ClassReader.java:180)
	at org.jacoco.agent.rt.internal_4742761.asm.ClassReader.<init>(ClassReader.java:166)
	at org.jacoco.agent.rt.internal_4742761.core.internal.instr.InstrSupport.classReaderFor(InstrSupport.java:280)
	at org.jacoco.agent.rt.internal_4742761.core.instr.Instrumenter.instrument(Instrumenter.java:77)
	at org.jacoco.agent.rt.internal_4742761.core.instr.Instrumenter.instrument(Instrumenter.java:109)
	... 47 more
java.lang.instrument.IllegalClassFormatException: Error while instrumenting jdk/internal/net/http/HttpResponseImpl$RawChannelProvider with JaCoCo 0.8.11.202310140853/f33756c.
	at org.jacoco.agent.rt.internal_4742761.CoverageTransformer.transform(CoverageTransformer.java:94)
	at java.instrument/java.lang.instrument.ClassFileTransformer.transform(ClassFileTransformer.java:257)
	at java.instrument/sun.instrument.TransformerManager.transform(TransformerManager.java:188)
	at java.instrument/sun.instrument.InstrumentationImpl.transform(InstrumentationImpl.java:594)
	at java.base/java.lang.ClassLoader.defineClass2(Native Method)
	at java.base/java.lang.ClassLoader.defineClass(ClassLoader.java:1052)
	at java.base/java.security.SecureClassLoader.defineClass(SecureClassLoader.java:164)
	at java.base/jdk.internal.loader.BuiltinClassLoader.defineClass(BuiltinClassLoader.java:735)
	at java.base/jdk.internal.loader.BuiltinClassLoader.findClassInModuleOrNull(BuiltinClassLoader.java:678)
	at java.base/jdk.internal.loader.BuiltinClassLoader.loadClassOrNull(BuiltinClassLoader.java:604)
	at java.base/jdk.internal.loader.BuiltinClassLoader.loadClass(BuiltinClassLoader.java:578)
	at java.base/java.lang.ClassLoader.loadClass(ClassLoader.java:490)
	at java.net.http/jdk.internal.net.http.HttpResponseImpl.<init>(HttpResponseImpl.java:69)
	at java.net.http/jdk.internal.net.http.MultiExchange.lambda$responseAsync0$2(MultiExchange.java:372)
	at java.base/java.util.concurrent.CompletableFuture$UniApply.tryFire(CompletableFuture.java:692)
	at java.base/java.util.concurrent.CompletableFuture.postComplete(CompletableFuture.java:556)
	at java.base/java.util.concurrent.CompletableFuture.complete(CompletableFuture.java:2231)
	at java.net.http/jdk.internal.net.http.ResponseSubscribers.lambda$getBodyAsync$1(ResponseSubscribers.java:1090)
	at java.base/java.util.concurrent.CompletableFuture.uniWhenComplete(CompletableFuture.java:909)
	at java.base/java.util.concurrent.CompletableFuture$UniWhenComplete.tryFire(CompletableFuture.java:887)
	at java.base/java.util.concurrent.CompletableFuture.postComplete(CompletableFuture.java:556)
	at java.base/java.util.concurrent.CompletableFuture.complete(CompletableFuture.java:2231)
	at java.net.http/jdk.internal.net.http.ResponseSubscribers$ByteArraySubscriber.onComplete(ResponseSubscribers.java:295)
	at java.net.http/jdk.internal.net.http.common.HttpBodySubscriberWrapper.complete(HttpBodySubscriberWrapper.java:293)
	at java.net.http/jdk.internal.net.http.common.HttpBodySubscriberWrapper.onComplete(HttpBodySubscriberWrapper.java:401)
	at java.net.http/jdk.internal.net.http.ResponseContent$FixedLengthBodyParser.accept(ResponseContent.java:629)
	at java.net.http/jdk.internal.net.http.ResponseContent$FixedLengthBodyParser.accept(ResponseContent.java:540)
	at java.net.http/jdk.internal.net.http.Http1Response$BodyReader.handle(Http1Response.java:707)
	at java.net.http/jdk.internal.net.http.Http1Response$BodyReader.handle(Http1Response.java:635)
	at java.net.http/jdk.internal.net.http.Http1Response$Receiver.accept(Http1Response.java:527)
	at java.net.http/jdk.internal.net.http.Http1Response$BodyReader.tryAsyncReceive(Http1Response.java:665)
	at java.net.http/jdk.internal.net.http.Http1AsyncReceiver.flush(Http1AsyncReceiver.java:233)
	at java.net.http/jdk.internal.net.http.common.SequentialScheduler$LockingRestartableTask.run(SequentialScheduler.java:182)
	at java.net.http/jdk.internal.net.http.common.SequentialScheduler$CompleteRestartableTask.run(SequentialScheduler.java:149)
	at java.net.http/jdk.internal.net.http.common.SequentialScheduler$TryEndDeferredCompleter.complete(SequentialScheduler.java:324)
	at java.net.http/jdk.internal.net.http.common.SequentialScheduler$CompleteRestartableTask.run(SequentialScheduler.java:151)
	at java.net.http/jdk.internal.net.http.common.SequentialScheduler$SchedulableTask.run(SequentialScheduler.java:207)
	at java.base/java.util.concurrent.ThreadPoolExecutor.runWorker(ThreadPoolExecutor.java:1095)
	at java.base/java.util.concurrent.ThreadPoolExecutor$Worker.run(ThreadPoolExecutor.java:619)
	at java.base/java.lang.Thread.run(Thread.java:1447)
Caused by: java.io.IOException: Error while instrumenting jdk/internal/net/http/HttpResponseImpl$RawChannelProvider with JaCoCo 0.8.11.202310140853/f33756c.
	at org.jacoco.agent.rt.internal_4742761.core.instr.Instrumenter.instrumentError(Instrumenter.java:161)
	at org.jacoco.agent.rt.internal_4742761.core.instr.Instrumenter.instrument(Instrumenter.java:111)
	at org.jacoco.agent.rt.internal_4742761.CoverageTransformer.transform(CoverageTransformer.java:92)
	... 39 more
Caused by: java.lang.IllegalArgumentException: Unsupported class file major version 68
	at org.jacoco.agent.rt.internal_4742761.asm.ClassReader.<init>(ClassReader.java:200)
	at org.jacoco.agent.rt.internal_4742761.asm.ClassReader.<init>(ClassReader.java:180)
	at org.jacoco.agent.rt.internal_4742761.asm.ClassReader.<init>(ClassReader.java:166)
	at org.jacoco.agent.rt.internal_4742761.core.internal.instr.InstrSupport.classReaderFor(InstrSupport.java:280)
	at org.jacoco.agent.rt.internal_4742761.core.instr.Instrumenter.instrument(Instrumenter.java:77)
	at org.jacoco.agent.rt.internal_4742761.core.instr.Instrumenter.instrument(Instrumenter.java:109)
	... 40 more
java.lang.instrument.IllegalClassFormatException: Error while instrumenting jdk/internal/net/http/websocket/RawChannel with JaCoCo 0.8.11.202310140853/f33756c.
	at org.jacoco.agent.rt.internal_4742761.CoverageTransformer.transform(CoverageTransformer.java:94)
	at java.instrument/java.lang.instrument.ClassFileTransformer.transform(ClassFileTransformer.java:257)
	at java.instrument/sun.instrument.TransformerManager.transform(TransformerManager.java:188)
	at java.instrument/sun.instrument.InstrumentationImpl.transform(InstrumentationImpl.java:594)
	at java.base/java.lang.ClassLoader.defineClass2(Native Method)
	at java.base/java.lang.ClassLoader.defineClass(ClassLoader.java:1052)
	at java.base/java.security.SecureClassLoader.defineClass(SecureClassLoader.java:164)
	at java.base/jdk.internal.loader.BuiltinClassLoader.defineClass(BuiltinClassLoader.java:735)
	at java.base/jdk.internal.loader.BuiltinClassLoader.findClassInModuleOrNull(BuiltinClassLoader.java:678)
	at java.base/jdk.internal.loader.BuiltinClassLoader.loadClassOrNull(BuiltinClassLoader.java:604)
	at java.base/jdk.internal.loader.BuiltinClassLoader.loadClass(BuiltinClassLoader.java:578)
	at java.base/java.lang.ClassLoader.loadClass(ClassLoader.java:490)
	at java.net.http/jdk.internal.net.http.HttpResponseImpl.<init>(HttpResponseImpl.java:69)
	at java.net.http/jdk.internal.net.http.MultiExchange.lambda$responseAsync0$2(MultiExchange.java:372)
	at java.base/java.util.concurrent.CompletableFuture$UniApply.tryFire(CompletableFuture.java:692)
	at java.base/java.util.concurrent.CompletableFuture.postComplete(CompletableFuture.java:556)
	at java.base/java.util.concurrent.CompletableFuture.complete(CompletableFuture.java:2231)
	at java.net.http/jdk.internal.net.http.ResponseSubscribers.lambda$getBodyAsync$1(ResponseSubscribers.java:1090)
	at java.base/java.util.concurrent.CompletableFuture.uniWhenComplete(CompletableFuture.java:909)
	at java.base/java.util.concurrent.CompletableFuture$UniWhenComplete.tryFire(CompletableFuture.java:887)
	at java.base/java.util.concurrent.CompletableFuture.postComplete(CompletableFuture.java:556)
	at java.base/java.util.concurrent.CompletableFuture.complete(CompletableFuture.java:2231)
	at java.net.http/jdk.internal.net.http.ResponseSubscribers$ByteArraySubscriber.onComplete(ResponseSubscribers.java:295)
	at java.net.http/jdk.internal.net.http.common.HttpBodySubscriberWrapper.complete(HttpBodySubscriberWrapper.java:293)
	at java.net.http/jdk.internal.net.http.common.HttpBodySubscriberWrapper.onComplete(HttpBodySubscriberWrapper.java:401)
	at java.net.http/jdk.internal.net.http.ResponseContent$FixedLengthBodyParser.accept(ResponseContent.java:629)
	at java.net.http/jdk.internal.net.http.ResponseContent$FixedLengthBodyParser.accept(ResponseContent.java:540)
	at java.net.http/jdk.internal.net.http.Http1Response$BodyReader.handle(Http1Response.java:707)
	at java.net.http/jdk.internal.net.http.Http1Response$BodyReader.handle(Http1Response.java:635)
	at java.net.http/jdk.internal.net.http.Http1Response$Receiver.accept(Http1Response.java:527)
	at java.net.http/jdk.internal.net.http.Http1Response$BodyReader.tryAsyncReceive(Http1Response.java:665)
	at java.net.http/jdk.internal.net.http.Http1AsyncReceiver.flush(Http1AsyncReceiver.java:233)
	at java.net.http/jdk.internal.net.http.common.SequentialScheduler$LockingRestartableTask.run(SequentialScheduler.java:182)
	at java.net.http/jdk.internal.net.http.common.SequentialScheduler$CompleteRestartableTask.run(SequentialScheduler.java:149)
	at java.net.http/jdk.internal.net.http.common.SequentialScheduler$TryEndDeferredCompleter.complete(SequentialScheduler.java:324)
	at java.net.http/jdk.internal.net.http.common.SequentialScheduler$CompleteRestartableTask.run(SequentialScheduler.java:151)
	at java.net.http/jdk.internal.net.http.common.SequentialScheduler$SchedulableTask.run(SequentialScheduler.java:207)
	at java.base/java.util.concurrent.ThreadPoolExecutor.runWorker(ThreadPoolExecutor.java:1095)
	at java.base/java.util.concurrent.ThreadPoolExecutor$Worker.run(ThreadPoolExecutor.java:619)
	at java.base/java.lang.Thread.run(Thread.java:1447)
Caused by: java.io.IOException: Error while instrumenting jdk/internal/net/http/websocket/RawChannel with JaCoCo 0.8.11.202310140853/f33756c.
	at org.jacoco.agent.rt.internal_4742761.core.instr.Instrumenter.instrumentError(Instrumenter.java:161)
	at org.jacoco.agent.rt.internal_4742761.core.instr.Instrumenter.instrument(Instrumenter.java:111)
	at org.jacoco.agent.rt.internal_4742761.CoverageTransformer.transform(CoverageTransformer.java:92)
	... 39 more
Caused by: java.lang.IllegalArgumentException: Unsupported class file major version 68
	at org.jacoco.agent.rt.internal_4742761.asm.ClassReader.<init>(ClassReader.java:200)
	at org.jacoco.agent.rt.internal_4742761.asm.ClassReader.<init>(ClassReader.java:180)
	at org.jacoco.agent.rt.internal_4742761.asm.ClassReader.<init>(ClassReader.java:166)
	at org.jacoco.agent.rt.internal_4742761.core.internal.instr.InstrSupport.classReaderFor(InstrSupport.java:280)
	at org.jacoco.agent.rt.internal_4742761.core.instr.Instrumenter.instrument(Instrumenter.java:77)
	at org.jacoco.agent.rt.internal_4742761.core.instr.Instrumenter.instrument(Instrumenter.java:109)
	... 40 more
java.lang.instrument.IllegalClassFormatException: Error while instrumenting jdk/internal/net/http/websocket/BuilderImpl with JaCoCo 0.8.11.202310140853/f33756c.
	at org.jacoco.agent.rt.internal_4742761.CoverageTransformer.transform(CoverageTransformer.java:94)
	at java.instrument/java.lang.instrument.ClassFileTransformer.transform(ClassFileTransformer.java:257)
	at java.instrument/sun.instrument.TransformerManager.transform(TransformerManager.java:188)
	at java.instrument/sun.instrument.InstrumentationImpl.transform(InstrumentationImpl.java:594)
	at java.base/java.lang.ClassLoader.defineClass2(Native Method)
	at java.base/java.lang.ClassLoader.defineClass(ClassLoader.java:1052)
	at java.base/java.security.SecureClassLoader.defineClass(SecureClassLoader.java:164)
	at java.base/jdk.internal.loader.BuiltinClassLoader.defineClass(BuiltinClassLoader.java:735)
	at java.base/jdk.internal.loader.BuiltinClassLoader.findClassInModuleOrNull(BuiltinClassLoader.java:678)
	at java.base/jdk.internal.loader.BuiltinClassLoader.loadClassOrNull(BuiltinClassLoader.java:604)
	at java.base/jdk.internal.loader.BuiltinClassLoader.loadClass(BuiltinClassLoader.java:578)
	at java.base/java.lang.ClassLoader.loadClass(ClassLoader.java:490)
	at java.net.http/jdk.internal.net.http.HttpClientImpl.newWebSocketBuilder(HttpClientImpl.java:1651)
	at java.net.http/jdk.internal.net.http.HttpClientFacade.newWebSocketBuilder(HttpClientFacade.java:164)
	at org.openqa.selenium.remote.http.jdk.JdkHttpClient.openSocket(JdkHttpClient.java:169)
	at org.openqa.selenium.devtools.Connection.<init>(Connection.java:89)
	at org.openqa.selenium.chromium.ChromiumDriver.lambda$new$3(ChromiumDriver.java:154)
	at java.base/java.util.Optional.map(Optional.java:260)
	at org.openqa.selenium.chromium.ChromiumDriver.<init>(ChromiumDriver.java:154)
	at org.openqa.selenium.chrome.ChromeDriver.<init>(ChromeDriver.java:88)
	at org.openqa.selenium.chrome.ChromeDriver.<init>(ChromeDriver.java:83)
	at org.openqa.selenium.chrome.ChromeDriver.<init>(ChromeDriver.java:51)
	at StepDefination.StepDef.setup1(StepDef.java:49)
	at java.base/jdk.internal.reflect.DirectMethodHandleAccessor.invoke(DirectMethodHandleAccessor.java:104)
	at java.base/java.lang.reflect.Method.invoke(Method.java:565)
	at io.cucumber.java.Invoker.doInvoke(Invoker.java:66)
	at io.cucumber.java.Invoker.invoke(Invoker.java:24)
	at io.cucumber.java.AbstractGlueDefinition.invokeMethod(AbstractGlueDefinition.java:47)
	at io.cucumber.java.JavaHookDefinition.execute(JavaHookDefinition.java:68)
	at io.cucumber.core.runner.CoreHookDefinition.execute(CoreHookDefinition.java:47)
	at io.cucumber.core.runner.HookDefinitionMatch.runStep(HookDefinitionMatch.java:21)
	at io.cucumber.core.runner.ExecutionMode$1.execute(ExecutionMode.java:10)
	at io.cucumber.core.runner.TestStep.executeStep(TestStep.java:81)
	at io.cucumber.core.runner.TestStep.run(TestStep.java:53)
	at io.cucumber.core.runner.TestCase.run(TestCase.java:80)
	at io.cucumber.core.runner.Runner.runPickle(Runner.java:77)
	at io.cucumber.junit.PickleRunners$NoStepDescriptions.lambda$run$0(PickleRunners.java:151)
	at io.cucumber.core.runtime.CucumberExecutionContext.lambda$runTestCase$5(CucumberExecutionContext.java:136)
	at io.cucumber.core.runtime.RethrowingThrowableCollector.executeAndThrow(RethrowingThrowableCollector.java:23)
	at io.cucumber.core.runtime.CucumberExecutionContext.runTestCase(CucumberExecutionContext.java:136)
	at io.cucumber.junit.PickleRunners$NoStepDescriptions.run(PickleRunners.java:148)
	at io.cucumber.junit.FeatureRunner.runChild(FeatureRunner.java:144)
	at io.cucumber.junit.FeatureRunner.runChild(FeatureRunner.java:28)
	at org.junit.runners.ParentRunner$4.run(ParentRunner.java:331)
	at org.junit.runners.ParentRunner$1.schedule(ParentRunner.java:79)
	at org.junit.runners.ParentRunner.runChildren(ParentRunner.java:329)
	at org.junit.runners.ParentRunner.access$100(ParentRunner.java:66)
	at org.junit.runners.ParentRunner$2.evaluate(ParentRunner.java:293)
	at org.junit.runners.ParentRunner$3.evaluate(ParentRunner.java:306)
	at org.junit.runners.ParentRunner.run(ParentRunner.java:413)
	at io.cucumber.junit.FeatureRunner.run(FeatureRunner.java:137)
	at io.cucumber.junit.Cucumber.runChild(Cucumber.java:196)
	at io.cucumber.junit.Cucumber.runChild(Cucumber.java:89)
	at org.junit.runners.ParentRunner$4.run(ParentRunner.java:331)
	at org.junit.runners.ParentRunner$1.schedule(ParentRunner.java:79)
	at org.junit.runners.ParentRunner.runChildren(ParentRunner.java:329)
	at org.junit.runners.ParentRunner.access$100(ParentRunner.java:66)
	at org.junit.runners.ParentRunner$2.evaluate(ParentRunner.java:293)
	at io.cucumber.core.runtime.CucumberExecutionContext.lambda$runFeatures$6(CucumberExecutionContext.java:147)
	at io.cucumber.core.runtime.CucumberExecutionContext.execute(CucumberExecutionContext.java:162)
	at io.cucumber.core.runtime.CucumberExecutionContext.runFeatures(CucumberExecutionContext.java:145)
	at io.cucumber.junit.Cucumber$StartAndFinishTestRun.evaluate(Cucumber.java:226)
	at org.junit.runners.ParentRunner$3.evaluate(ParentRunner.java:306)
	at org.junit.runners.ParentRunner.run(ParentRunner.java:413)
	at org.apache.maven.surefire.junit4.JUnit4Provider.execute(JUnit4Provider.java:316)
	at org.apache.maven.surefire.junit4.JUnit4Provider.executeWithRerun(JUnit4Provider.java:240)
	at org.apache.maven.surefire.junit4.JUnit4Provider.executeTestSet(JUnit4Provider.java:214)
	at org.apache.maven.surefire.junit4.JUnit4Provider.invoke(JUnit4Provider.java:155)
	at org.apache.maven.surefire.booter.ForkedBooter.runSuitesInProcess(ForkedBooter.java:385)
	at org.apache.maven.surefire.booter.ForkedBooter.execute(ForkedBooter.java:162)
	at org.apache.maven.surefire.booter.ForkedBooter.run(ForkedBooter.java:507)
	at org.apache.maven.surefire.booter.ForkedBooter.main(ForkedBooter.java:495)
Caused by: java.io.IOException: Error while instrumenting jdk/internal/net/http/websocket/BuilderImpl with JaCoCo 0.8.11.202310140853/f33756c.
	at org.jacoco.agent.rt.internal_4742761.core.instr.Instrumenter.instrumentError(Instrumenter.java:161)
	at org.jacoco.agent.rt.internal_4742761.core.instr.Instrumenter.instrument(Instrumenter.java:111)
	at org.jacoco.agent.rt.internal_4742761.CoverageTransformer.transform(CoverageTransformer.java:92)
	... 71 more
Caused by: java.lang.IllegalArgumentException: Unsupported class file major version 68
	at org.jacoco.agent.rt.internal_4742761.asm.ClassReader.<init>(ClassReader.java:200)
	at org.jacoco.agent.rt.internal_4742761.asm.ClassReader.<init>(ClassReader.java:180)
	at org.jacoco.agent.rt.internal_4742761.asm.ClassReader.<init>(ClassReader.java:166)
	at org.jacoco.agent.rt.internal_4742761.core.internal.instr.InstrSupport.classReaderFor(InstrSupport.java:280)
	at org.jacoco.agent.rt.internal_4742761.core.instr.Instrumenter.instrument(Instrumenter.java:77)
	at org.jacoco.agent.rt.internal_4742761.core.instr.Instrumenter.instrument(Instrumenter.java:109)
	... 72 more
java.lang.instrument.IllegalClassFormatException: Error while instrumenting jdk/internal/net/http/websocket/WebSocketImpl with JaCoCo 0.8.11.202310140853/f33756c.
	at org.jacoco.agent.rt.internal_4742761.CoverageTransformer.transform(CoverageTransformer.java:94)
	at java.instrument/java.lang.instrument.ClassFileTransformer.transform(ClassFileTransformer.java:257)
	at java.instrument/sun.instrument.TransformerManager.transform(TransformerManager.java:188)
	at java.instrument/sun.instrument.InstrumentationImpl.transform(InstrumentationImpl.java:594)
	at java.base/java.lang.ClassLoader.defineClass2(Native Method)
	at java.base/java.lang.ClassLoader.defineClass(ClassLoader.java:1052)
	at java.base/java.security.SecureClassLoader.defineClass(SecureClassLoader.java:164)
	at java.base/jdk.internal.loader.BuiltinClassLoader.defineClass(BuiltinClassLoader.java:735)
	at java.base/jdk.internal.loader.BuiltinClassLoader.findClassInModuleOrNull(BuiltinClassLoader.java:678)
	at java.base/jdk.internal.loader.BuiltinClassLoader.loadClassOrNull(BuiltinClassLoader.java:604)
	at java.base/jdk.internal.loader.BuiltinClassLoader.loadClass(BuiltinClassLoader.java:578)
	at java.base/java.lang.ClassLoader.loadClass(ClassLoader.java:490)
	at java.net.http/jdk.internal.net.http.websocket.BuilderImpl.buildAsync(BuilderImpl.java:120)
	at org.openqa.selenium.remote.http.jdk.JdkHttpClient.openSocket(JdkHttpClient.java:177)
	at org.openqa.selenium.devtools.Connection.<init>(Connection.java:89)
	at org.openqa.selenium.chromium.ChromiumDriver.lambda$new$3(ChromiumDriver.java:154)
	at java.base/java.util.Optional.map(Optional.java:260)
	at org.openqa.selenium.chromium.ChromiumDriver.<init>(ChromiumDriver.java:154)
	at org.openqa.selenium.chrome.ChromeDriver.<init>(ChromeDriver.java:88)
	at org.openqa.selenium.chrome.ChromeDriver.<init>(ChromeDriver.java:83)
	at org.openqa.selenium.chrome.ChromeDriver.<init>(ChromeDriver.java:51)
	at StepDefination.StepDef.setup1(StepDef.java:49)
	at java.base/jdk.internal.reflect.DirectMethodHandleAccessor.invoke(DirectMethodHandleAccessor.java:104)
	at java.base/java.lang.reflect.Method.invoke(Method.java:565)
	at io.cucumber.java.Invoker.doInvoke(Invoker.java:66)
	at io.cucumber.java.Invoker.invoke(Invoker.java:24)
	at io.cucumber.java.AbstractGlueDefinition.invokeMethod(AbstractGlueDefinition.java:47)
	at io.cucumber.java.JavaHookDefinition.execute(JavaHookDefinition.java:68)
	at io.cucumber.core.runner.CoreHookDefinition.execute(CoreHookDefinition.java:47)
	at io.cucumber.core.runner.HookDefinitionMatch.runStep(HookDefinitionMatch.java:21)
	at io.cucumber.core.runner.ExecutionMode$1.execute(ExecutionMode.java:10)
	at io.cucumber.core.runner.TestStep.executeStep(TestStep.java:81)
	at io.cucumber.core.runner.TestStep.run(TestStep.java:53)
	at io.cucumber.core.runner.TestCase.run(TestCase.java:80)
	at io.cucumber.core.runner.Runner.runPickle(Runner.java:77)
	at io.cucumber.junit.PickleRunners$NoStepDescriptions.lambda$run$0(PickleRunners.java:151)
	at io.cucumber.core.runtime.CucumberExecutionContext.lambda$runTestCase$5(CucumberExecutionContext.java:136)
	at io.cucumber.core.runtime.RethrowingThrowableCollector.executeAndThrow(RethrowingThrowableCollector.java:23)
	at io.cucumber.core.runtime.CucumberExecutionContext.runTestCase(CucumberExecutionContext.java:136)
	at io.cucumber.junit.PickleRunners$NoStepDescriptions.run(PickleRunners.java:148)
	at io.cucumber.junit.FeatureRunner.runChild(FeatureRunner.java:144)
	at io.cucumber.junit.FeatureRunner.runChild(FeatureRunner.java:28)
	at org.junit.runners.ParentRunner$4.run(ParentRunner.java:331)
	at org.junit.runners.ParentRunner$1.schedule(ParentRunner.java:79)
	at org.junit.runners.ParentRunner.runChildren(ParentRunner.java:329)
	at org.junit.runners.ParentRunner.access$100(ParentRunner.java:66)
	at org.junit.runners.ParentRunner$2.evaluate(ParentRunner.java:293)
	at org.junit.runners.ParentRunner$3.evaluate(ParentRunner.java:306)
	at org.junit.runners.ParentRunner.run(ParentRunner.java:413)
	at io.cucumber.junit.FeatureRunner.run(FeatureRunner.java:137)
	at io.cucumber.junit.Cucumber.runChild(Cucumber.java:196)
	at io.cucumber.junit.Cucumber.runChild(Cucumber.java:89)
	at org.junit.runners.ParentRunner$4.run(ParentRunner.java:331)
	at org.junit.runners.ParentRunner$1.schedule(ParentRunner.java:79)
	at org.junit.runners.ParentRunner.runChildren(ParentRunner.java:329)
	at org.junit.runners.ParentRunner.access$100(ParentRunner.java:66)
	at org.junit.runners.ParentRunner$2.evaluate(ParentRunner.java:293)
	at io.cucumber.core.runtime.CucumberExecutionContext.lambda$runFeatures$6(CucumberExecutionContext.java:147)
	at io.cucumber.core.runtime.CucumberExecutionContext.execute(CucumberExecutionContext.java:162)
	at io.cucumber.core.runtime.CucumberExecutionContext.runFeatures(CucumberExecutionContext.java:145)
	at io.cucumber.junit.Cucumber$StartAndFinishTestRun.evaluate(Cucumber.java:226)
	at org.junit.runners.ParentRunner$3.evaluate(ParentRunner.java:306)
	at org.junit.runners.ParentRunner.run(ParentRunner.java:413)
	at org.apache.maven.surefire.junit4.JUnit4Provider.execute(JUnit4Provider.java:316)
	at org.apache.maven.surefire.junit4.JUnit4Provider.executeWithRerun(JUnit4Provider.java:240)
	at org.apache.maven.surefire.junit4.JUnit4Provider.executeTestSet(JUnit4Provider.java:214)
	at org.apache.maven.surefire.junit4.JUnit4Provider.invoke(JUnit4Provider.java:155)
	at org.apache.maven.surefire.booter.ForkedBooter.runSuitesInProcess(ForkedBooter.java:385)
	at org.apache.maven.surefire.booter.ForkedBooter.execute(ForkedBooter.java:162)
	at org.apache.maven.surefire.booter.ForkedBooter.run(ForkedBooter.java:507)
	at org.apache.maven.surefire.booter.ForkedBooter.main(ForkedBooter.java:495)
Caused by: java.io.IOException: Error while instrumenting jdk/internal/net/http/websocket/WebSocketImpl with JaCoCo 0.8.11.202310140853/f33756c.
	at org.jacoco.agent.rt.internal_4742761.core.instr.Instrumenter.instrumentError(Instrumenter.java:161)
	at org.jacoco.agent.rt.internal_4742761.core.instr.Instrumenter.instrument(Instrumenter.java:111)
	at org.jacoco.agent.rt.internal_4742761.CoverageTransformer.transform(CoverageTransformer.java:92)
	... 70 more
Caused by: java.lang.IllegalArgumentException: Unsupported class file major version 68
	at org.jacoco.agent.rt.internal_4742761.asm.ClassReader.<init>(ClassReader.java:200)
	at org.jacoco.agent.rt.internal_4742761.asm.ClassReader.<init>(ClassReader.java:180)
	at org.jacoco.agent.rt.internal_4742761.asm.ClassReader.<init>(ClassReader.java:166)
	at org.jacoco.agent.rt.internal_4742761.core.internal.instr.InstrSupport.classReaderFor(InstrSupport.java:280)
	at org.jacoco.agent.rt.internal_4742761.core.instr.Instrumenter.instrument(Instrumenter.java:77)
	at org.jacoco.agent.rt.internal_4742761.core.instr.Instrumenter.instrument(Instrumenter.java:109)
	... 71 more
java.lang.instrument.IllegalClassFormatException: Error while instrumenting java/net/http/WebSocket with JaCoCo 0.8.11.202310140853/f33756c.
	at org.jacoco.agent.rt.internal_4742761.CoverageTransformer.transform(CoverageTransformer.java:94)
	at java.instrument/java.lang.instrument.ClassFileTransformer.transform(ClassFileTransformer.java:257)
	at java.instrument/sun.instrument.TransformerManager.transform(TransformerManager.java:188)
	at java.instrument/sun.instrument.InstrumentationImpl.transform(InstrumentationImpl.java:594)
	at java.base/java.lang.ClassLoader.defineClass2(Native Method)
	at java.base/java.lang.ClassLoader.defineClass(ClassLoader.java:1052)
	at java.base/java.security.SecureClassLoader.defineClass(SecureClassLoader.java:164)
	at java.base/jdk.internal.loader.BuiltinClassLoader.defineClass(BuiltinClassLoader.java:735)
	at java.base/jdk.internal.loader.BuiltinClassLoader.findClassInModuleOrNull(BuiltinClassLoader.java:678)
	at java.base/jdk.internal.loader.BuiltinClassLoader.loadClassOrNull(BuiltinClassLoader.java:604)
	at java.base/jdk.internal.loader.BuiltinClassLoader.loadClass(BuiltinClassLoader.java:578)
	at java.base/java.lang.ClassLoader.loadClass(ClassLoader.java:490)
	at java.base/java.lang.ClassLoader.defineClass2(Native Method)
	at java.base/java.lang.ClassLoader.defineClass(ClassLoader.java:1052)
	at java.base/java.security.SecureClassLoader.defineClass(SecureClassLoader.java:164)
	at java.base/jdk.internal.loader.BuiltinClassLoader.defineClass(BuiltinClassLoader.java:735)
	at java.base/jdk.internal.loader.BuiltinClassLoader.findClassInModuleOrNull(BuiltinClassLoader.java:678)
	at java.base/jdk.internal.loader.BuiltinClassLoader.loadClassOrNull(BuiltinClassLoader.java:604)
	at java.base/jdk.internal.loader.BuiltinClassLoader.loadClass(BuiltinClassLoader.java:578)
	at java.base/java.lang.ClassLoader.loadClass(ClassLoader.java:490)
	at java.net.http/jdk.internal.net.http.websocket.BuilderImpl.buildAsync(BuilderImpl.java:120)
	at org.openqa.selenium.remote.http.jdk.JdkHttpClient.openSocket(JdkHttpClient.java:177)
	at org.openqa.selenium.devtools.Connection.<init>(Connection.java:89)
	at org.openqa.selenium.chromium.ChromiumDriver.lambda$new$3(ChromiumDriver.java:154)
	at java.base/java.util.Optional.map(Optional.java:260)
	at org.openqa.selenium.chromium.ChromiumDriver.<init>(ChromiumDriver.java:154)
	at org.openqa.selenium.chrome.ChromeDriver.<init>(ChromeDriver.java:88)
	at org.openqa.selenium.chrome.ChromeDriver.<init>(ChromeDriver.java:83)
	at org.openqa.selenium.chrome.ChromeDriver.<init>(ChromeDriver.java:51)
	at StepDefination.StepDef.setup1(StepDef.java:49)
	at java.base/jdk.internal.reflect.DirectMethodHandleAccessor.invoke(DirectMethodHandleAccessor.java:104)
	at java.base/java.lang.reflect.Method.invoke(Method.java:565)
	at io.cucumber.java.Invoker.doInvoke(Invoker.java:66)
	at io.cucumber.java.Invoker.invoke(Invoker.java:24)
	at io.cucumber.java.AbstractGlueDefinition.invokeMethod(AbstractGlueDefinition.java:47)
	at io.cucumber.java.JavaHookDefinition.execute(JavaHookDefinition.java:68)
	at io.cucumber.core.runner.CoreHookDefinition.execute(CoreHookDefinition.java:47)
	at io.cucumber.core.runner.HookDefinitionMatch.runStep(HookDefinitionMatch.java:21)
	at io.cucumber.core.runner.ExecutionMode$1.execute(ExecutionMode.java:10)
	at io.cucumber.core.runner.TestStep.executeStep(TestStep.java:81)
	at io.cucumber.core.runner.TestStep.run(TestStep.java:53)
	at io.cucumber.core.runner.TestCase.run(TestCase.java:80)
	at io.cucumber.core.runner.Runner.runPickle(Runner.java:77)
	at io.cucumber.junit.PickleRunners$NoStepDescriptions.lambda$run$0(PickleRunners.java:151)
	at io.cucumber.core.runtime.CucumberExecutionContext.lambda$runTestCase$5(CucumberExecutionContext.java:136)
	at io.cucumber.core.runtime.RethrowingThrowableCollector.executeAndThrow(RethrowingThrowableCollector.java:23)
	at io.cucumber.core.runtime.CucumberExecutionContext.runTestCase(CucumberExecutionContext.java:136)
	at io.cucumber.junit.PickleRunners$NoStepDescriptions.run(PickleRunners.java:148)
	at io.cucumber.junit.FeatureRunner.runChild(FeatureRunner.java:144)
	at io.cucumber.junit.FeatureRunner.runChild(FeatureRunner.java:28)
	at org.junit.runners.ParentRunner$4.run(ParentRunner.java:331)
	at org.junit.runners.ParentRunner$1.schedule(ParentRunner.java:79)
	at org.junit.runners.ParentRunner.runChildren(ParentRunner.java:329)
	at org.junit.runners.ParentRunner.access$100(ParentRunner.java:66)
	at org.junit.runners.ParentRunner$2.evaluate(ParentRunner.java:293)
	at org.junit.runners.ParentRunner$3.evaluate(ParentRunner.java:306)
	at org.junit.runners.ParentRunner.run(ParentRunner.java:413)
	at io.cucumber.junit.FeatureRunner.run(FeatureRunner.java:137)
	at io.cucumber.junit.Cucumber.runChild(Cucumber.java:196)
	at io.cucumber.junit.Cucumber.runChild(Cucumber.java:89)
	at org.junit.runners.ParentRunner$4.run(ParentRunner.java:331)
	at org.junit.runners.ParentRunner$1.schedule(ParentRunner.java:79)
	at org.junit.runners.ParentRunner.runChildren(ParentRunner.java:329)
	at org.junit.runners.ParentRunner.access$100(ParentRunner.java:66)
	at org.junit.runners.ParentRunner$2.evaluate(ParentRunner.java:293)
	at io.cucumber.core.runtime.CucumberExecutionContext.lambda$runFeatures$6(CucumberExecutionContext.java:147)
	at io.cucumber.core.runtime.CucumberExecutionContext.execute(CucumberExecutionContext.java:162)
	at io.cucumber.core.runtime.CucumberExecutionContext.runFeatures(CucumberExecutionContext.java:145)
	at io.cucumber.junit.Cucumber$StartAndFinishTestRun.evaluate(Cucumber.java:226)
	at org.junit.runners.ParentRunner$3.evaluate(ParentRunner.java:306)
	at org.junit.runners.ParentRunner.run(ParentRunner.java:413)
	at org.apache.maven.surefire.junit4.JUnit4Provider.execute(JUnit4Provider.java:316)
	at org.apache.maven.surefire.junit4.JUnit4Provider.executeWithRerun(JUnit4Provider.java:240)
	at org.apache.maven.surefire.junit4.JUnit4Provider.executeTestSet(JUnit4Provider.java:214)
	at org.apache.maven.surefire.junit4.JUnit4Provider.invoke(JUnit4Provider.java:155)
	at org.apache.maven.surefire.booter.ForkedBooter.runSuitesInProcess(ForkedBooter.java:385)
	at org.apache.maven.surefire.booter.ForkedBooter.execute(ForkedBooter.java:162)
	at org.apache.maven.surefire.booter.ForkedBooter.run(ForkedBooter.java:507)
	at org.apache.maven.surefire.booter.ForkedBooter.main(ForkedBooter.java:495)
Caused by: java.io.IOException: Error while instrumenting java/net/http/WebSocket with JaCoCo 0.8.11.202310140853/f33756c.
	at org.jacoco.agent.rt.internal_4742761.core.instr.Instrumenter.instrumentError(Instrumenter.java:161)
	at org.jacoco.agent.rt.internal_4742761.core.instr.Instrumenter.instrument(Instrumenter.java:111)
	at org.jacoco.agent.rt.internal_4742761.CoverageTransformer.transform(CoverageTransformer.java:92)
	... 78 more
Caused by: java.lang.IllegalArgumentException: Unsupported class file major version 68
	at org.jacoco.agent.rt.internal_4742761.asm.ClassReader.<init>(ClassReader.java:200)
	at org.jacoco.agent.rt.internal_4742761.asm.ClassReader.<init>(ClassReader.java:180)
	at org.jacoco.agent.rt.internal_4742761.asm.ClassReader.<init>(ClassReader.java:166)
	at org.jacoco.agent.rt.internal_4742761.core.internal.instr.InstrSupport.classReaderFor(InstrSupport.java:280)
	at org.jacoco.agent.rt.internal_4742761.core.instr.Instrumenter.instrument(Instrumenter.java:77)
	at org.jacoco.agent.rt.internal_4742761.core.instr.Instrumenter.instrument(Instrumenter.java:109)
	... 79 more
java.lang.instrument.IllegalClassFormatException: Error while instrumenting jdk/internal/net/http/websocket/MessageStreamConsumer with JaCoCo 0.8.11.202310140853/f33756c.
	at org.jacoco.agent.rt.internal_4742761.CoverageTransformer.transform(CoverageTransformer.java:94)
	at java.instrument/java.lang.instrument.ClassFileTransformer.transform(ClassFileTransformer.java:257)
	at java.instrument/sun.instrument.TransformerManager.transform(TransformerManager.java:188)
	at java.instrument/sun.instrument.InstrumentationImpl.transform(InstrumentationImpl.java:594)
	at java.base/java.lang.ClassLoader.defineClass2(Native Method)
	at java.base/java.lang.ClassLoader.defineClass(ClassLoader.java:1052)
	at java.base/java.security.SecureClassLoader.defineClass(SecureClassLoader.java:164)
	at java.base/jdk.internal.loader.BuiltinClassLoader.defineClass(BuiltinClassLoader.java:735)
	at java.base/jdk.internal.loader.BuiltinClassLoader.findClassInModuleOrNull(BuiltinClassLoader.java:678)
	at java.base/jdk.internal.loader.BuiltinClassLoader.loadClassOrNull(BuiltinClassLoader.java:604)
	at java.base/jdk.internal.loader.BuiltinClassLoader.loadClass(BuiltinClassLoader.java:578)
	at java.base/java.lang.ClassLoader.loadClass(ClassLoader.java:490)
	at java.net.http/jdk.internal.net.http.websocket.BuilderImpl.buildAsync(BuilderImpl.java:120)
	at org.openqa.selenium.remote.http.jdk.JdkHttpClient.openSocket(JdkHttpClient.java:177)
	at org.openqa.selenium.devtools.Connection.<init>(Connection.java:89)
	at org.openqa.selenium.chromium.ChromiumDriver.lambda$new$3(ChromiumDriver.java:154)
	at java.base/java.util.Optional.map(Optional.java:260)
	at org.openqa.selenium.chromium.ChromiumDriver.<init>(ChromiumDriver.java:154)
	at org.openqa.selenium.chrome.ChromeDriver.<init>(ChromeDriver.java:88)
	at org.openqa.selenium.chrome.ChromeDriver.<init>(ChromeDriver.java:83)
	at org.openqa.selenium.chrome.ChromeDriver.<init>(ChromeDriver.java:51)
	at StepDefination.StepDef.setup1(StepDef.java:49)
	at java.base/jdk.internal.reflect.DirectMethodHandleAccessor.invoke(DirectMethodHandleAccessor.java:104)
	at java.base/java.lang.reflect.Method.invoke(Method.java:565)
	at io.cucumber.java.Invoker.doInvoke(Invoker.java:66)
	at io.cucumber.java.Invoker.invoke(Invoker.java:24)
	at io.cucumber.java.AbstractGlueDefinition.invokeMethod(AbstractGlueDefinition.java:47)
	at io.cucumber.java.JavaHookDefinition.execute(JavaHookDefinition.java:68)
	at io.cucumber.core.runner.CoreHookDefinition.execute(CoreHookDefinition.java:47)
	at io.cucumber.core.runner.HookDefinitionMatch.runStep(HookDefinitionMatch.java:21)
	at io.cucumber.core.runner.ExecutionMode$1.execute(ExecutionMode.java:10)
	at io.cucumber.core.runner.TestStep.executeStep(TestStep.java:81)
	at io.cucumber.core.runner.TestStep.run(TestStep.java:53)
	at io.cucumber.core.runner.TestCase.run(TestCase.java:80)
	at io.cucumber.core.runner.Runner.runPickle(Runner.java:77)
	at io.cucumber.junit.PickleRunners$NoStepDescriptions.lambda$run$0(PickleRunners.java:151)
	at io.cucumber.core.runtime.CucumberExecutionContext.lambda$runTestCase$5(CucumberExecutionContext.java:136)
	at io.cucumber.core.runtime.RethrowingThrowableCollector.executeAndThrow(RethrowingThrowableCollector.java:23)
	at io.cucumber.core.runtime.CucumberExecutionContext.runTestCase(CucumberExecutionContext.java:136)
	at io.cucumber.junit.PickleRunners$NoStepDescriptions.run(PickleRunners.java:148)
	at io.cucumber.junit.FeatureRunner.runChild(FeatureRunner.java:144)
	at io.cucumber.junit.FeatureRunner.runChild(FeatureRunner.java:28)
	at org.junit.runners.ParentRunner$4.run(ParentRunner.java:331)
	at org.junit.runners.ParentRunner$1.schedule(ParentRunner.java:79)
	at org.junit.runners.ParentRunner.runChildren(ParentRunner.java:329)
	at org.junit.runners.ParentRunner.access$100(ParentRunner.java:66)
	at org.junit.runners.ParentRunner$2.evaluate(ParentRunner.java:293)
	at org.junit.runners.ParentRunner$3.evaluate(ParentRunner.java:306)
	at org.junit.runners.ParentRunner.run(ParentRunner.java:413)
	at io.cucumber.junit.FeatureRunner.run(FeatureRunner.java:137)
	at io.cucumber.junit.Cucumber.runChild(Cucumber.java:196)
	at io.cucumber.junit.Cucumber.runChild(Cucumber.java:89)
	at org.junit.runners.ParentRunner$4.run(ParentRunner.java:331)
	at org.junit.runners.ParentRunner$1.schedule(ParentRunner.java:79)
	at org.junit.runners.ParentRunner.runChildren(ParentRunner.java:329)
	at org.junit.runners.ParentRunner.access$100(ParentRunner.java:66)
	at org.junit.runners.ParentRunner$2.evaluate(ParentRunner.java:293)
	at io.cucumber.core.runtime.CucumberExecutionContext.lambda$runFeatures$6(CucumberExecutionContext.java:147)
	at io.cucumber.core.runtime.CucumberExecutionContext.execute(CucumberExecutionContext.java:162)
	at io.cucumber.core.runtime.CucumberExecutionContext.runFeatures(CucumberExecutionContext.java:145)
	at io.cucumber.junit.Cucumber$StartAndFinishTestRun.evaluate(Cucumber.java:226)
	at org.junit.runners.ParentRunner$3.evaluate(ParentRunner.java:306)
	at org.junit.runners.ParentRunner.run(ParentRunner.java:413)
	at org.apache.maven.surefire.junit4.JUnit4Provider.execute(JUnit4Provider.java:316)
	at org.apache.maven.surefire.junit4.JUnit4Provider.executeWithRerun(JUnit4Provider.java:240)
	at org.apache.maven.surefire.junit4.JUnit4Provider.executeTestSet(JUnit4Provider.java:214)
	at org.apache.maven.surefire.junit4.JUnit4Provider.invoke(JUnit4Provider.java:155)
	at org.apache.maven.surefire.booter.ForkedBooter.runSuitesInProcess(ForkedBooter.java:385)
	at org.apache.maven.surefire.booter.ForkedBooter.execute(ForkedBooter.java:162)
	at org.apache.maven.surefire.booter.ForkedBooter.run(ForkedBooter.java:507)
	at org.apache.maven.surefire.booter.ForkedBooter.main(ForkedBooter.java:495)
Caused by: java.io.IOException: Error while instrumenting jdk/internal/net/http/websocket/MessageStreamConsumer with JaCoCo 0.8.11.202310140853/f33756c.
	at org.jacoco.agent.rt.internal_4742761.core.instr.Instrumenter.instrumentError(Instrumenter.java:161)
	at org.jacoco.agent.rt.internal_4742761.core.instr.Instrumenter.instrument(Instrumenter.java:111)
	at org.jacoco.agent.rt.internal_4742761.CoverageTransformer.transform(CoverageTransformer.java:92)
	... 70 more
Caused by: java.lang.IllegalArgumentException: Unsupported class file major version 68
	at org.jacoco.agent.rt.internal_4742761.asm.ClassReader.<init>(ClassReader.java:200)
	at org.jacoco.agent.rt.internal_4742761.asm.ClassReader.<init>(ClassReader.java:180)
	at org.jacoco.agent.rt.internal_4742761.asm.ClassReader.<init>(ClassReader.java:166)
	at org.jacoco.agent.rt.internal_4742761.core.internal.instr.InstrSupport.classReaderFor(InstrSupport.java:280)
	at org.jacoco.agent.rt.internal_4742761.core.instr.Instrumenter.instrument(Instrumenter.java:77)
	at org.jacoco.agent.rt.internal_4742761.core.instr.Instrumenter.instrument(Instrumenter.java:109)
	... 71 more
java.lang.instrument.IllegalClassFormatException: Error while instrumenting jdk/internal/net/http/websocket/OpeningHandshake$Result with JaCoCo 0.8.11.202310140853/f33756c.
	at org.jacoco.agent.rt.internal_4742761.CoverageTransformer.transform(CoverageTransformer.java:94)
	at java.instrument/java.lang.instrument.ClassFileTransformer.transform(ClassFileTransformer.java:257)
	at java.instrument/sun.instrument.TransformerManager.transform(TransformerManager.java:188)
	at java.instrument/sun.instrument.InstrumentationImpl.transform(InstrumentationImpl.java:594)
	at java.base/java.lang.ClassLoader.defineClass2(Native Method)
	at java.base/java.lang.ClassLoader.defineClass(ClassLoader.java:1052)
	at java.base/java.security.SecureClassLoader.defineClass(SecureClassLoader.java:164)
	at java.base/jdk.internal.loader.BuiltinClassLoader.defineClass(BuiltinClassLoader.java:735)
	at java.base/jdk.internal.loader.BuiltinClassLoader.findClassInModuleOrNull(BuiltinClassLoader.java:678)
	at java.base/jdk.internal.loader.BuiltinClassLoader.loadClassOrNull(BuiltinClassLoader.java:604)
	at java.base/jdk.internal.loader.BuiltinClassLoader.loadClass(BuiltinClassLoader.java:578)
	at java.base/java.lang.ClassLoader.loadClass(ClassLoader.java:490)
	at java.net.http/jdk.internal.net.http.websocket.WebSocketImpl.newInstanceAsync(WebSocketImpl.java:124)
	at java.net.http/jdk.internal.net.http.websocket.BuilderImpl.buildAsync(BuilderImpl.java:120)
	at org.openqa.selenium.remote.http.jdk.JdkHttpClient.openSocket(JdkHttpClient.java:177)
	at org.openqa.selenium.devtools.Connection.<init>(Connection.java:89)
	at org.openqa.selenium.chromium.ChromiumDriver.lambda$new$3(ChromiumDriver.java:154)
	at java.base/java.util.Optional.map(Optional.java:260)
	at org.openqa.selenium.chromium.ChromiumDriver.<init>(ChromiumDriver.java:154)
	at org.openqa.selenium.chrome.ChromeDriver.<init>(ChromeDriver.java:88)
	at org.openqa.selenium.chrome.ChromeDriver.<init>(ChromeDriver.java:83)
	at org.openqa.selenium.chrome.ChromeDriver.<init>(ChromeDriver.java:51)
	at StepDefination.StepDef.setup1(StepDef.java:49)
	at java.base/jdk.internal.reflect.DirectMethodHandleAccessor.invoke(DirectMethodHandleAccessor.java:104)
	at java.base/java.lang.reflect.Method.invoke(Method.java:565)
	at io.cucumber.java.Invoker.doInvoke(Invoker.java:66)
	at io.cucumber.java.Invoker.invoke(Invoker.java:24)
	at io.cucumber.java.AbstractGlueDefinition.invokeMethod(AbstractGlueDefinition.java:47)
	at io.cucumber.java.JavaHookDefinition.execute(JavaHookDefinition.java:68)
	at io.cucumber.core.runner.CoreHookDefinition.execute(CoreHookDefinition.java:47)
	at io.cucumber.core.runner.HookDefinitionMatch.runStep(HookDefinitionMatch.java:21)
	at io.cucumber.core.runner.ExecutionMode$1.execute(ExecutionMode.java:10)
	at io.cucumber.core.runner.TestStep.executeStep(TestStep.java:81)
	at io.cucumber.core.runner.TestStep.run(TestStep.java:53)
	at io.cucumber.core.runner.TestCase.run(TestCase.java:80)
	at io.cucumber.core.runner.Runner.runPickle(Runner.java:77)
	at io.cucumber.junit.PickleRunners$NoStepDescriptions.lambda$run$0(PickleRunners.java:151)
	at io.cucumber.core.runtime.CucumberExecutionContext.lambda$runTestCase$5(CucumberExecutionContext.java:136)
	at io.cucumber.core.runtime.RethrowingThrowableCollector.executeAndThrow(RethrowingThrowableCollector.java:23)
	at io.cucumber.core.runtime.CucumberExecutionContext.runTestCase(CucumberExecutionContext.java:136)
	at io.cucumber.junit.PickleRunners$NoStepDescriptions.run(PickleRunners.java:148)
	at io.cucumber.junit.FeatureRunner.runChild(FeatureRunner.java:144)
	at io.cucumber.junit.FeatureRunner.runChild(FeatureRunner.java:28)
	at org.junit.runners.ParentRunner$4.run(ParentRunner.java:331)
	at org.junit.runners.ParentRunner$1.schedule(ParentRunner.java:79)
	at org.junit.runners.ParentRunner.runChildren(ParentRunner.java:329)
	at org.junit.runners.ParentRunner.access$100(ParentRunner.java:66)
	at org.junit.runners.ParentRunner$2.evaluate(ParentRunner.java:293)
	at org.junit.runners.ParentRunner$3.evaluate(ParentRunner.java:306)
	at org.junit.runners.ParentRunner.run(ParentRunner.java:413)
	at io.cucumber.junit.FeatureRunner.run(FeatureRunner.java:137)
	at io.cucumber.junit.Cucumber.runChild(Cucumber.java:196)
	at io.cucumber.junit.Cucumber.runChild(Cucumber.java:89)
	at org.junit.runners.ParentRunner$4.run(ParentRunner.java:331)
	at org.junit.runners.ParentRunner$1.schedule(ParentRunner.java:79)
	at org.junit.runners.ParentRunner.runChildren(ParentRunner.java:329)
	at org.junit.runners.ParentRunner.access$100(ParentRunner.java:66)
	at org.junit.runners.ParentRunner$2.evaluate(ParentRunner.java:293)
	at io.cucumber.core.runtime.CucumberExecutionContext.lambda$runFeatures$6(CucumberExecutionContext.java:147)
	at io.cucumber.core.runtime.CucumberExecutionContext.execute(CucumberExecutionContext.java:162)
	at io.cucumber.core.runtime.CucumberExecutionContext.runFeatures(CucumberExecutionContext.java:145)
	at io.cucumber.junit.Cucumber$StartAndFinishTestRun.evaluate(Cucumber.java:226)
	at org.junit.runners.ParentRunner$3.evaluate(ParentRunner.java:306)
	at org.junit.runners.ParentRunner.run(ParentRunner.java:413)
	at org.apache.maven.surefire.junit4.JUnit4Provider.execute(JUnit4Provider.java:316)
	at org.apache.maven.surefire.junit4.JUnit4Provider.executeWithRerun(JUnit4Provider.java:240)
	at org.apache.maven.surefire.junit4.JUnit4Provider.executeTestSet(JUnit4Provider.java:214)
	at org.apache.maven.surefire.junit4.JUnit4Provider.invoke(JUnit4Provider.java:155)
	at org.apache.maven.surefire.booter.ForkedBooter.runSuitesInProcess(ForkedBooter.java:385)
	at org.apache.maven.surefire.booter.ForkedBooter.execute(ForkedBooter.java:162)
	at org.apache.maven.surefire.booter.ForkedBooter.run(ForkedBooter.java:507)
	at org.apache.maven.surefire.booter.ForkedBooter.main(ForkedBooter.java:495)
Caused by: java.io.IOException: Error while instrumenting jdk/internal/net/http/websocket/OpeningHandshake$Result with JaCoCo 0.8.11.202310140853/f33756c.
	at org.jacoco.agent.rt.internal_4742761.core.instr.Instrumenter.instrumentError(Instrumenter.java:161)
	at org.jacoco.agent.rt.internal_4742761.core.instr.Instrumenter.instrument(Instrumenter.java:111)
	at org.jacoco.agent.rt.internal_4742761.CoverageTransformer.transform(CoverageTransformer.java:92)
	... 71 more
Caused by: java.lang.IllegalArgumentException: Unsupported class file major version 68
	at org.jacoco.agent.rt.internal_4742761.asm.ClassReader.<init>(ClassReader.java:200)
	at org.jacoco.agent.rt.internal_4742761.asm.ClassReader.<init>(ClassReader.java:180)
	at org.jacoco.agent.rt.internal_4742761.asm.ClassReader.<init>(ClassReader.java:166)
	at org.jacoco.agent.rt.internal_4742761.core.internal.instr.InstrSupport.classReaderFor(InstrSupport.java:280)
	at org.jacoco.agent.rt.internal_4742761.core.instr.Instrumenter.instrument(Instrumenter.java:77)
	at org.jacoco.agent.rt.internal_4742761.core.instr.Instrumenter.instrument(Instrumenter.java:109)
	... 72 more
java.lang.instrument.IllegalClassFormatException: Error while instrumenting jdk/internal/net/http/websocket/OpeningHandshake with JaCoCo 0.8.11.202310140853/f33756c.
	at org.jacoco.agent.rt.internal_4742761.CoverageTransformer.transform(CoverageTransformer.java:94)
	at java.instrument/java.lang.instrument.ClassFileTransformer.transform(ClassFileTransformer.java:257)
	at java.instrument/sun.instrument.TransformerManager.transform(TransformerManager.java:188)
	at java.instrument/sun.instrument.InstrumentationImpl.transform(InstrumentationImpl.java:594)
	at java.base/java.lang.ClassLoader.defineClass2(Native Method)
	at java.base/java.lang.ClassLoader.defineClass(ClassLoader.java:1052)
	at java.base/java.security.SecureClassLoader.defineClass(SecureClassLoader.java:164)
	at java.base/jdk.internal.loader.BuiltinClassLoader.defineClass(BuiltinClassLoader.java:735)
	at java.base/jdk.internal.loader.BuiltinClassLoader.findClassInModuleOrNull(BuiltinClassLoader.java:678)
	at java.base/jdk.internal.loader.BuiltinClassLoader.loadClassOrNull(BuiltinClassLoader.java:604)
	at java.base/jdk.internal.loader.BuiltinClassLoader.loadClass(BuiltinClassLoader.java:578)
	at java.base/java.lang.ClassLoader.loadClass(ClassLoader.java:490)
	at java.net.http/jdk.internal.net.http.websocket.WebSocketImpl.newInstanceAsync(WebSocketImpl.java:139)
	at java.net.http/jdk.internal.net.http.websocket.BuilderImpl.buildAsync(BuilderImpl.java:120)
	at org.openqa.selenium.remote.http.jdk.JdkHttpClient.openSocket(JdkHttpClient.java:177)
	at org.openqa.selenium.devtools.Connection.<init>(Connection.java:89)
	at org.openqa.selenium.chromium.ChromiumDriver.lambda$new$3(ChromiumDriver.java:154)
	at java.base/java.util.Optional.map(Optional.java:260)
	at org.openqa.selenium.chromium.ChromiumDriver.<init>(ChromiumDriver.java:154)
	at org.openqa.selenium.chrome.ChromeDriver.<init>(ChromeDriver.java:88)
	at org.openqa.selenium.chrome.ChromeDriver.<init>(ChromeDriver.java:83)
	at org.openqa.selenium.chrome.ChromeDriver.<init>(ChromeDriver.java:51)
	at StepDefination.StepDef.setup1(StepDef.java:49)
	at java.base/jdk.internal.reflect.DirectMethodHandleAccessor.invoke(DirectMethodHandleAccessor.java:104)
	at java.base/java.lang.reflect.Method.invoke(Method.java:565)
	at io.cucumber.java.Invoker.doInvoke(Invoker.java:66)
	at io.cucumber.java.Invoker.invoke(Invoker.java:24)
	at io.cucumber.java.AbstractGlueDefinition.invokeMethod(AbstractGlueDefinition.java:47)
	at io.cucumber.java.JavaHookDefinition.execute(JavaHookDefinition.java:68)
	at io.cucumber.core.runner.CoreHookDefinition.execute(CoreHookDefinition.java:47)
	at io.cucumber.core.runner.HookDefinitionMatch.runStep(HookDefinitionMatch.java:21)
	at io.cucumber.core.runner.ExecutionMode$1.execute(ExecutionMode.java:10)
	at io.cucumber.core.runner.TestStep.executeStep(TestStep.java:81)
	at io.cucumber.core.runner.TestStep.run(TestStep.java:53)
	at io.cucumber.core.runner.TestCase.run(TestCase.java:80)
	at io.cucumber.core.runner.Runner.runPickle(Runner.java:77)
	at io.cucumber.junit.PickleRunners$NoStepDescriptions.lambda$run$0(PickleRunners.java:151)
	at io.cucumber.core.runtime.CucumberExecutionContext.lambda$runTestCase$5(CucumberExecutionContext.java:136)
	at io.cucumber.core.runtime.RethrowingThrowableCollector.executeAndThrow(RethrowingThrowableCollector.java:23)
	at io.cucumber.core.runtime.CucumberExecutionContext.runTestCase(CucumberExecutionContext.java:136)
	at io.cucumber.junit.PickleRunners$NoStepDescriptions.run(PickleRunners.java:148)
	at io.cucumber.junit.FeatureRunner.runChild(FeatureRunner.java:144)
	at io.cucumber.junit.FeatureRunner.runChild(FeatureRunner.java:28)
	at org.junit.runners.ParentRunner$4.run(ParentRunner.java:331)
	at org.junit.runners.ParentRunner$1.schedule(ParentRunner.java:79)
	at org.junit.runners.ParentRunner.runChildren(ParentRunner.java:329)
	at org.junit.runners.ParentRunner.access$100(ParentRunner.java:66)
	at org.junit.runners.ParentRunner$2.evaluate(ParentRunner.java:293)
	at org.junit.runners.ParentRunner$3.evaluate(ParentRunner.java:306)
	at org.junit.runners.ParentRunner.run(ParentRunner.java:413)
	at io.cucumber.junit.FeatureRunner.run(FeatureRunner.java:137)
	at io.cucumber.junit.Cucumber.runChild(Cucumber.java:196)
	at io.cucumber.junit.Cucumber.runChild(Cucumber.java:89)
	at org.junit.runners.ParentRunner$4.run(ParentRunner.java:331)
	at org.junit.runners.ParentRunner$1.schedule(ParentRunner.java:79)
	at org.junit.runners.ParentRunner.runChildren(ParentRunner.java:329)
	at org.junit.runners.ParentRunner.access$100(ParentRunner.java:66)
	at org.junit.runners.ParentRunner$2.evaluate(ParentRunner.java:293)
	at io.cucumber.core.runtime.CucumberExecutionContext.lambda$runFeatures$6(CucumberExecutionContext.java:147)
	at io.cucumber.core.runtime.CucumberExecutionContext.execute(CucumberExecutionContext.java:162)
	at io.cucumber.core.runtime.CucumberExecutionContext.runFeatures(CucumberExecutionContext.java:145)
	at io.cucumber.junit.Cucumber$StartAndFinishTestRun.evaluate(Cucumber.java:226)
	at org.junit.runners.ParentRunner$3.evaluate(ParentRunner.java:306)
	at org.junit.runners.ParentRunner.run(ParentRunner.java:413)
	at org.apache.maven.surefire.junit4.JUnit4Provider.execute(JUnit4Provider.java:316)
	at org.apache.maven.surefire.junit4.JUnit4Provider.executeWithRerun(JUnit4Provider.java:240)
	at org.apache.maven.surefire.junit4.JUnit4Provider.executeTestSet(JUnit4Provider.java:214)
	at org.apache.maven.surefire.junit4.JUnit4Provider.invoke(JUnit4Provider.java:155)
	at org.apache.maven.surefire.booter.ForkedBooter.runSuitesInProcess(ForkedBooter.java:385)
	at org.apache.maven.surefire.booter.ForkedBooter.execute(ForkedBooter.java:162)
	at org.apache.maven.surefire.booter.ForkedBooter.run(ForkedBooter.java:507)
	at org.apache.maven.surefire.booter.ForkedBooter.main(ForkedBooter.java:495)
Caused by: java.io.IOException: Error while instrumenting jdk/internal/net/http/websocket/OpeningHandshake with JaCoCo 0.8.11.202310140853/f33756c.
	at org.jacoco.agent.rt.internal_4742761.core.instr.Instrumenter.instrumentError(Instrumenter.java:161)
	at org.jacoco.agent.rt.internal_4742761.core.instr.Instrumenter.instrument(Instrumenter.java:111)
	at org.jacoco.agent.rt.internal_4742761.CoverageTransformer.transform(CoverageTransformer.java:92)
	... 71 more
Caused by: java.lang.IllegalArgumentException: Unsupported class file major version 68
	at org.jacoco.agent.rt.internal_4742761.asm.ClassReader.<init>(ClassReader.java:200)
	at org.jacoco.agent.rt.internal_4742761.asm.ClassReader.<init>(ClassReader.java:180)
	at org.jacoco.agent.rt.internal_4742761.asm.ClassReader.<init>(ClassReader.java:166)
	at org.jacoco.agent.rt.internal_4742761.core.internal.instr.InstrSupport.classReaderFor(InstrSupport.java:280)
	at org.jacoco.agent.rt.internal_4742761.core.instr.Instrumenter.instrument(Instrumenter.java:77)
	at org.jacoco.agent.rt.internal_4742761.core.instr.Instrumenter.instrument(Instrumenter.java:109)
	... 72 more
java.lang.instrument.IllegalClassFormatException: Error while instrumenting jdk/internal/net/http/websocket/CheckFailedException with JaCoCo 0.8.11.202310140853/f33756c.
	at org.jacoco.agent.rt.internal_4742761.CoverageTransformer.transform(CoverageTransformer.java:94)
	at java.instrument/java.lang.instrument.ClassFileTransformer.transform(ClassFileTransformer.java:257)
	at java.instrument/sun.instrument.TransformerManager.transform(TransformerManager.java:188)
	at java.instrument/sun.instrument.InstrumentationImpl.transform(InstrumentationImpl.java:594)
	at java.base/java.lang.ClassLoader.defineClass2(Native Method)
	at java.base/java.lang.ClassLoader.defineClass(ClassLoader.java:1052)
	at java.base/java.security.SecureClassLoader.defineClass(SecureClassLoader.java:164)
	at java.base/jdk.internal.loader.BuiltinClassLoader.defineClass(BuiltinClassLoader.java:735)
	at java.base/jdk.internal.loader.BuiltinClassLoader.findClassInModuleOrNull(BuiltinClassLoader.java:678)
	at java.base/jdk.internal.loader.BuiltinClassLoader.loadClassOrNull(BuiltinClassLoader.java:604)
	at java.base/jdk.internal.loader.BuiltinClassLoader.loadClass(BuiltinClassLoader.java:578)
	at java.base/java.lang.ClassLoader.loadClass(ClassLoader.java:490)
	at java.net.http/jdk.internal.net.http.websocket.WebSocketImpl.newInstanceAsync(WebSocketImpl.java:139)
	at java.net.http/jdk.internal.net.http.websocket.BuilderImpl.buildAsync(BuilderImpl.java:120)
	at org.openqa.selenium.remote.http.jdk.JdkHttpClient.openSocket(JdkHttpClient.java:177)
	at org.openqa.selenium.devtools.Connection.<init>(Connection.java:89)
	at org.openqa.selenium.chromium.ChromiumDriver.lambda$new$3(ChromiumDriver.java:154)
	at java.base/java.util.Optional.map(Optional.java:260)
	at org.openqa.selenium.chromium.ChromiumDriver.<init>(ChromiumDriver.java:154)
	at org.openqa.selenium.chrome.ChromeDriver.<init>(ChromeDriver.java:88)
	at org.openqa.selenium.chrome.ChromeDriver.<init>(ChromeDriver.java:83)
	at org.openqa.selenium.chrome.ChromeDriver.<init>(ChromeDriver.java:51)
	at StepDefination.StepDef.setup1(StepDef.java:49)
	at java.base/jdk.internal.reflect.DirectMethodHandleAccessor.invoke(DirectMethodHandleAccessor.java:104)
	at java.base/java.lang.reflect.Method.invoke(Method.java:565)
	at io.cucumber.java.Invoker.doInvoke(Invoker.java:66)
	at io.cucumber.java.Invoker.invoke(Invoker.java:24)
	at io.cucumber.java.AbstractGlueDefinition.invokeMethod(AbstractGlueDefinition.java:47)
	at io.cucumber.java.JavaHookDefinition.execute(JavaHookDefinition.java:68)
	at io.cucumber.core.runner.CoreHookDefinition.execute(CoreHookDefinition.java:47)
	at io.cucumber.core.runner.HookDefinitionMatch.runStep(HookDefinitionMatch.java:21)
	at io.cucumber.core.runner.ExecutionMode$1.execute(ExecutionMode.java:10)
	at io.cucumber.core.runner.TestStep.executeStep(TestStep.java:81)
	at io.cucumber.core.runner.TestStep.run(TestStep.java:53)
	at io.cucumber.core.runner.TestCase.run(TestCase.java:80)
	at io.cucumber.core.runner.Runner.runPickle(Runner.java:77)
	at io.cucumber.junit.PickleRunners$NoStepDescriptions.lambda$run$0(PickleRunners.java:151)
	at io.cucumber.core.runtime.CucumberExecutionContext.lambda$runTestCase$5(CucumberExecutionContext.java:136)
	at io.cucumber.core.runtime.RethrowingThrowableCollector.executeAndThrow(RethrowingThrowableCollector.java:23)
	at io.cucumber.core.runtime.CucumberExecutionContext.runTestCase(CucumberExecutionContext.java:136)
	at io.cucumber.junit.PickleRunners$NoStepDescriptions.run(PickleRunners.java:148)
	at io.cucumber.junit.FeatureRunner.runChild(FeatureRunner.java:144)
	at io.cucumber.junit.FeatureRunner.runChild(FeatureRunner.java:28)
	at org.junit.runners.ParentRunner$4.run(ParentRunner.java:331)
	at org.junit.runners.ParentRunner$1.schedule(ParentRunner.java:79)
	at org.junit.runners.ParentRunner.runChildren(ParentRunner.java:329)
	at org.junit.runners.ParentRunner.access$100(ParentRunner.java:66)
	at org.junit.runners.ParentRunner$2.evaluate(ParentRunner.java:293)
	at org.junit.runners.ParentRunner$3.evaluate(ParentRunner.java:306)
	at org.junit.runners.ParentRunner.run(ParentRunner.java:413)
	at io.cucumber.junit.FeatureRunner.run(FeatureRunner.java:137)
	at io.cucumber.junit.Cucumber.runChild(Cucumber.java:196)
	at io.cucumber.junit.Cucumber.runChild(Cucumber.java:89)
	at org.junit.runners.ParentRunner$4.run(ParentRunner.java:331)
	at org.junit.runners.ParentRunner$1.schedule(ParentRunner.java:79)
	at org.junit.runners.ParentRunner.runChildren(ParentRunner.java:329)
	at org.junit.runners.ParentRunner.access$100(ParentRunner.java:66)
	at org.junit.runners.ParentRunner$2.evaluate(ParentRunner.java:293)
	at io.cucumber.core.runtime.CucumberExecutionContext.lambda$runFeatures$6(CucumberExecutionContext.java:147)
	at io.cucumber.core.runtime.CucumberExecutionContext.execute(CucumberExecutionContext.java:162)
	at io.cucumber.core.runtime.CucumberExecutionContext.runFeatures(CucumberExecutionContext.java:145)
	at io.cucumber.junit.Cucumber$StartAndFinishTestRun.evaluate(Cucumber.java:226)
	at org.junit.runners.ParentRunner$3.evaluate(ParentRunner.java:306)
	at org.junit.runners.ParentRunner.run(ParentRunner.java:413)
	at org.apache.maven.surefire.junit4.JUnit4Provider.execute(JUnit4Provider.java:316)
	at org.apache.maven.surefire.junit4.JUnit4Provider.executeWithRerun(JUnit4Provider.java:240)
	at org.apache.maven.surefire.junit4.JUnit4Provider.executeTestSet(JUnit4Provider.java:214)
	at org.apache.maven.surefire.junit4.JUnit4Provider.invoke(JUnit4Provider.java:155)
	at org.apache.maven.surefire.booter.ForkedBooter.runSuitesInProcess(ForkedBooter.java:385)
	at org.apache.maven.surefire.booter.ForkedBooter.execute(ForkedBooter.java:162)
	at org.apache.maven.surefire.booter.ForkedBooter.run(ForkedBooter.java:507)
	at org.apache.maven.surefire.booter.ForkedBooter.main(ForkedBooter.java:495)
Caused by: java.io.IOException: Error while instrumenting jdk/internal/net/http/websocket/CheckFailedException with JaCoCo 0.8.11.202310140853/f33756c.
	at org.jacoco.agent.rt.internal_4742761.core.instr.Instrumenter.instrumentError(Instrumenter.java:161)
	at org.jacoco.agent.rt.internal_4742761.core.instr.Instrumenter.instrument(Instrumenter.java:111)
	at org.jacoco.agent.rt.internal_4742761.CoverageTransformer.transform(CoverageTransformer.java:92)
	... 71 more
Caused by: java.lang.IllegalArgumentException: Unsupported class file major version 68
	at org.jacoco.agent.rt.internal_4742761.asm.ClassReader.<init>(ClassReader.java:200)
	at org.jacoco.agent.rt.internal_4742761.asm.ClassReader.<init>(ClassReader.java:180)
	at org.jacoco.agent.rt.internal_4742761.asm.ClassReader.<init>(ClassReader.java:166)
	at org.jacoco.agent.rt.internal_4742761.core.internal.instr.InstrSupport.classReaderFor(InstrSupport.java:280)
	at org.jacoco.agent.rt.internal_4742761.core.instr.Instrumenter.instrument(Instrumenter.java:77)
	at org.jacoco.agent.rt.internal_4742761.core.instr.Instrumenter.instrument(Instrumenter.java:109)
	... 72 more
java.lang.instrument.IllegalClassFormatException: Error while instrumenting jdk/internal/net/http/websocket/TransportFactory with JaCoCo 0.8.11.202310140853/f33756c.
	at org.jacoco.agent.rt.internal_4742761.CoverageTransformer.transform(CoverageTransformer.java:94)
	at java.instrument/java.lang.instrument.ClassFileTransformer.transform(ClassFileTransformer.java:257)
	at java.instrument/sun.instrument.TransformerManager.transform(TransformerManager.java:188)
	at java.instrument/sun.instrument.InstrumentationImpl.transform(InstrumentationImpl.java:594)
	at java.base/java.lang.ClassLoader.defineClass2(Native Method)
	at java.base/java.lang.ClassLoader.defineClass(ClassLoader.java:1052)
	at java.base/java.security.SecureClassLoader.defineClass(SecureClassLoader.java:164)
	at java.base/jdk.internal.loader.BuiltinClassLoader.defineClass(BuiltinClassLoader.java:735)
	at java.base/jdk.internal.loader.BuiltinClassLoader.findClassInModuleOrNull(BuiltinClassLoader.java:678)
	at java.base/jdk.internal.loader.BuiltinClassLoader.loadClassOrNull(BuiltinClassLoader.java:604)
	at java.base/jdk.internal.loader.BuiltinClassLoader.loadClass(BuiltinClassLoader.java:578)
	at java.base/java.lang.ClassLoader.loadClass(ClassLoader.java:490)
	at java.net.http/jdk.internal.net.http.websocket.WebSocketImpl.newInstanceAsync(WebSocketImpl.java:139)
	at java.net.http/jdk.internal.net.http.websocket.BuilderImpl.buildAsync(BuilderImpl.java:120)
	at org.openqa.selenium.remote.http.jdk.JdkHttpClient.openSocket(JdkHttpClient.java:177)
	at org.openqa.selenium.devtools.Connection.<init>(Connection.java:89)
	at org.openqa.selenium.chromium.ChromiumDriver.lambda$new$3(ChromiumDriver.java:154)
	at java.base/java.util.Optional.map(Optional.java:260)
	at org.openqa.selenium.chromium.ChromiumDriver.<init>(ChromiumDriver.java:154)
	at org.openqa.selenium.chrome.ChromeDriver.<init>(ChromeDriver.java:88)
	at org.openqa.selenium.chrome.ChromeDriver.<init>(ChromeDriver.java:83)
	at org.openqa.selenium.chrome.ChromeDriver.<init>(ChromeDriver.java:51)
	at StepDefination.StepDef.setup1(StepDef.java:49)
	at java.base/jdk.internal.reflect.DirectMethodHandleAccessor.invoke(DirectMethodHandleAccessor.java:104)
	at java.base/java.lang.reflect.Method.invoke(Method.java:565)
	at io.cucumber.java.Invoker.doInvoke(Invoker.java:66)
	at io.cucumber.java.Invoker.invoke(Invoker.java:24)
	at io.cucumber.java.AbstractGlueDefinition.invokeMethod(AbstractGlueDefinition.java:47)
	at io.cucumber.java.JavaHookDefinition.execute(JavaHookDefinition.java:68)
	at io.cucumber.core.runner.CoreHookDefinition.execute(CoreHookDefinition.java:47)
	at io.cucumber.core.runner.HookDefinitionMatch.runStep(HookDefinitionMatch.java:21)
	at io.cucumber.core.runner.ExecutionMode$1.execute(ExecutionMode.java:10)
	at io.cucumber.core.runner.TestStep.executeStep(TestStep.java:81)
	at io.cucumber.core.runner.TestStep.run(TestStep.java:53)
	at io.cucumber.core.runner.TestCase.run(TestCase.java:80)
	at io.cucumber.core.runner.Runner.runPickle(Runner.java:77)
	at io.cucumber.junit.PickleRunners$NoStepDescriptions.lambda$run$0(PickleRunners.java:151)
	at io.cucumber.core.runtime.CucumberExecutionContext.lambda$runTestCase$5(CucumberExecutionContext.java:136)
	at io.cucumber.core.runtime.RethrowingThrowableCollector.executeAndThrow(RethrowingThrowableCollector.java:23)
	at io.cucumber.core.runtime.CucumberExecutionContext.runTestCase(CucumberExecutionContext.java:136)
	at io.cucumber.junit.PickleRunners$NoStepDescriptions.run(PickleRunners.java:148)
	at io.cucumber.junit.FeatureRunner.runChild(FeatureRunner.java:144)
	at io.cucumber.junit.FeatureRunner.runChild(FeatureRunner.java:28)
	at org.junit.runners.ParentRunner$4.run(ParentRunner.java:331)
	at org.junit.runners.ParentRunner$1.schedule(ParentRunner.java:79)
	at org.junit.runners.ParentRunner.runChildren(ParentRunner.java:329)
	at org.junit.runners.ParentRunner.access$100(ParentRunner.java:66)
	at org.junit.runners.ParentRunner$2.evaluate(ParentRunner.java:293)
	at org.junit.runners.ParentRunner$3.evaluate(ParentRunner.java:306)
	at org.junit.runners.ParentRunner.run(ParentRunner.java:413)
	at io.cucumber.junit.FeatureRunner.run(FeatureRunner.java:137)
	at io.cucumber.junit.Cucumber.runChild(Cucumber.java:196)
	at io.cucumber.junit.Cucumber.runChild(Cucumber.java:89)
	at org.junit.runners.ParentRunner$4.run(ParentRunner.java:331)
	at org.junit.runners.ParentRunner$1.schedule(ParentRunner.java:79)
	at org.junit.runners.ParentRunner.runChildren(ParentRunner.java:329)
	at org.junit.runners.ParentRunner.access$100(ParentRunner.java:66)
	at org.junit.runners.ParentRunner$2.evaluate(ParentRunner.java:293)
	at io.cucumber.core.runtime.CucumberExecutionContext.lambda$runFeatures$6(CucumberExecutionContext.java:147)
	at io.cucumber.core.runtime.CucumberExecutionContext.execute(CucumberExecutionContext.java:162)
	at io.cucumber.core.runtime.CucumberExecutionContext.runFeatures(CucumberExecutionContext.java:145)
	at io.cucumber.junit.Cucumber$StartAndFinishTestRun.evaluate(Cucumber.java:226)
	at org.junit.runners.ParentRunner$3.evaluate(ParentRunner.java:306)
	at org.junit.runners.ParentRunner.run(ParentRunner.java:413)
	at org.apache.maven.surefire.junit4.JUnit4Provider.execute(JUnit4Provider.java:316)
	at org.apache.maven.surefire.junit4.JUnit4Provider.executeWithRerun(JUnit4Provider.java:240)
	at org.apache.maven.surefire.junit4.JUnit4Provider.executeTestSet(JUnit4Provider.java:214)
	at org.apache.maven.surefire.junit4.JUnit4Provider.invoke(JUnit4Provider.java:155)
	at org.apache.maven.surefire.booter.ForkedBooter.runSuitesInProcess(ForkedBooter.java:385)
	at org.apache.maven.surefire.booter.ForkedBooter.execute(ForkedBooter.java:162)
	at org.apache.maven.surefire.booter.ForkedBooter.run(ForkedBooter.java:507)
	at org.apache.maven.surefire.booter.ForkedBooter.main(ForkedBooter.java:495)
Caused by: java.io.IOException: Error while instrumenting jdk/internal/net/http/websocket/TransportFactory with JaCoCo 0.8.11.202310140853/f33756c.
	at org.jacoco.agent.rt.internal_4742761.core.instr.Instrumenter.instrumentError(Instrumenter.java:161)
	at org.jacoco.agent.rt.internal_4742761.core.instr.Instrumenter.instrument(Instrumenter.java:111)
	at org.jacoco.agent.rt.internal_4742761.CoverageTransformer.transform(CoverageTransformer.java:92)
	... 71 more
Caused by: java.lang.IllegalArgumentException: Unsupported class file major version 68
	at org.jacoco.agent.rt.internal_4742761.asm.ClassReader.<init>(ClassReader.java:200)
	at org.jacoco.agent.rt.internal_4742761.asm.ClassReader.<init>(ClassReader.java:180)
	at org.jacoco.agent.rt.internal_4742761.asm.ClassReader.<init>(ClassReader.java:166)
	at org.jacoco.agent.rt.internal_4742761.core.internal.instr.InstrSupport.classReaderFor(InstrSupport.java:280)
	at org.jacoco.agent.rt.internal_4742761.core.instr.Instrumenter.instrument(Instrumenter.java:77)
	at org.jacoco.agent.rt.internal_4742761.core.instr.Instrumenter.instrument(Instrumenter.java:109)
	... 72 more
java.lang.instrument.IllegalClassFormatException: Error while instrumenting java/net/http/WebSocketHandshakeException with JaCoCo 0.8.11.202310140853/f33756c.
	at org.jacoco.agent.rt.internal_4742761.CoverageTransformer.transform(CoverageTransformer.java:94)
	at java.instrument/java.lang.instrument.ClassFileTransformer.transform(ClassFileTransformer.java:257)
	at java.instrument/sun.instrument.TransformerManager.transform(TransformerManager.java:188)
	at java.instrument/sun.instrument.InstrumentationImpl.transform(InstrumentationImpl.java:594)
	at java.base/java.lang.ClassLoader.defineClass2(Native Method)
	at java.base/java.lang.ClassLoader.defineClass(ClassLoader.java:1052)
	at java.base/java.security.SecureClassLoader.defineClass(SecureClassLoader.java:164)
	at java.base/jdk.internal.loader.BuiltinClassLoader.defineClass(BuiltinClassLoader.java:735)
	at java.base/jdk.internal.loader.BuiltinClassLoader.findClassInModuleOrNull(BuiltinClassLoader.java:678)
	at java.base/jdk.internal.loader.BuiltinClassLoader.loadClassOrNull(BuiltinClassLoader.java:604)
	at java.base/jdk.internal.loader.BuiltinClassLoader.loadClass(BuiltinClassLoader.java:578)
	at java.base/java.lang.ClassLoader.loadClass(ClassLoader.java:490)
	at java.net.http/jdk.internal.net.http.websocket.WebSocketImpl.newInstanceAsync(WebSocketImpl.java:139)
	at java.net.http/jdk.internal.net.http.websocket.BuilderImpl.buildAsync(BuilderImpl.java:120)
	at org.openqa.selenium.remote.http.jdk.JdkHttpClient.openSocket(JdkHttpClient.java:177)
	at org.openqa.selenium.devtools.Connection.<init>(Connection.java:89)
	at org.openqa.selenium.chromium.ChromiumDriver.lambda$new$3(ChromiumDriver.java:154)
	at java.base/java.util.Optional.map(Optional.java:260)
	at org.openqa.selenium.chromium.ChromiumDriver.<init>(ChromiumDriver.java:154)
	at org.openqa.selenium.chrome.ChromeDriver.<init>(ChromeDriver.java:88)
	at org.openqa.selenium.chrome.ChromeDriver.<init>(ChromeDriver.java:83)
	at org.openqa.selenium.chrome.ChromeDriver.<init>(ChromeDriver.java:51)
	at StepDefination.StepDef.setup1(StepDef.java:49)
	at java.base/jdk.internal.reflect.DirectMethodHandleAccessor.invoke(DirectMethodHandleAccessor.java:104)
	at java.base/java.lang.reflect.Method.invoke(Method.java:565)
	at io.cucumber.java.Invoker.doInvoke(Invoker.java:66)
	at io.cucumber.java.Invoker.invoke(Invoker.java:24)
	at io.cucumber.java.AbstractGlueDefinition.invokeMethod(AbstractGlueDefinition.java:47)
	at io.cucumber.java.JavaHookDefinition.execute(JavaHookDefinition.java:68)
	at io.cucumber.core.runner.CoreHookDefinition.execute(CoreHookDefinition.java:47)
	at io.cucumber.core.runner.HookDefinitionMatch.runStep(HookDefinitionMatch.java:21)
	at io.cucumber.core.runner.ExecutionMode$1.execute(ExecutionMode.java:10)
	at io.cucumber.core.runner.TestStep.executeStep(TestStep.java:81)
	at io.cucumber.core.runner.TestStep.run(TestStep.java:53)
	at io.cucumber.core.runner.TestCase.run(TestCase.java:80)
	at io.cucumber.core.runner.Runner.runPickle(Runner.java:77)
	at io.cucumber.junit.PickleRunners$NoStepDescriptions.lambda$run$0(PickleRunners.java:151)
	at io.cucumber.core.runtime.CucumberExecutionContext.lambda$runTestCase$5(CucumberExecutionContext.java:136)
	at io.cucumber.core.runtime.RethrowingThrowableCollector.executeAndThrow(RethrowingThrowableCollector.java:23)
	at io.cucumber.core.runtime.CucumberExecutionContext.runTestCase(CucumberExecutionContext.java:136)
	at io.cucumber.junit.PickleRunners$NoStepDescriptions.run(PickleRunners.java:148)
	at io.cucumber.junit.FeatureRunner.runChild(FeatureRunner.java:144)
	at io.cucumber.junit.FeatureRunner.runChild(FeatureRunner.java:28)
	at org.junit.runners.ParentRunner$4.run(ParentRunner.java:331)
	at org.junit.runners.ParentRunner$1.schedule(ParentRunner.java:79)
	at org.junit.runners.ParentRunner.runChildren(ParentRunner.java:329)
	at org.junit.runners.ParentRunner.access$100(ParentRunner.java:66)
	at org.junit.runners.ParentRunner$2.evaluate(ParentRunner.java:293)
	at org.junit.runners.ParentRunner$3.evaluate(ParentRunner.java:306)
	at org.junit.runners.ParentRunner.run(ParentRunner.java:413)
	at io.cucumber.junit.FeatureRunner.run(FeatureRunner.java:137)
	at io.cucumber.junit.Cucumber.runChild(Cucumber.java:196)
	at io.cucumber.junit.Cucumber.runChild(Cucumber.java:89)
	at org.junit.runners.ParentRunner$4.run(ParentRunner.java:331)
	at org.junit.runners.ParentRunner$1.schedule(ParentRunner.java:79)
	at org.junit.runners.ParentRunner.runChildren(ParentRunner.java:329)
	at org.junit.runners.ParentRunner.access$100(ParentRunner.java:66)
	at org.junit.runners.ParentRunner$2.evaluate(ParentRunner.java:293)
	at io.cucumber.core.runtime.CucumberExecutionContext.lambda$runFeatures$6(CucumberExecutionContext.java:147)
	at io.cucumber.core.runtime.CucumberExecutionContext.execute(CucumberExecutionContext.java:162)
	at io.cucumber.core.runtime.CucumberExecutionContext.runFeatures(CucumberExecutionContext.java:145)
	at io.cucumber.junit.Cucumber$StartAndFinishTestRun.evaluate(Cucumber.java:226)
	at org.junit.runners.ParentRunner$3.evaluate(ParentRunner.java:306)
	at org.junit.runners.ParentRunner.run(ParentRunner.java:413)
	at org.apache.maven.surefire.junit4.JUnit4Provider.execute(JUnit4Provider.java:316)
	at org.apache.maven.surefire.junit4.JUnit4Provider.executeWithRerun(JUnit4Provider.java:240)
	at org.apache.maven.surefire.junit4.JUnit4Provider.executeTestSet(JUnit4Provider.java:214)
	at org.apache.maven.surefire.junit4.JUnit4Provider.invoke(JUnit4Provider.java:155)
	at org.apache.maven.surefire.booter.ForkedBooter.runSuitesInProcess(ForkedBooter.java:385)
	at org.apache.maven.surefire.booter.ForkedBooter.execute(ForkedBooter.java:162)
	at org.apache.maven.surefire.booter.ForkedBooter.run(ForkedBooter.java:507)
	at org.apache.maven.surefire.booter.ForkedBooter.main(ForkedBooter.java:495)
Caused by: java.io.IOException: Error while instrumenting java/net/http/WebSocketHandshakeException with JaCoCo 0.8.11.202310140853/f33756c.
	at org.jacoco.agent.rt.internal_4742761.core.instr.Instrumenter.instrumentError(Instrumenter.java:161)
	at org.jacoco.agent.rt.internal_4742761.core.instr.Instrumenter.instrument(Instrumenter.java:111)
	at org.jacoco.agent.rt.internal_4742761.CoverageTransformer.transform(CoverageTransformer.java:92)
	... 71 more
Caused by: java.lang.IllegalArgumentException: Unsupported class file major version 68
	at org.jacoco.agent.rt.internal_4742761.asm.ClassReader.<init>(ClassReader.java:200)
	at org.jacoco.agent.rt.internal_4742761.asm.ClassReader.<init>(ClassReader.java:180)
	at org.jacoco.agent.rt.internal_4742761.asm.ClassReader.<init>(ClassReader.java:166)
	at org.jacoco.agent.rt.internal_4742761.core.internal.instr.InstrSupport.classReaderFor(InstrSupport.java:280)
	at org.jacoco.agent.rt.internal_4742761.core.instr.Instrumenter.instrument(Instrumenter.java:77)
	at org.jacoco.agent.rt.internal_4742761.core.instr.Instrumenter.instrument(Instrumenter.java:109)
	... 72 more
java.lang.instrument.IllegalClassFormatException: Error while instrumenting jdk/internal/net/http/RawChannelTube with JaCoCo 0.8.11.202310140853/f33756c.
	at org.jacoco.agent.rt.internal_4742761.CoverageTransformer.transform(CoverageTransformer.java:94)
	at java.instrument/java.lang.instrument.ClassFileTransformer.transform(ClassFileTransformer.java:257)
	at java.instrument/sun.instrument.TransformerManager.transform(TransformerManager.java:188)
	at java.instrument/sun.instrument.InstrumentationImpl.transform(InstrumentationImpl.java:594)
	at java.base/java.lang.ClassLoader.defineClass2(Native Method)
	at java.base/java.lang.ClassLoader.defineClass(ClassLoader.java:1052)
	at java.base/java.security.SecureClassLoader.defineClass(SecureClassLoader.java:164)
	at java.base/jdk.internal.loader.BuiltinClassLoader.defineClass(BuiltinClassLoader.java:735)
	at java.base/jdk.internal.loader.BuiltinClassLoader.findClassInModuleOrNull(BuiltinClassLoader.java:678)
	at java.base/jdk.internal.loader.BuiltinClassLoader.loadClassOrNull(BuiltinClassLoader.java:604)
	at java.base/jdk.internal.loader.BuiltinClassLoader.loadClass(BuiltinClassLoader.java:578)
	at java.base/java.lang.ClassLoader.loadClass(ClassLoader.java:490)
	at java.net.http/jdk.internal.net.http.HttpResponseImpl$RawChannelProvider.rawChannel0(HttpResponseImpl.java:221)
	at java.net.http/jdk.internal.net.http.HttpResponseImpl$RawChannelProvider.rawChannel(HttpResponseImpl.java:200)
	at java.net.http/jdk.internal.net.http.HttpResponseImpl.rawChannel(HttpResponseImpl.java:131)
	at java.net.http/jdk.internal.net.http.websocket.OpeningHandshake.handleResponse(OpeningHandshake.java:264)
	at java.net.http/jdk.internal.net.http.websocket.OpeningHandshake.resultFrom(OpeningHandshake.java:210)
	at java.base/java.util.concurrent.CompletableFuture$UniCompose.tryFire(CompletableFuture.java:1196)
	at java.base/java.util.concurrent.CompletableFuture.postComplete(CompletableFuture.java:556)
	at java.base/java.util.concurrent.CompletableFuture.postFire(CompletableFuture.java:660)
	at java.base/java.util.concurrent.CompletableFuture$UniWhenComplete.tryFire(CompletableFuture.java:890)
	at java.base/java.util.concurrent.CompletableFuture$Completion.exec(CompletableFuture.java:529)
	at java.base/java.util.concurrent.ForkJoinTask.doExec(ForkJoinTask.java:507)
	at java.base/java.util.concurrent.ForkJoinPool$WorkQueue.topLevelExec(ForkJoinPool.java:1394)
	at java.base/java.util.concurrent.ForkJoinPool.runWorker(ForkJoinPool.java:1970)
	at java.base/java.util.concurrent.ForkJoinWorkerThread.run(ForkJoinWorkerThread.java:187)
Caused by: java.io.IOException: Error while instrumenting jdk/internal/net/http/RawChannelTube with JaCoCo 0.8.11.202310140853/f33756c.
	at org.jacoco.agent.rt.internal_4742761.core.instr.Instrumenter.instrumentError(Instrumenter.java:161)
	at org.jacoco.agent.rt.internal_4742761.core.instr.Instrumenter.instrument(Instrumenter.java:111)
	at org.jacoco.agent.rt.internal_4742761.CoverageTransformer.transform(CoverageTransformer.java:92)
	... 25 more
Caused by: java.lang.IllegalArgumentException: Unsupported class file major version 68
	at org.jacoco.agent.rt.internal_4742761.asm.ClassReader.<init>(ClassReader.java:200)
	at org.jacoco.agent.rt.internal_4742761.asm.ClassReader.<init>(ClassReader.java:180)
	at org.jacoco.agent.rt.internal_4742761.asm.ClassReader.<init>(ClassReader.java:166)
	at org.jacoco.agent.rt.internal_4742761.core.internal.instr.InstrSupport.classReaderFor(InstrSupport.java:280)
	at org.jacoco.agent.rt.internal_4742761.core.instr.Instrumenter.instrument(Instrumenter.java:77)
	at org.jacoco.agent.rt.internal_4742761.core.instr.Instrumenter.instrument(Instrumenter.java:109)
	... 26 more
java.lang.instrument.IllegalClassFormatException: Error while instrumenting jdk/internal/net/http/RawChannelTube$WritePublisher with JaCoCo 0.8.11.202310140853/f33756c.
	at org.jacoco.agent.rt.internal_4742761.CoverageTransformer.transform(CoverageTransformer.java:94)
	at java.instrument/java.lang.instrument.ClassFileTransformer.transform(ClassFileTransformer.java:257)
	at java.instrument/sun.instrument.TransformerManager.transform(TransformerManager.java:188)
	at java.instrument/sun.instrument.InstrumentationImpl.transform(InstrumentationImpl.java:594)
	at java.base/java.lang.ClassLoader.defineClass2(Native Method)
	at java.base/java.lang.ClassLoader.defineClass(ClassLoader.java:1052)
	at java.base/java.security.SecureClassLoader.defineClass(SecureClassLoader.java:164)
	at java.base/jdk.internal.loader.BuiltinClassLoader.defineClass(BuiltinClassLoader.java:735)
	at java.base/jdk.internal.loader.BuiltinClassLoader.findClassInModuleOrNull(BuiltinClassLoader.java:678)
	at java.base/jdk.internal.loader.BuiltinClassLoader.loadClassOrNull(BuiltinClassLoader.java:604)
	at java.base/jdk.internal.loader.BuiltinClassLoader.loadClass(BuiltinClassLoader.java:578)
	at java.base/java.lang.ClassLoader.loadClass(ClassLoader.java:490)
	at java.net.http/jdk.internal.net.http.RawChannelTube.<init>(RawChannelTube.java:74)
	at java.net.http/jdk.internal.net.http.HttpResponseImpl$RawChannelProvider.rawChannel0(HttpResponseImpl.java:221)
	at java.net.http/jdk.internal.net.http.HttpResponseImpl$RawChannelProvider.rawChannel(HttpResponseImpl.java:200)
	at java.net.http/jdk.internal.net.http.HttpResponseImpl.rawChannel(HttpResponseImpl.java:131)
	at java.net.http/jdk.internal.net.http.websocket.OpeningHandshake.handleResponse(OpeningHandshake.java:264)
	at java.net.http/jdk.internal.net.http.websocket.OpeningHandshake.resultFrom(OpeningHandshake.java:210)
	at java.base/java.util.concurrent.CompletableFuture$UniCompose.tryFire(CompletableFuture.java:1196)
	at java.base/java.util.concurrent.CompletableFuture.postComplete(CompletableFuture.java:556)
	at java.base/java.util.concurrent.CompletableFuture.postFire(CompletableFuture.java:660)
	at java.base/java.util.concurrent.CompletableFuture$UniWhenComplete.tryFire(CompletableFuture.java:890)
	at java.base/java.util.concurrent.CompletableFuture$Completion.exec(CompletableFuture.java:529)
	at java.base/java.util.concurrent.ForkJoinTask.doExec(ForkJoinTask.java:507)
	at java.base/java.util.concurrent.ForkJoinPool$WorkQueue.topLevelExec(ForkJoinPool.java:1394)
	at java.base/java.util.concurrent.ForkJoinPool.runWorker(ForkJoinPool.java:1970)
	at java.base/java.util.concurrent.ForkJoinWorkerThread.run(ForkJoinWorkerThread.java:187)
Caused by: java.io.IOException: Error while instrumenting jdk/internal/net/http/RawChannelTube$WritePublisher with JaCoCo 0.8.11.202310140853/f33756c.
	at org.jacoco.agent.rt.internal_4742761.core.instr.Instrumenter.instrumentError(Instrumenter.java:161)
	at org.jacoco.agent.rt.internal_4742761.core.instr.Instrumenter.instrument(Instrumenter.java:111)
	at org.jacoco.agent.rt.internal_4742761.CoverageTransformer.transform(CoverageTransformer.java:92)
	... 26 more
Caused by: java.lang.IllegalArgumentException: Unsupported class file major version 68
	at org.jacoco.agent.rt.internal_4742761.asm.ClassReader.<init>(ClassReader.java:200)
	at org.jacoco.agent.rt.internal_4742761.asm.ClassReader.<init>(ClassReader.java:180)
	at org.jacoco.agent.rt.internal_4742761.asm.ClassReader.<init>(ClassReader.java:166)
	at org.jacoco.agent.rt.internal_4742761.core.internal.instr.InstrSupport.classReaderFor(InstrSupport.java:280)
	at org.jacoco.agent.rt.internal_4742761.core.instr.Instrumenter.instrument(Instrumenter.java:77)
	at org.jacoco.agent.rt.internal_4742761.core.instr.Instrumenter.instrument(Instrumenter.java:109)
	... 27 more
java.lang.instrument.IllegalClassFormatException: Error while instrumenting jdk/internal/net/http/RawChannelTube$ReadSubscriber with JaCoCo 0.8.11.202310140853/f33756c.
	at org.jacoco.agent.rt.internal_4742761.CoverageTransformer.transform(CoverageTransformer.java:94)
	at java.instrument/java.lang.instrument.ClassFileTransformer.transform(ClassFileTransformer.java:257)
	at java.instrument/sun.instrument.TransformerManager.transform(TransformerManager.java:188)
	at java.instrument/sun.instrument.InstrumentationImpl.transform(InstrumentationImpl.java:594)
	at java.base/java.lang.ClassLoader.defineClass2(Native Method)
	at java.base/java.lang.ClassLoader.defineClass(ClassLoader.java:1052)
	at java.base/java.security.SecureClassLoader.defineClass(SecureClassLoader.java:164)
	at java.base/jdk.internal.loader.BuiltinClassLoader.defineClass(BuiltinClassLoader.java:735)
	at java.base/jdk.internal.loader.BuiltinClassLoader.findClassInModuleOrNull(BuiltinClassLoader.java:678)
	at java.base/jdk.internal.loader.BuiltinClassLoader.loadClassOrNull(BuiltinClassLoader.java:604)
	at java.base/jdk.internal.loader.BuiltinClassLoader.loadClass(BuiltinClassLoader.java:578)
	at java.base/java.lang.ClassLoader.loadClass(ClassLoader.java:490)
	at java.net.http/jdk.internal.net.http.RawChannelTube.<init>(RawChannelTube.java:75)
	at java.net.http/jdk.internal.net.http.HttpResponseImpl$RawChannelProvider.rawChannel0(HttpResponseImpl.java:221)
	at java.net.http/jdk.internal.net.http.HttpResponseImpl$RawChannelProvider.rawChannel(HttpResponseImpl.java:200)
	at java.net.http/jdk.internal.net.http.HttpResponseImpl.rawChannel(HttpResponseImpl.java:131)
	at java.net.http/jdk.internal.net.http.websocket.OpeningHandshake.handleResponse(OpeningHandshake.java:264)
	at java.net.http/jdk.internal.net.http.websocket.OpeningHandshake.resultFrom(OpeningHandshake.java:210)
	at java.base/java.util.concurrent.CompletableFuture$UniCompose.tryFire(CompletableFuture.java:1196)
	at java.base/java.util.concurrent.CompletableFuture.postComplete(CompletableFuture.java:556)
	at java.base/java.util.concurrent.CompletableFuture.postFire(CompletableFuture.java:660)
	at java.base/java.util.concurrent.CompletableFuture$UniWhenComplete.tryFire(CompletableFuture.java:890)
	at java.base/java.util.concurrent.CompletableFuture$Completion.exec(CompletableFuture.java:529)
	at java.base/java.util.concurrent.ForkJoinTask.doExec(ForkJoinTask.java:507)
	at java.base/java.util.concurrent.ForkJoinPool$WorkQueue.topLevelExec(ForkJoinPool.java:1394)
	at java.base/java.util.concurrent.ForkJoinPool.runWorker(ForkJoinPool.java:1970)
	at java.base/java.util.concurrent.ForkJoinWorkerThread.run(ForkJoinWorkerThread.java:187)
Caused by: java.io.IOException: Error while instrumenting jdk/internal/net/http/RawChannelTube$ReadSubscriber with JaCoCo 0.8.11.202310140853/f33756c.
	at org.jacoco.agent.rt.internal_4742761.core.instr.Instrumenter.instrumentError(Instrumenter.java:161)
	at org.jacoco.agent.rt.internal_4742761.core.instr.Instrumenter.instrument(Instrumenter.java:111)
	at org.jacoco.agent.rt.internal_4742761.CoverageTransformer.transform(CoverageTransformer.java:92)
	... 26 more
Caused by: java.lang.IllegalArgumentException: Unsupported class file major version 68
	at org.jacoco.agent.rt.internal_4742761.asm.ClassReader.<init>(ClassReader.java:200)
	at org.jacoco.agent.rt.internal_4742761.asm.ClassReader.<init>(ClassReader.java:180)
	at org.jacoco.agent.rt.internal_4742761.asm.ClassReader.<init>(ClassReader.java:166)
	at org.jacoco.agent.rt.internal_4742761.core.internal.instr.InstrSupport.classReaderFor(InstrSupport.java:280)
	at org.jacoco.agent.rt.internal_4742761.core.instr.Instrumenter.instrument(Instrumenter.java:77)
	at org.jacoco.agent.rt.internal_4742761.core.instr.Instrumenter.instrument(Instrumenter.java:109)
	... 27 more
java.lang.instrument.IllegalClassFormatException: Error while instrumenting jdk/internal/net/http/RawChannelTube$WriteSubscription with JaCoCo 0.8.11.202310140853/f33756c.
	at org.jacoco.agent.rt.internal_4742761.CoverageTransformer.transform(CoverageTransformer.java:94)
	at java.instrument/java.lang.instrument.ClassFileTransformer.transform(ClassFileTransformer.java:257)
	at java.instrument/sun.instrument.TransformerManager.transform(TransformerManager.java:188)
	at java.instrument/sun.instrument.InstrumentationImpl.transform(InstrumentationImpl.java:594)
	at java.base/java.lang.ClassLoader.defineClass2(Native Method)
	at java.base/java.lang.ClassLoader.defineClass(ClassLoader.java:1052)
	at java.base/java.security.SecureClassLoader.defineClass(SecureClassLoader.java:164)
	at java.base/jdk.internal.loader.BuiltinClassLoader.defineClass(BuiltinClassLoader.java:735)
	at java.base/jdk.internal.loader.BuiltinClassLoader.findClassInModuleOrNull(BuiltinClassLoader.java:678)
	at java.base/jdk.internal.loader.BuiltinClassLoader.loadClassOrNull(BuiltinClassLoader.java:604)
	at java.base/jdk.internal.loader.BuiltinClassLoader.loadClass(BuiltinClassLoader.java:578)
	at java.base/java.lang.ClassLoader.loadClass(ClassLoader.java:490)
	at java.net.http/jdk.internal.net.http.RawChannelTube$WritePublisher.subscribe(RawChannelTube.java:151)
	at java.net.http/jdk.internal.net.http.SocketTube.connectFlows(SocketTube.java:1336)
	at java.net.http/jdk.internal.net.http.RawChannelTube.connectFlows(RawChannelTube.java:111)
	at java.net.http/jdk.internal.net.http.RawChannelTube.<init>(RawChannelTube.java:79)
	at java.net.http/jdk.internal.net.http.HttpResponseImpl$RawChannelProvider.rawChannel0(HttpResponseImpl.java:221)
	at java.net.http/jdk.internal.net.http.HttpResponseImpl$RawChannelProvider.rawChannel(HttpResponseImpl.java:200)
	at java.net.http/jdk.internal.net.http.HttpResponseImpl.rawChannel(HttpResponseImpl.java:131)
	at java.net.http/jdk.internal.net.http.websocket.OpeningHandshake.handleResponse(OpeningHandshake.java:264)
	at java.net.http/jdk.internal.net.http.websocket.OpeningHandshake.resultFrom(OpeningHandshake.java:210)
	at java.base/java.util.concurrent.CompletableFuture$UniCompose.tryFire(CompletableFuture.java:1196)
	at java.base/java.util.concurrent.CompletableFuture.postComplete(CompletableFuture.java:556)
	at java.base/java.util.concurrent.CompletableFuture.postFire(CompletableFuture.java:660)
	at java.base/java.util.concurrent.CompletableFuture$UniWhenComplete.tryFire(CompletableFuture.java:890)
	at java.base/java.util.concurrent.CompletableFuture$Completion.exec(CompletableFuture.java:529)
	at java.base/java.util.concurrent.ForkJoinTask.doExec(ForkJoinTask.java:507)
	at java.base/java.util.concurrent.ForkJoinPool$WorkQueue.topLevelExec(ForkJoinPool.java:1394)
	at java.base/java.util.concurrent.ForkJoinPool.runWorker(ForkJoinPool.java:1970)
	at java.base/java.util.concurrent.ForkJoinWorkerThread.run(ForkJoinWorkerThread.java:187)
Caused by: java.io.IOException: Error while instrumenting jdk/internal/net/http/RawChannelTube$WriteSubscription with JaCoCo 0.8.11.202310140853/f33756c.
	at org.jacoco.agent.rt.internal_4742761.core.instr.Instrumenter.instrumentError(Instrumenter.java:161)
	at org.jacoco.agent.rt.internal_4742761.core.instr.Instrumenter.instrument(Instrumenter.java:111)
	at org.jacoco.agent.rt.internal_4742761.CoverageTransformer.transform(CoverageTransformer.java:92)
	... 29 more
Caused by: java.lang.IllegalArgumentException: Unsupported class file major version 68
	at org.jacoco.agent.rt.internal_4742761.asm.ClassReader.<init>(ClassReader.java:200)
	at org.jacoco.agent.rt.internal_4742761.asm.ClassReader.<init>(ClassReader.java:180)
	at org.jacoco.agent.rt.internal_4742761.asm.ClassReader.<init>(ClassReader.java:166)
	at org.jacoco.agent.rt.internal_4742761.core.internal.instr.InstrSupport.classReaderFor(InstrSupport.java:280)
	at org.jacoco.agent.rt.internal_4742761.core.instr.Instrumenter.instrument(Instrumenter.java:77)
	at org.jacoco.agent.rt.internal_4742761.core.instr.Instrumenter.instrument(Instrumenter.java:109)
	... 30 more
java.lang.instrument.IllegalClassFormatException: Error while instrumenting jdk/internal/net/http/websocket/TransportFactoryImpl with JaCoCo 0.8.11.202310140853/f33756c.
	at org.jacoco.agent.rt.internal_4742761.CoverageTransformer.transform(CoverageTransformer.java:94)
	at java.instrument/java.lang.instrument.ClassFileTransformer.transform(ClassFileTransformer.java:257)
	at java.instrument/sun.instrument.TransformerManager.transform(TransformerManager.java:188)
	at java.instrument/sun.instrument.InstrumentationImpl.transform(InstrumentationImpl.java:594)
	at java.base/java.lang.ClassLoader.defineClass2(Native Method)
	at java.base/java.lang.ClassLoader.defineClass(ClassLoader.java:1052)
	at java.base/java.security.SecureClassLoader.defineClass(SecureClassLoader.java:164)
	at java.base/jdk.internal.loader.BuiltinClassLoader.defineClass(BuiltinClassLoader.java:735)
	at java.base/jdk.internal.loader.BuiltinClassLoader.findClassInModuleOrNull(BuiltinClassLoader.java:678)
	at java.base/jdk.internal.loader.BuiltinClassLoader.loadClassOrNull(BuiltinClassLoader.java:604)
	at java.base/jdk.internal.loader.BuiltinClassLoader.loadClass(BuiltinClassLoader.java:578)
	at java.base/java.lang.ClassLoader.loadClass(ClassLoader.java:490)
	at java.net.http/jdk.internal.net.http.websocket.OpeningHandshake.handleResponse(OpeningHandshake.java:265)
	at java.net.http/jdk.internal.net.http.websocket.OpeningHandshake.resultFrom(OpeningHandshake.java:210)
	at java.base/java.util.concurrent.CompletableFuture$UniCompose.tryFire(CompletableFuture.java:1196)
	at java.base/java.util.concurrent.CompletableFuture.postComplete(CompletableFuture.java:556)
	at java.base/java.util.concurrent.CompletableFuture.postFire(CompletableFuture.java:660)
	at java.base/java.util.concurrent.CompletableFuture$UniWhenComplete.tryFire(CompletableFuture.java:890)
	at java.base/java.util.concurrent.CompletableFuture$Completion.exec(CompletableFuture.java:529)
	at java.base/java.util.concurrent.ForkJoinTask.doExec(ForkJoinTask.java:507)
	at java.base/java.util.concurrent.ForkJoinPool$WorkQueue.topLevelExec(ForkJoinPool.java:1394)
	at java.base/java.util.concurrent.ForkJoinPool.runWorker(ForkJoinPool.java:1970)
	at java.base/java.util.concurrent.ForkJoinWorkerThread.run(ForkJoinWorkerThread.java:187)
Caused by: java.io.IOException: Error while instrumenting jdk/internal/net/http/websocket/TransportFactoryImpl with JaCoCo 0.8.11.202310140853/f33756c.
	at org.jacoco.agent.rt.internal_4742761.core.instr.Instrumenter.instrumentError(Instrumenter.java:161)
	at org.jacoco.agent.rt.internal_4742761.core.instr.Instrumenter.instrument(Instrumenter.java:111)
	at org.jacoco.agent.rt.internal_4742761.CoverageTransformer.transform(CoverageTransformer.java:92)
	... 22 more
Caused by: java.lang.IllegalArgumentException: Unsupported class file major version 68
	at org.jacoco.agent.rt.internal_4742761.asm.ClassReader.<init>(ClassReader.java:200)
	at org.jacoco.agent.rt.internal_4742761.asm.ClassReader.<init>(ClassReader.java:180)
	at org.jacoco.agent.rt.internal_4742761.asm.ClassReader.<init>(ClassReader.java:166)
	at org.jacoco.agent.rt.internal_4742761.core.internal.instr.InstrSupport.classReaderFor(InstrSupport.java:280)
	at org.jacoco.agent.rt.internal_4742761.core.instr.Instrumenter.instrument(Instrumenter.java:77)
	at org.jacoco.agent.rt.internal_4742761.core.instr.Instrumenter.instrument(Instrumenter.java:109)
	... 23 more
java.lang.instrument.IllegalClassFormatException: Error while instrumenting jdk/internal/net/http/websocket/Transport with JaCoCo 0.8.11.202310140853/f33756c.
	at org.jacoco.agent.rt.internal_4742761.CoverageTransformer.transform(CoverageTransformer.java:94)
	at java.instrument/java.lang.instrument.ClassFileTransformer.transform(ClassFileTransformer.java:257)
	at java.instrument/sun.instrument.TransformerManager.transform(TransformerManager.java:188)
	at java.instrument/sun.instrument.InstrumentationImpl.transform(InstrumentationImpl.java:594)
	at java.base/java.lang.ClassLoader.defineClass2(Native Method)
	at java.base/java.lang.ClassLoader.defineClass(ClassLoader.java:1052)
	at java.base/java.security.SecureClassLoader.defineClass(SecureClassLoader.java:164)
	at java.base/jdk.internal.loader.BuiltinClassLoader.defineClass(BuiltinClassLoader.java:735)
	at java.base/jdk.internal.loader.BuiltinClassLoader.findClassInModuleOrNull(BuiltinClassLoader.java:678)
	at java.base/jdk.internal.loader.BuiltinClassLoader.loadClassOrNull(BuiltinClassLoader.java:604)
	at java.base/jdk.internal.loader.BuiltinClassLoader.loadClass(BuiltinClassLoader.java:578)
	at java.base/java.lang.ClassLoader.loadClass(ClassLoader.java:490)
	at java.net.http/jdk.internal.net.http.websocket.OpeningHandshake.handleResponse(OpeningHandshake.java:265)
	at java.net.http/jdk.internal.net.http.websocket.OpeningHandshake.resultFrom(OpeningHandshake.java:210)
	at java.base/java.util.concurrent.CompletableFuture$UniCompose.tryFire(CompletableFuture.java:1196)
	at java.base/java.util.concurrent.CompletableFuture.postComplete(CompletableFuture.java:556)
	at java.base/java.util.concurrent.CompletableFuture.postFire(CompletableFuture.java:660)
	at java.base/java.util.concurrent.CompletableFuture$UniWhenComplete.tryFire(CompletableFuture.java:890)
	at java.base/java.util.concurrent.CompletableFuture$Completion.exec(CompletableFuture.java:529)
	at java.base/java.util.concurrent.ForkJoinTask.doExec(ForkJoinTask.java:507)
	at java.base/java.util.concurrent.ForkJoinPool$WorkQueue.topLevelExec(ForkJoinPool.java:1394)
	at java.base/java.util.concurrent.ForkJoinPool.runWorker(ForkJoinPool.java:1970)
	at java.base/java.util.concurrent.ForkJoinWorkerThread.run(ForkJoinWorkerThread.java:187)
Caused by: java.io.IOException: Error while instrumenting jdk/internal/net/http/websocket/Transport with JaCoCo 0.8.11.202310140853/f33756c.
	at org.jacoco.agent.rt.internal_4742761.core.instr.Instrumenter.instrumentError(Instrumenter.java:161)
	at org.jacoco.agent.rt.internal_4742761.core.instr.Instrumenter.instrument(Instrumenter.java:111)
	at org.jacoco.agent.rt.internal_4742761.CoverageTransformer.transform(CoverageTransformer.java:92)
	... 22 more
Caused by: java.lang.IllegalArgumentException: Unsupported class file major version 68
	at org.jacoco.agent.rt.internal_4742761.asm.ClassReader.<init>(ClassReader.java:200)
	at org.jacoco.agent.rt.internal_4742761.asm.ClassReader.<init>(ClassReader.java:180)
	at org.jacoco.agent.rt.internal_4742761.asm.ClassReader.<init>(ClassReader.java:166)
	at org.jacoco.agent.rt.internal_4742761.core.internal.instr.InstrSupport.classReaderFor(InstrSupport.java:280)
	at org.jacoco.agent.rt.internal_4742761.core.instr.Instrumenter.instrument(Instrumenter.java:77)
	at org.jacoco.agent.rt.internal_4742761.core.instr.Instrumenter.instrument(Instrumenter.java:109)
	... 23 more
java.lang.instrument.IllegalClassFormatException: Error while instrumenting jdk/internal/net/http/websocket/WebSocketImpl$State with JaCoCo 0.8.11.202310140853/f33756c.
	at org.jacoco.agent.rt.internal_4742761.CoverageTransformer.transform(CoverageTransformer.java:94)
	at java.instrument/java.lang.instrument.ClassFileTransformer.transform(ClassFileTransformer.java:257)
	at java.instrument/sun.instrument.TransformerManager.transform(TransformerManager.java:188)
	at java.instrument/sun.instrument.InstrumentationImpl.transform(InstrumentationImpl.java:594)
	at java.base/java.lang.ClassLoader.defineClass2(Native Method)
	at java.base/java.lang.ClassLoader.defineClass(ClassLoader.java:1052)
	at java.base/java.security.SecureClassLoader.defineClass(SecureClassLoader.java:164)
	at java.base/jdk.internal.loader.BuiltinClassLoader.defineClass(BuiltinClassLoader.java:735)
	at java.base/jdk.internal.loader.BuiltinClassLoader.findClassInModuleOrNull(BuiltinClassLoader.java:678)
	at java.base/jdk.internal.loader.BuiltinClassLoader.loadClassOrNull(BuiltinClassLoader.java:604)
	at java.base/jdk.internal.loader.BuiltinClassLoader.loadClass(BuiltinClassLoader.java:578)
	at java.base/java.lang.ClassLoader.loadClass(ClassLoader.java:490)
	at java.net.http/jdk.internal.net.http.websocket.WebSocketImpl.<init>(WebSocketImpl.java:101)
	at java.net.http/jdk.internal.net.http.websocket.WebSocketImpl.newInstance(WebSocketImpl.java:152)
	at java.net.http/jdk.internal.net.http.websocket.WebSocketImpl.lambda$newInstanceAsync$0(WebSocketImpl.java:125)
	at java.base/java.util.concurrent.CompletableFuture$UniApply.tryFire(CompletableFuture.java:692)
	at java.base/java.util.concurrent.CompletableFuture.postComplete(CompletableFuture.java:556)
	at java.base/java.util.concurrent.CompletableFuture.postFire(CompletableFuture.java:660)
	at java.base/java.util.concurrent.CompletableFuture$UniWhenComplete.tryFire(CompletableFuture.java:890)
	at java.base/java.util.concurrent.CompletableFuture$Completion.exec(CompletableFuture.java:529)
	at java.base/java.util.concurrent.ForkJoinTask.doExec(ForkJoinTask.java:507)
	at java.base/java.util.concurrent.ForkJoinPool$WorkQueue.topLevelExec(ForkJoinPool.java:1394)
	at java.base/java.util.concurrent.ForkJoinPool.runWorker(ForkJoinPool.java:1970)
	at java.base/java.util.concurrent.ForkJoinWorkerThread.run(ForkJoinWorkerThread.java:187)
Caused by: java.io.IOException: Error while instrumenting jdk/internal/net/http/websocket/WebSocketImpl$State with JaCoCo 0.8.11.202310140853/f33756c.
	at org.jacoco.agent.rt.internal_4742761.core.instr.Instrumenter.instrumentError(Instrumenter.java:161)
	at org.jacoco.agent.rt.internal_4742761.core.instr.Instrumenter.instrument(Instrumenter.java:111)
	at org.jacoco.agent.rt.internal_4742761.CoverageTransformer.transform(CoverageTransformer.java:92)
	... 23 more
Caused by: java.lang.IllegalArgumentException: Unsupported class file major version 68
	at org.jacoco.agent.rt.internal_4742761.asm.ClassReader.<init>(ClassReader.java:200)
	at org.jacoco.agent.rt.internal_4742761.asm.ClassReader.<init>(ClassReader.java:180)
	at org.jacoco.agent.rt.internal_4742761.asm.ClassReader.<init>(ClassReader.java:166)
	at org.jacoco.agent.rt.internal_4742761.core.internal.instr.InstrSupport.classReaderFor(InstrSupport.java:280)
	at org.jacoco.agent.rt.internal_4742761.core.instr.Instrumenter.instrument(Instrumenter.java:77)
	at org.jacoco.agent.rt.internal_4742761.core.instr.Instrumenter.instrument(Instrumenter.java:109)
	... 24 more
java.lang.instrument.IllegalClassFormatException: Error while instrumenting jdk/internal/net/http/websocket/WebSocketImpl$ReceiveTask with JaCoCo 0.8.11.202310140853/f33756c.
	at org.jacoco.agent.rt.internal_4742761.CoverageTransformer.transform(CoverageTransformer.java:94)
	at java.instrument/java.lang.instrument.ClassFileTransformer.transform(ClassFileTransformer.java:257)
	at java.instrument/sun.instrument.TransformerManager.transform(TransformerManager.java:188)
	at java.instrument/sun.instrument.InstrumentationImpl.transform(InstrumentationImpl.java:594)
	at java.base/java.lang.ClassLoader.defineClass2(Native Method)
	at java.base/java.lang.ClassLoader.defineClass(ClassLoader.java:1052)
	at java.base/java.security.SecureClassLoader.defineClass(SecureClassLoader.java:164)
	at java.base/jdk.internal.loader.BuiltinClassLoader.defineClass(BuiltinClassLoader.java:735)
	at java.base/jdk.internal.loader.BuiltinClassLoader.findClassInModuleOrNull(BuiltinClassLoader.java:678)
	at java.base/jdk.internal.loader.BuiltinClassLoader.loadClassOrNull(BuiltinClassLoader.java:604)
	at java.base/jdk.internal.loader.BuiltinClassLoader.loadClass(BuiltinClassLoader.java:578)
	at java.base/java.lang.ClassLoader.loadClass(ClassLoader.java:490)
	at java.net.http/jdk.internal.net.http.websocket.WebSocketImpl.<init>(WebSocketImpl.java:118)
	at java.net.http/jdk.internal.net.http.websocket.WebSocketImpl.newInstance(WebSocketImpl.java:152)
	at java.net.http/jdk.internal.net.http.websocket.WebSocketImpl.lambda$newInstanceAsync$0(WebSocketImpl.java:125)
	at java.base/java.util.concurrent.CompletableFuture$UniApply.tryFire(CompletableFuture.java:692)
	at java.base/java.util.concurrent.CompletableFuture.postComplete(CompletableFuture.java:556)
	at java.base/java.util.concurrent.CompletableFuture.postFire(CompletableFuture.java:660)
	at java.base/java.util.concurrent.CompletableFuture$UniWhenComplete.tryFire(CompletableFuture.java:890)
	at java.base/java.util.concurrent.CompletableFuture$Completion.exec(CompletableFuture.java:529)
	at java.base/java.util.concurrent.ForkJoinTask.doExec(ForkJoinTask.java:507)
	at java.base/java.util.concurrent.ForkJoinPool$WorkQueue.topLevelExec(ForkJoinPool.java:1394)
	at java.base/java.util.concurrent.ForkJoinPool.runWorker(ForkJoinPool.java:1970)
	at java.base/java.util.concurrent.ForkJoinWorkerThread.run(ForkJoinWorkerThread.java:187)
Caused by: java.io.IOException: Error while instrumenting jdk/internal/net/http/websocket/WebSocketImpl$ReceiveTask with JaCoCo 0.8.11.202310140853/f33756c.
	at org.jacoco.agent.rt.internal_4742761.core.instr.Instrumenter.instrumentError(Instrumenter.java:161)
	at org.jacoco.agent.rt.internal_4742761.core.instr.Instrumenter.instrument(Instrumenter.java:111)
	at org.jacoco.agent.rt.internal_4742761.CoverageTransformer.transform(CoverageTransformer.java:92)
	... 23 more
Caused by: java.lang.IllegalArgumentException: Unsupported class file major version 68
	at org.jacoco.agent.rt.internal_4742761.asm.ClassReader.<init>(ClassReader.java:200)
	at org.jacoco.agent.rt.internal_4742761.asm.ClassReader.<init>(ClassReader.java:180)
	at org.jacoco.agent.rt.internal_4742761.asm.ClassReader.<init>(ClassReader.java:166)
	at org.jacoco.agent.rt.internal_4742761.core.internal.instr.InstrSupport.classReaderFor(InstrSupport.java:280)
	at org.jacoco.agent.rt.internal_4742761.core.instr.Instrumenter.instrument(Instrumenter.java:77)
	at org.jacoco.agent.rt.internal_4742761.core.instr.Instrumenter.instrument(Instrumenter.java:109)
	... 24 more
java.lang.instrument.IllegalClassFormatException: Error while instrumenting jdk/internal/net/http/websocket/MessageQueue with JaCoCo 0.8.11.202310140853/f33756c.
	at org.jacoco.agent.rt.internal_4742761.CoverageTransformer.transform(CoverageTransformer.java:94)
	at java.instrument/java.lang.instrument.ClassFileTransformer.transform(ClassFileTransformer.java:257)
	at java.instrument/sun.instrument.TransformerManager.transform(TransformerManager.java:188)
	at java.instrument/sun.instrument.InstrumentationImpl.transform(InstrumentationImpl.java:594)
	at java.base/java.lang.ClassLoader.defineClass2(Native Method)
	at java.base/java.lang.ClassLoader.defineClass(ClassLoader.java:1052)
	at java.base/java.security.SecureClassLoader.defineClass(SecureClassLoader.java:164)
	at java.base/jdk.internal.loader.BuiltinClassLoader.defineClass(BuiltinClassLoader.java:735)
	at java.base/jdk.internal.loader.BuiltinClassLoader.findClassInModuleOrNull(BuiltinClassLoader.java:678)
	at java.base/jdk.internal.loader.BuiltinClassLoader.loadClassOrNull(BuiltinClassLoader.java:604)
	at java.base/jdk.internal.loader.BuiltinClassLoader.loadClass(BuiltinClassLoader.java:578)
	at java.base/java.lang.ClassLoader.loadClass(ClassLoader.java:490)
	at java.net.http/jdk.internal.net.http.websocket.WebSocketImpl.<init>(WebSocketImpl.java:172)
	at java.net.http/jdk.internal.net.http.websocket.WebSocketImpl.newInstance(WebSocketImpl.java:152)
	at java.net.http/jdk.internal.net.http.websocket.WebSocketImpl.lambda$newInstanceAsync$0(WebSocketImpl.java:125)
	at java.base/java.util.concurrent.CompletableFuture$UniApply.tryFire(CompletableFuture.java:692)
	at java.base/java.util.concurrent.CompletableFuture.postComplete(CompletableFuture.java:556)
	at java.base/java.util.concurrent.CompletableFuture.postFire(CompletableFuture.java:660)
	at java.base/java.util.concurrent.CompletableFuture$UniWhenComplete.tryFire(CompletableFuture.java:890)
	at java.base/java.util.concurrent.CompletableFuture$Completion.exec(CompletableFuture.java:529)
	at java.base/java.util.concurrent.ForkJoinTask.doExec(ForkJoinTask.java:507)
	at java.base/java.util.concurrent.ForkJoinPool$WorkQueue.topLevelExec(ForkJoinPool.java:1394)
	at java.base/java.util.concurrent.ForkJoinPool.runWorker(ForkJoinPool.java:1970)
	at java.base/java.util.concurrent.ForkJoinWorkerThread.run(ForkJoinWorkerThread.java:187)
Caused by: java.io.IOException: Error while instrumenting jdk/internal/net/http/websocket/MessageQueue with JaCoCo 0.8.11.202310140853/f33756c.
	at org.jacoco.agent.rt.internal_4742761.core.instr.Instrumenter.instrumentError(Instrumenter.java:161)
	at org.jacoco.agent.rt.internal_4742761.core.instr.Instrumenter.instrument(Instrumenter.java:111)
	at org.jacoco.agent.rt.internal_4742761.CoverageTransformer.transform(CoverageTransformer.java:92)
	... 23 more
Caused by: java.lang.IllegalArgumentException: Unsupported class file major version 68
	at org.jacoco.agent.rt.internal_4742761.asm.ClassReader.<init>(ClassReader.java:200)
	at org.jacoco.agent.rt.internal_4742761.asm.ClassReader.<init>(ClassReader.java:180)
	at org.jacoco.agent.rt.internal_4742761.asm.ClassReader.<init>(ClassReader.java:166)
	at org.jacoco.agent.rt.internal_4742761.core.internal.instr.InstrSupport.classReaderFor(InstrSupport.java:280)
	at org.jacoco.agent.rt.internal_4742761.core.instr.Instrumenter.instrument(Instrumenter.java:77)
	at org.jacoco.agent.rt.internal_4742761.core.instr.Instrumenter.instrument(Instrumenter.java:109)
	... 24 more
java.lang.instrument.IllegalClassFormatException: Error while instrumenting jdk/internal/net/http/websocket/MessageQueue$Message with JaCoCo 0.8.11.202310140853/f33756c.
	at org.jacoco.agent.rt.internal_4742761.CoverageTransformer.transform(CoverageTransformer.java:94)
	at java.instrument/java.lang.instrument.ClassFileTransformer.transform(ClassFileTransformer.java:257)
	at java.instrument/sun.instrument.TransformerManager.transform(TransformerManager.java:188)
	at java.instrument/sun.instrument.InstrumentationImpl.transform(InstrumentationImpl.java:594)
	at java.base/java.lang.ClassLoader.defineClass2(Native Method)
	at java.base/java.lang.ClassLoader.defineClass(ClassLoader.java:1052)
	at java.base/java.security.SecureClassLoader.defineClass(SecureClassLoader.java:164)
	at java.base/jdk.internal.loader.BuiltinClassLoader.defineClass(BuiltinClassLoader.java:735)
	at java.base/jdk.internal.loader.BuiltinClassLoader.findClassInModuleOrNull(BuiltinClassLoader.java:678)
	at java.base/jdk.internal.loader.BuiltinClassLoader.loadClassOrNull(BuiltinClassLoader.java:604)
	at java.base/jdk.internal.loader.BuiltinClassLoader.loadClass(BuiltinClassLoader.java:578)
	at java.base/java.lang.ClassLoader.loadClass(ClassLoader.java:490)
	at java.net.http/jdk.internal.net.http.websocket.MessageQueue.<init>(MessageQueue.java:97)
	at java.net.http/jdk.internal.net.http.websocket.WebSocketImpl.<init>(WebSocketImpl.java:172)
	at java.net.http/jdk.internal.net.http.websocket.WebSocketImpl.newInstance(WebSocketImpl.java:152)
	at java.net.http/jdk.internal.net.http.websocket.WebSocketImpl.lambda$newInstanceAsync$0(WebSocketImpl.java:125)
	at java.base/java.util.concurrent.CompletableFuture$UniApply.tryFire(CompletableFuture.java:692)
	at java.base/java.util.concurrent.CompletableFuture.postComplete(CompletableFuture.java:556)
	at java.base/java.util.concurrent.CompletableFuture.postFire(CompletableFuture.java:660)
	at java.base/java.util.concurrent.CompletableFuture$UniWhenComplete.tryFire(CompletableFuture.java:890)
	at java.base/java.util.concurrent.CompletableFuture$Completion.exec(CompletableFuture.java:529)
	at java.base/java.util.concurrent.ForkJoinTask.doExec(ForkJoinTask.java:507)
	at java.base/java.util.concurrent.ForkJoinPool$WorkQueue.topLevelExec(ForkJoinPool.java:1394)
	at java.base/java.util.concurrent.ForkJoinPool.runWorker(ForkJoinPool.java:1970)
	at java.base/java.util.concurrent.ForkJoinWorkerThread.run(ForkJoinWorkerThread.java:187)
Caused by: java.io.IOException: Error while instrumenting jdk/internal/net/http/websocket/MessageQueue$Message with JaCoCo 0.8.11.202310140853/f33756c.
	at org.jacoco.agent.rt.internal_4742761.core.instr.Instrumenter.instrumentError(Instrumenter.java:161)
	at org.jacoco.agent.rt.internal_4742761.core.instr.Instrumenter.instrument(Instrumenter.java:111)
	at org.jacoco.agent.rt.internal_4742761.CoverageTransformer.transform(CoverageTransformer.java:92)
	... 24 more
Caused by: java.lang.IllegalArgumentException: Unsupported class file major version 68
	at org.jacoco.agent.rt.internal_4742761.asm.ClassReader.<init>(ClassReader.java:200)
	at org.jacoco.agent.rt.internal_4742761.asm.ClassReader.<init>(ClassReader.java:180)
	at org.jacoco.agent.rt.internal_4742761.asm.ClassReader.<init>(ClassReader.java:166)
	at org.jacoco.agent.rt.internal_4742761.core.internal.instr.InstrSupport.classReaderFor(InstrSupport.java:280)
	at org.jacoco.agent.rt.internal_4742761.core.instr.Instrumenter.instrument(Instrumenter.java:77)
	at org.jacoco.agent.rt.internal_4742761.core.instr.Instrumenter.instrument(Instrumenter.java:109)
	... 25 more
java.lang.instrument.IllegalClassFormatException: Error while instrumenting jdk/internal/net/http/websocket/WebSocketImpl$SignallingMessageConsumer with JaCoCo 0.8.11.202310140853/f33756c.
	at org.jacoco.agent.rt.internal_4742761.CoverageTransformer.transform(CoverageTransformer.java:94)
	at java.instrument/java.lang.instrument.ClassFileTransformer.transform(ClassFileTransformer.java:257)
	at java.instrument/sun.instrument.TransformerManager.transform(TransformerManager.java:188)
	at java.instrument/sun.instrument.InstrumentationImpl.transform(InstrumentationImpl.java:594)
	at java.base/java.lang.ClassLoader.defineClass2(Native Method)
	at java.base/java.lang.ClassLoader.defineClass(ClassLoader.java:1052)
	at java.base/java.security.SecureClassLoader.defineClass(SecureClassLoader.java:164)
	at java.base/jdk.internal.loader.BuiltinClassLoader.defineClass(BuiltinClassLoader.java:735)
	at java.base/jdk.internal.loader.BuiltinClassLoader.findClassInModuleOrNull(BuiltinClassLoader.java:678)
	at java.base/jdk.internal.loader.BuiltinClassLoader.loadClassOrNull(BuiltinClassLoader.java:604)
	at java.base/jdk.internal.loader.BuiltinClassLoader.loadClass(BuiltinClassLoader.java:578)
	at java.base/java.lang.ClassLoader.loadClass(ClassLoader.java:490)
	at java.net.http/jdk.internal.net.http.websocket.WebSocketImpl.<init>(WebSocketImpl.java:172)
	at java.net.http/jdk.internal.net.http.websocket.WebSocketImpl.newInstance(WebSocketImpl.java:152)
	at java.net.http/jdk.internal.net.http.websocket.WebSocketImpl.lambda$newInstanceAsync$0(WebSocketImpl.java:125)
	at java.base/java.util.concurrent.CompletableFuture$UniApply.tryFire(CompletableFuture.java:692)
	at java.base/java.util.concurrent.CompletableFuture.postComplete(CompletableFuture.java:556)
	at java.base/java.util.concurrent.CompletableFuture.postFire(CompletableFuture.java:660)
	at java.base/java.util.concurrent.CompletableFuture$UniWhenComplete.tryFire(CompletableFuture.java:890)
	at java.base/java.util.concurrent.CompletableFuture$Completion.exec(CompletableFuture.java:529)
	at java.base/java.util.concurrent.ForkJoinTask.doExec(ForkJoinTask.java:507)
	at java.base/java.util.concurrent.ForkJoinPool$WorkQueue.topLevelExec(ForkJoinPool.java:1394)
	at java.base/java.util.concurrent.ForkJoinPool.runWorker(ForkJoinPool.java:1970)
	at java.base/java.util.concurrent.ForkJoinWorkerThread.run(ForkJoinWorkerThread.java:187)
Caused by: java.io.IOException: Error while instrumenting jdk/internal/net/http/websocket/WebSocketImpl$SignallingMessageConsumer with JaCoCo 0.8.11.202310140853/f33756c.
	at org.jacoco.agent.rt.internal_4742761.core.instr.Instrumenter.instrumentError(Instrumenter.java:161)
	at org.jacoco.agent.rt.internal_4742761.core.instr.Instrumenter.instrument(Instrumenter.java:111)
	at org.jacoco.agent.rt.internal_4742761.CoverageTransformer.transform(CoverageTransformer.java:92)
	... 23 more
Caused by: java.lang.IllegalArgumentException: Unsupported class file major version 68
	at org.jacoco.agent.rt.internal_4742761.asm.ClassReader.<init>(ClassReader.java:200)
	at org.jacoco.agent.rt.internal_4742761.asm.ClassReader.<init>(ClassReader.java:180)
	at org.jacoco.agent.rt.internal_4742761.asm.ClassReader.<init>(ClassReader.java:166)
	at org.jacoco.agent.rt.internal_4742761.core.internal.instr.InstrSupport.classReaderFor(InstrSupport.java:280)
	at org.jacoco.agent.rt.internal_4742761.core.instr.Instrumenter.instrument(Instrumenter.java:77)
	at org.jacoco.agent.rt.internal_4742761.core.instr.Instrumenter.instrument(Instrumenter.java:109)
	... 24 more
java.lang.instrument.IllegalClassFormatException: Error while instrumenting jdk/internal/net/http/websocket/TransportImpl with JaCoCo 0.8.11.202310140853/f33756c.
	at org.jacoco.agent.rt.internal_4742761.CoverageTransformer.transform(CoverageTransformer.java:94)
	at java.instrument/java.lang.instrument.ClassFileTransformer.transform(ClassFileTransformer.java:257)
	at java.instrument/sun.instrument.TransformerManager.transform(TransformerManager.java:188)
	at java.instrument/sun.instrument.InstrumentationImpl.transform(InstrumentationImpl.java:594)
	at java.base/java.lang.ClassLoader.defineClass2(Native Method)
	at java.base/java.lang.ClassLoader.defineClass(ClassLoader.java:1052)
	at java.base/java.security.SecureClassLoader.defineClass(SecureClassLoader.java:164)
	at java.base/jdk.internal.loader.BuiltinClassLoader.defineClass(BuiltinClassLoader.java:735)
	at java.base/jdk.internal.loader.BuiltinClassLoader.findClassInModuleOrNull(BuiltinClassLoader.java:678)
	at java.base/jdk.internal.loader.BuiltinClassLoader.loadClassOrNull(BuiltinClassLoader.java:604)
	at java.base/jdk.internal.loader.BuiltinClassLoader.loadClass(BuiltinClassLoader.java:578)
	at java.base/java.lang.ClassLoader.loadClass(ClassLoader.java:490)
	at java.net.http/jdk.internal.net.http.websocket.TransportFactoryImpl.createTransport(TransportFactoryImpl.java:39)
	at java.net.http/jdk.internal.net.http.websocket.WebSocketImpl.<init>(WebSocketImpl.java:172)
	at java.net.http/jdk.internal.net.http.websocket.WebSocketImpl.newInstance(WebSocketImpl.java:152)
	at java.net.http/jdk.internal.net.http.websocket.WebSocketImpl.lambda$newInstanceAsync$0(WebSocketImpl.java:125)
	at java.base/java.util.concurrent.CompletableFuture$UniApply.tryFire(CompletableFuture.java:692)
	at java.base/java.util.concurrent.CompletableFuture.postComplete(CompletableFuture.java:556)
	at java.base/java.util.concurrent.CompletableFuture.postFire(CompletableFuture.java:660)
	at java.base/java.util.concurrent.CompletableFuture$UniWhenComplete.tryFire(CompletableFuture.java:890)
	at java.base/java.util.concurrent.CompletableFuture$Completion.exec(CompletableFuture.java:529)
	at java.base/java.util.concurrent.ForkJoinTask.doExec(ForkJoinTask.java:507)
	at java.base/java.util.concurrent.ForkJoinPool$WorkQueue.topLevelExec(ForkJoinPool.java:1394)
	at java.base/java.util.concurrent.ForkJoinPool.runWorker(ForkJoinPool.java:1970)
	at java.base/java.util.concurrent.ForkJoinWorkerThread.run(ForkJoinWorkerThread.java:187)
Caused by: java.io.IOException: Error while instrumenting jdk/internal/net/http/websocket/TransportImpl with JaCoCo 0.8.11.202310140853/f33756c.
	at org.jacoco.agent.rt.internal_4742761.core.instr.Instrumenter.instrumentError(Instrumenter.java:161)
	at org.jacoco.agent.rt.internal_4742761.core.instr.Instrumenter.instrument(Instrumenter.java:111)
	at org.jacoco.agent.rt.internal_4742761.CoverageTransformer.transform(CoverageTransformer.java:92)
	... 24 more
Caused by: java.lang.IllegalArgumentException: Unsupported class file major version 68
	at org.jacoco.agent.rt.internal_4742761.asm.ClassReader.<init>(ClassReader.java:200)
	at org.jacoco.agent.rt.internal_4742761.asm.ClassReader.<init>(ClassReader.java:180)
	at org.jacoco.agent.rt.internal_4742761.asm.ClassReader.<init>(ClassReader.java:166)
	at org.jacoco.agent.rt.internal_4742761.core.internal.instr.InstrSupport.classReaderFor(InstrSupport.java:280)
	at org.jacoco.agent.rt.internal_4742761.core.instr.Instrumenter.instrument(Instrumenter.java:77)
	at org.jacoco.agent.rt.internal_4742761.core.instr.Instrumenter.instrument(Instrumenter.java:109)
	... 25 more
java.lang.instrument.IllegalClassFormatException: Error while instrumenting jdk/internal/net/http/websocket/RawChannel$RawEvent with JaCoCo 0.8.11.202310140853/f33756c.
	at org.jacoco.agent.rt.internal_4742761.CoverageTransformer.transform(CoverageTransformer.java:94)
	at java.instrument/java.lang.instrument.ClassFileTransformer.transform(ClassFileTransformer.java:257)
	at java.instrument/sun.instrument.TransformerManager.transform(TransformerManager.java:188)
	at java.instrument/sun.instrument.InstrumentationImpl.transform(InstrumentationImpl.java:594)
	at java.base/java.lang.ClassLoader.defineClass2(Native Method)
	at java.base/java.lang.ClassLoader.defineClass(ClassLoader.java:1052)
	at java.base/java.security.SecureClassLoader.defineClass(SecureClassLoader.java:164)
	at java.base/jdk.internal.loader.BuiltinClassLoader.defineClass(BuiltinClassLoader.java:735)
	at java.base/jdk.internal.loader.BuiltinClassLoader.findClassInModuleOrNull(BuiltinClassLoader.java:678)
	at java.base/jdk.internal.loader.BuiltinClassLoader.loadClassOrNull(BuiltinClassLoader.java:604)
	at java.base/jdk.internal.loader.BuiltinClassLoader.loadClass(BuiltinClassLoader.java:578)
	at java.base/java.lang.ClassLoader.loadClass(ClassLoader.java:490)
	at java.net.http/jdk.internal.net.http.websocket.TransportFactoryImpl.createTransport(TransportFactoryImpl.java:39)
	at java.net.http/jdk.internal.net.http.websocket.WebSocketImpl.<init>(WebSocketImpl.java:172)
	at java.net.http/jdk.internal.net.http.websocket.WebSocketImpl.newInstance(WebSocketImpl.java:152)
	at java.net.http/jdk.internal.net.http.websocket.WebSocketImpl.lambda$newInstanceAsync$0(WebSocketImpl.java:125)
	at java.base/java.util.concurrent.CompletableFuture$UniApply.tryFire(CompletableFuture.java:692)
	at java.base/java.util.concurrent.CompletableFuture.postComplete(CompletableFuture.java:556)
	at java.base/java.util.concurrent.CompletableFuture.postFire(CompletableFuture.java:660)
	at java.base/java.util.concurrent.CompletableFuture$UniWhenComplete.tryFire(CompletableFuture.java:890)
	at java.base/java.util.concurrent.CompletableFuture$Completion.exec(CompletableFuture.java:529)
	at java.base/java.util.concurrent.ForkJoinTask.doExec(ForkJoinTask.java:507)
	at java.base/java.util.concurrent.ForkJoinPool$WorkQueue.topLevelExec(ForkJoinPool.java:1394)
	at java.base/java.util.concurrent.ForkJoinPool.runWorker(ForkJoinPool.java:1970)
	at java.base/java.util.concurrent.ForkJoinWorkerThread.run(ForkJoinWorkerThread.java:187)
Caused by: java.io.IOException: Error while instrumenting jdk/internal/net/http/websocket/RawChannel$RawEvent with JaCoCo 0.8.11.202310140853/f33756c.
	at org.jacoco.agent.rt.internal_4742761.core.instr.Instrumenter.instrumentError(Instrumenter.java:161)
	at org.jacoco.agent.rt.internal_4742761.core.instr.Instrumenter.instrument(Instrumenter.java:111)
	at org.jacoco.agent.rt.internal_4742761.CoverageTransformer.transform(CoverageTransformer.java:92)
	... 24 more
Caused by: java.lang.IllegalArgumentException: Unsupported class file major version 68
	at org.jacoco.agent.rt.internal_4742761.asm.ClassReader.<init>(ClassReader.java:200)
	at org.jacoco.agent.rt.internal_4742761.asm.ClassReader.<init>(ClassReader.java:180)
	at org.jacoco.agent.rt.internal_4742761.asm.ClassReader.<init>(ClassReader.java:166)
	at org.jacoco.agent.rt.internal_4742761.core.internal.instr.InstrSupport.classReaderFor(InstrSupport.java:280)
	at org.jacoco.agent.rt.internal_4742761.core.instr.Instrumenter.instrument(Instrumenter.java:77)
	at org.jacoco.agent.rt.internal_4742761.core.instr.Instrumenter.instrument(Instrumenter.java:109)
	... 25 more
java.lang.instrument.IllegalClassFormatException: Error while instrumenting jdk/internal/net/http/websocket/TransportImpl$SendTask with JaCoCo 0.8.11.202310140853/f33756c.
	at org.jacoco.agent.rt.internal_4742761.CoverageTransformer.transform(CoverageTransformer.java:94)
	at java.instrument/java.lang.instrument.ClassFileTransformer.transform(ClassFileTransformer.java:257)
	at java.instrument/sun.instrument.TransformerManager.transform(TransformerManager.java:188)
	at java.instrument/sun.instrument.InstrumentationImpl.transform(InstrumentationImpl.java:594)
	at java.base/java.lang.ClassLoader.defineClass2(Native Method)
	at java.base/java.lang.ClassLoader.defineClass(ClassLoader.java:1052)
	at java.base/java.security.SecureClassLoader.defineClass(SecureClassLoader.java:164)
	at java.base/jdk.internal.loader.BuiltinClassLoader.defineClass(BuiltinClassLoader.java:735)
	at java.base/jdk.internal.loader.BuiltinClassLoader.findClassInModuleOrNull(BuiltinClassLoader.java:678)
	at java.base/jdk.internal.loader.BuiltinClassLoader.loadClassOrNull(BuiltinClassLoader.java:604)
	at java.base/jdk.internal.loader.BuiltinClassLoader.loadClass(BuiltinClassLoader.java:578)
	at java.base/java.lang.ClassLoader.loadClass(ClassLoader.java:490)
	at java.net.http/jdk.internal.net.http.websocket.TransportImpl.<init>(TransportImpl.java:61)
	at java.net.http/jdk.internal.net.http.websocket.TransportFactoryImpl.createTransport(TransportFactoryImpl.java:39)
	at java.net.http/jdk.internal.net.http.websocket.WebSocketImpl.<init>(WebSocketImpl.java:172)
	at java.net.http/jdk.internal.net.http.websocket.WebSocketImpl.newInstance(WebSocketImpl.java:152)
	at java.net.http/jdk.internal.net.http.websocket.WebSocketImpl.lambda$newInstanceAsync$0(WebSocketImpl.java:125)
	at java.base/java.util.concurrent.CompletableFuture$UniApply.tryFire(CompletableFuture.java:692)
	at java.base/java.util.concurrent.CompletableFuture.postComplete(CompletableFuture.java:556)
	at java.base/java.util.concurrent.CompletableFuture.postFire(CompletableFuture.java:660)
	at java.base/java.util.concurrent.CompletableFuture$UniWhenComplete.tryFire(CompletableFuture.java:890)
	at java.base/java.util.concurrent.CompletableFuture$Completion.exec(CompletableFuture.java:529)
	at java.base/java.util.concurrent.ForkJoinTask.doExec(ForkJoinTask.java:507)
	at java.base/java.util.concurrent.ForkJoinPool$WorkQueue.topLevelExec(ForkJoinPool.java:1394)
	at java.base/java.util.concurrent.ForkJoinPool.runWorker(ForkJoinPool.java:1970)
	at java.base/java.util.concurrent.ForkJoinWorkerThread.run(ForkJoinWorkerThread.java:187)
Caused by: java.io.IOException: Error while instrumenting jdk/internal/net/http/websocket/TransportImpl$SendTask with JaCoCo 0.8.11.202310140853/f33756c.
	at org.jacoco.agent.rt.internal_4742761.core.instr.Instrumenter.instrumentError(Instrumenter.java:161)
	at org.jacoco.agent.rt.internal_4742761.core.instr.Instrumenter.instrument(Instrumenter.java:111)
	at org.jacoco.agent.rt.internal_4742761.CoverageTransformer.transform(CoverageTransformer.java:92)
	... 25 more
Caused by: java.lang.IllegalArgumentException: Unsupported class file major version 68
	at org.jacoco.agent.rt.internal_4742761.asm.ClassReader.<init>(ClassReader.java:200)
	at org.jacoco.agent.rt.internal_4742761.asm.ClassReader.<init>(ClassReader.java:180)
	at org.jacoco.agent.rt.internal_4742761.asm.ClassReader.<init>(ClassReader.java:166)
	at org.jacoco.agent.rt.internal_4742761.core.internal.instr.InstrSupport.classReaderFor(InstrSupport.java:280)
	at org.jacoco.agent.rt.internal_4742761.core.instr.Instrumenter.instrument(Instrumenter.java:77)
	at org.jacoco.agent.rt.internal_4742761.core.instr.Instrumenter.instrument(Instrumenter.java:109)
	... 26 more
java.lang.instrument.IllegalClassFormatException: Error while instrumenting jdk/internal/net/http/websocket/MessageQueue$QueueCallback with JaCoCo 0.8.11.202310140853/f33756c.
	at org.jacoco.agent.rt.internal_4742761.CoverageTransformer.transform(CoverageTransformer.java:94)
	at java.instrument/java.lang.instrument.ClassFileTransformer.transform(ClassFileTransformer.java:257)
	at java.instrument/sun.instrument.TransformerManager.transform(TransformerManager.java:188)
	at java.instrument/sun.instrument.InstrumentationImpl.transform(InstrumentationImpl.java:594)
	at java.base/java.lang.ClassLoader.defineClass2(Native Method)
	at java.base/java.lang.ClassLoader.defineClass(ClassLoader.java:1052)
	at java.base/java.security.SecureClassLoader.defineClass(SecureClassLoader.java:164)
	at java.base/jdk.internal.loader.BuiltinClassLoader.defineClass(BuiltinClassLoader.java:735)
	at java.base/jdk.internal.loader.BuiltinClassLoader.findClassInModuleOrNull(BuiltinClassLoader.java:678)
	at java.base/jdk.internal.loader.BuiltinClassLoader.loadClassOrNull(BuiltinClassLoader.java:604)
	at java.base/jdk.internal.loader.BuiltinClassLoader.loadClass(BuiltinClassLoader.java:578)
	at java.base/java.lang.ClassLoader.loadClass(ClassLoader.java:490)
	at java.net.http/jdk.internal.net.http.websocket.TransportImpl.<init>(TransportImpl.java:61)
	at java.net.http/jdk.internal.net.http.websocket.TransportFactoryImpl.createTransport(TransportFactoryImpl.java:39)
	at java.net.http/jdk.internal.net.http.websocket.WebSocketImpl.<init>(WebSocketImpl.java:172)
	at java.net.http/jdk.internal.net.http.websocket.WebSocketImpl.newInstance(WebSocketImpl.java:152)
	at java.net.http/jdk.internal.net.http.websocket.WebSocketImpl.lambda$newInstanceAsync$0(WebSocketImpl.java:125)
	at java.base/java.util.concurrent.CompletableFuture$UniApply.tryFire(CompletableFuture.java:692)
	at java.base/java.util.concurrent.CompletableFuture.postComplete(CompletableFuture.java:556)
	at java.base/java.util.concurrent.CompletableFuture.postFire(CompletableFuture.java:660)
	at java.base/java.util.concurrent.CompletableFuture$UniWhenComplete.tryFire(CompletableFuture.java:890)
	at java.base/java.util.concurrent.CompletableFuture$Completion.exec(CompletableFuture.java:529)
	at java.base/java.util.concurrent.ForkJoinTask.doExec(ForkJoinTask.java:507)
	at java.base/java.util.concurrent.ForkJoinPool$WorkQueue.topLevelExec(ForkJoinPool.java:1394)
	at java.base/java.util.concurrent.ForkJoinPool.runWorker(ForkJoinPool.java:1970)
	at java.base/java.util.concurrent.ForkJoinWorkerThread.run(ForkJoinWorkerThread.java:187)
Caused by: java.io.IOException: Error while instrumenting jdk/internal/net/http/websocket/MessageQueue$QueueCallback with JaCoCo 0.8.11.202310140853/f33756c.
	at org.jacoco.agent.rt.internal_4742761.core.instr.Instrumenter.instrumentError(Instrumenter.java:161)
	at org.jacoco.agent.rt.internal_4742761.core.instr.Instrumenter.instrument(Instrumenter.java:111)
	at org.jacoco.agent.rt.internal_4742761.CoverageTransformer.transform(CoverageTransformer.java:92)
	... 25 more
Caused by: java.lang.IllegalArgumentException: Unsupported class file major version 68
	at org.jacoco.agent.rt.internal_4742761.asm.ClassReader.<init>(ClassReader.java:200)
	at org.jacoco.agent.rt.internal_4742761.asm.ClassReader.<init>(ClassReader.java:180)
	at org.jacoco.agent.rt.internal_4742761.asm.ClassReader.<init>(ClassReader.java:166)
	at org.jacoco.agent.rt.internal_4742761.core.internal.instr.InstrSupport.classReaderFor(InstrSupport.java:280)
	at org.jacoco.agent.rt.internal_4742761.core.instr.Instrumenter.instrument(Instrumenter.java:77)
	at org.jacoco.agent.rt.internal_4742761.core.instr.Instrumenter.instrument(Instrumenter.java:109)
	... 26 more
java.lang.instrument.IllegalClassFormatException: Error while instrumenting jdk/internal/net/http/websocket/TransportImpl$SendTask$1 with JaCoCo 0.8.11.202310140853/f33756c.
	at org.jacoco.agent.rt.internal_4742761.CoverageTransformer.transform(CoverageTransformer.java:94)
	at java.instrument/java.lang.instrument.ClassFileTransformer.transform(ClassFileTransformer.java:257)
	at java.instrument/sun.instrument.TransformerManager.transform(TransformerManager.java:188)
	at java.instrument/sun.instrument.InstrumentationImpl.transform(InstrumentationImpl.java:594)
	at java.base/java.lang.ClassLoader.defineClass2(Native Method)
	at java.base/java.lang.ClassLoader.defineClass(ClassLoader.java:1052)
	at java.base/java.security.SecureClassLoader.defineClass(SecureClassLoader.java:164)
	at java.base/jdk.internal.loader.BuiltinClassLoader.defineClass(BuiltinClassLoader.java:735)
	at java.base/jdk.internal.loader.BuiltinClassLoader.findClassInModuleOrNull(BuiltinClassLoader.java:678)
	at java.base/jdk.internal.loader.BuiltinClassLoader.loadClassOrNull(BuiltinClassLoader.java:604)
	at java.base/jdk.internal.loader.BuiltinClassLoader.loadClass(BuiltinClassLoader.java:578)
	at java.base/java.lang.ClassLoader.loadClass(ClassLoader.java:490)
	at java.net.http/jdk.internal.net.http.websocket.TransportImpl$SendTask.<init>(TransportImpl.java:366)
	at java.net.http/jdk.internal.net.http.websocket.TransportImpl.<init>(TransportImpl.java:61)
	at java.net.http/jdk.internal.net.http.websocket.TransportFactoryImpl.createTransport(TransportFactoryImpl.java:39)
	at java.net.http/jdk.internal.net.http.websocket.WebSocketImpl.<init>(WebSocketImpl.java:172)
	at java.net.http/jdk.internal.net.http.websocket.WebSocketImpl.newInstance(WebSocketImpl.java:152)
	at java.net.http/jdk.internal.net.http.websocket.WebSocketImpl.lambda$newInstanceAsync$0(WebSocketImpl.java:125)
	at java.base/java.util.concurrent.CompletableFuture$UniApply.tryFire(CompletableFuture.java:692)
	at java.base/java.util.concurrent.CompletableFuture.postComplete(CompletableFuture.java:556)
	at java.base/java.util.concurrent.CompletableFuture.postFire(CompletableFuture.java:660)
	at java.base/java.util.concurrent.CompletableFuture$UniWhenComplete.tryFire(CompletableFuture.java:890)
	at java.base/java.util.concurrent.CompletableFuture$Completion.exec(CompletableFuture.java:529)
	at java.base/java.util.concurrent.ForkJoinTask.doExec(ForkJoinTask.java:507)
	at java.base/java.util.concurrent.ForkJoinPool$WorkQueue.topLevelExec(ForkJoinPool.java:1394)
	at java.base/java.util.concurrent.ForkJoinPool.runWorker(ForkJoinPool.java:1970)
	at java.base/java.util.concurrent.ForkJoinWorkerThread.run(ForkJoinWorkerThread.java:187)
Caused by: java.io.IOException: Error while instrumenting jdk/internal/net/http/websocket/TransportImpl$SendTask$1 with JaCoCo 0.8.11.202310140853/f33756c.
	at org.jacoco.agent.rt.internal_4742761.core.instr.Instrumenter.instrumentError(Instrumenter.java:161)
	at org.jacoco.agent.rt.internal_4742761.core.instr.Instrumenter.instrument(Instrumenter.java:111)
	at org.jacoco.agent.rt.internal_4742761.CoverageTransformer.transform(CoverageTransformer.java:92)
	... 26 more
Caused by: java.lang.IllegalArgumentException: Unsupported class file major version 68
	at org.jacoco.agent.rt.internal_4742761.asm.ClassReader.<init>(ClassReader.java:200)
	at org.jacoco.agent.rt.internal_4742761.asm.ClassReader.<init>(ClassReader.java:180)
	at org.jacoco.agent.rt.internal_4742761.asm.ClassReader.<init>(ClassReader.java:166)
	at org.jacoco.agent.rt.internal_4742761.core.internal.instr.InstrSupport.classReaderFor(InstrSupport.java:280)
	at org.jacoco.agent.rt.internal_4742761.core.instr.Instrumenter.instrument(Instrumenter.java:77)
	at org.jacoco.agent.rt.internal_4742761.core.instr.Instrumenter.instrument(Instrumenter.java:109)
	... 27 more
java.lang.instrument.IllegalClassFormatException: Error while instrumenting jdk/internal/net/http/websocket/TransportImpl$SendTask$2 with JaCoCo 0.8.11.202310140853/f33756c.
	at org.jacoco.agent.rt.internal_4742761.CoverageTransformer.transform(CoverageTransformer.java:94)
	at java.instrument/java.lang.instrument.ClassFileTransformer.transform(ClassFileTransformer.java:257)
	at java.instrument/sun.instrument.TransformerManager.transform(TransformerManager.java:188)
	at java.instrument/sun.instrument.InstrumentationImpl.transform(InstrumentationImpl.java:594)
	at java.base/java.lang.ClassLoader.defineClass2(Native Method)
	at java.base/java.lang.ClassLoader.defineClass(ClassLoader.java:1052)
	at java.base/java.security.SecureClassLoader.defineClass(SecureClassLoader.java:164)
	at java.base/jdk.internal.loader.BuiltinClassLoader.defineClass(BuiltinClassLoader.java:735)
	at java.base/jdk.internal.loader.BuiltinClassLoader.findClassInModuleOrNull(BuiltinClassLoader.java:678)
	at java.base/jdk.internal.loader.BuiltinClassLoader.loadClassOrNull(BuiltinClassLoader.java:604)
	at java.base/jdk.internal.loader.BuiltinClassLoader.loadClass(BuiltinClassLoader.java:578)
	at java.base/java.lang.ClassLoader.loadClass(ClassLoader.java:490)
	at java.net.http/jdk.internal.net.http.websocket.TransportImpl$SendTask.<init>(TransportImpl.java:441)
	at java.net.http/jdk.internal.net.http.websocket.TransportImpl.<init>(TransportImpl.java:61)
	at java.net.http/jdk.internal.net.http.websocket.TransportFactoryImpl.createTransport(TransportFactoryImpl.java:39)
	at java.net.http/jdk.internal.net.http.websocket.WebSocketImpl.<init>(WebSocketImpl.java:172)
	at java.net.http/jdk.internal.net.http.websocket.WebSocketImpl.newInstance(WebSocketImpl.java:152)
	at java.net.http/jdk.internal.net.http.websocket.WebSocketImpl.lambda$newInstanceAsync$0(WebSocketImpl.java:125)
	at java.base/java.util.concurrent.CompletableFuture$UniApply.tryFire(CompletableFuture.java:692)
	at java.base/java.util.concurrent.CompletableFuture.postComplete(CompletableFuture.java:556)
	at java.base/java.util.concurrent.CompletableFuture.postFire(CompletableFuture.java:660)
	at java.base/java.util.concurrent.CompletableFuture$UniWhenComplete.tryFire(CompletableFuture.java:890)
	at java.base/java.util.concurrent.CompletableFuture$Completion.exec(CompletableFuture.java:529)
	at java.base/java.util.concurrent.ForkJoinTask.doExec(ForkJoinTask.java:507)
	at java.base/java.util.concurrent.ForkJoinPool$WorkQueue.topLevelExec(ForkJoinPool.java:1394)
	at java.base/java.util.concurrent.ForkJoinPool.runWorker(ForkJoinPool.java:1970)
	at java.base/java.util.concurrent.ForkJoinWorkerThread.run(ForkJoinWorkerThread.java:187)
Caused by: java.io.IOException: Error while instrumenting jdk/internal/net/http/websocket/TransportImpl$SendTask$2 with JaCoCo 0.8.11.202310140853/f33756c.
	at org.jacoco.agent.rt.internal_4742761.core.instr.Instrumenter.instrumentError(Instrumenter.java:161)
	at org.jacoco.agent.rt.internal_4742761.core.instr.Instrumenter.instrument(Instrumenter.java:111)
	at org.jacoco.agent.rt.internal_4742761.CoverageTransformer.transform(CoverageTransformer.java:92)
	... 26 more
Caused by: java.lang.IllegalArgumentException: Unsupported class file major version 68
	at org.jacoco.agent.rt.internal_4742761.asm.ClassReader.<init>(ClassReader.java:200)
	at org.jacoco.agent.rt.internal_4742761.asm.ClassReader.<init>(ClassReader.java:180)
	at org.jacoco.agent.rt.internal_4742761.asm.ClassReader.<init>(ClassReader.java:166)
	at org.jacoco.agent.rt.internal_4742761.core.internal.instr.InstrSupport.classReaderFor(InstrSupport.java:280)
	at org.jacoco.agent.rt.internal_4742761.core.instr.Instrumenter.instrument(Instrumenter.java:77)
	at org.jacoco.agent.rt.internal_4742761.core.instr.Instrumenter.instrument(Instrumenter.java:109)
	... 27 more
java.lang.instrument.IllegalClassFormatException: Error while instrumenting jdk/internal/net/http/websocket/MessageEncoder with JaCoCo 0.8.11.202310140853/f33756c.
	at org.jacoco.agent.rt.internal_4742761.CoverageTransformer.transform(CoverageTransformer.java:94)
	at java.instrument/java.lang.instrument.ClassFileTransformer.transform(ClassFileTransformer.java:257)
	at java.instrument/sun.instrument.TransformerManager.transform(TransformerManager.java:188)
	at java.instrument/sun.instrument.InstrumentationImpl.transform(InstrumentationImpl.java:594)
	at java.base/java.lang.ClassLoader.defineClass2(Native Method)
	at java.base/java.lang.ClassLoader.defineClass(ClassLoader.java:1052)
	at java.base/java.security.SecureClassLoader.defineClass(SecureClassLoader.java:164)
	at java.base/jdk.internal.loader.BuiltinClassLoader.defineClass(BuiltinClassLoader.java:735)
	at java.base/jdk.internal.loader.BuiltinClassLoader.findClassInModuleOrNull(BuiltinClassLoader.java:678)
	at java.base/jdk.internal.loader.BuiltinClassLoader.loadClassOrNull(BuiltinClassLoader.java:604)
	at java.base/jdk.internal.loader.BuiltinClassLoader.loadClass(BuiltinClassLoader.java:578)
	at java.base/java.lang.ClassLoader.loadClass(ClassLoader.java:490)
	at java.net.http/jdk.internal.net.http.websocket.TransportImpl.<init>(TransportImpl.java:64)
	at java.net.http/jdk.internal.net.http.websocket.TransportFactoryImpl.createTransport(TransportFactoryImpl.java:39)
	at java.net.http/jdk.internal.net.http.websocket.WebSocketImpl.<init>(WebSocketImpl.java:172)
	at java.net.http/jdk.internal.net.http.websocket.WebSocketImpl.newInstance(WebSocketImpl.java:152)
	at java.net.http/jdk.internal.net.http.websocket.WebSocketImpl.lambda$newInstanceAsync$0(WebSocketImpl.java:125)
	at java.base/java.util.concurrent.CompletableFuture$UniApply.tryFire(CompletableFuture.java:692)
	at java.base/java.util.concurrent.CompletableFuture.postComplete(CompletableFuture.java:556)
	at java.base/java.util.concurrent.CompletableFuture.postFire(CompletableFuture.java:660)
	at java.base/java.util.concurrent.CompletableFuture$UniWhenComplete.tryFire(CompletableFuture.java:890)
	at java.base/java.util.concurrent.CompletableFuture$Completion.exec(CompletableFuture.java:529)
	at java.base/java.util.concurrent.ForkJoinTask.doExec(ForkJoinTask.java:507)
	at java.base/java.util.concurrent.ForkJoinPool$WorkQueue.topLevelExec(ForkJoinPool.java:1394)
	at java.base/java.util.concurrent.ForkJoinPool.runWorker(ForkJoinPool.java:1970)
	at java.base/java.util.concurrent.ForkJoinWorkerThread.run(ForkJoinWorkerThread.java:187)
Caused by: java.io.IOException: Error while instrumenting jdk/internal/net/http/websocket/MessageEncoder with JaCoCo 0.8.11.202310140853/f33756c.
	at org.jacoco.agent.rt.internal_4742761.core.instr.Instrumenter.instrumentError(Instrumenter.java:161)
	at org.jacoco.agent.rt.internal_4742761.core.instr.Instrumenter.instrument(Instrumenter.java:111)
	at org.jacoco.agent.rt.internal_4742761.CoverageTransformer.transform(CoverageTransformer.java:92)
	... 25 more
Caused by: java.lang.IllegalArgumentException: Unsupported class file major version 68
	at org.jacoco.agent.rt.internal_4742761.asm.ClassReader.<init>(ClassReader.java:200)
	at org.jacoco.agent.rt.internal_4742761.asm.ClassReader.<init>(ClassReader.java:180)
	at org.jacoco.agent.rt.internal_4742761.asm.ClassReader.<init>(ClassReader.java:166)
	at org.jacoco.agent.rt.internal_4742761.core.internal.instr.InstrSupport.classReaderFor(InstrSupport.java:280)
	at org.jacoco.agent.rt.internal_4742761.core.instr.Instrumenter.instrument(Instrumenter.java:77)
	at org.jacoco.agent.rt.internal_4742761.core.instr.Instrumenter.instrument(Instrumenter.java:109)
	... 26 more
java.lang.instrument.IllegalClassFormatException: Error while instrumenting jdk/internal/net/http/websocket/Frame$HeaderWriter with JaCoCo 0.8.11.202310140853/f33756c.
	at org.jacoco.agent.rt.internal_4742761.CoverageTransformer.transform(CoverageTransformer.java:94)
	at java.instrument/java.lang.instrument.ClassFileTransformer.transform(ClassFileTransformer.java:257)
	at java.instrument/sun.instrument.TransformerManager.transform(TransformerManager.java:188)
	at java.instrument/sun.instrument.InstrumentationImpl.transform(InstrumentationImpl.java:594)
	at java.base/java.lang.ClassLoader.defineClass2(Native Method)
	at java.base/java.lang.ClassLoader.defineClass(ClassLoader.java:1052)
	at java.base/java.security.SecureClassLoader.defineClass(SecureClassLoader.java:164)
	at java.base/jdk.internal.loader.BuiltinClassLoader.defineClass(BuiltinClassLoader.java:735)
	at java.base/jdk.internal.loader.BuiltinClassLoader.findClassInModuleOrNull(BuiltinClassLoader.java:678)
	at java.base/jdk.internal.loader.BuiltinClassLoader.loadClassOrNull(BuiltinClassLoader.java:604)
	at java.base/jdk.internal.loader.BuiltinClassLoader.loadClass(BuiltinClassLoader.java:578)
	at java.base/java.lang.ClassLoader.loadClass(ClassLoader.java:490)
	at java.net.http/jdk.internal.net.http.websocket.MessageEncoder.<init>(MessageEncoder.java:56)
	at java.net.http/jdk.internal.net.http.websocket.MessageEncoder.<init>(MessageEncoder.java:87)
	at java.net.http/jdk.internal.net.http.websocket.TransportImpl.<init>(TransportImpl.java:64)
	at java.net.http/jdk.internal.net.http.websocket.TransportFactoryImpl.createTransport(TransportFactoryImpl.java:39)
	at java.net.http/jdk.internal.net.http.websocket.WebSocketImpl.<init>(WebSocketImpl.java:172)
	at java.net.http/jdk.internal.net.http.websocket.WebSocketImpl.newInstance(WebSocketImpl.java:152)
	at java.net.http/jdk.internal.net.http.websocket.WebSocketImpl.lambda$newInstanceAsync$0(WebSocketImpl.java:125)
	at java.base/java.util.concurrent.CompletableFuture$UniApply.tryFire(CompletableFuture.java:692)
	at java.base/java.util.concurrent.CompletableFuture.postComplete(CompletableFuture.java:556)
	at java.base/java.util.concurrent.CompletableFuture.postFire(CompletableFuture.java:660)
	at java.base/java.util.concurrent.CompletableFuture$UniWhenComplete.tryFire(CompletableFuture.java:890)
	at java.base/java.util.concurrent.CompletableFuture$Completion.exec(CompletableFuture.java:529)
	at java.base/java.util.concurrent.ForkJoinTask.doExec(ForkJoinTask.java:507)
	at java.base/java.util.concurrent.ForkJoinPool$WorkQueue.topLevelExec(ForkJoinPool.java:1394)
	at java.base/java.util.concurrent.ForkJoinPool.runWorker(ForkJoinPool.java:1970)
	at java.base/java.util.concurrent.ForkJoinWorkerThread.run(ForkJoinWorkerThread.java:187)
Caused by: java.io.IOException: Error while instrumenting jdk/internal/net/http/websocket/Frame$HeaderWriter with JaCoCo 0.8.11.202310140853/f33756c.
	at org.jacoco.agent.rt.internal_4742761.core.instr.Instrumenter.instrumentError(Instrumenter.java:161)
	at org.jacoco.agent.rt.internal_4742761.core.instr.Instrumenter.instrument(Instrumenter.java:111)
	at org.jacoco.agent.rt.internal_4742761.CoverageTransformer.transform(CoverageTransformer.java:92)
	... 27 more
Caused by: java.lang.IllegalArgumentException: Unsupported class file major version 68
	at org.jacoco.agent.rt.internal_4742761.asm.ClassReader.<init>(ClassReader.java:200)
	at org.jacoco.agent.rt.internal_4742761.asm.ClassReader.<init>(ClassReader.java:180)
	at org.jacoco.agent.rt.internal_4742761.asm.ClassReader.<init>(ClassReader.java:166)
	at org.jacoco.agent.rt.internal_4742761.core.internal.instr.InstrSupport.classReaderFor(InstrSupport.java:280)
	at org.jacoco.agent.rt.internal_4742761.core.instr.Instrumenter.instrument(Instrumenter.java:77)
	at org.jacoco.agent.rt.internal_4742761.core.instr.Instrumenter.instrument(Instrumenter.java:109)
	... 28 more
java.lang.instrument.IllegalClassFormatException: Error while instrumenting jdk/internal/net/http/websocket/Frame$Masker with JaCoCo 0.8.11.202310140853/f33756c.
	at org.jacoco.agent.rt.internal_4742761.CoverageTransformer.transform(CoverageTransformer.java:94)
	at java.instrument/java.lang.instrument.ClassFileTransformer.transform(ClassFileTransformer.java:257)
	at java.instrument/sun.instrument.TransformerManager.transform(TransformerManager.java:188)
	at java.instrument/sun.instrument.InstrumentationImpl.transform(InstrumentationImpl.java:594)
	at java.base/java.lang.ClassLoader.defineClass2(Native Method)
	at java.base/java.lang.ClassLoader.defineClass(ClassLoader.java:1052)
	at java.base/java.security.SecureClassLoader.defineClass(SecureClassLoader.java:164)
	at java.base/jdk.internal.loader.BuiltinClassLoader.defineClass(BuiltinClassLoader.java:735)
	at java.base/jdk.internal.loader.BuiltinClassLoader.findClassInModuleOrNull(BuiltinClassLoader.java:678)
	at java.base/jdk.internal.loader.BuiltinClassLoader.loadClassOrNull(BuiltinClassLoader.java:604)
	at java.base/jdk.internal.loader.BuiltinClassLoader.loadClass(BuiltinClassLoader.java:578)
	at java.base/java.lang.ClassLoader.loadClass(ClassLoader.java:490)
	at java.net.http/jdk.internal.net.http.websocket.MessageEncoder.<init>(MessageEncoder.java:57)
	at java.net.http/jdk.internal.net.http.websocket.MessageEncoder.<init>(MessageEncoder.java:87)
	at java.net.http/jdk.internal.net.http.websocket.TransportImpl.<init>(TransportImpl.java:64)
	at java.net.http/jdk.internal.net.http.websocket.TransportFactoryImpl.createTransport(TransportFactoryImpl.java:39)
	at java.net.http/jdk.internal.net.http.websocket.WebSocketImpl.<init>(WebSocketImpl.java:172)
	at java.net.http/jdk.internal.net.http.websocket.WebSocketImpl.newInstance(WebSocketImpl.java:152)
	at java.net.http/jdk.internal.net.http.websocket.WebSocketImpl.lambda$newInstanceAsync$0(WebSocketImpl.java:125)
	at java.base/java.util.concurrent.CompletableFuture$UniApply.tryFire(CompletableFuture.java:692)
	at java.base/java.util.concurrent.CompletableFuture.postComplete(CompletableFuture.java:556)
	at java.base/java.util.concurrent.CompletableFuture.postFire(CompletableFuture.java:660)
	at java.base/java.util.concurrent.CompletableFuture$UniWhenComplete.tryFire(CompletableFuture.java:890)
	at java.base/java.util.concurrent.CompletableFuture$Completion.exec(CompletableFuture.java:529)
	at java.base/java.util.concurrent.ForkJoinTask.doExec(ForkJoinTask.java:507)
	at java.base/java.util.concurrent.ForkJoinPool$WorkQueue.topLevelExec(ForkJoinPool.java:1394)
	at java.base/java.util.concurrent.ForkJoinPool.runWorker(ForkJoinPool.java:1970)
	at java.base/java.util.concurrent.ForkJoinWorkerThread.run(ForkJoinWorkerThread.java:187)
Caused by: java.io.IOException: Error while instrumenting jdk/internal/net/http/websocket/Frame$Masker with JaCoCo 0.8.11.202310140853/f33756c.
	at org.jacoco.agent.rt.internal_4742761.core.instr.Instrumenter.instrumentError(Instrumenter.java:161)
	at org.jacoco.agent.rt.internal_4742761.core.instr.Instrumenter.instrument(Instrumenter.java:111)
	at org.jacoco.agent.rt.internal_4742761.CoverageTransformer.transform(CoverageTransformer.java:92)
	... 27 more
Caused by: java.lang.IllegalArgumentException: Unsupported class file major version 68
	at org.jacoco.agent.rt.internal_4742761.asm.ClassReader.<init>(ClassReader.java:200)
	at org.jacoco.agent.rt.internal_4742761.asm.ClassReader.<init>(ClassReader.java:180)
	at org.jacoco.agent.rt.internal_4742761.asm.ClassReader.<init>(ClassReader.java:166)
	at org.jacoco.agent.rt.internal_4742761.core.internal.instr.InstrSupport.classReaderFor(InstrSupport.java:280)
	at org.jacoco.agent.rt.internal_4742761.core.instr.Instrumenter.instrument(Instrumenter.java:77)
	at org.jacoco.agent.rt.internal_4742761.core.instr.Instrumenter.instrument(Instrumenter.java:109)
	... 28 more
java.lang.instrument.IllegalClassFormatException: Error while instrumenting jdk/internal/net/http/websocket/Frame with JaCoCo 0.8.11.202310140853/f33756c.
	at org.jacoco.agent.rt.internal_4742761.CoverageTransformer.transform(CoverageTransformer.java:94)
	at java.instrument/java.lang.instrument.ClassFileTransformer.transform(ClassFileTransformer.java:257)
	at java.instrument/sun.instrument.TransformerManager.transform(TransformerManager.java:188)
	at java.instrument/sun.instrument.InstrumentationImpl.transform(InstrumentationImpl.java:594)
	at java.base/java.lang.ClassLoader.defineClass2(Native Method)
	at java.base/java.lang.ClassLoader.defineClass(ClassLoader.java:1052)
	at java.base/java.security.SecureClassLoader.defineClass(SecureClassLoader.java:164)
	at java.base/jdk.internal.loader.BuiltinClassLoader.defineClass(BuiltinClassLoader.java:735)
	at java.base/jdk.internal.loader.BuiltinClassLoader.findClassInModuleOrNull(BuiltinClassLoader.java:678)
	at java.base/jdk.internal.loader.BuiltinClassLoader.loadClassOrNull(BuiltinClassLoader.java:604)
	at java.base/jdk.internal.loader.BuiltinClassLoader.loadClass(BuiltinClassLoader.java:578)
	at java.base/java.lang.ClassLoader.loadClass(ClassLoader.java:490)
	at java.net.http/jdk.internal.net.http.websocket.Frame$Masker.<clinit>(Frame.java:90)
	at java.net.http/jdk.internal.net.http.websocket.MessageEncoder.<init>(MessageEncoder.java:57)
	at java.net.http/jdk.internal.net.http.websocket.MessageEncoder.<init>(MessageEncoder.java:87)
	at java.net.http/jdk.internal.net.http.websocket.TransportImpl.<init>(TransportImpl.java:64)
	at java.net.http/jdk.internal.net.http.websocket.TransportFactoryImpl.createTransport(TransportFactoryImpl.java:39)
	at java.net.http/jdk.internal.net.http.websocket.WebSocketImpl.<init>(WebSocketImpl.java:172)
	at java.net.http/jdk.internal.net.http.websocket.WebSocketImpl.newInstance(WebSocketImpl.java:152)
	at java.net.http/jdk.internal.net.http.websocket.WebSocketImpl.lambda$newInstanceAsync$0(WebSocketImpl.java:125)
	at java.base/java.util.concurrent.CompletableFuture$UniApply.tryFire(CompletableFuture.java:692)
	at java.base/java.util.concurrent.CompletableFuture.postComplete(CompletableFuture.java:556)
	at java.base/java.util.concurrent.CompletableFuture.postFire(CompletableFuture.java:660)
	at java.base/java.util.concurrent.CompletableFuture$UniWhenComplete.tryFire(CompletableFuture.java:890)
	at java.base/java.util.concurrent.CompletableFuture$Completion.exec(CompletableFuture.java:529)
	at java.base/java.util.concurrent.ForkJoinTask.doExec(ForkJoinTask.java:507)
	at java.base/java.util.concurrent.ForkJoinPool$WorkQueue.topLevelExec(ForkJoinPool.java:1394)
	at java.base/java.util.concurrent.ForkJoinPool.runWorker(ForkJoinPool.java:1970)
	at java.base/java.util.concurrent.ForkJoinWorkerThread.run(ForkJoinWorkerThread.java:187)
Caused by: java.io.IOException: Error while instrumenting jdk/internal/net/http/websocket/Frame with JaCoCo 0.8.11.202310140853/f33756c.
	at org.jacoco.agent.rt.internal_4742761.core.instr.Instrumenter.instrumentError(Instrumenter.java:161)
	at org.jacoco.agent.rt.internal_4742761.core.instr.Instrumenter.instrument(Instrumenter.java:111)
	at org.jacoco.agent.rt.internal_4742761.CoverageTransformer.transform(CoverageTransformer.java:92)
	... 28 more
Caused by: java.lang.IllegalArgumentException: Unsupported class file major version 68
	at org.jacoco.agent.rt.internal_4742761.asm.ClassReader.<init>(ClassReader.java:200)
	at org.jacoco.agent.rt.internal_4742761.asm.ClassReader.<init>(ClassReader.java:180)
	at org.jacoco.agent.rt.internal_4742761.asm.ClassReader.<init>(ClassReader.java:166)
	at org.jacoco.agent.rt.internal_4742761.core.internal.instr.InstrSupport.classReaderFor(InstrSupport.java:280)
	at org.jacoco.agent.rt.internal_4742761.core.instr.Instrumenter.instrument(Instrumenter.java:77)
	at org.jacoco.agent.rt.internal_4742761.core.instr.Instrumenter.instrument(Instrumenter.java:109)
	... 29 more
java.lang.instrument.IllegalClassFormatException: Error while instrumenting jdk/internal/net/http/websocket/Frame$Reader with JaCoCo 0.8.11.202310140853/f33756c.
	at org.jacoco.agent.rt.internal_4742761.CoverageTransformer.transform(CoverageTransformer.java:94)
	at java.instrument/java.lang.instrument.ClassFileTransformer.transform(ClassFileTransformer.java:257)
	at java.instrument/sun.instrument.TransformerManager.transform(TransformerManager.java:188)
	at java.instrument/sun.instrument.InstrumentationImpl.transform(InstrumentationImpl.java:594)
	at java.base/java.lang.ClassLoader.defineClass2(Native Method)
	at java.base/java.lang.ClassLoader.defineClass(ClassLoader.java:1052)
	at java.base/java.security.SecureClassLoader.defineClass(SecureClassLoader.java:164)
	at java.base/jdk.internal.loader.BuiltinClassLoader.defineClass(BuiltinClassLoader.java:735)
	at java.base/jdk.internal.loader.BuiltinClassLoader.findClassInModuleOrNull(BuiltinClassLoader.java:678)
	at java.base/jdk.internal.loader.BuiltinClassLoader.loadClassOrNull(BuiltinClassLoader.java:604)
	at java.base/jdk.internal.loader.BuiltinClassLoader.loadClass(BuiltinClassLoader.java:578)
	at java.base/java.lang.ClassLoader.loadClass(ClassLoader.java:490)
	at java.net.http/jdk.internal.net.http.websocket.TransportImpl.<init>(TransportImpl.java:71)
	at java.net.http/jdk.internal.net.http.websocket.TransportFactoryImpl.createTransport(TransportFactoryImpl.java:39)
	at java.net.http/jdk.internal.net.http.websocket.WebSocketImpl.<init>(WebSocketImpl.java:172)
	at java.net.http/jdk.internal.net.http.websocket.WebSocketImpl.newInstance(WebSocketImpl.java:152)
	at java.net.http/jdk.internal.net.http.websocket.WebSocketImpl.lambda$newInstanceAsync$0(WebSocketImpl.java:125)
	at java.base/java.util.concurrent.CompletableFuture$UniApply.tryFire(CompletableFuture.java:692)
	at java.base/java.util.concurrent.CompletableFuture.postComplete(CompletableFuture.java:556)
	at java.base/java.util.concurrent.CompletableFuture.postFire(CompletableFuture.java:660)
	at java.base/java.util.concurrent.CompletableFuture$UniWhenComplete.tryFire(CompletableFuture.java:890)
	at java.base/java.util.concurrent.CompletableFuture$Completion.exec(CompletableFuture.java:529)
	at java.base/java.util.concurrent.ForkJoinTask.doExec(ForkJoinTask.java:507)
	at java.base/java.util.concurrent.ForkJoinPool$WorkQueue.topLevelExec(ForkJoinPool.java:1394)
	at java.base/java.util.concurrent.ForkJoinPool.runWorker(ForkJoinPool.java:1970)
	at java.base/java.util.concurrent.ForkJoinWorkerThread.run(ForkJoinWorkerThread.java:187)
Caused by: java.io.IOException: Error while instrumenting jdk/internal/net/http/websocket/Frame$Reader with JaCoCo 0.8.11.202310140853/f33756c.
	at org.jacoco.agent.rt.internal_4742761.core.instr.Instrumenter.instrumentError(Instrumenter.java:161)
	at org.jacoco.agent.rt.internal_4742761.core.instr.Instrumenter.instrument(Instrumenter.java:111)
	at org.jacoco.agent.rt.internal_4742761.CoverageTransformer.transform(CoverageTransformer.java:92)
	... 25 more
Caused by: java.lang.IllegalArgumentException: Unsupported class file major version 68
	at org.jacoco.agent.rt.internal_4742761.asm.ClassReader.<init>(ClassReader.java:200)
	at org.jacoco.agent.rt.internal_4742761.asm.ClassReader.<init>(ClassReader.java:180)
	at org.jacoco.agent.rt.internal_4742761.asm.ClassReader.<init>(ClassReader.java:166)
	at org.jacoco.agent.rt.internal_4742761.core.internal.instr.InstrSupport.classReaderFor(InstrSupport.java:280)
	at org.jacoco.agent.rt.internal_4742761.core.instr.Instrumenter.instrument(Instrumenter.java:77)
	at org.jacoco.agent.rt.internal_4742761.core.instr.Instrumenter.instrument(Instrumenter.java:109)
	... 26 more
java.lang.instrument.IllegalClassFormatException: Error while instrumenting jdk/internal/net/http/websocket/FailWebSocketException with JaCoCo 0.8.11.202310140853/f33756c.
	at org.jacoco.agent.rt.internal_4742761.CoverageTransformer.transform(CoverageTransformer.java:94)
	at java.instrument/java.lang.instrument.ClassFileTransformer.transform(ClassFileTransformer.java:257)
	at java.instrument/sun.instrument.TransformerManager.transform(TransformerManager.java:188)
	at java.instrument/sun.instrument.InstrumentationImpl.transform(InstrumentationImpl.java:594)
	at java.base/java.lang.ClassLoader.defineClass2(Native Method)
	at java.base/java.lang.ClassLoader.defineClass(ClassLoader.java:1052)
	at java.base/java.security.SecureClassLoader.defineClass(SecureClassLoader.java:164)
	at java.base/jdk.internal.loader.BuiltinClassLoader.defineClass(BuiltinClassLoader.java:735)
	at java.base/jdk.internal.loader.BuiltinClassLoader.findClassInModuleOrNull(BuiltinClassLoader.java:678)
	at java.base/jdk.internal.loader.BuiltinClassLoader.loadClassOrNull(BuiltinClassLoader.java:604)
	at java.base/jdk.internal.loader.BuiltinClassLoader.loadClass(BuiltinClassLoader.java:578)
	at java.base/java.lang.ClassLoader.loadClass(ClassLoader.java:490)
	at java.net.http/jdk.internal.net.http.websocket.TransportImpl.<init>(TransportImpl.java:71)
	at java.net.http/jdk.internal.net.http.websocket.TransportFactoryImpl.createTransport(TransportFactoryImpl.java:39)
	at java.net.http/jdk.internal.net.http.websocket.WebSocketImpl.<init>(WebSocketImpl.java:172)
	at java.net.http/jdk.internal.net.http.websocket.WebSocketImpl.newInstance(WebSocketImpl.java:152)
	at java.net.http/jdk.internal.net.http.websocket.WebSocketImpl.lambda$newInstanceAsync$0(WebSocketImpl.java:125)
	at java.base/java.util.concurrent.CompletableFuture$UniApply.tryFire(CompletableFuture.java:692)
	at java.base/java.util.concurrent.CompletableFuture.postComplete(CompletableFuture.java:556)
	at java.base/java.util.concurrent.CompletableFuture.postFire(CompletableFuture.java:660)
	at java.base/java.util.concurrent.CompletableFuture$UniWhenComplete.tryFire(CompletableFuture.java:890)
	at java.base/java.util.concurrent.CompletableFuture$Completion.exec(CompletableFuture.java:529)
	at java.base/java.util.concurrent.ForkJoinTask.doExec(ForkJoinTask.java:507)
	at java.base/java.util.concurrent.ForkJoinPool$WorkQueue.topLevelExec(ForkJoinPool.java:1394)
	at java.base/java.util.concurrent.ForkJoinPool.runWorker(ForkJoinPool.java:1970)
	at java.base/java.util.concurrent.ForkJoinWorkerThread.run(ForkJoinWorkerThread.java:187)
Caused by: java.io.IOException: Error while instrumenting jdk/internal/net/http/websocket/FailWebSocketException with JaCoCo 0.8.11.202310140853/f33756c.
	at org.jacoco.agent.rt.internal_4742761.core.instr.Instrumenter.instrumentError(Instrumenter.java:161)
	at org.jacoco.agent.rt.internal_4742761.core.instr.Instrumenter.instrument(Instrumenter.java:111)
	at org.jacoco.agent.rt.internal_4742761.CoverageTransformer.transform(CoverageTransformer.java:92)
	... 25 more
Caused by: java.lang.IllegalArgumentException: Unsupported class file major version 68
	at org.jacoco.agent.rt.internal_4742761.asm.ClassReader.<init>(ClassReader.java:200)
	at org.jacoco.agent.rt.internal_4742761.asm.ClassReader.<init>(ClassReader.java:180)
	at org.jacoco.agent.rt.internal_4742761.asm.ClassReader.<init>(ClassReader.java:166)
	at org.jacoco.agent.rt.internal_4742761.core.internal.instr.InstrSupport.classReaderFor(InstrSupport.java:280)
	at org.jacoco.agent.rt.internal_4742761.core.instr.Instrumenter.instrument(Instrumenter.java:77)
	at org.jacoco.agent.rt.internal_4742761.core.instr.Instrumenter.instrument(Instrumenter.java:109)
	... 26 more
java.lang.instrument.IllegalClassFormatException: Error while instrumenting jdk/internal/net/http/websocket/TransportImpl$WriteEvent with JaCoCo 0.8.11.202310140853/f33756c.
	at org.jacoco.agent.rt.internal_4742761.CoverageTransformer.transform(CoverageTransformer.java:94)
	at java.instrument/java.lang.instrument.ClassFileTransformer.transform(ClassFileTransformer.java:257)
	at java.instrument/sun.instrument.TransformerManager.transform(TransformerManager.java:188)
	at java.instrument/sun.instrument.InstrumentationImpl.transform(InstrumentationImpl.java:594)
	at java.base/java.lang.ClassLoader.defineClass2(Native Method)
	at java.base/java.lang.ClassLoader.defineClass(ClassLoader.java:1052)
	at java.base/java.security.SecureClassLoader.defineClass(SecureClassLoader.java:164)
	at java.base/jdk.internal.loader.BuiltinClassLoader.defineClass(BuiltinClassLoader.java:735)
	at java.base/jdk.internal.loader.BuiltinClassLoader.findClassInModuleOrNull(BuiltinClassLoader.java:678)
	at java.base/jdk.internal.loader.BuiltinClassLoader.loadClassOrNull(BuiltinClassLoader.java:604)
	at java.base/jdk.internal.loader.BuiltinClassLoader.loadClass(BuiltinClassLoader.java:578)
	at java.base/java.lang.ClassLoader.loadClass(ClassLoader.java:490)
	at java.net.http/jdk.internal.net.http.websocket.TransportImpl.<init>(TransportImpl.java:77)
	at java.net.http/jdk.internal.net.http.websocket.TransportFactoryImpl.createTransport(TransportFactoryImpl.java:39)
	at java.net.http/jdk.internal.net.http.websocket.WebSocketImpl.<init>(WebSocketImpl.java:172)
	at java.net.http/jdk.internal.net.http.websocket.WebSocketImpl.newInstance(WebSocketImpl.java:152)
	at java.net.http/jdk.internal.net.http.websocket.WebSocketImpl.lambda$newInstanceAsync$0(WebSocketImpl.java:125)
	at java.base/java.util.concurrent.CompletableFuture$UniApply.tryFire(CompletableFuture.java:692)
	at java.base/java.util.concurrent.CompletableFuture.postComplete(CompletableFuture.java:556)
	at java.base/java.util.concurrent.CompletableFuture.postFire(CompletableFuture.java:660)
	at java.base/java.util.concurrent.CompletableFuture$UniWhenComplete.tryFire(CompletableFuture.java:890)
	at java.base/java.util.concurrent.CompletableFuture$Completion.exec(CompletableFuture.java:529)
	at java.base/java.util.concurrent.ForkJoinTask.doExec(ForkJoinTask.java:507)
	at java.base/java.util.concurrent.ForkJoinPool$WorkQueue.topLevelExec(ForkJoinPool.java:1394)
	at java.base/java.util.concurrent.ForkJoinPool.runWorker(ForkJoinPool.java:1970)
	at java.base/java.util.concurrent.ForkJoinWorkerThread.run(ForkJoinWorkerThread.java:187)
Caused by: java.io.IOException: Error while instrumenting jdk/internal/net/http/websocket/TransportImpl$WriteEvent with JaCoCo 0.8.11.202310140853/f33756c.
	at org.jacoco.agent.rt.internal_4742761.core.instr.Instrumenter.instrumentError(Instrumenter.java:161)
	at org.jacoco.agent.rt.internal_4742761.core.instr.Instrumenter.instrument(Instrumenter.java:111)
	at org.jacoco.agent.rt.internal_4742761.CoverageTransformer.transform(CoverageTransformer.java:92)
	... 25 more
Caused by: java.lang.IllegalArgumentException: Unsupported class file major version 68
	at org.jacoco.agent.rt.internal_4742761.asm.ClassReader.<init>(ClassReader.java:200)
	at org.jacoco.agent.rt.internal_4742761.asm.ClassReader.<init>(ClassReader.java:180)
	at org.jacoco.agent.rt.internal_4742761.asm.ClassReader.<init>(ClassReader.java:166)
	at org.jacoco.agent.rt.internal_4742761.core.internal.instr.InstrSupport.classReaderFor(InstrSupport.java:280)
	at org.jacoco.agent.rt.internal_4742761.core.instr.Instrumenter.instrument(Instrumenter.java:77)
	at org.jacoco.agent.rt.internal_4742761.core.instr.Instrumenter.instrument(Instrumenter.java:109)
	... 26 more
java.lang.instrument.IllegalClassFormatException: Error while instrumenting jdk/internal/net/http/websocket/TransportImpl$ReadEvent with JaCoCo 0.8.11.202310140853/f33756c.
	at org.jacoco.agent.rt.internal_4742761.CoverageTransformer.transform(CoverageTransformer.java:94)
	at java.instrument/java.lang.instrument.ClassFileTransformer.transform(ClassFileTransformer.java:257)
	at java.instrument/sun.instrument.TransformerManager.transform(TransformerManager.java:188)
	at java.instrument/sun.instrument.InstrumentationImpl.transform(InstrumentationImpl.java:594)
	at java.base/java.lang.ClassLoader.defineClass2(Native Method)
	at java.base/java.lang.ClassLoader.defineClass(ClassLoader.java:1052)
	at java.base/java.security.SecureClassLoader.defineClass(SecureClassLoader.java:164)
	at java.base/jdk.internal.loader.BuiltinClassLoader.defineClass(BuiltinClassLoader.java:735)
	at java.base/jdk.internal.loader.BuiltinClassLoader.findClassInModuleOrNull(BuiltinClassLoader.java:678)
	at java.base/jdk.internal.loader.BuiltinClassLoader.loadClassOrNull(BuiltinClassLoader.java:604)
	at java.base/jdk.internal.loader.BuiltinClassLoader.loadClass(BuiltinClassLoader.java:578)
	at java.base/java.lang.ClassLoader.loadClass(ClassLoader.java:490)
	at java.net.http/jdk.internal.net.http.websocket.TransportImpl.<init>(TransportImpl.java:78)
	at java.net.http/jdk.internal.net.http.websocket.TransportFactoryImpl.createTransport(TransportFactoryImpl.java:39)
	at java.net.http/jdk.internal.net.http.websocket.WebSocketImpl.<init>(WebSocketImpl.java:172)
	at java.net.http/jdk.internal.net.http.websocket.WebSocketImpl.newInstance(WebSocketImpl.java:152)
	at java.net.http/jdk.internal.net.http.websocket.WebSocketImpl.lambda$newInstanceAsync$0(WebSocketImpl.java:125)
	at java.base/java.util.concurrent.CompletableFuture$UniApply.tryFire(CompletableFuture.java:692)
	at java.base/java.util.concurrent.CompletableFuture.postComplete(CompletableFuture.java:556)
	at java.base/java.util.concurrent.CompletableFuture.postFire(CompletableFuture.java:660)
	at java.base/java.util.concurrent.CompletableFuture$UniWhenComplete.tryFire(CompletableFuture.java:890)
	at java.base/java.util.concurrent.CompletableFuture$Completion.exec(CompletableFuture.java:529)
	at java.base/java.util.concurrent.ForkJoinTask.doExec(ForkJoinTask.java:507)
	at java.base/java.util.concurrent.ForkJoinPool$WorkQueue.topLevelExec(ForkJoinPool.java:1394)
	at java.base/java.util.concurrent.ForkJoinPool.runWorker(ForkJoinPool.java:1970)
	at java.base/java.util.concurrent.ForkJoinWorkerThread.run(ForkJoinWorkerThread.java:187)
Caused by: java.io.IOException: Error while instrumenting jdk/internal/net/http/websocket/TransportImpl$ReadEvent with JaCoCo 0.8.11.202310140853/f33756c.
	at org.jacoco.agent.rt.internal_4742761.core.instr.Instrumenter.instrumentError(Instrumenter.java:161)
	at org.jacoco.agent.rt.internal_4742761.core.instr.Instrumenter.instrument(Instrumenter.java:111)
	at org.jacoco.agent.rt.internal_4742761.CoverageTransformer.transform(CoverageTransformer.java:92)
	... 25 more
Caused by: java.lang.IllegalArgumentException: Unsupported class file major version 68
	at org.jacoco.agent.rt.internal_4742761.asm.ClassReader.<init>(ClassReader.java:200)
	at org.jacoco.agent.rt.internal_4742761.asm.ClassReader.<init>(ClassReader.java:180)
	at org.jacoco.agent.rt.internal_4742761.asm.ClassReader.<init>(ClassReader.java:166)
	at org.jacoco.agent.rt.internal_4742761.core.internal.instr.InstrSupport.classReaderFor(InstrSupport.java:280)
	at org.jacoco.agent.rt.internal_4742761.core.instr.Instrumenter.instrument(Instrumenter.java:77)
	at org.jacoco.agent.rt.internal_4742761.core.instr.Instrumenter.instrument(Instrumenter.java:109)
	... 26 more
java.lang.instrument.IllegalClassFormatException: Error while instrumenting jdk/internal/net/http/websocket/TransportImpl$ChannelState with JaCoCo 0.8.11.202310140853/f33756c.
	at org.jacoco.agent.rt.internal_4742761.CoverageTransformer.transform(CoverageTransformer.java:94)
	at java.instrument/java.lang.instrument.ClassFileTransformer.transform(ClassFileTransformer.java:257)
	at java.instrument/sun.instrument.TransformerManager.transform(TransformerManager.java:188)
	at java.instrument/sun.instrument.InstrumentationImpl.transform(InstrumentationImpl.java:594)
	at java.base/java.lang.ClassLoader.defineClass2(Native Method)
	at java.base/java.lang.ClassLoader.defineClass(ClassLoader.java:1052)
	at java.base/java.security.SecureClassLoader.defineClass(SecureClassLoader.java:164)
	at java.base/jdk.internal.loader.BuiltinClassLoader.defineClass(BuiltinClassLoader.java:735)
	at java.base/jdk.internal.loader.BuiltinClassLoader.findClassInModuleOrNull(BuiltinClassLoader.java:678)
	at java.base/jdk.internal.loader.BuiltinClassLoader.loadClassOrNull(BuiltinClassLoader.java:604)
	at java.base/jdk.internal.loader.BuiltinClassLoader.loadClass(BuiltinClassLoader.java:578)
	at java.base/java.lang.ClassLoader.loadClass(ClassLoader.java:490)
	at java.net.http/jdk.internal.net.http.websocket.TransportImpl.<init>(TransportImpl.java:79)
	at java.net.http/jdk.internal.net.http.websocket.TransportFactoryImpl.createTransport(TransportFactoryImpl.java:39)
	at java.net.http/jdk.internal.net.http.websocket.WebSocketImpl.<init>(WebSocketImpl.java:172)
	at java.net.http/jdk.internal.net.http.websocket.WebSocketImpl.newInstance(WebSocketImpl.java:152)
	at java.net.http/jdk.internal.net.http.websocket.WebSocketImpl.lambda$newInstanceAsync$0(WebSocketImpl.java:125)
	at java.base/java.util.concurrent.CompletableFuture$UniApply.tryFire(CompletableFuture.java:692)
	at java.base/java.util.concurrent.CompletableFuture.postComplete(CompletableFuture.java:556)
	at java.base/java.util.concurrent.CompletableFuture.postFire(CompletableFuture.java:660)
	at java.base/java.util.concurrent.CompletableFuture$UniWhenComplete.tryFire(CompletableFuture.java:890)
	at java.base/java.util.concurrent.CompletableFuture$Completion.exec(CompletableFuture.java:529)
	at java.base/java.util.concurrent.ForkJoinTask.doExec(ForkJoinTask.java:507)
	at java.base/java.util.concurrent.ForkJoinPool$WorkQueue.topLevelExec(ForkJoinPool.java:1394)
	at java.base/java.util.concurrent.ForkJoinPool.runWorker(ForkJoinPool.java:1970)
	at java.base/java.util.concurrent.ForkJoinWorkerThread.run(ForkJoinWorkerThread.java:187)
Caused by: java.io.IOException: Error while instrumenting jdk/internal/net/http/websocket/TransportImpl$ChannelState with JaCoCo 0.8.11.202310140853/f33756c.
	at org.jacoco.agent.rt.internal_4742761.core.instr.Instrumenter.instrumentError(Instrumenter.java:161)
	at org.jacoco.agent.rt.internal_4742761.core.instr.Instrumenter.instrument(Instrumenter.java:111)
	at org.jacoco.agent.rt.internal_4742761.CoverageTransformer.transform(CoverageTransformer.java:92)
	... 25 more
Caused by: java.lang.IllegalArgumentException: Unsupported class file major version 68
	at org.jacoco.agent.rt.internal_4742761.asm.ClassReader.<init>(ClassReader.java:200)
	at org.jacoco.agent.rt.internal_4742761.asm.ClassReader.<init>(ClassReader.java:180)
	at org.jacoco.agent.rt.internal_4742761.asm.ClassReader.<init>(ClassReader.java:166)
	at org.jacoco.agent.rt.internal_4742761.core.internal.instr.InstrSupport.classReaderFor(InstrSupport.java:280)
	at org.jacoco.agent.rt.internal_4742761.core.instr.Instrumenter.instrument(Instrumenter.java:77)
	at org.jacoco.agent.rt.internal_4742761.core.instr.Instrumenter.instrument(Instrumenter.java:109)
	... 26 more
java.lang.instrument.IllegalClassFormatException: Error while instrumenting jdk/internal/net/http/websocket/MessageDecoder with JaCoCo 0.8.11.202310140853/f33756c.
	at org.jacoco.agent.rt.internal_4742761.CoverageTransformer.transform(CoverageTransformer.java:94)
	at java.instrument/java.lang.instrument.ClassFileTransformer.transform(ClassFileTransformer.java:257)
	at java.instrument/sun.instrument.TransformerManager.transform(TransformerManager.java:188)
	at java.instrument/sun.instrument.InstrumentationImpl.transform(InstrumentationImpl.java:594)
	at java.base/java.lang.ClassLoader.defineClass2(Native Method)
	at java.base/java.lang.ClassLoader.defineClass(ClassLoader.java:1052)
	at java.base/java.security.SecureClassLoader.defineClass(SecureClassLoader.java:164)
	at java.base/jdk.internal.loader.BuiltinClassLoader.defineClass(BuiltinClassLoader.java:735)
	at java.base/jdk.internal.loader.BuiltinClassLoader.findClassInModuleOrNull(BuiltinClassLoader.java:678)
	at java.base/jdk.internal.loader.BuiltinClassLoader.loadClassOrNull(BuiltinClassLoader.java:604)
	at java.base/jdk.internal.loader.BuiltinClassLoader.loadClass(BuiltinClassLoader.java:578)
	at java.base/java.lang.ClassLoader.loadClass(ClassLoader.java:490)
	at java.net.http/jdk.internal.net.http.websocket.TransportImpl.<init>(TransportImpl.java:91)
	at java.net.http/jdk.internal.net.http.websocket.TransportFactoryImpl.createTransport(TransportFactoryImpl.java:39)
	at java.net.http/jdk.internal.net.http.websocket.WebSocketImpl.<init>(WebSocketImpl.java:172)
	at java.net.http/jdk.internal.net.http.websocket.WebSocketImpl.newInstance(WebSocketImpl.java:152)
	at java.net.http/jdk.internal.net.http.websocket.WebSocketImpl.lambda$newInstanceAsync$0(WebSocketImpl.java:125)
	at java.base/java.util.concurrent.CompletableFuture$UniApply.tryFire(CompletableFuture.java:692)
	at java.base/java.util.concurrent.CompletableFuture.postComplete(CompletableFuture.java:556)
	at java.base/java.util.concurrent.CompletableFuture.postFire(CompletableFuture.java:660)
	at java.base/java.util.concurrent.CompletableFuture$UniWhenComplete.tryFire(CompletableFuture.java:890)
	at java.base/java.util.concurrent.CompletableFuture$Completion.exec(CompletableFuture.java:529)
	at java.base/java.util.concurrent.ForkJoinTask.doExec(ForkJoinTask.java:507)
	at java.base/java.util.concurrent.ForkJoinPool$WorkQueue.topLevelExec(ForkJoinPool.java:1394)
	at java.base/java.util.concurrent.ForkJoinPool.runWorker(ForkJoinPool.java:1970)
	at java.base/java.util.concurrent.ForkJoinWorkerThread.run(ForkJoinWorkerThread.java:187)
Caused by: java.io.IOException: Error while instrumenting jdk/internal/net/http/websocket/MessageDecoder with JaCoCo 0.8.11.202310140853/f33756c.
	at org.jacoco.agent.rt.internal_4742761.core.instr.Instrumenter.instrumentError(Instrumenter.java:161)
	at org.jacoco.agent.rt.internal_4742761.core.instr.Instrumenter.instrument(Instrumenter.java:111)
	at org.jacoco.agent.rt.internal_4742761.CoverageTransformer.transform(CoverageTransformer.java:92)
	... 25 more
Caused by: java.lang.IllegalArgumentException: Unsupported class file major version 68
	at org.jacoco.agent.rt.internal_4742761.asm.ClassReader.<init>(ClassReader.java:200)
	at org.jacoco.agent.rt.internal_4742761.asm.ClassReader.<init>(ClassReader.java:180)
	at org.jacoco.agent.rt.internal_4742761.asm.ClassReader.<init>(ClassReader.java:166)
	at org.jacoco.agent.rt.internal_4742761.core.internal.instr.InstrSupport.classReaderFor(InstrSupport.java:280)
	at org.jacoco.agent.rt.internal_4742761.core.instr.Instrumenter.instrument(Instrumenter.java:77)
	at org.jacoco.agent.rt.internal_4742761.core.instr.Instrumenter.instrument(Instrumenter.java:109)
	... 26 more
java.lang.instrument.IllegalClassFormatException: Error while instrumenting jdk/internal/net/http/websocket/Frame$Consumer with JaCoCo 0.8.11.202310140853/f33756c.
	at org.jacoco.agent.rt.internal_4742761.CoverageTransformer.transform(CoverageTransformer.java:94)
	at java.instrument/java.lang.instrument.ClassFileTransformer.transform(ClassFileTransformer.java:257)
	at java.instrument/sun.instrument.TransformerManager.transform(TransformerManager.java:188)
	at java.instrument/sun.instrument.InstrumentationImpl.transform(InstrumentationImpl.java:594)
	at java.base/java.lang.ClassLoader.defineClass2(Native Method)
	at java.base/java.lang.ClassLoader.defineClass(ClassLoader.java:1052)
	at java.base/java.security.SecureClassLoader.defineClass(SecureClassLoader.java:164)
	at java.base/jdk.internal.loader.BuiltinClassLoader.defineClass(BuiltinClassLoader.java:735)
	at java.base/jdk.internal.loader.BuiltinClassLoader.findClassInModuleOrNull(BuiltinClassLoader.java:678)
	at java.base/jdk.internal.loader.BuiltinClassLoader.loadClassOrNull(BuiltinClassLoader.java:604)
	at java.base/jdk.internal.loader.BuiltinClassLoader.loadClass(BuiltinClassLoader.java:578)
	at java.base/java.lang.ClassLoader.loadClass(ClassLoader.java:490)
	at java.base/java.lang.ClassLoader.defineClass2(Native Method)
	at java.base/java.lang.ClassLoader.defineClass(ClassLoader.java:1052)
	at java.base/java.security.SecureClassLoader.defineClass(SecureClassLoader.java:164)
	at java.base/jdk.internal.loader.BuiltinClassLoader.defineClass(BuiltinClassLoader.java:735)
	at java.base/jdk.internal.loader.BuiltinClassLoader.findClassInModuleOrNull(BuiltinClassLoader.java:678)
	at java.base/jdk.internal.loader.BuiltinClassLoader.loadClassOrNull(BuiltinClassLoader.java:604)
	at java.base/jdk.internal.loader.BuiltinClassLoader.loadClass(BuiltinClassLoader.java:578)
	at java.base/java.lang.ClassLoader.loadClass(ClassLoader.java:490)
	at java.net.http/jdk.internal.net.http.websocket.TransportImpl.<init>(TransportImpl.java:91)
	at java.net.http/jdk.internal.net.http.websocket.TransportFactoryImpl.createTransport(TransportFactoryImpl.java:39)
	at java.net.http/jdk.internal.net.http.websocket.WebSocketImpl.<init>(WebSocketImpl.java:172)
	at java.net.http/jdk.internal.net.http.websocket.WebSocketImpl.newInstance(WebSocketImpl.java:152)
	at java.net.http/jdk.internal.net.http.websocket.WebSocketImpl.lambda$newInstanceAsync$0(WebSocketImpl.java:125)
	at java.base/java.util.concurrent.CompletableFuture$UniApply.tryFire(CompletableFuture.java:692)
	at java.base/java.util.concurrent.CompletableFuture.postComplete(CompletableFuture.java:556)
	at java.base/java.util.concurrent.CompletableFuture.postFire(CompletableFuture.java:660)
	at java.base/java.util.concurrent.CompletableFuture$UniWhenComplete.tryFire(CompletableFuture.java:890)
	at java.base/java.util.concurrent.CompletableFuture$Completion.exec(CompletableFuture.java:529)
	at java.base/java.util.concurrent.ForkJoinTask.doExec(ForkJoinTask.java:507)
	at java.base/java.util.concurrent.ForkJoinPool$WorkQueue.topLevelExec(ForkJoinPool.java:1394)
	at java.base/java.util.concurrent.ForkJoinPool.runWorker(ForkJoinPool.java:1970)
	at java.base/java.util.concurrent.ForkJoinWorkerThread.run(ForkJoinWorkerThread.java:187)
Caused by: java.io.IOException: Error while instrumenting jdk/internal/net/http/websocket/Frame$Consumer with JaCoCo 0.8.11.202310140853/f33756c.
	at org.jacoco.agent.rt.internal_4742761.core.instr.Instrumenter.instrumentError(Instrumenter.java:161)
	at org.jacoco.agent.rt.internal_4742761.core.instr.Instrumenter.instrument(Instrumenter.java:111)
	at org.jacoco.agent.rt.internal_4742761.CoverageTransformer.transform(CoverageTransformer.java:92)
	... 33 more
Caused by: java.lang.IllegalArgumentException: Unsupported class file major version 68
	at org.jacoco.agent.rt.internal_4742761.asm.ClassReader.<init>(ClassReader.java:200)
	at org.jacoco.agent.rt.internal_4742761.asm.ClassReader.<init>(ClassReader.java:180)
	at org.jacoco.agent.rt.internal_4742761.asm.ClassReader.<init>(ClassReader.java:166)
	at org.jacoco.agent.rt.internal_4742761.core.internal.instr.InstrSupport.classReaderFor(InstrSupport.java:280)
	at org.jacoco.agent.rt.internal_4742761.core.instr.Instrumenter.instrument(Instrumenter.java:77)
	at org.jacoco.agent.rt.internal_4742761.core.instr.Instrumenter.instrument(Instrumenter.java:109)
	... 34 more
java.lang.instrument.IllegalClassFormatException: Error while instrumenting jdk/internal/net/http/websocket/UTF8AccumulatingDecoder with JaCoCo 0.8.11.202310140853/f33756c.
	at org.jacoco.agent.rt.internal_4742761.CoverageTransformer.transform(CoverageTransformer.java:94)
	at java.instrument/java.lang.instrument.ClassFileTransformer.transform(ClassFileTransformer.java:257)
	at java.instrument/sun.instrument.TransformerManager.transform(TransformerManager.java:188)
	at java.instrument/sun.instrument.InstrumentationImpl.transform(InstrumentationImpl.java:594)
	at java.base/java.lang.ClassLoader.defineClass2(Native Method)
	at java.base/java.lang.ClassLoader.defineClass(ClassLoader.java:1052)
	at java.base/java.security.SecureClassLoader.defineClass(SecureClassLoader.java:164)
	at java.base/jdk.internal.loader.BuiltinClassLoader.defineClass(BuiltinClassLoader.java:735)
	at java.base/jdk.internal.loader.BuiltinClassLoader.findClassInModuleOrNull(BuiltinClassLoader.java:678)
	at java.base/jdk.internal.loader.BuiltinClassLoader.loadClassOrNull(BuiltinClassLoader.java:604)
	at java.base/jdk.internal.loader.BuiltinClassLoader.loadClass(BuiltinClassLoader.java:578)
	at java.base/java.lang.ClassLoader.loadClass(ClassLoader.java:490)
	at java.net.http/jdk.internal.net.http.websocket.MessageDecoder.<init>(MessageDecoder.java:57)
	at java.net.http/jdk.internal.net.http.websocket.MessageDecoder.<init>(MessageDecoder.java:67)
	at java.net.http/jdk.internal.net.http.websocket.TransportImpl.<init>(TransportImpl.java:91)
	at java.net.http/jdk.internal.net.http.websocket.TransportFactoryImpl.createTransport(TransportFactoryImpl.java:39)
	at java.net.http/jdk.internal.net.http.websocket.WebSocketImpl.<init>(WebSocketImpl.java:172)
	at java.net.http/jdk.internal.net.http.websocket.WebSocketImpl.newInstance(WebSocketImpl.java:152)
	at java.net.http/jdk.internal.net.http.websocket.WebSocketImpl.lambda$newInstanceAsync$0(WebSocketImpl.java:125)
	at java.base/java.util.concurrent.CompletableFuture$UniApply.tryFire(CompletableFuture.java:692)
	at java.base/java.util.concurrent.CompletableFuture.postComplete(CompletableFuture.java:556)
	at java.base/java.util.concurrent.CompletableFuture.postFire(CompletableFuture.java:660)
	at java.base/java.util.concurrent.CompletableFuture$UniWhenComplete.tryFire(CompletableFuture.java:890)
	at java.base/java.util.concurrent.CompletableFuture$Completion.exec(CompletableFuture.java:529)
	at java.base/java.util.concurrent.ForkJoinTask.doExec(ForkJoinTask.java:507)
	at java.base/java.util.concurrent.ForkJoinPool$WorkQueue.topLevelExec(ForkJoinPool.java:1394)
	at java.base/java.util.concurrent.ForkJoinPool.runWorker(ForkJoinPool.java:1970)
	at java.base/java.util.concurrent.ForkJoinWorkerThread.run(ForkJoinWorkerThread.java:187)
Caused by: java.io.IOException: Error while instrumenting jdk/internal/net/http/websocket/UTF8AccumulatingDecoder with JaCoCo 0.8.11.202310140853/f33756c.
	at org.jacoco.agent.rt.internal_4742761.core.instr.Instrumenter.instrumentError(Instrumenter.java:161)
	at org.jacoco.agent.rt.internal_4742761.core.instr.Instrumenter.instrument(Instrumenter.java:111)
	at org.jacoco.agent.rt.internal_4742761.CoverageTransformer.transform(CoverageTransformer.java:92)
	... 27 more
Caused by: java.lang.IllegalArgumentException: Unsupported class file major version 68
	at org.jacoco.agent.rt.internal_4742761.asm.ClassReader.<init>(ClassReader.java:200)
	at org.jacoco.agent.rt.internal_4742761.asm.ClassReader.<init>(ClassReader.java:180)
	at org.jacoco.agent.rt.internal_4742761.asm.ClassReader.<init>(ClassReader.java:166)
	at org.jacoco.agent.rt.internal_4742761.core.internal.instr.InstrSupport.classReaderFor(InstrSupport.java:280)
	at org.jacoco.agent.rt.internal_4742761.core.instr.Instrumenter.instrument(Instrumenter.java:77)
	at org.jacoco.agent.rt.internal_4742761.core.instr.Instrumenter.instrument(Instrumenter.java:109)
	... 28 more
java.lang.instrument.IllegalClassFormatException: Error while instrumenting jdk/internal/net/http/websocket/TransportImpl$ReceiveTask with JaCoCo 0.8.11.202310140853/f33756c.
	at org.jacoco.agent.rt.internal_4742761.CoverageTransformer.transform(CoverageTransformer.java:94)
	at java.instrument/java.lang.instrument.ClassFileTransformer.transform(ClassFileTransformer.java:257)
	at java.instrument/sun.instrument.TransformerManager.transform(TransformerManager.java:188)
	at java.instrument/sun.instrument.InstrumentationImpl.transform(InstrumentationImpl.java:594)
	at java.base/java.lang.ClassLoader.defineClass2(Native Method)
	at java.base/java.lang.ClassLoader.defineClass(ClassLoader.java:1052)
	at java.base/java.security.SecureClassLoader.defineClass(SecureClassLoader.java:164)
	at java.base/jdk.internal.loader.BuiltinClassLoader.defineClass(BuiltinClassLoader.java:735)
	at java.base/jdk.internal.loader.BuiltinClassLoader.findClassInModuleOrNull(BuiltinClassLoader.java:678)
	at java.base/jdk.internal.loader.BuiltinClassLoader.loadClassOrNull(BuiltinClassLoader.java:604)
	at java.base/jdk.internal.loader.BuiltinClassLoader.loadClass(BuiltinClassLoader.java:578)
	at java.base/java.lang.ClassLoader.loadClass(ClassLoader.java:490)
	at java.net.http/jdk.internal.net.http.websocket.TransportImpl.<init>(TransportImpl.java:96)
	at java.net.http/jdk.internal.net.http.websocket.TransportFactoryImpl.createTransport(TransportFactoryImpl.java:39)
	at java.net.http/jdk.internal.net.http.websocket.WebSocketImpl.<init>(WebSocketImpl.java:172)
	at java.net.http/jdk.internal.net.http.websocket.WebSocketImpl.newInstance(WebSocketImpl.java:152)
	at java.net.http/jdk.internal.net.http.websocket.WebSocketImpl.lambda$newInstanceAsync$0(WebSocketImpl.java:125)
	at java.base/java.util.concurrent.CompletableFuture$UniApply.tryFire(CompletableFuture.java:692)
	at java.base/java.util.concurrent.CompletableFuture.postComplete(CompletableFuture.java:556)
	at java.base/java.util.concurrent.CompletableFuture.postFire(CompletableFuture.java:660)
	at java.base/java.util.concurrent.CompletableFuture$UniWhenComplete.tryFire(CompletableFuture.java:890)
	at java.base/java.util.concurrent.CompletableFuture$Completion.exec(CompletableFuture.java:529)
	at java.base/java.util.concurrent.ForkJoinTask.doExec(ForkJoinTask.java:507)
	at java.base/java.util.concurrent.ForkJoinPool$WorkQueue.topLevelExec(ForkJoinPool.java:1394)
	at java.base/java.util.concurrent.ForkJoinPool.runWorker(ForkJoinPool.java:1970)
	at java.base/java.util.concurrent.ForkJoinWorkerThread.run(ForkJoinWorkerThread.java:187)
Caused by: java.io.IOException: Error while instrumenting jdk/internal/net/http/websocket/TransportImpl$ReceiveTask with JaCoCo 0.8.11.202310140853/f33756c.
	at org.jacoco.agent.rt.internal_4742761.core.instr.Instrumenter.instrumentError(Instrumenter.java:161)
	at org.jacoco.agent.rt.internal_4742761.core.instr.Instrumenter.instrument(Instrumenter.java:111)
	at org.jacoco.agent.rt.internal_4742761.CoverageTransformer.transform(CoverageTransformer.java:92)
	... 25 more
Caused by: java.lang.IllegalArgumentException: Unsupported class file major version 68
	at org.jacoco.agent.rt.internal_4742761.asm.ClassReader.<init>(ClassReader.java:200)
	at org.jacoco.agent.rt.internal_4742761.asm.ClassReader.<init>(ClassReader.java:180)
	at org.jacoco.agent.rt.internal_4742761.asm.ClassReader.<init>(ClassReader.java:166)
	at org.jacoco.agent.rt.internal_4742761.core.internal.instr.InstrSupport.classReaderFor(InstrSupport.java:280)
	at org.jacoco.agent.rt.internal_4742761.core.instr.Instrumenter.instrument(Instrumenter.java:77)
	at org.jacoco.agent.rt.internal_4742761.core.instr.Instrumenter.instrument(Instrumenter.java:109)
	... 26 more
Jun 05, 2025 12:25:16 AM org.openqa.selenium.remote.http.WebSocket$Listener onError
WARNING: Connection reset
java.net.SocketException: Connection reset
	at java.base/sun.nio.ch.SocketChannelImpl.throwConnectionReset(SocketChannelImpl.java:399)
	at java.base/sun.nio.ch.SocketChannelImpl.implRead(SocketChannelImpl.java:431)
	at java.base/sun.nio.ch.SocketChannelImpl.read(SocketChannelImpl.java:489)
	at java.net.http/jdk.internal.net.http.SocketTube.readAvailable(SocketTube.java:1216)
	at java.net.http/jdk.internal.net.http.SocketTube$InternalReadPublisher$InternalReadSubscription.read(SocketTube.java:872)
	at java.net.http/jdk.internal.net.http.SocketTube$SocketFlowTask.run(SocketTube.java:182)
	at java.net.http/jdk.internal.net.http.common.SequentialScheduler$SchedulableTask.run(SequentialScheduler.java:207)
	at java.net.http/jdk.internal.net.http.common.SequentialScheduler.runOrSchedule(SequentialScheduler.java:280)
	at java.net.http/jdk.internal.net.http.common.SequentialScheduler.runOrSchedule(SequentialScheduler.java:233)
	at java.net.http/jdk.internal.net.http.SocketTube$InternalReadPublisher$InternalReadSubscription.signalReadable(SocketTube.java:813)
	at java.net.http/jdk.internal.net.http.SocketTube$InternalReadPublisher$ReadEvent.signalEvent(SocketTube.java:1003)
	at java.net.http/jdk.internal.net.http.SocketTube$SocketFlowEvent.handle(SocketTube.java:254)
	at java.net.http/jdk.internal.net.http.HttpClientImpl$SelectorManager.handleEvent(HttpClientImpl.java:1439)
	at java.net.http/jdk.internal.net.http.HttpClientImpl$SelectorManager.lambda$run$3(HttpClientImpl.java:1384)
	at java.base/java.util.ArrayList.forEach(ArrayList.java:1604)
	at java.net.http/jdk.internal.net.http.HttpClientImpl$SelectorManager.run(HttpClientImpl.java:1384)

]]></system-err>
  </testcase>
</testsuite>