<?xml version="1.0" encoding="UTF-8"?>
<!-- Generated by org.testng.reporters.JUnitReportReporter -->
<testsuite hostname="Lenovo-Ideapad" failures="0" tests="1" name="TestRunner.Run" time="5.211" errors="0" timestamp="2025-06-05T22:58:16 IST" skipped="0">
  <testcase classname="TestRunner.Run" name="runScenario" time="5.211"/>
</testsuite> <!-- TestRunner.Run -->
